<?xml version="1.0" encoding="UTF-8"?>
<!--
  ~ Copyright ish group pty ltd. All rights reserved. https://www.ish.com.au
  ~ No copying or use of this code is allowed without permission in writing from ish.
  -->

<dataset>
    <!-- Country -->
    <Country ID="1" ISOCODEALPHA3="AU" ISOCODENUMERIC="123" NAME="Australia" SACCCODE="1101"/>
    <Country ID="2" ISOCODEALPHA3="USA" ISOCODENUMERIC="840" NAME="United States of America" SACCCODE="8104"/>
    <Country ID="3" ISOCODEALPHA3="POL" ISOCODENUMERIC="616" NAME="Poland" SACCCODE="3307"/>

    <!-- LANGUAGE -->
    <Language ABSCODE="1201" ISACTIVE="1" ID="206" NAME="England" />
    <Language  ABSCODE="3402" ISACTIVE="1" ID="756" NAME="Russian" />
    <Language  ABSCODE="8000" ISACTIVE="1" ID="1178" NAME="Aboriginal" />
    <Language  ABSCODE="3401" ISACTIVE="1" ID="358" NAME="Belorussian" />

    <!-- SITE -->
    <Site CREATEDON="2018-11-29 00:42:49.171000000" MODIFIEDON="2018-11-29 00:42:49.171000000" NAME="site1" STREET="Frome Rd" SUBURB="Adelaide" STATE="SA" POSTCODENEW="5000" LONGITUDE="138.60569150" LATITUDE="-34.91638480" ISADMINISTRATIONCENTRE="0" ISSHOWNONWEB="0" LOCALTIMEZONE="Australia/Sydney" ISVIRTUAL="0" ID="201" COUNTRYID="1"/>
    <Site CREATEDON="2012-06-20 10:27:51.0" MODIFIEDON="2018-11-30 23:31:19.350000000" NAME="Default site" ISADMINISTRATIONCENTRE="1" ISSHOWNONWEB="0" LOCALTIMEZONE="Australia/Brisbane" ISVIRTUAL="0" ID="200" COUNTRYID="1"/>
    <Site CREATEDON="2012-06-20 10:27:51.0" MODIFIEDON="2018-11-30 23:31:19.350000000" NAME="Default site 2" ISADMINISTRATIONCENTRE="1" ISSHOWNONWEB="0" LOCALTIMEZONE="Australia/Brisbane" ISVIRTUAL="0" ID="202" COUNTRYID="1"/>
    <Site CREATEDON="2012-06-20 10:27:51.0" MODIFIEDON="2018-11-30 23:31:19.350000000" NAME="Default site 3" STREET="Frome Rd" SUBURB="Adelaide" STATE="SA" POSTCODENEW="5001" LONGITUDE="133.60569151" LATITUDE="-36.91638485" ISADMINISTRATIONCENTRE="1" ISSHOWNONWEB="0" LOCALTIMEZONE="Australia/Sydney" ISVIRTUAL="0" ID="203" COUNTRYID="1"/>

    <!-- ACCOUNTTRANSACTION -->
    <AccountTransaction ACCOUNTID="12" AMOUNT="1800.00" CREATEDON="2018-11-29 01:01:15.458000000" FOREIGNRECORDID="1" MODIFIEDON="2018-11-29 01:01:15.458000000" TABLENAME="P" ID="1" TRANSACTIONDATE="2018-11-29"/>
    <AccountTransaction ACCOUNTID="2" AMOUNT="-1800.00" CREATEDON="2018-11-29 01:01:15.458000000" FOREIGNRECORDID="1" MODIFIEDON="2018-11-29 01:01:15.458000000" TABLENAME="P" ID="2" TRANSACTIONDATE="2018-11-29"/>
    <AccountTransaction ACCOUNTID="2" AMOUNT="45.45" CREATEDON="2018-11-29 01:01:15.846000000" FOREIGNRECORDID="3" MODIFIEDON="2018-11-29 01:01:15.846000000" TABLENAME="I" ID="3" TRANSACTIONDATE="2018-11-29"/>
    <AccountTransaction ACCOUNTID="6" AMOUNT="45.45" CREATEDON="2018-11-29 01:01:15.846000000" FOREIGNRECORDID="3" MODIFIEDON="2018-11-29 01:01:15.846000000" TABLENAME="I" ID="4" TRANSACTIONDATE="2018-11-29"/>
    <AccountTransaction ACCOUNTID="2" AMOUNT="454.55" CREATEDON="2018-11-29 01:01:15.852000000" FOREIGNRECORDID="3" MODIFIEDON="2018-11-29 01:01:15.852000000" TABLENAME="I" ID="5" TRANSACTIONDATE="2018-11-29"/>
    <AccountTransaction ACCOUNTID="4" AMOUNT="454.55" CREATEDON="2018-11-29 01:01:15.852000000" FOREIGNRECORDID="3" MODIFIEDON="2018-11-29 01:01:15.852000000" TABLENAME="I" ID="6" TRANSACTIONDATE="2018-11-29"/>
    <AccountTransaction ACCOUNTID="2" AMOUNT="54.55" CREATEDON="2018-11-29 01:01:15.898000000" FOREIGNRECORDID="1" MODIFIEDON="2018-11-29 01:01:15.898000000" TABLENAME="I" ID="7" TRANSACTIONDATE="2018-11-29"/>
    <AccountTransaction ACCOUNTID="6" AMOUNT="54.55" CREATEDON="2018-11-29 01:01:15.898000000" FOREIGNRECORDID="1" MODIFIEDON="2018-11-29 01:01:15.898000000" TABLENAME="I" ID="8" TRANSACTIONDATE="2018-11-29"/>
    <AccountTransaction ACCOUNTID="2" AMOUNT="545.45" CREATEDON="2018-11-29 01:01:15.913000000" FOREIGNRECORDID="1" MODIFIEDON="2018-11-29 01:01:15.913000000" TABLENAME="I" ID="9" TRANSACTIONDATE="2018-11-29"/>
    <AccountTransaction ACCOUNTID="4" AMOUNT="545.45" CREATEDON="2018-11-29 01:01:15.913000000" FOREIGNRECORDID="1" MODIFIEDON="2018-11-29 01:01:15.913000000" TABLENAME="I" ID="10" TRANSACTIONDATE="2018-11-29"/>
    <AccountTransaction ACCOUNTID="6" AMOUNT="63.64" CREATEDON="2018-11-29 01:01:15.951000000" FOREIGNRECORDID="2" MODIFIEDON="2018-11-29 01:01:15.951000000" TABLENAME="I" ID="11" TRANSACTIONDATE="2018-11-29"/>
    <AccountTransaction ACCOUNTID="2" AMOUNT="63.64" CREATEDON="2018-11-29 01:01:15.951000000" FOREIGNRECORDID="2" MODIFIEDON="2018-11-29 01:01:15.951000000" TABLENAME="I" ID="12" TRANSACTIONDATE="2018-11-29"/>
    <AccountTransaction ACCOUNTID="4" AMOUNT="636.36" CREATEDON="2018-11-29 01:01:15.961000000" FOREIGNRECORDID="2" MODIFIEDON="2018-11-29 01:01:15.961000000" TABLENAME="I" ID="13" TRANSACTIONDATE="2018-11-29"/>
    <AccountTransaction ACCOUNTID="2" AMOUNT="636.36" CREATEDON="2018-11-29 01:01:15.961000000" FOREIGNRECORDID="2" MODIFIEDON="2018-11-29 01:01:15.961000000" TABLENAME="I" ID="14" TRANSACTIONDATE="2018-11-29"/>
    <AccountTransaction ACCOUNTID="2" AMOUNT="-1800.00" CREATEDON="2018-11-29 01:03:36.53000000" FOREIGNRECORDID="2" MODIFIEDON="2018-11-29 01:03:36.53000000" TABLENAME="P" ID="15" TRANSACTIONDATE="2018-11-29"/>
    <AccountTransaction ACCOUNTID="12" AMOUNT="1800.00" CREATEDON="2018-11-29 01:03:36.53000000" FOREIGNRECORDID="2" MODIFIEDON="2018-11-29 01:03:36.53000000" TABLENAME="P" ID="16" TRANSACTIONDATE="2018-11-29"/>
    <AccountTransaction ACCOUNTID="6" AMOUNT="45.45" CREATEDON="2018-11-29 01:03:36.371000000" FOREIGNRECORDID="6" MODIFIEDON="2018-11-29 01:03:36.371000000" TABLENAME="I" ID="17" TRANSACTIONDATE="2018-11-29"/>
    <AccountTransaction ACCOUNTID="2" AMOUNT="45.45" CREATEDON="2018-11-29 01:03:36.371000000" FOREIGNRECORDID="6" MODIFIEDON="2018-11-29 01:03:36.371000000" TABLENAME="I" ID="18" TRANSACTIONDATE="2018-11-29"/>
    <AccountTransaction ACCOUNTID="4" AMOUNT="454.55" CREATEDON="2018-11-29 01:03:36.384000000" FOREIGNRECORDID="6" MODIFIEDON="2018-11-29 01:03:36.384000000" TABLENAME="I" ID="19" TRANSACTIONDATE="2018-11-29"/>
    <AccountTransaction ACCOUNTID="2" AMOUNT="454.55" CREATEDON="2018-11-29 01:03:36.384000000" FOREIGNRECORDID="6" MODIFIEDON="2018-11-29 01:03:36.384000000" TABLENAME="I" ID="20" TRANSACTIONDATE="2018-11-29"/>
    <AccountTransaction ACCOUNTID="2" AMOUNT="54.55" CREATEDON="2018-11-29 01:03:36.437000000" FOREIGNRECORDID="5" MODIFIEDON="2018-11-29 01:03:36.437000000" TABLENAME="I" ID="21" TRANSACTIONDATE="2018-11-29"/>
    <AccountTransaction ACCOUNTID="6" AMOUNT="54.55" CREATEDON="2018-11-29 01:03:36.437000000" FOREIGNRECORDID="5" MODIFIEDON="2018-11-29 01:03:36.437000000" TABLENAME="I" ID="22" TRANSACTIONDATE="2018-11-29"/>
    <AccountTransaction ACCOUNTID="4" AMOUNT="545.45" CREATEDON="2018-11-29 01:03:36.450000000" FOREIGNRECORDID="5" MODIFIEDON="2018-11-29 01:03:36.450000000" TABLENAME="I" ID="23" TRANSACTIONDATE="2018-11-29"/>
    <AccountTransaction ACCOUNTID="2" AMOUNT="545.45" CREATEDON="2018-11-29 01:03:36.450000000" FOREIGNRECORDID="5" MODIFIEDON="2018-11-29 01:03:36.450000000" TABLENAME="I" ID="24" TRANSACTIONDATE="2018-11-29"/>
    <AccountTransaction ACCOUNTID="2" AMOUNT="63.64" CREATEDON="2018-11-29 01:03:36.490000000" FOREIGNRECORDID="4" MODIFIEDON="2018-11-29 01:03:36.490000000" TABLENAME="I" ID="25" TRANSACTIONDATE="2018-11-29"/>
    <AccountTransaction ACCOUNTID="6" AMOUNT="63.64" CREATEDON="2018-11-29 01:03:36.490000000" FOREIGNRECORDID="4" MODIFIEDON="2018-11-29 01:03:36.490000000" TABLENAME="I" ID="26" TRANSACTIONDATE="2018-11-29"/>
    <AccountTransaction ACCOUNTID="4" AMOUNT="636.36" CREATEDON="2018-11-29 01:03:36.500000000" FOREIGNRECORDID="4" MODIFIEDON="2018-11-29 01:03:36.500000000" TABLENAME="I" ID="27" TRANSACTIONDATE="2018-11-29"/>
    <AccountTransaction ACCOUNTID="2" AMOUNT="636.36" CREATEDON="2018-11-29 01:03:36.500000000" FOREIGNRECORDID="4" MODIFIEDON="2018-11-29 01:03:36.500000000" TABLENAME="I" ID="28" TRANSACTIONDATE="2018-11-29"/>
    <AccountTransaction ACCOUNTID="7" AMOUNT="454.55" CREATEDON="2018-11-30 23:29:27.287000000" FOREIGNRECORDID="3" MODIFIEDON="2018-11-30 23:29:27.287000000" TABLENAME="I" ID="101" TRANSACTIONDATE="2018-11-29"/>
    <AccountTransaction ACCOUNTID="4" AMOUNT="-454.55" CREATEDON="2018-11-30 23:29:27.287000000" FOREIGNRECORDID="3" MODIFIEDON="2018-11-30 23:29:27.287000000" TABLENAME="I" ID="102" TRANSACTIONDATE="2018-11-29"/>
    <AccountTransaction ACCOUNTID="7" AMOUNT="454.55" CREATEDON="2018-11-30 23:29:27.484000000" FOREIGNRECORDID="6" MODIFIEDON="2018-11-30 23:29:27.484000000" TABLENAME="I" ID="103" TRANSACTIONDATE="2018-11-29"/>
    <AccountTransaction ACCOUNTID="4" AMOUNT="-454.55" CREATEDON="2018-11-30 23:29:27.484000000" FOREIGNRECORDID="6" MODIFIEDON="2018-11-30 23:29:27.484000000" TABLENAME="I" ID="104" TRANSACTIONDATE="2018-11-29"/>
    <AccountTransaction ACCOUNTID="12" AMOUNT="1800.00" CREATEDON="2018-11-30 23:31:19.652000000" FOREIGNRECORDID="101" MODIFIEDON="2018-11-30 23:31:19.652000000" TABLENAME="P" ID="105" TRANSACTIONDATE="2018-11-30"/>
    <AccountTransaction ACCOUNTID="2" AMOUNT="-1800.00" CREATEDON="2018-11-30 23:31:19.652000000" FOREIGNRECORDID="101" MODIFIEDON="2018-11-30 23:31:19.652000000" TABLENAME="P" ID="106" TRANSACTIONDATE="2018-11-30"/>
    <AccountTransaction ACCOUNTID="2" AMOUNT="45.45" CREATEDON="2018-11-30 23:31:20.129000000" FOREIGNRECORDID="102" MODIFIEDON="2018-11-30 23:31:20.129000000" TABLENAME="I" ID="107" TRANSACTIONDATE="2018-11-30"/>
    <AccountTransaction ACCOUNTID="6" AMOUNT="45.45" CREATEDON="2018-11-30 23:31:20.129000000" FOREIGNRECORDID="102" MODIFIEDON="2018-11-30 23:31:20.129000000" TABLENAME="I" ID="108" TRANSACTIONDATE="2018-11-30"/>
    <AccountTransaction ACCOUNTID="2" AMOUNT="454.55" CREATEDON="2018-11-30 23:31:20.136000000" FOREIGNRECORDID="102" MODIFIEDON="2018-11-30 23:31:20.136000000" TABLENAME="I" ID="109" TRANSACTIONDATE="2018-11-30"/>
    <AccountTransaction ACCOUNTID="4" AMOUNT="454.55" CREATEDON="2018-11-30 23:31:20.136000000" FOREIGNRECORDID="102" MODIFIEDON="2018-11-30 23:31:20.136000000" TABLENAME="I" ID="110" TRANSACTIONDATE="2018-11-30"/>
    <AccountTransaction ACCOUNTID="6" AMOUNT="54.55" CREATEDON="2018-11-30 23:31:20.211000000" FOREIGNRECORDID="101" MODIFIEDON="2018-11-30 23:31:20.211000000" TABLENAME="I" ID="111" TRANSACTIONDATE="2018-11-30"/>
    <AccountTransaction ACCOUNTID="2" AMOUNT="54.55" CREATEDON="2018-11-30 23:31:20.211000000" FOREIGNRECORDID="101" MODIFIEDON="2018-11-30 23:31:20.211000000" TABLENAME="I" ID="112" TRANSACTIONDATE="2018-11-30"/>
    <AccountTransaction ACCOUNTID="2" AMOUNT="545.45" CREATEDON="2018-11-30 23:31:20.219000000" FOREIGNRECORDID="101" MODIFIEDON="2018-11-30 23:31:20.219000000" TABLENAME="I" ID="113" TRANSACTIONDATE="2018-11-30"/>
    <AccountTransaction ACCOUNTID="4" AMOUNT="545.45" CREATEDON="2018-11-30 23:31:20.219000000" FOREIGNRECORDID="101" MODIFIEDON="2018-11-30 23:31:20.219000000" TABLENAME="I" ID="114" TRANSACTIONDATE="2018-11-30"/>
    <AccountTransaction ACCOUNTID="6" AMOUNT="63.64" CREATEDON="2018-11-30 23:31:20.289000000" FOREIGNRECORDID="103" MODIFIEDON="2018-11-30 23:31:20.289000000" TABLENAME="I" ID="115" TRANSACTIONDATE="2018-11-30"/>
    <AccountTransaction ACCOUNTID="2" AMOUNT="63.64" CREATEDON="2018-11-30 23:31:20.289000000" FOREIGNRECORDID="103" MODIFIEDON="2018-11-30 23:31:20.289000000" TABLENAME="I" ID="116" TRANSACTIONDATE="2018-11-30"/>
    <AccountTransaction ACCOUNTID="2" AMOUNT="636.36" CREATEDON="2018-11-30 23:31:20.299000000" FOREIGNRECORDID="103" MODIFIEDON="2018-11-30 23:31:20.299000000" TABLENAME="I" ID="117" TRANSACTIONDATE="2018-11-30"/>
    <AccountTransaction ACCOUNTID="4" AMOUNT="636.36" CREATEDON="2018-11-30 23:31:20.299000000" FOREIGNRECORDID="103" MODIFIEDON="2018-11-30 23:31:20.299000000" TABLENAME="I" ID="118" TRANSACTIONDATE="2018-11-30"/>
    <AccountTransaction ACCOUNTID="4" AMOUNT="-54.55" CREATEDON="2018-12-05 04:40:51.537000000" FOREIGNRECORDID="1" MODIFIEDON="2018-12-05 04:40:51.537000000" TABLENAME="I" ID="201" TRANSACTIONDATE="2018-12-04"/>
    <AccountTransaction ACCOUNTID="7" AMOUNT="54.55" CREATEDON="2018-12-05 04:40:51.537000000" FOREIGNRECORDID="1" MODIFIEDON="2018-12-05 04:40:51.537000000" TABLENAME="I" ID="202" TRANSACTIONDATE="2018-12-04"/>
    <AccountTransaction ACCOUNTID="4" AMOUNT="-54.55" CREATEDON="2018-12-05 04:40:51.788000000" FOREIGNRECORDID="5" MODIFIEDON="2018-12-05 04:40:51.788000000" TABLENAME="I" ID="203" TRANSACTIONDATE="2018-12-04"/>
    <AccountTransaction ACCOUNTID="7" AMOUNT="54.55" CREATEDON="2018-12-05 04:40:51.788000000" FOREIGNRECORDID="5" MODIFIEDON="2018-12-05 04:40:51.788000000" TABLENAME="I" ID="204" TRANSACTIONDATE="2018-12-04"/>
    <AccountTransaction ACCOUNTID="7" AMOUNT="54.55" CREATEDON="2018-12-05 04:40:51.877000000" FOREIGNRECORDID="101" MODIFIEDON="2018-12-05 04:40:51.877000000" TABLENAME="I" ID="205" TRANSACTIONDATE="2018-12-04"/>
    <AccountTransaction ACCOUNTID="4" AMOUNT="-54.55" CREATEDON="2018-12-05 04:40:51.877000000" FOREIGNRECORDID="101" MODIFIEDON="2018-12-05 04:40:51.877000000" TABLENAME="I" ID="206" TRANSACTIONDATE="2018-12-04"/>
    <AccountTransaction ACCOUNTID="4" AMOUNT="-454.55" CREATEDON="2018-12-05 04:40:51.914000000" FOREIGNRECORDID="102" MODIFIEDON="2018-12-05 04:40:51.914000000" TABLENAME="I" ID="207" TRANSACTIONDATE="2018-12-04"/>
    <AccountTransaction ACCOUNTID="7" AMOUNT="454.55" CREATEDON="2018-12-05 04:40:51.914000000" FOREIGNRECORDID="102" MODIFIEDON="2018-12-05 04:40:51.914000000" TABLENAME="I" ID="208" TRANSACTIONDATE="2018-12-04"/>
    <AccountTransaction ACCOUNTID="2" AMOUNT="-350.00" CREATEDON="2019-04-12 22:32:52.645000000" FOREIGNRECORDID="1000" MODIFIEDON="2019-04-12 22:32:52.645000000" TABLENAME="P" ID="209" TRANSACTIONDATE="2019-04-12"/>
    <AccountTransaction ACCOUNTID="12" AMOUNT="350.00" CREATEDON="2019-04-12 22:32:52.645000000" FOREIGNRECORDID="1000" MODIFIEDON="2019-04-12 22:32:52.645000000" TABLENAME="P" ID="210" TRANSACTIONDATE="2019-04-12"/>
    <AccountTransaction ACCOUNTID="2" AMOUNT="31.82" CREATEDON="2019-04-12 22:32:52.877000000" FOREIGNRECORDID="1000" MODIFIEDON="2019-04-12 22:32:52.877000000" TABLENAME="I" ID="211" TRANSACTIONDATE="2019-04-12"/>
    <AccountTransaction ACCOUNTID="6" AMOUNT="31.82" CREATEDON="2019-04-12 22:32:52.877000000" FOREIGNRECORDID="1000" MODIFIEDON="2019-04-12 22:32:52.877000000" TABLENAME="I" ID="212" TRANSACTIONDATE="2019-04-12"/>
    <AccountTransaction ACCOUNTID="2" AMOUNT="318.18" CREATEDON="2019-04-12 22:32:52.884000000" FOREIGNRECORDID="1000" MODIFIEDON="2019-04-12 22:32:52.884000000" TABLENAME="I" ID="213" TRANSACTIONDATE="2019-04-12"/>
    <AccountTransaction ACCOUNTID="4" AMOUNT="318.18" CREATEDON="2019-04-12 22:32:52.884000000" FOREIGNRECORDID="1000" MODIFIEDON="2019-04-12 22:32:52.884000000" TABLENAME="I" ID="214" TRANSACTIONDATE="2019-04-12"/>
    <AccountTransaction ACCOUNTID="2" AMOUNT="-450.00" CREATEDON="2019-04-12 22:33:40.681000000" FOREIGNRECORDID="1001" MODIFIEDON="2019-04-12 22:33:40.681000000" TABLENAME="P" ID="215" TRANSACTIONDATE="2019-04-12"/>
    <AccountTransaction ACCOUNTID="12" AMOUNT="450.00" CREATEDON="2019-04-12 22:33:40.681000000" FOREIGNRECORDID="1001" MODIFIEDON="2019-04-12 22:33:40.681000000" TABLENAME="P" ID="216" TRANSACTIONDATE="2019-04-12"/>
    <AccountTransaction ACCOUNTID="6" AMOUNT="40.91" CREATEDON="2019-04-12 22:33:40.809000000" FOREIGNRECORDID="1001" MODIFIEDON="2019-04-12 22:33:40.809000000" TABLENAME="I" ID="217" TRANSACTIONDATE="2019-04-12"/>
    <AccountTransaction ACCOUNTID="2" AMOUNT="40.91" CREATEDON="2019-04-12 22:33:40.809000000" FOREIGNRECORDID="1001" MODIFIEDON="2019-04-12 22:33:40.809000000" TABLENAME="I" ID="218" TRANSACTIONDATE="2019-04-12"/>
    <AccountTransaction ACCOUNTID="4" AMOUNT="409.09" CREATEDON="2019-04-12 22:33:40.816000000" FOREIGNRECORDID="1001" MODIFIEDON="2019-04-12 22:33:40.816000000" TABLENAME="I" ID="219" TRANSACTIONDATE="2019-04-12"/>
    <AccountTransaction ACCOUNTID="2" AMOUNT="409.09" CREATEDON="2019-04-12 22:33:40.816000000" FOREIGNRECORDID="1001" MODIFIEDON="2019-04-12 22:33:40.816000000" TABLENAME="I" ID="220" TRANSACTIONDATE="2019-04-12"/>
    <AccountTransaction ACCOUNTID="12" AMOUNT="-350.00" CREATEDON="2019-04-12 22:34:11.733000000" FOREIGNRECORDID="1000" MODIFIEDON="2019-04-12 22:34:11.733000000" TABLENAME="P" ID="221" TRANSACTIONDATE="2019-04-12"/>
    <AccountTransaction ACCOUNTID="1" AMOUNT="350.00" CREATEDON="2019-04-12 22:34:11.733000000" FOREIGNRECORDID="1000" MODIFIEDON="2019-04-12 22:34:11.733000000" TABLENAME="P" ID="222" TRANSACTIONDATE="2019-04-12"/>
    <AccountTransaction ACCOUNTID="1" AMOUNT="450.00" CREATEDON="2019-04-12 22:34:11.756000000" FOREIGNRECORDID="1001" MODIFIEDON="2019-04-12 22:34:11.756000000" TABLENAME="P" ID="223" TRANSACTIONDATE="2019-04-12"/>
    <AccountTransaction ACCOUNTID="12" AMOUNT="-450.00" CREATEDON="2019-04-12 22:34:11.756000000" FOREIGNRECORDID="1001" MODIFIEDON="2019-04-12 22:34:11.756000000" TABLENAME="P" ID="224" TRANSACTIONDATE="2019-04-12"/>

    <AccountTransaction ACCOUNTID="7" AMOUNT="100.00" CREATEDON="2018-04-12 22:34:11.756000000" FOREIGNRECORDID="108" MODIFIEDON="2018-04-12 22:34:11.756000000" TABLENAME="I" ID="225" TRANSACTIONDATE="2018-04-12"/>
    <AccountTransaction ACCOUNTID="7" AMOUNT="100.00" CREATEDON="2018-04-12 22:34:11.756000000" FOREIGNRECORDID="108" MODIFIEDON="2018-04-12 22:34:11.756000000" TABLENAME="I" ID="226" TRANSACTIONDATE="2018-04-12"/>
    <AccountTransaction ACCOUNTID="7" AMOUNT="-60.00" CREATEDON="2018-04-12 22:34:11.756000000" FOREIGNRECORDID="109" MODIFIEDON="2018-04-12 22:34:11.756000000" TABLENAME="I" ID="227" TRANSACTIONDATE="2018-04-12"/>
    <AccountTransaction ACCOUNTID="7" AMOUNT="-60.00" CREATEDON="2018-04-12 22:34:11.756000000" FOREIGNRECORDID="109" MODIFIEDON="2018-04-12 22:34:11.756000000" TABLENAME="I" ID="228" TRANSACTIONDATE="2018-04-12"/>
    <AccountTransaction ACCOUNTID="7" AMOUNT="200.00" CREATEDON="2018-04-12 22:34:11.756000000" FOREIGNRECORDID="110" MODIFIEDON="2018-04-12 22:34:11.756000000" TABLENAME="I" ID="229" TRANSACTIONDATE="2018-04-12"/>
    <AccountTransaction ACCOUNTID="7" AMOUNT="200.00" CREATEDON="2018-04-12 22:34:11.756000000" FOREIGNRECORDID="110" MODIFIEDON="2018-04-12 22:34:11.756000000" TABLENAME="I" ID="230" TRANSACTIONDATE="2018-04-12"/>
    <AccountTransaction ACCOUNTID="7" AMOUNT="-140.00" CREATEDON="2018-04-12 22:34:11.756000000" FOREIGNRECORDID="111" MODIFIEDON="2018-04-12 22:34:11.756000000" TABLENAME="I" ID="231" TRANSACTIONDATE="2018-04-12"/>
    <AccountTransaction ACCOUNTID="7" AMOUNT="-140.00" CREATEDON="2018-04-12 22:34:11.756000000" FOREIGNRECORDID="111" MODIFIEDON="2018-04-12 22:34:11.756000000" TABLENAME="I" ID="232" TRANSACTIONDATE="2018-04-12"/>

    <AccountTransaction ACCOUNTID="5" AMOUNT="-50.00" CREATEDON="2019-08-30 20:40:36.819000000" FOREIGNRECORDID="118" MODIFIEDON="2019-08-30 20:40:36.819000000" TABLENAME="I" ID="233" TRANSACTIONDATE="2019-08-30"/>
    <AccountTransaction ACCOUNTID="9" AMOUNT="50.00" CREATEDON="2019-08-30 20:40:36.819000000" FOREIGNRECORDID="118" MODIFIEDON="2019-08-30 20:40:36.819000000" TABLENAME="I" ID="234" TRANSACTIONDATE="2019-08-30"/>
    <AccountTransaction ACCOUNTID="7" AMOUNT="63.64" CREATEDON="2019-08-30 20:40:37.299000000" FOREIGNRECORDID="104" MODIFIEDON="2019-08-30 20:40:37.299000000" TABLENAME="I" ID="235" TRANSACTIONDATE="2019-08-29"/>
    <AccountTransaction ACCOUNTID="4" AMOUNT="-63.64" CREATEDON="2019-08-30 20:40:37.299000000" FOREIGNRECORDID="104" MODIFIEDON="2019-08-30 20:40:37.299000000" TABLENAME="I" ID="236" TRANSACTIONDATE="2019-08-29"/>
    <AccountTransaction ACCOUNTID="4" AMOUNT="-135.00" CREATEDON="2019-08-30 20:40:37.386000000" FOREIGNRECORDID="105" MODIFIEDON="2019-08-30 20:40:37.386000000" TABLENAME="I" ID="237" TRANSACTIONDATE="2019-08-29"/>
    <AccountTransaction ACCOUNTID="7" AMOUNT="135.00" CREATEDON="2019-08-30 20:40:37.386000000" FOREIGNRECORDID="105" MODIFIEDON="2019-08-30 20:40:37.386000000" TABLENAME="I" ID="238" TRANSACTIONDATE="2019-08-29"/>
    <AccountTransaction ACCOUNTID="4" AMOUNT="-300.00" CREATEDON="2019-08-30 20:40:37.449000000" FOREIGNRECORDID="112" MODIFIEDON="2019-08-30 20:40:37.449000000" TABLENAME="I" ID="239" TRANSACTIONDATE="2019-08-29"/>
    <AccountTransaction ACCOUNTID="7" AMOUNT="300.00" CREATEDON="2019-08-30 20:40:37.449000000" FOREIGNRECORDID="112" MODIFIEDON="2019-08-30 20:40:37.449000000" TABLENAME="I" ID="240" TRANSACTIONDATE="2019-08-29"/>

    <AccountTransaction ACCOUNTID="2" AMOUNT="12.00" CREATEDON="2019-08-30 20:43:56.918000000" FOREIGNRECORDID="126" MODIFIEDON="2019-08-30 20:43:56.918000000" TABLENAME="I" ID="241" TRANSACTIONDATE="2019-08-30"/>
    <AccountTransaction ACCOUNTID="6" AMOUNT="12.00" CREATEDON="2019-08-30 20:43:56.918000000" FOREIGNRECORDID="126" MODIFIEDON="2019-08-30 20:43:56.918000000" TABLENAME="I" ID="242" TRANSACTIONDATE="2019-08-30"/>
    <AccountTransaction ACCOUNTID="7" AMOUNT="120.00" CREATEDON="2019-08-30 20:43:56.931000000" FOREIGNRECORDID="126" MODIFIEDON="2019-08-30 20:43:56.931000000" TABLENAME="I" ID="243" TRANSACTIONDATE="2019-08-30"/>
    <AccountTransaction ACCOUNTID="2" AMOUNT="120.00" CREATEDON="2019-08-30 20:43:56.931000000" FOREIGNRECORDID="126" MODIFIEDON="2019-08-30 20:43:56.931000000" TABLENAME="I" ID="244" TRANSACTIONDATE="2019-08-30"/>
    <AccountTransaction ACCOUNTID="6" AMOUNT="6.00" CREATEDON="2019-08-30 20:44:50.383000000" FOREIGNRECORDID="128" MODIFIEDON="2019-08-30 20:44:50.383000000" TABLENAME="I" ID="245" TRANSACTIONDATE="2019-08-30"/>
    <AccountTransaction ACCOUNTID="2" AMOUNT="6.00" CREATEDON="2019-08-30 20:44:50.383000000" FOREIGNRECORDID="128" MODIFIEDON="2019-08-30 20:44:50.383000000" TABLENAME="I" ID="246" TRANSACTIONDATE="2019-08-30"/>
    <AccountTransaction ACCOUNTID="2" AMOUNT="60.00" CREATEDON="2019-08-30 20:44:50.408000000" FOREIGNRECORDID="128" MODIFIEDON="2019-08-30 20:44:50.408000000" TABLENAME="I" ID="247" TRANSACTIONDATE="2019-08-30"/>
    <AccountTransaction ACCOUNTID="7" AMOUNT="60.00" CREATEDON="2019-08-30 20:44:50.408000000" FOREIGNRECORDID="128" MODIFIEDON="2019-08-30 20:44:50.408000000" TABLENAME="I" ID="248" TRANSACTIONDATE="2019-08-30"/>
    <AccountTransaction ACCOUNTID="6" AMOUNT="12.00" CREATEDON="2019-08-30 20:44:50.429000000" FOREIGNRECORDID="129" MODIFIEDON="2019-08-30 20:44:50.429000000" TABLENAME="I" ID="249" TRANSACTIONDATE="2019-08-30"/>
    <AccountTransaction ACCOUNTID="2" AMOUNT="12.00" CREATEDON="2019-08-30 20:44:50.429000000" FOREIGNRECORDID="129" MODIFIEDON="2019-08-30 20:44:50.429000000" TABLENAME="I" ID="250" TRANSACTIONDATE="2019-08-30"/>
    <AccountTransaction ACCOUNTID="2" AMOUNT="120.00" CREATEDON="2019-08-30 20:44:50.445000000" FOREIGNRECORDID="129" MODIFIEDON="2019-08-30 20:44:50.445000000" TABLENAME="I" ID="251" TRANSACTIONDATE="2019-08-30"/>
    <AccountTransaction ACCOUNTID="7" AMOUNT="120.00" CREATEDON="2019-08-30 20:44:50.445000000" FOREIGNRECORDID="129" MODIFIEDON="2019-08-30 20:44:50.445000000" TABLENAME="I" ID="252" TRANSACTIONDATE="2019-08-30"/>
    <AccountTransaction ACCOUNTID="5" AMOUNT="70.00" CREATEDON="2019-08-30 20:44:50.464000000" FOREIGNRECORDID="127" MODIFIEDON="2019-08-30 20:44:50.464000000" TABLENAME="I" ID="253" TRANSACTIONDATE="2019-08-30"/>
    <AccountTransaction ACCOUNTID="2" AMOUNT="70.00" CREATEDON="2019-08-30 20:44:50.464000000" FOREIGNRECORDID="127" MODIFIEDON="2019-08-30 20:44:50.464000000" TABLENAME="I" ID="254" TRANSACTIONDATE="2019-08-30"/>

    <AccountTransaction ACCOUNTID="2" AMOUNT="10.00" CREATEDON="2019-08-19 22:38:09.178000000" FOREIGNRECORDID="1" MODIFIEDON="2019-08-19 22:38:09.178000000" TABLENAME="O" ID="255" TRANSACTIONDATE="2019-09-19"/>
    <AccountTransaction ACCOUNTID="12" AMOUNT="-10.00" CREATEDON="2019-08-19 22:38:09.178000000" FOREIGNRECORDID="1" MODIFIEDON="2019-08-19 22:38:09.178000000" TABLENAME="O" ID="256" TRANSACTIONDATE="2019-09-19"/>



    <!-- ACLROLE -->
    <ACLRole CREATEDON="2019-01-16 03:28:56.719000000" MODIFIEDON="2019-01-16 03:36:11.507000000" NAME="RoleWithRightsDelete" ID="204"/>
    <ACLRole CREATEDON="2019-01-16 03:29:59.403000000" MODIFIEDON="2019-01-16 03:36:35.918000000" NAME="RoleWithRightsCreate" ID="205"/>
    <ACLRole CREATEDON="2019-01-16 03:30:53.289000000" MODIFIEDON="2019-01-16 03:36:54.51000000" NAME="RoleWithRightsEdit" ID="206"/>
    <ACLRole CREATEDON="2019-01-16 03:32:01.676000000" MODIFIEDON="2019-01-16 03:37:12.670000000" NAME="RoleWithRightsPrint" ID="207"/>
    <ACLRole CREATEDON="2019-01-16 03:32:21.438000000" MODIFIEDON="2019-01-16 03:37:28.365000000" NAME="RoleWithRightsView" ID="208"/>
    <ACLRole CREATEDON="2019-01-16 03:35:13.169000000" MODIFIEDON="2019-01-16 03:37:46.922000000" NAME="RoleWithRightsHide" ID="209"/>
    <ACLRole CREATEDON="2012-06-20 10:27:50.0" MODIFIEDON="2018-09-05 21:10:37.24000000" NAME="Administration Manager" ID="200"/>
    <ACLRole CREATEDON="2012-06-20 10:27:50.0" MODIFIEDON="2018-10-03 20:30:33.927000000" NAME="Enrolment Officer" ID="201"/>
    <ACLRole CREATEDON="2012-06-20 10:27:50.0" MODIFIEDON="2012-06-20 10:27:50.0" NAME="Course Manager" ID="202"/>
    <ACLRole CREATEDON="2012-06-20 10:27:50.0" MODIFIEDON="2012-06-20 10:27:50.0" NAME="Financial Manager" ID="203"/>


    <!-- SYSTEMUSER -->
    <SystemUser CREATEDON="2018-09-05 21:10:37.4000000" FIRSTNAME="onCourse" LASTLOGINON="2018-12-05 04:56:53.851000000" LOGIN="notadmin" MODIFIEDON="2018-12-05 04:56:53.852000000" PASSWORD="$argon2id$v=19$m=32768,t=9,p=8$QnawslEyEtOuV53dp1QfJg$4FeeN0P34tII5vaREv0un9CC4sfCPHssHQR+p/WDY/o" SURNAME="notAdministrator" ISACTIVE="1" ISADMIN="0" EMAIL="notadmin@gmail.com" DEFAULTADMINISTRATIONCENTREID="200" CANEDITTARA="0" CANEDITCMS="0" ID="2" PASSWORDUPDATEREQUIRED="0" LOGINATTEMPTNUMBER="0"/>
    <SystemUser CREATEDON="2018-09-05 21:11:58.849000000" FIRSTNAME="onCourse" LASTLOGINON="2018-09-05 21:14:12.757000000" LOGIN="2fa" MODIFIEDON="2018-09-05 21:14:12.758000000" PASSWORD="$argon2id$v=19$m=32768,t=9,p=8$QnawslEyEtOuV53dp1QfJg$4FeeN0P34tII5vaREv0un9CC4sfCPHssHQR+p/WDY/o" SURNAME="2FA" ISACTIVE="1" ISADMIN="1" EMAIL="2fa@gmail.com" DEFAULTADMINISTRATIONCENTREID="200" CANEDITTARA="0" CANEDITCMS="0" TOKEN="FENMKPTR4CUO6QF5" TOKENSCRATCHCODES="53211550,23216939,86505233,40758719,37297875" ID="3" PASSWORDUPDATEREQUIRED="0" LOGINATTEMPTNUMBER="0"/>
    <SystemUser CREATEDON="2018-09-21 22:52:09.977000000" FIRSTNAME="Inactive" LOGIN="inactive" MODIFIEDON="2018-09-21 22:52:09.977000000" PASSWORD="PBKDF2WithHmacSHA1:1000:e871264aa9bcf0f428a9f055290ef9ad9626ee23ed6d6aff:e9cb9a2f2b9c7644ebd52a3ecd3d3e5dd4d659369a8c2ba4" SURNAME="User" ISACTIVE="0" ISADMIN="1" EMAIL="inactive@gmail.com" DEFAULTADMINISTRATIONCENTREID="200" CANEDITTARA="0" CANEDITCMS="0" ID="102" PASSWORDLASTCHANGED="2018-09-21" PASSWORDUPDATEREQUIRED="0" LOGINATTEMPTNUMBER="0"/>
    <SystemUser CREATEDON="2018-10-03 20:29:43.337000000" FIRSTNAME="test" LASTLOGINON="2018-10-03 20:31:45.558000000" LOGIN="2fa_admin1" MODIFIEDON="2018-10-03 20:32:02.181000000" PASSWORD="$argon2id$v=19$m=32768,t=9,p=8$QnawslEyEtOuV53dp1QfJg$4FeeN0P34tII5vaREv0un9CC4sfCPHssHQR+p/WDY/o" SURNAME="test" ISACTIVE="1" ISADMIN="1" EMAIL="2fa_admin1@gmail.com" DEFAULTADMINISTRATIONCENTREID="200" CANEDITTARA="0" CANEDITCMS="0" TOKEN="676IGA4RVNR2UQTI" ID="202" PASSWORDLASTCHANGED="2018-10-03" PASSWORDUPDATEREQUIRED="0" LOGINATTEMPTNUMBER="0"/>
    <SystemUser CREATEDON="2018-10-03 20:30:33.914000000" FIRSTNAME="test" LASTLOGINON="2018-10-03 20:32:26.247000000" LOGIN="2fa_notadmin1" MODIFIEDON="2018-10-03 20:32:43.643000000" PASSWORD="$argon2id$v=19$m=32768,t=9,p=8$QnawslEyEtOuV53dp1QfJg$4FeeN0P34tII5vaREv0un9CC4sfCPHssHQR+p/WDY/o" SURNAME="test" ISACTIVE="1" ISADMIN="0" EMAIL="2fa_notadmin1@gmail.com" DEFAULTADMINISTRATIONCENTREID="200" CANEDITTARA="0" CANEDITCMS="0" TOKEN="4F6LJSQSUMA6KDT3" ID="203" PASSWORDLASTCHANGED="2018-10-03" PASSWORDUPDATEREQUIRED="0" LOGINATTEMPTNUMBER="0"/>
    <SystemUser CREATEDON="2019-01-16 03:36:11.470000000" FIRSTNAME="UserWithRightsDelete" LASTLOGINON="2019-01-16 03:38:44.6000000" LOGIN="UserWithRightsDelete" MODIFIEDON="2019-01-16 03:38:44.9000000" PASSWORD="PBKDF2WithHmacSHA1:1000:4208bd492b5fbdb44b0a21b43e8be0b2f781d6d52f714369:42ea2439784cd30c308e98e767c03b022147aedb8e5acff8" SURNAME="UserWithRightsDelete" ISACTIVE="1" ISADMIN="0" EMAIL="UserWithRightsDelete@gmail.com" DEFAULTADMINISTRATIONCENTREID="200" CANEDITTARA="0" CANEDITCMS="0" ID="302" PASSWORDLASTCHANGED="2019-01-16" PASSWORDUPDATEREQUIRED="0" LOGINATTEMPTNUMBER="0"/>
    <SystemUser CREATEDON="2019-01-16 03:36:35.911000000" FIRSTNAME="UserWithRightsCreate" LASTLOGINON="2019-01-16 03:38:45.526000000" LOGIN="UserWithRightsCreate" MODIFIEDON="2019-01-16 03:38:45.526000000" PASSWORD="PBKDF2WithHmacSHA1:1000:ecb5561157e8e5af9516f05286f082f9f0dbe42bc3e23022:1818a6384e5b60fa385a96e138975ffd994e0082b00fa2e1" SURNAME="UserWithRightsCreate" ISACTIVE="1" ISADMIN="0" EMAIL="UserWithRightsCreate@gmail.com" DEFAULTADMINISTRATIONCENTREID="200" CANEDITTARA="0" CANEDITCMS="0" ID="303" PASSWORDLASTCHANGED="2019-01-16" PASSWORDUPDATEREQUIRED="0" LOGINATTEMPTNUMBER="0"/>
    <SystemUser CREATEDON="2019-01-16 03:36:54.45000000" FIRSTNAME="UserWithRightsEdit" LASTLOGINON="2019-01-16 03:38:46.656000000" LOGIN="UserWithRightsEdit" MODIFIEDON="2019-01-16 03:38:46.657000000" PASSWORD="PBKDF2WithHmacSHA1:1000:a4edda5e327f148b9d5f47c93d7a7646ce1085ac4ef2c07a:3479c10fef947261978b5de80bf476db1c813d76821feee0" SURNAME="UserWithRightsEdit" ISACTIVE="1" ISADMIN="0" EMAIL="UserWithRightsEdit@gmail.com" DEFAULTADMINISTRATIONCENTREID="200" CANEDITTARA="0" CANEDITCMS="0" ID="304" PASSWORDLASTCHANGED="2019-01-16" PASSWORDUPDATEREQUIRED="0" LOGINATTEMPTNUMBER="0"/>
    <SystemUser CREATEDON="2019-01-16 03:37:12.664000000" FIRSTNAME="UserWithRightsPrint" LASTLOGINON="2019-01-16 03:38:47.760000000" LOGIN="UserWithRightsPrint" MODIFIEDON="2019-01-16 03:38:47.761000000" PASSWORD="PBKDF2WithHmacSHA1:1000:532e92a2f93a2a1ab12f53c7c2944a048801522556e1ca86:e2974196e44bf605e174ea82e989ee930e744b50ffa0af9f" SURNAME="UserWithRightsPrint" ISACTIVE="1" ISADMIN="0" EMAIL="UserWithRightsPrint@gmail.com" DEFAULTADMINISTRATIONCENTREID="200" CANEDITTARA="0" CANEDITCMS="0" ID="305" PASSWORDLASTCHANGED="2019-01-16" PASSWORDUPDATEREQUIRED="0" LOGINATTEMPTNUMBER="0"/>
    <SystemUser CREATEDON="2019-01-16 03:37:28.359000000" FIRSTNAME="UserWithRightsView" LASTLOGINON="2019-01-16 03:38:48.710000000" LOGIN="UserWithRightsView" MODIFIEDON="2019-01-16 03:38:48.710000000" PASSWORD="PBKDF2WithHmacSHA1:1000:ebc715f278e542e9c961ae4d359cca595d907d0247822095:04dbf4142224f098b66fdcce69bc139b522b359dd6dd7800" SURNAME="UserWithRightsView" ISACTIVE="1" ISADMIN="0" EMAIL="UserWithRightsView@gmail.com" DEFAULTADMINISTRATIONCENTREID="200" CANEDITTARA="0" CANEDITCMS="0" ID="306" PASSWORDLASTCHANGED="2019-01-16" PASSWORDUPDATEREQUIRED="0" LOGINATTEMPTNUMBER="0"/>
    <SystemUser CREATEDON="2019-01-16 03:37:46.915000000" FIRSTNAME="UserWithRightsHide" LASTLOGINON="2019-01-16 03:38:49.530000000" LOGIN="UserWithRightsHide" MODIFIEDON="2019-01-16 03:38:49.530000000" PASSWORD="PBKDF2WithHmacSHA1:1000:ac3f2d09f867829a5b1ef784e0d4f5d2667294d4ed4b01ef:7920b0effd6be47ec5c11fc38fcdae246ff264c81d0c6020" SURNAME="UserWithRightsHide" ISACTIVE="1" ISADMIN="0" EMAIL="UserWithRightsHide@gmail.com" DEFAULTADMINISTRATIONCENTREID="200" CANEDITTARA="0" CANEDITCMS="0" ID="307" PASSWORDLASTCHANGED="2019-01-16" PASSWORDUPDATEREQUIRED="0" LOGINATTEMPTNUMBER="0"/>

    <SystemUser CREATEDON="2012-06-20 10:22:44.0" FIRSTNAME="onCourse" LASTLOGINON="2019-01-11 23:51:55.719000000" LOGIN="admin" MODIFIEDON="2019-01-11 23:51:55.719000000" PASSWORD="$argon2id$v=19$m=32768,t=9,p=8$QnawslEyEtOuV53dp1QfJg$4FeeN0P34tII5vaREv0un9CC4sfCPHssHQR+p/WDY/o" SURNAME="Administrator" ISACTIVE="1" ISADMIN="1" EMAIL="admin@gmail.com" DEFAULTADMINISTRATIONCENTREID="200" CANEDITTARA="0" CANEDITCMS="0" ID="1" PASSWORDLASTCHANGED="2018-09-05" PASSWORDUPDATEREQUIRED="0" LOGINATTEMPTNUMBER="0"/>

    <SystemUser CREATEDON="2012-06-20 10:22:44.0" FIRSTNAME="onCourse" LASTLOGINON="2019-01-11 23:51:55.719000000" LOGIN="yury" MODIFIEDON="2019-01-11 23:51:55.719000000" PASSWORD="PBKDF2WithHmacSHA1:1000:ff1962f2d20c20d15ecf43118f73e2013b7596b4df1e0b38:ca61e57d484f2dacb5b121c006de92ef505015366f518b9f" SURNAME="Administrator" ISACTIVE="1" ISADMIN="1" EMAIL="yury@gmail.com" DEFAULTADMINISTRATIONCENTREID="200" CANEDITTARA="0" CANEDITCMS="0" ID="308" PASSWORDLASTCHANGED="2018-09-05" PASSWORDUPDATEREQUIRED="0" LOGINATTEMPTNUMBER="0"/>
    <SystemUser CREATEDON="2012-06-20 10:22:44.0" FIRSTNAME="disable" LASTLOGINON="2019-01-11 23:51:55.719000000" LOGIN="incorrectCred" MODIFIEDON="2019-01-11 23:51:55.719000000" PASSWORD="PBKDF2WithHmacSHA1:1000:ff1962f2d20c20d15ecf43118f73e2013b7596b4df1e0b38:ca61e57d484f2dacb5b121c006de92ef505015366f518b9f" SURNAME="account" ISACTIVE="1" ISADMIN="0" EMAIL="disable@gmail.com" DEFAULTADMINISTRATIONCENTREID="200" CANEDITTARA="0" CANEDITCMS="0" ID="309" PASSWORDLASTCHANGED="2018-09-05" PASSWORDUPDATEREQUIRED="0" LOGINATTEMPTNUMBER="0"/>
    <SystemUser CREATEDON="2021-01-01 10:22:44.0" FIRSTNAME="invited" MODIFIEDON="2021-01-01 23:51:55.719000000" SURNAME="user" ISACTIVE="1" ISADMIN="1" EMAIL="invited@gmail.com" DEFAULTADMINISTRATIONCENTREID="200" CANEDITTARA="0" CANEDITCMS="0" ID="310" PASSWORDUPDATEREQUIRED="0" LOGINATTEMPTNUMBER="0" invitationToken="abracadabra" invitationTokenExpiryDate="2121-01-01 10:22:44.0"/>
    <SystemUser CREATEDON="2021-01-02 10:22:44.0" FIRSTNAME="expired" MODIFIEDON="2021-01-02 23:51:55.719000000" SURNAME="inviteduser" ISACTIVE="1" ISADMIN="0" EMAIL="expiredInvited@gmail.com" DEFAULTADMINISTRATIONCENTREID="200" CANEDITTARA="0" CANEDITCMS="0" ID="311" PASSWORDUPDATEREQUIRED="0" LOGINATTEMPTNUMBER="0" invitationToken="expiredAbracadabra" invitationTokenExpiryDate="2020-01-01 10:22:44.0"/>
    <SystemUser CREATEDON="2021-01-03 10:22:44.0" FIRSTNAME="toUpdate" MODIFIEDON="2021-01-02 23:51:55.719000000" SURNAME="user" ISACTIVE="1" ISADMIN="1" EMAIL="toUpdateUser@gmail.com" DEFAULTADMINISTRATIONCENTREID="200" CANEDITTARA="0" CANEDITCMS="0" ID="312" PASSWORDUPDATEREQUIRED="0" LOGINATTEMPTNUMBER="0" PASSWORD="$argon2id$v=19$m=32768,t=9,p=8$Y89AI7J3BkjO0QB6r2xtjw$pSxGg3Jd1CJm4c1dK6v+yc6J/T0Eahret+BcESzjbXg"/>
    <SystemUser CREATEDON="2021-01-04 10:22:44.0" FIRSTNAME="toReset" MODIFIEDON="2021-01-02 23:51:55.719000000" SURNAME="Password" ISACTIVE="1" ISADMIN="0" EMAIL="toResetPassword@gmail.com" DEFAULTADMINISTRATIONCENTREID="200" CANEDITTARA="0" CANEDITCMS="0" ID="313" PASSWORDLASTCHANGED="2021-01-05" PASSWORDUPDATEREQUIRED="0" LOGINATTEMPTNUMBER="100" PASSWORD="$argon2id$v=19$m=32768,t=9,p=8$Y89AI7J3BkjO0QB6r2xtjw$pSxGg3Jd1CJm4c1dK6v+yc6J/T0Eahret+BcESzjbXg" />

    <SystemUser CREATEDON="2021-01-04 10:22:44.0" FIRSTNAME="token" MODIFIEDON="2021-01-02 23:51:55.719000000" SURNAME="token" ISACTIVE="1" ISADMIN="1" EMAIL="token@gmail.com" DEFAULTADMINISTRATIONCENTREID="200" CANEDITTARA="0" CANEDITCMS="0" ID="1000" PASSWORDLASTCHANGED="2021-01-05" PASSWORDUPDATEREQUIRED="0" LOGINATTEMPTNUMBER="0" PASSWORD="$argon2id$v=19$m=32768,t=9,p=8$Y89AI7J3BkjO0QB6r2xtjw$pSxGg3Jd1CJm4c1dK6v+yc6J/T0Eahret+BcESzjbXg" />

    <SystemUser CREATEDON="2021-01-04 10:22:44.0" FIRSTNAME="tokenDisabeld" MODIFIEDON="2021-01-02 23:51:55.719000000" SURNAME="tokenDisabeld" ISACTIVE="0" ISADMIN="1" EMAIL="tokenDisabeld@gmail.com" DEFAULTADMINISTRATIONCENTREID="200" CANEDITTARA="0" CANEDITCMS="0" ID="1001" PASSWORDLASTCHANGED="2021-01-05" PASSWORDUPDATEREQUIRED="0" LOGINATTEMPTNUMBER="0" PASSWORD="$argon2id$v=19$m=32768,t=9,p=8$Y89AI7J3BkjO0QB6r2xtjw$pSxGg3Jd1CJm4c1dK6v+yc6J/T0Eahret+BcESzjbXg" />

    <ApiToken ID="1" USERID="1000" NAME="active" SECRET="Y89AI7J3BkjO0QB6r2xtjw" LASTACCESS="2021-01-04 10:22:44.0" CREATEDON="2021-01-04 10:22:44.0" MODIFIEDON="2021-01-04 10:22:44.0"/>

    <ApiToken ID="2" USERID="1001" NAME="inactive" SECRET="pSxGg3Jd1CJm4c1dK6v" LASTACCESS="2021-01-04 10:22:44.0" CREATEDON="2021-01-04 10:22:44.0" MODIFIEDON="2021-01-04 10:22:44.0"/>

    <ApiToken ID="3" USERID="1" NAME="token" SECRET="admin" LASTACCESS="2021-01-04 10:22:44.0" CREATEDON="2021-01-04 10:22:44.0" MODIFIEDON="2021-01-04 10:22:44.0"/>
    <ApiToken ID="4" USERID="306" NAME="token" SECRET="UserWithRightsView" LASTACCESS="2021-01-04 10:22:44.0" CREATEDON="2021-01-04 10:22:44.0" MODIFIEDON="2021-01-04 10:22:44.0"/>
    <ApiToken ID="5" USERID="302" NAME="token" SECRET="UserWithRightsDelete" LASTACCESS="2021-01-04 10:22:44.0" CREATEDON="2021-01-04 10:22:44.0" MODIFIEDON="2021-01-04 10:22:44.0"/>
    <ApiToken ID="6" USERID="307" NAME="token" SECRET="UserWithRightsHide" LASTACCESS="2021-01-04 10:22:44.0" CREATEDON="2021-01-04 10:22:44.0" MODIFIEDON="2021-01-04 10:22:44.0"/>
    <ApiToken ID="7" USERID="303" NAME="token" SECRET="UserWithRightsCreate" LASTACCESS="2021-01-04 10:22:44.0" CREATEDON="2021-01-04 10:22:44.0" MODIFIEDON="2021-01-04 10:22:44.0"/>
    <ApiToken ID="8" USERID="304" NAME="token" SECRET="UserWithRightsEdit" LASTACCESS="2021-01-04 10:22:44.0" CREATEDON="2021-01-04 10:22:44.0" MODIFIEDON="2021-01-04 10:22:44.0"/>
    <ApiToken ID="9" USERID="305" NAME="token" SECRET="UserWithRightsPrint" LASTACCESS="2021-01-04 10:22:44.0" CREATEDON="2021-01-04 10:22:44.0" MODIFIEDON="2021-01-04 10:22:44.0"/>

    <!-- ACLROLESYSTEMUSER -->
    <ACLRoleSystemUser ROLE_ID="200" USER_ID="2"/>
    <ACLRoleSystemUser ROLE_ID="201" USER_ID="203"/>
    <ACLRoleSystemUser ROLE_ID="204" USER_ID="302"/>
    <ACLRoleSystemUser ROLE_ID="205" USER_ID="303"/>
    <ACLRoleSystemUser ROLE_ID="206" USER_ID="304"/>
    <ACLRoleSystemUser ROLE_ID="207" USER_ID="305"/>
    <ACLRoleSystemUser ROLE_ID="208" USER_ID="306"/>
    <ACLRoleSystemUser ROLE_ID="209" USER_ID="307"/>
    <ACLRoleSystemUser ROLE_ID="203" USER_ID="313"/>

    <!-- CONTACT -->
    <Contact COUNTRYID="1" CREATEDON="2018-11-29 00:45:39.441000000" ISCOMPANY="0" ISMALE="1" MODIFIEDON="2018-11-29 00:59:01.98000000" MOBILEPHONE="444555666" POSTCODE="5000" STATE="SA" STREET="address str." SUBURB="Adelaide" ISSTUDENT="0" ISTUTOR="1" DELIVERYSTATUSEMAIL="0" DELIVERYSTATUSSMS="0" DELIVERYSTATUSPOST="0" ALLOWPOST="1" ALLOWSMS="1" ALLOWEMAIL="1" UNIQUECODE="XykjWMd3zJ7KUX2n" EMAIL="tutor1@gmail.com" FIRSTNAME="tutor1" LASTNAME="tutor1" ID="1" BIRTHDATE="1972-05-01"/>
    <Contact COUNTRYID="1" CREATEDON="2018-11-29 00:47:48.300000000" ISCOMPANY="0" ISMALE="1" MODIFIEDON="2018-11-29 01:01:15.192000000" MOBILEPHONE="444777888" POSTCODE="5000" STATE="SA" STREET="address str." SUBURB="Adelaide" ISSTUDENT="1" ISTUTOR="0" DELIVERYSTATUSEMAIL="0" DELIVERYSTATUSSMS="0" DELIVERYSTATUSPOST="0" ALLOWPOST="1" ALLOWSMS="1" ALLOWEMAIL="1" UNIQUECODE="mGhSKaSbd9Ma7ESo" EMAIL="stud1@gmail.com" FIRSTNAME="stud1" LASTNAME="stud1" ID="2" BIRTHDATE="2005-05-01"/>
    <Contact COUNTRYID="1" CREATEDON="2018-11-29 00:47:48.300000000" ISCOMPANY="0" ISMALE="1" MODIFIEDON="2018-11-29 01:01:15.192000000" MOBILEPHONE="444777889" POSTCODE="5000" STATE="SA" STREET="address str." SUBURB="Adelaide" ISSTUDENT="1" ISTUTOR="0" DELIVERYSTATUSEMAIL="0" DELIVERYSTATUSSMS="0" DELIVERYSTATUSPOST="0" ALLOWPOST="1" ALLOWSMS="1" ALLOWEMAIL="1" UNIQUECODE="mGhSKaSbd9Ma7ESo" EMAIL="stud202@gmail.com" FIRSTNAME="stud202" LASTNAME="stud202" ID="202" BIRTHDATE="2005-05-01"/>
    <Contact COUNTRYID="1" CREATEDON="2018-11-29 00:49:19.269000000" ISCOMPANY="0" ISMALE="0" MODIFIEDON="2018-11-29 01:03:35.767000000" MOBILEPHONE="444999666" POSTCODE="5000" STATE="SA" STREET="address str." SUBURB="Adelaide" ISSTUDENT="1" ISTUTOR="0" DELIVERYSTATUSEMAIL="0" DELIVERYSTATUSSMS="0" DELIVERYSTATUSPOST="0" ALLOWPOST="1" ALLOWSMS="1" ALLOWEMAIL="1" UNIQUECODE="WUeh3hZSa3FJGG4e" EMAIL="stud2@gmail.com" FIRSTNAME="stud2" LASTNAME="stud2" ID="3" BIRTHDATE="2000-05-01"/>
    <Contact COUNTRYID="1" CREATEDON="2018-11-29 00:49:19.269000000" ISCOMPANY="0" ISMALE="0" MODIFIEDON="2018-11-29 01:03:35.767000000" MOBILEPHONE="444999668" POSTCODE="5000" STATE="SA" STREET="address str." SUBURB="Adelaide" ISSTUDENT="1" ISTUTOR="0" DELIVERYSTATUSEMAIL="0" DELIVERYSTATUSSMS="0" DELIVERYSTATUSPOST="0" ALLOWPOST="1" ALLOWSMS="1" ALLOWEMAIL="1" UNIQUECODE="WUeh3hZSa3FJGG4e" EMAIL="stud303@gmail.com" FIRSTNAME="stud303" LASTNAME="stud303" ID="303" BIRTHDATE="2000-05-01"/>
    <Contact COUNTRYID="1" CREATEDON="2018-11-29 00:50:56.373000000" ISCOMPANY="0" ISMALE="1" MODIFIEDON="2018-11-30 23:31:19.350000000" MOBILEPHONE="444777444" POSTCODE="5000" STATE="SA" STREET="address str." SUBURB="Adelaide" ISSTUDENT="1" ISTUTOR="0" DELIVERYSTATUSEMAIL="0" DELIVERYSTATUSSMS="0" DELIVERYSTATUSPOST="0" ALLOWPOST="1" ALLOWSMS="1" ALLOWEMAIL="1" UNIQUECODE="QK5e2yhkg66ktwNf" EMAIL="stud3@gmail.com" FIRSTNAME="stud3" LASTNAME="stud3" ID="4" BIRTHDATE="2002-05-01"/>
    <Contact COUNTRYID="1" CREATEDON="2018-11-29 00:45:39.441000000" ISCOMPANY="0" ISMALE="1" MODIFIEDON="2018-11-29 00:59:01.98000000" MOBILEPHONE="444555777" POSTCODE="5000" STATE="SA" STREET="address str. 32-5" SUBURB="Adelaide" ISSTUDENT="0" ISTUTOR="1" DELIVERYSTATUSEMAIL="0" DELIVERYSTATUSSMS="0" DELIVERYSTATUSPOST="0" ALLOWPOST="1" ALLOWSMS="1" ALLOWEMAIL="1" UNIQUECODE="XykjWMd3zJ7KUX2o" EMAIL="tutor2@gmail.com" FIRSTNAME="tutor2" LASTNAME="tutor2" ID="5" BIRTHDATE="1970-05-01"/>
    <Contact COUNTRYID="1" CREATEDON="2018-11-29 00:45:39.441000000" ISCOMPANY="0" ISMALE="1" MODIFIEDON="2018-11-29 00:59:01.98000000" MOBILEPHONE="444555888" POSTCODE="5000" STATE="SA" STREET="address str. 33-3" SUBURB="Adelaide" ISSTUDENT="0" ISTUTOR="1" DELIVERYSTATUSEMAIL="0" DELIVERYSTATUSSMS="0" DELIVERYSTATUSPOST="0" ALLOWPOST="1" ALLOWSMS="1" ALLOWEMAIL="1" UNIQUECODE="XykjWMd3zJ7KUX2p" EMAIL="tutor3@gmail.com" FIRSTNAME="tutor3" LASTNAME="tutor3" ID="6" BIRTHDATE="1978-05-01"/>
    <Contact COUNTRYID="1" CREATEDON="2019-03-11 21:53:49.939000000" FAX="444777123" ISCOMPANY="1" MESSAGE="some alert message" MODIFIEDON="2019-03-11 21:54:49.725000000" HOMEPHONE="444777123" MOBILEPHONE="444777123" POSTCODE="5001" STATE="SA" STREET="some Address 1" SUBURB="some Suburb 1" ISSTUDENT="0" ISTUTOR="0" DELIVERYSTATUSEMAIL="0" DELIVERYSTATUSSMS="0" DELIVERYSTATUSPOST="0" ALLOWPOST="1" ALLOWSMS="1" ALLOWEMAIL="1" UNIQUECODE="vZYSUCSimRXchU2S" EMAIL="co1@gmail.com" LASTNAME="company #1" ID="7"/>
    <Contact COUNTRYID="1" CREATEDON="2019-03-12 21:53:49.939000000" FAX="444777124" ISCOMPANY="1" MESSAGE="some alert message" MODIFIEDON="2019-03-12 21:54:49.725000000" HOMEPHONE="444777124" MOBILEPHONE="444777124" POSTCODE="5002" STATE="SA" STREET="some Address 2" SUBURB="some Suburb 2" ISSTUDENT="0" ISTUTOR="0" DELIVERYSTATUSEMAIL="0" DELIVERYSTATUSSMS="0" DELIVERYSTATUSPOST="0" ALLOWPOST="1" ALLOWSMS="1" ALLOWEMAIL="1" UNIQUECODE="vZYSUCSimRXchU2T" EMAIL="co2@gmail.com" LASTNAME="company #2" ID="8"/>
    <Contact COUNTRYID="1" CREATEDON="2019-03-13 21:53:49.939000000" FAX="444777124" ISCOMPANY="1" MESSAGE="some alert message" MODIFIEDON="2019-03-13 21:54:49.725000000" HOMEPHONE="444777124" MOBILEPHONE="444777125" POSTCODE="5003" STATE="SA" STREET="some Address 3" SUBURB="some Suburb 3" ISSTUDENT="0" ISTUTOR="0" DELIVERYSTATUSEMAIL="0" DELIVERYSTATUSSMS="0" DELIVERYSTATUSPOST="0" ALLOWPOST="1" ALLOWSMS="1" ALLOWEMAIL="1" UNIQUECODE="vZYSUCSimRXchU2U" EMAIL="co3@gmail.com" LASTNAME="company #3" ID="9"/>
    <Contact CREATEDON="2019-06-18 22:20:28.764000000" ISCOMPANY="0" ISMALE="1" MODIFIEDON="2019-06-18 22:20:28.764000000" ISSTUDENT="1" ISTUTOR="0" DELIVERYSTATUSEMAIL="0" DELIVERYSTATUSSMS="0" DELIVERYSTATUSPOST="0" ALLOWPOST="1" ALLOWSMS="1" ALLOWEMAIL="1" UNIQUECODE="d4tdEdccPFqDeTuC" FIRSTNAME="stud4" LASTNAME="stud4" ID="10" BIRTHDATE="1997-06-18"/>
    <Contact COUNTRYID="1" CREATEDON="2018-11-29 00:47:48.300000000" ISCOMPANY="0" ISMALE="1" MODIFIEDON="2018-11-29 01:01:15.192000000" MOBILEPHONE="444777888" POSTCODE="5000" STATE="SA" STREET="address str." SUBURB="Adelaide" ISSTUDENT="1" ISTUTOR="0" DELIVERYSTATUSEMAIL="0" DELIVERYSTATUSSMS="0" DELIVERYSTATUSPOST="0" ALLOWPOST="1" ALLOWSMS="1" ALLOWEMAIL="1" UNIQUECODE="mGhSKaSbd9Ma7ESo" EMAIL="stud5@gmail.com" FIRSTNAME="stud5" LASTNAME="ContraInvoice5" ID="11" BIRTHDATE="2005-05-01"/>
    <Contact COUNTRYID="1" CREATEDON="2018-11-29 00:47:48.300000000" ISCOMPANY="0" ISMALE="1" MODIFIEDON="2018-11-29 01:01:15.192000000" MOBILEPHONE="444777888" POSTCODE="5000" STATE="SA" STREET="address str." SUBURB="Adelaide" ISSTUDENT="1" ISTUTOR="0" DELIVERYSTATUSEMAIL="0" DELIVERYSTATUSSMS="0" DELIVERYSTATUSPOST="0" ALLOWPOST="1" ALLOWSMS="1" ALLOWEMAIL="1" UNIQUECODE="mGhSKaSbd9Ma7ESo" EMAIL="stud6@gmail.com" FIRSTNAME="stud6" LASTNAME="ContraInvoice6" ID="12" BIRTHDATE="2005-05-01"/>
    <Contact COUNTRYID="1" CREATEDON="2018-11-29 00:47:48.300000000" ISCOMPANY="0" ISMALE="1" MODIFIEDON="2018-11-29 01:01:15.192000000" MOBILEPHONE="444777888" POSTCODE="5000" STATE="SA" STREET="address str." SUBURB="Adelaide" ISSTUDENT="1" ISTUTOR="0" DELIVERYSTATUSEMAIL="0" DELIVERYSTATUSSMS="0" DELIVERYSTATUSPOST="0" ALLOWPOST="1" ALLOWSMS="1" ALLOWEMAIL="1" UNIQUECODE="mGhSKaSbd9Ma7ESo" EMAIL="stud7@gmail.com" FIRSTNAME="stud7" LASTNAME="ContraInvoice7" ID="13" BIRTHDATE="2005-05-01"/>
    <Contact COUNTRYID="1" CREATEDON="2019-01-29 00:47:48.300000000" ISCOMPANY="0" ISMALE="1" MODIFIEDON="2019-01-29 01:01:15.192000000" MOBILEPHONE="444777111" POSTCODE="5000" STATE="SA" STREET="address str." SUBURB="Adelaide" ISSTUDENT="1" ISTUTOR="0" DELIVERYSTATUSEMAIL="0" DELIVERYSTATUSSMS="0" DELIVERYSTATUSPOST="0" ALLOWPOST="1" ALLOWSMS="1" ALLOWEMAIL="1" UNIQUECODE="mGhSKaSbd9Ma7ESa" EMAIL="stud8@gmail.com" FIRSTNAME="stud8" LASTNAME="stud8" ID="14" BIRTHDATE="1999-05-01"/>
    <Contact COUNTRYID="1" CREATEDON="2019-01-29 00:47:48.300000000" ISCOMPANY="0" ISMALE="1" MODIFIEDON="2019-01-29 01:01:15.192000000" MOBILEPHONE="444772323" POSTCODE="5000" STATE="SA" STREET="address str." SUBURB="Adelaide" ISSTUDENT="1" ISTUTOR="0" DELIVERYSTATUSEMAIL="0" DELIVERYSTATUSSMS="0" DELIVERYSTATUSPOST="0" ALLOWPOST="1" ALLOWSMS="1" ALLOWEMAIL="1" UNIQUECODE="mGhSKaSbd9Ma7ESw" EMAIL="stud9@gmail.com" FIRSTNAME="stud9" LASTNAME="stud9" ID="15" BIRTHDATE="1998-05-01"/>
    <Contact COUNTRYID="1" CREATEDON="2019-01-30 00:47:48.300000000" ISCOMPANY="0" ISMALE="1" MODIFIEDON="2019-01-30 01:01:15.192000000" MOBILEPHONE="444662323" POSTCODE="5000" STATE="SA" STREET="address str." SUBURB="Adelaide" ISSTUDENT="1" ISTUTOR="0" DELIVERYSTATUSEMAIL="0" DELIVERYSTATUSSMS="0" DELIVERYSTATUSPOST="0" ALLOWPOST="1" ALLOWSMS="1" ALLOWEMAIL="1" UNIQUECODE="mGhSKaFbd9Ma7ESw" EMAIL="stud10@gmail.com" FIRSTNAME="stud10" LASTNAME="stud10" ID="16" BIRTHDATE="1995-05-01"/>
    <Contact COUNTRYID="1" CREATEDON="2019-08-30 00:47:48.300000000" ISCOMPANY="0" ISMALE="1" MODIFIEDON="2019-08-30 01:01:15.192000000" MOBILEPHONE="444662323" POSTCODE="5000" STATE="SA" STREET="address str." SUBURB="Adelaide" ISSTUDENT="1" ISTUTOR="0" DELIVERYSTATUSEMAIL="0" DELIVERYSTATUSSMS="0" DELIVERYSTATUSPOST="0" ALLOWPOST="1" ALLOWSMS="1" ALLOWEMAIL="1" UNIQUECODE="mGhSKaFbd9Ga7ESw" EMAIL="stud11@gmail.com" FIRSTNAME="stud11" LASTNAME="stud11" ID="17" BIRTHDATE="1995-05-01"/>
    <Contact COUNTRYID="1" CREATEDON="2019-08-30 00:47:48.300000000" ISCOMPANY="0" ISMALE="1" MODIFIEDON="2019-08-30 01:01:15.192000000" MOBILEPHONE="444662323" POSTCODE="5000" STATE="SA" STREET="address str." SUBURB="Adelaide" ISSTUDENT="1" ISTUTOR="0" DELIVERYSTATUSEMAIL="0" DELIVERYSTATUSSMS="0" DELIVERYSTATUSPOST="0" ALLOWPOST="1" ALLOWSMS="1" ALLOWEMAIL="1" UNIQUECODE="mGhSMaFbd9Ma7ESw" EMAIL="stud12@gmail.com" FIRSTNAME="stud12" LASTNAME="stud12" ID="18" BIRTHDATE="1995-05-01"/>
    <Contact COUNTRYID="1" CREATEDON="2019-08-30 00:47:48.300000000" ISCOMPANY="0" ISMALE="1" MODIFIEDON="2019-08-30 01:01:15.192000000" MOBILEPHONE="444662328" POSTCODE="5000" STATE="SA" STREET="address str" SUBURB="Adelaide" ISSTUDENT="1" ISTUTOR="0" DELIVERYSTATUSEMAIL="0" DELIVERYSTATUSSMS="0" DELIVERYSTATUSPOST="0" ALLOWPOST="1" ALLOWSMS="1" ALLOWEMAIL="1" UNIQUECODE="mGhSMvFbd9Ma7ESw" EMAIL="refund1@gmail.com" FIRSTNAME="student1" LASTNAME="refund" ID="19" BIRTHDATE="1995-05-01"/>
    <Contact COUNTRYID="1" CREATEDON="2019-08-30 00:47:48.300000000" ISCOMPANY="0" ISMALE="1" MODIFIEDON="2019-08-30 01:01:15.192000000" MOBILEPHONE="444662329" POSTCODE="5000" STATE="SA" STREET="address str" SUBURB="Adelaide" ISSTUDENT="1" ISTUTOR="0" DELIVERYSTATUSEMAIL="0" DELIVERYSTATUSSMS="0" DELIVERYSTATUSPOST="0" ALLOWPOST="1" ALLOWSMS="1" ALLOWEMAIL="1" UNIQUECODE="mGhSMxFbd9Ma7ESw" EMAIL="refund2@gmail.com" FIRSTNAME="student1" LASTNAME="PaymentOut" ID="20" BIRTHDATE="1995-05-01"/>

    <Contact ABN="111" COUNTRYID="1" CREATEDON="2015-04-01 00:47:48.300000000" FAX="a" ISCOMPANY="0" ISMALE="1" MESSAGE="a" MODIFIEDON="2019-09-20 21:27:41.806000000" HOMEPHONE="a" MOBILEPHONE="444662210" WORKPHONE="a" POSTCODE="5000" STATE="SA" STREET="address str1" SUBURB="Adelaide1" TFN="111" ISSTUDENT="1" ISTUTOR="1" DELIVERYSTATUSEMAIL="2" DELIVERYSTATUSSMS="0" DELIVERYSTATUSPOST="0" ALLOWPOST="1" ALLOWSMS="1" ALLOWEMAIL="1" UNIQUECODE="mGrSMxFbd9Ma7ESw" HONORIFIC="a" TITLE="sA" EMAIL="merge1@gmail.com" FIRSTNAME="studentA" LASTNAME="mergeA" MIDDLENAME="A" ID="21" INVOICETERMS="10" BIRTHDATE="1995-05-04" TAXID="2"/>
    <Contact ABN="222" COUNTRYID="2" CREATEDON="2016-08-30 00:47:48.300000000" FAX="b" ISCOMPANY="0" ISMALE="0" MESSAGE="message B" MODIFIEDON="2019-09-20 21:24:07.707000000" HOMEPHONE="b" MOBILEPHONE="444662211" WORKPHONE="b" POSTCODE="5001" STATE="SB" STREET="address str2" SUBURB="Adelaide2" TFN="222" ISSTUDENT="1" ISTUTOR="1" DELIVERYSTATUSEMAIL="1" DELIVERYSTATUSSMS="0" DELIVERYSTATUSPOST="0" ALLOWPOST="1" ALLOWSMS="1" ALLOWEMAIL="1" UNIQUECODE="mGtSMxFbd9Ma7ESw" HONORIFIC="b" TITLE="sB" EMAIL="merge2@gmail.com" FIRSTNAME="studentB" LASTNAME="mergeB" MIDDLENAME="B" ID="22" INVOICETERMS="22" BIRTHDATE="1999-05-05" TAXID="1"/>
    <Contact COUNTRYID="1" CREATEDON="2016-08-30 00:47:48.300000000" ISCOMPANY="0" ISMALE="1" MODIFIEDON="2019-09-20 21:23:28.667000000" MOBILEPHONE="444662212" POSTCODE="5000" STATE="SA" STREET="address str" SUBURB="Adelaide" ISSTUDENT="1" ISTUTOR="0" DELIVERYSTATUSEMAIL="0" DELIVERYSTATUSSMS="0" DELIVERYSTATUSPOST="0" ALLOWPOST="1" ALLOWSMS="1" ALLOWEMAIL="1" UNIQUECODE="mGySMxFbd9Ma7ESw" EMAIL="merge3@gmail.com" FIRSTNAME="studentC" LASTNAME="mergeC" ID="23" BIRTHDATE="1995-05-06"/>
    <Contact ABN="555" COUNTRYID="1" CREATEDON="2016-11-29 00:45:39.441000000" FAX="tA" ISCOMPANY="0" ISMALE="1" MESSAGE="tA" MODIFIEDON="2019-09-20 21:24:54.338000000" HOMEPHONE="tA" MOBILEPHONE="444555333" WORKPHONE="tA" POSTCODE="5003" STATE="SC" STREET="address str3" SUBURB="Adelaide3" TFN="555" ISSTUDENT="0" ISTUTOR="1" DELIVERYSTATUSEMAIL="1" DELIVERYSTATUSSMS="0" DELIVERYSTATUSPOST="0" ALLOWPOST="1" ALLOWSMS="1" ALLOWEMAIL="1" UNIQUECODE="XykuWMd3zJ7KUX2n" HONORIFIC="tA" TITLE="tA" EMAIL="merge4@gmail.com" FIRSTNAME="tutorA" LASTNAME="mergeA" ID="24" BIRTHDATE="1972-05-05"/>
    <Contact COUNTRYID="1" CREATEDON="2016-11-29 00:45:39.441000000" ISCOMPANY="0" ISMALE="0" MODIFIEDON="2019-09-20 21:26:03.98000000" MOBILEPHONE="444555334" POSTCODE="5004" STATE="SD" STREET="address str4" SUBURB="Adelaide4" ISSTUDENT="0" ISTUTOR="1" DELIVERYSTATUSEMAIL="2" DELIVERYSTATUSSMS="0" DELIVERYSTATUSPOST="0" ALLOWPOST="1" ALLOWSMS="1" ALLOWEMAIL="1" UNIQUECODE="XykiWMd3zJ7KUX2n" TITLE="tB" EMAIL="merge5@gmail.com" FIRSTNAME="tutorB" LASTNAME="mergeB" ID="25" INVOICETERMS="66" BIRTHDATE="1972-05-06" TAXID="1"/>
    <Contact COUNTRYID="1" CREATEDON="2016-11-29 00:45:39.441000000" ISCOMPANY="0" ISMALE="1" MODIFIEDON="2019-09-20 21:06:42.334000000" MOBILEPHONE="444555335" POSTCODE="5000" STATE="SA" STREET="address str." SUBURB="Adelaide" ISSTUDENT="0" ISTUTOR="1" DELIVERYSTATUSEMAIL="0" DELIVERYSTATUSSMS="0" DELIVERYSTATUSPOST="0" ALLOWPOST="1" ALLOWSMS="1" ALLOWEMAIL="1" UNIQUECODE="XykoWMd3zJ7KUX2n" EMAIL="merge6@gmail.com" FIRSTNAME="tutorC" LASTNAME="mergeC" ID="26" BIRTHDATE="1972-05-07"/>
    <Contact ABN="777" COUNTRYID="1" CREATEDON="2016-03-13 21:53:49.939000000" FAX="444777124" ISCOMPANY="1" MESSAGE="some alert message8" MODIFIEDON="2019-09-20 21:26:28.107000000" HOMEPHONE="444777001" MOBILEPHONE="444777788" WORKPHONE="Co1" POSTCODE="5008" STATE="SU" STREET="some Address 8" SUBURB="some Suburb 8" ISSTUDENT="0" ISTUTOR="0" DELIVERYSTATUSEMAIL="1" DELIVERYSTATUSSMS="0" DELIVERYSTATUSPOST="0" ALLOWPOST="1" ALLOWSMS="1" ALLOWEMAIL="1" UNIQUECODE="vZYSUCSifRXchU2U" EMAIL="merge8@gmail.com" LASTNAME="mergeCompanyA" ID="27"/>
    <Contact COUNTRYID="1" CREATEDON="2016-03-13 21:53:49.939000000" FAX="444777124" ISCOMPANY="1" MESSAGE="some alert message9" MODIFIEDON="2019-09-20 21:26:48.425000000" HOMEPHONE="444777002" MOBILEPHONE="444777789" POSTCODE="5009" STATE="SP" STREET="some Address 9" SUBURB="some Suburb 9" ISSTUDENT="0" ISTUTOR="0" DELIVERYSTATUSEMAIL="1" DELIVERYSTATUSSMS="0" DELIVERYSTATUSPOST="0" ALLOWPOST="1" ALLOWSMS="1" ALLOWEMAIL="1" UNIQUECODE="vZYSUCSivRXchU2U" EMAIL="merge9@gmail.com" LASTNAME="mergeCompanyB" ID="28" TAXID="2"/>

    <Contact COUNTRYID="1" CREATEDON="2019-07-30 00:47:48.300000000" ISCOMPANY="0" ISMALE="1" MODIFIEDON="2019-07-30 01:01:15.192000000" MOBILEPHONE="444662329" POSTCODE="5000" STATE="SA" STREET="address str" SUBURB="Adelaide" ISSTUDENT="1" ISTUTOR="0" DELIVERYSTATUSEMAIL="0" DELIVERYSTATUSSMS="0" DELIVERYSTATUSPOST="0" ALLOWPOST="1" ALLOWSMS="1" ALLOWEMAIL="1" UNIQUECODE="mGhSMxFbd9Mh7ESw" EMAIL="paymentOut2@gmail.com" FIRSTNAME="student2" LASTNAME="PaymentOut" ID="29" BIRTHDATE="1995-06-06"/>

    <Contact CREATEDON="2020-05-07 00:58:29.932000000" ISCOMPANY="0" MODIFIEDON="2020-05-07 01:01:36.568000000" ISSTUDENT="1" ISTUTOR="0" DELIVERYSTATUSEMAIL="0" DELIVERYSTATUSSMS="0" DELIVERYSTATUSPOST="0" ALLOWPOST="0" ALLOWSMS="0" ALLOWEMAIL="1" UNIQUECODE="dqtCULZTLbHVpnW4" FIRSTNAME="checkout" LASTNAME="test" ID="30"/>

    <Contact COUNTRYID="1" CREATEDON="2019-08-30 00:47:48.300000000" ISCOMPANY="0" ISMALE="1" MODIFIEDON="2019-08-30 01:01:15.192000000" MOBILEPHONE="2341234243" POSTCODE="5000" STATE="SA" STREET="address str." SUBURB="Adelaide" ISSTUDENT="1" ISTUTOR="0" DELIVERYSTATUSEMAIL="0" DELIVERYSTATUSSMS="0" DELIVERYSTATUSPOST="0" ALLOWPOST="1" ALLOWSMS="1" ALLOWEMAIL="1" UNIQUECODE="mGhSMaFbd9Ma7ESw" EMAIL="studvouch@gmail.com" FIRSTNAME="voucher" LASTNAME="customField" ID="32" BIRTHDATE="1985-05-01"/>

    <Contact COUNTRYID="1" CREATEDON="2019-08-30 00:47:48.300000000" ISCOMPANY="0" ISMALE="1" MODIFIEDON="2019-08-30 01:01:15.192000000" MOBILEPHONE="2341234243" POSTCODE="5000" STATE="SA" STREET="address str." SUBURB="Adelaide" ISSTUDENT="1" ISTUTOR="0" DELIVERYSTATUSEMAIL="0" DELIVERYSTATUSSMS="0" DELIVERYSTATUSPOST="0" ALLOWPOST="1" ALLOWSMS="1" ALLOWEMAIL="1" UNIQUECODE="mGhSMaFbd9Ma7345" EMAIL="studentForLead@gmail.com" FIRSTNAME="student" LASTNAME="for lead" ID="33" BIRTHDATE="1985-05-01"/>


    <!-- CONTACTRELATION -->
    <ContactRelation CREATEDON="2019-09-20 21:06:42.208000000" FROMCONTACTID="21" MODIFIEDON="2019-09-20 21:06:42.208000000" TOCONTACTID="26" TYPEID="-1" ID="1000"/>
    <ContactRelation CREATEDON="2019-09-20 21:18:38.718000000" FROMCONTACTID="24" MODIFIEDON="2019-09-20 21:18:38.718000000" TOCONTACTID="23" TYPEID="1" ID="1001"/>
    <ContactRelation CREATEDON="2019-09-20 21:21:34.109000000" FROMCONTACTID="27" MODIFIEDON="2019-09-20 21:21:34.109000000" TOCONTACTID="23" TYPEID="1" ID="1002"/>
    <ContactRelation CREATEDON="2019-09-20 21:23:28.663000000" FROMCONTACTID="23" MODIFIEDON="2019-09-20 21:23:28.663000000" TOCONTACTID="28" TYPEID="1" ID="1003"/>


    <!-- CONTACTRELATIONTYPE -->
    <ContactRelationType CREATEDON="2012-06-20 10:23:49.0" MODIFIEDON="2019-09-20 21:06:42.334000000" FROMCONTACTNAME="Parent or Guardian" TOCONTACTNAME="Child" DELEGATEDACCESSTOCONTACT="0" ID="-1"/>
    <ContactRelationType CREATEDON="2012-06-20 10:23:49.0" MODIFIEDON="2019-09-20 21:23:28.667000000" FROMCONTACTNAME="Employer" TOCONTACTNAME="Staff" DELEGATEDACCESSTOCONTACT="0" ID="1"/>
    <ContactRelationType CREATEDON="2012-06-20 10:23:49.0" MODIFIEDON="2012-06-20 10:23:49.0" FROMCONTACTNAME="Sibling" TOCONTACTNAME="Sibling" DELEGATEDACCESSTOCONTACT="0" ID="2"/>
    <ContactRelationType CREATEDON="2012-06-20 10:23:49.0" MODIFIEDON="2012-06-20 10:23:49.0" FROMCONTACTNAME="Spouse" TOCONTACTNAME="Spouse" DELEGATEDACCESSTOCONTACT="0" ID="3"/>
    <ContactRelationType CREATEDON="2012-06-20 10:27:51.0" MODIFIEDON="2012-06-20 10:27:51.0" FROMCONTACTNAME="Friend" TOCONTACTNAME="Friend" DELEGATEDACCESSTOCONTACT="0" ID="4"/>



    <!-- STUDENT -->
    <Student CREATEDON="2018-11-29 00:47:48.315000000" DISABILITYTYPE="0" EMPLOYMENTCATEGORYID="0" ENGLISHPROFICIENCY="0" HIGHESTSCHOOLLEVEL="0" INDIGENOUSSTATUS="0" ISOVERSEASCLIENT="0" ISSTILLATSCHOOL="0" MODIFIEDON="2018-11-29 01:01:15.716000000" PRIOREDUCATIONCODE="0" STUDENTNUMBER="1" CONTACTID="2" USISTATUS="0" FEEHELPELIGIBLE="0" CITIZENSHIP="9" SPECIALNEEDSASSISTANCE="0" CLIENTINDUSTRYEMPLOYMENT="0" CLIENTOCCUPATIONIDENTIFIER="0" ID="1"/>
    <Student CREATEDON="2018-11-29 00:49:19.269000000" DISABILITYTYPE="0" EMPLOYMENTCATEGORYID="0" ENGLISHPROFICIENCY="0" HIGHESTSCHOOLLEVEL="0" INDIGENOUSSTATUS="0" ISOVERSEASCLIENT="0" ISSTILLATSCHOOL="0" MODIFIEDON="2018-11-29 01:03:36.271000000" PRIOREDUCATIONCODE="0" STUDENTNUMBER="2" CONTACTID="3" USISTATUS="0" FEEHELPELIGIBLE="0" CITIZENSHIP="9" SPECIALNEEDSASSISTANCE="0" CLIENTINDUSTRYEMPLOYMENT="0" CLIENTOCCUPATIONIDENTIFIER="0" ID="2"/>
    <Student CREATEDON="2018-11-29 00:50:56.373000000" DISABILITYTYPE="0" EMPLOYMENTCATEGORYID="0" ENGLISHPROFICIENCY="0" HIGHESTSCHOOLLEVEL="0" INDIGENOUSSTATUS="0" ISOVERSEASCLIENT="0" ISSTILLATSCHOOL="0" MODIFIEDON="2018-11-30 23:31:19.946000000" PRIOREDUCATIONCODE="0" STUDENTNUMBER="3" CONTACTID="4" USISTATUS="2" USI="ZYQXMYQMA6" FEEHELPELIGIBLE="0" CITIZENSHIP="9" SPECIALNEEDSASSISTANCE="0" CLIENTINDUSTRYEMPLOYMENT="0" CLIENTOCCUPATIONIDENTIFIER="0" ID="3"/>
    <Student CREATEDON="2019-06-18 22:20:28.765000000" DISABILITYTYPE="0" EMPLOYMENTCATEGORYID="0" ENGLISHPROFICIENCY="0" HIGHESTSCHOOLLEVEL="0" INDIGENOUSSTATUS="0" ISOVERSEASCLIENT="0" ISSTILLATSCHOOL="0" MODIFIEDON="2019-06-18 22:20:28.965000000" PRIOREDUCATIONCODE="0" STUDENTNUMBER="4" CONTACTID="10" USISTATUS="0" FEEHELPELIGIBLE="0" CITIZENSHIP="9" SPECIALNEEDSASSISTANCE="0" CLIENTINDUSTRYEMPLOYMENT="0" CLIENTOCCUPATIONIDENTIFIER="0" ID="4"/>
    <Student CREATEDON="2019-06-18 22:20:28.765000000" DISABILITYTYPE="0" EMPLOYMENTCATEGORYID="0" ENGLISHPROFICIENCY="0" HIGHESTSCHOOLLEVEL="0" INDIGENOUSSTATUS="0" ISOVERSEASCLIENT="0" ISSTILLATSCHOOL="0" MODIFIEDON="2019-06-18 22:20:28.965000000" PRIOREDUCATIONCODE="0" STUDENTNUMBER="5" CONTACTID="11" USISTATUS="0" FEEHELPELIGIBLE="0" CITIZENSHIP="9" SPECIALNEEDSASSISTANCE="0" CLIENTINDUSTRYEMPLOYMENT="0" CLIENTOCCUPATIONIDENTIFIER="0" ID="5"/>
    <Student CREATEDON="2019-06-18 22:20:28.765000000" DISABILITYTYPE="0" EMPLOYMENTCATEGORYID="0" ENGLISHPROFICIENCY="0" HIGHESTSCHOOLLEVEL="0" INDIGENOUSSTATUS="0" ISOVERSEASCLIENT="0" ISSTILLATSCHOOL="0" MODIFIEDON="2019-06-18 22:20:28.965000000" PRIOREDUCATIONCODE="0" STUDENTNUMBER="6" CONTACTID="12" USISTATUS="0" FEEHELPELIGIBLE="0" CITIZENSHIP="9" SPECIALNEEDSASSISTANCE="0" CLIENTINDUSTRYEMPLOYMENT="0" CLIENTOCCUPATIONIDENTIFIER="0" ID="6"/>
    <Student CREATEDON="2019-06-18 22:20:28.765000000" DISABILITYTYPE="0" EMPLOYMENTCATEGORYID="0" ENGLISHPROFICIENCY="0" HIGHESTSCHOOLLEVEL="0" INDIGENOUSSTATUS="0" ISOVERSEASCLIENT="0" ISSTILLATSCHOOL="0" MODIFIEDON="2019-06-18 22:20:28.965000000" PRIOREDUCATIONCODE="0" STUDENTNUMBER="7" CONTACTID="13" USISTATUS="0" FEEHELPELIGIBLE="0" CITIZENSHIP="9" SPECIALNEEDSASSISTANCE="0" CLIENTINDUSTRYEMPLOYMENT="0" CLIENTOCCUPATIONIDENTIFIER="0" ID="7"/>
    <Student CREATEDON="2019-01-18 22:20:28.765000000" DISABILITYTYPE="0" EMPLOYMENTCATEGORYID="0" ENGLISHPROFICIENCY="0" HIGHESTSCHOOLLEVEL="0" INDIGENOUSSTATUS="0" ISOVERSEASCLIENT="0" ISSTILLATSCHOOL="0" MODIFIEDON="2019-01-18 22:20:28.965000000" PRIOREDUCATIONCODE="0" STUDENTNUMBER="8" CONTACTID="14" USISTATUS="0" FEEHELPELIGIBLE="0" CITIZENSHIP="9" SPECIALNEEDSASSISTANCE="0" CLIENTINDUSTRYEMPLOYMENT="0" CLIENTOCCUPATIONIDENTIFIER="0" ID="8"/>
    <Student CREATEDON="2019-01-18 22:20:28.765000000" DISABILITYTYPE="0" EMPLOYMENTCATEGORYID="0" ENGLISHPROFICIENCY="0" HIGHESTSCHOOLLEVEL="0" INDIGENOUSSTATUS="0" ISOVERSEASCLIENT="0" ISSTILLATSCHOOL="0" MODIFIEDON="2019-01-18 22:20:28.965000000" PRIOREDUCATIONCODE="0" STUDENTNUMBER="9" CONTACTID="15" USISTATUS="0" FEEHELPELIGIBLE="0" CITIZENSHIP="9" SPECIALNEEDSASSISTANCE="0" CLIENTINDUSTRYEMPLOYMENT="0" CLIENTOCCUPATIONIDENTIFIER="0" ID="9"/>
    <Student CREATEDON="2019-01-18 22:20:28.765000000" DISABILITYTYPE="0" EMPLOYMENTCATEGORYID="0" ENGLISHPROFICIENCY="0" HIGHESTSCHOOLLEVEL="0" INDIGENOUSSTATUS="0" ISOVERSEASCLIENT="0" ISSTILLATSCHOOL="0" MODIFIEDON="2019-01-18 22:20:28.965000000" PRIOREDUCATIONCODE="0" STUDENTNUMBER="10" CONTACTID="16" USISTATUS="0" FEEHELPELIGIBLE="0" CITIZENSHIP="9" SPECIALNEEDSASSISTANCE="0" CLIENTINDUSTRYEMPLOYMENT="0" CLIENTOCCUPATIONIDENTIFIER="0" ID="10"/>
    <Student CREATEDON="2019-08-30 22:20:28.765000000" DISABILITYTYPE="0" EMPLOYMENTCATEGORYID="0" ENGLISHPROFICIENCY="0" HIGHESTSCHOOLLEVEL="0" INDIGENOUSSTATUS="0" ISOVERSEASCLIENT="0" ISSTILLATSCHOOL="0" MODIFIEDON="2019-08-30 22:20:28.965000000" PRIOREDUCATIONCODE="0" STUDENTNUMBER="11" CONTACTID="17" USISTATUS="0" FEEHELPELIGIBLE="0" CITIZENSHIP="9" SPECIALNEEDSASSISTANCE="0" CLIENTINDUSTRYEMPLOYMENT="0" CLIENTOCCUPATIONIDENTIFIER="0" ID="11"/>
    <Student CREATEDON="2019-08-30 22:20:28.765000000" DISABILITYTYPE="0" EMPLOYMENTCATEGORYID="0" ENGLISHPROFICIENCY="0" HIGHESTSCHOOLLEVEL="0" INDIGENOUSSTATUS="0" ISOVERSEASCLIENT="0" ISSTILLATSCHOOL="0" MODIFIEDON="2019-08-30 22:20:28.965000000" PRIOREDUCATIONCODE="0" STUDENTNUMBER="12" CONTACTID="18" USISTATUS="0" FEEHELPELIGIBLE="0" CITIZENSHIP="9" SPECIALNEEDSASSISTANCE="0" CLIENTINDUSTRYEMPLOYMENT="0" CLIENTOCCUPATIONIDENTIFIER="0" ID="12"/>
    <Student CREATEDON="2019-08-30 22:20:28.765000000" DISABILITYTYPE="0" EMPLOYMENTCATEGORYID="0" ENGLISHPROFICIENCY="0" HIGHESTSCHOOLLEVEL="0" INDIGENOUSSTATUS="0" ISOVERSEASCLIENT="0" ISSTILLATSCHOOL="0" MODIFIEDON="2019-08-30 22:20:28.965000000" PRIOREDUCATIONCODE="0" STUDENTNUMBER="13" CONTACTID="19" USISTATUS="0" FEEHELPELIGIBLE="0" CITIZENSHIP="9" SPECIALNEEDSASSISTANCE="0" CLIENTINDUSTRYEMPLOYMENT="0" CLIENTOCCUPATIONIDENTIFIER="0" ID="13"/>
    <Student CREATEDON="2019-08-30 22:20:28.765000000" DISABILITYTYPE="0" EMPLOYMENTCATEGORYID="0" ENGLISHPROFICIENCY="0" HIGHESTSCHOOLLEVEL="0" INDIGENOUSSTATUS="0" ISOVERSEASCLIENT="0" ISSTILLATSCHOOL="0" MODIFIEDON="2019-08-30 22:20:28.965000000" PRIOREDUCATIONCODE="0" STUDENTNUMBER="14" CONTACTID="20" USISTATUS="0" FEEHELPELIGIBLE="0" CITIZENSHIP="9" SPECIALNEEDSASSISTANCE="0" CLIENTINDUSTRYEMPLOYMENT="0" CLIENTOCCUPATIONIDENTIFIER="0" ID="14"/>

    <Student COUNTRYOFBIRTHID="1" CREATEDON="2019-08-30 22:20:28.765000000" DISABILITYTYPE="2" EMPLOYMENTCATEGORYID="1" ENGLISHPROFICIENCY="1" HIGHESTSCHOOLLEVEL="3" INDIGENOUSSTATUS="1" ISOVERSEASCLIENT="1" ISSTILLATSCHOOL="1" MODIFIEDON="2019-09-20 21:06:42.334000000" PRIOREDUCATIONCODE="3" YEARSCHOOLCOMPLETED="2016" STUDENTNUMBER="15" CONTACTID="21" COUNTRYOFRESIDENCYID="1" VISANUMBER="a" VISATYPE="a" VISAEXPIRYDATE="2019-10-01 21:03:30.0" PASSPORTNUMBER="a" MEDICALINSURANCE="a" UNIQUELEARNERIDENTIFIER="aaa" USI="2222222222" USISTATUS="0" CHESSN="a" FEEHELPELIGIBLE="1" CITIZENSHIP="1" TOWNOFBIRTH="a" SPECIALNEEDSASSISTANCE="1" CLIENTINDUSTRYEMPLOYMENT="1" CLIENTOCCUPATIONIDENTIFIER="1" ID="15"/>
    <Student COUNTRYOFBIRTHID="2" CREATEDON="2019-08-30 22:20:28.765000000" DISABILITYTYPE="5" EMPLOYMENTCATEGORYID="6" ENGLISHPROFICIENCY="3" HIGHESTSCHOOLLEVEL="4" INDIGENOUSSTATUS="4" ISOVERSEASCLIENT="0" ISSTILLATSCHOOL="0" MODIFIEDON="2019-09-20 21:14:14.196000000" PRIOREDUCATIONCODE="7" SPECIALNEEDS="BBB" STUDENTNUMBER="16" CONTACTID="22" COUNTRYOFRESIDENCYID="3" UNIQUELEARNERIDENTIFIER="bbb" USISTATUS="0" FEEHELPELIGIBLE="0" CITIZENSHIP="9" TOWNOFBIRTH="b" SPECIALNEEDSASSISTANCE="0" CLIENTINDUSTRYEMPLOYMENT="7" CLIENTOCCUPATIONIDENTIFIER="0" ID="16"/>
    <Student CREATEDON="2019-08-30 22:20:28.765000000" DISABILITYTYPE="0" EMPLOYMENTCATEGORYID="0" ENGLISHPROFICIENCY="0" HIGHESTSCHOOLLEVEL="0" INDIGENOUSSTATUS="0" ISOVERSEASCLIENT="0" ISSTILLATSCHOOL="0" MODIFIEDON="2016-08-30 22:20:28.965000000" PRIOREDUCATIONCODE="0" STUDENTNUMBER="17" CONTACTID="23" USI="3333333333" USISTATUS="0" FEEHELPELIGIBLE="0" CITIZENSHIP="9" SPECIALNEEDSASSISTANCE="0" CLIENTINDUSTRYEMPLOYMENT="0" CLIENTOCCUPATIONIDENTIFIER="0" ID="17"/>

    <Student CREATEDON="2019-07-30 22:20:28.765000000" DISABILITYTYPE="0" EMPLOYMENTCATEGORYID="0" ENGLISHPROFICIENCY="0" HIGHESTSCHOOLLEVEL="0" INDIGENOUSSTATUS="0" ISOVERSEASCLIENT="0" ISSTILLATSCHOOL="0" MODIFIEDON="2019-07-30 22:20:28.965000000" PRIOREDUCATIONCODE="0" STUDENTNUMBER="18" CONTACTID="29" USISTATUS="0" FEEHELPELIGIBLE="0" CITIZENSHIP="9" SPECIALNEEDSASSISTANCE="0" CLIENTINDUSTRYEMPLOYMENT="0" CLIENTOCCUPATIONIDENTIFIER="0" ID="18"/>

    <Student CREATEDON="2020-05-07 18:51:44.488000000" DISABILITYTYPE="0" EMPLOYMENTCATEGORYID="0" ENGLISHPROFICIENCY="0" HIGHESTSCHOOLLEVEL="0" INDIGENOUSSTATUS="0" ISOVERSEASCLIENT="0" MODIFIEDON="2020-05-07 19:37:02.979000000" PRIOREDUCATIONCODE="0" STUDENTNUMBER="19" CONTACTID="30" USISTATUS="0" FEEHELPELIGIBLE="0" CITIZENSHIP="9" CLIENTINDUSTRYEMPLOYMENT="0" CLIENTOCCUPATIONIDENTIFIER="0" ID="19"/>



    <!-- STUDENTCONCESSION -->
    <StudentConcession CONCESSIONNUMBER="2" CONCESSIONTYPEID="2" CREATEDON="2019-09-20 21:06:42.198000000" EXPIRESON="2024-10-01 20:59:13.0" MODIFIEDON="2019-09-20 21:06:42.198000000" STUDENTID="15" ID="1001"/>
    <StudentConcession CONCESSIONNUMBER="5" CONCESSIONTYPEID="3" CREATEDON="2019-09-20 21:14:14.103000000" EXPIRESON="2019-09-12 21:07:46.0" MODIFIEDON="2019-09-20 21:14:14.103000000" STUDENTID="16" ID="1002"/>



    <!-- ROOM -->
    <Room CREATEDON="2018-11-29 00:42:49.179000000" MODIFIEDON="2018-11-29 00:57:11.930000000" SEATEDCAPACITY="25" SITEID="201" NAME="room1" ID="1"/>
    <Room CREATEDON="2018-11-29 00:42:49.180000000" MODIFIEDON="2018-11-29 00:59:01.98000000" SEATEDCAPACITY="50" SITEID="201" NAME="room2" ID="2"/>
    <Room CREATEDON="2018-11-29 00:42:49.180000000" MODIFIEDON="2018-11-29 00:59:01.98000000" SEATEDCAPACITY="12" SITEID="202" NAME="room3" ID="3"/>

    <!-- QUALIFICATION -->
    <Qualification CREATEDON="2011-03-26 05:23:59.0" FIELDOFEDUCATION="0313" ISACCREDITEDCOURSE="0" ISOFFERED="0" QUALLEVEL="Certificate III in" MODIFIEDON="2014-08-20 00:03:55.0" NATIONALCODE="UEE30807" TITLE="Electrotechnology Electrician" ANZSCO="341111" ID="1" ISCUSTOM="0"/>
    <Qualification CREATEDON="2012-06-12 15:55:21.0" FIELDOFEDUCATION="1205" ISACCREDITEDCOURSE="1" ISOFFERED="0" QUALLEVEL="Course in" MODIFIEDON="2014-08-20 00:03:55.0" NATIONALCODE="21364VIC" NOMINALHOURS="0.0" TITLE="Workforce Re-entry Skills" ID="2" ISCUSTOM="0"/>
    <Qualification CREATEDON="2013-04-03 20:39:10.0" FIELDOFEDUCATION="0915" ISACCREDITEDCOURSE="2" ISOFFERED="1" QUALLEVEL="Certificate I in" MODIFIEDON="2018-11-28 21:49:05.0" NATIONALCODE="10218NAT" TITLE="Aboriginal Language/s v2" ANZSCO="422111" ID="3" ISCUSTOM="0"/>
    <Qualification CREATEDON="2012-06-12 15:55:21.0" FIELDOFEDUCATION="0403" ISACCREDITEDCOURSE="1" ISOFFERED="1" QUALLEVEL="Advanced Diploma of" MODIFIEDON="2012-06-12 15:55:21.0" NATIONALCODE="90946NSW" NOMINALHOURS="0.0" TITLE="Building Studies, Technology" ANZSCO="133111" ID="4" ISCUSTOM="0"/>


    <!-- PRIORLEARNING -->
    <PriorLearning CREATEDON="2019-09-21 01:37:44.172000000" MODIFIEDON="2019-09-21 01:37:44.172000000" NOTES="aaa" STUDENTID="15" QUALIFICATIONID="3" EXTERNALREF="aaa" TITLE="A" OUTCOMEIDTRAININGORG="aaa-aaa" ID="1001"/>
    <PriorLearning CREATEDON="2019-09-21 01:41:04.851000000" MODIFIEDON="2019-09-21 01:41:37.976000000" NOTES="bbb-b" STUDENTID="16" QUALIFICATIONID="1" EXTERNALREF="bbb" TITLE="B" OUTCOMEIDTRAININGORG="bbb" ID="1002"/>



    <!-- PREFERENCE -->
    <Preference   NAME="finance.transaction_locked"   UNIQUEKEY="finance.transaction_locked" VALUESTRING="31-Dec-2015" ID="224"/>
    <Preference CREATEDON="2018-09-05 21:08:55.456000000" MODIFIEDON="2018-09-05 21:08:55.456000000" NAME="frame.bounds.User.list" USERID="1"  UNIQUEKEY="1frame.bounds.User.list" VALUESTRING="288,162,1344,756" ID="336"/>
    <Preference CREATEDON="2018-09-05 21:08:55.456000000" MODIFIEDON="2018-09-05 21:08:55.456000000" NAME="listview.columns.User.list" USERID="1"  UNIQUEKEY="1listview.columns.User.list" VALUESTRING="login:160,firstName:179,lastName:204,current_role.name:161,isActive:141,two_factor_property:140,defaultAdministrationCentre.name:189,lastLoginOn:158" ID="337"/>
    <Preference CREATEDON="2018-09-05 21:08:55.456000000" MODIFIEDON="2018-09-05 21:08:55.456000000" NAME="listview.column.sorted.User.list" USERID="1"  UNIQUEKEY="1listview.column.sorted.User.list" VALUESTRING="login:true," ID="338"/>
    <Preference CREATEDON="2018-09-05 21:08:55.456000000" MODIFIEDON="2018-09-05 21:08:55.456000000" NAME="frame.bounds.User.edit" USERID="1"  UNIQUEKEY="1frame.bounds.User.edit" VALUESTRING="288,162,1344,756" ID="341"/>
    <Preference CREATEDON="2018-09-05 21:13:44.875000000" MODIFIEDON="2018-09-05 21:13:44.875000000" NAME="frame.bounds.totpEnable" USERID="3"  UNIQUEKEY="3frame.bounds.totpEnable" VALUESTRING="288,162,1344,756" ID="342"/>
    <Preference CREATEDON="2018-09-01 00:00:00.0" MODIFIEDON="2018-09-01 00:00:00.0" NAME="security.password.expiry.period"   UNIQUEKEY="security.password.expiry.period" ID="438"/>
    <Preference CREATEDON="2018-10-03 20:32:43.642000000" MODIFIEDON="2018-10-03 20:32:43.642000000" NAME="toolbar.tab.active" USERID="203"  UNIQUEKEY="203toolbar.tab.active" VALUESTRING="customer" ID="539"/>
    <Preference CREATEDON="2018-11-29 00:43:17.468000000" MODIFIEDON="2018-11-29 00:43:17.468000000" NAME="account.invoice.terms"   UNIQUEKEY="account.invoice.terms" VALUESTRING="0" ID="637"/>
    <Preference CREATEDON="2018-11-29 00:52:42.937000000" MODIFIEDON="2018-11-29 00:52:42.937000000" NAME="courseclass_default_minimumPlaces"   UNIQUEKEY="courseclass_default_minimumPlaces" VALUESTRING="1" ID="638"/>
    <Preference CREATEDON="2018-11-29 00:52:42.966000000" MODIFIEDON="2018-11-29 00:52:42.966000000" NAME="courseclass_default_maximumPlaces"   UNIQUEKEY="courseclass_default_maximumPlaces" VALUESTRING="999" ID="639"/>
    <Preference CREATEDON="2018-11-29 01:01:18.253000000" MODIFIEDON="2018-11-29 01:01:18.346000000" NAME="qe.default.report.enrolment.keycode"   UNIQUEKEY="qe.default.report.enrolment.keycode" VALUESTRING="ish.onCourse.invoiceReport" ID="646"/>
    <Preference CREATEDON="2018-11-29 01:01:18.282000000" MODIFIEDON="2018-11-29 01:01:18.282000000" NAME="report_overlay_ish.onCourse.enrolmentConfirmation"   UNIQUEKEY="report_overlay_ish.onCourse.enrolmentConfirmation" ID="647"/>
    <Preference CREATEDON="2018-11-29 01:01:18.363000000" MODIFIEDON="2018-11-29 01:01:18.363000000" NAME="qe.default.report.invoice.keycode"   UNIQUEKEY="qe.default.report.invoice.keycode" VALUESTRING="ish.onCourse.invoiceReport" ID="648"/>
    <Preference CREATEDON="2018-11-29 01:01:18.373000000" MODIFIEDON="2018-11-29 01:01:18.373000000" NAME="report_overlay_ish.onCourse.invoiceReport"   UNIQUEKEY="report_overlay_ish.onCourse.invoiceReport" ID="649"/>
    <Preference CREATEDON="2018-11-29 01:11:11.820000000" MODIFIEDON="2018-11-29 01:11:11.820000000" NAME="frame.bounds.Site.list" USERID="1"  UNIQUEKEY="1frame.bounds.Site.list" VALUESTRING="288,162,1344,756" ID="650"/>
    <Preference CREATEDON="2018-11-29 01:11:11.819000000" MODIFIEDON="2018-11-29 01:11:11.819000000" NAME="dashboard.categories.sorting" USERID="1"  UNIQUEKEY="1dashboard.categories.sorting" VALUESTRING="quickEnroll,accounts,certificates,classes,contacts,corporatePass,courses,depositBanking,discounts,documents,enrolments,invoices,memberships,paymentsIn,paymentsOut,products,qualifications,rooms,sites,studentFeedback,students,tags,traineeshipCourses,traineeships,transactions,tutorPay,tutors,unitOfCompetency,voucherTypes,vouchers,waitingLists" ID="651"/>
    <Preference CREATEDON="2018-11-29 01:11:11.820000000" MODIFIEDON="2018-11-29 01:11:11.820000000" NAME="frame.bounds.Budget item: Income/Funding.edit" USERID="1"  UNIQUEKEY="1frame.bounds.Budget item: Income/Funding.edit" VALUESTRING="308,182,1344,763" ID="652"/>
    <Preference CREATEDON="2018-11-29 01:11:11.823000000" MODIFIEDON="2018-11-29 01:11:11.823000000" NAME="listview.filters.collapsing.Enrolment.core_filters" USERID="1"  UNIQUEKEY="1listview.filters.collapsing.Enrolment.core_filters" VALUESTRING="false" ID="653"/>
    <Preference CREATEDON="2018-11-29 01:11:11.819000000" MODIFIEDON="2018-11-29 01:11:11.819000000" NAME="frame.bounds.Funding Contract.list" USERID="1"  UNIQUEKEY="1frame.bounds.Funding Contract.list" VALUESTRING="288,162,1344,756" ID="654"/>
    <Preference CREATEDON="2018-11-29 01:11:11.820000000" MODIFIEDON="2018-11-29 01:11:11.820000000" NAME="frame.bounds.Site.edit" USERID="1"  UNIQUEKEY="1frame.bounds.Site.edit" VALUESTRING="288,162,1344,808" ID="655"/>
    <Preference CREATEDON="2018-11-29 01:11:11.820000000" MODIFIEDON="2018-11-29 01:11:11.820000000" NAME="listview.columns.Contact.list" USERID="1"  UNIQUEKEY="1listview.columns.Contact.list" VALUESTRING="type_prop:189,fullName:189,short_birth_date:189,street:188,suburb:189,student.studentNumber:188" ID="656"/>
    <Preference CREATEDON="2018-11-29 01:11:11.822000000" MODIFIEDON="2018-11-29 01:11:11.822000000" NAME="listview.columns.Course Class.list" USERID="1"  UNIQUEKEY="1listview.columns.Course Class.list" VALUESTRING="status_icon:16,course.name:106,uniqueCode:115,displayable_start_date:193,displayable_end_date:201,sessions_count_prop:71,fee_with_tax:103,tutor_names_abridged:95,room.site.name:85,enrolments_count:70,places_left:77" ID="657"/>
    <Preference CREATEDON="2018-11-29 01:11:11.820000000" MODIFIEDON="2018-11-29 01:11:11.820000000" NAME="listview.column.sorted.Contact.list" USERID="1"  UNIQUEKEY="1listview.column.sorted.Contact.list" VALUESTRING="fullName:true," ID="658"/>
    <Preference CREATEDON="2018-11-29 01:11:11.821000000" MODIFIEDON="2018-11-29 01:11:11.821000000" NAME="listview.filters.collapsing.Course.core_filters" USERID="1"  UNIQUEKEY="1listview.filters.collapsing.Course.core_filters" VALUESTRING="false" ID="659"/>
    <Preference CREATEDON="2018-11-29 01:11:11.821000000" MODIFIEDON="2018-11-29 01:11:11.821000000" NAME="frame.bounds.avetmiss_export_8" USERID="1"  UNIQUEKEY="1frame.bounds.avetmiss_export_8" VALUESTRING="308,182,1344,839" ID="660"/>
    <Preference CREATEDON="2018-11-29 01:11:11.823000000" MODIFIEDON="2018-11-29 01:11:11.823000000" NAME="listview.divider.Outcome.list" USERID="1"  UNIQUEKEY="1listview.divider.Outcome.list" VALUESTRING="200" ID="661"/>
    <Preference CREATEDON="2018-11-29 01:11:11.819000000" MODIFIEDON="2018-11-29 01:11:11.819000000" NAME="listview.columns.Funding Contract.list" USERID="1"  UNIQUEKEY="1listview.columns.Funding Contract.list" VALUESTRING="name:588,payer.fullName:362,last_export_run_prop:382" ID="662"/>
    <Preference CREATEDON="2018-11-29 01:11:11.822000000" MODIFIEDON="2018-11-29 01:11:11.822000000" NAME="frame.bounds.Enrolment.edit" USERID="1"  UNIQUEKEY="1frame.bounds.Enrolment.edit" VALUESTRING="288,162,1344,763" ID="663"/>
    <Preference CREATEDON="2018-11-29 01:11:11.824000000" MODIFIEDON="2018-11-29 01:11:11.824000000" NAME="frame.bounds.Enrolment.list" USERID="1"  UNIQUEKEY="1frame.bounds.Enrolment.list" VALUESTRING="288,162,1344,756" ID="664"/>
    <Preference CREATEDON="2018-11-29 01:11:11.821000000" MODIFIEDON="2018-11-29 01:11:11.821000000" NAME="frame.bounds.quickEnrol" USERID="1"  UNIQUEKEY="1frame.bounds.quickEnrol" VALUESTRING="0,23,1024,842" ID="665"/>
    <Preference CREATEDON="2018-11-29 01:11:11.823000000" MODIFIEDON="2018-11-29 01:11:11.823000000" NAME="frame.bounds.Outcome.edit" USERID="1"  UNIQUEKEY="1frame.bounds.Outcome.edit" VALUESTRING="328,202,1344,756" ID="666"/>
    <Preference CREATEDON="2018-11-29 01:11:11.823000000" MODIFIEDON="2018-11-29 01:11:11.823000000" NAME="listview.column.sorted.Course Class.list" USERID="1"  UNIQUEKEY="1listview.column.sorted.Course Class.list" VALUESTRING="course.name:true," ID="667"/>
    <Preference CREATEDON="2018-11-29 01:11:11.821000000" MODIFIEDON="2018-11-29 01:11:11.821000000" NAME="frame.bounds.Course.list" USERID="1"  UNIQUEKEY="1frame.bounds.Course.list" VALUESTRING="288,162,1344,756" ID="668"/>
    <Preference CREATEDON="2018-11-29 01:11:11.823000000" MODIFIEDON="2018-11-29 01:11:11.823000000" NAME="listview.filters.collapsing.Outcome.core_filters" USERID="1"  UNIQUEKEY="1listview.filters.collapsing.Outcome.core_filters" VALUESTRING="false" ID="669"/>
    <Preference CREATEDON="2018-11-29 01:11:11.819000000" MODIFIEDON="2018-11-29 01:11:11.819000000" NAME="frame.bounds.Funding Contract.edit" USERID="1"  UNIQUEKEY="1frame.bounds.Funding Contract.edit" VALUESTRING="288,162,1344,756" ID="670"/>
    <Preference CREATEDON="2018-11-29 01:11:11.815000000" MODIFIEDON="2018-11-29 01:11:11.815000000" NAME="dashboard.use.new" USERID="1"  UNIQUEKEY="1dashboard.use.new" VALUESTRING="true" ID="671"/>
    <Preference CREATEDON="2018-11-29 01:11:11.820000000" MODIFIEDON="2018-11-29 01:11:11.820000000" NAME="frame.bounds.courseclass.edit" USERID="1"  UNIQUEKEY="1frame.bounds.courseclass.edit" VALUESTRING="288,162,1344,763" ID="672"/>
    <Preference CREATEDON="2018-11-29 01:11:11.823000000" MODIFIEDON="2018-11-29 01:11:11.823000000" NAME="listview.columns.Enrolment.list" USERID="1"  UNIQUEKEY="1listview.columns.Enrolment.list" VALUESTRING="source:171,student.contact.fullName:167,courseClass.uniqueCode:196,courseClass.course.name:187,status_string:174,created_on_displayable:237" ID="673"/>
    <Preference CREATEDON="2018-11-29 01:11:11.820000000" MODIFIEDON="2018-11-29 01:11:11.820000000" NAME="frame.bounds.Tutor.edit" USERID="1"  UNIQUEKEY="1frame.bounds.Tutor.edit" VALUESTRING="308,182,1344,763" ID="674"/>
    <Preference CREATEDON="2018-11-29 01:11:11.819000000" MODIFIEDON="2018-11-29 01:11:11.819000000" NAME="frame.bounds.Room.edit" USERID="1"  UNIQUEKEY="1frame.bounds.Room.edit" VALUESTRING="288,162,1344,808" ID="675"/>
    <Preference CREATEDON="2018-11-29 01:11:11.821000000" MODIFIEDON="2018-12-05 04:54:44.694000000" NAME="avetmiss.export.settings" USERID="1"  UNIQUEKEY="1avetmiss.export.settings" VALUESTRING="Western Australia:true,New South Wales:true,Victoria:true,Tasmania:true,No Australian state defined:true,CSO (Community Colleges):true,South Australia:true,DETConnect (Queensland):true,Fee for service VET (non-funded):true,Australian Capital Territory:true,Northern Territory:true,AVETARS (ACT):true,Queensland:true,Non VET:true" ID="676"/>
    <Preference CREATEDON="2018-11-29 01:11:11.823000000" MODIFIEDON="2018-11-29 01:11:11.823000000" NAME="frame.bounds.Outcome.list" USERID="1"  UNIQUEKEY="1frame.bounds.Outcome.list" VALUESTRING="328,202,1344,756" ID="677"/>
    <Preference CREATEDON="2018-11-29 01:11:11.820000000" MODIFIEDON="2018-11-29 01:11:11.820000000" NAME="listview.column.sorted.Site.list" USERID="1"  UNIQUEKEY="1listview.column.sorted.Site.list" VALUESTRING="name:true," ID="678"/>
    <Preference CREATEDON="2018-11-29 01:11:11.820000000" MODIFIEDON="2018-11-29 01:11:11.820000000" NAME="listview.columns.Course.list" USERID="1"  UNIQUEKEY="1listview.columns.Course.list" VALUESTRING="name:226,code:227,fieldOfEducation:226,qualification.nationalCode:227,current_classes_count:226" ID="679"/>
    <Preference CREATEDON="2018-11-29 01:11:11.822000000" MODIFIEDON="2018-11-29 01:11:11.822000000" NAME="listview.divider.Course Class.list" USERID="1"  UNIQUEKEY="1listview.divider.Course Class.list" VALUESTRING="200" ID="680"/>
    <Preference CREATEDON="2018-11-29 01:11:11.819000000" MODIFIEDON="2018-11-29 01:11:11.819000000" NAME="listview.column.sorted.Funding Contract.list" USERID="1"  UNIQUEKEY="1listview.column.sorted.Funding Contract.list" VALUESTRING="name:true," ID="681"/>
    <Preference CREATEDON="2018-11-29 01:11:11.820000000" MODIFIEDON="2018-11-29 01:11:11.820000000" NAME="frame.bounds.traineeship.edit" USERID="1"  UNIQUEKEY="1frame.bounds.traineeship.edit" VALUESTRING="288,162,1344,756" ID="682"/>
    <Preference CREATEDON="2018-11-29 01:11:11.823000000" MODIFIEDON="2018-11-29 01:11:11.823000000" NAME="listview.column.sorted.Enrolment.list" USERID="1"  UNIQUEKEY="1listview.column.sorted.Enrolment.list" VALUESTRING="source:true," ID="683"/>
    <Preference CREATEDON="2018-11-29 01:11:11.820000000" MODIFIEDON="2018-11-29 01:11:11.820000000" NAME="listview.filters.collapsing.Contact.core_filters" USERID="1"  UNIQUEKEY="1listview.filters.collapsing.Contact.core_filters" VALUESTRING="false" ID="684"/>
    <Preference CREATEDON="2018-11-29 01:11:11.821000000" MODIFIEDON="2018-11-29 01:11:11.821000000" NAME="listview.column.sorted.Course.list" USERID="1"  UNIQUEKEY="1listview.column.sorted.Course.list" VALUESTRING="name:true," ID="685"/>
    <Preference CREATEDON="2018-11-29 01:11:11.822000000" MODIFIEDON="2018-11-29 01:11:11.822000000" NAME="listview.filters.collapsing.CourseClass.core_filters" USERID="1"  UNIQUEKEY="1listview.filters.collapsing.CourseClass.core_filters" VALUESTRING="false" ID="686"/>
    <Preference CREATEDON="2018-11-29 01:11:11.820000000" MODIFIEDON="2018-11-29 01:11:11.820000000" NAME="listview.divider.Contact.list" USERID="1"  UNIQUEKEY="1listview.divider.Contact.list" VALUESTRING="200" ID="687"/>
    <Preference CREATEDON="2018-11-29 01:11:11.823000000" MODIFIEDON="2018-11-29 01:11:11.823000000" NAME="listview.columns.Outcome.list" USERID="1"  UNIQUEKEY="1listview.columns.Outcome.list" VALUESTRING="student_key.contact.fullName:91,course_name_key:111,course_unique_code_key:120,module_code_key:75,module_title_key:75,status_key:339,start_date_key:157,end_date_key:164" ID="688"/>
    <Preference CREATEDON="2018-11-29 01:11:11.820000000" MODIFIEDON="2018-11-29 01:11:11.820000000" NAME="frame.bounds.Contact.edit" USERID="1"  UNIQUEKEY="1frame.bounds.Contact.edit" VALUESTRING="288,162,1344,756" ID="689"/>
    <Preference CREATEDON="2018-11-29 01:11:11.821000000" MODIFIEDON="2018-11-29 01:11:11.821000000" NAME="listview.divider.quickEnrol" USERID="1"  UNIQUEKEY="1listview.divider.quickEnrol" VALUESTRING="312" ID="690"/>
    <Preference CREATEDON="2018-11-29 01:11:11.820000000" MODIFIEDON="2018-11-29 01:11:11.820000000" NAME="frame.bounds.Contact.list" USERID="1"  UNIQUEKEY="1frame.bounds.Contact.list" VALUESTRING="288,162,1344,756" ID="691"/>
    <Preference CREATEDON="2018-11-29 01:11:11.823000000" MODIFIEDON="2018-11-29 01:11:11.823000000" NAME="frame.bounds.Course Class.list" USERID="1"  UNIQUEKEY="1frame.bounds.Course Class.list" VALUESTRING="288,162,1344,756" ID="692"/>
    <Preference CREATEDON="2018-11-29 01:11:11.823000000" MODIFIEDON="2018-11-29 01:11:11.823000000" NAME="listview.divider.Enrolment.list" USERID="1"  UNIQUEKEY="1listview.divider.Enrolment.list" VALUESTRING="200" ID="693"/>
    <Preference CREATEDON="2018-11-29 01:11:11.820000000" MODIFIEDON="2018-11-29 01:11:11.820000000" NAME="listview.divider.Course.list" USERID="1"  UNIQUEKEY="1listview.divider.Course.list" VALUESTRING="200" ID="694"/>
    <Preference CREATEDON="2018-11-29 01:11:11.823000000" MODIFIEDON="2018-11-29 01:11:11.823000000" NAME="listview.column.sorted.Outcome.list" USERID="1"  UNIQUEKEY="1listview.column.sorted.Outcome.list" VALUESTRING="student_key.contact.fullName:true," ID="695"/>
    <Preference CREATEDON="2018-11-29 01:11:11.820000000" MODIFIEDON="2018-11-29 01:11:11.820000000" NAME="listview.columns.Site.list" USERID="1"  UNIQUEKEY="1listview.columns.Site.list" VALUESTRING="name:373,suburb:318,postcode:318,isAdministrationCentre:323" ID="696"/>
    <Preference CREATEDON="2018-11-30 23:32:24.607000000" MODIFIEDON="2018-11-30 23:32:24.607000000" NAME="listview.column.sorted.Membership Product.list" USERID="1"  UNIQUEKEY="1listview.column.sorted.Membership Product.list" VALUESTRING="name:true," ID="736"/>
    <Preference CREATEDON="2018-11-30 23:32:24.607000000" MODIFIEDON="2018-11-30 23:32:24.607000000" NAME="listview.columns.Membership Product.list" USERID="1"  UNIQUEKEY="1listview.columns.Membership Product.list" VALUESTRING="name:377,price_with_tax:378,sku:377" ID="737"/>
    <Preference CREATEDON="2018-11-30 23:32:24.607000000" MODIFIEDON="2018-11-30 23:32:24.607000000" NAME="frame.bounds.Membership Product.list" USERID="1"  UNIQUEKEY="1frame.bounds.Membership Product.list" VALUESTRING="288,162,1344,756" ID="738"/>
    <Preference CREATEDON="2018-11-30 23:32:24.607000000" MODIFIEDON="2018-11-30 23:32:24.607000000" NAME="listview.filters.collapsing.Product.core_filters" USERID="1"  UNIQUEKEY="1listview.filters.collapsing.Product.core_filters" VALUESTRING="false" ID="739"/>
    <Preference CREATEDON="2018-11-30 23:32:24.606000000" MODIFIEDON="2018-11-30 23:32:24.607000000" NAME="listview.divider.Membership Product.list" USERID="1"  UNIQUEKEY="1listview.divider.Membership Product.list" VALUESTRING="200" ID="740"/>
    <Preference CREATEDON="2019-01-11 23:56:33.458000000" MODIFIEDON="2019-01-11 23:56:33.458000000" NAME="avetmiss.address.line2"   UNIQUEKEY="avetmiss.address.line2" VALUESTRING="24 Jackson Street" ID="836"/>
    <Preference CREATEDON="2019-01-11 23:56:33.520000000" MODIFIEDON="2019-01-11 23:56:33.520000000" NAME="avetmiss.collegename"   UNIQUEKEY="avetmiss.collegename" VALUESTRING="Test Organisation" ID="837"/>
    <Preference CREATEDON="2019-01-11 23:56:33.529000000" MODIFIEDON="2019-01-11 23:56:33.529000000" NAME="avetmiss.contactname"   UNIQUEKEY="avetmiss.contactname" VALUESTRING="Goran Bregovich" ID="838"/>
    <Preference CREATEDON="2019-01-11 23:56:33.538000000" MODIFIEDON="2019-01-11 23:56:33.538000000" NAME="avetmiss.email"   UNIQUEKEY="avetmiss.email" VALUESTRING="sales@test.edu.au" ID="839"/>
    <Preference CREATEDON="2019-01-11 23:56:33.547000000" MODIFIEDON="2019-01-11 23:56:33.547000000" NAME="avetmiss.fax"   UNIQUEKEY="avetmiss.fax" VALUESTRING="(03) 6271 3444" ID="840"/>
    <Preference CREATEDON="2019-01-11 23:56:33.560000000" MODIFIEDON="2019-01-11 23:56:33.560000000" NAME="avetmiss.identifier"   UNIQUEKEY="avetmiss.identifier" VALUESTRING="60071" ID="841"/>
    <Preference CREATEDON="2019-01-11 23:56:33.566000000" MODIFIEDON="2019-01-11 23:56:33.566000000" NAME="avetmiss.phone"   UNIQUEKEY="avetmiss.phone" VALUESTRING="1300 732 377" ID="842"/>
    <Preference CREATEDON="2019-01-11 23:56:33.582000000" MODIFIEDON="2019-01-11 23:56:33.582000000" NAME="avetmiss.address.state"   UNIQUEKEY="avetmiss.address.state" VALUESTRING="06" ID="843"/>
    <Preference CREATEDON="2019-01-11 23:56:33.599000000" MODIFIEDON="2019-01-11 23:56:33.599000000" NAME="avetmiss.type"   UNIQUEKEY="avetmiss.type" VALUESTRING="91" ID="844"/>
    <Preference   NAME="account.prepaidFeesPostAt"   UNIQUEKEY="account.prepaidFeesPostAt" VALUESTRING="everySession" ID="41"/>
    <Preference CREATEDON="2012-06-20 00:00:00.0" MODIFIEDON="2012-06-20 00:00:00.0" NAME="replication.v4.enabled"   UNIQUEKEY="replication.v4.enabled" VALUESTRING="false" ID="200"/>
    <Preference CREATEDON="2012-06-20 10:27:49.0" MODIFIEDON="2012-06-20 10:27:49.0" NAME="services.authenticated"   UNIQUEKEY="services.authenticated" VALUESTRING="true" ID="201"/>
    <Preference CREATEDON="2012-06-20 10:27:49.0" MODIFIEDON="2018-09-05 21:01:21.779000000" NAME="database.used"   UNIQUEKEY="database.used" VALUESTRING="database.derby" ID="202"/>
    <Preference CREATEDON="2012-06-20 10:27:50.0" MODIFIEDON="2012-06-20 10:27:50.0" NAME="account.default.bank.id"   UNIQUEKEY="account.default.bank.code" VALUESTRING="1" ID="203"/>
    <Preference CREATEDON="2012-06-20 10:27:51.0" MODIFIEDON="2012-06-20 10:27:51.0" NAME="ldap.base.dn"   UNIQUEKEY="ldap.base.dn" VALUESTRING="dc=onCourse,dc=com,dc=au" ID="204"/>
    <Preference CREATEDON="2012-06-20 10:27:51.0" MODIFIEDON="2012-06-20 10:27:51.0" NAME="ldap.host"   UNIQUEKEY="ldap.host" VALUESTRING="onCourse.college.com.au" ID="205"/>
    <Preference CREATEDON="2012-06-20 10:27:51.0" MODIFIEDON="2012-06-20 10:27:51.0" NAME="ldap.serverport"   UNIQUEKEY="ldap.serverport" VALUESTRING="389" ID="206"/>
    <Preference CREATEDON="2012-06-20 10:27:51.0" MODIFIEDON="2012-06-20 10:27:51.0" NAME="ldap.security"   UNIQUEKEY="ldap.security" VALUESTRING="simple" ID="207"/>
    <Preference CREATEDON="2012-06-20 10:27:51.0" MODIFIEDON="2012-06-20 10:27:51.0" NAME="ldap.username.attibute"   UNIQUEKEY="ldap.username.attibute" VALUESTRING="uid" ID="208"/>
    <Preference CREATEDON="2012-06-20 10:27:51.0" MODIFIEDON="2012-06-20 10:27:51.0" NAME="ldap.user.search.filter"   UNIQUEKEY="ldap.user.search.filter" VALUESTRING="(objectClass=onCourse)" ID="209"/>
    <Preference CREATEDON="2012-06-20 10:27:51.0" MODIFIEDON="2012-06-20 10:27:51.0" NAME="ldap.group.member.attibute"   UNIQUEKEY="ldap.group.member.attibute" VALUESTRING="member" ID="210"/>
    <Preference CREATEDON="2012-06-20 10:27:51.0" MODIFIEDON="2012-06-20 10:27:51.0" NAME="ldap.group.attibute"   UNIQUEKEY="ldap.group.attibute" VALUESTRING="cn" ID="211"/>
    <Preference CREATEDON="2012-06-20 10:27:51.0" MODIFIEDON="2012-06-20 10:27:51.0" NAME="ldap.group.search.filter"   UNIQUEKEY="ldap.group.search.filter" VALUESTRING="(&amp;(objectClass=groupOfNames)(ou=onCourse))" ID="212"/>
    <Preference CREATEDON="2012-06-20 10:27:51.0" MODIFIEDON="2012-06-20 10:27:51.0" NAME="ldap.group.posixstyle"   UNIQUEKEY="ldap.group.posixstyle" VALUESTRING="false" ID="213"/>
    <Preference CREATEDON="2012-06-20 10:27:51.0" MODIFIEDON="2019-01-11 23:56:33.269000000" NAME="avetmiss.address.line1"   UNIQUEKEY="avetmiss.address.line1" VALUESTRING="PO Box 1119" ID="214"/>
    <Preference CREATEDON="2012-06-20 10:27:51.0" MODIFIEDON="2019-01-11 23:56:33.588000000" NAME="avetmiss.address.suburb"   UNIQUEKEY="avetmiss.address.suburb" VALUESTRING="Glenorchy" ID="215"/>
    <Preference CREATEDON="2012-06-20 10:27:51.0" MODIFIEDON="2019-01-11 23:56:33.573000000" NAME="avetmiss.address.postcode"   UNIQUEKEY="avetmiss.address.postcode" VALUESTRING="7010" ID="216"/>
    <Preference CREATEDON="2012-06-20 10:27:51.0" MODIFIEDON="2012-06-20 10:27:51.0" NAME="print.header"   UNIQUEKEY="print.header" VALUESTRING="


" ID="217"/>
    <Preference CREATEDON="2012-06-20 10:27:51.0" MODIFIEDON="2012-06-20 10:27:51.0" NAME="enableRTOGUI"   UNIQUEKEY="enableRTOGUI" VALUESTRING="true" ID="218"/>
    <Preference CREATEDON="2012-06-20 10:27:52.0" MODIFIEDON="2012-06-20 10:27:52.0" NAME="avetmiss.certificate.signatory.name"   UNIQUEKEY="avetmiss.certificate.signatory.name" VALUESTRING="Principal" ID="219"/>
    <Preference CREATEDON="2012-06-20 10:27:53.0" MODIFIEDON="2019-01-11 23:51:41.85000000" NAME="data.wed.version"   UNIQUEKEY="data.wed.version" VALUESTRING="development" ID="220"/>
    <Preference CREATEDON="2012-06-20 10:28:05.0" MODIFIEDON="2012-06-20 10:28:05.0" NAME="services.soap.communication.key"   UNIQUEKEY="services.soap.communication.key" VALUESTRING="-1152920164454761137" ID="222"/>
    <Preference CREATEDON="2012-06-20 10:28:05.0" MODIFIEDON="2012-06-20 10:28:05.0" NAME="logout.timeout"   UNIQUEKEY="logout.timeout" VALUESTRING="60" ID="223"/>
        <Preference CREATEDON="2014-07-01 21:54:39.0" MODIFIEDON="2014-07-01 21:54:39.0" NAME="license.externaldb" UNIQUEKEY="license.externaldb" VALUESTRING="true" ID="846"/>
        <Preference CREATEDON="2014-07-01 21:54:39.0" MODIFIEDON="2014-07-02 00:43:35.0" NAME="license.access_control" UNIQUEKEY="license.access_control" VALUESTRING="true" ID="847"/>
        <Preference CREATEDON="2014-07-01 21:54:39.0" MODIFIEDON="2015-08-04 01:07:03.0" NAME="license.sms" UNIQUEKEY="license.sms" VALUESTRING="true" ID="849"/>
        <Preference CREATEDON="2014-07-01 21:54:39.0" MODIFIEDON="2014-07-01 21:54:39.0" NAME="license.ssl" UNIQUEKEY="license.ssl" VALUESTRING="true" ID="852"/>
        <Preference CREATEDON="2014-07-01 21:54:39.0" MODIFIEDON="2015-03-07 02:18:21.0" NAME="license.budget" UNIQUEKEY="license.budget" VALUESTRING="true" ID="855"/>
        <Preference CREATEDON="2014-07-01 21:54:39.0" MODIFIEDON="2014-07-01 21:54:39.0" NAME="license.website" UNIQUEKEY="license.website" VALUESTRING="true" ID="856"/>
        <Preference CREATEDON="2014-11-04 02:31:05.0" MODIFIEDON="2016-06-07 22:16:45.0" NAME="license.scripting" UNIQUEKEY="license.scripting" VALUESTRING="true" ID="857"/>
        <Preference CREATEDON="2019-04-04 22:33:12.0" MODIFIEDON="2019-04-04 22:33:12.0" NAME="college.abn" UNIQUEKEY="college.abn" VALUESTRING="abn000" ID="860"/>
        <Preference CREATEDON="2019-04-04 22:33:12.0" MODIFIEDON="2019-04-04 22:33:12.0" NAME="college.name" UNIQUEKEY="college.name" VALUESTRING="Test College" ID="861"/>
        <Preference CREATEDON="2019-04-04 22:33:12.0" MODIFIEDON="2019-04-04 22:33:12.0" NAME="oncourse.server.timezone.default" UNIQUEKEY="oncourse.server.timezone.default" VALUESTRING="Australia/Adelaide" ID="862"/>


    <Preference CREATEDON="2019-08-07 20:41:15.285000000" MODIFIEDON="2019-08-07 20:41:15.285000000" NAME="mail.smtp.port" UNIQUEKEY="mail.smtp.port" VALUESTRING="25" ID="863"/>
    <Preference CREATEDON="2019-08-07 20:41:15.367000000" MODIFIEDON="2019-08-07 20:41:15.367000000" NAME="mail.smtp.starttls.enable" UNIQUEKEY="mail.smtp.starttls.enable" VALUESTRING="false" ID="864"/>
    <Preference CREATEDON="2019-08-07 20:44:52.332000000" MODIFIEDON="2019-08-07 20:44:52.332000000" NAME="frame.bounds.Message.list" USERID="1" UNIQUEKEY="1frame.bounds.Message.list" VALUESTRING="308,182,1344,756" ID="865"/>
    <Preference CREATEDON="2019-08-07 20:49:01.686000000" MODIFIEDON="2019-08-07 20:49:01.686000000" NAME="email.admin" UNIQUEKEY="email.admin" VALUESTRING="admin@gmail.com" ID="866"/>
    <Preference CREATEDON="2019-08-07 20:49:01.703000000" MODIFIEDON="2019-08-07 20:49:01.703000000" NAME="email.from" UNIQUEKEY="email.from" VALUESTRING="sales@gmail.com" ID="867"/>
    <Preference CREATEDON="2019-08-07 20:49:01.725000000" MODIFIEDON="2019-08-07 20:49:01.725000000" NAME="email.from.name" UNIQUEKEY="email.from.name" VALUESTRING="Test Email" ID="868"/>
    <Preference CREATEDON="2019-08-07 20:49:01.759000000" MODIFIEDON="2019-08-07 20:49:01.759000000" NAME="email.smtphost" UNIQUEKEY="email.smtphost" VALUESTRING="mx.colo" ID="869"/>



    <!-- COURSE -->
    <Course CODE="course1" CREATEDON="2018-11-29 00:52:26.570000000" ISSHOWNONWEB="1" ISVET="1" MODIFIEDON="2018-11-29 00:59:01.98000000" QUALIFICATIONID="1" ALLOWWAITINGLISTS="1" FIELDOFEDUCATION="0313" ISSUFFICIENTFORQUALIFICATION="0" CURRENTLYOFFERED="1" REPORTABLEHOURS="0.0" ISTRAINEESHIP="0" NAME="Course1" ENROLMENTTYPE="1" ID="1" FIELDCONFIGURATIONSCHEMAID="102" FEEHELPCLASS="0"/>
        <Course CODE="course2" CREATEDON="2019-04-12 21:13:21.468000000" ISSHOWNONWEB="1" ISVET="0" MODIFIEDON="2019-04-12 21:16:15.15000000" ALLOWWAITINGLISTS="1" ISSUFFICIENTFORQUALIFICATION="0" CURRENTLYOFFERED="1" REPORTABLEHOURS="0.0" ISTRAINEESHIP="0" NAME="Course2" ENROLMENTTYPE="1" ID="2" FIELDCONFIGURATIONSCHEMAID="102" FEEHELPCLASS="0"/>
        <Course CODE="course3" CREATEDON="2019-06-11 01:14:51.616000000" ISSHOWNONWEB="1" ISVET="0" MODIFIEDON="2019-06-11 01:18:09.118000000" ALLOWWAITINGLISTS="1" ISSUFFICIENTFORQUALIFICATION="0" CURRENTLYOFFERED="1" REPORTABLEHOURS="0.0" ISTRAINEESHIP="0" NAME="Course3" ENROLMENTTYPE="2" ID="3" FIELDCONFIGURATIONSCHEMAID="102" FEEHELPCLASS="0"/>
        <Course CODE="course4" CREATEDON="2019-06-11 01:15:31.808000000" ISSHOWNONWEB="1" ISVET="1" MODIFIEDON="2019-06-18 22:16:33.114000000" QUALIFICATIONID="3" ALLOWWAITINGLISTS="1" FIELDOFEDUCATION="0915" ISSUFFICIENTFORQUALIFICATION="1" CURRENTLYOFFERED="1" REPORTABLEHOURS="12.0" ISTRAINEESHIP="0" NAME="Course4" ENROLMENTTYPE="2" ID="4" FIELDCONFIGURATIONSCHEMAID="102" FEEHELPCLASS="0"/>
    <Course CODE="merge" CREATEDON="2018-09-20 01:16:37.811000000" ISSHOWNONWEB="1" ISVET="1" MODIFIEDON="2018-09-20 01:16:35.660000000" QUALIFICATIONID="3" WEBDESCRIPTION="Description: This Course is for testing contacts merging" ALLOWWAITINGLISTS="1" FIELDOFEDUCATION="0915" ISSUFFICIENTFORQUALIFICATION="1" CURRENTLYOFFERED="1" REPORTABLEHOURS="12.0" ISTRAINEESHIP="0" NAME="Course for testing contacts merging" ENROLMENTTYPE="1" ID="5" FIELDCONFIGURATIONSCHEMAID="102" FEEHELPCLASS="0"/>

    <Course CODE="cancel" CREATEDON="2018-11-04 01:16:37.811000000" ISSHOWNONWEB="1" ISVET="1" MODIFIEDON="2018-11-04 01:16:35.660000000" QUALIFICATIONID="3" WEBDESCRIPTION="Description: This Course is for testing cancelling course/class" ALLOWWAITINGLISTS="1" FIELDOFEDUCATION="0915" ISSUFFICIENTFORQUALIFICATION="1" CURRENTLYOFFERED="1" REPORTABLEHOURS="12.0" ISTRAINEESHIP="0" NAME="Course for testing cancelling" ENROLMENTTYPE="1" ID="6" FIELDCONFIGURATIONSCHEMAID="102" FEEHELPCLASS="0"/>

    <Course CODE="crs111" CREATEDON="2018-11-29 00:52:26.570000000" ISSHOWNONWEB="1" ISVET="1" MODIFIEDON="2018-11-29 00:59:01.98000000" QUALIFICATIONID="1" ALLOWWAITINGLISTS="1" FIELDOFEDUCATION="0313" ISSUFFICIENTFORQUALIFICATION="0" CURRENTLYOFFERED="1" REPORTABLEHOURS="0.0" ISTRAINEESHIP="0" NAME="Course111" ENROLMENTTYPE="1" ID="111" FIELDCONFIGURATIONSCHEMAID="102" FEEHELPCLASS="0"/>

    <Course CODE="lead1" CREATEDON="2018-11-29 00:52:26.570000000" ISSHOWNONWEB="1" ISVET="1" MODIFIEDON="2018-11-29 00:59:01.98000000" QUALIFICATIONID="1" ALLOWWAITINGLISTS="1" FIELDOFEDUCATION="0313" ISSUFFICIENTFORQUALIFICATION="0" CURRENTLYOFFERED="1" REPORTABLEHOURS="0.0" ISTRAINEESHIP="0" NAME="FirstLeadCourse" ENROLMENTTYPE="1" ID="112" FIELDCONFIGURATIONSCHEMAID="102" FEEHELPCLASS="0"/>




    <!-- COURSECLASS -->
    <CourseClass CODE="1" COURSEID="1" CREATEDON="2018-11-29 00:55:23.185000000" ENDDATETIME="2017-05-10 01:54:31.0" FEEEXGST="454.55" INCOMEACCOUNTID="7" ISCANCELLED="0" ISDISTANTLEARNINGCOURSE="0" ISSHOWNONWEB="0" MAXIMUMPLACES="999" MINIMUMPLACES="1" MINUTESPERSESSION="60" MODIFIEDON="2018-11-30 23:31:19.350000000" ROOMID="1" SESSIONCOUNT="10" STARTDATETIME="2017-05-01 00:54:31.0" TAXID="1" WEBDESCRIPTION="some web description" DELIVERYMODE="1" FUNDINGSOURCE="3" BUDGETEDPLACES="0" SESSIONSSKIPWEEKENDS="0" SESSIONREPEATTYPE="6" SESSIONREPEATINTERVAL="1" ISCLASSFEEAPPLICATIONONLY="0" TAXADJUSTMENT="-0.01" DEPOSIT="454.55" ISACTIVE="1" SUPPRESSAVETMISSEXPORT="0" ATTENDANCETYPE="9" ID="1" REPORTABLEHOURS="0.0" EXPECTEDHOURS="0"/>
    <CourseClass CODE="2" COURSEID="1" CREATEDON="2018-11-29 00:57:11.843000000" ENDDATETIME="2027-12-01 01:56:27.0" FEEEXGST="545.45" INCOMEACCOUNTID="7" ISCANCELLED="0" ISDISTANTLEARNINGCOURSE="0" ISSHOWNONWEB="1" MAXIMUMPLACES="999" MINIMUMPLACES="1" MINUTESPERSESSION="60" MODIFIEDON="2018-11-30 23:31:19.406000000" ROOMID="1" SESSIONCOUNT="10" STARTDATETIME="2018-12-01 00:56:27.0" TAXID="1" DELIVERYMODE="1" FUNDINGSOURCE="3" BUDGETEDPLACES="0" SESSIONSSKIPWEEKENDS="0" SESSIONREPEATTYPE="1" SESSIONREPEATINTERVAL="1" ISCLASSFEEAPPLICATIONONLY="0" TAXADJUSTMENT="0.00" DEPOSIT="545.45" ISACTIVE="1" SUPPRESSAVETMISSEXPORT="0" ATTENDANCETYPE="9" ID="2" REPORTABLEHOURS="0.0" EXPECTEDHOURS="0"/>
    <CourseClass CODE="3" COURSEID="1" CREATEDON="2018-11-29 00:59:01.80000000" ENDDATETIME="2030-11-10 01:58:02.0" FEEEXGST="636.36" INCOMEACCOUNTID="7" ISCANCELLED="0" ISDISTANTLEARNINGCOURSE="0" ISSHOWNONWEB="1" MAXIMUMPLACES="999" MINIMUMPLACES="1" MINUTESPERSESSION="60" MODIFIEDON="2018-11-30 23:31:19.413000000" ROOMID="2" SESSIONCOUNT="10" STARTDATETIME="2030-11-01 00:58:02.0" TAXID="1" DELIVERYMODE="1" FUNDINGSOURCE="3" BUDGETEDPLACES="0" SESSIONSSKIPWEEKENDS="0" SESSIONREPEATTYPE="6" SESSIONREPEATINTERVAL="1" ISCLASSFEEAPPLICATIONONLY="0" TAXADJUSTMENT="0.00" DEPOSIT="636.36" ISACTIVE="1" SUPPRESSAVETMISSEXPORT="0" ATTENDANCETYPE="9" ID="3" REPORTABLEHOURS="0.0" EXPECTEDHOURS="0"/>
    <CourseClass CODE="1" COURSEID="2" CREATEDON="2019-04-12 21:15:09.479000000" ENDDATETIME="2029-12-01 22:14:32.0" FEEEXGST="318.18" INCOMEACCOUNTID="7" ISCANCELLED="0" ISDISTANTLEARNINGCOURSE="0" ISSHOWNONWEB="1" MAXIMUMPLACES="999" MINIMUMPLACES="1" MINUTESPERSESSION="60" MODIFIEDON="2019-04-12 21:15:09.479000000" ROOMID="1" SESSIONCOUNT="5" STARTDATETIME="2018-12-01 21:14:32.0" TAXID="1" DELIVERYMODE="1" FUNDINGSOURCE="3" BUDGETEDPLACES="0" SESSIONSSKIPWEEKENDS="0" SESSIONREPEATTYPE="1" SESSIONREPEATINTERVAL="1" ISCLASSFEEAPPLICATIONONLY="0" TAXADJUSTMENT="0.00" DEPOSIT="318.18" ISACTIVE="1" SUPPRESSAVETMISSEXPORT="0" ATTENDANCETYPE="9" ID="4" REPORTABLEHOURS="0.0" EXPECTEDHOURS="0"/>
    <CourseClass CODE="1111" COURSEID="2" CREATEDON="2019-04-12 21:15:09.479000000" ENDDATETIME="2029-12-01 22:14:32.0" FEEEXGST="318.18" INCOMEACCOUNTID="7" ISCANCELLED="0" ISDISTANTLEARNINGCOURSE="0" ISSHOWNONWEB="1" MAXIMUMPLACES="999" MINIMUMPLACES="1" MINUTESPERSESSION="60" MODIFIEDON="2019-04-12 21:15:09.479000000" ROOMID="1" SESSIONCOUNT="5" STARTDATETIME="2018-12-01 21:14:32.0" TAXID="1" DELIVERYMODE="1" FUNDINGSOURCE="3" BUDGETEDPLACES="0" SESSIONSSKIPWEEKENDS="0" SESSIONREPEATTYPE="1" SESSIONREPEATINTERVAL="1" ISCLASSFEEAPPLICATIONONLY="0" TAXADJUSTMENT="0.00" DEPOSIT="318.18" ISACTIVE="1" SUPPRESSAVETMISSEXPORT="0" ATTENDANCETYPE="9" ID="1111" REPORTABLEHOURS="0.0" EXPECTEDHOURS="0"/>
    <CourseClass CODE="2" COURSEID="2" CREATEDON="2019-04-12 21:16:14.978000000" ENDDATETIME="2031-03-01 22:15:57.0" FEEEXGST="409.09" INCOMEACCOUNTID="7" ISCANCELLED="0" ISDISTANTLEARNINGCOURSE="0" ISSHOWNONWEB="0" MAXIMUMPLACES="999" MINIMUMPLACES="1" MINUTESPERSESSION="60" MODIFIEDON="2019-04-12 21:16:14.978000000" ROOMID="2" SESSIONCOUNT="3" STARTDATETIME="2019-03-01 21:15:57.0" TAXID="1" DELIVERYMODE="1" FUNDINGSOURCE="3" BUDGETEDPLACES="0" SESSIONSSKIPWEEKENDS="0" SESSIONREPEATTYPE="1" SESSIONREPEATINTERVAL="1" ISCLASSFEEAPPLICATIONONLY="0" TAXADJUSTMENT="0.00" DEPOSIT="409.09" ISACTIVE="1" SUPPRESSAVETMISSEXPORT="0" ATTENDANCETYPE="9" ID="5" REPORTABLEHOURS="0.0" EXPECTEDHOURS="0"/>
    <CourseClass CODE="1" COURSEID="4" CREATEDON="2019-06-18 22:15:31.136000000" ENDDATETIME="2027-02-05 23:14:40.0" FEEEXGST="200.00" INCOMEACCOUNTID="7" ISCANCELLED="0" ISDISTANTLEARNINGCOURSE="0" ISSHOWNONWEB="1" MAXIMUMPLACES="999" MINIMUMPLACES="1" MINUTESPERSESSION="60" MODIFIEDON="2019-06-18 22:20:28.802000000" ROOMID="2" SESSIONCOUNT="5" STARTDATETIME="2027-02-01 22:14:40.0" TAXID="1" DELIVERYMODE="1" FUNDINGSOURCE="3" BUDGETEDPLACES="0" SESSIONSSKIPWEEKENDS="0" SESSIONREPEATTYPE="6" SESSIONREPEATINTERVAL="1" ISCLASSFEEAPPLICATIONONLY="0" TAXADJUSTMENT="0.00" DEPOSIT="200.00" ISACTIVE="1" SUPPRESSAVETMISSEXPORT="0" ATTENDANCETYPE="9" ID="6" REPORTABLEHOURS="12.0" EXPECTEDHOURS="0"/>

    <CourseClass CODE="1" COURSEID="5" CREATEDON="2019-09-20 19:16:28.3000000" ENDDATETIME="2029-10-01 20:14:22.0" FEEEXGST="200.00" INCOMEACCOUNTID="7" ISCANCELLED="0" ISDISTANTLEARNINGCOURSE="0" ISSHOWNONWEB="0" MAXIMUMPLACES="999" MINIMUMPLACES="1" MINUTESPERSESSION="60" MODIFIEDON="2019-09-20 19:17:25.97000000" ROOMID="1" SESSIONCOUNT="3" STARTDATETIME="2019-10-01 19:14:22.0" TAXID="2" WEBDESCRIPTION="description A" DELIVERYMODE="1" FUNDINGSOURCE="0" MESSAGE="message A" DETBOOKINGID="a" BUDGETEDPLACES="0" VETCOURSESITEID="111111" VETPURCHASINGCONTRACTID="a" VETPURCHASINGCONTRACTSCHEDULEID="a" VETFUNDINGSOURCESTATEID="a" SESSIONSSKIPWEEKENDS="0" SESSIONREPEATTYPE="1" SESSIONREPEATINTERVAL="1" ISCLASSFEEAPPLICATIONONLY="0" TAXADJUSTMENT="0.00" DEPOSIT="200.00" ISACTIVE="1" SUPPRESSAVETMISSEXPORT="0" ATTENDANCETYPE="9" ID="7" REPORTABLEHOURS="12.0" EXPECTEDHOURS="0"/>
    <CourseClass CODE="2" COURSEID="5" CREATEDON="2019-09-20 19:22:23.698000000" ENDDATETIME="2022-10-09 20:19:00.0" FEEEXGST="272.73" INCOMEACCOUNTID="7" ISCANCELLED="0" ISDISTANTLEARNINGCOURSE="0" ISSHOWNONWEB="1" MAXIMUMPLACES="999" MINIMUMPLACES="1" MINUTESPERSESSION="60" MODIFIEDON="2019-09-20 19:26:41.258000000" ROOMID="2" SESSIONCOUNT="4" STARTDATETIME="2019-10-09 19:19:00.0" TAXID="1" WEBDESCRIPTION="Description B" DELIVERYMODE="3" FUNDINGSOURCE="2" MESSAGE="message B" DETBOOKINGID="b" BUDGETEDPLACES="0" VETCOURSESITEID="222222" VETPURCHASINGCONTRACTID="b" VETPURCHASINGCONTRACTSCHEDULEID="b" VETFUNDINGSOURCESTATEID="b" SESSIONSSKIPWEEKENDS="0" SESSIONREPEATTYPE="1" SESSIONREPEATINTERVAL="1" ISCLASSFEEAPPLICATIONONLY="0" TAXADJUSTMENT="0.00" DEPOSIT="272.73" ISACTIVE="1" SUPPRESSAVETMISSEXPORT="0" ATTENDANCETYPE="1" MINSTUDENTAGE="16" MAXSTUDENTAGE="22" ID="8" CENSUSDATE="2025-09-01" REPORTABLEHOURS="12.0" EXPECTEDHOURS="0"/>
    <CourseClass CODE="3" COURSEID="5" CREATEDON="2019-09-20 19:25:22.272000000" FEEEXGST="400.00" INCOMEACCOUNTID="7" ISCANCELLED="0" ISDISTANTLEARNINGCOURSE="1" ISSHOWNONWEB="0" MAXIMUMPLACES="999" MINIMUMPLACES="1" MODIFIEDON="2019-09-20 19:25:22.272000000" SESSIONCOUNT="0" TAXID="2" WEBDESCRIPTION="Description C" DELIVERYMODE="22" FUNDINGSOURCE="4" BUDGETEDPLACES="0" SESSIONREPEATINTERVAL="1" ISCLASSFEEAPPLICATIONONLY="0" TAXADJUSTMENT="0.00" DEPOSIT="400.00" ISACTIVE="1" SUPPRESSAVETMISSEXPORT="1" MAXIMUMDAYS="33" ATTENDANCETYPE="9" MINSTUDENTAGE="13" MAXSTUDENTAGE="33" ID="9" REPORTABLEHOURS="12.0" EXPECTEDHOURS="333.0"/>

    <CourseClass CODE="1" COURSEID="6" CREATEDON="2019-09-20 19:25:22.272000000" FEEEXGST="400.00" INCOMEACCOUNTID="7" ISCANCELLED="0" ISDISTANTLEARNINGCOURSE="1" ISSHOWNONWEB="0" MAXIMUMPLACES="999" MINIMUMPLACES="1" MODIFIEDON="2019-09-20 19:25:22.272000000" SESSIONCOUNT="0" TAXID="2" WEBDESCRIPTION="web Description" DELIVERYMODE="22" FUNDINGSOURCE="4" BUDGETEDPLACES="0" SESSIONREPEATINTERVAL="1" ISCLASSFEEAPPLICATIONONLY="0" TAXADJUSTMENT="0.00" DEPOSIT="400.00" ISACTIVE="1" SUPPRESSAVETMISSEXPORT="1" MAXIMUMDAYS="33" ATTENDANCETYPE="9" MINSTUDENTAGE="2" MAXSTUDENTAGE="30" ID="10" REPORTABLEHOURS="12.0" EXPECTEDHOURS="333.0"/>
    <CourseClass CODE="2" COURSEID="6" CREATEDON="2019-09-20 19:16:28.3000000" ENDDATETIME="2021-10-01 20:14:22.0" FEEEXGST="200.00" INCOMEACCOUNTID="7" ISCANCELLED="0" ISDISTANTLEARNINGCOURSE="0" ISSHOWNONWEB="0" MAXIMUMPLACES="100" MINIMUMPLACES="1" MINUTESPERSESSION="60" MODIFIEDON="2019-09-20 19:17:25.97000000" ROOMID="1" SESSIONCOUNT="3" STARTDATETIME="2019-10-01 19:14:22.0" TAXID="2" WEBDESCRIPTION="some web description" DELIVERYMODE="1" FUNDINGSOURCE="0" MESSAGE="some message" DETBOOKINGID="a" BUDGETEDPLACES="0" VETCOURSESITEID="111111" VETPURCHASINGCONTRACTID="a" VETPURCHASINGCONTRACTSCHEDULEID="a" VETFUNDINGSOURCESTATEID="a" SESSIONSSKIPWEEKENDS="0" SESSIONREPEATTYPE="1" SESSIONREPEATINTERVAL="1" ISCLASSFEEAPPLICATIONONLY="0" TAXADJUSTMENT="0.00" DEPOSIT="200.00" ISACTIVE="1" SUPPRESSAVETMISSEXPORT="0" ATTENDANCETYPE="9" ID="11" REPORTABLEHOURS="12.0" EXPECTEDHOURS="0"/>
    <CourseClass CODE="3" COURSEID="6" CREATEDON="2019-09-20 19:16:28.3000000" ENDDATETIME="2021-10-01 20:14:22.0" FEEEXGST="200.00" INCOMEACCOUNTID="7" ISCANCELLED="0" ISDISTANTLEARNINGCOURSE="0" ISSHOWNONWEB="0" MAXIMUMPLACES="100" MINIMUMPLACES="1" MINUTESPERSESSION="60" MODIFIEDON="2019-09-20 19:17:25.97000000" ROOMID="1" SESSIONCOUNT="3" STARTDATETIME="2019-10-01 19:14:22.0" TAXID="2" WEBDESCRIPTION="some web description" DELIVERYMODE="1" FUNDINGSOURCE="0" MESSAGE="some message" DETBOOKINGID="a" BUDGETEDPLACES="0" VETCOURSESITEID="111111" VETPURCHASINGCONTRACTID="a" VETPURCHASINGCONTRACTSCHEDULEID="a" VETFUNDINGSOURCESTATEID="a" SESSIONSSKIPWEEKENDS="0" SESSIONREPEATTYPE="1" SESSIONREPEATINTERVAL="1" ISCLASSFEEAPPLICATIONONLY="0" TAXADJUSTMENT="0.00" DEPOSIT="200.00" ISACTIVE="1" SUPPRESSAVETMISSEXPORT="0" ATTENDANCETYPE="9" ID="12" REPORTABLEHOURS="12.0" EXPECTEDHOURS="0"/>
    <CourseClass CODE="4" COURSEID="6" CREATEDON="2019-09-20 19:16:28.3000000" ENDDATETIME="2021-10-01 20:14:22.0" FEEEXGST="200.00" INCOMEACCOUNTID="7" ISCANCELLED="0" ISDISTANTLEARNINGCOURSE="0" ISSHOWNONWEB="0" MAXIMUMPLACES="100" MINIMUMPLACES="1" MINUTESPERSESSION="60" MODIFIEDON="2019-09-20 19:17:25.97000000" ROOMID="1" SESSIONCOUNT="3" STARTDATETIME="2019-10-01 19:14:22.0" TAXID="2" WEBDESCRIPTION="some web description" DELIVERYMODE="1" FUNDINGSOURCE="0" MESSAGE="some message" DETBOOKINGID="a" BUDGETEDPLACES="0" VETCOURSESITEID="111111" VETPURCHASINGCONTRACTID="a" VETPURCHASINGCONTRACTSCHEDULEID="a" VETFUNDINGSOURCESTATEID="a" SESSIONSSKIPWEEKENDS="0" SESSIONREPEATTYPE="1" SESSIONREPEATINTERVAL="1" ISCLASSFEEAPPLICATIONONLY="0" TAXADJUSTMENT="0.00" DEPOSIT="200.00" ISACTIVE="1" SUPPRESSAVETMISSEXPORT="0" ATTENDANCETYPE="9" ID="13" REPORTABLEHOURS="12.0" EXPECTEDHOURS="0"/>
    <CourseClass CODE="5" COURSEID="6" CREATEDON="2019-09-20 19:16:28.3000000" ENDDATETIME="2021-10-01 20:14:22.0" FEEEXGST="200.00" INCOMEACCOUNTID="7" ISCANCELLED="0" ISDISTANTLEARNINGCOURSE="0" ISSHOWNONWEB="0" MAXIMUMPLACES="100" MINIMUMPLACES="1" MINUTESPERSESSION="60" MODIFIEDON="2019-09-20 19:17:25.97000000" ROOMID="1" SESSIONCOUNT="3" STARTDATETIME="2019-10-01 19:14:22.0" TAXID="2" WEBDESCRIPTION="some web description" DELIVERYMODE="1" FUNDINGSOURCE="0" MESSAGE="some message" DETBOOKINGID="a" BUDGETEDPLACES="0" VETCOURSESITEID="111111" VETPURCHASINGCONTRACTID="a" VETPURCHASINGCONTRACTSCHEDULEID="a" VETFUNDINGSOURCESTATEID="a" SESSIONSSKIPWEEKENDS="0" SESSIONREPEATTYPE="1" SESSIONREPEATINTERVAL="1" ISCLASSFEEAPPLICATIONONLY="0" TAXADJUSTMENT="0.00" DEPOSIT="200.00" ISACTIVE="1" SUPPRESSAVETMISSEXPORT="0" ATTENDANCETYPE="9" ID="14" REPORTABLEHOURS="12.0" EXPECTEDHOURS="0"/>
    <CourseClass CODE="2" COURSEID="4" CREATEDON="2020-04-30 19:16:28.3000000" ENDDATETIME="2030-05-28 14:00:00.0" FEEEXGST="1000.00" INCOMEACCOUNTID="7" ISCANCELLED="0" ISDISTANTLEARNINGCOURSE="0" ISSHOWNONWEB="0" MAXIMUMPLACES="20" MINIMUMPLACES="10" MINUTESPERSESSION="300" MODIFIEDON="2020-04-30 19:17:25.97000000" ROOMID="2" SESSIONCOUNT="5" STARTDATETIME="2030-04-30 09:00:00.0" TAXID="2" WEBDESCRIPTION="SOME BLABLABLA" DELIVERYMODE="1" FUNDINGSOURCE="0" MESSAGE="some message" DETBOOKINGID="a" BUDGETEDPLACES="0" VETCOURSESITEID="111111" VETPURCHASINGCONTRACTID="a" VETPURCHASINGCONTRACTSCHEDULEID="a" VETFUNDINGSOURCESTATEID="a" SESSIONSSKIPWEEKENDS="0" SESSIONREPEATTYPE="1" SESSIONREPEATINTERVAL="1" ISCLASSFEEAPPLICATIONONLY="0" TAXADJUSTMENT="0.00" DEPOSIT="200.00" ISACTIVE="1" SUPPRESSAVETMISSEXPORT="0" ATTENDANCETYPE="9" ID="15" REPORTABLEHOURS="12.0" EXPECTEDHOURS="0"/>
    <CourseClass CODE="3" COURSEID="4" CREATEDON="2020-05-07 04:12:26.711000000" ENDDATETIME="2030-05-07 05:00:00.0" FEEEXGST="100.00" INCOMEACCOUNTID="7" ISCANCELLED="0" ISDISTANTLEARNINGCOURSE="0" ISSHOWNONWEB="0" MAXIMUMPLACES="0" MINIMUMPLACES="0" MINUTESPERSESSION="60" MODIFIEDON="2020-05-07 04:24:21.250000000" ROOMID="2" SESSIONCOUNT="1" STARTDATETIME="2030-05-07 04:00:00.0" TAXID="2" DELIVERYMODE="1" FUNDINGSOURCE="3" BUDGETEDPLACES="0" REPORTABLEHOURS="12.0" SESSIONREPEATINTERVAL="1" ISCLASSFEEAPPLICATIONONLY="0" TAXADJUSTMENT="0.00" DEPOSIT="100.00" ISACTIVE="1" SUPPRESSAVETMISSEXPORT="0" ATTENDANCETYPE="9" ID="16" EXPECTEDHOURS="0.0"/>

    <CourseClass CODE="4" COURSEID="111" CREATEDON="2018-11-29 00:55:23.185000000" ENDDATETIME="2017-05-10 01:54:31.0" FEEEXGST="454.55" INCOMEACCOUNTID="7" ISCANCELLED="0" ISDISTANTLEARNINGCOURSE="0" ISSHOWNONWEB="0" MAXIMUMPLACES="999" MINIMUMPLACES="1" MINUTESPERSESSION="60" MODIFIEDON="2018-11-30 23:31:19.350000000" ROOMID="1" SESSIONCOUNT="10" STARTDATETIME="2017-05-01 00:54:31.0" TAXID="1" WEBDESCRIPTION="some web description" DELIVERYMODE="1" FUNDINGSOURCE="3" BUDGETEDPLACES="0" SESSIONSSKIPWEEKENDS="0" SESSIONREPEATTYPE="6" SESSIONREPEATINTERVAL="1" ISCLASSFEEAPPLICATIONONLY="0" TAXADJUSTMENT="-0.01" DEPOSIT="454.55" ISACTIVE="1" SUPPRESSAVETMISSEXPORT="0" ATTENDANCETYPE="9" ID="17" REPORTABLEHOURS="0.0" EXPECTEDHOURS="0"/>

    <CourseClass CODE="1" COURSEID="112" CREATEDON="2021-07-12 00:55:23.185000000" ENDDATETIME="2077-05-10 11:00:00.0" FEEEXGST="350.00" INCOMEACCOUNTID="7" ISCANCELLED="0" ISDISTANTLEARNINGCOURSE="0" ISSHOWNONWEB="1" MAXIMUMPLACES="10" MINIMUMPLACES="1" MINUTESPERSESSION="60" MODIFIEDON="2021-07-12 23:31:19.350000000" ROOMID="1" SESSIONCOUNT="10" STARTDATETIME="2077-05-01 10:00:00.0" TAXID="2" WEBDESCRIPTION="some web description" DELIVERYMODE="1" FUNDINGSOURCE="3" BUDGETEDPLACES="0" SESSIONSSKIPWEEKENDS="0" SESSIONREPEATTYPE="6" SESSIONREPEATINTERVAL="1" ISCLASSFEEAPPLICATIONONLY="0" TAXADJUSTMENT="0.00" DEPOSIT="350.00" ISACTIVE="1" SUPPRESSAVETMISSEXPORT="0" ATTENDANCETYPE="9" ID="17" REPORTABLEHOURS="0.0" EXPECTEDHOURS="0"/>

    <CourseClassPaymentPlanLine CREATEDON="2020-04-26 03:15:44.68000000" MODIFIEDON="2020-04-30 03:15:44.68000000" COURSECLASSID="15" AMOUNT="250.00" ID="1"/>
    <CourseClassPaymentPlanLine CREATEDON="2020-04-26 03:15:44.68000000" MODIFIEDON="2020-04-30 03:15:44.68000000" COURSECLASSID="15" DAYOFFSET="12" AMOUNT="125.00" ID="2"/>
    <CourseClassPaymentPlanLine CREATEDON="2020-04-26 03:15:44.68000000" MODIFIEDON="2020-04-30 03:15:44.68000000" COURSECLASSID="15" DAYOFFSET="0" AMOUNT="125.00" ID="3"/>
    <CourseClassPaymentPlanLine CREATEDON="2020-04-26 03:15:44.68000000" MODIFIEDON="2020-04-30 03:15:44.68000000" COURSECLASSID="15" DAYOFFSET="24" AMOUNT="250.00" ID="4"/>
    <CourseClassPaymentPlanLine CREATEDON="2020-04-26 03:15:44.68000000" MODIFIEDON="2020-04-30 03:15:44.68000000" COURSECLASSID="15" DAYOFFSET="48" AMOUNT="250.00" ID="5"/>


    <!-- TUTOR -->
    <Tutor payType="1" CREATEDON="2018-11-29 00:45:39.443000000" MODIFIEDON="2018-11-29 00:59:01.98000000" CONTACTID="1" WWCHILDRENSTATUS="0" ID="1"/>
    <Tutor payType="1" CREATEDON="2018-11-29 00:45:39.443000000" MODIFIEDON="2018-11-29 00:59:01.98000000" CONTACTID="5" WWCHILDRENSTATUS="0" ID="2"/>
    <Tutor payType="1" CREATEDON="2018-11-29 00:45:39.443000000" MODIFIEDON="2018-11-29 00:59:01.98000000" CONTACTID="6" WWCHILDRENSTATUS="0" ID="3"/>

    <Tutor payType="1" CREATEDON="2018-11-29 00:45:39.443000000" DATEFINISHED="2022-10-06 21:16:26.0" DATESTARTED="2019-09-18 21:16:21.0" MODIFIEDON="2019-09-20 21:18:38.743000000" RESUME="tA" CONTACTID="24" PAYROLLREF="555" WWCHILDRENREF="555" WWCHILDRENEXPIRY="2020-10-08" WWCHILDRENCHECKEDON="2019-10-23 21:16:39.0" WWCHILDRENSTATUS="3" ID="4"/>
    <Tutor payType="1" CREATEDON="2018-11-29 00:45:39.443000000" MODIFIEDON="2019-09-20 21:19:41.583000000" RESUME="tB" CONTACTID="25" WWCHILDRENSTATUS="0" ID="5"/>
    <Tutor payType="1" CREATEDON="2018-11-29 00:45:39.443000000" MODIFIEDON="2018-11-29 00:59:01.980000000" CONTACTID="26" WWCHILDRENSTATUS="0" ID="6"/>
    <Tutor payType="1" CREATEDON="2019-09-20 21:06:42.190000000" DATEFINISHED="2026-10-01 21:06:02.0" DATESTARTED="2019-10-01 21:06:00.0" MODIFIEDON="2019-09-20 21:06:42.190000000" RESUME="Resume A" CONTACTID="21" PAYROLLREF="111" WWCHILDRENREF="111" WWCHILDRENEXPIRY="2025-10-01" WWCHILDRENCHECKEDON="2024-08-01 21:06:26.0" WWCHILDRENSTATUS="1" ID="7"/>
    <Tutor payType="1" CREATEDON="2019-09-20 21:14:14.98000000" DATEFINISHED="2026-10-07 21:13:45.0" DATESTARTED="2019-08-08 21:13:40.0" MODIFIEDON="2019-09-20 21:14:14.98000000" RESUME="Resume B" CONTACTID="22" PAYROLLREF="222" WWCHILDRENREF="222" WWCHILDRENEXPIRY="2026-10-15" WWCHILDRENSTATUS="0" ID="8"/>




    <!-- COURSECLASSTUTOR -->
    <CourseClassTutor COURSECLASSID="1" CREATEDON="2018-11-29 00:55:23.194000000" MODIFIEDON="2018-11-29 00:55:23.194000000" TUTORID="1" DEFINEDTUTORROLEID="4" INPUBLICITY="1" ID="1"/>
    <CourseClassTutor COURSECLASSID="2" CREATEDON="2018-11-29 00:57:11.855000000" MODIFIEDON="2018-11-29 00:57:11.855000000" TUTORID="1" DEFINEDTUTORROLEID="5" INPUBLICITY="1" ID="2"/>
    <CourseClassTutor COURSECLASSID="3" CREATEDON="2018-11-29 00:59:01.80000000" MODIFIEDON="2018-11-29 00:59:01.80000000" TUTORID="1" DEFINEDTUTORROLEID="4" INPUBLICITY="1" ID="3"/>
    <CourseClassTutor COURSECLASSID="4" CREATEDON="2019-04-12 21:15:09.480000000" MODIFIEDON="2019-04-12 21:15:09.480000000" TUTORID="1" DEFINEDTUTORROLEID="2" INPUBLICITY="1" ID="4"/>
    <CourseClassTutor COURSECLASSID="5" CREATEDON="2019-04-12 21:16:14.979000000" MODIFIEDON="2019-04-12 21:16:14.979000000" TUTORID="1" DEFINEDTUTORROLEID="5" INPUBLICITY="1" ID="5"/>
    <CourseClassTutor COURSECLASSID="6" CREATEDON="2019-06-18 22:15:31.139000000" MODIFIEDON="2019-06-18 22:15:31.139000000" TUTORID="3" DEFINEDTUTORROLEID="6" INPUBLICITY="1" ID="6"/>

    <CourseClassTutor COURSECLASSID="7" CREATEDON="2019-09-20 19:16:28.24000000" MODIFIEDON="2019-09-20 19:16:28.24000000" TUTORID="8" DEFINEDTUTORROLEID="4" INPUBLICITY="1" ID="7"/>
    <CourseClassTutor COURSECLASSID="8" CREATEDON="2019-09-20 19:22:23.699000000" MODIFIEDON="2019-09-20 19:22:23.699000000" TUTORID="5" DEFINEDTUTORROLEID="5" INPUBLICITY="1" ID="8"/>
    <CourseClassTutor COURSECLASSID="9" CREATEDON="2019-09-20 19:25:22.273000000" MODIFIEDON="2019-09-20 19:25:22.273000000" TUTORID="6" DEFINEDTUTORROLEID="1" INPUBLICITY="1" ID="9"/>

    <CourseClassTutor COURSECLASSID="10" CREATEDON="2019-09-20 19:25:22.273000000" MODIFIEDON="2019-09-20 19:25:22.273000000" TUTORID="1" DEFINEDTUTORROLEID="1" INPUBLICITY="1" ID="10"/>
    <CourseClassTutor COURSECLASSID="11" CREATEDON="2019-09-20 19:25:22.273000000" MODIFIEDON="2019-09-20 19:25:22.273000000" TUTORID="1" DEFINEDTUTORROLEID="1" INPUBLICITY="1" ID="11"/>
    <CourseClassTutor COURSECLASSID="12" CREATEDON="2019-09-20 19:25:22.273000000" MODIFIEDON="2019-09-20 19:25:22.273000000" TUTORID="3" DEFINEDTUTORROLEID="1" INPUBLICITY="1" ID="12"/>
    <CourseClassTutor COURSECLASSID="13" CREATEDON="2019-09-20 19:25:22.273000000" MODIFIEDON="2019-09-20 19:25:22.273000000" TUTORID="3" DEFINEDTUTORROLEID="1" INPUBLICITY="1" ID="13"/>
    <CourseClassTutor COURSECLASSID="14" CREATEDON="2019-09-20 19:25:22.273000000" MODIFIEDON="2019-09-20 19:25:22.273000000" TUTORID="3" DEFINEDTUTORROLEID="1" INPUBLICITY="1" ID="14"/>
    <CourseClassTutor COURSECLASSID="15" CREATEDON="2020-04-30 19:25:22.273000000" MODIFIEDON="2020-04-30 19:25:22.273000000" TUTORID="5" DEFINEDTUTORROLEID="7" INPUBLICITY="1" ID="15"/>
    <CourseClassTutor COURSECLASSID="16" CREATEDON="2020-05-07 04:12:27.258000000" MODIFIEDON="2020-05-07 04:16:39.297000000" TUTORID="3" DEFINEDTUTORROLEID="2" INPUBLICITY="1" ID="16"/>





    <!-- COURSESESSION -->
    <CourseSession COURSECLASS_ID="1" CREATEDON="2018-11-29 00:55:23.203000000" ENDDATETIME="2017-05-01 01:54:31.0" MODIFIEDON="2018-11-30 23:31:19.779000000" ROOMID="1" STARTDATETIME="2017-05-01 00:54:31.0"  ID="1"/>
    <CourseSession COURSECLASS_ID="1" CREATEDON="2018-11-29 00:55:23.209000000" ENDDATETIME="2017-05-05 01:54:31.0" MODIFIEDON="2018-11-30 23:31:19.779000000" ROOMID="1" STARTDATETIME="2017-05-05 00:54:31.0"  ID="2"/>
    <CourseSession COURSECLASS_ID="1" CREATEDON="2018-11-29 00:55:23.210000000" ENDDATETIME="2017-05-06 01:54:31.0" MODIFIEDON="2018-11-30 23:31:19.779000000" ROOMID="1" STARTDATETIME="2017-05-06 00:54:31.0"  ID="3"/>
    <CourseSession COURSECLASS_ID="1" CREATEDON="2018-11-29 00:55:23.209000000" ENDDATETIME="2017-05-03 01:54:31.0" MODIFIEDON="2018-11-30 23:31:19.779000000" ROOMID="1" STARTDATETIME="2017-05-03 00:54:31.0"  ID="4"/>
    <CourseSession COURSECLASS_ID="1" CREATEDON="2018-11-29 00:55:23.211000000" ENDDATETIME="2017-05-10 01:54:31.0" MODIFIEDON="2018-11-30 23:31:19.779000000" ROOMID="1" STARTDATETIME="2017-05-10 00:54:31.0"  ID="5"/>
    <CourseSession COURSECLASS_ID="1" CREATEDON="2018-11-29 00:55:23.209000000" ENDDATETIME="2017-05-04 01:54:31.0" MODIFIEDON="2018-11-30 23:31:19.779000000" ROOMID="1" STARTDATETIME="2017-05-04 00:54:31.0"  ID="6"/>
    <CourseSession COURSECLASS_ID="1" CREATEDON="2018-11-29 00:55:23.210000000" ENDDATETIME="2017-05-08 01:54:31.0" MODIFIEDON="2018-11-30 23:31:19.779000000" ROOMID="1" STARTDATETIME="2017-05-08 00:54:31.0"  ID="7"/>
    <CourseSession COURSECLASS_ID="1" CREATEDON="2018-11-29 00:55:23.210000000" ENDDATETIME="2017-05-07 01:54:31.0" MODIFIEDON="2018-11-30 23:31:19.779000000" ROOMID="1" STARTDATETIME="2017-05-07 00:54:31.0"  ID="8"/>
    <CourseSession COURSECLASS_ID="1" CREATEDON="2018-11-29 00:55:23.209000000" ENDDATETIME="2017-05-02 01:54:31.0" MODIFIEDON="2018-11-30 23:31:19.779000000" ROOMID="1" STARTDATETIME="2017-05-02 00:54:31.0"  ID="9"/>
    <CourseSession COURSECLASS_ID="1" CREATEDON="2018-11-29 00:55:23.210000000" ENDDATETIME="2017-05-09 01:54:31.0" MODIFIEDON="2018-11-30 23:31:19.779000000" ROOMID="1" STARTDATETIME="2017-05-09 00:54:31.0"  ID="10"/>
    <CourseSession COURSECLASS_ID="2" CREATEDON="2018-11-29 00:57:11.898000000" ENDDATETIME="2023-12-01 01:56:27.0" MODIFIEDON="2018-11-30 23:31:19.868000000" ROOMID="1" STARTDATETIME="2023-12-01 00:56:27.0"  ID="11"/>
    <CourseSession COURSECLASS_ID="2" CREATEDON="2018-11-29 00:57:11.888000000" ENDDATETIME="2022-12-01 01:56:27.0" MODIFIEDON="2018-11-30 23:31:19.868000000" ROOMID="1" STARTDATETIME="2022-12-01 00:56:27.0"  ID="12"/>
    <CourseSession COURSECLASS_ID="2" CREATEDON="2018-11-29 00:57:11.887000000" ENDDATETIME="2019-12-01 01:56:27.0" MODIFIEDON="2018-11-30 23:31:19.868000000" ROOMID="1" STARTDATETIME="2019-12-01 00:56:27.0"  ID="13"/>
    <CourseSession COURSECLASS_ID="2" CREATEDON="2018-11-29 00:57:11.903000000" ENDDATETIME="2026-12-01 01:56:27.0" MODIFIEDON="2018-11-30 23:31:19.868000000" ROOMID="1" STARTDATETIME="2026-12-01 00:56:27.0"  ID="14"/>
    <CourseSession COURSECLASS_ID="2" CREATEDON="2018-11-29 00:57:11.887000000" ENDDATETIME="2020-12-01 01:56:27.0" MODIFIEDON="2018-11-30 23:31:19.868000000" ROOMID="1" STARTDATETIME="2020-12-01 00:56:27.0"  ID="15"/>
    <CourseSession COURSECLASS_ID="2" CREATEDON="2018-11-29 00:57:11.902000000" ENDDATETIME="2024-12-01 01:56:27.0" MODIFIEDON="2018-11-30 23:31:19.868000000" ROOMID="1" STARTDATETIME="2024-12-01 00:56:27.0"  ID="16"/>
    <CourseSession COURSECLASS_ID="2" CREATEDON="2018-11-29 00:57:11.905000000" ENDDATETIME="2027-12-01 01:56:27.0" MODIFIEDON="2018-11-30 23:31:19.868000000" ROOMID="1" STARTDATETIME="2027-12-01 00:56:27.0"  ID="17"/>
    <CourseSession COURSECLASS_ID="2" CREATEDON="2018-11-29 00:57:11.886000000" ENDDATETIME="2018-12-01 01:56:27.0" MODIFIEDON="2018-11-30 23:31:19.868000000" ROOMID="1" STARTDATETIME="2018-12-01 00:56:27.0"  ID="18"/>
    <CourseSession COURSECLASS_ID="2" CREATEDON="2018-11-29 00:57:11.902000000" ENDDATETIME="2025-12-01 01:56:27.0" MODIFIEDON="2018-11-30 23:31:19.868000000" ROOMID="1" STARTDATETIME="2025-12-01 00:56:27.0"  ID="19"/>
    <CourseSession COURSECLASS_ID="2" CREATEDON="2018-11-29 00:57:11.887000000" ENDDATETIME="2021-12-01 01:56:27.0" MODIFIEDON="2018-11-30 23:31:19.868000000" ROOMID="1" STARTDATETIME="2021-12-01 00:56:27.0"  ID="20"/>
    <CourseSession COURSECLASS_ID="3" CREATEDON="2018-11-29 00:59:01.81000000" ENDDATETIME="2030-11-01 01:58:02.0" MODIFIEDON="2018-11-30 23:31:19.946000000" ROOMID="2" STARTDATETIME="2030-11-01 00:58:02.0"  ID="21"/>
    <CourseSession COURSECLASS_ID="3" CREATEDON="2018-11-29 00:59:01.82000000" ENDDATETIME="2030-11-08 01:58:02.0" MODIFIEDON="2018-11-30 23:31:19.946000000" ROOMID="2" STARTDATETIME="2030-11-08 00:58:02.0"  ID="22"/>
    <CourseSession COURSECLASS_ID="3" CREATEDON="2018-11-29 00:59:01.81000000" ENDDATETIME="2030-11-04 01:58:02.0" MODIFIEDON="2018-11-30 23:31:19.946000000" ROOMID="2" STARTDATETIME="2030-11-04 00:58:02.0"  ID="23"/>
    <CourseSession COURSECLASS_ID="3" CREATEDON="2018-11-29 00:59:01.81000000" ENDDATETIME="2030-11-02 01:58:02.0" MODIFIEDON="2018-11-30 23:31:19.946000000" ROOMID="2" STARTDATETIME="2030-11-02 00:58:02.0"  ID="24"/>
    <CourseSession COURSECLASS_ID="3" CREATEDON="2018-11-29 00:59:01.82000000" ENDDATETIME="2030-11-06 01:58:02.0" MODIFIEDON="2018-11-30 23:31:19.946000000" ROOMID="2" STARTDATETIME="2030-11-06 00:58:02.0"  ID="25"/>
    <CourseSession COURSECLASS_ID="3" CREATEDON="2018-11-29 00:59:01.83000000" ENDDATETIME="2030-11-09 01:58:02.0" MODIFIEDON="2018-11-30 23:31:19.946000000" ROOMID="2" STARTDATETIME="2030-11-09 00:58:02.0"  ID="26"/>
    <CourseSession COURSECLASS_ID="3" CREATEDON="2018-11-29 00:59:01.81000000" ENDDATETIME="2030-11-05 01:58:02.0" MODIFIEDON="2018-11-30 23:31:19.946000000" ROOMID="2" STARTDATETIME="2030-11-05 00:58:02.0"  ID="27"/>
    <CourseSession COURSECLASS_ID="3" CREATEDON="2018-11-29 00:59:01.81000000" ENDDATETIME="2030-11-03 01:58:02.0" MODIFIEDON="2018-11-30 23:31:19.946000000" ROOMID="2" STARTDATETIME="2030-11-03 00:58:02.0"  ID="28"/>
    <CourseSession COURSECLASS_ID="3" CREATEDON="2018-11-29 00:59:01.82000000" ENDDATETIME="2030-11-07 01:58:02.0" MODIFIEDON="2018-11-30 23:31:19.946000000" ROOMID="2" STARTDATETIME="2030-11-07 00:58:02.0"  ID="29"/>
    <CourseSession COURSECLASS_ID="3" CREATEDON="2018-11-29 00:59:01.83000000" ENDDATETIME="2030-11-10 01:58:02.0" MODIFIEDON="2018-11-30 23:31:19.946000000" ROOMID="2" STARTDATETIME="2030-11-10 00:58:02.0"  ID="30"/>
    <CourseSession COURSECLASS_ID="4" CREATEDON="2019-04-12 21:15:09.498000000" ENDDATETIME="2021-12-01 22:14:32.0" MODIFIEDON="2019-04-12 21:15:09.498000000" ROOMID="1" STARTDATETIME="2021-12-01 21:14:32.0"  ID="31"/>
    <CourseSession COURSECLASS_ID="4" CREATEDON="2019-04-12 21:15:09.497000000" ENDDATETIME="2020-12-01 22:14:32.0" MODIFIEDON="2019-04-12 21:15:09.497000000" ROOMID="1" STARTDATETIME="2020-12-01 21:14:32.0"  ID="32"/>
    <CourseSession COURSECLASS_ID="4" CREATEDON="2019-04-12 21:15:09.497000000" ENDDATETIME="2019-12-01 22:14:32.0" MODIFIEDON="2019-04-12 21:15:09.497000000" ROOMID="1" STARTDATETIME="2019-12-01 21:14:32.0"  ID="33"/>
    <CourseSession COURSECLASS_ID="4" CREATEDON="2019-04-12 21:15:09.497000000" ENDDATETIME="2018-12-01 22:14:32.0" MODIFIEDON="2019-04-12 21:15:09.497000000" ROOMID="1" STARTDATETIME="2018-12-01 21:14:32.0"  ID="34"/>
    <CourseSession COURSECLASS_ID="4" CREATEDON="2019-04-12 21:15:09.498000000" ENDDATETIME="2022-12-01 22:14:32.0" MODIFIEDON="2019-04-12 21:15:09.498000000" ROOMID="1" STARTDATETIME="2022-12-01 21:14:32.0"  ID="35"/>
    <CourseSession COURSECLASS_ID="5" CREATEDON="2019-04-12 21:16:14.982000000" ENDDATETIME="2021-03-01 22:15:57.0" MODIFIEDON="2019-04-12 21:16:14.982000000" ROOMID="2" STARTDATETIME="2021-03-01 21:15:57.0"  ID="36"/>
    <CourseSession COURSECLASS_ID="5" CREATEDON="2019-04-12 21:16:14.982000000" ENDDATETIME="2020-03-01 22:15:57.0" MODIFIEDON="2019-04-12 21:16:14.982000000" ROOMID="2" STARTDATETIME="2020-03-01 21:15:57.0"  ID="37"/>
    <CourseSession COURSECLASS_ID="5" CREATEDON="2019-04-12 21:16:14.982000000" ENDDATETIME="2019-03-01 22:15:57.0" MODIFIEDON="2019-04-12 21:16:14.982000000" ROOMID="2" STARTDATETIME="2019-03-01 21:15:57.0"  ID="38"/>
    <CourseSession COURSECLASS_ID="6" CREATEDON="2019-06-18 22:15:31.140000000" ENDDATETIME="2027-02-03 23:14:40.0" MODIFIEDON="2019-06-18 22:20:28.965000000" ROOMID="2" STARTDATETIME="2027-02-03 22:14:40.0"  ID="39"/>
    <CourseSession COURSECLASS_ID="6" CREATEDON="2019-06-18 22:15:31.141000000" ENDDATETIME="2027-02-04 23:14:40.0" MODIFIEDON="2019-06-18 22:20:28.965000000" ROOMID="2" STARTDATETIME="2027-02-04 22:14:40.0"  ID="40"/>
    <CourseSession COURSECLASS_ID="6" CREATEDON="2019-06-18 22:15:31.140000000" ENDDATETIME="2027-02-02 23:14:40.0" MODIFIEDON="2019-06-18 22:20:28.965000000" ROOMID="2" STARTDATETIME="2027-02-02 22:14:40.0"  ID="41"/>
    <CourseSession COURSECLASS_ID="6" CREATEDON="2019-06-18 22:15:31.140000000" ENDDATETIME="2027-02-01 23:14:40.0" MODIFIEDON="2019-06-18 22:20:28.965000000" ROOMID="2" STARTDATETIME="2027-02-01 22:14:40.0"  ID="42"/>
    <CourseSession COURSECLASS_ID="6" CREATEDON="2019-06-18 22:15:31.141000000" ENDDATETIME="2027-02-05 23:14:40.0" MODIFIEDON="2019-06-18 22:20:28.965000000" ROOMID="2" STARTDATETIME="2027-02-05 22:14:40.0"  ID="43"/>

    <CourseSession COURSECLASS_ID="7" CREATEDON="2019-09-20 19:16:28.29000000" ENDDATETIME="2020-10-01 20:14:22.0" MODIFIEDON="2019-09-20 19:16:28.29000000" ROOMID="1" STARTDATETIME="2020-10-01 19:14:22.0"  ID="44"/>
    <CourseSession COURSECLASS_ID="7" CREATEDON="2019-09-20 19:16:28.31000000" ENDDATETIME="2021-10-01 20:14:22.0" MODIFIEDON="2019-09-20 19:16:28.31000000" ROOMID="1" STARTDATETIME="2021-10-01 19:14:22.0"  ID="45"/>
    <CourseSession COURSECLASS_ID="7" CREATEDON="2019-09-20 19:16:28.27000000" ENDDATETIME="2019-10-01 20:14:22.0" MODIFIEDON="2019-09-20 19:16:28.27000000" ROOMID="1" STARTDATETIME="2019-10-01 19:14:22.0"  ID="46"/>
    <CourseSession COURSECLASS_ID="8" CREATEDON="2019-09-20 19:22:23.699000000" ENDDATETIME="2020-10-09 20:19:00.0" MODIFIEDON="2019-09-20 19:22:23.699000000" ROOMID="2" STARTDATETIME="2020-10-09 19:19:00.0"  ID="47"/>
    <CourseSession COURSECLASS_ID="8" CREATEDON="2019-09-20 19:22:23.700000000" ENDDATETIME="2021-10-09 20:19:00.0" MODIFIEDON="2019-09-20 19:22:23.700000000" ROOMID="2" STARTDATETIME="2021-10-09 19:19:00.0"  ID="48"/>
    <CourseSession COURSECLASS_ID="8" CREATEDON="2019-09-20 19:22:23.699000000" ENDDATETIME="2019-10-09 20:19:00.0" MODIFIEDON="2019-09-20 19:22:23.699000000" ROOMID="2" STARTDATETIME="2019-10-09 19:19:00.0"  ID="49"/>
    <CourseSession COURSECLASS_ID="8" CREATEDON="2019-09-20 19:22:23.700000000" ENDDATETIME="2022-10-09 20:19:00.0" MODIFIEDON="2019-09-20 19:22:23.700000000" ROOMID="2" STARTDATETIME="2022-10-09 19:19:00.0"  ID="50"/>
    <CourseSession COURSECLASS_ID="15" CREATEDON="2020-04-30 02:41:10.262000000" ENDDATETIME="2030-05-21 14:00:00.0" MODIFIEDON="2020-04-30 04:01:07.482000000" ROOMID="2" STARTDATETIME="2030-05-21 09:00:00.0"  ID="51"/>
    <CourseSession COURSECLASS_ID="15" CREATEDON="2020-04-30 02:41:10.271000000" ENDDATETIME="2030-05-14 14:00:00.0" MODIFIEDON="2020-04-30 04:01:07.582000000" ROOMID="2" STARTDATETIME="2030-05-14 09:00:00.0"  ID="52"/>
    <CourseSession COURSECLASS_ID="15" CREATEDON="2020-04-30 02:41:10.277000000" ENDDATETIME="2030-05-07 14:00:00.0" MODIFIEDON="2020-04-30 04:01:07.585000000" ROOMID="2" STARTDATETIME="2030-05-07 09:00:00.0"  ID="53"/>
    <CourseSession COURSECLASS_ID="15" CREATEDON="2020-04-30 02:41:10.143000000" ENDDATETIME="2030-05-28 14:00:00.0" MODIFIEDON="2020-04-30 04:01:07.595000000" ROOMID="2" STARTDATETIME="2030-05-28 09:00:00.0"  ID="54"/>
    <CourseSession COURSECLASS_ID="15" CREATEDON="2020-04-30 02:41:10.282000000" ENDDATETIME="2030-04-30 14:00:00.0" MODIFIEDON="2020-04-30 04:01:07.597000000" ROOMID="2" STARTDATETIME="2030-04-30 09:00:00.0"  ID="55"/>
    <CourseSession COURSECLASS_ID="16" CREATEDON="2020-05-07 04:16:39.281000000" ENDDATETIME="2030-05-07 05:00:00.0" MODIFIEDON="2020-05-07 04:16:39.281000000" ROOMID="2" STARTDATETIME="2030-05-07 04:00:00.0"  ID="56"/>




    <!-- SESSIONCOURSECLASSTUTOR -->
    <SessionCourseClassTutor ACTUALPAYABLEDURATIONMINUTES="180" STARTDATETIME="2030-04-30 09:00:00.0" ENDDATETIME="2030-05-07 05:00:00.0" ATTENDANCETYPE="1" COURSECLASSTUTORID="1" CREATEDON="2018-11-29 00:55:23.208000000" MODIFIEDON="2018-11-29 00:55:23.208000000" MARKEDBYUSERID="1" SESSIONID="1" ID="1"/>
    <SessionCourseClassTutor ACTUALPAYABLEDURATIONMINUTES="180" STARTDATETIME="2030-04-30 09:00:00.0" ENDDATETIME="2030-05-07 05:00:00.0" ATTENDANCETYPE="0" COURSECLASSTUTORID="1" CREATEDON="2018-11-29 00:55:23.210000000" MODIFIEDON="2018-11-29 00:55:23.210000000" MARKEDBYUSERID="1" SESSIONID="7" ID="2"/>
    <SessionCourseClassTutor ACTUALPAYABLEDURATIONMINUTES="180" STARTDATETIME="2030-04-30 09:00:00.0" ENDDATETIME="2030-05-07 05:00:00.0" ATTENDANCETYPE="0" COURSECLASSTUTORID="1" CREATEDON="2018-11-29 00:55:23.209000000" MODIFIEDON="2018-11-29 00:55:23.209000000" MARKEDBYUSERID="1" SESSIONID="6" ID="3"/>
    <SessionCourseClassTutor ACTUALPAYABLEDURATIONMINUTES="180" STARTDATETIME="2030-04-30 09:00:00.0" ENDDATETIME="2030-05-07 05:00:00.0" ATTENDANCETYPE="0" COURSECLASSTUTORID="1" CREATEDON="2018-11-29 00:55:23.210000000" MODIFIEDON="2018-11-29 00:55:23.210000000" MARKEDBYUSERID="1" SESSIONID="8" ID="4"/>
    <SessionCourseClassTutor ACTUALPAYABLEDURATIONMINUTES="180" STARTDATETIME="2030-04-30 09:00:00.0" ENDDATETIME="2030-05-07 05:00:00.0" ATTENDANCETYPE="0" COURSECLASSTUTORID="1" CREATEDON="2018-11-29 00:55:23.210000000" MODIFIEDON="2018-11-29 00:55:23.210000000" MARKEDBYUSERID="1" SESSIONID="10" ID="5"/>
    <SessionCourseClassTutor ACTUALPAYABLEDURATIONMINUTES="180" STARTDATETIME="2030-04-30 09:00:00.0" ENDDATETIME="2030-05-07 05:00:00.0" ATTENDANCETYPE="3" COURSECLASSTUTORID="1" CREATEDON="2018-11-29 00:55:23.209000000" MODIFIEDON="2018-11-29 00:55:23.209000000" MARKEDBYUSERID="1" SESSIONID="9" ID="6"/>
    <SessionCourseClassTutor ACTUALPAYABLEDURATIONMINUTES="180" STARTDATETIME="2030-04-30 09:00:00.0" ENDDATETIME="2030-05-07 05:00:00.0" ATTENDANCETYPE="0" COURSECLASSTUTORID="1" CREATEDON="2018-11-29 00:55:23.210000000" MODIFIEDON="2018-11-29 00:55:23.210000000" MARKEDBYUSERID="1" SESSIONID="2" ID="7"/>
    <SessionCourseClassTutor ACTUALPAYABLEDURATIONMINUTES="180" STARTDATETIME="2030-04-30 09:00:00.0" ENDDATETIME="2030-05-07 05:00:00.0" ATTENDANCETYPE="0" COURSECLASSTUTORID="1" CREATEDON="2018-11-29 00:55:23.210000000" MODIFIEDON="2018-11-29 00:55:23.210000000" MARKEDBYUSERID="1" SESSIONID="3" ID="8"/>
    <SessionCourseClassTutor ACTUALPAYABLEDURATIONMINUTES="180" STARTDATETIME="2030-04-30 09:00:00.0" ENDDATETIME="2030-05-07 05:00:00.0" ATTENDANCETYPE="0" COURSECLASSTUTORID="1" CREATEDON="2018-11-29 00:55:23.211000000" MODIFIEDON="2018-11-29 00:55:23.211000000" MARKEDBYUSERID="1" SESSIONID="5" ID="9"/>
    <SessionCourseClassTutor ACTUALPAYABLEDURATIONMINUTES="180" STARTDATETIME="2030-04-30 09:00:00.0" ENDDATETIME="2030-05-07 05:00:00.0" ATTENDANCETYPE="0" COURSECLASSTUTORID="1" CREATEDON="2018-11-29 00:55:23.209000000" MODIFIEDON="2018-11-29 00:55:23.209000000" MARKEDBYUSERID="1" SESSIONID="4" ID="10"/>
    <SessionCourseClassTutor ACTUALPAYABLEDURATIONMINUTES="180" STARTDATETIME="2030-04-30 09:00:00.0" ENDDATETIME="2030-05-07 05:00:00.0" ATTENDANCETYPE="0" COURSECLASSTUTORID="2" CREATEDON="2018-11-29 00:57:11.897000000" MODIFIEDON="2018-11-29 00:57:11.897000000" MARKEDBYUSERID="1" SESSIONID="12" ID="11"/>
    <SessionCourseClassTutor ACTUALPAYABLEDURATIONMINUTES="180" STARTDATETIME="2030-04-30 09:00:00.0" ENDDATETIME="2030-05-07 05:00:00.0" ATTENDANCETYPE="0" COURSECLASSTUTORID="2" CREATEDON="2018-11-29 00:57:11.887000000" MODIFIEDON="2018-11-29 00:57:11.887000000" MARKEDBYUSERID="1" SESSIONID="18" ID="12"/>
    <SessionCourseClassTutor ACTUALPAYABLEDURATIONMINUTES="180" STARTDATETIME="2030-04-30 09:00:00.0" ENDDATETIME="2030-05-07 05:00:00.0" ATTENDANCETYPE="0" COURSECLASSTUTORID="2" CREATEDON="2018-11-29 00:57:11.902000000" MODIFIEDON="2018-11-29 00:57:11.902000000" MARKEDBYUSERID="1" SESSIONID="19" ID="13"/>
    <SessionCourseClassTutor ACTUALPAYABLEDURATIONMINUTES="180" STARTDATETIME="2030-04-30 09:00:00.0" ENDDATETIME="2030-05-07 05:00:00.0" ATTENDANCETYPE="0" COURSECLASSTUTORID="2" CREATEDON="2018-11-29 00:57:11.887000000" MODIFIEDON="2018-11-29 00:57:11.887000000" MARKEDBYUSERID="1" SESSIONID="20" ID="14"/>
    <SessionCourseClassTutor ACTUALPAYABLEDURATIONMINUTES="180" STARTDATETIME="2030-04-30 09:00:00.0" ENDDATETIME="2030-05-07 05:00:00.0" ATTENDANCETYPE="0" COURSECLASSTUTORID="2" CREATEDON="2018-11-29 00:57:11.903000000" MODIFIEDON="2018-11-29 00:57:11.903000000" MARKEDBYUSERID="1" SESSIONID="14" ID="15"/>
    <SessionCourseClassTutor ACTUALPAYABLEDURATIONMINUTES="180" STARTDATETIME="2030-04-30 09:00:00.0" ENDDATETIME="2030-05-07 05:00:00.0" ATTENDANCETYPE="0" COURSECLASSTUTORID="2" CREATEDON="2018-11-29 00:57:11.898000000" MODIFIEDON="2018-11-29 00:57:11.898000000" MARKEDBYUSERID="1" SESSIONID="11" ID="16"/>
    <SessionCourseClassTutor ACTUALPAYABLEDURATIONMINUTES="180" STARTDATETIME="2030-04-30 09:00:00.0" ENDDATETIME="2030-05-07 05:00:00.0" ATTENDANCETYPE="0" COURSECLASSTUTORID="2" CREATEDON="2018-11-29 00:57:11.887000000" MODIFIEDON="2018-11-29 00:57:11.887000000" MARKEDBYUSERID="1" SESSIONID="13" ID="17"/>
    <SessionCourseClassTutor ACTUALPAYABLEDURATIONMINUTES="180" STARTDATETIME="2030-04-30 09:00:00.0" ENDDATETIME="2030-05-07 05:00:00.0" ATTENDANCETYPE="0" COURSECLASSTUTORID="2" CREATEDON="2018-11-29 00:57:11.902000000" MODIFIEDON="2018-11-29 00:57:11.902000000" MARKEDBYUSERID="1" SESSIONID="16" ID="18"/>
    <SessionCourseClassTutor ACTUALPAYABLEDURATIONMINUTES="180" STARTDATETIME="2030-04-30 09:00:00.0" ENDDATETIME="2030-05-07 05:00:00.0" ATTENDANCETYPE="0" COURSECLASSTUTORID="2" CREATEDON="2018-11-29 00:57:11.887000000" MODIFIEDON="2018-11-29 00:57:11.887000000" MARKEDBYUSERID="1" SESSIONID="15" ID="19"/>
    <SessionCourseClassTutor ACTUALPAYABLEDURATIONMINUTES="180" STARTDATETIME="2030-04-30 09:00:00.0" ENDDATETIME="2030-05-07 05:00:00.0" ATTENDANCETYPE="0" COURSECLASSTUTORID="2" CREATEDON="2018-11-29 00:57:11.906000000" MODIFIEDON="2018-11-29 00:57:11.906000000" MARKEDBYUSERID="1" SESSIONID="17" ID="20"/>
    <SessionCourseClassTutor ACTUALPAYABLEDURATIONMINUTES="180" STARTDATETIME="2030-04-30 09:00:00.0" ENDDATETIME="2030-05-07 05:00:00.0" ATTENDANCETYPE="0" COURSECLASSTUTORID="3" CREATEDON="2018-11-29 00:59:01.83000000" MODIFIEDON="2018-11-29 00:59:01.83000000" MARKEDBYUSERID="1" SESSIONID="30" ID="21"/>
    <SessionCourseClassTutor ACTUALPAYABLEDURATIONMINUTES="180" STARTDATETIME="2030-04-30 09:00:00.0" ENDDATETIME="2030-05-07 05:00:00.0" ATTENDANCETYPE="0" COURSECLASSTUTORID="3" CREATEDON="2018-11-29 00:59:01.81000000" MODIFIEDON="2018-11-29 00:59:01.81000000" MARKEDBYUSERID="1" SESSIONID="28" ID="22"/>
    <SessionCourseClassTutor ACTUALPAYABLEDURATIONMINUTES="180" STARTDATETIME="2030-04-30 09:00:00.0" ENDDATETIME="2030-05-07 05:00:00.0" ATTENDANCETYPE="0" COURSECLASSTUTORID="3" CREATEDON="2018-11-29 00:59:01.82000000" MODIFIEDON="2018-11-29 00:59:01.82000000" MARKEDBYUSERID="1" SESSIONID="29" ID="23"/>
    <SessionCourseClassTutor ACTUALPAYABLEDURATIONMINUTES="180" STARTDATETIME="2030-04-30 09:00:00.0" ENDDATETIME="2030-05-07 05:00:00.0" ATTENDANCETYPE="0" COURSECLASSTUTORID="3" CREATEDON="2018-11-29 00:59:01.81000000" MODIFIEDON="2018-11-29 00:59:01.81000000" MARKEDBYUSERID="1" SESSIONID="21" ID="24"/>
    <SessionCourseClassTutor ACTUALPAYABLEDURATIONMINUTES="180" STARTDATETIME="2030-04-30 09:00:00.0" ENDDATETIME="2030-05-07 05:00:00.0" ATTENDANCETYPE="0" COURSECLASSTUTORID="3" CREATEDON="2018-11-29 00:59:01.82000000" MODIFIEDON="2018-11-29 00:59:01.82000000" MARKEDBYUSERID="1" SESSIONID="27" ID="25"/>
    <SessionCourseClassTutor ACTUALPAYABLEDURATIONMINUTES="180" STARTDATETIME="2030-04-30 09:00:00.0" ENDDATETIME="2030-05-07 05:00:00.0" ATTENDANCETYPE="0" COURSECLASSTUTORID="3" CREATEDON="2018-11-29 00:59:01.81000000" MODIFIEDON="2018-11-29 00:59:01.81000000" MARKEDBYUSERID="1" SESSIONID="23" ID="26"/>
    <SessionCourseClassTutor ACTUALPAYABLEDURATIONMINUTES="180" STARTDATETIME="2030-04-30 09:00:00.0" ENDDATETIME="2030-05-07 05:00:00.0" ATTENDANCETYPE="0" COURSECLASSTUTORID="3" CREATEDON="2018-11-29 00:59:01.83000000" MODIFIEDON="2018-11-29 00:59:01.83000000" MARKEDBYUSERID="1" SESSIONID="22" ID="27"/>
    <SessionCourseClassTutor ACTUALPAYABLEDURATIONMINUTES="180" STARTDATETIME="2030-04-30 09:00:00.0" ENDDATETIME="2030-05-07 05:00:00.0" ATTENDANCETYPE="0" COURSECLASSTUTORID="3" CREATEDON="2018-11-29 00:59:01.83000000" MODIFIEDON="2018-11-29 00:59:01.83000000" MARKEDBYUSERID="1" SESSIONID="26" ID="28"/>
    <SessionCourseClassTutor ACTUALPAYABLEDURATIONMINUTES="180" STARTDATETIME="2030-04-30 09:00:00.0" ENDDATETIME="2030-05-07 05:00:00.0" ATTENDANCETYPE="0" COURSECLASSTUTORID="3" CREATEDON="2018-11-29 00:59:01.81000000" MODIFIEDON="2018-11-29 00:59:01.81000000" MARKEDBYUSERID="1" SESSIONID="24" ID="29"/>
    <SessionCourseClassTutor ACTUALPAYABLEDURATIONMINUTES="180" STARTDATETIME="2030-04-30 09:00:00.0" ENDDATETIME="2030-05-07 05:00:00.0" ATTENDANCETYPE="0" COURSECLASSTUTORID="3" CREATEDON="2018-11-29 00:59:01.82000000" MODIFIEDON="2018-11-29 00:59:01.82000000" MARKEDBYUSERID="1" SESSIONID="25" ID="30"/>
    <SessionCourseClassTutor ACTUALPAYABLEDURATIONMINUTES="180" STARTDATETIME="2030-04-30 09:00:00.0" ENDDATETIME="2030-05-07 05:00:00.0" ATTENDANCETYPE="0" COURSECLASSTUTORID="6" CREATEDON="2019-06-18 22:15:31.141000000" MODIFIEDON="2019-06-18 22:15:31.141000000" MARKEDBYUSERID="1" SESSIONID="40" ID="31"/>
    <SessionCourseClassTutor ACTUALPAYABLEDURATIONMINUTES="180" STARTDATETIME="2030-04-30 09:00:00.0" ENDDATETIME="2030-05-07 05:00:00.0" ATTENDANCETYPE="0" COURSECLASSTUTORID="6" CREATEDON="2019-06-18 22:15:31.141000000" MODIFIEDON="2019-06-18 22:15:31.141000000" MARKEDBYUSERID="1" SESSIONID="39" ID="32"/>
    <SessionCourseClassTutor ACTUALPAYABLEDURATIONMINUTES="180" STARTDATETIME="2030-04-30 09:00:00.0" ENDDATETIME="2030-05-07 05:00:00.0" ATTENDANCETYPE="0" COURSECLASSTUTORID="6" CREATEDON="2019-06-18 22:15:31.140000000" MODIFIEDON="2019-06-18 22:15:31.140000000" MARKEDBYUSERID="1" SESSIONID="41" ID="33"/>
    <SessionCourseClassTutor ACTUALPAYABLEDURATIONMINUTES="180" STARTDATETIME="2030-04-30 09:00:00.0" ENDDATETIME="2030-05-07 05:00:00.0" ATTENDANCETYPE="0" COURSECLASSTUTORID="6" CREATEDON="2019-06-18 22:15:31.142000000" MODIFIEDON="2019-06-18 22:15:31.142000000" MARKEDBYUSERID="1" SESSIONID="43" ID="34"/>
    <SessionCourseClassTutor ACTUALPAYABLEDURATIONMINUTES="180" STARTDATETIME="2030-04-30 09:00:00.0" ENDDATETIME="2030-05-07 05:00:00.0" ATTENDANCETYPE="0" COURSECLASSTUTORID="6" CREATEDON="2019-06-18 22:15:31.140000000" MODIFIEDON="2019-06-18 22:15:31.140000000" MARKEDBYUSERID="1" SESSIONID="42" ID="35"/>

    <SessionCourseClassTutor ACTUALPAYABLEDURATIONMINUTES="180" STARTDATETIME="2030-04-30 09:00:00.0" ENDDATETIME="2030-05-07 05:00:00.0" ATTENDANCETYPE="0" COURSECLASSTUTORID="7" CREATEDON="2019-09-20 19:16:28.28000000" MODIFIEDON="2019-09-20 19:16:28.28000000" MARKEDBYUSERID="1" SESSIONID="46" ID="36"/>
    <SessionCourseClassTutor ACTUALPAYABLEDURATIONMINUTES="180" STARTDATETIME="2030-04-30 09:00:00.0" ENDDATETIME="2030-05-07 05:00:00.0" ATTENDANCETYPE="0" COURSECLASSTUTORID="7" CREATEDON="2019-09-20 19:16:28.29000000" MODIFIEDON="2019-09-20 19:16:28.29000000" MARKEDBYUSERID="1" SESSIONID="44" ID="37"/>
    <SessionCourseClassTutor ACTUALPAYABLEDURATIONMINUTES="180" STARTDATETIME="2030-04-30 09:00:00.0" ENDDATETIME="2030-05-07 05:00:00.0" ATTENDANCETYPE="0" COURSECLASSTUTORID="7" CREATEDON="2019-09-20 19:16:28.32000000" MODIFIEDON="2019-09-20 19:16:28.32000000" MARKEDBYUSERID="1" SESSIONID="45" ID="38"/>
    <SessionCourseClassTutor ACTUALPAYABLEDURATIONMINUTES="180" STARTDATETIME="2030-04-30 09:00:00.0" ENDDATETIME="2030-05-07 05:00:00.0" ATTENDANCETYPE="0" COURSECLASSTUTORID="8" CREATEDON="2019-09-20 19:22:23.699000000" MODIFIEDON="2019-09-20 19:22:23.699000000" MARKEDBYUSERID="1" SESSIONID="47" ID="39"/>
    <SessionCourseClassTutor ACTUALPAYABLEDURATIONMINUTES="180" STARTDATETIME="2030-04-30 09:00:00.0" ENDDATETIME="2030-05-07 05:00:00.0" ATTENDANCETYPE="0" COURSECLASSTUTORID="8" CREATEDON="2019-09-20 19:22:23.700000000" MODIFIEDON="2019-09-20 19:22:23.700000000" MARKEDBYUSERID="1" SESSIONID="48" ID="40"/>
    <SessionCourseClassTutor ACTUALPAYABLEDURATIONMINUTES="180" STARTDATETIME="2030-04-30 09:00:00.0" ENDDATETIME="2030-05-07 05:00:00.0" ATTENDANCETYPE="0" COURSECLASSTUTORID="8" CREATEDON="2019-09-20 19:22:23.700000000" MODIFIEDON="2019-09-20 19:22:23.700000000" MARKEDBYUSERID="1" SESSIONID="49" ID="41"/>
    <SessionCourseClassTutor ACTUALPAYABLEDURATIONMINUTES="180" STARTDATETIME="2030-04-30 09:00:00.0" ENDDATETIME="2030-05-07 05:00:00.0" ATTENDANCETYPE="0" COURSECLASSTUTORID="8" CREATEDON="2019-09-20 19:22:23.700000000" MODIFIEDON="2019-09-20 19:22:23.700000000" MARKEDBYUSERID="1" SESSIONID="50" ID="42"/>
    <SessionCourseClassTutor ACTUALPAYABLEDURATIONMINUTES="180" STARTDATETIME="2030-04-30 09:00:00.0" ENDDATETIME="2030-05-07 05:00:00.0" ATTENDANCETYPE="0" COURSECLASSTUTORID="15" CREATEDON="2020-04-30 02:41:10.282000000" MODIFIEDON="2020-04-30 02:41:10.282000000" SESSIONID="51" ID="51"/>
    <SessionCourseClassTutor ACTUALPAYABLEDURATIONMINUTES="180" STARTDATETIME="2030-04-30 09:00:00.0" ENDDATETIME="2030-05-07 05:00:00.0" ATTENDANCETYPE="0" COURSECLASSTUTORID="15" CREATEDON="2020-04-30 02:41:10.262000000" MODIFIEDON="2020-04-30 02:41:10.262000000" SESSIONID="52" ID="52"/>
    <SessionCourseClassTutor ACTUALPAYABLEDURATIONMINUTES="180" STARTDATETIME="2030-04-30 09:00:00.0" ENDDATETIME="2030-05-07 05:00:00.0" ATTENDANCETYPE="0" COURSECLASSTUTORID="15" CREATEDON="2020-04-30 02:41:10.271000000" MODIFIEDON="2020-04-30 02:41:10.271000000" SESSIONID="53" ID="53"/>
    <SessionCourseClassTutor ACTUALPAYABLEDURATIONMINUTES="180" STARTDATETIME="2030-04-30 09:00:00.0" ENDDATETIME="2030-05-07 05:00:00.0" ATTENDANCETYPE="0" COURSECLASSTUTORID="15" CREATEDON="2020-04-30 02:41:10.287000000" MODIFIEDON="2020-04-30 02:41:10.287000000" SESSIONID="54" ID="54"/>
    <SessionCourseClassTutor ACTUALPAYABLEDURATIONMINUTES="180" STARTDATETIME="2030-04-30 09:00:00.0" ENDDATETIME="2030-05-07 05:00:00.0" ATTENDANCETYPE="0" COURSECLASSTUTORID="15" CREATEDON="2020-04-30 02:41:10.276000000" MODIFIEDON="2020-04-30 02:41:10.276000000" SESSIONID="55" ID="55"/>
    <SessionCourseClassTutor ACTUALPAYABLEDURATIONMINUTES="180" STARTDATETIME="2030-04-30 09:00:00.0" ENDDATETIME="2030-05-07 05:00:00.0" ATTENDANCETYPE="0" COURSECLASSTUTORID="16" CREATEDON="2020-05-07 04:16:39.289000000" MODIFIEDON="2020-05-07 04:16:39.289000000" SESSIONID="56" ID="56"/>


    <!-- ATTENDANCE -->
    <Attendance ATTENDANCETYPE="0" SESSIONID="2" STUDENTID="1" CREATEDON="2018-11-29 01:01:15.569000000" MODIFIEDON="2018-11-29 01:01:15.569000000" ID="1"/>
    <Attendance ATTENDANCETYPE="0" SESSIONID="10" STUDENTID="1" CREATEDON="2018-11-29 01:01:15.575000000" MODIFIEDON="2018-11-29 01:01:15.575000000" ID="2"/>
    <Attendance ATTENDANCETYPE="0" SESSIONID="8" STUDENTID="1" CREATEDON="2018-11-29 01:01:15.575000000" MODIFIEDON="2018-11-29 01:01:15.575000000" ID="3"/>
    <Attendance ATTENDANCETYPE="0" SESSIONID="3" STUDENTID="1" CREATEDON="2018-11-29 01:01:15.569000000" MODIFIEDON="2018-11-29 01:01:15.569000000" ID="4"/>
    <Attendance ATTENDANCETYPE="0" SESSIONID="5" STUDENTID="1" CREATEDON="2018-11-29 01:01:15.570000000" MODIFIEDON="2018-11-29 01:01:15.570000000" ID="5"/>
    <Attendance ATTENDANCETYPE="1" SESSIONID="1" STUDENTID="1" CREATEDON="2018-11-29 01:01:15.568000000" MODIFIEDON="2018-11-29 01:01:15.568000000" ID="6"/>
    <Attendance ATTENDANCETYPE="0" SESSIONID="6" STUDENTID="1" CREATEDON="2018-11-29 01:01:15.574000000" MODIFIEDON="2018-11-29 01:01:15.574000000" ID="7"/>
    <Attendance ATTENDANCETYPE="0" SESSIONID="4" STUDENTID="1" CREATEDON="2018-11-29 01:01:15.569000000" MODIFIEDON="2018-11-29 01:01:15.569000000" ID="8"/>
    <Attendance ATTENDANCETYPE="0" SESSIONID="9" STUDENTID="1" CREATEDON="2018-11-29 01:01:15.575000000" MODIFIEDON="2018-11-29 01:01:15.575000000" ID="9"/>
    <Attendance ATTENDANCETYPE="0" SESSIONID="7" STUDENTID="1" CREATEDON="2018-11-29 01:01:15.574000000" MODIFIEDON="2018-11-29 01:01:15.574000000" ID="10"/>
    <Attendance ATTENDANCETYPE="0" SESSIONID="14" STUDENTID="1" CREATEDON="2018-11-29 01:01:15.665000000" MODIFIEDON="2018-11-29 01:01:15.665000000" ID="11"/>
    <Attendance ATTENDANCETYPE="0" SESSIONID="16" STUDENTID="1" CREATEDON="2018-11-29 01:01:15.666000000" MODIFIEDON="2018-11-29 01:01:15.666000000" ID="12"/>
    <Attendance ATTENDANCETYPE="0" SESSIONID="12" STUDENTID="1" CREATEDON="2018-11-29 01:01:15.664000000" MODIFIEDON="2018-11-29 01:01:15.664000000" ID="13"/>
    <Attendance ATTENDANCETYPE="0" SESSIONID="19" STUDENTID="1" CREATEDON="2018-11-29 01:01:15.667000000" MODIFIEDON="2018-11-29 01:01:15.667000000" ID="14"/>
    <Attendance ATTENDANCETYPE="0" SESSIONID="17" STUDENTID="1" CREATEDON="2018-11-29 01:01:15.667000000" MODIFIEDON="2018-11-29 01:01:15.667000000" ID="15"/>
    <Attendance ATTENDANCETYPE="0" SESSIONID="20" STUDENTID="1" CREATEDON="2018-11-29 01:01:15.667000000" MODIFIEDON="2018-11-29 01:01:15.667000000" ID="16"/>
    <Attendance ATTENDANCETYPE="0" SESSIONID="15" STUDENTID="1" CREATEDON="2018-11-29 01:01:15.665000000" MODIFIEDON="2018-11-29 01:01:15.665000000" ID="17"/>
    <Attendance ATTENDANCETYPE="0" SESSIONID="11" STUDENTID="1" CREATEDON="2018-11-29 01:01:15.664000000" MODIFIEDON="2018-11-29 01:01:15.664000000" ID="18"/>
    <Attendance ATTENDANCETYPE="0" SESSIONID="18" STUDENTID="1" CREATEDON="2018-11-29 01:01:15.667000000" MODIFIEDON="2018-11-29 01:01:15.667000000" ID="19"/>
    <Attendance ATTENDANCETYPE="0" SESSIONID="13" STUDENTID="1" CREATEDON="2018-11-29 01:01:15.665000000" MODIFIEDON="2018-11-29 01:01:15.665000000" ID="20"/>
    <Attendance ATTENDANCETYPE="0" SESSIONID="26" STUDENTID="1" CREATEDON="2018-11-29 01:01:15.714000000" MODIFIEDON="2018-11-29 01:01:15.714000000" ID="21"/>
    <Attendance ATTENDANCETYPE="0" SESSIONID="21" STUDENTID="1" CREATEDON="2018-11-29 01:01:15.713000000" MODIFIEDON="2018-11-29 01:01:15.713000000" ID="22"/>
    <Attendance ATTENDANCETYPE="0" SESSIONID="22" STUDENTID="1" CREATEDON="2018-11-29 01:01:15.713000000" MODIFIEDON="2018-11-29 01:01:15.713000000" ID="23"/>
    <Attendance ATTENDANCETYPE="0" SESSIONID="29" STUDENTID="1" CREATEDON="2018-11-29 01:01:15.715000000" MODIFIEDON="2018-11-29 01:01:15.715000000" ID="24"/>
    <Attendance ATTENDANCETYPE="0" SESSIONID="24" STUDENTID="1" CREATEDON="2018-11-29 01:01:15.714000000" MODIFIEDON="2018-11-29 01:01:15.714000000" ID="25"/>
    <Attendance ATTENDANCETYPE="0" SESSIONID="25" STUDENTID="1" CREATEDON="2018-11-29 01:01:15.714000000" MODIFIEDON="2018-11-29 01:01:15.714000000" ID="26"/>
    <Attendance ATTENDANCETYPE="0" SESSIONID="27" STUDENTID="1" CREATEDON="2018-11-29 01:01:15.715000000" MODIFIEDON="2018-11-29 01:01:15.715000000" ID="27"/>
    <Attendance ATTENDANCETYPE="0" SESSIONID="30" STUDENTID="1" CREATEDON="2018-11-29 01:01:15.715000000" MODIFIEDON="2018-11-29 01:01:15.715000000" ID="28"/>
    <Attendance ATTENDANCETYPE="0" SESSIONID="28" STUDENTID="1" CREATEDON="2018-11-29 01:01:15.715000000" MODIFIEDON="2018-11-29 01:01:15.715000000" ID="29"/>
    <Attendance ATTENDANCETYPE="0" SESSIONID="23" STUDENTID="1" CREATEDON="2018-11-29 01:01:15.714000000" MODIFIEDON="2018-11-29 01:01:15.714000000" ID="30"/>
    <Attendance ATTENDANCETYPE="0" SESSIONID="10" STUDENTID="2" CREATEDON="2018-11-29 01:03:36.139000000" MODIFIEDON="2018-11-29 01:03:36.139000000" ID="31"/>
    <Attendance ATTENDANCETYPE="0" SESSIONID="6" STUDENTID="2" CREATEDON="2018-11-29 01:03:36.137000000" MODIFIEDON="2018-11-29 01:03:36.137000000" ID="32"/>
    <Attendance ATTENDANCETYPE="0" SESSIONID="8" STUDENTID="2" CREATEDON="2018-11-29 01:03:36.138000000" MODIFIEDON="2018-11-29 01:03:36.138000000" ID="33"/>
    <Attendance ATTENDANCETYPE="0" SESSIONID="4" STUDENTID="2" CREATEDON="2018-11-29 01:03:36.136000000" MODIFIEDON="2018-11-29 01:03:36.136000000" ID="34"/>
    <Attendance ATTENDANCETYPE="0" SESSIONID="2" STUDENTID="2" CREATEDON="2018-11-29 01:03:36.135000000" MODIFIEDON="2018-11-29 01:03:36.135000000" ID="35"/>
    <Attendance ATTENDANCETYPE="1" SESSIONID="9" STUDENTID="2" CREATEDON="2018-11-29 01:03:36.139000000" MODIFIEDON="2018-11-29 01:03:36.139000000" ID="36"/>
    <Attendance ATTENDANCETYPE="0" SESSIONID="5" STUDENTID="2" CREATEDON="2018-11-29 01:03:36.136000000" MODIFIEDON="2018-11-29 01:03:36.136000000" ID="37"/>
    <Attendance ATTENDANCETYPE="0" SESSIONID="1" STUDENTID="2" CREATEDON="2018-11-29 01:03:36.134000000" MODIFIEDON="2018-11-29 01:03:36.134000000" ID="38"/>
    <Attendance ATTENDANCETYPE="0" SESSIONID="7" STUDENTID="2" CREATEDON="2018-11-29 01:03:36.138000000" MODIFIEDON="2018-11-29 01:03:36.138000000" ID="39"/>
    <Attendance ATTENDANCETYPE="0" SESSIONID="3" STUDENTID="2" CREATEDON="2018-11-29 01:03:36.135000000" MODIFIEDON="2018-11-29 01:03:36.135000000" ID="40"/>
    <Attendance ATTENDANCETYPE="0" SESSIONID="15" STUDENTID="2" CREATEDON="2018-11-29 01:03:36.218000000" MODIFIEDON="2018-11-29 01:03:36.218000000" ID="41"/>
    <Attendance ATTENDANCETYPE="0" SESSIONID="11" STUDENTID="2" CREATEDON="2018-11-29 01:03:36.216000000" MODIFIEDON="2018-11-29 01:03:36.216000000" ID="42"/>
    <Attendance ATTENDANCETYPE="0" SESSIONID="13" STUDENTID="2" CREATEDON="2018-11-29 01:03:36.217000000" MODIFIEDON="2018-11-29 01:03:36.217000000" ID="43"/>
    <Attendance ATTENDANCETYPE="0" SESSIONID="19" STUDENTID="2" CREATEDON="2018-11-29 01:03:36.222000000" MODIFIEDON="2018-11-29 01:03:36.222000000" ID="44"/>
    <Attendance ATTENDANCETYPE="0" SESSIONID="17" STUDENTID="2" CREATEDON="2018-11-29 01:03:36.221000000" MODIFIEDON="2018-11-29 01:03:36.221000000" ID="45"/>
    <Attendance ATTENDANCETYPE="0" SESSIONID="12" STUDENTID="2" CREATEDON="2018-11-29 01:03:36.216000000" MODIFIEDON="2018-11-29 01:03:36.216000000" ID="46"/>
    <Attendance ATTENDANCETYPE="0" SESSIONID="14" STUDENTID="2" CREATEDON="2018-11-29 01:03:36.218000000" MODIFIEDON="2018-11-29 01:03:36.218000000" ID="47"/>
    <Attendance ATTENDANCETYPE="0" SESSIONID="18" STUDENTID="2" CREATEDON="2018-11-29 01:03:36.222000000" MODIFIEDON="2018-11-29 01:03:36.222000000" ID="48"/>
    <Attendance ATTENDANCETYPE="0" SESSIONID="16" STUDENTID="2" CREATEDON="2018-11-29 01:03:36.220000000" MODIFIEDON="2018-11-29 01:03:36.220000000" ID="49"/>
    <Attendance ATTENDANCETYPE="0" SESSIONID="20" STUDENTID="2" CREATEDON="2018-11-29 01:03:36.223000000" MODIFIEDON="2018-11-29 01:03:36.223000000" ID="50"/>
    <Attendance ATTENDANCETYPE="0" SESSIONID="21" STUDENTID="2" CREATEDON="2018-11-29 01:03:36.247000000" MODIFIEDON="2018-11-29 01:03:36.247000000" ID="51"/>
    <Attendance ATTENDANCETYPE="0" SESSIONID="29" STUDENTID="2" CREATEDON="2018-11-29 01:03:36.270000000" MODIFIEDON="2018-11-29 01:03:36.270000000" ID="52"/>
    <Attendance ATTENDANCETYPE="0" SESSIONID="27" STUDENTID="2" CREATEDON="2018-11-29 01:03:36.250000000" MODIFIEDON="2018-11-29 01:03:36.250000000" ID="53"/>
    <Attendance ATTENDANCETYPE="0" SESSIONID="23" STUDENTID="2" CREATEDON="2018-11-29 01:03:36.248000000" MODIFIEDON="2018-11-29 01:03:36.248000000" ID="54"/>
    <Attendance ATTENDANCETYPE="0" SESSIONID="25" STUDENTID="2" CREATEDON="2018-11-29 01:03:36.249000000" MODIFIEDON="2018-11-29 01:03:36.249000000" ID="55"/>
    <Attendance ATTENDANCETYPE="0" SESSIONID="28" STUDENTID="2" CREATEDON="2018-11-29 01:03:36.269000000" MODIFIEDON="2018-11-29 01:03:36.269000000" ID="56"/>
    <Attendance ATTENDANCETYPE="0" SESSIONID="26" STUDENTID="2" CREATEDON="2018-11-29 01:03:36.250000000" MODIFIEDON="2018-11-29 01:03:36.250000000" ID="57"/>
    <Attendance ATTENDANCETYPE="0" SESSIONID="30" STUDENTID="2" CREATEDON="2018-11-29 01:03:36.271000000" MODIFIEDON="2018-11-29 01:03:36.271000000" ID="58"/>
    <Attendance ATTENDANCETYPE="0" SESSIONID="22" STUDENTID="2" CREATEDON="2018-11-29 01:03:36.247000000" MODIFIEDON="2018-11-29 01:03:36.247000000" ID="59"/>
    <Attendance ATTENDANCETYPE="0" SESSIONID="24" STUDENTID="2" CREATEDON="2018-11-29 01:03:36.249000000" MODIFIEDON="2018-11-29 01:03:36.249000000" ID="60"/>
    <Attendance ATTENDANCETYPE="1" SESSIONID="9" STUDENTID="3" CREATEDON="2018-11-30 23:31:19.776000000" MODIFIEDON="2018-11-30 23:31:19.776000000" ID="101"/>
    <Attendance ATTENDANCETYPE="0" SESSIONID="4" STUDENTID="3" CREATEDON="2018-11-30 23:31:19.762000000" MODIFIEDON="2018-11-30 23:31:19.763000000" ID="102"/>
    <Attendance ATTENDANCETYPE="0" SESSIONID="5" STUDENTID="3" CREATEDON="2018-11-30 23:31:19.765000000" MODIFIEDON="2018-11-30 23:31:19.765000000" ID="103"/>
    <Attendance ATTENDANCETYPE="0" SESSIONID="6" STUDENTID="3" CREATEDON="2018-11-30 23:31:19.768000000" MODIFIEDON="2018-11-30 23:31:19.768000000" ID="104"/>
    <Attendance ATTENDANCETYPE="0" SESSIONID="8" STUDENTID="3" CREATEDON="2018-11-30 23:31:19.774000000" MODIFIEDON="2018-11-30 23:31:19.774000000" ID="105"/>
    <Attendance ATTENDANCETYPE="0" SESSIONID="2" STUDENTID="3" CREATEDON="2018-11-30 23:31:19.757000000" MODIFIEDON="2018-11-30 23:31:19.757000000" ID="106"/>
    <Attendance ATTENDANCETYPE="0" SESSIONID="7" STUDENTID="3" CREATEDON="2018-11-30 23:31:19.770000000" MODIFIEDON="2018-11-30 23:31:19.770000000" ID="107"/>
    <Attendance ATTENDANCETYPE="0" SESSIONID="10" STUDENTID="3" CREATEDON="2018-11-30 23:31:19.778000000" MODIFIEDON="2018-11-30 23:31:19.778000000" ID="108"/>
    <Attendance ATTENDANCETYPE="0" SESSIONID="1" STUDENTID="3" CREATEDON="2018-11-30 23:31:19.756000000" MODIFIEDON="2018-11-30 23:31:19.756000000" ID="109"/>
    <Attendance ATTENDANCETYPE="0" SESSIONID="3" STUDENTID="3" CREATEDON="2018-11-30 23:31:19.761000000" MODIFIEDON="2018-11-30 23:31:19.761000000" ID="110"/>
    <Attendance ATTENDANCETYPE="0" SESSIONID="15" STUDENTID="3" CREATEDON="2018-11-30 23:31:19.853000000" MODIFIEDON="2018-11-30 23:31:19.853000000" ID="111"/>
    <Attendance ATTENDANCETYPE="0" SESSIONID="14" STUDENTID="3" CREATEDON="2018-11-30 23:31:19.851000000" MODIFIEDON="2018-11-30 23:31:19.851000000" ID="112"/>
    <Attendance ATTENDANCETYPE="0" SESSIONID="19" STUDENTID="3" CREATEDON="2018-11-30 23:31:19.866000000" MODIFIEDON="2018-11-30 23:31:19.866000000" ID="113"/>
    <Attendance ATTENDANCETYPE="0" SESSIONID="11" STUDENTID="3" CREATEDON="2018-11-30 23:31:19.846000000" MODIFIEDON="2018-11-30 23:31:19.846000000" ID="114"/>
    <Attendance ATTENDANCETYPE="0" SESSIONID="16" STUDENTID="3" CREATEDON="2018-11-30 23:31:19.861000000" MODIFIEDON="2018-11-30 23:31:19.861000000" ID="115"/>
    <Attendance ATTENDANCETYPE="0" SESSIONID="18" STUDENTID="3" CREATEDON="2018-11-30 23:31:19.864000000" MODIFIEDON="2018-11-30 23:31:19.864000000" ID="116"/>
    <Attendance ATTENDANCETYPE="0" SESSIONID="13" STUDENTID="3" CREATEDON="2018-11-30 23:31:19.849000000" MODIFIEDON="2018-11-30 23:31:19.849000000" ID="117"/>
    <Attendance ATTENDANCETYPE="0" SESSIONID="20" STUDENTID="3" CREATEDON="2018-11-30 23:31:19.867000000" MODIFIEDON="2018-11-30 23:31:19.867000000" ID="118"/>
    <Attendance ATTENDANCETYPE="0" SESSIONID="12" STUDENTID="3" CREATEDON="2018-11-30 23:31:19.848000000" MODIFIEDON="2018-11-30 23:31:19.848000000" ID="119"/>
    <Attendance ATTENDANCETYPE="0" SESSIONID="17" STUDENTID="3" CREATEDON="2018-11-30 23:31:19.863000000" MODIFIEDON="2018-11-30 23:31:19.863000000" ID="120"/>
    <Attendance ATTENDANCETYPE="0" SESSIONID="24" STUDENTID="3" CREATEDON="2018-11-30 23:31:19.930000000" MODIFIEDON="2018-11-30 23:31:19.930000000" ID="121"/>
    <Attendance ATTENDANCETYPE="0" SESSIONID="26" STUDENTID="3" CREATEDON="2018-11-30 23:31:19.934000000" MODIFIEDON="2018-11-30 23:31:19.934000000" ID="122"/>
    <Attendance ATTENDANCETYPE="0" SESSIONID="28" STUDENTID="3" CREATEDON="2018-11-30 23:31:19.939000000" MODIFIEDON="2018-11-30 23:31:19.940000000" ID="123"/>
    <Attendance ATTENDANCETYPE="0" SESSIONID="30" STUDENTID="3" CREATEDON="2018-11-30 23:31:19.945000000" MODIFIEDON="2018-11-30 23:31:19.945000000" ID="124"/>
    <Attendance ATTENDANCETYPE="0" SESSIONID="27" STUDENTID="3" CREATEDON="2018-11-30 23:31:19.935000000" MODIFIEDON="2018-11-30 23:31:19.935000000" ID="125"/>
    <Attendance ATTENDANCETYPE="0" SESSIONID="22" STUDENTID="3" CREATEDON="2018-11-30 23:31:19.925000000" MODIFIEDON="2018-11-30 23:31:19.925000000" ID="126"/>
    <Attendance ATTENDANCETYPE="0" SESSIONID="23" STUDENTID="3" CREATEDON="2018-11-30 23:31:19.928000000" MODIFIEDON="2018-11-30 23:31:19.928000000" ID="127"/>
    <Attendance ATTENDANCETYPE="0" SESSIONID="29" STUDENTID="3" CREATEDON="2018-11-30 23:31:19.943000000" MODIFIEDON="2018-11-30 23:31:19.943000000" ID="128"/>
    <Attendance ATTENDANCETYPE="0" SESSIONID="21" STUDENTID="3" CREATEDON="2018-11-30 23:31:19.920000000" MODIFIEDON="2018-11-30 23:31:19.920000000" ID="129"/>
    <Attendance ATTENDANCETYPE="0" SESSIONID="25" STUDENTID="3" CREATEDON="2018-11-30 23:31:19.932000000" MODIFIEDON="2018-11-30 23:31:19.932000000" ID="130"/>
    <Attendance ATTENDANCETYPE="0" SESSIONID="39" STUDENTID="3" CREATEDON="2019-06-18 22:17:33.563000000" MODIFIEDON="2019-06-18 22:17:33.563000000" ID="131"/>
    <Attendance ATTENDANCETYPE="0" SESSIONID="40" STUDENTID="3" CREATEDON="2019-06-18 22:17:33.565000000" MODIFIEDON="2019-06-18 22:17:33.565000000" ID="132"/>
    <Attendance ATTENDANCETYPE="0" SESSIONID="41" STUDENTID="3" CREATEDON="2019-06-18 22:17:33.566000000" MODIFIEDON="2019-06-18 22:17:33.566000000" ID="133"/>
    <Attendance ATTENDANCETYPE="0" SESSIONID="43" STUDENTID="3" CREATEDON="2019-06-18 22:17:33.572000000" MODIFIEDON="2019-06-18 22:17:33.572000000" ID="134"/>
    <Attendance ATTENDANCETYPE="0" SESSIONID="42" STUDENTID="3" CREATEDON="2019-06-18 22:17:33.566000000" MODIFIEDON="2019-06-18 22:17:33.566000000" ID="135"/>
    <Attendance ATTENDANCETYPE="0" SESSIONID="43" STUDENTID="4" CREATEDON="2019-06-18 22:20:28.965000000" MODIFIEDON="2019-06-18 22:20:28.965000000" ID="136"/>
    <Attendance ATTENDANCETYPE="0" SESSIONID="41" STUDENTID="4" CREATEDON="2019-06-18 22:20:28.963000000" MODIFIEDON="2019-06-18 22:20:28.963000000" ID="137"/>
    <Attendance ATTENDANCETYPE="0" SESSIONID="42" STUDENTID="4" CREATEDON="2019-06-18 22:20:28.964000000" MODIFIEDON="2019-06-18 22:20:28.964000000" ID="138"/>
    <Attendance ATTENDANCETYPE="0" SESSIONID="39" STUDENTID="4" CREATEDON="2019-06-18 22:20:28.961000000" MODIFIEDON="2019-06-18 22:20:28.961000000" ID="139"/>
    <Attendance ATTENDANCETYPE="0" SESSIONID="40" STUDENTID="4" CREATEDON="2019-06-18 22:20:28.962000000" MODIFIEDON="2019-06-18 22:20:28.962000000" ID="140"/>

    <Attendance ATTENDANCETYPE="0" SESSIONID="40" STUDENTID="13" CREATEDON="2019-09-11 01:30:20.274000000" MODIFIEDON="2019-09-11 01:30:20.274000000" ID="141"/>
    <Attendance ATTENDANCETYPE="0" SESSIONID="43" STUDENTID="13" CREATEDON="2019-09-11 01:30:20.279000000" MODIFIEDON="2019-09-11 01:30:20.279000000" ID="142"/>
    <Attendance ATTENDANCETYPE="0" SESSIONID="39" STUDENTID="13" CREATEDON="2019-09-11 01:30:20.270000000" MODIFIEDON="2019-09-11 01:30:20.270000000" ID="143"/>
    <Attendance ATTENDANCETYPE="0" SESSIONID="41" STUDENTID="13" CREATEDON="2019-09-11 01:30:20.276000000" MODIFIEDON="2019-09-11 01:30:20.276000000" ID="144"/>
    <Attendance ATTENDANCETYPE="0" SESSIONID="42" STUDENTID="13" CREATEDON="2019-09-11 01:30:20.278000000" MODIFIEDON="2019-09-11 01:30:20.278000000" ID="145"/>
    <Attendance ATTENDANCETYPE="0" SESSIONID="42" STUDENTID="14" CREATEDON="2019-09-11 01:30:52.849000000" MODIFIEDON="2019-09-11 01:30:52.849000000" ID="146"/>
    <Attendance ATTENDANCETYPE="0" SESSIONID="41" STUDENTID="14" CREATEDON="2019-09-11 01:30:52.848000000" MODIFIEDON="2019-09-11 01:30:52.848000000" ID="147"/>
    <Attendance ATTENDANCETYPE="0" SESSIONID="40" STUDENTID="14" CREATEDON="2019-09-11 01:30:52.846000000" MODIFIEDON="2019-09-11 01:30:52.846000000" ID="148"/>
    <Attendance ATTENDANCETYPE="0" SESSIONID="39" STUDENTID="14" CREATEDON="2019-09-11 01:30:52.844000000" MODIFIEDON="2019-09-11 01:30:52.844000000" ID="149"/>
    <Attendance ATTENDANCETYPE="0" SESSIONID="43" STUDENTID="14" CREATEDON="2019-09-11 01:30:52.851000000" MODIFIEDON="2019-09-11 01:30:52.851000000" ID="150"/>

    <Attendance ATTENDANCETYPE="0" SESSIONID="45" STUDENTID="15" CREATEDON="2019-09-20 23:57:10.456000000" MODIFIEDON="2019-09-20 23:57:10.456000000" ID="151"/>
    <Attendance ATTENDANCETYPE="0" SESSIONID="46" STUDENTID="15" CREATEDON="2019-09-20 23:57:10.457000000" MODIFIEDON="2019-09-20 23:57:10.457000000" ID="152"/>
    <Attendance ATTENDANCETYPE="0" SESSIONID="44" STUDENTID="15" CREATEDON="2019-09-20 23:57:10.455000000" MODIFIEDON="2019-09-20 23:57:10.455000000" ID="153"/>
    <Attendance ATTENDANCETYPE="0" SESSIONID="49" STUDENTID="16" CREATEDON="2019-09-20 23:58:09.532000000" MODIFIEDON="2019-09-20 23:58:09.532000000" ID="154"/>
    <Attendance ATTENDANCETYPE="0" SESSIONID="50" STUDENTID="16" CREATEDON="2019-09-20 23:58:09.533000000" MODIFIEDON="2019-09-20 23:58:09.533000000" ID="155"/>
    <Attendance ATTENDANCETYPE="0" SESSIONID="47" STUDENTID="16" CREATEDON="2019-09-20 23:58:09.532000000" MODIFIEDON="2019-09-20 23:58:09.532000000" ID="156"/>
    <Attendance ATTENDANCETYPE="0" SESSIONID="48" STUDENTID="16" CREATEDON="2019-09-20 23:58:09.532000000" MODIFIEDON="2019-09-20 23:58:09.532000000" ID="157"/>

    <Attendance ATTENDANCETYPE="0" SESSIONID="43" STUDENTID="18" CREATEDON="2019-09-26 23:43:06.566000000" MODIFIEDON="2019-09-26 23:43:06.566000000" ID="158"/>
    <Attendance ATTENDANCETYPE="0" SESSIONID="39" STUDENTID="18" CREATEDON="2019-09-26 23:43:06.552000000" MODIFIEDON="2019-09-26 23:43:06.552000000" ID="159"/>
    <Attendance ATTENDANCETYPE="0" SESSIONID="40" STUDENTID="18" CREATEDON="2019-09-26 23:43:06.558000000" MODIFIEDON="2019-09-26 23:43:06.558000000" ID="160"/>
    <Attendance ATTENDANCETYPE="0" SESSIONID="41" STUDENTID="18" CREATEDON="2019-09-26 23:43:06.561000000" MODIFIEDON="2019-09-26 23:43:06.561000000" ID="161"/>
    <Attendance ATTENDANCETYPE="0" SESSIONID="42" STUDENTID="18" CREATEDON="2019-09-26 23:43:06.564000000" MODIFIEDON="2019-09-26 23:43:06.564000000" ID="162"/>

    <Attendance ATTENDANCETYPE="0" SESSIONID="51" STUDENTID="12" CREATEDON="2020-04-30 04:01:06.955000000" MODIFIEDON="2020-04-30 04:01:06.955000000" ID="163"/>
    <Attendance ATTENDANCETYPE="0" SESSIONID="52" STUDENTID="12" CREATEDON="2020-04-30 04:01:06.958000000" MODIFIEDON="2020-04-30 04:01:06.958000000" ID="164"/>
    <Attendance ATTENDANCETYPE="0" SESSIONID="53" STUDENTID="12" CREATEDON="2020-04-30 04:01:06.953000000" MODIFIEDON="2020-04-30 04:01:06.953000000" ID="165"/>
    <Attendance ATTENDANCETYPE="0" SESSIONID="54" STUDENTID="12" CREATEDON="2020-04-30 04:01:06.950000000" MODIFIEDON="2020-04-30 04:01:06.950000000" ID="166"/>
    <Attendance ATTENDANCETYPE="0" SESSIONID="55" STUDENTID="12" CREATEDON="2020-04-30 04:01:06.952000000" MODIFIEDON="2020-04-30 04:01:06.952000000" ID="167"/>




    <!-- MODULE -->
    <Module CREATEDON="2011-03-25 17:57:55.0" FIELDOFEDUCATION="030701" TYPE="0" ISOFFERED="1" MODIFIEDON="2018-11-29 21:09:08.0" NATIONALCODE="AUM1602A" NOMINALHOURS="22.0" TITLE="Install plant, equipment or systems - Advanced" ID="1" ISCUSTOM="0"/>
    <Module CREATEDON="2011-03-25 17:57:52.0" FIELDOFEDUCATION="030501" TYPE="0" ISOFFERED="1" MODIFIEDON="2018-11-29 21:09:08.0" NATIONALCODE="AUM1503A" TITLE="Create new product designs" ID="2" ISCUSTOM="0"/>
    <Module CREATEDON="2011-03-25 17:57:48.0" FIELDOFEDUCATION="120501" TYPE="0" ISOFFERED="1" MODIFIEDON="2018-11-29 21:09:08.0" NATIONALCODE="AUM1001A" NOMINALHOURS="12.0" TITLE="Manage personal career goals" ID="3" ISCUSTOM="0"/>
    <Module CREATEDON="2011-03-25 17:57:50.0" FIELDOFEDUCATION="030717" TYPE="0" ISOFFERED="1" MODIFIEDON="2018-11-29 21:09:08.0" NATIONALCODE="AUM1002A" NOMINALHOURS="32.0" TITLE="Select and use tools and equipment in an automotive manufacturing environment" ID="4" ISCUSTOM="0"/>
    <Module CREATEDON="2018-05-11 23:49:17.0" FIELDOFEDUCATION="120199" TYPE="1" ISOFFERED="0" MODIFIEDON="2018-05-11 23:49:17.0" NATIONALCODE="VU21349" TITLE="Identify the Australian electoral system" ID="5" ISCUSTOM="0"/>
    <Module CREATEDON="2018-05-11 23:45:48.0" FIELDOFEDUCATION="120199" TYPE="1" ISOFFERED="0" MODIFIEDON="2018-05-11 23:45:48.0" NATIONALCODE="VU21318" TITLE="Identify community options" ID="6" ISCUSTOM="0"/>

    <!-- DISCOUNT -->
    <Discount CREATEDON="2019-03-11 21:57:32.760000000" DISCOUNTPERCENT="0.100" MODIFIEDON="2019-03-11 21:57:32.761000000" NAME="discount1" ROUNDING="0" DISCOUNTTYPE="1" PREDICTEDSTUDENTSPERCENTAGE="0.10" HIDEONWEB="0" ISAVAILABLEONWEB="1" ADDBYDEFAULT="0" MINENROLMENTS="1" MINVALUE="0.00" VALIDFROMOFFSET="-30" VALIDTOOFFSET="5" ID="1001" COSACCOUNTID="10" LIMITPREVIOUSENROLMENT="0"/>
    <Discount CREATEDON="2019-03-11 21:58:36.785000000" DISCOUNTPERCENT="0.200" MODIFIEDON="2019-03-11 21:58:36.785000000" NAME="discount2" ROUNDING="0" DISCOUNTTYPE="1" PREDICTEDSTUDENTSPERCENTAGE="0.10" HIDEONWEB="0" ISAVAILABLEONWEB="1" ADDBYDEFAULT="0" MINENROLMENTS="1" MINVALUE="0.00" ID="1002" COSACCOUNTID="10" LIMITPREVIOUSENROLMENT="0"/>
    <Discount CREATEDON="2019-03-11 21:57:32.760000000" DISCOUNTPERCENT="0.100" MODIFIEDON="2019-03-11 21:57:32.761000000" NAME="discount1" ROUNDING="0" DISCOUNTTYPE="1" PREDICTEDSTUDENTSPERCENTAGE="0.10" HIDEONWEB="0" ISAVAILABLEONWEB="1" ADDBYDEFAULT="0" MINENROLMENTS="1" MINVALUE="0.00" VALIDFROMOFFSET="-30" VALIDTOOFFSET="5" ID="1003" COSACCOUNTID="10" LIMITPREVIOUSENROLMENT="0"/>

    <!-- DISCOUNT_COURSECLASS -->
    <Discount_CourseClass COURSECLASSID="3" CREATEDON="2019-03-11 21:57:32.763000000" MODIFIEDON="2019-03-11 21:57:32.76300000" DISCOUNTID="1001" ID="1001"/>
    <Discount_CourseClass COURSECLASSID="2" CREATEDON="2019-03-11 21:57:32.761000000" MODIFIEDON="2019-04-12 20:18:35.49000000" DISCOUNTID="1001" ID="1002"/>
    <Discount_CourseClass COURSECLASSID="3" CREATEDON="2019-03-11 21:58:36.786000000" MODIFIEDON="2019-04-12 20:18:35.54000000" DISCOUNTID="1002" ID="1003"/>

    <!-- CLASSCOST -->
    <ClassCost CREATEDBYUSERID="1" CREATEDON="2018-11-29 00:55:23.194000000" COURSECLASSID="1" DESCRIPTION="Wage for tutor1" ISFUNDING="2" MODIFIEDON="2018-11-29 00:55:23.194000000" PERUNITAMOUNTEXTAX="10.00" TYPE="6" CONTACTID="1" TAXADJUSTMENT="0.00" INVOICETOSTUDENT="0" PAYABLEONENROLMENT="1" ISSUNK="0" TUTORROLEID="1" ID="1"/>
    <ClassCost CREATEDON="2018-11-29 00:55:23.192000000" COURSECLASSID="1" DESCRIPTION="Student fee" ISFUNDING="1" MODIFIEDON="2018-11-29 00:55:23.192000000" PERUNITAMOUNTEXTAX="454.55" TAXID="1" TYPE="3" TAXADJUSTMENT="-0.01" INVOICETOSTUDENT="1" PAYABLEONENROLMENT="1" ISSUNK="0" ID="2"/>
    <ClassCost CREATEDON="2018-11-29 00:57:11.844000000" COURSECLASSID="2" DESCRIPTION="Student fee" ISFUNDING="1" MODIFIEDON="2018-11-29 00:57:11.844000000" PERUNITAMOUNTEXTAX="545.45" TAXID="1" TYPE="3" TAXADJUSTMENT="0.00" INVOICETOSTUDENT="1" PAYABLEONENROLMENT="1" ISSUNK="0" ID="3"/>
    <ClassCost CREATEDBYUSERID="1" CREATEDON="2018-11-29 00:57:11.871000000" COURSECLASSID="2" DESCRIPTION="Wage for tutor1" ISFUNDING="2" MODIFIEDON="2018-11-29 00:57:11.871000000" PERUNITAMOUNTEXTAX="15.00" TYPE="6" CONTACTID="1" TAXADJUSTMENT="0.00" INVOICETOSTUDENT="0" PAYABLEONENROLMENT="1" ISSUNK="0" TUTORROLEID="2" ID="4"/>
    <ClassCost CREATEDON="2018-11-29 00:59:01.80000000" COURSECLASSID="3" DESCRIPTION="Student fee" ISFUNDING="1" MODIFIEDON="2018-11-29 00:59:01.80000000" PERUNITAMOUNTEXTAX="636.36" TAXID="1" TYPE="3" TAXADJUSTMENT="0.00" INVOICETOSTUDENT="1" PAYABLEONENROLMENT="1" ISSUNK="0" ID="5"/>
    <ClassCost CREATEDBYUSERID="1" CREATEDON="2018-11-29 00:59:01.81000000" COURSECLASSID="3" DESCRIPTION="Wage for tutor1" ISFUNDING="2" MODIFIEDON="2018-11-29 00:59:01.81000000" PERUNITAMOUNTEXTAX="20.00" TYPE="2" CONTACTID="1" TAXADJUSTMENT="0.00" INVOICETOSTUDENT="0" PAYABLEONENROLMENT="1" ISSUNK="0" TUTORROLEID="3" ID="6"/>
    <ClassCost CREATEDON="2019-03-14 00:32:28.474000000" COURSECLASSID="3" DESCRIPTION="discount2" ISFUNDING="3" MODIFIEDON="2019-03-14 00:32:28.474000000" TYPE="5" TAXADJUSTMENT="0.00" INVOICETOSTUDENT="0" PAYABLEONENROLMENT="1" ISSUNK="0" DISCOUNTCOURSECLASSID="1001" ID="7"/>
    <ClassCost CREATEDON="2019-03-14 00:32:28.373000000" COURSECLASSID="3" DESCRIPTION="discount1" ISFUNDING="3" MODIFIEDON="2019-03-14 00:32:28.373000000" TYPE="5" TAXADJUSTMENT="0.00" INVOICETOSTUDENT="0" PAYABLEONENROLMENT="1" ISSUNK="0" DISCOUNTCOURSECLASSID="1001" ID="8"/>
    <ClassCost CREATEDON="2019-03-14 00:32:28.389000000" COURSECLASSID="2" DESCRIPTION="discount1" ISFUNDING="3" MODIFIEDON="2019-03-14 00:32:28.389000000" TYPE="5" TAXADJUSTMENT="0.00" INVOICETOSTUDENT="0" PAYABLEONENROLMENT="1" ISSUNK="0" DISCOUNTCOURSECLASSID="1001" ID="9"/>
    <ClassCost CREATEDON="2019-04-12 21:15:09.479000000" COURSECLASSID="4" DESCRIPTION="Student fee" ISFUNDING="1" MODIFIEDON="2019-04-12 21:15:09.479000000" PERUNITAMOUNTEXTAX="318.18" TAXID="1" TYPE="3" TAXADJUSTMENT="0.00" INVOICETOSTUDENT="1" PAYABLEONENROLMENT="1" ISSUNK="0" ID="10"/>
    <ClassCost CREATEDON="2019-04-12 21:15:09.479000000" COURSECLASSID="1111" DESCRIPTION="Student fee" ISFUNDING="1" MODIFIEDON="2019-04-12 21:15:09.479000000" PERUNITAMOUNTEXTAX="318.18" TAXID="1" TYPE="3" TAXADJUSTMENT="0.00" INVOICETOSTUDENT="1" PAYABLEONENROLMENT="1" ISSUNK="0" ID="10"/>
    <ClassCost CREATEDBYUSERID="1" CREATEDON="2019-04-12 21:15:09.486000000" COURSECLASSID="4" DESCRIPTION="Wage for tutor1" ISFUNDING="2" MODIFIEDON="2019-04-12 21:15:09.486000000" TYPE="6" CONTACTID="1" TAXADJUSTMENT="0.00" INVOICETOSTUDENT="0" PAYABLEONENROLMENT="1" ISSUNK="0" TUTORROLEID="1" ID="11"/>
    <ClassCost CREATEDON="2019-04-12 21:16:14.978000000" COURSECLASSID="5" DESCRIPTION="Student fee" ISFUNDING="1" MODIFIEDON="2019-04-12 21:16:14.979000000" PERUNITAMOUNTEXTAX="409.09" TAXID="1" TYPE="3" TAXADJUSTMENT="0.00" INVOICETOSTUDENT="1" PAYABLEONENROLMENT="1" ISSUNK="0" ID="12"/>
    <ClassCost CREATEDBYUSERID="1" CREATEDON="2019-04-12 21:16:14.982000000" COURSECLASSID="5" DESCRIPTION="Wage for tutor1" ISFUNDING="2" MODIFIEDON="2019-04-12 21:16:14.982000000" TYPE="6" CONTACTID="1" TAXADJUSTMENT="0.00" INVOICETOSTUDENT="0" PAYABLEONENROLMENT="1" ISSUNK="0" TUTORROLEID="2" ID="13"/>
    <ClassCost CREATEDON="2019-06-18 22:12:16.720000000" COURSECLASSID="3" DESCRIPTION="discount2" ISFUNDING="3" MODIFIEDON="2019-06-18 22:12:16.720000000" TYPE="5" TAXADJUSTMENT="0.00" INVOICETOSTUDENT="0" PAYABLEONENROLMENT="1" ISSUNK="0" DISCOUNTCOURSECLASSID="1003" ID="14"/>
    <ClassCost CREATEDON="2019-06-18 22:12:16.707000000" COURSECLASSID="2" DESCRIPTION="discount1" ISFUNDING="3" MODIFIEDON="2019-06-18 22:12:16.707000000" TYPE="5" TAXADJUSTMENT="0.00" INVOICETOSTUDENT="0" PAYABLEONENROLMENT="1" ISSUNK="0" DISCOUNTCOURSECLASSID="1002" ID="15"/>
    <ClassCost CREATEDON="2019-06-18 22:15:31.139000000" COURSECLASSID="6" DESCRIPTION="Student fee" ISFUNDING="1" MODIFIEDON="2019-06-18 22:15:31.139000000" PERUNITAMOUNTEXTAX="200.00" TAXID="1" TYPE="3" TAXADJUSTMENT="0.00" INVOICETOSTUDENT="1" PAYABLEONENROLMENT="1" ISSUNK="0" ID="16"/>
    <ClassCost CREATEDBYUSERID="1" CREATEDON="2019-06-18 22:15:31.139000000" COURSECLASSID="6" DESCRIPTION="Wage for tutor3" ISFUNDING="2" MODIFIEDON="2019-06-18 22:15:31.139000000" TYPE="6" CONTACTID="6" TAXADJUSTMENT="0.00" INVOICETOSTUDENT="0" PAYABLEONENROLMENT="1" ISSUNK="0" TUTORROLEID="6" ID="17"/>

    <ClassCost CREATEDBYUSERID="1" CREATEDON="2019-09-20 19:16:28.25000000" COURSECLASSID="7" DESCRIPTION="Wage for mergeA, tutorA" ISFUNDING="2" MODIFIEDON="2019-09-20 19:16:28.25000000" TYPE="2" CONTACTID="24" TAXADJUSTMENT="0.00" INVOICETOSTUDENT="0" PAYABLEONENROLMENT="1" ISSUNK="0" TUTORROLEID="7" ID="18"/>
    <ClassCost CREATEDON="2019-09-20 19:16:28.6000000" COURSECLASSID="7" DESCRIPTION="Student fee" ISFUNDING="1" MODIFIEDON="2019-09-20 19:16:28.7000000" PERUNITAMOUNTEXTAX="200.00" TAXID="2" TYPE="3" TAXADJUSTMENT="0.00" INVOICETOSTUDENT="1" PAYABLEONENROLMENT="1" ISSUNK="0" ID="19"/>
    <ClassCost CREATEDON="2019-09-20 19:22:23.698000000" COURSECLASSID="8" DESCRIPTION="Student fee" ISFUNDING="1" MODIFIEDON="2019-09-20 19:22:23.698000000" PERUNITAMOUNTEXTAX="272.73" TAXID="1" TYPE="3" TAXADJUSTMENT="0.00" INVOICETOSTUDENT="1" PAYABLEONENROLMENT="1" ISSUNK="0" ID="20"/>
    <ClassCost CREATEDBYUSERID="1" CREATEDON="2019-09-20 19:22:23.699000000" COURSECLASSID="8" DESCRIPTION="Wage for mergeB, tutorB" ISFUNDING="2" MODIFIEDON="2019-09-20 19:22:23.699000000" TYPE="6" CONTACTID="25" TAXADJUSTMENT="0.00" INVOICETOSTUDENT="0" PAYABLEONENROLMENT="1" ISSUNK="0" TUTORROLEID="8" ID="21"/>
    <ClassCost CREATEDBYUSERID="1" CREATEDON="2019-09-20 19:25:22.273000000" COURSECLASSID="9" DESCRIPTION="Wage for mergeC, tutorC" ISFUNDING="2" MODIFIEDON="2019-09-20 19:25:22.273000000" TYPE="4" CONTACTID="26" UNITCOUNT="1.0000" TAXADJUSTMENT="0.00" INVOICETOSTUDENT="0" PAYABLEONENROLMENT="1" ISSUNK="0" TUTORROLEID="9" ID="22"/>
    <ClassCost CREATEDON="2019-09-20 19:25:22.273000000" COURSECLASSID="9" DESCRIPTION="Student fee" ISFUNDING="1" MODIFIEDON="2019-09-20 19:25:22.273000000" PERUNITAMOUNTEXTAX="400.00" TAXID="2" TYPE="3" TAXADJUSTMENT="0.00" INVOICETOSTUDENT="1" PAYABLEONENROLMENT="1" ISSUNK="0" ID="23"/>

    <ClassCost CREATEDON="2019-09-20 19:25:22.273000000" COURSECLASSID="10" DESCRIPTION="Student fee" ISFUNDING="1" MODIFIEDON="2019-09-20 19:25:22.273000000" PERUNITAMOUNTEXTAX="400.00" TAXID="2" TYPE="3" TAXADJUSTMENT="0.00" INVOICETOSTUDENT="1" PAYABLEONENROLMENT="1" ISSUNK="0" ID="24"/>
    <ClassCost CREATEDON="2019-09-20 19:25:22.273000000" COURSECLASSID="11" DESCRIPTION="Student fee" ISFUNDING="1" MODIFIEDON="2019-09-20 19:25:22.273000000" PERUNITAMOUNTEXTAX="400.00" TAXID="2" TYPE="3" TAXADJUSTMENT="0.00" INVOICETOSTUDENT="1" PAYABLEONENROLMENT="1" ISSUNK="0" ID="25"/>
    <ClassCost CREATEDON="2019-09-20 19:25:22.273000000" COURSECLASSID="12" DESCRIPTION="Student fee" ISFUNDING="1" MODIFIEDON="2019-09-20 19:25:22.273000000" PERUNITAMOUNTEXTAX="400.00" TAXID="2" TYPE="3" TAXADJUSTMENT="0.00" INVOICETOSTUDENT="1" PAYABLEONENROLMENT="1" ISSUNK="0" ID="26"/>
    <ClassCost CREATEDON="2019-09-20 19:25:22.273000000" COURSECLASSID="13" DESCRIPTION="Student fee" ISFUNDING="1" MODIFIEDON="2019-09-20 19:25:22.273000000" PERUNITAMOUNTEXTAX="400.00" TAXID="2" TYPE="3" TAXADJUSTMENT="0.00" INVOICETOSTUDENT="1" PAYABLEONENROLMENT="1" ISSUNK="0" ID="27"/>
    <ClassCost CREATEDON="2019-09-20 19:25:22.273000000" COURSECLASSID="14" DESCRIPTION="Student fee" ISFUNDING="1" MODIFIEDON="2019-09-20 19:25:22.273000000" PERUNITAMOUNTEXTAX="400.00" TAXID="2" TYPE="3" TAXADJUSTMENT="0.00" INVOICETOSTUDENT="1" PAYABLEONENROLMENT="1" ISSUNK="0" ID="28"/>
    <ClassCost CREATEDON="2020-05-05 19:25:22.273000000" COURSECLASSID="15" DESCRIPTION="Student enrolment fee" ISFUNDING="1" MODIFIEDON="2020-05-05 19:25:22.273000000" PERUNITAMOUNTEXTAX="1000.00" TAXID="2" TYPE="3" TAXADJUSTMENT="0.00" INVOICETOSTUDENT="1" PAYABLEONENROLMENT="1" ISSUNK="0" ID="29"/>
    <ClassCost CREATEDBYUSERID="1" CREATEDON="2020-05-07 04:12:26.718000000" COURSECLASSID="16" DESCRIPTION="Student enrolment fee" ISFUNDING="1" MODIFIEDON="2020-05-07 04:24:21.256000000" PERUNITAMOUNTEXTAX="100.00" TAXID="2" TYPE="3" TAXADJUSTMENT="0.00" INVOICETOSTUDENT="1" PAYABLEONENROLMENT="1" ISSUNK="0" ID="30"/>





    <!-- ENROLMENT -->
    <Enrolment STUDENTLOANSTATUS="1" COURSECLASS_ID="1" CREATEDON="2018-11-29 01:01:15.134000000" MODIFIEDON="2018-11-29 01:02:08.854000000" SOURCE="O" STATUS="3" STUDENTID="1" STUDYREASON="-1" VETFEEEXEMPTIONTYPE="-1" VETISFULLTIME="0" ELIGIBILITYEXEMPTIONINDICATOR="0" VETFEEINDICATOR="0" CONFIRMATIONSTATUS="3" FEEHELPAMOUNT="0.00" SUPPRESSAVETMISSEXPORT="0" ATTENDANCETYPE="9" ID="1" FUNDINGSOURCEID="3" FUNDINGSOURCE="3"/>
    <Enrolment STUDENTLOANSTATUS="1" COURSECLASS_ID="3" CREATEDON="2018-11-29 01:01:15.143000000" MODIFIEDON="2018-11-29 01:02:48.513000000" SOURCE="O" STATUS="3" STUDENTID="1" STUDYREASON="-1" VETFEEEXEMPTIONTYPE="-1" VETISFULLTIME="0" ELIGIBILITYEXEMPTIONINDICATOR="0" VETFEEINDICATOR="0" CONFIRMATIONSTATUS="3" FEEHELPAMOUNT="0.00" SUPPRESSAVETMISSEXPORT="0" ATTENDANCETYPE="9" ID="2" FUNDINGSOURCEID="5" FUNDINGSOURCE="3"/>
    <Enrolment STUDENTLOANSTATUS="1" COURSECLASS_ID="2" CREATEDON="2018-11-29 01:01:15.137000000" MODIFIEDON="2018-11-29 01:02:29.388000000" SOURCE="O" STATUS="3" STUDENTID="1" STUDYREASON="-1" VETFEEEXEMPTIONTYPE="-1" VETISFULLTIME="0" ELIGIBILITYEXEMPTIONINDICATOR="0" VETFEEINDICATOR="0" CONFIRMATIONSTATUS="3" FEEHELPAMOUNT="0.00" SUPPRESSAVETMISSEXPORT="0" ATTENDANCETYPE="9" ID="3" FUNDINGSOURCEID="13" FUNDINGSOURCE="3"/>
    <Enrolment STUDENTLOANSTATUS="1" COURSECLASS_ID="1" CREATEDON="2018-11-29 01:03:35.686000000" MODIFIEDON="2018-11-29 01:03:36.340000000" SOURCE="O" STATUS="3" STUDENTID="2" STUDYREASON="-1" VETFEEEXEMPTIONTYPE="-1" VETISFULLTIME="0" ELIGIBILITYEXEMPTIONINDICATOR="0" VETFEEINDICATOR="0" CONFIRMATIONSTATUS="3" FEEHELPAMOUNT="0.00" SUPPRESSAVETMISSEXPORT="0" ATTENDANCETYPE="9" ID="4" FUNDINGSOURCE="3"/>
    <Enrolment STUDENTLOANSTATUS="1" COURSECLASS_ID="3" CREATEDON="2018-11-29 01:03:35.714000000" MODIFIEDON="2018-11-29 01:03:36.470000000" SOURCE="O" STATUS="3" STUDENTID="2" STUDYREASON="-1" VETFEEEXEMPTIONTYPE="-1" VETISFULLTIME="0" ELIGIBILITYEXEMPTIONINDICATOR="0" VETFEEINDICATOR="0" CONFIRMATIONSTATUS="3" FEEHELPAMOUNT="0.00" SUPPRESSAVETMISSEXPORT="0" ATTENDANCETYPE="9" ID="5" FUNDINGSOURCE="3"/>
    <Enrolment STUDENTLOANSTATUS="1" COURSECLASS_ID="2" CREATEDON="2018-11-29 01:03:35.703000000" MODIFIEDON="2018-11-29 01:03:36.404000000" SOURCE="O" STATUS="3" STUDENTID="2" STUDYREASON="-1" VETFEEEXEMPTIONTYPE="-1" VETISFULLTIME="0" ELIGIBILITYEXEMPTIONINDICATOR="0" VETFEEINDICATOR="0" CONFIRMATIONSTATUS="3" FEEHELPAMOUNT="0.00" SUPPRESSAVETMISSEXPORT="0" ATTENDANCETYPE="9" ID="6" FUNDINGSOURCE="3"/>
    <Enrolment STUDENTLOANSTATUS="1" COURSECLASS_ID="3" CREATEDON="2018-11-30 23:31:19.261000000" MODIFIEDON="2018-11-30 23:31:20.258000000" SOURCE="O" STATUS="3" STUDENTID="3" STUDYREASON="-1" VETFEEEXEMPTIONTYPE="-1" VETISFULLTIME="0" ELIGIBILITYEXEMPTIONINDICATOR="0" VETFEEINDICATOR="0" CONFIRMATIONSTATUS="3" FEEHELPAMOUNT="0.00" SUPPRESSAVETMISSEXPORT="0" ATTENDANCETYPE="9" ID="101" FUNDINGSOURCE="3"/>
    <Enrolment STUDENTLOANSTATUS="1" COURSECLASS_ID="1" CREATEDON="2018-11-30 23:31:19.248000000" MODIFIEDON="2018-11-30 23:31:20.53000000" SOURCE="O" STATUS="3" STUDENTID="3" STUDYREASON="-1" VETFEEEXEMPTIONTYPE="-1" VETISFULLTIME="0" ELIGIBILITYEXEMPTIONINDICATOR="0" VETFEEINDICATOR="0" CONFIRMATIONSTATUS="3" FEEHELPAMOUNT="0.00" SUPPRESSAVETMISSEXPORT="0" ATTENDANCETYPE="9" ID="102" FUNDINGSOURCE="3"/>
    <Enrolment STUDENTLOANSTATUS="1" COURSECLASS_ID="2" CREATEDON="2018-11-30 23:31:19.251000000" MODIFIEDON="2018-11-30 23:31:20.175000000" SOURCE="O" STATUS="3" STUDENTID="3" STUDYREASON="-1" VETFEEEXEMPTIONTYPE="-1" VETISFULLTIME="0" ELIGIBILITYEXEMPTIONINDICATOR="0" VETFEEINDICATOR="0" CONFIRMATIONSTATUS="3" FEEHELPAMOUNT="0.00" SUPPRESSAVETMISSEXPORT="0" ATTENDANCETYPE="9" ID="103" FUNDINGSOURCE="3"/>
        <Enrolment STUDENTLOANSTATUS="1" COURSECLASS_ID="4" CREATEDON="2019-04-12 22:32:52.338000000" MODIFIEDON="2019-04-12 22:32:52.837000000" SOURCE="O" STATUS="3" STUDENTID="1" STUDYREASON="-1" VETFEEEXEMPTIONTYPE="-1" VETISFULLTIME="0" ELIGIBILITYEXEMPTIONINDICATOR="0" VETFEEINDICATOR="0" CONFIRMATIONSTATUS="3" FEEHELPAMOUNT="0.00" SUPPRESSAVETMISSEXPORT="0" ATTENDANCETYPE="9" ID="104" FUNDINGSOURCE="3"/>
        <Enrolment STUDENTLOANSTATUS="1" COURSECLASS_ID="5" CREATEDON="2019-04-12 22:33:40.522000000" MODIFIEDON="2019-04-12 22:33:40.789000000" SOURCE="O" STATUS="3" STUDENTID="1" STUDYREASON="-1" VETFEEEXEMPTIONTYPE="-1" VETISFULLTIME="0" ELIGIBILITYEXEMPTIONINDICATOR="0" VETFEEINDICATOR="0" CONFIRMATIONSTATUS="3" FEEHELPAMOUNT="0.00" SUPPRESSAVETMISSEXPORT="0" ATTENDANCETYPE="9" ID="105" FUNDINGSOURCE="3"/>
    <Enrolment STUDENTLOANSTATUS="1" COURSECLASS_ID="6" CREATEDON="2019-06-18 22:17:33.259000000" MODIFIEDON="2020-05-06 06:17:36.55000000" SOURCE="O" STATUS="9" STUDENTID="3" STUDYREASON="-1" FUNDINGSOURCE="3" VETFEEEXEMPTIONTYPE="-1" VETISFULLTIME="0" ELIGIBILITYEXEMPTIONINDICATOR="0" VETFEEINDICATOR="0" CONFIRMATIONSTATUS="3" FEEHELPAMOUNT="0.00" SUPPRESSAVETMISSEXPORT="0" ATTENDANCETYPE="9" ID="106"/>
    <Enrolment STUDENTLOANSTATUS="1" COURSECLASS_ID="6" CREATEDON="2019-06-18 22:20:28.765000000" MODIFIEDON="2019-06-18 22:20:29.35000000" SOURCE="O" STATUS="3" STUDENTID="4" STUDYREASON="-1" VETFEEEXEMPTIONTYPE="-1" VETISFULLTIME="0" ELIGIBILITYEXEMPTIONINDICATOR="0" VETFEEINDICATOR="0" CONFIRMATIONSTATUS="3" FEEHELPAMOUNT="0.00" SUPPRESSAVETMISSEXPORT="0" ATTENDANCETYPE="9" ID="107" FUNDINGSOURCE="3"/>
    <Enrolment STUDENTLOANSTATUS="1" COURSECLASS_ID="17" CREATEDON="2018-11-29 01:01:15.134000000" MODIFIEDON="2018-11-29 01:02:08.854000000" SOURCE="O" STATUS="3" STUDENTID="10" STUDYREASON="-1" VETFEEEXEMPTIONTYPE="-1" VETISFULLTIME="0" ELIGIBILITYEXEMPTIONINDICATOR="0" VETFEEINDICATOR="0" CONFIRMATIONSTATUS="3" FEEHELPAMOUNT="0.00" SUPPRESSAVETMISSEXPORT="0" ATTENDANCETYPE="9" ID="108" FUNDINGSOURCEID="3" FUNDINGSOURCE="3"/>

    <Enrolment STUDENTLOANSTATUS="1" COURSECLASS_ID="6" CREATEDON="2019-03-11 01:30:19.856000000" MODIFIEDON="2019-03-11 01:30:20.376000000" SOURCE="W" STATUS="3" STUDENTID="13" STUDYREASON="-1" VETFEEEXEMPTIONTYPE="-1" VETISFULLTIME="0" ELIGIBILITYEXEMPTIONINDICATOR="0" VETFEEINDICATOR="0" CONFIRMATIONSTATUS="3" FEEHELPAMOUNT="0.00" SUPPRESSAVETMISSEXPORT="0" ATTENDANCETYPE="9" ID="109" FUNDINGSOURCE="3"/>
    <Enrolment STUDENTLOANSTATUS="1" COURSECLASS_ID="6" CREATEDON="2019-03-11 01:30:52.614000000" MODIFIEDON="2019-03-11 01:30:52.920000000" SOURCE="W" STATUS="3" STUDENTID="14" STUDYREASON="-1" VETFEEEXEMPTIONTYPE="-1" VETISFULLTIME="0" ELIGIBILITYEXEMPTIONINDICATOR="0" VETFEEINDICATOR="0" CONFIRMATIONSTATUS="3" FEEHELPAMOUNT="0.00" SUPPRESSAVETMISSEXPORT="0" ATTENDANCETYPE="9" ID="110" FUNDINGSOURCE="3"/>

    <Enrolment STUDENTLOANSTATUS="1" COURSECLASS_ID="7" CREATEDON="2019-09-20 23:57:10.47000000" MODIFIEDON="2019-09-20 23:57:10.558000000" SOURCE="O" STATUS="3" STUDENTID="15" STUDYREASON="-1" VETFEEEXEMPTIONTYPE="-1" VETISFULLTIME="0" ELIGIBILITYEXEMPTIONINDICATOR="0" VETFEEINDICATOR="0" CONFIRMATIONSTATUS="3" FEEHELPAMOUNT="0.00" SUPPRESSAVETMISSEXPORT="0" ATTENDANCETYPE="9" ID="111" FUNDINGSOURCE="3"/>
    <Enrolment STUDENTLOANSTATUS="1" COURSECLASS_ID="8" CREATEDON="2019-09-20 23:58:09.211000000" MODIFIEDON="2019-09-20 23:58:09.596000000" SOURCE="O" STATUS="3" STUDENTID="16" STUDYREASON="-1" VETFEEEXEMPTIONTYPE="-1" VETISFULLTIME="0" ELIGIBILITYEXEMPTIONINDICATOR="0" VETFEEINDICATOR="0" CONFIRMATIONSTATUS="3" FEEHELPAMOUNT="0.00" SUPPRESSAVETMISSEXPORT="0" ATTENDANCETYPE="9" ID="112" FUNDINGSOURCE="3"/>
    <Enrolment STUDENTLOANSTATUS="1" COURSECLASS_ID="9" CREATEDON="2019-09-20 23:59:38.979000000" MODIFIEDON="2019-09-20 23:59:39.210000000" SOURCE="O" STATUS="3" STUDENTID="17" STUDYREASON="-1" VETFEEEXEMPTIONTYPE="-1" VETISFULLTIME="0" ELIGIBILITYEXEMPTIONINDICATOR="0" VETFEEINDICATOR="0" CONFIRMATIONSTATUS="3" FEEHELPAMOUNT="0.00" SUPPRESSAVETMISSEXPORT="0" ATTENDANCETYPE="9" ID="113" FUNDINGSOURCE="3"/>

    <Enrolment STUDENTLOANSTATUS="1" COURSECLASS_ID="6" CREATEDON="2019-07-26 23:43:06.238000000" MODIFIEDON="2019-07-26 23:43:06.655000000" SOURCE="O" STATUS="3" STUDENTID="18" STUDYREASON="-1" VETFEEEXEMPTIONTYPE="-1" VETISFULLTIME="0" ELIGIBILITYEXEMPTIONINDICATOR="0" VETFEEINDICATOR="0" CONFIRMATIONSTATUS="3" FEEHELPAMOUNT="0.00" SUPPRESSAVETMISSEXPORT="0" ATTENDANCETYPE="9" ID="114" FUNDINGSOURCE="3"/>

    <Enrolment STUDENTLOANSTATUS="1" COURSECLASS_ID="15" CREATEDON="2020-04-30 04:01:06.24000000" MODIFIEDON="2020-04-30 04:01:10.667000000" SOURCE="O" STATUS="3" STUDENTID="12" STUDYREASON="-1" FUNDINGSOURCE="3" VETFEEEXEMPTIONTYPE="-1" VETISFULLTIME="0" ELIGIBILITYEXEMPTIONINDICATOR="0" VETFEEINDICATOR="0" CONFIRMATIONSTATUS="2" FEEHELPAMOUNT="0.00" SUPPRESSAVETMISSEXPORT="0" ATTENDANCETYPE="9" ID="115"/>




    <!-- INVOICE -->
    <Invoice AMOUTOWING="0.00" BILLTOADDRESS="address str.
Adelaide SA 5000" CREATEDBYUSERID="1" CREATEDON="2018-11-29 01:01:15.132000000" DEBTORSACCOUNTID="2" INVOICEDATE="2018-11-29" INVOICENUMBER="1" MODIFIEDON="2018-11-29 01:01:15.491000000" CONTACTID="2" SOURCE="O" CONFIRMATIONSTATUS="3" OVERDUE="0.00" ID="1" DATEDUE="2018-11-29" TYPE="1"/>
    <Invoice AMOUTOWING="0.00" BILLTOADDRESS="address str.
Adelaide SA 5000" CREATEDBYUSERID="1" CREATEDON="2018-11-29 01:03:35.683000000" DEBTORSACCOUNTID="2" INVOICEDATE="2018-11-29" INVOICENUMBER="2" MODIFIEDON="2018-11-29 01:03:36.78000000" CONTACTID="3" SOURCE="O" CONFIRMATIONSTATUS="3" OVERDUE="0.00" ID="2" DATEDUE="2018-11-29" TYPE="1"/>
    <Invoice AMOUTOWING="0.00" BILLTOADDRESS="address str.
Adelaide SA 5000" CREATEDBYUSERID="1" CREATEDON="2018-11-30 23:31:19.245000000" DEBTORSACCOUNTID="2" INVOICEDATE="2018-11-30" INVOICENUMBER="3" MODIFIEDON="2018-11-30 23:31:19.666000000" CONTACTID="4" SOURCE="O" CONFIRMATIONSTATUS="3" OVERDUE="0.00" ID="101" DATEDUE="2018-11-30" TYPE="1"/>
    <Invoice AMOUTOWING="0.00" BILLTOADDRESS="address str.
Adelaide SA 5000" CREATEDBYUSERID="1" CREATEDON="2019-04-12 22:32:52.331000000" DEBTORSACCOUNTID="2" INVOICEDATE="2019-04-12" INVOICENUMBER="4" MODIFIEDON="2019-04-12 22:32:52.666000000" CONTACTID="2" SOURCE="O" CONFIRMATIONSTATUS="3" OVERDUE="0.00" ID="3" DATEDUE="2019-04-12" TYPE="1"/>
    <Invoice AMOUTOWING="0.00" BILLTOADDRESS="address str.
Adelaide SA 5000" CREATEDBYUSERID="1" CREATEDON="2019-04-12 22:33:40.521000000" DEBTORSACCOUNTID="2" INVOICEDATE="2019-04-12" INVOICENUMBER="5" MODIFIEDON="2019-04-12 22:33:40.694000000" CONTACTID="2" SOURCE="O" CONFIRMATIONSTATUS="3" OVERDUE="0.00" ID="4" DATEDUE="2019-04-12" TYPE="1"/>
    <Invoice AMOUTOWING="0.00" BILLTOADDRESS="address str.
Adelaide SA 5000" CREATEDBYUSERID="1" CREATEDON="2019-06-18 22:17:33.258000000" DEBTORSACCOUNTID="2" INVOICEDATE="2019-06-18" INVOICENUMBER="6" MODIFIEDON="2019-06-18 22:17:33.479000000" CONTACTID="4" SOURCE="O" CONFIRMATIONSTATUS="3" OVERDUE="0.00" ID="5" DATEDUE="2019-06-18" TYPE="1"/>
    <Invoice AMOUTOWING="0.00" BILLTOADDRESS="" CREATEDBYUSERID="1" CREATEDON="2019-06-18 22:20:28.764000000" DEBTORSACCOUNTID="2" INVOICEDATE="2019-06-18" INVOICENUMBER="7" MODIFIEDON="2019-06-18 22:20:28.908000000" CONTACTID="10" SOURCE="O" CONFIRMATIONSTATUS="3" OVERDUE="0.00" ID="6" DATEDUE="2019-06-18" TYPE="1"/>

    <Invoice AMOUTOWING="100.00" BILLTOADDRESS="address str. Adelaide SA 5000" CREATEDBYUSERID="1" CREATEDON="2019-07-02 22:56:40.217000000" DEBTORSACCOUNTID="2" INVOICEDATE="2019-07-02" INVOICENUMBER="8" MODIFIEDON="2019-07-02 22:56:42.49000000" CONTACTID="11" SOURCE="O" CONFIRMATIONSTATUS="2" OVERDUE="100.00" ID="7" DATEDUE="2019-07-02" TYPE="1"/>
    <Invoice AMOUTOWING="-60.00" BILLTOADDRESS="address str. Adelaide SA 5000" CREATEDBYUSERID="1" CREATEDON="2019-07-02 22:57:27.722000000" DEBTORSACCOUNTID="2" INVOICEDATE="2019-07-02" INVOICENUMBER="9" MODIFIEDON="2019-07-02 22:57:28.414000000" CONTACTID="11" SOURCE="O" CONFIRMATIONSTATUS="2" OVERDUE="-60.00" ID="8" DATEDUE="2019-07-02" TYPE="1"/>
    <Invoice AMOUTOWING="200.00" BILLTOADDRESS="address str. Adelaide SA 5000" CREATEDBYUSERID="1" CREATEDON="2019-07-02 22:58:33.75000000" DEBTORSACCOUNTID="2" INVOICEDATE="2019-07-02" INVOICENUMBER="10" MODIFIEDON="2019-07-02 22:58:33.874000000" CONTACTID="12" SOURCE="O" CONFIRMATIONSTATUS="2" OVERDUE="200.00" ID="9" DATEDUE="2019-07-02" TYPE="1"/>
    <Invoice AMOUTOWING="-140.00" BILLTOADDRESS="address str. Adelaide SA 5000" CREATEDBYUSERID="1" CREATEDON="2019-07-02 22:58:59.291000000" DEBTORSACCOUNTID="2" INVOICEDATE="2019-07-02" INVOICENUMBER="11" MODIFIEDON="2019-07-02 22:58:59.952000000" CONTACTID="12" SOURCE="O" CONFIRMATIONSTATUS="2" OVERDUE="-140.00" ID="10" DATEDUE="2019-07-02" TYPE="1"/>

    <Invoice AMOUTOWING="300.00" BILLTOADDRESS="address str.1" CREATEDBYUSERID="1" CREATEDON="2019-07-03 01:35:09.443000000" DEBTORSACCOUNTID="2" INVOICEDATE="2022-08-01" INVOICENUMBER="12" MODIFIEDON="2019-07-03 01:35:09.443000000" PUBLICNOTES="some public notes" SHIPPINGADDRESS="shipping address1" CONTACTID="3" CUSTOMERREFERENCE="invoice for update" SOURCE="O" CONFIRMATIONSTATUS="3" OVERDUE="0.00" ID="11" DATEDUE="2022-08-10" TYPE="1"/>

    <Invoice AMOUTOWING="50.00" BILLTOADDRESS="address str. Adelaide SA 5000" CREATEDBYUSERID="1" CREATEDON="2019-07-02 22:58:33.75000000" DEBTORSACCOUNTID="2" INVOICEDATE="2019-07-02" INVOICENUMBER="13" MODIFIEDON="2019-07-02 22:58:33.874000000" CONTACTID="13" SOURCE="O" CONFIRMATIONSTATUS="2" OVERDUE="50.00" ID="12" DATEDUE="2019-07-02" TYPE="1"/>
    <Invoice AMOUTOWING="100.00" BILLTOADDRESS="address str. Adelaide SA 5000" CREATEDBYUSERID="1" CREATEDON="2019-07-02 22:58:33.75000000" DEBTORSACCOUNTID="2" INVOICEDATE="2019-07-02" INVOICENUMBER="14" MODIFIEDON="2019-07-02 22:58:33.874000000" CONTACTID="13" SOURCE="O" CONFIRMATIONSTATUS="2" OVERDUE="100.00" ID="13" DATEDUE="2019-07-02" TYPE="1"/>
    <Invoice AMOUTOWING="100.00" BILLTOADDRESS="address str. Adelaide SA 5000" CREATEDBYUSERID="1" CREATEDON="2019-07-02 22:58:33.75000000" DEBTORSACCOUNTID="2" INVOICEDATE="2019-07-02" INVOICENUMBER="15" MODIFIEDON="2019-07-02 22:58:33.874000000" CONTACTID="13" SOURCE="O" CONFIRMATIONSTATUS="2" OVERDUE="100.00" ID="14" DATEDUE="2019-07-02" TYPE="1"/>
    <Invoice AMOUTOWING="-200.00" BILLTOADDRESS="address str. Adelaide SA 5000" CREATEDBYUSERID="1" CREATEDON="2019-07-02 22:58:59.291000000" DEBTORSACCOUNTID="2" INVOICEDATE="2019-07-02" INVOICENUMBER="16" MODIFIEDON="2019-07-02 22:58:59.952000000" CONTACTID="13" SOURCE="O" CONFIRMATIONSTATUS="2" OVERDUE="-200.00" ID="15" DATEDUE="2019-07-02" TYPE="1"/>

    <Invoice AMOUTOWING="0.00" BILLTOADDRESS="address str. Adelaide SA 5000" CREATEDBYUSERID="1" CREATEDON="2019-07-22 23:04:50.90000000" DEBTORSACCOUNTID="2" INVOICEDATE="2019-07-22" INVOICENUMBER="17" MODIFIEDON="2019-07-22 23:04:50.291000000" CONTACTID="14" SOURCE="O" CONFIRMATIONSTATUS="3" OVERDUE="0.00" ID="16" DATEDUE="2019-07-22" TYPE="1"/>
    <Invoice AMOUTOWING="0.00" BILLTOADDRESS="address str. Adelaide SA 5000" CREATEDBYUSERID="1" CREATEDON="2019-07-22 23:05:21.16000000" DEBTORSACCOUNTID="2" INVOICEDATE="2019-07-22" INVOICENUMBER="18" MODIFIEDON="2019-07-22 23:05:21.184000000" CONTACTID="14" SOURCE="O" CONFIRMATIONSTATUS="3" OVERDUE="0.00" ID="17" DATEDUE="2019-07-22" TYPE="1"/>
    <Invoice AMOUTOWING="0.00" BILLTOADDRESS="address str. Adelaide SA 5000" CREATEDBYUSERID="1" CREATEDON="2019-07-22 23:05:48.907000000" DEBTORSACCOUNTID="2" INVOICEDATE="2019-07-22" INVOICENUMBER="19" MODIFIEDON="2019-07-22 23:05:49.122000000" CONTACTID="14" SOURCE="O" CONFIRMATIONSTATUS="3" OVERDUE="0.00" ID="18" DATEDUE="2019-07-22" TYPE="1"/>
    <Invoice AMOUTOWING="2.50" BILLTOADDRESS="PO Box 13 Forestville null2087" CREATEDON="2008-03-25 13:22:36" DATEDUE="2008-03-25" DEBTORSACCOUNTID="5" DESCRIPTION="Web enrolment" INVOICEDATE="2008-03-25" INVOICENUMBER="20" MODIFIEDON="2019-07-24 19:35:08" CONTACTID="15" SOURCE="W" CONFIRMATIONSTATUS="3" OVERDUE="2.50" ID="19" TYPE="1"/>

    <Invoice AMOUTOWING="0.00" BILLTOADDRESS="address str. Adelaide SA 5000" CREATEDBYUSERID="1" CREATEDON="2019-07-22 23:05:21.16000000" DEBTORSACCOUNTID="2" INVOICEDATE="2019-07-22" INVOICENUMBER="21" MODIFIEDON="2019-07-22 23:05:21.184000000" CONTACTID="16" SOURCE="O" CONFIRMATIONSTATUS="3" OVERDUE="0.00" ID="20" DATEDUE="2019-07-22" TYPE="1"/>
    <Invoice AMOUTOWING="0.00" BILLTOADDRESS="address str. Adelaide SA 5000" CREATEDBYUSERID="1" CREATEDON="2019-07-22 23:05:48.907000000" DEBTORSACCOUNTID="2" INVOICEDATE="2019-07-22" INVOICENUMBER="22" MODIFIEDON="2019-07-22 23:05:49.122000000" CONTACTID="16" SOURCE="O" CONFIRMATIONSTATUS="3" OVERDUE="0.00" ID="21" DATEDUE="2019-07-22" TYPE="1"/>
    <Invoice AMOUTOWING="2.50" BILLTOADDRESS="PO Box 13 Forestville null2087" CREATEDON="2008-03-25 13:22:36" DATEDUE="2008-03-25" DEBTORSACCOUNTID="5" DESCRIPTION="Web enrolment" INVOICEDATE="2008-03-25" INVOICENUMBER="23" MODIFIEDON="2019-07-24 19:35:08" CONTACTID="16" SOURCE="W" CONFIRMATIONSTATUS="3" OVERDUE="2.50" ID="22" TYPE="1"/>

    <Invoice AMOUTOWING="0.00" BILLTOADDRESS="address str.Adelaide SA 5000" CREATEDBYUSERID="308" CREATEDON="2019-08-30 20:43:56.668000000" DEBTORSACCOUNTID="2" INVOICEDATE="2019-08-30" INVOICENUMBER="24" MODIFIEDON="2019-08-30 20:43:56.856000000" CONTACTID="17" SOURCE="O" CONFIRMATIONSTATUS="3" OVERDUE="0.00" ID="23" DATEDUE="2019-08-30" TYPE="1"/>
    <Invoice AMOUTOWING="0.00" BILLTOADDRESS="address str.Adelaide SA 5000" CREATEDBYUSERID="308" CREATEDON="2019-08-30 20:44:50.218000000" DEBTORSACCOUNTID="2" INVOICEDATE="2019-08-30" INVOICENUMBER="25" MODIFIEDON="2019-08-30 20:44:50.340000000" CONTACTID="18" SOURCE="O" CONFIRMATIONSTATUS="3" OVERDUE="0.00" ID="24" DATEDUE="2019-08-30" TYPE="1"/>

    <Invoice AMOUTOWING="0.00" BILLTOADDRESS="address str Adelaide SA 5000" CREATEDBYUSERID="1" CREATEDON="2019-09-11 01:30:19.843000000" DEBTORSACCOUNTID="2" DESCRIPTION="Web enrolment" INVOICEDATE="2019-09-11" INVOICENUMBER="26" MODIFIEDON="2019-09-11 01:30:20.159000000" SHIPPINGADDRESS="113 Brighton Street" WILLOWID="1156868" CONTACTID="19" SOURCE="W" CONFIRMATIONSTATUS="3" OVERDUE="0.00" ID="25" DATEDUE="2019-09-11" TYPE="1"/>
    <Invoice AMOUTOWING="0.00" BILLTOADDRESS="address str Adelaide SA 5000" CREATEDBYUSERID="1" CREATEDON="2019-09-11 01:30:52.612000000" DEBTORSACCOUNTID="2" DESCRIPTION="Web enrolment" INVOICEDATE="2019-09-11" INVOICENUMBER="27" MODIFIEDON="2019-09-11 01:30:52.791000000" SHIPPINGADDRESS="113 Brighton Street" WILLOWID="1156869" CONTACTID="20" SOURCE="W" CONFIRMATIONSTATUS="3" OVERDUE="0.00" ID="26" DATEDUE="2019-09-11" TYPE="1"/>
    <Invoice AMOUTOWING="-300.00" CREATEDBYUSERID="1" CREATEDON="2019-09-11 19:12:24.113000000" DEBTORSACCOUNTID="2" INVOICEDATE="2019-09-11" INVOICENUMBER="28" MODIFIEDON="2019-09-11 19:12:24.113000000" CONTACTID="19" SOURCE="O" CONFIRMATIONSTATUS="3" OVERDUE="-300.00" ID="27" DATEDUE="2019-09-11" TYPE="1"/>
    <Invoice AMOUTOWING="-390.00" CREATEDBYUSERID="1" CREATEDON="2019-09-11 19:13:00.795000000" DEBTORSACCOUNTID="2" INVOICEDATE="2019-09-11" INVOICENUMBER="29" MODIFIEDON="2019-09-11 19:13:01.716000000" CONTACTID="20" SOURCE="O" CONFIRMATIONSTATUS="2" OVERDUE="-390.00" ID="28" DATEDUE="2019-09-11" TYPE="1"/>

    <Invoice AMOUTOWING="0.00" BILLTOADDRESS="address str
Adelaide SA 5000" CREATEDBYUSERID="1" CREATEDON="2019-09-20 23:57:10.40000000" DEBTORSACCOUNTID="2" INVOICEDATE="2019-09-20" INVOICENUMBER="30" MODIFIEDON="2019-09-20 23:57:10.380000000" CONTACTID="21" SOURCE="O" CONFIRMATIONSTATUS="3" OVERDUE="0.00" ID="29" DATEDUE="2019-09-30" TYPE="1"/>
    <Invoice AMOUTOWING="0.00" BILLTOADDRESS="address str
Adelaide SA 5000" CREATEDBYUSERID="1" CREATEDON="2019-09-20 23:58:09.207000000" DEBTORSACCOUNTID="2" INVOICEDATE="2019-09-20" INVOICENUMBER="31" MODIFIEDON="2019-09-20 23:58:09.478000000" CONTACTID="22" SOURCE="O" CONFIRMATIONSTATUS="3" OVERDUE="0.00" ID="30" DATEDUE="2019-10-12" TYPE="1"/>
    <Invoice AMOUTOWING="0.00" BILLTOADDRESS="address str
Adelaide SA 5000" CREATEDBYUSERID="1" CREATEDON="2019-09-20 23:58:45.892000000" DEBTORSACCOUNTID="2" INVOICEDATE="2019-09-20" INVOICENUMBER="32" MODIFIEDON="2019-09-20 23:58:46.8000000" CONTACTID="22" SOURCE="O" CONFIRMATIONSTATUS="3" OVERDUE="0.00" ID="31" DATEDUE="2019-10-12" TYPE="1"/>
    <Invoice AMOUTOWING="0.00" BILLTOADDRESS="address str
Adelaide SA 5000" CREATEDBYUSERID="1" CREATEDON="2019-09-20 23:59:38.978000000" DEBTORSACCOUNTID="2" INVOICEDATE="2019-09-20" INVOICENUMBER="33" MODIFIEDON="2019-09-20 23:59:39.133000000" CONTACTID="23" SOURCE="O" CONFIRMATIONSTATUS="3" OVERDUE="0.00" ID="32" DATEDUE="2019-09-20" TYPE="1"/>
    <Invoice AMOUTOWING="0.00" BILLTOADDRESS="address str.
Adelaide SA 5000" CREATEDBYUSERID="1" CREATEDON="2019-09-21 00:00:56.235000000" DEBTORSACCOUNTID="2" INVOICEDATE="2019-09-20" INVOICENUMBER="34" MODIFIEDON="2019-09-21 00:00:56.336000000" CONTACTID="26" SOURCE="O" CONFIRMATIONSTATUS="3" OVERDUE="0.00" ID="33" DATEDUE="2019-09-21" TYPE="1"/>

    <Invoice AMOUTOWING="0.00" BILLTOADDRESS="address str
Adelaide SA 5000" CREATEDBYUSERID="1" CREATEDON="2019-09-26 23:43:06.231000000" DEBTORSACCOUNTID="2" INVOICEDATE="2019-09-26" INVOICENUMBER="35" MODIFIEDON="2019-09-26 23:43:06.472000000" CONTACTID="29" SOURCE="O" CONFIRMATIONSTATUS="3" OVERDUE="0.00" ID="34" DATEDUE="2019-09-26" TYPE="1"/>
    <Invoice AMOUTOWING="-500.00" CREATEDBYUSERID="1" CREATEDON="2019-09-26 23:44:11.557000000" DEBTORSACCOUNTID="2" INVOICEDATE="2019-09-26" INVOICENUMBER="37" MODIFIEDON="2019-09-26 23:44:11.557000000" CONTACTID="29" SOURCE="O" CONFIRMATIONSTATUS="3" OVERDUE="-500.00" ID="35" DATEDUE="2019-09-26" TYPE="1"/>
    <Invoice AMOUTOWING="-220.00" CREATEDBYUSERID="1" CREATEDON="2019-09-27 19:19:15.756000000" DEBTORSACCOUNTID="2" INVOICEDATE="2019-09-27" INVOICENUMBER="39" MODIFIEDON="2019-09-27 19:19:16.810000000" CONTACTID="29" SOURCE="O" CONFIRMATIONSTATUS="2" OVERDUE="-220.00" ID="36" DATEDUE="2019-09-27" TYPE="1"/>
    <Invoice AMOUTOWING="750.00" CREATEDBYUSERID="1" CREATEDON="2020-04-30 04:01:05.977000000" DEBTORSACCOUNTID="2" INVOICEDATE="2020-04-30" INVOICENUMBER="42" MODIFIEDON="2020-04-30 04:01:09.291000000" SHIPPINGADDRESS="address str. Adelaide SA5000" CONTACTID="18" SOURCE="O" CONFIRMATIONSTATUS="2" OVERDUE="0.00" ID="37" DATEDUE="2030-05-12" TYPE="1"/>
    <Invoice AMOUTOWING="-220.00" BILLTOADDRESS="address str. Adelaide SA 5000" CREATEDON="2020-05-06 06:17:35.590000000" DEBTORSACCOUNTID="2" DESCRIPTION="Refund for enrolment : Course4 starting on 01-02-2027 10:14 PM AEDT" INVOICEDATE="2020-05-06" INVOICENUMBER="43" MODIFIEDON="2020-05-06 06:17:35.591000000" CONTACTID="4" SOURCE="O" CONFIRMATIONSTATUS="3" OVERDUE="-220.00" ID="38" DATEDUE="2020-05-06" TYPE="1"/>
    <Invoice AMOUTOWING="110.00" CREATEDBYUSERID="1" CREATEDON="2020-05-06 18:54:36.433000000" DEBTORSACCOUNTID="2" INVOICEDATE="2020-05-06" INVOICENUMBER="46" MODIFIEDON="2020-05-06 18:54:38.45000000" SHIPPINGADDRESS="address str.Adelaide SA5000" CONTACTID="4" SOURCE="O" CONFIRMATIONSTATUS="2" OVERDUE="110.00" ID="39" DATEDUE="2020-05-06" TYPE="1"/>
    <Invoice AMOUTOWING="430.00" CREATEDBYUSERID="1" CREATEDON="2020-05-07 19:23:02.80000000" DEBTORSACCOUNTID="2" INVOICEDATE="2020-05-07" INVOICENUMBER="51" MODIFIEDON="2020-05-07 19:23:03.667000000" CONTACTID="30" SOURCE="O" CONFIRMATIONSTATUS="2" OVERDUE="430.00" ID="40" DATEDUE="2020-05-07" TYPE="1"/>

    <Invoice AMOUTOWING="0.00" BILLTOADDRESS="address str.Adelaide SA 5000" CREATEDBYUSERID="308" CREATEDON="2019-08-30 20:44:50.218000000" DEBTORSACCOUNTID="2" INVOICEDATE="2019-08-30" INVOICENUMBER="52" MODIFIEDON="2019-08-30 20:44:50.340000000" CONTACTID="32" SOURCE="O" CONFIRMATIONSTATUS="3" OVERDUE="0.00" ID="52" DATEDUE="2019-08-30" TYPE="1"/>


    <!-- INVOICEDUEDATE -->
    <InvoiceDueDate CREATEDON="2019-07-03 01:33:59.944000000" MODIFIEDON="2019-07-03 01:35:09.457000000" AMOUNT="200.00" INVOICEID="11" ID="1" DUEDATE="2022-09-20"/>
    <InvoiceDueDate CREATEDON="2019-07-03 01:33:31.415000000" MODIFIEDON="2019-07-03 01:35:09.457000000" AMOUNT="100.00" INVOICEID="11" ID="2" DUEDATE="2022-08-10"/>
    <InvoiceDueDate CREATEDON="2020-04-30 04:01:06.35000000" MODIFIEDON="2020-04-30 04:01:06.35000000" AMOUNT="250.00" INVOICEID="37" ID="3" DUEDATE="2030-05-24"/>
    <InvoiceDueDate CREATEDON="2020-04-30 04:01:06.34000000" MODIFIEDON="2020-04-30 04:01:06.35000000" AMOUNT="250.00" INVOICEID="37" ID="4" DUEDATE="2030-05-12"/>
    <InvoiceDueDate CREATEDON="2020-04-30 04:01:06.35000000" MODIFIEDON="2020-04-30 04:01:06.35000000" AMOUNT="250.00" INVOICEID="37" ID="5" DUEDATE="2030-06-17"/>
    <InvoiceDueDate CREATEDON="2020-04-30 04:01:06.34000000" MODIFIEDON="2020-04-30 04:01:06.34000000" AMOUNT="250.00" INVOICEID="37" ID="6" DUEDATE="2020-04-30"/>

    <!-- INVOICELINE -->
    <InvoiceLine ACCOUNTID="7" CREATEDON="2018-11-29 01:01:15.137000000" DESCRIPTION="Course1 starting on 01-12-2018 12:56 AM AEDT" DISCOUNTEACHEXTAX="0.00" ENROLMENTID="3" INVOICEID="1" MODIFIEDON="2018-12-05 04:40:51.701000000" PRICEEACHEXTAX="545.45" QUANTITY="1.00" SORTORDER="1" TAXEACH="54.55" TAXID="1" TITLE="stud1 enrolled in course1-2" PREPAIDFEESREMAINING="490.90" PREPAIDFEESACCOUNTID="4" ID="1"/>
    <InvoiceLine ACCOUNTID="7" CREATEDON="2018-11-29 01:01:15.143000000" DESCRIPTION="Course1 starting on 01-11-2030 12:58 AM AEDT" DISCOUNTEACHEXTAX="0.00" ENROLMENTID="2" INVOICEID="1" MODIFIEDON="2018-11-29 01:01:15.143000000" PRICEEACHEXTAX="636.36" QUANTITY="1.00" SORTORDER="2" TAXEACH="63.64" TAXID="1" TITLE="stud1 enrolled in course1-3" PREPAIDFEESREMAINING="636.36" PREPAIDFEESACCOUNTID="4" ID="2"/>
    <InvoiceLine ACCOUNTID="7" CREATEDON="2018-11-29 01:01:15.135000000" DESCRIPTION="Course1 starting on 01-05-2017 12:54 AM AEST" DISCOUNTEACHEXTAX="0.00" ENROLMENTID="1" INVOICEID="1" MODIFIEDON="2018-11-30 23:29:27.434000000" PRICEEACHEXTAX="454.55" QUANTITY="1.00" SORTORDER="0" TAXEACH="45.45" TAXID="1" TITLE="stud1 enrolled in course1-1" PREPAIDFEESREMAINING="0.00" PREPAIDFEESACCOUNTID="4" ID="3"/>
    <InvoiceLine ACCOUNTID="7" CREATEDON="2018-11-29 01:03:35.714000000" DESCRIPTION="Course1 starting on 01-11-2030 12:58 AM AEDT" DISCOUNTEACHEXTAX="0.00" ENROLMENTID="5" INVOICEID="2" MODIFIEDON="2018-11-29 01:03:35.714000000" PRICEEACHEXTAX="636.36" QUANTITY="1.00" SORTORDER="2" TAXEACH="63.64" TAXID="1" TITLE="stud2 enrolled in course1-3" PREPAIDFEESREMAINING="636.36" PREPAIDFEESACCOUNTID="4" ID="4"/>
    <InvoiceLine ACCOUNTID="7" CREATEDON="2018-11-29 01:03:35.703000000" DESCRIPTION="Course1 starting on 01-12-2018 12:56 AM AEDT" DISCOUNTEACHEXTAX="0.00" ENROLMENTID="6" INVOICEID="2" MODIFIEDON="2018-12-05 04:40:51.853000000" PRICEEACHEXTAX="545.45" QUANTITY="1.00" SORTORDER="1" TAXEACH="54.55" TAXID="1" TITLE="stud2 enrolled in course1-2" PREPAIDFEESREMAINING="490.90" PREPAIDFEESACCOUNTID="4" ID="5"/>
    <InvoiceLine ACCOUNTID="7" CREATEDON="2018-11-29 01:03:35.687000000" DESCRIPTION="Course1 starting on 01-05-2017 12:54 AM AEST" DISCOUNTEACHEXTAX="0.00" ENROLMENTID="4" INVOICEID="2" MODIFIEDON="2018-11-30 23:29:27.525000000" PRICEEACHEXTAX="454.55" QUANTITY="1.00" SORTORDER="0" TAXEACH="45.45" TAXID="1" TITLE="stud2 enrolled in course1-1" PREPAIDFEESREMAINING="0.00" PREPAIDFEESACCOUNTID="4" ID="6"/>
    <InvoiceLine ACCOUNTID="7" CREATEDON="2018-11-30 23:31:19.251000000" DESCRIPTION="Course1 starting on 01-12-2018 12:56 AM AEDT" DISCOUNTEACHEXTAX="0.00" ENROLMENTID="103" INVOICEID="101" MODIFIEDON="2018-12-05 04:40:51.894000000" PRICEEACHEXTAX="545.45" QUANTITY="1.00" SORTORDER="1" TAXEACH="54.55" TAXID="1" TITLE="stud3 enrolled in course1-2" PREPAIDFEESREMAINING="490.90" PREPAIDFEESACCOUNTID="4" ID="101"/>
    <InvoiceLine ACCOUNTID="7" CREATEDON="2018-11-30 23:31:19.248000000" DESCRIPTION="Course1 starting on 01-05-2017 12:54 AM AEST" DISCOUNTEACHEXTAX="0.00" ENROLMENTID="102" INVOICEID="101" MODIFIEDON="2018-12-05 04:40:51.994000000" PRICEEACHEXTAX="454.55" QUANTITY="1.00" SORTORDER="0" TAXEACH="45.45" TAXID="1" TITLE="stud3 enrolled in course1-1" PREPAIDFEESREMAINING="0.00" PREPAIDFEESACCOUNTID="4" ID="102"/>
    <InvoiceLine ACCOUNTID="7" CREATEDON="2018-11-30 23:31:19.261000000" DESCRIPTION="Course1 starting on 01-11-2030 12:58 AM AEDT" DISCOUNTEACHEXTAX="0.00" ENROLMENTID="101" INVOICEID="101" MODIFIEDON="2018-11-30 23:31:19.261000000" PRICEEACHEXTAX="636.36" QUANTITY="1.00" SORTORDER="2" TAXEACH="63.64" TAXID="1" TITLE="stud3 enrolled in course1-3" PREPAIDFEESREMAINING="636.36" PREPAIDFEESACCOUNTID="4" ID="103"/>
    <InvoiceLine ACCOUNTID="7" CREATEDON="2019-04-12 22:32:52.339000000" DESCRIPTION="Course2 starting on 01-12-2018 9:14 PM AEDT" DISCOUNTEACHEXTAX="0.00" ENROLMENTID="104" INVOICEID="3" MODIFIEDON="2019-04-12 22:32:52.339000000" PRICEEACHEXTAX="318.18" QUANTITY="1.00" SORTORDER="0" TAXEACH="31.82" TAXID="1" TITLE="stud1 enrolled in course2-1" PREPAIDFEESREMAINING="318.18" PREPAIDFEESACCOUNTID="4" ID="104"/>
    <InvoiceLine ACCOUNTID="7" CREATEDON="2019-04-12 22:33:40.522000000" DESCRIPTION="Course2 starting on 01-03-2019 9:15 PM AEDT" DISCOUNTEACHEXTAX="0.00" ENROLMENTID="105" INVOICEID="4" MODIFIEDON="2019-04-12 22:33:40.522000000" PRICEEACHEXTAX="409.09" QUANTITY="1.00" SORTORDER="0" TAXEACH="40.91" TAXID="1" TITLE="stud1 enrolled in course2-2" PREPAIDFEESREMAINING="409.09" PREPAIDFEESACCOUNTID="4" ID="105"/>
    <InvoiceLine ACCOUNTID="7" CREATEDON="2019-06-18 22:17:33.259000000" DESCRIPTION="Course4 starting on 01-02-2027 10:14 PM AEDT" DISCOUNTEACHEXTAX="0.00" ENROLMENTID="106" INVOICEID="5" MODIFIEDON="2019-06-18 22:17:33.259000000" PRICEEACHEXTAX="200.00" QUANTITY="1.00" SORTORDER="0" TAXEACH="20.00" TAXID="1" TITLE="stud3 enrolled in course4-1" PREPAIDFEESREMAINING="200.00" PREPAIDFEESACCOUNTID="4" ID="106"/>
    <InvoiceLine ACCOUNTID="7" CREATEDON="2019-06-18 22:20:28.765000000" DESCRIPTION="Course4 starting on 01-02-2027 10:14 PM AEDT" DISCOUNTEACHEXTAX="0.00" ENROLMENTID="107" INVOICEID="6" MODIFIEDON="2019-06-18 22:20:28.765000000" PRICEEACHEXTAX="200.00" QUANTITY="1.00" SORTORDER="0" TAXEACH="20.00" TAXID="1" TITLE="stud4 enrolled in course4-1" PREPAIDFEESREMAINING="200.00" PREPAIDFEESACCOUNTID="4" ID="107"/>

    <InvoiceLine ACCOUNTID="7" CREATEDON="2019-07-02 22:56:40.221000000" DISCOUNTEACHEXTAX="0.00" INVOICEID="7" MODIFIEDON="2019-07-02 22:56:40.221000000" PRICEEACHEXTAX="100.00" QUANTITY="1.00" SORTORDER="0" TAXEACH="0.00" TAXID="2" TITLE="contra1" PREPAIDFEESREMAINING="0.00" PREPAIDFEESACCOUNTID="4" ID="108"/>
    <InvoiceLine ACCOUNTID="7" CREATEDON="2019-07-02 22:57:27.724000000" DISCOUNTEACHEXTAX="0.00" INVOICEID="8" MODIFIEDON="2019-07-02 22:57:27.724000000" PRICEEACHEXTAX="-60.00" QUANTITY="1.00" SORTORDER="0" TAXEACH="0.00" TAXID="2" TITLE="contra1" PREPAIDFEESREMAINING="0.00" PREPAIDFEESACCOUNTID="4" ID="109"/>
    <InvoiceLine ACCOUNTID="7" CREATEDON="2019-07-02 22:58:33.77000000" DISCOUNTEACHEXTAX="0.00" INVOICEID="9" MODIFIEDON="2019-07-02 22:58:33.77000000" PRICEEACHEXTAX="200.00" QUANTITY="1.00" SORTORDER="0" TAXEACH="0.00" TAXID="2" TITLE="contra2" PREPAIDFEESREMAINING="0.00" PREPAIDFEESACCOUNTID="4" ID="110"/>
    <InvoiceLine ACCOUNTID="7" CREATEDON="2019-07-02 22:58:59.293000000" DISCOUNTEACHEXTAX="0.00" INVOICEID="10" MODIFIEDON="2019-07-02 22:58:59.293000000" PRICEEACHEXTAX="-140.00" QUANTITY="1.00" SORTORDER="0" TAXEACH="0.00" TAXID="2" TITLE="contra2" PREPAIDFEESREMAINING="0.00" PREPAIDFEESACCOUNTID="4" ID="111"/>

    <InvoiceLine ACCOUNTID="7" CREATEDON="2019-07-03 01:35:09.450000000" DESCRIPTION="some description" DISCOUNTEACHEXTAX="0.00" ENROLMENTID="1" INVOICEID="11" MODIFIEDON="2019-07-03 01:35:09.450000000" PRICEEACHEXTAX="300.00" QUANTITY="1.00" SORTORDER="0" TAXEACH="0.00" TAXID="2" TITLE="Invoice for UPD" UNIT="kg" PREPAIDFEESREMAINING="300.00" PREPAIDFEESACCOUNTID="4" COURSECLASSID="1" ID="112"/>

    <InvoiceLine ACCOUNTID="7" CREATEDON="2019-07-02 22:58:59.293000000" DISCOUNTEACHEXTAX="0.00" INVOICEID="12" MODIFIEDON="2019-07-02 22:58:59.293000000" PRICEEACHEXTAX="50.00" QUANTITY="1.00" SORTORDER="0" TAXEACH="0.00" TAXID="2" TITLE="contra3" PREPAIDFEESREMAINING="0.00" PREPAIDFEESACCOUNTID="4" ID="113"/>
    <InvoiceLine ACCOUNTID="7" CREATEDON="2019-07-02 22:58:59.293000000" DISCOUNTEACHEXTAX="0.00" INVOICEID="13" MODIFIEDON="2019-07-02 22:58:59.293000000" PRICEEACHEXTAX="100.00" QUANTITY="1.00" SORTORDER="0" TAXEACH="0.00" TAXID="2" TITLE="contra3" PREPAIDFEESREMAINING="0.00" PREPAIDFEESACCOUNTID="4" ID="114"/>
    <InvoiceLine ACCOUNTID="7" CREATEDON="2019-07-02 22:58:59.293000000" DISCOUNTEACHEXTAX="0.00" INVOICEID="14" MODIFIEDON="2019-07-02 22:58:59.293000000" PRICEEACHEXTAX="100.00" QUANTITY="1.00" SORTORDER="0" TAXEACH="0.00" TAXID="2" TITLE="contra3" PREPAIDFEESREMAINING="0.00" PREPAIDFEESACCOUNTID="4" ID="115"/>
    <InvoiceLine ACCOUNTID="7" CREATEDON="2019-07-02 22:58:59.293000000" DISCOUNTEACHEXTAX="0.00" INVOICEID="15" MODIFIEDON="2019-07-02 22:58:59.293000000" PRICEEACHEXTAX="-200.00" QUANTITY="1.00" SORTORDER="0" TAXEACH="0.00" TAXID="2" TITLE="contra3" PREPAIDFEESREMAINING="0.00" PREPAIDFEESACCOUNTID="4" ID="116"/>

    <InvoiceLine ACCOUNTID="7" CREATEDON="2019-07-22 23:04:50.94000000" DESCRIPTION="stud8 (SKU01 Membership#1)" DISCOUNTEACHEXTAX="0.00" INVOICEID="16" MODIFIEDON="2019-07-22 23:04:50.94000000" PRICEEACHEXTAX="50.00" QUANTITY="1.00" SORTORDER="0" TAXEACH="5.00" TAXID="1" TITLE="stud8 Membership#1" PREPAIDFEESREMAINING="0.00" PREPAIDFEESACCOUNTID="4" ID="117"/>
    <InvoiceLine ACCOUNTID="5" CREATEDON="2019-07-22 23:05:21.20000000" DESCRIPTION="VOU1 voucherType1" DISCOUNTEACHEXTAX="0.00" INVOICEID="17" MODIFIEDON="2019-07-22 23:05:21.20000000" PRICEEACHEXTAX="50.00" QUANTITY="1.00" SORTORDER="0" TAXEACH="0.00" TAXID="3" TITLE="voucherType1" PREPAIDFEESREMAINING="0.00" PREPAIDFEESACCOUNTID="4" ID="118"/>
    <InvoiceLine ACCOUNTID="7" CREATEDON="2019-07-22 23:05:48.914000000" DESCRIPTION="stud8 (prd1 product1)" DISCOUNTEACHEXTAX="0.00" INVOICEID="18" MODIFIEDON="2019-07-22 23:05:48.914000000" PRICEEACHEXTAX="100.00" QUANTITY="1.00" SORTORDER="0" TAXEACH="10.00" TAXID="1" TITLE="stud8 product1" PREPAIDFEESREMAINING="0.00" PREPAIDFEESACCOUNTID="4" ID="119"/>
    <InvoiceLine ACCOUNTID="7" CREATEDON="2008-02-18 16:57:09" DESCRIPTION="Refund for enrolment : Course: Complete Keyboard Player for Beginners (ARMU5-1)" DISCOUNTEACHEXTAX="0.00" INVOICEID="19" MODIFIEDON="2012-02-17 13:02:59" PRICEEACHEXTAX="-135.45" QUANTITY="1.00" TAXEACH="-13.55" TAXID="1" TITLE="Enrolment: Robert Fenton" PREPAIDFEESREMAINING="0.00" PREPAIDFEESACCOUNTID="40" ID="120"/>

    <InvoiceLine ACCOUNTID="7" CREATEDON="2018-11-29 01:01:15.137000000" DESCRIPTION="Course1 starting on 01-12-2018 12:56 AM AEDT" DISCOUNTEACHEXTAX="0.00" ENROLMENTID="108" INVOICEID="20" MODIFIEDON="2018-12-05 04:40:51.701000000" PRICEEACHEXTAX="77.00" QUANTITY="1.00" SORTORDER="1" TAXEACH="0.00" TAXID="3" TITLE="stud10 enrolled in course" PREPAIDFEESREMAINING="0.00" PREPAIDFEESACCOUNTID="4" ID="121"/>
    <InvoiceLine ACCOUNTID="7" CREATEDON="2018-11-29 01:01:15.143000000" DESCRIPTION="Course1 starting on 01-11-2030 12:58 AM AEDT" DISCOUNTEACHEXTAX="0.00" ENROLMENTID="108" INVOICEID="21" MODIFIEDON="2018-11-29 01:01:15.143000000" PRICEEACHEXTAX="88.00" QUANTITY="1.00" SORTORDER="2" TAXEACH="0.00" TAXID="3" TITLE="stud10 enrolled in course" PREPAIDFEESREMAINING="0.00" PREPAIDFEESACCOUNTID="4" ID="122"/>
    <InvoiceLine ACCOUNTID="7" CREATEDON="2018-11-29 01:01:15.135000000" DESCRIPTION="Course1 starting on 01-05-2017 12:54 AM AEST" DISCOUNTEACHEXTAX="0.00" ENROLMENTID="108" INVOICEID="22" MODIFIEDON="2018-11-30 23:29:27.434000000" PRICEEACHEXTAX="99.00" QUANTITY="1.00" SORTORDER="0" TAXEACH="0.00" TAXID="3" TITLE="stud10 enrolled in course" PREPAIDFEESREMAINING="0.00" PREPAIDFEESACCOUNTID="4" ID="123"/>

    <InvoiceLine ACCOUNTID="5" CREATEDON="2019-08-30 20:43:56.690000000" DESCRIPTION="VOU2 voucherType2" DISCOUNTEACHEXTAX="0.00" INVOICEID="23" MODIFIEDON="2019-08-30 20:43:56.691000000" PRICEEACHEXTAX="70.00" QUANTITY="1.00" SORTORDER="2" TAXEACH="0.00" TAXID="3" TITLE="voucherType2" PREPAIDFEESREMAINING="0.00" PREPAIDFEESACCOUNTID="4" ID="124"/>
    <InvoiceLine ACCOUNTID="7" CREATEDON="2019-08-30 20:43:56.677000000" DESCRIPTION="stud11 (SKU02 Membership#2)" DISCOUNTEACHEXTAX="0.00" INVOICEID="23" MODIFIEDON="2019-08-30 20:43:56.677000000" PRICEEACHEXTAX="60.00" QUANTITY="1.00" SORTORDER="0" TAXEACH="6.00" TAXID="1" TITLE="stud11 Membership#2" PREPAIDFEESREMAINING="0.00" PREPAIDFEESACCOUNTID="4" ID="125"/>
    <InvoiceLine ACCOUNTID="7" CREATEDON="2019-08-30 20:43:56.686000000" DESCRIPTION="stud11 (prd2 product2)" DISCOUNTEACHEXTAX="0.00" INVOICEID="23" MODIFIEDON="2019-08-30 20:43:56.686000000" PRICEEACHEXTAX="120.00" QUANTITY="1.00" SORTORDER="1" TAXEACH="12.00" TAXID="1" TITLE="stud11 product2" PREPAIDFEESREMAINING="0.00" PREPAIDFEESACCOUNTID="4" ID="126"/>
    <InvoiceLine ACCOUNTID="5" CREATEDON="2019-08-30 20:44:50.225000000" DESCRIPTION="VOU2 voucherType2" DISCOUNTEACHEXTAX="0.00" INVOICEID="24" MODIFIEDON="2019-08-30 20:44:50.225000000" PRICEEACHEXTAX="70.00" QUANTITY="1.00" SORTORDER="2" TAXEACH="0.00" TAXID="3" TITLE="voucherType2" PREPAIDFEESREMAINING="0.00" PREPAIDFEESACCOUNTID="4" ID="127"/>
    <InvoiceLine ACCOUNTID="7" CREATEDON="2019-08-30 20:44:50.220000000" DESCRIPTION="stud12 (SKU02 Membership#2)" DISCOUNTEACHEXTAX="0.00" INVOICEID="24" MODIFIEDON="2019-08-30 20:44:50.220000000" PRICEEACHEXTAX="60.00" QUANTITY="1.00" SORTORDER="0" TAXEACH="6.00" TAXID="1" TITLE="stud12 Membership#2" PREPAIDFEESREMAINING="0.00" PREPAIDFEESACCOUNTID="4" ID="128"/>
    <InvoiceLine ACCOUNTID="7" CREATEDON="2019-08-30 20:44:50.223000000" DESCRIPTION="stud12 (prd2 product2)" DISCOUNTEACHEXTAX="0.00" INVOICEID="24" MODIFIEDON="2019-08-30 20:44:50.223000000" PRICEEACHEXTAX="120.00" QUANTITY="1.00" SORTORDER="1" TAXEACH="12.00" TAXID="1" TITLE="stud12 product2" PREPAIDFEESREMAINING="0.00" PREPAIDFEESACCOUNTID="4" ID="129"/>

    <InvoiceLine ACCOUNTID="7" CREATEDON="2019-09-11 01:30:19.869000000" DESCRIPTION="Course4 starting on 01-02-2027 10:14 PM AEDT" DISCOUNTEACHEXTAX="0.00" ENROLMENTID="109" INVOICEID="25" MODIFIEDON="2019-09-11 01:30:19.869000000" PRICEEACHEXTAX="200.00" QUANTITY="1.00" SORTORDER="0" TAXEACH="20.00" TAXID="1" TITLE="student1 refund enrolled in course4-1" PREPAIDFEESREMAINING="200.00" PREPAIDFEESACCOUNTID="4" ID="130"/>
    <InvoiceLine ACCOUNTID="7" CREATEDON="2019-09-11 01:30:52.614000000" DESCRIPTION="Course4 starting on 01-02-2027 10:14 PM AEDT" DISCOUNTEACHEXTAX="0.00" ENROLMENTID="110" INVOICEID="26" MODIFIEDON="2019-09-11 01:30:52.614000000" PRICEEACHEXTAX="200.00" QUANTITY="1.00" SORTORDER="0" TAXEACH="20.00" TAXID="1" TITLE="student2 refund enrolled in course4-1" PREPAIDFEESREMAINING="200.00" PREPAIDFEESACCOUNTID="4" ID="131"/>
    <InvoiceLine ACCOUNTID="8" CREATEDON="2019-09-11 19:12:24.162000000" DISCOUNTEACHEXTAX="0.00" INVOICEID="27" MODIFIEDON="2019-09-11 19:12:24.162000000" PRICEEACHEXTAX="-272.73" QUANTITY="1.00" TAXEACH="-27.27" TAXID="1" TITLE="negative invoice for refund1" PREPAIDFEESREMAINING="0.00" PREPAIDFEESACCOUNTID="4" ID="132"/>
    <InvoiceLine ACCOUNTID="8" CREATEDON="2019-09-11 19:13:00.804000000" DISCOUNTEACHEXTAX="0.00" INVOICEID="28" MODIFIEDON="2019-09-11 19:13:00.804000000" PRICEEACHEXTAX="-363.64" QUANTITY="1.00" TAXEACH="-36.36" TAXID="1" TITLE="negative invoice for refund2" PREPAIDFEESREMAINING="0.00" PREPAIDFEESACCOUNTID="4" ID="133"/>

    <InvoiceLine ACCOUNTID="7" CREATEDON="2019-09-20 23:57:10.47000000" DESCRIPTION="Course for testing contacts merging starting on 01-10-2019 7:14 PM AEST" DISCOUNTEACHEXTAX="0.00" ENROLMENTID="111" INVOICEID="29" MODIFIEDON="2019-09-20 23:57:10.47000000" PRICEEACHEXTAX="200.00" QUANTITY="1.00" SORTORDER="0" TAXEACH="0.00" TAXID="2" TITLE="studentA A mergeA enrolled in merge-1" PREPAIDFEESREMAINING="200.00" PREPAIDFEESACCOUNTID="4" ID="134"/>
    <InvoiceLine ACCOUNTID="7" CREATEDON="2019-09-20 23:57:10.67000000" DESCRIPTION="studentA A mergeA (MERGE1 Membership for mergeA)" DISCOUNTEACHEXTAX="0.00" INVOICEID="29" MODIFIEDON="2019-09-20 23:57:10.67000000" PRICEEACHEXTAX="60.00" QUANTITY="1.00" SORTORDER="1" TAXEACH="0.00" TAXID="2" TITLE="studentA A mergeA Membership for mergeA" PREPAIDFEESREMAINING="0.00" PREPAIDFEESACCOUNTID="4" ID="135"/>
    <InvoiceLine ACCOUNTID="7" CREATEDON="2019-09-20 23:58:09.211000000" DESCRIPTION="Course for testing contacts merging starting on 09-10-2019 7:19 PM AEDT" DISCOUNTEACHEXTAX="0.00" ENROLMENTID="112" INVOICEID="30" MODIFIEDON="2019-09-20 23:58:09.211000000" PRICEEACHEXTAX="272.73" QUANTITY="1.00" SORTORDER="0" TAXEACH="27.27" TAXID="1" TITLE="studentB B mergeB enrolled in merge-2" PREPAIDFEESREMAINING="272.73" PREPAIDFEESACCOUNTID="4" ID="136"/>
    <InvoiceLine ACCOUNTID="7" CREATEDON="2019-09-20 23:58:45.893000000" DESCRIPTION="studentB B mergeB (MERGE2 Membership for mergeB)" DISCOUNTEACHEXTAX="0.00" INVOICEID="31" MODIFIEDON="2019-09-20 23:58:45.893000000" PRICEEACHEXTAX="150.00" QUANTITY="1.00" SORTORDER="0" TAXEACH="15.00" TAXID="1" TITLE="studentB B mergeB Membership for mergeB" PREPAIDFEESREMAINING="0.00" PREPAIDFEESACCOUNTID="4" ID="137"/>
    <InvoiceLine ACCOUNTID="7" CREATEDON="2019-09-20 23:59:38.979000000" DESCRIPTION="Course for testing contacts merging" DISCOUNTEACHEXTAX="0.00" ENROLMENTID="113" INVOICEID="32" MODIFIEDON="2019-09-20 23:59:38.979000000" PRICEEACHEXTAX="400.00" QUANTITY="1.00" SORTORDER="0" TAXEACH="0.00" TAXID="2" TITLE="studentC mergeC enrolled in merge-3" PREPAIDFEESREMAINING="400.00" PREPAIDFEESACCOUNTID="4" ID="138"/>
    <InvoiceLine ACCOUNTID="7" CREATEDON="2019-09-21 00:00:56.236000000" DESCRIPTION="tutorC mergeC (MERGE2 Membership for mergeB)" DISCOUNTEACHEXTAX="0.00" INVOICEID="33" MODIFIEDON="2019-09-21 00:00:56.236000000" PRICEEACHEXTAX="150.00" QUANTITY="1.00" SORTORDER="0" TAXEACH="15.00" TAXID="1" TITLE="tutorC mergeC Membership for mergeB" PREPAIDFEESREMAINING="0.00" PREPAIDFEESACCOUNTID="4" ID="139"/>
    <InvoiceLine ACCOUNTID="7" CREATEDON="2019-09-21 00:00:56.238000000" DESCRIPTION="tutorC mergeC (MERGE1 Membership for mergeA)" DISCOUNTEACHEXTAX="0.00" INVOICEID="33" MODIFIEDON="2019-09-21 00:00:56.238000000" PRICEEACHEXTAX="60.00" QUANTITY="1.00" SORTORDER="1" TAXEACH="6.00" TAXID="1" TITLE="tutorC mergeC Membership for mergeA" PREPAIDFEESREMAINING="0.00" PREPAIDFEESACCOUNTID="4" ID="140"/>

    <InvoiceLine ACCOUNTID="7" CREATEDON="2019-09-26 23:43:06.238000000" DESCRIPTION="Course4 starting on 01-02-2027 10:14 PM AEDT" DISCOUNTEACHEXTAX="0.00" ENROLMENTID="114" INVOICEID="34" MODIFIEDON="2019-09-26 23:43:06.238000000" PRICEEACHEXTAX="200.00" QUANTITY="1.00" SORTORDER="0" TAXEACH="20.00" TAXID="1" TITLE="student2 PaymentOut enrolled in course4-1" PREPAIDFEESREMAINING="200.00" PREPAIDFEESACCOUNTID="4" ID="141"/>
    <InvoiceLine ACCOUNTID="8" CREATEDON="2019-09-26 23:44:11.565000000" DISCOUNTEACHEXTAX="0.00" INVOICEID="35" MODIFIEDON="2019-09-26 23:44:11.565000000" PRICEEACHEXTAX="-500.00" QUANTITY="1.00" TAXEACH="0.00" TAXID="2" TITLE="invoice to paymentOut2" PREPAIDFEESREMAINING="0.00" PREPAIDFEESACCOUNTID="4" ID="142"/>
    <InvoiceLine ACCOUNTID="8" CREATEDON="2019-09-27 19:19:15.769000000" DISCOUNTEACHEXTAX="0.00" INVOICEID="36" MODIFIEDON="2019-09-27 19:19:15.769000000" PRICEEACHEXTAX="-200.00" QUANTITY="1.00" TAXEACH="-20.00" TAXID="1" TITLE="second invoice to paymentOut2" PREPAIDFEESREMAINING="0.00" PREPAIDFEESACCOUNTID="4" ID="143"/>
    <InvoiceLine ACCOUNTID="7" CREATEDON="2020-04-30 04:01:06.10000000" DESCRIPTION="Course4 starting on 30-04-2030 9:00 am AEST" DISCOUNTEACHEXTAX="0.00" ENROLMENTID="115" INVOICEID="37" MODIFIEDON="2020-04-30 04:01:06.10000000" PRICEEACHEXTAX="1000.00" QUANTITY="1.00" SORTORDER="0" TAXEACH="0.00" TAXID="2" TITLE="stud12 enrolled in course4-2" PREPAIDFEESREMAINING="1000.00" PREPAIDFEESACCOUNTID="4" ID="144"/>
    <InvoiceLine ACCOUNTID="7" CREATEDON="2020-05-06 06:17:35.634000000" DESCRIPTION="Cancellation of enrolment: Course4 starting on 01-02-2027 10:14 PM AEDT" DISCOUNTEACHEXTAX="0.00" INVOICEID="38" MODIFIEDON="2020-05-06 06:17:35.634000000" PRICEEACHEXTAX="-200.00" QUANTITY="1.00" SORTORDER="0" TAXEACH="-20.00" TAXID="1" TITLE="stud3 enrolled in course4-1" PREPAIDFEESREMAINING="0.00" PREPAIDFEESACCOUNTID="4" ID="145"/>
    <InvoiceLine ACCOUNTID="7" CREATEDON="2020-05-06 18:54:36.455000000" DESCRIPTION="stud3 (prd1 product1)" DISCOUNTEACHEXTAX="0.00" INVOICEID="39" MODIFIEDON="2020-05-06 18:54:36.455000000" PRICEEACHEXTAX="100.00" QUANTITY="1.00" TAXEACH="10.00" TAXID="1" TITLE="stud3 product1" PREPAIDFEESREMAINING="0.00" PREPAIDFEESACCOUNTID="4" ID="146"/>
    <InvoiceLine ACCOUNTID="8" CREATEDON="2020-05-07 19:23:02.85000000" DISCOUNTEACHEXTAX="0.00" INVOICEID="40" MODIFIEDON="2020-05-07 19:23:02.85000000" PRICEEACHEXTAX="430.00" QUANTITY="1.00" TAXEACH="0.00" TAXID="2" TITLE="owing" PREPAIDFEESREMAINING="0.00" PREPAIDFEESACCOUNTID="4" ID="147"/>

    <InvoiceLine ACCOUNTID="5" CREATEDON="2019-08-30 20:44:50.225000000" DESCRIPTION="VoucherWithCustomField" DISCOUNTEACHEXTAX="0.00" INVOICEID="52" MODIFIEDON="2019-08-30 20:44:50.225000000" PRICEEACHEXTAX="170.00" QUANTITY="1.00" SORTORDER="2" TAXEACH="0.00" TAXID="3" TITLE="VoucherWithCustomField" PREPAIDFEESREMAINING="0.00" PREPAIDFEESACCOUNTID="4" ID="148"/>
    <InvoiceLine ACCOUNTID="5" CREATEDON="2019-08-30 20:44:50.225000000" DESCRIPTION="MembershipWithCustomField" DISCOUNTEACHEXTAX="0.00" INVOICEID="52" MODIFIEDON="2019-08-30 20:44:50.225000000" PRICEEACHEXTAX="500.00" QUANTITY="1.00" SORTORDER="2" TAXEACH="0.00" TAXID="3" TITLE="MembershipWithCustomField" PREPAIDFEESREMAINING="0.00" PREPAIDFEESACCOUNTID="4" ID="149"/>







    <!-- OUTCOME -->
    <Outcome CREATEDON="2018-11-29 01:01:15.782000000" ENROLMENTID="1" MODIFIEDON="2018-12-05 04:56:52.166000000" STATUS="81" STARTDATE="2016-11-01" ENDDATE="2025-10-05" REPORTABLEHOURS="12.0" DELIVERYMODE="1" FUNDINGSOURCE="3" ID="1" STARTDATEOVERRIDDEN="1" ENDDATEOVERRIDDEN="1"/>
    <Outcome CREATEDON="2018-11-29 01:01:15.878000000" ENROLMENTID="3" MODIFIEDON="2018-12-05 04:56:52.166000000" STATUS="0" STARTDATE="2018-12-01" ENDDATE="2027-12-01" REPORTABLEHOURS="10.0" DELIVERYMODE="1" FUNDINGSOURCE="3" ID="2" STARTDATEOVERRIDDEN="1" ENDDATEOVERRIDDEN="1"/>
    <Outcome CREATEDON="2018-11-29 01:01:15.933000000" ENROLMENTID="2" MODIFIEDON="2018-12-05 04:56:52.166000000" STATUS="0" STARTDATE="2016-11-01" ENDDATE="2025-10-05" REPORTABLEHOURS="12.0" DELIVERYMODE="1" FUNDINGSOURCE="5" ID="3" STARTDATEOVERRIDDEN="1" ENDDATEOVERRIDDEN="1"/>
    <Outcome CREATEDON="2018-11-29 01:03:36.340000000" ENROLMENTID="4" MODIFIEDON="2018-12-05 04:56:52.166000000" STATUS="82" STARTDATE="2016-11-01" ENDDATE="2025-10-05" REPORTABLEHOURS="12.0" DELIVERYMODE="1" FUNDINGSOURCE="3" ID="4" STARTDATEOVERRIDDEN="1" ENDDATEOVERRIDDEN="1"/>
    <Outcome CREATEDON="2018-11-29 01:03:36.404000000" ENROLMENTID="6" MODIFIEDON="2018-12-05 04:56:52.166000000" STATUS="0" STARTDATE="2016-11-01" ENDDATE="2025-10-05" REPORTABLEHOURS="12.0" DELIVERYMODE="1" FUNDINGSOURCE="3" ID="5" STARTDATEOVERRIDDEN="1" ENDDATEOVERRIDDEN="1"/>
    <Outcome CREATEDON="2018-11-29 01:03:36.470000000" ENROLMENTID="5" MODIFIEDON="2018-12-05 04:56:52.166000000" STATUS="0" STARTDATE="2016-11-01" ENDDATE="2025-10-05" REPORTABLEHOURS="12.0" DELIVERYMODE="1" FUNDINGSOURCE="3" ID="6" STARTDATEOVERRIDDEN="1" ENDDATEOVERRIDDEN="1"/>
    <Outcome CREATEDON="2018-11-30 23:31:20.52000000" ENROLMENTID="102" MODIFIEDON="2018-12-05 04:56:52.166000000" STATUS="0" STARTDATE="2016-11-01" ENDDATE="2025-10-05" REPORTABLEHOURS="12.0" DELIVERYMODE="1" FUNDINGSOURCE="3" ID="101" STARTDATEOVERRIDDEN="1" ENDDATEOVERRIDDEN="1"/>
    <Outcome CREATEDON="2018-11-30 23:31:20.175000000" ENROLMENTID="103" MODIFIEDON="2018-12-05 04:56:52.166000000" STATUS="0" STARTDATE="2016-11-01" ENDDATE="2025-10-05" REPORTABLEHOURS="12.0" DELIVERYMODE="1" FUNDINGSOURCE="3" ID="102" STARTDATEOVERRIDDEN="1" ENDDATEOVERRIDDEN="1"/>
    <Outcome CREATEDON="2018-11-30 23:31:20.257000000" ENROLMENTID="101" MODIFIEDON="2018-12-05 04:56:52.166000000" STATUS="0" STARTDATE="2016-11-01" ENDDATE="2025-10-05" REPORTABLEHOURS="12.0" DELIVERYMODE="1" FUNDINGSOURCE="3" ID="103" STARTDATEOVERRIDDEN="1" ENDDATEOVERRIDDEN="1"/>
    <Outcome CREATEDON="2019-04-12 22:32:52.836000000" ENROLMENTID="104" MODIFIEDON="2019-04-12 22:32:52.836000000" STATUS="0" STARTDATE="2016-11-01" ENDDATE="2025-10-05" REPORTABLEHOURS="12.0" DELIVERYMODE="1" FUNDINGSOURCE="3" ID="104" STARTDATEOVERRIDDEN="1" ENDDATEOVERRIDDEN="1"/>
    <Outcome CREATEDON="2019-04-12 22:33:40.789000000" ENROLMENTID="105" MODIFIEDON="2019-04-12 22:33:40.789000000" STATUS="0" STARTDATE="2016-11-01" ENDDATE="2025-10-05" REPORTABLEHOURS="12.0" DELIVERYMODE="1" FUNDINGSOURCE="3" ID="105" STARTDATEOVERRIDDEN="1" ENDDATEOVERRIDDEN="1"/>
    <Outcome CREATEDON="2019-06-18 22:17:33.665000000" ENROLMENTID="106" MODIFIEDON="2019-06-18 22:18:58.453000000" MODULEID="3" STATUS="0" STARTDATE="2016-11-01" ENDDATE="2025-10-05" REPORTABLEHOURS="12.0" DELIVERYMODE="1" FUNDINGSOURCE="3" ID="106" STARTDATEOVERRIDDEN="1" ENDDATEOVERRIDDEN="1"/>
    <Outcome CREATEDON="2019-06-18 22:20:29.34000000" ENROLMENTID="107" MODIFIEDON="2019-06-18 22:20:29.34000000" MODULEID="3" STATUS="81" STARTDATE="2027-02-01" ENDDATE="2027-02-04" REPORTABLEHOURS="12.0" DELIVERYMODE="1" FUNDINGSOURCE="3" ID="107" STARTDATEOVERRIDDEN="1" ENDDATEOVERRIDDEN="1"/>
    <Outcome CREATEDON="2019-06-18 22:20:29.34000000" ENROLMENTID="107" MODIFIEDON="2019-06-18 22:20:29.34000000" MODULEID="2" STATUS="20" STARTDATE="2016-11-01" ENDDATE="2025-10-05" REPORTABLEHOURS="12.0" DELIVERYMODE="1" FUNDINGSOURCE="3" ID="108" STARTDATEOVERRIDDEN="1" ENDDATEOVERRIDDEN="1"/>
    <Outcome CREATEDON="2019-06-18 22:20:29.34000000" ENROLMENTID="107" MODIFIEDON="2019-06-18 22:20:29.34000000" MODULEID="2" STATUS="0" STARTDATE="2016-11-01" ENDDATE="2035-10-05" REPORTABLEHOURS="12.0" DELIVERYMODE="1" FUNDINGSOURCE="3" ID="119" STARTDATEOVERRIDDEN="1" ENDDATEOVERRIDDEN="1"/>
    <Outcome CREATEDON="2019-06-18 22:20:29.34000000" ENROLMENTID="105" MODIFIEDON="2019-06-18 22:20:29.34000000" MODULEID="3" STATUS="0" STARTDATE="2016-11-01" ENDDATE="2025-10-05" REPORTABLEHOURS="12.0" DELIVERYMODE="1" FUNDINGSOURCE="3" ID="109" STARTDATEOVERRIDDEN="1" ENDDATEOVERRIDDEN="1"/>
    <Outcome CREATEDON="2019-06-18 22:20:29.34000000" ENROLMENTID="105" MODIFIEDON="2019-06-18 22:20:29.34000000" MODULEID="2" STATUS="0" STARTDATE="2016-11-01" ENDDATE="2025-10-05" REPORTABLEHOURS="12.0" DELIVERYMODE="1" FUNDINGSOURCE="3" ID="110" STARTDATEOVERRIDDEN="1" ENDDATEOVERRIDDEN="1"/>
    <Outcome CREATEDON="2019-09-11 01:30:20.375000000" ENROLMENTID="109" MODIFIEDON="2019-09-11 01:30:20.375000000" MODULEID="3" STATUS="0" STARTDATE="2016-11-01" ENDDATE="2025-10-05" REPORTABLEHOURS="12.0" DELIVERYMODE="1" FUNDINGSOURCE="3" ID="111" STARTDATEOVERRIDDEN="1" ENDDATEOVERRIDDEN="1"/>
    <Outcome CREATEDON="2019-09-11 01:30:52.920000000" ENROLMENTID="110" MODIFIEDON="2019-09-11 01:30:52.920000000" MODULEID="3" STATUS="0" STARTDATE="2016-11-01" ENDDATE="2025-10-05" REPORTABLEHOURS="12.0" DELIVERYMODE="1" FUNDINGSOURCE="3" ID="112" STARTDATEOVERRIDDEN="1" ENDDATEOVERRIDDEN="1"/>

    <Outcome CREATEDON="2019-09-20 23:57:10.558000000" ENROLMENTID="111" MODIFIEDON="2019-09-20 23:57:10.558000000" MODULEID="3" STATUS="0" STARTDATE="2016-11-01" ENDDATE="2025-10-05" REPORTABLEHOURS="12.0" DELIVERYMODE="1" FUNDINGSOURCE="0" ID="113" STARTDATEOVERRIDDEN="1" ENDDATEOVERRIDDEN="1"/>
    <Outcome CREATEDON="2019-09-20 23:58:09.596000000" ENROLMENTID="112" MODIFIEDON="2019-09-20 23:58:09.596000000" MODULEID="3" STATUS="0" STARTDATE="2016-11-01" ENDDATE="2025-10-05" REPORTABLEHOURS="12.0" DELIVERYMODE="3" FUNDINGSOURCE="3" ID="114" STARTDATEOVERRIDDEN="1" ENDDATEOVERRIDDEN="1"/>
    <Outcome CREATEDON="2019-09-20 23:59:39.209000000" ENROLMENTID="113" MODIFIEDON="2019-09-20 23:59:39.209000000" MODULEID="3" STATUS="0" STARTDATE="2016-11-01" ENDDATE="2025-10-05" REPORTABLEHOURS="12.0" DELIVERYMODE="22" FUNDINGSOURCE="3" ID="115" STARTDATEOVERRIDDEN="1" ENDDATEOVERRIDDEN="1"/>
    <Outcome CREATEDON="2019-09-21 01:51:40.823000000" MODIFIEDON="2019-09-21 01:51:40.823000000" MODULEID="2" PRIORLEARNINGID="1001" STATUS="60" DELIVERYMODE="1" FUNDINGSOURCE="2" VETPURCHASINGCONTRACTID="aaa" VETFUNDINGSOURCESTATEID="aaa" HOURSATTENDED="11" SPECIFICPROGRAMIDENTIFIER="aaa" ID="116" STARTDATE="2019-09-05" ENDDATE="2023-10-25" REPORTABLEHOURS="12.0" STARTDATEOVERRIDDEN="1" ENDDATEOVERRIDDEN="1"/>

    <Outcome CREATEDON="2019-09-26 23:43:06.655000000" ENROLMENTID="114" MODIFIEDON="2019-09-26 23:43:06.655000000" MODULEID="3" STATUS="20" STARTDATE="2016-11-01" ENDDATE="2025-10-05" REPORTABLEHOURS="12.0" DELIVERYMODE="1" FUNDINGSOURCE="3" ID="117" STARTDATEOVERRIDDEN="1" ENDDATEOVERRIDDEN="1"/>
    <Outcome CREATEDON="2020-04-30 04:01:07.86000000" ENROLMENTID="115" MODIFIEDON="2020-04-30 04:01:07.86000000" MODULEID="3" STATUS="0" DELIVERYMODE="1" REPORTABLEHOURS="12.0" FUNDINGSOURCE="3" ID="118" STARTDATE="2030-04-30" ENDDATE="2030-05-28" STARTDATEOVERRIDDEN="0" ENDDATEOVERRIDDEN="0"/>





    <!-- BANKING -->
    <Banking CREATEDON="2019-04-12 22:34:11.711000000" MODIFIEDON="2019-04-12 22:34:11.711000000" TYPE="1" SETTLEMENTDATE="2019-04-12" CREATEDBYID="1" ADMINSITEID="200" ID="1000" ASSETACCOUNTID="1"/>
    <Banking CREATEDON="2019-09-11 01:30:20.134000000" MODIFIEDON="2019-09-11 01:30:20.134000000" TYPE="5" SETTLEMENTDATE="2019-09-11" ID="1001" ASSETACCOUNTID="1"/>


    <!-- PAYMENTIN -->
    <PaymentIn ACCOUNTINID="1" AMOUNT="1800.00" CREATEDON="2018-11-29 01:01:15.122000000" MODIFIEDON="2018-11-29 01:01:15.360000000" PRIVATENOTES="" RECONCILED="0" STATUS="3" PAYERID="2" SOURCE="O" ADMINISTRATIONCENTREID="200" CREATEDBYUSERID="1" CONFIRMATIONSTATUS="3" PAYMENTMETHODID="1" ID="1" PAYMENTDATE="2018-11-29" UNDEPOSITEDFUNDSACCOUNTID="12"/>
    <PaymentIn ACCOUNTINID="1" AMOUNT="1800.00" CREATEDON="2018-11-29 01:03:35.668000000" MODIFIEDON="2018-11-29 01:03:36.47000000" PRIVATENOTES="" RECONCILED="0" STATUS="3" PAYERID="3" SOURCE="O" ADMINISTRATIONCENTREID="200" CREATEDBYUSERID="1" CONFIRMATIONSTATUS="3" PAYMENTMETHODID="1" ID="2" PAYMENTDATE="2018-11-29" UNDEPOSITEDFUNDSACCOUNTID="12"/>
    <PaymentIn ACCOUNTINID="1" AMOUNT="1800.00" CREATEDON="2018-11-30 23:31:19.224000000" MODIFIEDON="2018-11-30 23:31:19.600000000" PRIVATENOTES="" RECONCILED="0" STATUS="3" PAYERID="4" SOURCE="O" ADMINISTRATIONCENTREID="200" CREATEDBYUSERID="1" CONFIRMATIONSTATUS="3" PAYMENTMETHODID="1" ID="101" PAYMENTDATE="2018-11-30" UNDEPOSITEDFUNDSACCOUNTID="12"/>
    <PaymentIn ACCOUNTINID="1" AMOUNT="350.00" CREATEDON="2019-04-12 22:32:52.325000000" MODIFIEDON="2019-04-12 22:34:11.713000000" PRIVATENOTES="" RECONCILED="0" STATUS="3" PAYERID="2" SOURCE="O" ADMINISTRATIONCENTREID="200" CREATEDBYUSERID="1" CONFIRMATIONSTATUS="3" PAYMENTMETHODID="1" BANKINGID="1000" ID="3" PAYMENTDATE="2019-04-12" UNDEPOSITEDFUNDSACCOUNTID="12"/>
    <PaymentIn ACCOUNTINID="1" AMOUNT="450.00" CREATEDON="2019-04-12 22:33:40.519000000" MODIFIEDON="2019-04-12 22:34:11.749000000" PRIVATENOTES="" RECONCILED="0" STATUS="3" PAYERID="2" SOURCE="O" ADMINISTRATIONCENTREID="200" CREATEDBYUSERID="1" CONFIRMATIONSTATUS="3" PAYMENTMETHODID="1" BANKINGID="1000" ID="4" PAYMENTDATE="2019-04-12" UNDEPOSITEDFUNDSACCOUNTID="12"/>
    <PaymentIn ACCOUNTINID="1" AMOUNT="220.00" CREATEDON="2019-06-18 22:17:33.252000000" MODIFIEDON="2019-06-18 22:17:33.448000000" PRIVATENOTES="" RECONCILED="0" STATUS="3" PAYERID="4" SOURCE="O" ADMINISTRATIONCENTREID="200" CREATEDBYUSERID="1" CONFIRMATIONSTATUS="3" PAYMENTMETHODID="1" ID="5" PAYMENTDATE="2019-06-18" UNDEPOSITEDFUNDSACCOUNTID="12"/>
    <PaymentIn ACCOUNTINID="1" AMOUNT="220.00" CREATEDON="2019-06-18 22:20:28.762000000" CREDITCARDEXPIRY="11/2027" CREDITCARDNAME="cc" CREDITCARDNUMBER="543111XXXXXXX111" CREDITCARDTYPE="M" GATEWAYREFERENCE="0000000b47d1a93r" MODIFIEDON="2019-06-18 22:20:28.900000000" PRIVATENOTES="" RECONCILED="0" STATUS="3" WILLOWID="1368052" GATEWAYRESPONSE="APPROVED" PAYERID="10" SOURCE="O" ADMINISTRATIONCENTREID="200" CREATEDBYUSERID="1" SESSIONID="386cab51-0c8c-4139-a912-264b2e26e8et" CONFIRMATIONSTATUS="3" PAYMENTMETHODID="3" BILLINGID="0000110308903217" ID="6" PAYMENTDATE="2019-06-18" UNDEPOSITEDFUNDSACCOUNTID="12"/>

    <PaymentIn ACCOUNTINID="1" AMOUNT="55.00" CREATEDON="2019-07-22 23:04:50.84000000" MODIFIEDON="2019-07-22 23:04:50.261000000" PRIVATENOTES="" RECONCILED="0" STATUS="3" PAYERID="14" SOURCE="O" ADMINISTRATIONCENTREID="200" CREATEDBYUSERID="1" CONFIRMATIONSTATUS="3" PAYMENTMETHODID="1" ID="7" PAYMENTDATE="2019-07-22" UNDEPOSITEDFUNDSACCOUNTID="12"/>
    <PaymentIn ACCOUNTINID="1" AMOUNT="50.00" CREATEDON="2019-07-22 23:05:21.5000000" MODIFIEDON="2019-07-22 23:05:21.172000000" PRIVATENOTES="" RECONCILED="0" STATUS="3" PAYERID="14" SOURCE="O" ADMINISTRATIONCENTREID="200" CREATEDBYUSERID="1" CONFIRMATIONSTATUS="3" PAYMENTMETHODID="1" ID="8" PAYMENTDATE="2019-07-22" UNDEPOSITEDFUNDSACCOUNTID="12"/>
    <PaymentIn ACCOUNTINID="1" AMOUNT="110.00" CREATEDON="2019-07-22 23:05:48.898000000" MODIFIEDON="2019-07-22 23:05:49.66000000" PRIVATENOTES="" RECONCILED="0" STATUS="3" PAYERID="14" SOURCE="O" ADMINISTRATIONCENTREID="200" CREATEDBYUSERID="1" CONFIRMATIONSTATUS="3" PAYMENTMETHODID="1" ID="9" PAYMENTDATE="2019-07-22" UNDEPOSITEDFUNDSACCOUNTID="12"/>

    <PaymentIn ACCOUNTINID="1" AMOUNT="77.00" CREATEDON="2019-08-22 23:04:50.84000000" MODIFIEDON="2019-08-22 23:04:50.261000000" PRIVATENOTES="" RECONCILED="0" STATUS="3" PAYERID="16" SOURCE="O" ADMINISTRATIONCENTREID="200" CREATEDBYUSERID="1" CONFIRMATIONSTATUS="3" PAYMENTMETHODID="1" ID="10" PAYMENTDATE="2019-08-22" UNDEPOSITEDFUNDSACCOUNTID="12"/>
    <PaymentIn ACCOUNTINID="1" AMOUNT="88.00" CREATEDON="2019-08-23 23:05:21.5000000" MODIFIEDON="2019-08-23 23:05:21.172000000" PRIVATENOTES="" RECONCILED="0" STATUS="3" PAYERID="16" SOURCE="O" ADMINISTRATIONCENTREID="200" CREATEDBYUSERID="1" CONFIRMATIONSTATUS="3" PAYMENTMETHODID="1" ID="11" PAYMENTDATE="2019-08-23" UNDEPOSITEDFUNDSACCOUNTID="12"/>
    <PaymentIn ACCOUNTINID="1" AMOUNT="99.00" CREATEDON="2019-08-24 23:05:48.898000000" MODIFIEDON="2019-08-24 23:05:49.66000000" PRIVATENOTES="" RECONCILED="0" STATUS="3" PAYERID="16" SOURCE="O" ADMINISTRATIONCENTREID="200" CREATEDBYUSERID="1" CONFIRMATIONSTATUS="3" PAYMENTMETHODID="1" ID="12" PAYMENTDATE="2019-08-24" UNDEPOSITEDFUNDSACCOUNTID="12"/>

    <PaymentIn ACCOUNTINID="1" AMOUNT="268.00" CREATEDON="2019-08-30 20:43:56.655000000" MODIFIEDON="2019-08-30 20:43:56.833000000" PRIVATENOTES="" RECONCILED="0" STATUS="3" PAYERID="17" SOURCE="O" ADMINISTRATIONCENTREID="200" CREATEDBYUSERID="308" CONFIRMATIONSTATUS="3" PAYMENTMETHODID="1" ID="13" PAYMENTDATE="2019-08-30" UNDEPOSITEDFUNDSACCOUNTID="12"/>
    <PaymentIn ACCOUNTINID="1" AMOUNT="268.00" CREATEDON="2019-08-30 20:44:50.217000000" MODIFIEDON="2019-08-30 20:44:50.330000000" PRIVATENOTES="" RECONCILED="0" STATUS="3" PAYERID="18" SOURCE="O" ADMINISTRATIONCENTREID="200" CREATEDBYUSERID="308" CONFIRMATIONSTATUS="3" PAYMENTMETHODID="1" ID="14" PAYMENTDATE="2019-08-30" UNDEPOSITEDFUNDSACCOUNTID="12"/>

    <PaymentIn ACCOUNTINID="1" AMOUNT="220.00" CREATEDON="2019-09-11 01:30:19.828000000" CREDITCARDEXPIRY="11/2027" CREDITCARDNAME="cc" CREDITCARDNUMBER="543111XXXXXXX111" CREDITCARDTYPE="M" GATEWAYREFERENCE="0000000b47d1a93f" MODIFIEDON="2019-09-11 01:30:20.123000000" PRIVATENOTES="" RECONCILED="0" STATUS="3" WILLOWID="1368050" GATEWAYRESPONSE="APPROVED" PAYERID="19" SOURCE="W" ADMINISTRATIONCENTREID="200" CREATEDBYUSERID="1" SESSIONID="386cab51-0c8c-4139-a912-264b2e26e8ed" CONFIRMATIONSTATUS="3" PAYMENTMETHODID="3" BANKINGID="1001" BILLINGID="0000110308903216" ID="15" PAYMENTDATE="2019-09-11" UNDEPOSITEDFUNDSACCOUNTID="12"/>
    <PaymentIn ACCOUNTINID="1" AMOUNT="220.00" CREATEDON="2019-09-11 01:30:52.610000000" CREDITCARDEXPIRY="11/2027" CREDITCARDNAME="cc" CREDITCARDNUMBER="543111XXXXXXX111" CREDITCARDTYPE="M" GATEWAYREFERENCE="0000000b47d1a93g" MODIFIEDON="2019-09-11 01:30:52.776000000" PRIVATENOTES="" RECONCILED="0" STATUS="3" WILLOWID="1368051" GATEWAYRESPONSE="APPROVED" PAYERID="20" SOURCE="W" ADMINISTRATIONCENTREID="200" CREATEDBYUSERID="1" SESSIONID="386cab51-0c8c-4139-a912-264b2e26e8ee" CONFIRMATIONSTATUS="3" PAYMENTMETHODID="3" BANKINGID="1001" BILLINGID="0000110308903217" ID="16" PAYMENTDATE="2019-09-11" UNDEPOSITEDFUNDSACCOUNTID="12"/>

    <PaymentIn ACCOUNTINID="1" AMOUNT="260.00" CREATEDON="2019-09-20 23:57:10.31000000" MODIFIEDON="2019-09-20 23:57:10.366000000" PRIVATENOTES="" RECONCILED="0" STATUS="3" PAYERID="21" SOURCE="O" ADMINISTRATIONCENTREID="200" CREATEDBYUSERID="1" CONFIRMATIONSTATUS="3" PAYMENTMETHODID="1" ID="17" PAYMENTDATE="2019-09-20" UNDEPOSITEDFUNDSACCOUNTID="12"/>
    <PaymentIn ACCOUNTINID="1" AMOUNT="300.00" CREATEDON="2019-09-20 23:58:09.201000000" MODIFIEDON="2019-09-20 23:58:09.472000000" PRIVATENOTES="" RECONCILED="0" STATUS="3" PAYERID="22" SOURCE="O" ADMINISTRATIONCENTREID="200" CREATEDBYUSERID="1" CONFIRMATIONSTATUS="3" PAYMENTMETHODID="1" ID="18" PAYMENTDATE="2019-09-20" UNDEPOSITEDFUNDSACCOUNTID="12"/>
    <PaymentIn ACCOUNTINID="1" AMOUNT="165.00" CREATEDON="2019-09-20 23:58:45.890000000" MODIFIEDON="2019-09-20 23:58:45.991000000" PRIVATENOTES="" RECONCILED="0" STATUS="3" PAYERID="22" SOURCE="O" ADMINISTRATIONCENTREID="200" CREATEDBYUSERID="1" CONFIRMATIONSTATUS="3" PAYMENTMETHODID="1" ID="19" PAYMENTDATE="2019-09-20" UNDEPOSITEDFUNDSACCOUNTID="12"/>
    <PaymentIn ACCOUNTINID="1" AMOUNT="400.00" CREATEDON="2019-09-20 23:59:38.975000000" MODIFIEDON="2019-09-20 23:59:39.116000000" PRIVATENOTES="" RECONCILED="0" STATUS="3" PAYERID="23" SOURCE="O" ADMINISTRATIONCENTREID="200" CREATEDBYUSERID="1" CONFIRMATIONSTATUS="3" PAYMENTMETHODID="1" ID="20" PAYMENTDATE="2019-09-20" UNDEPOSITEDFUNDSACCOUNTID="12"/>
    <PaymentIn ACCOUNTINID="1" AMOUNT="231.00" CREATEDON="2019-09-21 00:00:56.234000000" MODIFIEDON="2019-09-21 00:00:56.320000000" PRIVATENOTES="" RECONCILED="0" STATUS="3" PAYERID="26" SOURCE="O" ADMINISTRATIONCENTREID="200" CREATEDBYUSERID="1" CONFIRMATIONSTATUS="3" PAYMENTMETHODID="1" ID="21" PAYMENTDATE="2019-09-20" UNDEPOSITEDFUNDSACCOUNTID="12"/>

    <PaymentIn ACCOUNTINID="1" AMOUNT="220.00" CREATEDON="2019-09-26 23:43:06.224000000" MODIFIEDON="2019-09-26 23:43:06.460000000" PRIVATENOTES="" RECONCILED="0" STATUS="3" PAYERID="29" SOURCE="O" ADMINISTRATIONCENTREID="200" CREATEDBYUSERID="1" CONFIRMATIONSTATUS="3" PAYMENTMETHODID="1" ID="22" PAYMENTDATE="2019-09-26" UNDEPOSITEDFUNDSACCOUNTID="12"/>
    <PaymentIn ACCOUNTINID="1" AMOUNT="250.00" CREATEDON="2020-04-30 04:01:05.983000000" MODIFIEDON="2020-04-30 04:01:09.831000000" PRIVATENOTES="" RECONCILED="0" STATUS="3" PAYERID="18" SOURCE="O" CREATEDBYUSERID="1" CONFIRMATIONSTATUS="2" PAYMENTMETHODID="1" ID="23" PAYMENTDATE="2020-04-30" UNDEPOSITEDFUNDSACCOUNTID="12"/>
    <PaymentIn ACCOUNTINID="1" AMOUNT="0.00" CREATEDON="2020-05-06 18:54:36.437000000" MODIFIEDON="2020-05-06 18:54:36.437000000" PRIVATENOTES="" RECONCILED="0" STATUS="3" PAYERID="4" SOURCE="O" ADMINISTRATIONCENTREID="200" CREATEDBYUSERID="1" CONFIRMATIONSTATUS="1" PAYMENTMETHODID="6" ID="24" PAYMENTDATE="2020-05-06"/>




    <!-- PAYMENTINLINE -->
    <PaymentInLine ACCOUNTOUTID="2" AMOUNT="1800.00" CREATEDON="2018-11-29 01:01:15.146000000" INVOICEID="1" MODIFIEDON="2018-11-29 01:01:15.491000000" PAYMENTINID="1" ID="1"/>
    <PaymentInLine ACCOUNTOUTID="2" AMOUNT="1800.00" CREATEDON="2018-11-29 01:03:35.716000000" INVOICEID="2" MODIFIEDON="2018-11-29 01:03:36.78000000" PAYMENTINID="2" ID="2"/>
    <PaymentInLine ACCOUNTOUTID="2" AMOUNT="1800.00" CREATEDON="2018-11-30 23:31:19.264000000" INVOICEID="101" MODIFIEDON="2018-11-30 23:31:19.666000000" PAYMENTINID="101" ID="101"/>
    <PaymentInLine ACCOUNTOUTID="2" AMOUNT="350.00" CREATEDON="2019-04-12 22:32:52.351000000" INVOICEID="3" MODIFIEDON="2019-04-12 22:34:11.713000000" PAYMENTINID="3" ID="3"/>
    <PaymentInLine ACCOUNTOUTID="2" AMOUNT="450.00" CREATEDON="2019-04-12 22:33:40.528000000" INVOICEID="4" MODIFIEDON="2019-04-12 22:34:11.749000000" PAYMENTINID="4" ID="4"/>
    <PaymentInLine ACCOUNTOUTID="2" AMOUNT="220.00" CREATEDON="2019-06-18 22:17:33.263000000" INVOICEID="5" MODIFIEDON="2019-06-18 22:17:33.479000000" PAYMENTINID="5" ID="5"/>
    <PaymentInLine ACCOUNTOUTID="2" AMOUNT="220.00" CREATEDON="2019-06-18 22:20:28.767000000" INVOICEID="6" MODIFIEDON="2019-06-18 22:20:28.908000000" PAYMENTINID="6" ID="6"/>
    <PaymentInLine ACCOUNTOUTID="2" AMOUNT="55.00" CREATEDON="2019-07-22 23:04:50.105000000" INVOICEID="16" MODIFIEDON="2019-07-22 23:04:50.291000000" PAYMENTINID="7" ID="7"/>
    <PaymentInLine ACCOUNTOUTID="2" AMOUNT="50.00" CREATEDON="2019-07-22 23:05:21.33000000" INVOICEID="17" MODIFIEDON="2019-07-22 23:05:21.183000000" PAYMENTINID="8" ID="8"/>
    <PaymentInLine ACCOUNTOUTID="2" AMOUNT="110.00" CREATEDON="2019-07-22 23:05:48.923000000" INVOICEID="18" MODIFIEDON="2019-07-22 23:05:49.122000000" PAYMENTINID="9" ID="9"/>

    <PaymentInLine ACCOUNTOUTID="2" AMOUNT="77.00" CREATEDON="2019-07-22 23:04:50.105000000" INVOICEID="20" MODIFIEDON="2019-07-22 23:04:50.291000000" PAYMENTINID="10" ID="10"/>
    <PaymentInLine ACCOUNTOUTID="2" AMOUNT="88.00" CREATEDON="2019-07-23 23:05:21.33000000" INVOICEID="21" MODIFIEDON="2019-07-22 23:05:21.183000000" PAYMENTINID="11" ID="11"/>
    <PaymentInLine ACCOUNTOUTID="2" AMOUNT="99.00" CREATEDON="2019-07-24 23:05:48.923000000" INVOICEID="22" MODIFIEDON="2019-07-22 23:05:49.122000000" PAYMENTINID="12" ID="12"/>

    <PaymentInLine ACCOUNTOUTID="2" AMOUNT="268.00" CREATEDON="2019-08-30 20:43:56.693000000" INVOICEID="23" MODIFIEDON="2019-08-30 20:43:56.856000000" PAYMENTINID="13" ID="13"/>
    <PaymentInLine ACCOUNTOUTID="2" AMOUNT="268.00" CREATEDON="2019-08-30 20:44:50.226000000" INVOICEID="24" MODIFIEDON="2019-08-30 20:44:50.340000000" PAYMENTINID="14" ID="14"/>

    <PaymentInLine ACCOUNTOUTID="2" AMOUNT="220.00" CREATEDON="2019-09-11 01:30:19.879000000" INVOICEID="25" MODIFIEDON="2019-09-11 01:30:20.159000000" PAYMENTINID="15" ID="15"/>
    <PaymentInLine ACCOUNTOUTID="2" AMOUNT="220.00" CREATEDON="2019-09-11 01:30:52.617000000" INVOICEID="26" MODIFIEDON="2019-09-11 01:30:52.791000000" PAYMENTINID="16" ID="16"/>

    <PaymentInLine ACCOUNTOUTID="2" AMOUNT="260.00" CREATEDON="2019-09-20 23:57:10.72000000" INVOICEID="29" MODIFIEDON="2019-09-20 23:57:10.380000000" PAYMENTINID="17" ID="17"/>
    <PaymentInLine ACCOUNTOUTID="2" AMOUNT="300.00" CREATEDON="2019-09-20 23:58:09.226000000" INVOICEID="30" MODIFIEDON="2019-09-20 23:58:09.478000000" PAYMENTINID="18" ID="18"/>
    <PaymentInLine ACCOUNTOUTID="2" AMOUNT="165.00" CREATEDON="2019-09-20 23:58:45.895000000" INVOICEID="31" MODIFIEDON="2019-09-20 23:58:46.8000000" PAYMENTINID="19" ID="19"/>
    <PaymentInLine ACCOUNTOUTID="2" AMOUNT="400.00" CREATEDON="2019-09-20 23:59:38.981000000" INVOICEID="32" MODIFIEDON="2019-09-20 23:59:39.133000000" PAYMENTINID="20" ID="20"/>
    <PaymentInLine ACCOUNTOUTID="2" AMOUNT="231.00" CREATEDON="2019-09-21 00:00:56.240000000" INVOICEID="33" MODIFIEDON="2019-09-21 00:00:56.336000000" PAYMENTINID="21" ID="21"/>

    <PaymentInLine ACCOUNTOUTID="2" AMOUNT="220.00" CREATEDON="2019-09-26 23:43:06.246000000" INVOICEID="34" MODIFIEDON="2019-09-26 23:43:06.472000000" PAYMENTINID="22" ID="22"/>
    <PaymentInLine ACCOUNTOUTID="2" AMOUNT="250.00" CREATEDON="2020-04-30 04:01:05.995000000" INVOICEID="37" MODIFIEDON="2020-04-30 04:01:09.831000000" PAYMENTINID="12" ID="23"/>
    <PaymentInLine ACCOUNTOUTID="2" AMOUNT="0.00" CREATEDON="2020-05-06 18:54:36.450000000" INVOICEID="39" MODIFIEDON="2020-05-06 18:54:36.452000000" PAYMENTINID="24" ID="24"/>



    <!-- PAYMENTOUT -->
    <PaymentOut ACCOUNTOUTID="1" AMOUNT="10.00" CREATEDON="2019-08-19 22:38:08.954000000" MODIFIEDON="2019-08-19 22:38:08.955000000" PRIVATENOTES="" RECONCILED="0" STATUS="3" PAYEEID="20" ADMINISTRATIONCENTREID="200" CREATEDBYUSERID="1" CONFIRMATIONSTATUS="1" PAYMENTMETHODID="1" ID="1000" PAYMENTDATE="2019-09-19" UNDEPOSITEDFUNDSACCOUNTID="12"/>


    <!-- PAYMENTOUTLINE -->
    <PaymentOutLine ACCOUNTINID="2" AMOUNT="10.00" CREATEDON="2019-08-19 22:38:08.960000000" INVOICEID="28" MODIFIEDON="2019-08-19 22:38:08.960000000" PAYMENTOUTID="1000" ID="1000"/>




    <!-- FUNDINGUPLOAD -->
    <FundingUpload ID="1" CREATEDON="2018-12-05 04:41:31.876000000" MODIFIEDON="2018-12-05 04:41:31.876000000" SYSTEMUSERID="1" STATUS="1" OUTCOMECOUNT="3"/>
    <FundingUpload ID="101" CREATEDON="2018-12-05 04:52:44.752000000" MODIFIEDON="2018-12-05 04:52:44.752000000" SYSTEMUSERID="1" STATUS="1" OUTCOMECOUNT="2"/>
    <FundingUpload ID="102" CREATEDON="2018-12-05 04:54:44.590000000" MODIFIEDON="2018-12-05 04:54:44.590000000" SYSTEMUSERID="1" STATUS="1" OUTCOMECOUNT="3"/>
    <FundingUpload ID="103" CREATEDON="2018-12-05 04:55:47.893000000" MODIFIEDON="2018-12-05 04:55:47.893000000" SYSTEMUSERID="1" STATUS="1" OUTCOMECOUNT="9"/>
    <FundingUpload ID="104" CREATEDON="2018-12-05 04:56:52.134000000" MODIFIEDON="2018-12-05 04:56:52.134000000" SYSTEMUSERID="1" STATUS="1" OUTCOMECOUNT="9"/>

    <!-- FUNDINGUPLOAD_OUTCOME -->
    <FundingUpload_Outcome ID="1" CREATEDON="2018-12-05 04:41:31.895000000" MODIFIEDON="2018-12-05 04:41:31.895000000" FUNDINGUPLOADID="1" OUTCOMEID="101" STARTDATE="2017-05-01" ENDDATE="2017-05-10"/>
    <FundingUpload_Outcome ID="2" CREATEDON="2018-12-05 04:41:31.882000000" MODIFIEDON="2018-12-05 04:41:31.882000000" FUNDINGUPLOADID="1" OUTCOMEID="1" STARTDATE="2017-05-01" ENDDATE="2017-05-10"/>
    <FundingUpload_Outcome ID="3" CREATEDON="2018-12-05 04:41:31.885000000" MODIFIEDON="2018-12-05 04:41:31.885000000" FUNDINGUPLOADID="1" OUTCOMEID="4" STARTDATE="2017-05-01" ENDDATE="2017-05-10"/>
    <FundingUpload_Outcome ID="101" CREATEDON="2018-12-05 04:52:44.763000000" MODIFIEDON="2018-12-05 04:52:44.763000000" FUNDINGUPLOADID="101" OUTCOMEID="4" STARTDATE="2017-05-01" ENDDATE="2017-05-10"/>
    <FundingUpload_Outcome ID="102" CREATEDON="2018-12-05 04:52:44.759000000" MODIFIEDON="2018-12-05 04:52:44.759000000" FUNDINGUPLOADID="101" OUTCOMEID="1" STARTDATE="2017-05-01" ENDDATE="2017-05-10"/>
    <FundingUpload_Outcome ID="103" CREATEDON="2018-12-05 04:54:44.595000000" MODIFIEDON="2018-12-05 04:54:44.595000000" FUNDINGUPLOADID="102" OUTCOMEID="4" STARTDATE="2017-05-01" ENDDATE="2017-05-10"/>
    <FundingUpload_Outcome ID="104" CREATEDON="2018-12-05 04:54:44.601000000" MODIFIEDON="2018-12-05 04:54:44.601000000" FUNDINGUPLOADID="102" OUTCOMEID="101" STARTDATE="2017-05-01" ENDDATE="2017-05-10"/>
    <FundingUpload_Outcome ID="105" CREATEDON="2018-12-05 04:54:44.591000000" MODIFIEDON="2018-12-05 04:54:44.591000000" FUNDINGUPLOADID="102" OUTCOMEID="1" STARTDATE="2017-05-01" ENDDATE="2017-05-10"/>
    <FundingUpload_Outcome ID="106" CREATEDON="2018-12-05 04:55:47.955000000" MODIFIEDON="2018-12-05 04:55:47.955000000" FUNDINGUPLOADID="103" OUTCOMEID="101" STARTDATE="2017-05-01" ENDDATE="2017-05-10"/>
    <FundingUpload_Outcome ID="107" CREATEDON="2018-12-05 04:55:47.959000000" MODIFIEDON="2018-12-05 04:55:47.959000000" FUNDINGUPLOADID="103" OUTCOMEID="103" STARTDATE="2030-11-01" ENDDATE="2030-11-10"/>
    <FundingUpload_Outcome ID="108" CREATEDON="2018-12-05 04:55:47.923000000" MODIFIEDON="2018-12-05 04:55:47.923000000" FUNDINGUPLOADID="103" OUTCOMEID="3" STARTDATE="2030-11-01" ENDDATE="2030-11-10"/>
    <FundingUpload_Outcome ID="109" CREATEDON="2018-12-05 04:55:47.908000000" MODIFIEDON="2018-12-05 04:55:47.908000000" FUNDINGUPLOADID="103" OUTCOMEID="2" STARTDATE="2018-12-01" ENDDATE="2027-12-01"/>
    <FundingUpload_Outcome ID="110" CREATEDON="2018-12-05 04:55:47.939000000" MODIFIEDON="2018-12-05 04:55:47.939000000" FUNDINGUPLOADID="103" OUTCOMEID="5" STARTDATE="2018-12-01" ENDDATE="2027-12-01"/>
    <FundingUpload_Outcome ID="111" CREATEDON="2018-12-05 04:55:47.947000000" MODIFIEDON="2018-12-05 04:55:47.947000000" FUNDINGUPLOADID="103" OUTCOMEID="6" STARTDATE="2030-11-01" ENDDATE="2030-11-10"/>
    <FundingUpload_Outcome ID="112" CREATEDON="2018-12-05 04:55:47.897000000" MODIFIEDON="2018-12-05 04:55:47.897000000" FUNDINGUPLOADID="103" OUTCOMEID="1" STARTDATE="2017-05-01" ENDDATE="2017-05-10"/>
    <FundingUpload_Outcome ID="113" CREATEDON="2018-12-05 04:55:47.931000000" MODIFIEDON="2018-12-05 04:55:47.931000000" FUNDINGUPLOADID="103" OUTCOMEID="4" STARTDATE="2017-05-01" ENDDATE="2017-05-10"/>
    <FundingUpload_Outcome ID="114" CREATEDON="2018-12-05 04:55:47.957000000" MODIFIEDON="2018-12-05 04:55:47.957000000" FUNDINGUPLOADID="103" OUTCOMEID="102" STARTDATE="2018-12-01" ENDDATE="2027-12-01"/>
    <FundingUpload_Outcome ID="115" CREATEDON="2018-12-05 04:56:52.155000000" MODIFIEDON="2018-12-05 04:56:52.155000000" FUNDINGUPLOADID="104" OUTCOMEID="101" STARTDATE="2017-05-01" ENDDATE="2017-05-10"/>
    <FundingUpload_Outcome ID="116" CREATEDON="2018-12-05 04:56:52.158000000" MODIFIEDON="2018-12-05 04:56:52.158000000" FUNDINGUPLOADID="104" OUTCOMEID="102" STARTDATE="2018-12-01" ENDDATE="2027-12-01"/>
    <FundingUpload_Outcome ID="117" CREATEDON="2018-12-05 04:56:52.135000000" MODIFIEDON="2018-12-05 04:56:52.135000000" FUNDINGUPLOADID="104" OUTCOMEID="1" STARTDATE="2017-05-01" ENDDATE="2017-05-10"/>
    <FundingUpload_Outcome ID="118" CREATEDON="2018-12-05 04:56:52.152000000" MODIFIEDON="2018-12-05 04:56:52.152000000" FUNDINGUPLOADID="104" OUTCOMEID="5" STARTDATE="2018-12-01" ENDDATE="2027-12-01"/>
    <FundingUpload_Outcome ID="119" CREATEDON="2018-12-05 04:56:52.139000000" MODIFIEDON="2018-12-05 04:56:52.139000000" FUNDINGUPLOADID="104" OUTCOMEID="2" STARTDATE="2018-12-01" ENDDATE="2027-12-01"/>
    <FundingUpload_Outcome ID="120" CREATEDON="2018-12-05 04:56:52.147000000" MODIFIEDON="2018-12-05 04:56:52.147000000" FUNDINGUPLOADID="104" OUTCOMEID="3" STARTDATE="2030-11-01" ENDDATE="2030-11-10"/>
    <FundingUpload_Outcome ID="121" CREATEDON="2018-12-05 04:56:52.151000000" MODIFIEDON="2018-12-05 04:56:52.151000000" FUNDINGUPLOADID="104" OUTCOMEID="4" STARTDATE="2017-05-01" ENDDATE="2017-05-10"/>
    <FundingUpload_Outcome ID="122" CREATEDON="2018-12-05 04:56:52.162000000" MODIFIEDON="2018-12-05 04:56:52.162000000" FUNDINGUPLOADID="104" OUTCOMEID="103" STARTDATE="2030-11-01" ENDDATE="2030-11-10"/>
    <FundingUpload_Outcome ID="123" CREATEDON="2018-12-05 04:56:52.154000000" MODIFIEDON="2018-12-05 04:56:52.154000000" FUNDINGUPLOADID="104" OUTCOMEID="6" STARTDATE="2030-11-01" ENDDATE="2030-11-10"/>


    <!-- ACLACCESSKEY -->
    <ACLAccessKey CREATEDON="2019-01-16 03:28:56.760000000" MODIFIEDON="2019-01-16 03:28:56.760000000" KEYCODE="22" MASK="23" ROLE_ID="204" ID="318"/>
    <ACLAccessKey CREATEDON="2019-01-16 03:28:56.756000000" MODIFIEDON="2019-01-16 03:28:56.756000000" KEYCODE="39" MASK="31" ROLE_ID="204" ID="319"/>
    <ACLAccessKey CREATEDON="2019-01-16 03:28:56.759000000" MODIFIEDON="2019-01-16 03:28:56.759000000" KEYCODE="5" MASK="255" ROLE_ID="204" ID="320"/>
    <ACLAccessKey CREATEDON="2019-01-16 03:28:56.793000000" MODIFIEDON="2019-01-16 03:28:56.793000000" KEYCODE="35" MASK="31" ROLE_ID="204" ID="321"/>
    <ACLAccessKey CREATEDON="2019-01-16 03:28:56.765000000" MODIFIEDON="2019-01-16 03:28:56.765000000" KEYCODE="23" MASK="255" ROLE_ID="204" ID="322"/>
    <ACLAccessKey CREATEDON="2019-01-16 03:28:56.776000000" MODIFIEDON="2019-01-16 03:28:56.776000000" KEYCODE="77" MASK="255" ROLE_ID="204" ID="323"/>
    <ACLAccessKey CREATEDON="2019-01-16 03:28:56.741000000" MODIFIEDON="2019-01-16 03:28:56.741000000" KEYCODE="11" MASK="0" ROLE_ID="204" ID="324"/>
    <ACLAccessKey CREATEDON="2019-01-16 03:28:56.766000000" MODIFIEDON="2019-01-16 03:28:56.766000000" KEYCODE="60" MASK="21" ROLE_ID="204" ID="325"/>
    <ACLAccessKey CREATEDON="2019-01-16 03:28:56.791000000" MODIFIEDON="2019-01-16 03:28:56.791000000" KEYCODE="94" MASK="31" ROLE_ID="204" ID="326"/>
    <ACLAccessKey CREATEDON="2019-01-16 03:28:56.775000000" MODIFIEDON="2019-01-16 03:28:56.775000000" KEYCODE="96" MASK="255" ROLE_ID="204" ID="327"/>
    <ACLAccessKey CREATEDON="2019-01-16 03:28:56.754000000" MODIFIEDON="2019-01-16 03:28:56.754000000" KEYCODE="7" MASK="31" ROLE_ID="204" ID="328"/>
    <ACLAccessKey CREATEDON="2019-01-16 03:28:56.767000000" MODIFIEDON="2019-01-16 03:28:56.767000000" KEYCODE="95" MASK="31" ROLE_ID="204" ID="329"/>
    <ACLAccessKey CREATEDON="2019-01-16 03:28:56.768000000" MODIFIEDON="2019-01-16 03:28:56.768000000" KEYCODE="27" MASK="255" ROLE_ID="204" ID="330"/>
    <ACLAccessKey CREATEDON="2019-01-16 03:28:56.737000000" MODIFIEDON="2019-01-16 03:28:56.737000000" KEYCODE="8" MASK="31" ROLE_ID="204" ID="331"/>
    <ACLAccessKey CREATEDON="2019-01-16 03:28:56.763000000" MODIFIEDON="2019-01-16 03:28:56.763000000" KEYCODE="28" MASK="31" ROLE_ID="204" ID="332"/>
    <ACLAccessKey CREATEDON="2019-01-16 03:28:56.738000000" MODIFIEDON="2019-01-16 03:28:56.738000000" KEYCODE="12" MASK="31" ROLE_ID="204" ID="333"/>
    <ACLAccessKey CREATEDON="2019-01-16 03:28:56.773000000" MODIFIEDON="2019-01-16 03:28:56.773000000" KEYCODE="80" MASK="255" ROLE_ID="204" ID="334"/>
    <ACLAccessKey CREATEDON="2019-01-16 03:28:56.791000000" MODIFIEDON="2019-01-16 03:28:56.791000000" KEYCODE="61" MASK="21" ROLE_ID="204" ID="335"/>
    <ACLAccessKey CREATEDON="2019-01-16 03:28:56.739000000" MODIFIEDON="2019-01-16 03:28:56.739000000" KEYCODE="3" MASK="31" ROLE_ID="204" ID="336"/>
    <ACLAccessKey CREATEDON="2019-01-16 03:28:56.751000000" MODIFIEDON="2019-01-16 03:28:56.751000000" KEYCODE="1" MASK="31" ROLE_ID="204" ID="337"/>
    <ACLAccessKey CREATEDON="2019-01-16 03:28:56.764000000" MODIFIEDON="2019-01-16 03:28:56.764000000" KEYCODE="108" MASK="255" ROLE_ID="204" ID="338"/>
    <ACLAccessKey CREATEDON="2019-01-16 03:28:56.724000000" MODIFIEDON="2019-01-16 03:28:56.724000000" KEYCODE="16" MASK="31" ROLE_ID="204" ID="339"/>
    <ACLAccessKey CREATEDON="2019-01-16 03:28:56.774000000" MODIFIEDON="2019-01-16 03:28:56.774000000" KEYCODE="84" MASK="255" ROLE_ID="204" ID="340"/>
    <ACLAccessKey CREATEDON="2019-01-16 03:28:56.766000000" MODIFIEDON="2019-01-16 03:28:56.766000000" KEYCODE="88" MASK="31" ROLE_ID="204" ID="341"/>
    <ACLAccessKey CREATEDON="2019-01-16 03:28:56.765000000" MODIFIEDON="2019-01-16 03:28:56.765000000" KEYCODE="29" MASK="23" ROLE_ID="204" ID="342"/>
    <ACLAccessKey CREATEDON="2019-01-16 03:28:56.754000000" MODIFIEDON="2019-01-16 03:28:56.754000000" KEYCODE="4" MASK="23" ROLE_ID="204" ID="343"/>
    <ACLAccessKey CREATEDON="2019-01-16 03:28:56.753000000" MODIFIEDON="2019-01-16 03:28:56.753000000" KEYCODE="6" MASK="31" ROLE_ID="204" ID="344"/>
    <ACLAccessKey CREATEDON="2019-01-16 03:28:56.779000000" MODIFIEDON="2019-01-16 03:28:56.779000000" KEYCODE="105" MASK="23" ROLE_ID="204" ID="345"/>
    <ACLAccessKey CREATEDON="2019-01-16 03:28:56.740000000" MODIFIEDON="2019-01-16 03:28:56.740000000" KEYCODE="9" MASK="255" ROLE_ID="204" ID="346"/>
    <ACLAccessKey CREATEDON="2019-01-16 03:28:56.751000000" MODIFIEDON="2019-01-16 03:28:56.751000000" KEYCODE="91" MASK="255" ROLE_ID="204" ID="347"/>
    <ACLAccessKey CREATEDON="2019-01-16 03:28:56.780000000" MODIFIEDON="2019-01-16 03:28:56.780000000" KEYCODE="36" MASK="31" ROLE_ID="204" ID="348"/>
    <ACLAccessKey CREATEDON="2019-01-16 03:28:56.756000000" MODIFIEDON="2019-01-16 03:28:56.756000000" KEYCODE="40" MASK="31" ROLE_ID="204" ID="349"/>
    <ACLAccessKey CREATEDON="2019-01-16 03:28:56.778000000" MODIFIEDON="2019-01-16 03:28:56.778000000" KEYCODE="76" MASK="255" ROLE_ID="204" ID="350"/>
    <ACLAccessKey CREATEDON="2019-01-16 03:28:56.794000000" MODIFIEDON="2019-01-16 03:28:56.794000000" KEYCODE="97" MASK="255" ROLE_ID="204" ID="351"/>
    <ACLAccessKey CREATEDON="2019-01-16 03:28:56.771000000" MODIFIEDON="2019-01-16 03:28:56.771000000" KEYCODE="72" MASK="255" ROLE_ID="204" ID="352"/>
    <ACLAccessKey CREATEDON="2019-01-16 03:28:56.782000000" MODIFIEDON="2019-01-16 03:28:56.782000000" KEYCODE="30" MASK="31" ROLE_ID="204" ID="353"/>
    <ACLAccessKey CREATEDON="2019-01-16 03:28:56.770000000" MODIFIEDON="2019-01-16 03:28:56.770000000" KEYCODE="70" MASK="255" ROLE_ID="204" ID="354"/>
    <ACLAccessKey CREATEDON="2019-01-16 03:28:56.762000000" MODIFIEDON="2019-01-16 03:28:56.762000000" KEYCODE="25" MASK="23" ROLE_ID="204" ID="355"/>
    <ACLAccessKey CREATEDON="2019-01-16 03:28:56.772000000" MODIFIEDON="2019-01-16 03:28:56.772000000" KEYCODE="78" MASK="255" ROLE_ID="204" ID="356"/>
    <ACLAccessKey CREATEDON="2019-01-16 03:28:56.781000000" MODIFIEDON="2019-01-16 03:28:56.781000000" KEYCODE="42" MASK="31" ROLE_ID="204" ID="357"/>
    <ACLAccessKey CREATEDON="2019-01-16 03:28:56.768000000" MODIFIEDON="2019-01-16 03:28:56.768000000" KEYCODE="26" MASK="255" ROLE_ID="204" ID="358"/>
    <ACLAccessKey CREATEDON="2019-01-16 03:28:56.776000000" MODIFIEDON="2019-01-16 03:28:56.776000000" KEYCODE="75" MASK="255" ROLE_ID="204" ID="359"/>
    <ACLAccessKey CREATEDON="2019-01-16 03:28:56.777000000" MODIFIEDON="2019-01-16 03:28:56.777000000" KEYCODE="74" MASK="255" ROLE_ID="204" ID="360"/>
    <ACLAccessKey CREATEDON="2019-01-16 03:28:56.780000000" MODIFIEDON="2019-01-16 03:28:56.780000000" KEYCODE="41" MASK="31" ROLE_ID="204" ID="361"/>
    <ACLAccessKey CREATEDON="2019-01-16 03:28:56.756000000" MODIFIEDON="2019-01-16 03:28:56.756000000" KEYCODE="14" MASK="31" ROLE_ID="204" ID="362"/>
    <ACLAccessKey CREATEDON="2019-01-16 03:28:56.769000000" MODIFIEDON="2019-01-16 03:28:56.769000000" KEYCODE="101" MASK="255" ROLE_ID="204" ID="363"/>
    <ACLAccessKey CREATEDON="2019-01-16 03:28:56.781000000" MODIFIEDON="2019-01-16 03:28:56.781000000" KEYCODE="43" MASK="31" ROLE_ID="204" ID="364"/>
    <ACLAccessKey CREATEDON="2012-06-20 10:27:50.0" MODIFIEDON="2012-06-20 10:27:50.0" KEYCODE="28" MASK="1" ROLE_ID="202" ID="200"/>
    <ACLAccessKey CREATEDON="2012-06-20 10:27:50.0" MODIFIEDON="2012-06-20 10:27:50.0" KEYCODE="61" MASK="5" ROLE_ID="202" ID="201"/>
    <ACLAccessKey CREATEDON="2012-06-20 10:27:50.0" MODIFIEDON="2012-06-20 10:27:50.0" KEYCODE="25" MASK="17" ROLE_ID="202" ID="202"/>
    <ACLAccessKey CREATEDON="2012-06-20 10:27:50.0" MODIFIEDON="2012-06-20 10:27:50.0" KEYCODE="73" MASK="1" ROLE_ID="200" ID="203"/>
    <ACLAccessKey CREATEDON="2012-06-20 10:27:50.0" MODIFIEDON="2012-06-20 10:27:50.0" KEYCODE="76" MASK="1" ROLE_ID="202" ID="204"/>
    <ACLAccessKey CREATEDON="2012-06-20 10:27:50.0" MODIFIEDON="2012-06-20 10:27:50.0" KEYCODE="27" MASK="1" ROLE_ID="200" ID="205"/>
    <ACLAccessKey CREATEDON="2012-06-20 10:27:50.0" MODIFIEDON="2012-06-20 10:27:50.0" KEYCODE="10" MASK="245" ROLE_ID="203" ID="206"/>
    <ACLAccessKey CREATEDON="2012-06-20 10:27:50.0" MODIFIEDON="2012-06-20 10:27:50.0" KEYCODE="3" MASK="255" ROLE_ID="202" ID="207"/>
    <ACLAccessKey CREATEDON="2012-06-20 10:27:50.0" MODIFIEDON="2012-06-20 10:27:50.0" KEYCODE="61" MASK="5" ROLE_ID="203" ID="208"/>
    <ACLAccessKey CREATEDON="2012-06-20 10:27:50.0" MODIFIEDON="2012-06-20 10:27:50.0" KEYCODE="78" MASK="1" ROLE_ID="202" ID="209"/>
    <ACLAccessKey CREATEDON="2012-06-20 10:27:50.0" MODIFIEDON="2012-06-20 10:27:50.0" KEYCODE="27" MASK="1" ROLE_ID="203" ID="210"/>
    <ACLAccessKey CREATEDON="2012-06-20 10:27:50.0" MODIFIEDON="2012-06-20 10:27:50.0" KEYCODE="13" MASK="253" ROLE_ID="203" ID="211"/>
    <ACLAccessKey CREATEDON="2012-06-20 10:27:50.0" MODIFIEDON="2012-06-20 10:27:50.0" KEYCODE="60" MASK="1" ROLE_ID="200" ID="212"/>
    <ACLAccessKey CREATEDON="2012-06-20 10:27:50.0" MODIFIEDON="2012-06-20 10:27:50.0" KEYCODE="76" MASK="1" ROLE_ID="200" ID="213"/>
    <ACLAccessKey CREATEDON="2012-06-20 10:27:50.0" MODIFIEDON="2012-06-20 10:27:50.0" KEYCODE="75" MASK="1" ROLE_ID="200" ID="214"/>
    <ACLAccessKey CREATEDON="2012-06-20 10:27:50.0" MODIFIEDON="2012-06-20 10:27:50.0" KEYCODE="16" MASK="255" ROLE_ID="200" ID="215"/>
    <ACLAccessKey CREATEDON="2012-06-20 10:27:50.0" MODIFIEDON="2012-06-20 10:27:50.0" KEYCODE="7" MASK="17" ROLE_ID="201" ID="216"/>
    <ACLAccessKey CREATEDON="2012-06-20 10:27:50.0" MODIFIEDON="2012-06-20 10:27:50.0" KEYCODE="6" MASK="17" ROLE_ID="201" ID="217"/>
    <ACLAccessKey CREATEDON="2012-06-20 10:27:50.0" MODIFIEDON="2012-06-20 10:27:50.0" KEYCODE="32" MASK="247" ROLE_ID="200" ID="218"/>
    <ACLAccessKey CREATEDON="2012-06-20 10:27:50.0" MODIFIEDON="2012-06-20 10:27:50.0" KEYCODE="22" MASK="261" ROLE_ID="202" ID="219"/>
    <ACLAccessKey CREATEDON="2012-06-20 10:27:50.0" MODIFIEDON="2012-06-20 10:27:50.0" KEYCODE="21" MASK="17" ROLE_ID="202" ID="220"/>
    <ACLAccessKey CREATEDON="2012-06-20 10:27:50.0" MODIFIEDON="2012-06-20 10:27:50.0" KEYCODE="20" MASK="1" ROLE_ID="203" ID="221"/>
    <ACLAccessKey CREATEDON="2012-06-20 10:27:50.0" MODIFIEDON="2012-06-20 10:27:50.0" KEYCODE="9" MASK="4" ROLE_ID="202" ID="222"/>
    <ACLAccessKey CREATEDON="2012-06-20 10:27:50.0" MODIFIEDON="2012-06-20 10:27:50.0" KEYCODE="71" MASK="1" ROLE_ID="203" ID="223"/>
    <ACLAccessKey CREATEDON="2012-06-20 10:27:50.0" MODIFIEDON="2012-06-20 10:27:50.0" KEYCODE="12" MASK="1" ROLE_ID="203" ID="224"/>
    <ACLAccessKey CREATEDON="2012-06-20 10:27:50.0" MODIFIEDON="2012-06-20 10:27:50.0" KEYCODE="26" MASK="1" ROLE_ID="203" ID="225"/>
    <ACLAccessKey CREATEDON="2012-06-20 10:27:50.0" MODIFIEDON="2012-06-20 10:27:50.0" KEYCODE="31" MASK="247" ROLE_ID="200" ID="226"/>
    <ACLAccessKey CREATEDON="2012-06-20 10:27:50.0" MODIFIEDON="2012-06-20 10:27:50.0" KEYCODE="20" MASK="255" ROLE_ID="200" ID="227"/>
    <ACLAccessKey CREATEDON="2012-06-20 10:27:50.0" MODIFIEDON="2012-06-20 10:27:50.0" KEYCODE="23" MASK="1" ROLE_ID="203" ID="228"/>
    <ACLAccessKey CREATEDON="2012-06-20 10:27:50.0" MODIFIEDON="2012-06-20 10:27:50.0" KEYCODE="11" MASK="4" ROLE_ID="202" ID="229"/>
    <ACLAccessKey CREATEDON="2012-06-20 10:27:50.0" MODIFIEDON="2012-06-20 10:27:50.0" KEYCODE="74" MASK="1" ROLE_ID="200" ID="230"/>
    <ACLAccessKey CREATEDON="2012-06-20 10:27:50.0" MODIFIEDON="2012-06-20 10:27:50.0" KEYCODE="7" MASK="16" ROLE_ID="203" ID="231"/>
    <ACLAccessKey CREATEDON="2012-06-20 10:27:50.0" MODIFIEDON="2012-06-20 10:27:50.0" KEYCODE="77" MASK="1" ROLE_ID="202" ID="232"/>
    <ACLAccessKey CREATEDON="2012-06-20 10:27:50.0" MODIFIEDON="2012-06-20 10:27:50.0" KEYCODE="3" MASK="247" ROLE_ID="201" ID="233"/>
    <ACLAccessKey CREATEDON="2012-06-20 10:27:50.0" MODIFIEDON="2012-06-20 10:27:50.0" KEYCODE="6" MASK="255" ROLE_ID="202" ID="234"/>
    <ACLAccessKey CREATEDON="2012-06-20 10:27:50.0" MODIFIEDON="2012-06-20 10:27:50.0" KEYCODE="11" MASK="4" ROLE_ID="200" ID="235"/>
    <ACLAccessKey CREATEDON="2012-06-20 10:27:50.0" MODIFIEDON="2012-06-20 10:27:50.0" KEYCODE="70" MASK="1" ROLE_ID="200" ID="236"/>
    <ACLAccessKey CREATEDON="2012-06-20 10:27:50.0" MODIFIEDON="2012-06-20 10:27:50.0" KEYCODE="4" MASK="247" ROLE_ID="201" ID="237"/>
    <ACLAccessKey CREATEDON="2012-06-20 10:27:50.0" MODIFIEDON="2012-06-20 10:27:50.0" KEYCODE="31" MASK="255" ROLE_ID="202" ID="238"/>
    <ACLAccessKey CREATEDON="2012-06-20 10:27:50.0" MODIFIEDON="2012-06-20 10:27:50.0" KEYCODE="25" MASK="255" ROLE_ID="200" ID="239"/>
    <ACLAccessKey CREATEDON="2012-06-20 10:27:50.0" MODIFIEDON="2012-06-20 10:27:50.0" KEYCODE="33" MASK="247" ROLE_ID="200" ID="240"/>
    <ACLAccessKey CREATEDON="2012-06-20 10:27:50.0" MODIFIEDON="2012-06-20 10:27:50.0" KEYCODE="8" MASK="255" ROLE_ID="202" ID="241"/>
    <ACLAccessKey CREATEDON="2012-06-20 10:27:50.0" MODIFIEDON="2012-06-20 10:27:50.0" KEYCODE="7" MASK="247" ROLE_ID="200" ID="242"/>
    <ACLAccessKey CREATEDON="2012-06-20 10:27:50.0" MODIFIEDON="2012-06-20 10:27:50.0" KEYCODE="78" MASK="1" ROLE_ID="200" ID="243"/>
    <ACLAccessKey CREATEDON="2012-06-20 10:27:50.0" MODIFIEDON="2012-06-20 10:27:50.0" KEYCODE="16" MASK="247" ROLE_ID="202" ID="244"/>
    <ACLAccessKey CREATEDON="2012-06-20 10:27:50.0" MODIFIEDON="2012-06-20 10:27:50.0" KEYCODE="71" MASK="1" ROLE_ID="200" ID="245"/>
    <ACLAccessKey CREATEDON="2012-06-20 10:27:50.0" MODIFIEDON="2012-06-20 10:27:50.0" KEYCODE="80" MASK="1" ROLE_ID="202" ID="246"/>
    <ACLAccessKey CREATEDON="2012-06-20 10:27:50.0" MODIFIEDON="2012-06-20 10:27:50.0" KEYCODE="30" MASK="247" ROLE_ID="203" ID="247"/>
    <ACLAccessKey CREATEDON="2012-06-20 10:27:50.0" MODIFIEDON="2012-06-20 10:27:50.0" KEYCODE="13" MASK="255" ROLE_ID="200" ID="248"/>
    <ACLAccessKey CREATEDON="2012-06-20 10:27:50.0" MODIFIEDON="2012-06-20 10:27:50.0" KEYCODE="14" MASK="17" ROLE_ID="203" ID="249"/>
    <ACLAccessKey CREATEDON="2012-06-20 10:27:50.0" MODIFIEDON="2012-06-20 10:27:50.0" KEYCODE="75" MASK="1" ROLE_ID="203" ID="250"/>
    <ACLAccessKey CREATEDON="2012-06-20 10:27:50.0" MODIFIEDON="2012-06-20 10:27:50.0" KEYCODE="3" MASK="17" ROLE_ID="203" ID="251"/>
    <ACLAccessKey CREATEDON="2012-06-20 10:27:50.0" MODIFIEDON="2012-06-20 10:27:50.0" KEYCODE="28" MASK="1" ROLE_ID="200" ID="252"/>
    <ACLAccessKey CREATEDON="2012-06-20 10:27:50.0" MODIFIEDON="2012-06-20 10:27:50.0" KEYCODE="74" MASK="1" ROLE_ID="201" ID="253"/>
    <ACLAccessKey CREATEDON="2012-06-20 10:27:50.0" MODIFIEDON="2012-06-20 10:27:50.0" KEYCODE="10" MASK="247" ROLE_ID="200" ID="254"/>
    <ACLAccessKey CREATEDON="2012-06-20 10:27:50.0" MODIFIEDON="2012-06-20 10:27:50.0" KEYCODE="30" MASK="247" ROLE_ID="200" ID="255"/>
    <ACLAccessKey CREATEDON="2012-06-20 10:27:50.0" MODIFIEDON="2012-06-20 10:27:50.0" KEYCODE="24" MASK="17" ROLE_ID="202" ID="256"/>
    <ACLAccessKey CREATEDON="2012-06-20 10:27:50.0" MODIFIEDON="2012-06-20 10:27:50.0" KEYCODE="3" MASK="17" ROLE_ID="200" ID="257"/>
    <ACLAccessKey CREATEDON="2012-06-20 10:27:50.0" MODIFIEDON="2012-06-20 10:27:50.0" KEYCODE="33" MASK="255" ROLE_ID="202" ID="258"/>
    <ACLAccessKey CREATEDON="2012-06-20 10:27:50.0" MODIFIEDON="2012-06-20 10:27:50.0" KEYCODE="2" MASK="247" ROLE_ID="200" ID="259"/>
    <ACLAccessKey CREATEDON="2012-06-20 10:27:50.0" MODIFIEDON="2012-06-20 10:27:50.0" KEYCODE="8" MASK="243" ROLE_ID="200" ID="260"/>
    <ACLAccessKey CREATEDON="2012-06-20 10:27:50.0" MODIFIEDON="2012-06-20 10:27:50.0" KEYCODE="75" MASK="1" ROLE_ID="201" ID="261"/>
    <ACLAccessKey CREATEDON="2012-06-20 10:27:50.0" MODIFIEDON="2012-06-20 10:27:50.0" KEYCODE="30" MASK="247" ROLE_ID="202" ID="262"/>
    <ACLAccessKey CREATEDON="2012-06-20 10:27:50.0" MODIFIEDON="2012-06-20 10:27:50.0" KEYCODE="21" MASK="255" ROLE_ID="203" ID="263"/>
    <ACLAccessKey CREATEDON="2012-06-20 10:27:50.0" MODIFIEDON="2012-06-20 10:27:50.0" KEYCODE="10" MASK="17" ROLE_ID="201" ID="264"/>
    <ACLAccessKey CREATEDON="2012-06-20 10:27:50.0" MODIFIEDON="2012-06-20 10:27:50.0" KEYCODE="71" MASK="1" ROLE_ID="202" ID="265"/>
    <ACLAccessKey CREATEDON="2012-06-20 10:27:50.0" MODIFIEDON="2012-06-20 10:27:50.0" KEYCODE="74" MASK="1" ROLE_ID="203" ID="266"/>
    <ACLAccessKey CREATEDON="2012-06-20 10:27:50.0" MODIFIEDON="2012-06-20 10:27:50.0" KEYCODE="72" MASK="1" ROLE_ID="200" ID="267"/>
    <ACLAccessKey CREATEDON="2012-06-20 10:27:50.0" MODIFIEDON="2012-06-20 10:27:50.0" KEYCODE="8" MASK="16" ROLE_ID="203" ID="268"/>
    <ACLAccessKey CREATEDON="2012-06-20 10:27:50.0" MODIFIEDON="2012-06-20 10:27:50.0" KEYCODE="61" MASK="5" ROLE_ID="200" ID="269"/>
    <ACLAccessKey CREATEDON="2012-06-20 10:27:50.0" MODIFIEDON="2012-06-20 10:27:50.0" KEYCODE="28" MASK="255" ROLE_ID="203" ID="270"/>
    <ACLAccessKey CREATEDON="2012-06-20 10:27:50.0" MODIFIEDON="2012-06-20 10:27:50.0" KEYCODE="70" MASK="1" ROLE_ID="202" ID="271"/>
    <ACLAccessKey CREATEDON="2012-06-20 10:27:50.0" MODIFIEDON="2012-06-20 10:27:50.0" KEYCODE="6" MASK="247" ROLE_ID="200" ID="272"/>
    <ACLAccessKey CREATEDON="2012-06-20 10:27:50.0" MODIFIEDON="2012-06-20 10:27:50.0" KEYCODE="22" MASK="255" ROLE_ID="203" ID="273"/>
    <ACLAccessKey CREATEDON="2012-06-20 10:27:50.0" MODIFIEDON="2012-06-20 10:27:50.0" KEYCODE="26" MASK="1" ROLE_ID="200" ID="274"/>
    <ACLAccessKey CREATEDON="2012-06-20 10:27:50.0" MODIFIEDON="2012-06-20 10:27:50.0" KEYCODE="82" MASK="1" ROLE_ID="202" ID="275"/>
    <ACLAccessKey CREATEDON="2012-06-20 10:27:50.0" MODIFIEDON="2012-06-20 10:27:50.0" KEYCODE="21" MASK="17" ROLE_ID="201" ID="276"/>
    <ACLAccessKey CREATEDON="2012-06-20 10:27:50.0" MODIFIEDON="2012-06-20 10:27:50.0" KEYCODE="75" MASK="1" ROLE_ID="202" ID="277"/>
    <ACLAccessKey CREATEDON="2012-06-20 10:27:50.0" MODIFIEDON="2012-06-20 10:27:50.0" KEYCODE="79" MASK="1" ROLE_ID="203" ID="278"/>
    <ACLAccessKey CREATEDON="2012-06-20 10:27:50.0" MODIFIEDON="2012-06-20 10:27:50.0" KEYCODE="16" MASK="247" ROLE_ID="203" ID="279"/>
    <ACLAccessKey CREATEDON="2012-06-20 10:27:50.0" MODIFIEDON="2012-06-20 10:27:50.0" KEYCODE="22" MASK="247" ROLE_ID="200" ID="280"/>
    <ACLAccessKey CREATEDON="2012-06-20 10:27:50.0" MODIFIEDON="2012-06-20 10:27:50.0" KEYCODE="6" MASK="16" ROLE_ID="203" ID="281"/>
    <ACLAccessKey CREATEDON="2012-06-20 10:27:50.0" MODIFIEDON="2012-06-20 10:27:50.0" KEYCODE="29" MASK="1" ROLE_ID="200" ID="282"/>
    <ACLAccessKey CREATEDON="2012-06-20 10:27:50.0" MODIFIEDON="2012-06-20 10:27:50.0" KEYCODE="79" MASK="1" ROLE_ID="202" ID="283"/>
    <ACLAccessKey CREATEDON="2012-06-20 10:27:50.0" MODIFIEDON="2012-06-20 10:27:50.0" KEYCODE="2" MASK="1" ROLE_ID="201" ID="284"/>
    <ACLAccessKey CREATEDON="2012-06-20 10:27:50.0" MODIFIEDON="2012-06-20 10:27:50.0" KEYCODE="25" MASK="17" ROLE_ID="201" ID="285"/>
    <ACLAccessKey CREATEDON="2012-06-20 10:27:50.0" MODIFIEDON="2012-06-20 10:27:50.0" KEYCODE="4" MASK="247" ROLE_ID="200" ID="286"/>
    <ACLAccessKey CREATEDON="2012-06-20 10:27:50.0" MODIFIEDON="2012-06-20 10:27:50.0" KEYCODE="24" MASK="255" ROLE_ID="203" ID="287"/>
    <ACLAccessKey CREATEDON="2012-06-20 10:27:50.0" MODIFIEDON="2012-06-20 10:27:50.0" KEYCODE="14" MASK="255" ROLE_ID="202" ID="288"/>
    <ACLAccessKey CREATEDON="2012-06-20 10:27:50.0" MODIFIEDON="2012-06-20 10:27:50.0" KEYCODE="8" MASK="17" ROLE_ID="201" ID="289"/>
    <ACLAccessKey CREATEDON="2012-06-20 10:27:50.0" MODIFIEDON="2012-06-20 10:27:50.0" KEYCODE="73" MASK="1" ROLE_ID="202" ID="290"/>
    <ACLAccessKey CREATEDON="2012-06-20 10:27:50.0" MODIFIEDON="2012-06-20 10:27:50.0" KEYCODE="74" MASK="1" ROLE_ID="202" ID="291"/>
    <ACLAccessKey CREATEDON="2012-06-20 10:27:50.0" MODIFIEDON="2012-06-20 10:27:50.0" KEYCODE="14" MASK="247" ROLE_ID="200" ID="292"/>
    <ACLAccessKey CREATEDON="2012-06-20 10:27:50.0" MODIFIEDON="2012-06-20 10:27:50.0" KEYCODE="10" MASK="255" ROLE_ID="202" ID="293"/>
    <ACLAccessKey CREATEDON="2012-06-20 10:27:50.0" MODIFIEDON="2012-06-20 10:27:50.0" KEYCODE="32" MASK="255" ROLE_ID="202" ID="294"/>
    <ACLAccessKey CREATEDON="2012-06-20 10:27:50.0" MODIFIEDON="2012-06-20 10:27:50.0" KEYCODE="4" MASK="255" ROLE_ID="202" ID="295"/>
    <ACLAccessKey CREATEDON="2012-06-20 10:27:50.0" MODIFIEDON="2012-06-20 10:27:50.0" KEYCODE="21" MASK="255" ROLE_ID="200" ID="296"/>
    <ACLAccessKey CREATEDON="2012-06-20 10:27:50.0" MODIFIEDON="2012-06-20 10:27:50.0" KEYCODE="24" MASK="17" ROLE_ID="201" ID="297"/>
    <ACLAccessKey CREATEDON="2012-06-20 10:27:50.0" MODIFIEDON="2012-06-20 10:27:50.0" KEYCODE="13" MASK="255" ROLE_ID="202" ID="298"/>
    <ACLAccessKey CREATEDON="2012-06-20 10:27:50.0" MODIFIEDON="2012-06-20 10:27:50.0" KEYCODE="14" MASK="17" ROLE_ID="201" ID="299"/>
    <ACLAccessKey CREATEDON="2012-06-20 10:27:50.0" MODIFIEDON="2012-06-20 10:27:50.0" KEYCODE="20" MASK="1" ROLE_ID="202" ID="300"/>
    <ACLAccessKey CREATEDON="2012-06-20 10:27:50.0" MODIFIEDON="2012-06-20 10:27:50.0" KEYCODE="29" MASK="1" ROLE_ID="202" ID="301"/>
    <ACLAccessKey CREATEDON="2012-06-20 10:27:50.0" MODIFIEDON="2012-06-20 10:27:50.0" KEYCODE="4" MASK="17" ROLE_ID="203" ID="302"/>
    <ACLAccessKey CREATEDON="2012-06-20 10:27:50.0" MODIFIEDON="2012-06-20 10:27:50.0" KEYCODE="12" MASK="1" ROLE_ID="200" ID="303"/>
    <ACLAccessKey CREATEDON="2012-06-20 10:27:50.0" MODIFIEDON="2012-06-20 10:27:50.0" KEYCODE="25" MASK="255" ROLE_ID="203" ID="304"/>
    <ACLAccessKey CREATEDON="2012-06-20 10:27:50.0" MODIFIEDON="2012-06-20 10:27:50.0" KEYCODE="60" MASK="1" ROLE_ID="203" ID="305"/>
    <ACLAccessKey CREATEDON="2012-06-20 10:27:50.0" MODIFIEDON="2012-06-20 10:27:50.0" KEYCODE="72" MASK="1" ROLE_ID="202" ID="306"/>
    <ACLAccessKey CREATEDON="2012-06-20 10:27:50.0" MODIFIEDON="2012-06-20 10:27:50.0" KEYCODE="24" MASK="255" ROLE_ID="200" ID="307"/>
    <ACLAccessKey CREATEDON="2012-06-20 10:27:50.0" MODIFIEDON="2012-06-20 10:27:50.0" KEYCODE="22" MASK="17" ROLE_ID="201" ID="308"/>
    <ACLAccessKey CREATEDON="2012-06-20 10:27:50.0" MODIFIEDON="2012-06-20 10:27:50.0" KEYCODE="29" MASK="255" ROLE_ID="203" ID="309"/>
    <ACLAccessKey CREATEDON="2012-06-20 10:27:50.0" MODIFIEDON="2012-06-20 10:27:50.0" KEYCODE="16" MASK="247" ROLE_ID="201" ID="310"/>
    <ACLAccessKey CREATEDON="2012-06-20 10:27:50.0" MODIFIEDON="2012-06-20 10:27:50.0" KEYCODE="77" MASK="1" ROLE_ID="200" ID="311"/>
    <ACLAccessKey CREATEDON="2012-06-20 10:27:50.0" MODIFIEDON="2012-06-20 10:27:50.0" KEYCODE="60" MASK="1" ROLE_ID="202" ID="312"/>
    <ACLAccessKey CREATEDON="2012-06-20 10:27:50.0" MODIFIEDON="2012-06-20 10:27:50.0" KEYCODE="1" MASK="4" ROLE_ID="202" ID="313"/>
    <ACLAccessKey CREATEDON="2012-06-20 10:27:50.0" MODIFIEDON="2012-06-20 10:27:50.0" KEYCODE="7" MASK="255" ROLE_ID="202" ID="314"/>
    <ACLAccessKey CREATEDON="2012-06-20 10:27:50.0" MODIFIEDON="2012-06-20 10:27:50.0" KEYCODE="79" MASK="1" ROLE_ID="200" ID="315"/>
    <ACLAccessKey CREATEDON="2012-06-20 10:27:50.0" MODIFIEDON="2012-06-20 10:27:50.0" KEYCODE="81" MASK="1" ROLE_ID="202" ID="316"/>
    <ACLAccessKey CREATEDON="2012-06-20 10:27:50.0" MODIFIEDON="2012-06-20 10:27:50.0" KEYCODE="2" MASK="247" ROLE_ID="202" ID="317"/>
    <ACLAccessKey CREATEDON="2019-01-16 03:28:56.759000000" MODIFIEDON="2019-01-16 03:28:56.759000000" KEYCODE="38" MASK="31" ROLE_ID="204" ID="365"/>
    <ACLAccessKey CREATEDON="2019-01-16 03:28:56.791000000" MODIFIEDON="2019-01-16 03:28:56.791000000" KEYCODE="102" MASK="17" ROLE_ID="204" ID="366"/>
    <ACLAccessKey CREATEDON="2019-01-16 03:28:56.790000000" MODIFIEDON="2019-01-16 03:28:56.790000000" KEYCODE="103" MASK="31" ROLE_ID="204" ID="367"/>
    <ACLAccessKey CREATEDON="2019-01-16 03:28:56.771000000" MODIFIEDON="2019-01-16 03:28:56.771000000" KEYCODE="71" MASK="255" ROLE_ID="204" ID="368"/>
    <ACLAccessKey CREATEDON="2019-01-16 03:28:56.780000000" MODIFIEDON="2019-01-16 03:28:56.780000000" KEYCODE="32" MASK="31" ROLE_ID="204" ID="369"/>
    <ACLAccessKey CREATEDON="2019-01-16 03:28:56.772000000" MODIFIEDON="2019-01-16 03:28:56.772000000" KEYCODE="73" MASK="255" ROLE_ID="204" ID="370"/>
    <ACLAccessKey CREATEDON="2019-01-16 03:28:56.790000000" MODIFIEDON="2019-01-16 03:28:56.790000000" KEYCODE="104" MASK="31" ROLE_ID="204" ID="371"/>
    <ACLAccessKey CREATEDON="2019-01-16 03:28:56.774000000" MODIFIEDON="2019-01-16 03:28:56.774000000" KEYCODE="81" MASK="255" ROLE_ID="204" ID="372"/>
    <ACLAccessKey CREATEDON="2019-01-16 03:28:56.738000000" MODIFIEDON="2019-01-16 03:28:56.738000000" KEYCODE="10" MASK="31" ROLE_ID="204" ID="373"/>
    <ACLAccessKey CREATEDON="2019-01-16 03:28:56.773000000" MODIFIEDON="2019-01-16 03:28:56.773000000" KEYCODE="79" MASK="255" ROLE_ID="204" ID="374"/>
    <ACLAccessKey CREATEDON="2019-01-16 03:28:56.786000000" MODIFIEDON="2019-01-16 03:28:56.786000000" KEYCODE="85" MASK="31" ROLE_ID="204" ID="375"/>
    <ACLAccessKey CREATEDON="2019-01-16 03:28:56.789000000" MODIFIEDON="2019-01-16 03:28:56.789000000" KEYCODE="93" MASK="31" ROLE_ID="204" ID="376"/>
    <ACLAccessKey CREATEDON="2019-01-16 03:28:56.761000000" MODIFIEDON="2019-01-16 03:28:56.761000000" KEYCODE="24" MASK="23" ROLE_ID="204" ID="377"/>
    <ACLAccessKey CREATEDON="2019-01-16 03:28:56.763000000" MODIFIEDON="2019-01-16 03:28:56.763000000" KEYCODE="107" MASK="255" ROLE_ID="204" ID="378"/>
    <ACLAccessKey CREATEDON="2019-01-16 03:28:56.782000000" MODIFIEDON="2019-01-16 03:28:56.784000000" KEYCODE="87" MASK="31" ROLE_ID="204" ID="379"/>
    <ACLAccessKey CREATEDON="2019-01-16 03:28:56.762000000" MODIFIEDON="2019-01-16 03:28:56.762000000" KEYCODE="98" MASK="31" ROLE_ID="204" ID="380"/>
    <ACLAccessKey CREATEDON="2019-01-16 03:28:56.739000000" MODIFIEDON="2019-01-16 03:28:56.739000000" KEYCODE="34" MASK="31" ROLE_ID="204" ID="381"/>
    <ACLAccessKey CREATEDON="2019-01-16 03:28:56.751000000" MODIFIEDON="2019-01-16 03:28:56.751000000" KEYCODE="2" MASK="31" ROLE_ID="204" ID="382"/>
    <ACLAccessKey CREATEDON="2019-01-16 03:28:56.738000000" MODIFIEDON="2019-01-16 03:28:56.738000000" KEYCODE="13" MASK="31" ROLE_ID="204" ID="383"/>
    <ACLAccessKey CREATEDON="2019-01-16 03:28:56.779000000" MODIFIEDON="2019-01-16 03:28:56.779000000" KEYCODE="31" MASK="31" ROLE_ID="204" ID="384"/>
    <ACLAccessKey CREATEDON="2019-01-16 03:28:56.752000000" MODIFIEDON="2019-01-16 03:28:56.752000000" KEYCODE="92" MASK="255" ROLE_ID="204" ID="385"/>
    <ACLAccessKey CREATEDON="2019-01-16 03:28:56.794000000" MODIFIEDON="2019-01-16 03:28:56.794000000" KEYCODE="83" MASK="255" ROLE_ID="204" ID="386"/>
    <ACLAccessKey CREATEDON="2019-01-16 03:29:59.419000000" MODIFIEDON="2019-01-16 03:29:59.419000000" KEYCODE="93" MASK="23" ROLE_ID="205" ID="387"/>
    <ACLAccessKey CREATEDON="2019-01-16 03:29:59.415000000" MODIFIEDON="2019-01-16 03:29:59.415000000" KEYCODE="30" MASK="23" ROLE_ID="205" ID="388"/>
    <ACLAccessKey CREATEDON="2019-01-16 03:29:59.404000000" MODIFIEDON="2019-01-16 03:29:59.404000000" KEYCODE="8" MASK="23" ROLE_ID="205" ID="389"/>
    <ACLAccessKey CREATEDON="2019-01-16 03:29:59.410000000" MODIFIEDON="2019-01-16 03:29:59.410000000" KEYCODE="38" MASK="23" ROLE_ID="205" ID="390"/>
    <ACLAccessKey CREATEDON="2019-01-16 03:29:59.414000000" MODIFIEDON="2019-01-16 03:29:59.414000000" KEYCODE="42" MASK="23" ROLE_ID="205" ID="391"/>
    <ACLAccessKey CREATEDON="2019-01-16 03:29:59.410000000" MODIFIEDON="2019-01-16 03:29:59.410000000" KEYCODE="39" MASK="23" ROLE_ID="205" ID="392"/>
    <ACLAccessKey CREATEDON="2019-01-16 03:29:59.414000000" MODIFIEDON="2019-01-16 03:29:59.414000000" KEYCODE="41" MASK="23" ROLE_ID="205" ID="393"/>
    <ACLAccessKey CREATEDON="2019-01-16 03:29:59.422000000" MODIFIEDON="2019-01-16 03:29:59.422000000" KEYCODE="94" MASK="23" ROLE_ID="205" ID="394"/>
    <ACLAccessKey CREATEDON="2019-01-16 03:29:59.420000000" MODIFIEDON="2019-01-16 03:29:59.420000000" KEYCODE="104" MASK="23" ROLE_ID="205" ID="395"/>
    <ACLAccessKey CREATEDON="2019-01-16 03:29:59.409000000" MODIFIEDON="2019-01-16 03:29:59.409000000" KEYCODE="40" MASK="23" ROLE_ID="205" ID="396"/>
    <ACLAccessKey CREATEDON="2019-01-16 03:29:59.413000000" MODIFIEDON="2019-01-16 03:29:59.413000000" KEYCODE="32" MASK="23" ROLE_ID="205" ID="397"/>
    <ACLAccessKey CREATEDON="2019-01-16 03:29:59.414000000" MODIFIEDON="2019-01-16 03:29:59.414000000" KEYCODE="43" MASK="23" ROLE_ID="205" ID="398"/>
    <ACLAccessKey CREATEDON="2019-01-16 03:29:59.410000000" MODIFIEDON="2019-01-16 03:29:59.410000000" KEYCODE="22" MASK="23" ROLE_ID="205" ID="399"/>
    <ACLAccessKey CREATEDON="2019-01-16 03:29:59.423000000" MODIFIEDON="2019-01-16 03:29:59.423000000" KEYCODE="61" MASK="21" ROLE_ID="205" ID="400"/>
    <ACLAccessKey CREATEDON="2019-01-16 03:29:59.404000000" MODIFIEDON="2019-01-16 03:29:59.404000000" KEYCODE="12" MASK="23" ROLE_ID="205" ID="401"/>
    <ACLAccessKey CREATEDON="2019-01-16 03:29:59.405000000" MODIFIEDON="2019-01-16 03:29:59.405000000" KEYCODE="3" MASK="23" ROLE_ID="205" ID="402"/>
    <ACLAccessKey CREATEDON="2019-01-16 03:29:59.420000000" MODIFIEDON="2019-01-16 03:29:59.420000000" KEYCODE="102" MASK="17" ROLE_ID="205" ID="403"/>
    <ACLAccessKey CREATEDON="2019-01-16 03:29:59.409000000" MODIFIEDON="2019-01-16 03:29:59.409000000" KEYCODE="14" MASK="23" ROLE_ID="205" ID="404"/>
    <ACLAccessKey CREATEDON="2019-01-16 03:29:59.403000000" MODIFIEDON="2019-01-16 03:29:59.403000000" KEYCODE="16" MASK="23" ROLE_ID="205" ID="405"/>
    <ACLAccessKey CREATEDON="2019-01-16 03:29:59.404000000" MODIFIEDON="2019-01-16 03:29:59.404000000" KEYCODE="10" MASK="23" ROLE_ID="205" ID="406"/>
    <ACLAccessKey CREATEDON="2019-01-16 03:29:59.415000000" MODIFIEDON="2019-01-16 03:29:59.415000000" KEYCODE="87" MASK="23" ROLE_ID="205" ID="407"/>
    <ACLAccessKey CREATEDON="2019-01-16 03:29:59.404000000" MODIFIEDON="2019-01-16 03:29:59.404000000" KEYCODE="13" MASK="23" ROLE_ID="205" ID="408"/>
    <ACLAccessKey CREATEDON="2019-01-16 03:29:59.412000000" MODIFIEDON="2019-01-16 03:29:59.412000000" KEYCODE="60" MASK="21" ROLE_ID="205" ID="409"/>
    <ACLAccessKey CREATEDON="2019-01-16 03:29:59.411000000" MODIFIEDON="2019-01-16 03:29:59.411000000" KEYCODE="28" MASK="23" ROLE_ID="205" ID="410"/>
    <ACLAccessKey CREATEDON="2019-01-16 03:29:59.406000000" MODIFIEDON="2019-01-16 03:29:59.406000000" KEYCODE="6" MASK="23" ROLE_ID="205" ID="411"/>
    <ACLAccessKey CREATEDON="2019-01-16 03:29:59.407000000" MODIFIEDON="2019-01-16 03:29:59.407000000" KEYCODE="4" MASK="23" ROLE_ID="205" ID="412"/>
    <ACLAccessKey CREATEDON="2019-01-16 03:29:59.410000000" MODIFIEDON="2019-01-16 03:29:59.410000000" KEYCODE="25" MASK="23" ROLE_ID="205" ID="413"/>
    <ACLAccessKey CREATEDON="2019-01-16 03:29:59.415000000" MODIFIEDON="2019-01-16 03:29:59.415000000" KEYCODE="85" MASK="23" ROLE_ID="205" ID="414"/>
    <ACLAccessKey CREATEDON="2019-01-16 03:29:59.410000000" MODIFIEDON="2019-01-16 03:29:59.410000000" KEYCODE="24" MASK="23" ROLE_ID="205" ID="415"/>
    <ACLAccessKey CREATEDON="2019-01-16 03:29:59.411000000" MODIFIEDON="2019-01-16 03:29:59.411000000" KEYCODE="98" MASK="23" ROLE_ID="205" ID="416"/>
    <ACLAccessKey CREATEDON="2019-01-16 03:29:59.405000000" MODIFIEDON="2019-01-16 03:29:59.405000000" KEYCODE="34" MASK="23" ROLE_ID="205" ID="417"/>
    <ACLAccessKey CREATEDON="2019-01-16 03:29:59.423000000" MODIFIEDON="2019-01-16 03:29:59.423000000" KEYCODE="35" MASK="23" ROLE_ID="205" ID="418"/>
    <ACLAccessKey CREATEDON="2019-01-16 03:29:59.406000000" MODIFIEDON="2019-01-16 03:29:59.406000000" KEYCODE="7" MASK="23" ROLE_ID="205" ID="419"/>
    <ACLAccessKey CREATEDON="2019-01-16 03:29:59.414000000" MODIFIEDON="2019-01-16 03:29:59.414000000" KEYCODE="36" MASK="23" ROLE_ID="205" ID="420"/>
    <ACLAccessKey CREATEDON="2019-01-16 03:29:59.413000000" MODIFIEDON="2019-01-16 03:29:59.413000000" KEYCODE="105" MASK="23" ROLE_ID="205" ID="421"/>
    <ACLAccessKey CREATEDON="2019-01-16 03:29:59.420000000" MODIFIEDON="2019-01-16 03:29:59.420000000" KEYCODE="103" MASK="23" ROLE_ID="205" ID="422"/>
    <ACLAccessKey CREATEDON="2019-01-16 03:29:59.405000000" MODIFIEDON="2019-01-16 03:29:59.405000000" KEYCODE="2" MASK="23" ROLE_ID="205" ID="423"/>
    <ACLAccessKey CREATEDON="2019-01-16 03:29:59.412000000" MODIFIEDON="2019-01-16 03:29:59.412000000" KEYCODE="95" MASK="23" ROLE_ID="205" ID="424"/>
    <ACLAccessKey CREATEDON="2019-01-16 03:29:59.405000000" MODIFIEDON="2019-01-16 03:29:59.405000000" KEYCODE="1" MASK="23" ROLE_ID="205" ID="425"/>
    <ACLAccessKey CREATEDON="2019-01-16 03:29:59.413000000" MODIFIEDON="2019-01-16 03:29:59.413000000" KEYCODE="31" MASK="23" ROLE_ID="205" ID="426"/>
    <ACLAccessKey CREATEDON="2019-01-16 03:29:59.412000000" MODIFIEDON="2019-01-16 03:29:59.412000000" KEYCODE="88" MASK="23" ROLE_ID="205" ID="427"/>
    <ACLAccessKey CREATEDON="2019-01-16 03:29:59.411000000" MODIFIEDON="2019-01-16 03:29:59.411000000" KEYCODE="29" MASK="23" ROLE_ID="205" ID="428"/>
    <ACLAccessKey CREATEDON="2019-01-16 03:30:53.292000000" MODIFIEDON="2019-01-16 03:30:53.292000000" KEYCODE="4" MASK="21" ROLE_ID="206" ID="429"/>
    <ACLAccessKey CREATEDON="2019-01-16 03:30:53.297000000" MODIFIEDON="2019-01-16 03:30:53.297000000" KEYCODE="41" MASK="21" ROLE_ID="206" ID="430"/>
    <ACLAccessKey CREATEDON="2019-01-16 03:30:53.301000000" MODIFIEDON="2019-01-16 03:30:53.301000000" KEYCODE="102" MASK="17" ROLE_ID="206" ID="431"/>
    <ACLAccessKey CREATEDON="2019-01-16 03:30:53.291000000" MODIFIEDON="2019-01-16 03:30:53.291000000" KEYCODE="6" MASK="21" ROLE_ID="206" ID="432"/>
    <ACLAccessKey CREATEDON="2019-01-16 03:30:53.293000000" MODIFIEDON="2019-01-16 03:30:53.293000000" KEYCODE="39" MASK="21" ROLE_ID="206" ID="433"/>
    <ACLAccessKey CREATEDON="2019-01-16 03:30:53.296000000" MODIFIEDON="2019-01-16 03:30:53.296000000" KEYCODE="32" MASK="21" ROLE_ID="206" ID="434"/>
    <ACLAccessKey CREATEDON="2019-01-16 03:30:53.290000000" MODIFIEDON="2019-01-16 03:30:53.290000000" KEYCODE="1" MASK="21" ROLE_ID="206" ID="435"/>
    <ACLAccessKey CREATEDON="2019-01-16 03:30:53.293000000" MODIFIEDON="2019-01-16 03:30:53.293000000" KEYCODE="38" MASK="21" ROLE_ID="206" ID="436"/>
    <ACLAccessKey CREATEDON="2019-01-16 03:30:53.302000000" MODIFIEDON="2019-01-16 03:30:53.302000000" KEYCODE="35" MASK="21" ROLE_ID="206" ID="437"/>
    <ACLAccessKey CREATEDON="2019-01-16 03:30:53.290000000" MODIFIEDON="2019-01-16 03:30:53.290000000" KEYCODE="34" MASK="21" ROLE_ID="206" ID="438"/>
    <ACLAccessKey CREATEDON="2019-01-16 03:30:53.294000000" MODIFIEDON="2019-01-16 03:30:53.294000000" KEYCODE="24" MASK="21" ROLE_ID="206" ID="439"/>
    <ACLAccessKey CREATEDON="2019-01-16 03:30:53.293000000" MODIFIEDON="2019-01-16 03:30:53.293000000" KEYCODE="14" MASK="21" ROLE_ID="206" ID="440"/>
    <ACLAccessKey CREATEDON="2019-01-16 03:30:53.297000000" MODIFIEDON="2019-01-16 03:30:53.297000000" KEYCODE="42" MASK="21" ROLE_ID="206" ID="441"/>
    <ACLAccessKey CREATEDON="2019-01-16 03:30:53.301000000" MODIFIEDON="2019-01-16 03:30:53.301000000" KEYCODE="94" MASK="21" ROLE_ID="206" ID="442"/>
    <ACLAccessKey CREATEDON="2019-01-16 03:30:53.295000000" MODIFIEDON="2019-01-16 03:30:53.295000000" KEYCODE="88" MASK="21" ROLE_ID="206" ID="443"/>
    <ACLAccessKey CREATEDON="2019-01-16 03:30:53.290000000" MODIFIEDON="2019-01-16 03:30:53.290000000" KEYCODE="2" MASK="21" ROLE_ID="206" ID="444"/>
    <ACLAccessKey CREATEDON="2019-01-16 03:30:53.289000000" MODIFIEDON="2019-01-16 03:30:53.289000000" KEYCODE="16" MASK="21" ROLE_ID="206" ID="445"/>
    <ACLAccessKey CREATEDON="2019-01-16 03:30:53.301000000" MODIFIEDON="2019-01-16 03:30:53.301000000" KEYCODE="104" MASK="21" ROLE_ID="206" ID="446"/>
    <ACLAccessKey CREATEDON="2019-01-16 03:30:53.296000000" MODIFIEDON="2019-01-16 03:30:53.296000000" KEYCODE="105" MASK="21" ROLE_ID="206" ID="447"/>
    <ACLAccessKey CREATEDON="2019-01-16 03:30:53.294000000" MODIFIEDON="2019-01-16 03:30:53.294000000" KEYCODE="22" MASK="21" ROLE_ID="206" ID="448"/>
    <ACLAccessKey CREATEDON="2019-01-16 03:30:53.302000000" MODIFIEDON="2019-01-16 03:30:53.302000000" KEYCODE="61" MASK="21" ROLE_ID="206" ID="449"/>
    <ACLAccessKey CREATEDON="2019-01-16 03:30:53.295000000" MODIFIEDON="2019-01-16 03:30:53.295000000" KEYCODE="95" MASK="21" ROLE_ID="206" ID="450"/>
    <ACLAccessKey CREATEDON="2019-01-16 03:30:53.297000000" MODIFIEDON="2019-01-16 03:30:53.297000000" KEYCODE="30" MASK="21" ROLE_ID="206" ID="451"/>
    <ACLAccessKey CREATEDON="2019-01-16 03:30:53.298000000" MODIFIEDON="2019-01-16 03:30:53.298000000" KEYCODE="85" MASK="21" ROLE_ID="206" ID="452"/>
    <ACLAccessKey CREATEDON="2019-01-16 03:30:53.295000000" MODIFIEDON="2019-01-16 03:30:53.295000000" KEYCODE="60" MASK="21" ROLE_ID="206" ID="453"/>
    <ACLAccessKey CREATEDON="2019-01-16 03:30:53.290000000" MODIFIEDON="2019-01-16 03:30:53.290000000" KEYCODE="13" MASK="21" ROLE_ID="206" ID="454"/>
    <ACLAccessKey CREATEDON="2019-01-16 03:30:53.298000000" MODIFIEDON="2019-01-16 03:30:53.298000000" KEYCODE="93" MASK="21" ROLE_ID="206" ID="455"/>
    <ACLAccessKey CREATEDON="2019-01-16 03:30:53.301000000" MODIFIEDON="2019-01-16 03:30:53.301000000" KEYCODE="103" MASK="21" ROLE_ID="206" ID="456"/>
    <ACLAccessKey CREATEDON="2019-01-16 03:30:53.296000000" MODIFIEDON="2019-01-16 03:30:53.296000000" KEYCODE="31" MASK="21" ROLE_ID="206" ID="457"/>
    <ACLAccessKey CREATEDON="2019-01-16 03:30:53.289000000" MODIFIEDON="2019-01-16 03:30:53.289000000" KEYCODE="8" MASK="21" ROLE_ID="206" ID="458"/>
    <ACLAccessKey CREATEDON="2019-01-16 03:30:53.294000000" MODIFIEDON="2019-01-16 03:30:53.294000000" KEYCODE="28" MASK="21" ROLE_ID="206" ID="459"/>
    <ACLAccessKey CREATEDON="2019-01-16 03:30:53.294000000" MODIFIEDON="2019-01-16 03:30:53.294000000" KEYCODE="25" MASK="21" ROLE_ID="206" ID="460"/>
    <ACLAccessKey CREATEDON="2019-01-16 03:30:53.290000000" MODIFIEDON="2019-01-16 03:30:53.290000000" KEYCODE="3" MASK="21" ROLE_ID="206" ID="461"/>
    <ACLAccessKey CREATEDON="2019-01-16 03:30:53.293000000" MODIFIEDON="2019-01-16 03:30:53.293000000" KEYCODE="40" MASK="21" ROLE_ID="206" ID="462"/>
    <ACLAccessKey CREATEDON="2019-01-16 03:30:53.296000000" MODIFIEDON="2019-01-16 03:30:53.296000000" KEYCODE="36" MASK="21" ROLE_ID="206" ID="463"/>
    <ACLAccessKey CREATEDON="2019-01-16 03:30:53.289000000" MODIFIEDON="2019-01-16 03:30:53.289000000" KEYCODE="12" MASK="21" ROLE_ID="206" ID="464"/>
    <ACLAccessKey CREATEDON="2019-01-16 03:30:53.292000000" MODIFIEDON="2019-01-16 03:30:53.292000000" KEYCODE="7" MASK="21" ROLE_ID="206" ID="465"/>
    <ACLAccessKey CREATEDON="2019-01-16 03:30:53.298000000" MODIFIEDON="2019-01-16 03:30:53.298000000" KEYCODE="87" MASK="21" ROLE_ID="206" ID="466"/>
    <ACLAccessKey CREATEDON="2019-01-16 03:30:53.295000000" MODIFIEDON="2019-01-16 03:30:53.295000000" KEYCODE="29" MASK="17" ROLE_ID="206" ID="467"/>
    <ACLAccessKey CREATEDON="2019-01-16 03:30:53.289000000" MODIFIEDON="2019-01-16 03:30:53.289000000" KEYCODE="10" MASK="21" ROLE_ID="206" ID="468"/>
    <ACLAccessKey CREATEDON="2019-01-16 03:30:53.294000000" MODIFIEDON="2019-01-16 03:30:53.294000000" KEYCODE="98" MASK="21" ROLE_ID="206" ID="469"/>
    <ACLAccessKey CREATEDON="2019-01-16 03:30:53.297000000" MODIFIEDON="2019-01-16 03:30:53.297000000" KEYCODE="43" MASK="21" ROLE_ID="206" ID="470"/>
    <ACLAccessKey CREATEDON="2019-01-16 03:32:01.696000000" MODIFIEDON="2019-01-16 03:32:01.696000000" KEYCODE="103" MASK="17" ROLE_ID="207" ID="471"/>
    <ACLAccessKey CREATEDON="2019-01-16 03:32:01.685000000" MODIFIEDON="2019-01-16 03:32:01.685000000" KEYCODE="24" MASK="17" ROLE_ID="207" ID="472"/>
    <ACLAccessKey CREATEDON="2019-01-16 03:32:01.692000000" MODIFIEDON="2019-01-16 03:32:01.692000000" KEYCODE="87" MASK="17" ROLE_ID="207" ID="473"/>
    <ACLAccessKey CREATEDON="2019-01-16 03:32:01.695000000" MODIFIEDON="2019-01-16 03:32:01.695000000" KEYCODE="85" MASK="17" ROLE_ID="207" ID="474"/>
    <ACLAccessKey CREATEDON="2019-01-16 03:32:01.678000000" MODIFIEDON="2019-01-16 03:32:01.678000000" KEYCODE="1" MASK="17" ROLE_ID="207" ID="475"/>
    <ACLAccessKey CREATEDON="2019-01-16 03:32:01.697000000" MODIFIEDON="2019-01-16 03:32:01.697000000" KEYCODE="94" MASK="17" ROLE_ID="207" ID="476"/>
    <ACLAccessKey CREATEDON="2019-01-16 03:32:01.686000000" MODIFIEDON="2019-01-16 03:32:01.686000000" KEYCODE="28" MASK="17" ROLE_ID="207" ID="477"/>
    <ACLAccessKey CREATEDON="2019-01-16 03:32:01.689000000" MODIFIEDON="2019-01-16 03:32:01.689000000" KEYCODE="29" MASK="17" ROLE_ID="207" ID="478"/>
    <ACLAccessKey CREATEDON="2019-01-16 03:32:01.690000000" MODIFIEDON="2019-01-16 03:32:01.690000000" KEYCODE="88" MASK="17" ROLE_ID="207" ID="479"/>
    <ACLAccessKey CREATEDON="2019-01-16 03:32:01.685000000" MODIFIEDON="2019-01-16 03:32:01.685000000" KEYCODE="25" MASK="17" ROLE_ID="207" ID="480"/>
    <ACLAccessKey CREATEDON="2019-01-16 03:32:01.678000000" MODIFIEDON="2019-01-16 03:32:01.678000000" KEYCODE="2" MASK="17" ROLE_ID="207" ID="481"/>
    <ACLAccessKey CREATEDON="2019-01-16 03:32:01.696000000" MODIFIEDON="2019-01-16 03:32:01.696000000" KEYCODE="104" MASK="17" ROLE_ID="207" ID="482"/>
    <ACLAccessKey CREATEDON="2019-01-16 03:32:01.679000000" MODIFIEDON="2019-01-16 03:32:01.679000000" KEYCODE="7" MASK="17" ROLE_ID="207" ID="483"/>
    <ACLAccessKey CREATEDON="2019-01-16 03:32:01.696000000" MODIFIEDON="2019-01-16 03:32:01.696000000" KEYCODE="93" MASK="17" ROLE_ID="207" ID="484"/>
    <ACLAccessKey CREATEDON="2019-01-16 03:32:01.684000000" MODIFIEDON="2019-01-16 03:32:01.684000000" KEYCODE="14" MASK="17" ROLE_ID="207" ID="485"/>
    <ACLAccessKey CREATEDON="2019-01-16 03:32:01.677000000" MODIFIEDON="2019-01-16 03:32:01.677000000" KEYCODE="12" MASK="17" ROLE_ID="207" ID="486"/>
    <ACLAccessKey CREATEDON="2019-01-16 03:32:01.692000000" MODIFIEDON="2019-01-16 03:32:01.692000000" KEYCODE="30" MASK="17" ROLE_ID="207" ID="487"/>
    <ACLAccessKey CREATEDON="2019-01-16 03:32:01.684000000" MODIFIEDON="2019-01-16 03:32:01.684000000" KEYCODE="39" MASK="17" ROLE_ID="207" ID="488"/>
    <ACLAccessKey CREATEDON="2019-01-16 03:32:01.685000000" MODIFIEDON="2019-01-16 03:32:01.685000000" KEYCODE="22" MASK="17" ROLE_ID="207" ID="489"/>
    <ACLAccessKey CREATEDON="2019-01-16 03:32:01.678000000" MODIFIEDON="2019-01-16 03:32:01.678000000" KEYCODE="34" MASK="17" ROLE_ID="207" ID="490"/>
    <ACLAccessKey CREATEDON="2019-01-16 03:32:01.690000000" MODIFIEDON="2019-01-16 03:32:01.690000000" KEYCODE="60" MASK="1" ROLE_ID="207" ID="491"/>
    <ACLAccessKey CREATEDON="2019-01-16 03:32:01.678000000" MODIFIEDON="2019-01-16 03:32:01.678000000" KEYCODE="13" MASK="1" ROLE_ID="207" ID="492"/>
    <ACLAccessKey CREATEDON="2019-01-16 03:32:01.679000000" MODIFIEDON="2019-01-16 03:32:01.679000000" KEYCODE="40" MASK="17" ROLE_ID="207" ID="493"/>
    <ACLAccessKey CREATEDON="2019-01-16 03:32:01.692000000" MODIFIEDON="2019-01-16 03:32:01.692000000" KEYCODE="42" MASK="17" ROLE_ID="207" ID="494"/>
    <ACLAccessKey CREATEDON="2019-01-16 03:32:01.677000000" MODIFIEDON="2019-01-16 03:32:01.677000000" KEYCODE="10" MASK="17" ROLE_ID="207" ID="495"/>
    <ACLAccessKey CREATEDON="2019-01-16 03:32:01.691000000" MODIFIEDON="2019-01-16 03:32:01.691000000" KEYCODE="36" MASK="17" ROLE_ID="207" ID="496"/>
    <ACLAccessKey CREATEDON="2019-01-16 03:32:01.676000000" MODIFIEDON="2019-01-16 03:32:01.676000000" KEYCODE="16" MASK="17" ROLE_ID="207" ID="497"/>
    <ACLAccessKey CREATEDON="2019-01-16 03:32:01.678000000" MODIFIEDON="2019-01-16 03:32:01.678000000" KEYCODE="3" MASK="17" ROLE_ID="207" ID="498"/>
    <ACLAccessKey CREATEDON="2019-01-16 03:32:01.685000000" MODIFIEDON="2019-01-16 03:32:01.685000000" KEYCODE="38" MASK="17" ROLE_ID="207" ID="499"/>
    <ACLAccessKey CREATEDON="2019-01-16 03:32:01.692000000" MODIFIEDON="2019-01-16 03:32:01.692000000" KEYCODE="43" MASK="17" ROLE_ID="207" ID="500"/>
    <ACLAccessKey CREATEDON="2019-01-16 03:32:01.691000000" MODIFIEDON="2019-01-16 03:32:01.691000000" KEYCODE="105" MASK="1" ROLE_ID="207" ID="501"/>
    <ACLAccessKey CREATEDON="2019-01-16 03:32:01.690000000" MODIFIEDON="2019-01-16 03:32:01.690000000" KEYCODE="95" MASK="17" ROLE_ID="207" ID="502"/>
    <ACLAccessKey CREATEDON="2019-01-16 03:32:01.679000000" MODIFIEDON="2019-01-16 03:32:01.679000000" KEYCODE="4" MASK="17" ROLE_ID="207" ID="503"/>
    <ACLAccessKey CREATEDON="2019-01-16 03:32:01.697000000" MODIFIEDON="2019-01-16 03:32:01.697000000" KEYCODE="61" MASK="1" ROLE_ID="207" ID="504"/>
    <ACLAccessKey CREATEDON="2019-01-16 03:32:01.696000000" MODIFIEDON="2019-01-16 03:32:01.696000000" KEYCODE="102" MASK="17" ROLE_ID="207" ID="505"/>
    <ACLAccessKey CREATEDON="2019-01-16 03:32:01.678000000" MODIFIEDON="2019-01-16 03:32:01.678000000" KEYCODE="6" MASK="17" ROLE_ID="207" ID="506"/>
    <ACLAccessKey CREATEDON="2019-01-16 03:32:01.677000000" MODIFIEDON="2019-01-16 03:32:01.677000000" KEYCODE="8" MASK="17" ROLE_ID="207" ID="507"/>
    <ACLAccessKey CREATEDON="2019-01-16 03:32:01.692000000" MODIFIEDON="2019-01-16 03:32:01.692000000" KEYCODE="41" MASK="17" ROLE_ID="207" ID="508"/>
    <ACLAccessKey CREATEDON="2019-01-16 03:32:01.691000000" MODIFIEDON="2019-01-16 03:32:01.691000000" KEYCODE="32" MASK="17" ROLE_ID="207" ID="509"/>
    <ACLAccessKey CREATEDON="2019-01-16 03:32:01.685000000" MODIFIEDON="2019-01-16 03:32:01.685000000" KEYCODE="98" MASK="17" ROLE_ID="207" ID="510"/>
    <ACLAccessKey CREATEDON="2019-01-16 03:32:01.697000000" MODIFIEDON="2019-01-16 03:32:01.697000000" KEYCODE="35" MASK="17" ROLE_ID="207" ID="511"/>
    <ACLAccessKey CREATEDON="2019-01-16 03:32:01.690000000" MODIFIEDON="2019-01-16 03:32:01.690000000" KEYCODE="31" MASK="17" ROLE_ID="207" ID="512"/>
    <ACLAccessKey CREATEDON="2019-01-16 03:34:11.286000000" MODIFIEDON="2019-01-16 03:34:11.286000000" KEYCODE="43" MASK="1" ROLE_ID="208" ID="736"/>
    <ACLAccessKey CREATEDON="2019-01-16 03:34:11.284000000" MODIFIEDON="2019-01-16 03:34:11.284000000" KEYCODE="29" MASK="1" ROLE_ID="208" ID="737"/>
    <ACLAccessKey CREATEDON="2019-01-16 03:34:11.285000000" MODIFIEDON="2019-01-16 03:34:11.285000000" KEYCODE="105" MASK="1" ROLE_ID="208" ID="738"/>
    <ACLAccessKey CREATEDON="2019-01-16 03:34:11.282000000" MODIFIEDON="2019-01-16 03:34:11.282000000" KEYCODE="1" MASK="1" ROLE_ID="208" ID="739"/>
    <ACLAccessKey CREATEDON="2019-01-16 03:34:11.287000000" MODIFIEDON="2019-01-16 03:34:11.287000000" KEYCODE="61" MASK="1" ROLE_ID="208" ID="740"/>
    <ACLAccessKey CREATEDON="2019-01-16 03:34:11.285000000" MODIFIEDON="2019-01-16 03:34:11.285000000" KEYCODE="42" MASK="1" ROLE_ID="208" ID="741"/>
    <ACLAccessKey CREATEDON="2019-01-16 03:34:11.286000000" MODIFIEDON="2019-01-16 03:34:11.286000000" KEYCODE="104" MASK="1" ROLE_ID="208" ID="742"/>
    <ACLAccessKey CREATEDON="2019-01-16 03:34:11.283000000" MODIFIEDON="2019-01-16 03:34:11.283000000" KEYCODE="13" MASK="1" ROLE_ID="208" ID="743"/>
    <ACLAccessKey CREATEDON="2019-01-16 03:34:11.285000000" MODIFIEDON="2019-01-16 03:34:11.285000000" KEYCODE="39" MASK="1" ROLE_ID="208" ID="744"/>
    <ACLAccessKey CREATEDON="2019-01-16 03:34:11.286000000" MODIFIEDON="2019-01-16 03:34:11.286000000" KEYCODE="102" MASK="1" ROLE_ID="208" ID="745"/>
    <ACLAccessKey CREATEDON="2019-01-16 03:34:11.284000000" MODIFIEDON="2019-01-16 03:34:11.284000000" KEYCODE="40" MASK="1" ROLE_ID="208" ID="746"/>
    <ACLAccessKey CREATEDON="2019-01-16 03:34:11.283000000" MODIFIEDON="2019-01-16 03:34:11.283000000" KEYCODE="10" MASK="1" ROLE_ID="208" ID="747"/>
    <ACLAccessKey CREATEDON="2019-01-16 03:34:11.283000000" MODIFIEDON="2019-01-16 03:34:11.283000000" KEYCODE="7" MASK="1" ROLE_ID="208" ID="748"/>
    <ACLAccessKey CREATEDON="2019-01-16 03:34:11.286000000" MODIFIEDON="2019-01-16 03:34:11.286000000" KEYCODE="93" MASK="1" ROLE_ID="208" ID="749"/>
    <ACLAccessKey CREATEDON="2019-01-16 03:34:11.284000000" MODIFIEDON="2019-01-16 03:34:11.284000000" KEYCODE="34" MASK="1" ROLE_ID="208" ID="750"/>
    <ACLAccessKey CREATEDON="2019-01-16 03:34:11.282000000" MODIFIEDON="2019-01-16 03:34:11.282000000" KEYCODE="4" MASK="1" ROLE_ID="208" ID="751"/>
    <ACLAccessKey CREATEDON="2019-01-16 03:34:11.284000000" MODIFIEDON="2019-01-16 03:34:11.284000000" KEYCODE="25" MASK="1" ROLE_ID="208" ID="752"/>
    <ACLAccessKey CREATEDON="2019-01-16 03:34:11.285000000" MODIFIEDON="2019-01-16 03:34:11.285000000" KEYCODE="95" MASK="1" ROLE_ID="208" ID="753"/>
    <ACLAccessKey CREATEDON="2019-01-16 03:34:11.283000000" MODIFIEDON="2019-01-16 03:34:11.284000000" KEYCODE="22" MASK="1" ROLE_ID="208" ID="754"/>
    <ACLAccessKey CREATEDON="2019-01-16 03:34:11.285000000" MODIFIEDON="2019-01-16 03:34:11.285000000" KEYCODE="60" MASK="1" ROLE_ID="208" ID="755"/>
    <ACLAccessKey CREATEDON="2019-01-16 03:34:11.283000000" MODIFIEDON="2019-01-16 03:34:11.283000000" KEYCODE="14" MASK="1" ROLE_ID="208" ID="756"/>
    <ACLAccessKey CREATEDON="2019-01-16 03:34:11.286000000" MODIFIEDON="2019-01-16 03:34:11.286000000" KEYCODE="35" MASK="1" ROLE_ID="208" ID="757"/>
    <ACLAccessKey CREATEDON="2019-01-16 03:34:11.285000000" MODIFIEDON="2019-01-16 03:34:11.285000000" KEYCODE="41" MASK="1" ROLE_ID="208" ID="758"/>
    <ACLAccessKey CREATEDON="2019-01-16 03:34:11.283000000" MODIFIEDON="2019-01-16 03:34:11.283000000" KEYCODE="12" MASK="1" ROLE_ID="208" ID="759"/>
    <ACLAccessKey CREATEDON="2019-01-16 03:34:11.286000000" MODIFIEDON="2019-01-16 03:34:11.286000000" KEYCODE="103" MASK="1" ROLE_ID="208" ID="760"/>
    <ACLAccessKey CREATEDON="2019-01-16 03:34:11.284000000" MODIFIEDON="2019-01-16 03:34:11.284000000" KEYCODE="36" MASK="1" ROLE_ID="208" ID="761"/>
    <ACLAccessKey CREATEDON="2019-01-16 03:34:11.286000000" MODIFIEDON="2019-01-16 03:34:11.286000000" KEYCODE="85" MASK="1" ROLE_ID="208" ID="762"/>
    <ACLAccessKey CREATEDON="2019-01-16 03:34:11.284000000" MODIFIEDON="2019-01-16 03:34:11.284000000" KEYCODE="31" MASK="1" ROLE_ID="208" ID="763"/>
    <ACLAccessKey CREATEDON="2019-01-16 03:34:11.282000000" MODIFIEDON="2019-01-16 03:34:11.282000000" KEYCODE="2" MASK="1" ROLE_ID="208" ID="764"/>
    <ACLAccessKey CREATEDON="2019-01-16 03:34:11.286000000" MODIFIEDON="2019-01-16 03:34:11.286000000" KEYCODE="30" MASK="1" ROLE_ID="208" ID="765"/>
    <ACLAccessKey CREATEDON="2019-01-16 03:34:11.284000000" MODIFIEDON="2019-01-16 03:34:11.284000000" KEYCODE="28" MASK="1" ROLE_ID="208" ID="766"/>
    <ACLAccessKey CREATEDON="2019-01-16 03:34:11.285000000" MODIFIEDON="2019-01-16 03:34:11.285000000" KEYCODE="98" MASK="1" ROLE_ID="208" ID="767"/>
    <ACLAccessKey CREATEDON="2019-01-16 03:34:11.284000000" MODIFIEDON="2019-01-16 03:34:11.284000000" KEYCODE="24" MASK="1" ROLE_ID="208" ID="768"/>
    <ACLAccessKey CREATEDON="2019-01-16 03:34:11.285000000" MODIFIEDON="2019-01-16 03:34:11.285000000" KEYCODE="88" MASK="1" ROLE_ID="208" ID="769"/>
    <ACLAccessKey CREATEDON="2019-01-16 03:34:11.283000000" MODIFIEDON="2019-01-16 03:34:11.283000000" KEYCODE="16" MASK="1" ROLE_ID="208" ID="770"/>
    <ACLAccessKey CREATEDON="2019-01-16 03:34:11.286000000" MODIFIEDON="2019-01-16 03:34:11.286000000" KEYCODE="94" MASK="1" ROLE_ID="208" ID="771"/>
    <ACLAccessKey CREATEDON="2019-01-16 03:34:11.283000000" MODIFIEDON="2019-01-16 03:34:11.283000000" KEYCODE="8" MASK="1" ROLE_ID="208" ID="772"/>
    <ACLAccessKey CREATEDON="2019-01-16 03:34:11.284000000" MODIFIEDON="2019-01-16 03:34:11.284000000" KEYCODE="38" MASK="1" ROLE_ID="208" ID="773"/>
    <ACLAccessKey CREATEDON="2019-01-16 03:34:11.283000000" MODIFIEDON="2019-01-16 03:34:11.283000000" KEYCODE="6" MASK="1" ROLE_ID="208" ID="774"/>
    <ACLAccessKey CREATEDON="2019-01-16 03:34:11.286000000" MODIFIEDON="2019-01-16 03:34:11.286000000" KEYCODE="87" MASK="1" ROLE_ID="208" ID="775"/>
    <ACLAccessKey CREATEDON="2019-01-16 03:34:11.282000000" MODIFIEDON="2019-01-16 03:34:11.282000000" KEYCODE="3" MASK="1" ROLE_ID="208" ID="776"/>
    <ACLAccessKey CREATEDON="2019-01-16 03:34:11.284000000" MODIFIEDON="2019-01-16 03:34:11.284000000" KEYCODE="32" MASK="1" ROLE_ID="208" ID="777"/>
    <ACLAccessKey CREATEDON="2019-01-16 03:35:51.191000000" MODIFIEDON="2019-01-16 03:35:51.191000000" KEYCODE="31" MASK="0" ROLE_ID="209" ID="820"/>
    <ACLAccessKey CREATEDON="2019-01-16 03:35:51.190000000" MODIFIEDON="2019-01-16 03:35:51.190000000" KEYCODE="14" MASK="0" ROLE_ID="209" ID="821"/>
    <ACLAccessKey CREATEDON="2019-01-16 03:35:51.189000000" MODIFIEDON="2019-01-16 03:35:51.189000000" KEYCODE="8" MASK="0" ROLE_ID="209" ID="822"/>
    <ACLAccessKey CREATEDON="2019-01-16 03:35:51.188000000" MODIFIEDON="2019-01-16 03:35:51.188000000" KEYCODE="1" MASK="0" ROLE_ID="209" ID="823"/>
    <ACLAccessKey CREATEDON="2019-01-16 03:35:51.191000000" MODIFIEDON="2019-01-16 03:35:51.191000000" KEYCODE="30" MASK="0" ROLE_ID="209" ID="824"/>
    <ACLAccessKey CREATEDON="2019-01-16 03:35:51.191000000" MODIFIEDON="2019-01-16 03:35:51.191000000" KEYCODE="36" MASK="0" ROLE_ID="209" ID="825"/>
    <ACLAccessKey CREATEDON="2019-01-16 03:35:51.192000000" MODIFIEDON="2019-01-16 03:35:51.192000000" KEYCODE="42" MASK="0" ROLE_ID="209" ID="826"/>
    <ACLAccessKey CREATEDON="2019-01-16 03:35:51.190000000" MODIFIEDON="2019-01-16 03:35:51.190000000" KEYCODE="38" MASK="0" ROLE_ID="209" ID="827"/>
    <ACLAccessKey CREATEDON="2019-01-16 03:35:51.189000000" MODIFIEDON="2019-01-16 03:35:51.189000000" KEYCODE="12" MASK="0" ROLE_ID="209" ID="828"/>
    <ACLAccessKey CREATEDON="2019-01-16 03:35:51.192000000" MODIFIEDON="2019-01-16 03:35:51.192000000" KEYCODE="105" MASK="0" ROLE_ID="209" ID="829"/>
    <ACLAccessKey CREATEDON="2019-01-16 03:35:51.191000000" MODIFIEDON="2019-01-16 03:35:51.191000000" KEYCODE="28" MASK="0" ROLE_ID="209" ID="830"/>
    <ACLAccessKey CREATEDON="2019-01-16 03:35:51.190000000" MODIFIEDON="2019-01-16 03:35:51.190000000" KEYCODE="6" MASK="0" ROLE_ID="209" ID="831"/>
    <ACLAccessKey CREATEDON="2019-01-16 03:35:51.193000000" MODIFIEDON="2019-01-16 03:35:51.193000000" KEYCODE="103" MASK="0" ROLE_ID="209" ID="832"/>
    <ACLAccessKey CREATEDON="2019-01-16 03:35:51.192000000" MODIFIEDON="2019-01-16 03:35:51.192000000" KEYCODE="43" MASK="0" ROLE_ID="209" ID="833"/>
    <ACLAccessKey CREATEDON="2019-01-16 03:35:51.190000000" MODIFIEDON="2019-01-16 03:35:51.190000000" KEYCODE="39" MASK="0" ROLE_ID="209" ID="834"/>
    <ACLAccessKey CREATEDON="2019-01-16 03:35:51.190000000" MODIFIEDON="2019-01-16 03:35:51.190000000" KEYCODE="24" MASK="0" ROLE_ID="209" ID="835"/>
    <ACLAccessKey CREATEDON="2019-01-16 03:35:51.192000000" MODIFIEDON="2019-01-16 03:35:51.192000000" KEYCODE="87" MASK="0" ROLE_ID="209" ID="836"/>
    <ACLAccessKey CREATEDON="2019-01-16 03:35:51.193000000" MODIFIEDON="2019-01-16 03:35:51.193000000" KEYCODE="94" MASK="0" ROLE_ID="209" ID="837"/>
    <ACLAccessKey CREATEDON="2019-01-16 03:35:51.191000000" MODIFIEDON="2019-01-16 03:35:51.191000000" KEYCODE="95" MASK="0" ROLE_ID="209" ID="838"/>
    <ACLAccessKey CREATEDON="2019-01-16 03:35:51.189000000" MODIFIEDON="2019-01-16 03:35:51.189000000" KEYCODE="2" MASK="0" ROLE_ID="209" ID="839"/>
    <ACLAccessKey CREATEDON="2019-01-16 03:35:51.192000000" MODIFIEDON="2019-01-16 03:35:51.192000000" KEYCODE="41" MASK="0" ROLE_ID="209" ID="840"/>
    <ACLAccessKey CREATEDON="2019-01-16 03:35:51.191000000" MODIFIEDON="2019-01-16 03:35:51.191000000" KEYCODE="29" MASK="0" ROLE_ID="209" ID="841"/>
    <ACLAccessKey CREATEDON="2019-01-16 03:35:51.192000000" MODIFIEDON="2019-01-16 03:35:51.192000000" KEYCODE="93" MASK="0" ROLE_ID="209" ID="842"/>
    <ACLAccessKey CREATEDON="2019-01-16 03:35:51.189000000" MODIFIEDON="2019-01-16 03:35:51.189000000" KEYCODE="10" MASK="0" ROLE_ID="209" ID="843"/>
    <ACLAccessKey CREATEDON="2019-01-16 03:35:51.190000000" MODIFIEDON="2019-01-16 03:35:51.190000000" KEYCODE="25" MASK="0" ROLE_ID="209" ID="844"/>
    <ACLAccessKey CREATEDON="2019-01-16 03:35:51.192000000" MODIFIEDON="2019-01-16 03:35:51.192000000" KEYCODE="35" MASK="0" ROLE_ID="209" ID="845"/>
    <ACLAccessKey CREATEDON="2019-01-16 03:35:51.189000000" MODIFIEDON="2019-01-16 03:35:51.189000000" KEYCODE="13" MASK="0" ROLE_ID="209" ID="846"/>
    <ACLAccessKey CREATEDON="2019-01-16 03:35:51.191000000" MODIFIEDON="2019-01-16 03:35:51.191000000" KEYCODE="60" MASK="0" ROLE_ID="209" ID="847"/>
    <ACLAccessKey CREATEDON="2019-01-16 03:35:51.190000000" MODIFIEDON="2019-01-16 03:35:51.190000000" KEYCODE="22" MASK="0" ROLE_ID="209" ID="848"/>
    <ACLAccessKey CREATEDON="2019-01-16 03:35:51.191000000" MODIFIEDON="2019-01-16 03:35:51.191000000" KEYCODE="32" MASK="0" ROLE_ID="209" ID="849"/>
    <ACLAccessKey CREATEDON="2019-01-16 03:35:51.188000000" MODIFIEDON="2019-01-16 03:35:51.188000000" KEYCODE="3" MASK="0" ROLE_ID="209" ID="850"/>
    <ACLAccessKey CREATEDON="2019-01-16 03:35:51.192000000" MODIFIEDON="2019-01-16 03:35:51.192000000" KEYCODE="85" MASK="0" ROLE_ID="209" ID="851"/>
    <ACLAccessKey CREATEDON="2019-01-16 03:35:51.193000000" MODIFIEDON="2019-01-16 03:35:51.193000000" KEYCODE="102" MASK="0" ROLE_ID="209" ID="852"/>
    <ACLAccessKey CREATEDON="2019-01-16 03:35:51.191000000" MODIFIEDON="2019-01-16 03:35:51.191000000" KEYCODE="88" MASK="0" ROLE_ID="209" ID="853"/>
    <ACLAccessKey CREATEDON="2019-01-16 03:35:51.189000000" MODIFIEDON="2019-01-16 03:35:51.189000000" KEYCODE="34" MASK="0" ROLE_ID="209" ID="854"/>
    <ACLAccessKey CREATEDON="2019-01-16 03:35:51.192000000" MODIFIEDON="2019-01-16 03:35:51.192000000" KEYCODE="61" MASK="0" ROLE_ID="209" ID="855"/>
    <ACLAccessKey CREATEDON="2019-01-16 03:35:51.189000000" MODIFIEDON="2019-01-16 03:35:51.189000000" KEYCODE="4" MASK="0" ROLE_ID="209" ID="856"/>
    <ACLAccessKey CREATEDON="2019-01-16 03:35:51.188000000" MODIFIEDON="2019-01-16 03:35:51.188000000" KEYCODE="16" MASK="0" ROLE_ID="209" ID="857"/>
    <ACLAccessKey CREATEDON="2019-01-16 03:35:51.193000000" MODIFIEDON="2019-01-16 03:35:51.193000000" KEYCODE="104" MASK="0" ROLE_ID="209" ID="858"/>
    <ACLAccessKey CREATEDON="2019-01-16 03:35:51.190000000" MODIFIEDON="2019-01-16 03:35:51.190000000" KEYCODE="7" MASK="0" ROLE_ID="209" ID="859"/>
    <ACLAccessKey CREATEDON="2019-01-16 03:35:51.191000000" MODIFIEDON="2019-01-16 03:35:51.191000000" KEYCODE="98" MASK="0" ROLE_ID="209" ID="860"/>
    <ACLAccessKey CREATEDON="2019-01-16 03:35:51.190000000" MODIFIEDON="2019-01-16 03:35:51.190000000" KEYCODE="40" MASK="0" ROLE_ID="209" ID="861"/>
    <ACLAccessKey CREATEDON="2012-06-20 10:27:50.190000000" MODIFIEDON="2012-06-20 10:27:50.190000000" KEYCODE="106" MASK="255" ROLE_ID="204" ID="862"/>
    <ACLAccessKey CREATEDON="2019-01-16 03:32:01.190000000" MODIFIEDON="2019-01-16 03:32:01.190000000" KEYCODE="106" MASK="1" ROLE_ID="209" ID="863"/>
    <ACLAccessKey CREATEDON="2019-01-16 03:32:01.190000000" MODIFIEDON="2019-01-16 03:32:01.190000000" KEYCODE="11" MASK="255" ROLE_ID="204" ID="864"/>
    <ACLAccessKey CREATEDON="2019-01-16 03:32:01.190000000" MODIFIEDON="2019-01-16 03:32:01.190000000" KEYCODE="106" MASK="1" ROLE_ID="205" ID="865"/>
    <ACLAccessKey CREATEDON="2019-01-16 03:32:01.190000000" MODIFIEDON="2019-01-16 03:32:01.190000000" KEYCODE="106" MASK="1" ROLE_ID="206" ID="866"/>
    <ACLAccessKey CREATEDON="2019-01-16 03:32:01.190000000" MODIFIEDON="2019-01-16 03:32:01.190000000" KEYCODE="106" MASK="1" ROLE_ID="207" ID="867"/>
    <ACLAccessKey CREATEDON="2019-01-16 03:32:01.190000000" MODIFIEDON="2019-01-16 03:32:01.190000000" KEYCODE="106" MASK="1" ROLE_ID="208" ID="868"/>

    <!-- REPORTOVERLAY -->
    <ReportOverlay ID="100" MODIFIEDON="2018-08-07 09:27:10.0" CREATEDON="2018-08-07 09:27:10.0" OVERLAY="JVBERi0xLjcNCiW1tbW1DQoxIDAgb2JqDQo8PC9UeXBlL0NhdGFsb2cvUGFnZXMgMiAwIFIvTGFuZyhlbi1BVSkgL1N0cnVjdFRyZWVSb290IDM2IDAgUi9NYXJrSW5mbzw8L01hcmtlZCB0cnVlPj4vTWV0YWRhdGEgNzMgMCBSL1ZpZXdlclByZWZlcmVuY2VzIDc0IDAgUi9QYWdlTGFiZWxzIDc1IDAgUj4+DQplbmRvYmoNCjIgMCBvYmoNCjw8L1R5cGUvUGFnZXMvQ291bnQgMi9LaWRzWyAzIDAgUiAzMyAwIFJdID4+DQplbmRvYmoNCjMgMCBvYmoNCjw8L1R5cGUvUGFnZS9QYXJlbnQgMiAwIFIvUmVzb3VyY2VzPDwvWE9iamVjdDw8L0ltYWdlNSA1IDAgUi9JbWFnZTcgNyAwIFIvSW1hZ2U5IDkgMCBSL0ltYWdlMTAgMTAgMCBSPj4vRXh0R1N0YXRlPDwvR1M2IDYgMCBSL0dTMTYgMTYgMCBSPj4vRm9udDw8L0YxIDExIDAgUi9GMiAxNyAwIFIvRjMgMTkgMCBSL0Y0IDI0IDAgUi9GNSAyNiAwIFIvRjYgMzEgMCBSPj4vUHJvY1NldFsvUERGL1RleHQvSW1hZ2VCL0ltYWdlQy9JbWFnZUldID4+L01lZGlhQm94WyAwIDAgNTk1LjMyIDg0MS45Ml0gL0NvbnRlbnRzIDQgMCBSL0dyb3VwPDwvVHlwZS9Hcm91cC9TL1RyYW5zcGFyZW5jeS9DUy9EZXZpY2VSR0I+Pi9UYWJzL1MvU3RydWN0UGFyZW50cyAwPj4NCmVuZG9iag0KNCAwIG9iag0KPDwvRmlsdGVyL0ZsYXRlRGVjb2RlL0xlbmd0aCA4NjQ+Pg0Kc3RyZWFtDQp4nLVWTWsbMRC9L+x/mGMSsKyRRl9gFux1EloaaJqUHkoPoSQ+xW3T/w8dfax3N16HlDg2stYjaZ/mvZmRYP4ZFov5VfthDbJpYLVuYX55Y2Hzt67+1JUmJ7wFFawIDvgXA4ILwikNT/d19e0MtnVV7JK/ZWy87udjXc0/PN5t7g2sf8F1XcH5VQswAMcCzpgohbEe0DohDfCjMNxJIygMMIs9Ypax8boe0x3CVD2mMsL7AE5J4QwohXH3yO/1Qz+LPWKWsfG6HjMcwtQ9JkkRjAPSwkkGI2TmANFExnrMYk+YeWy8rsdEeQiUCijChp1AQXHL6LgHpZWwij0WaCjBPpzt3nDz+267e4mZf7rbbuDkfjv7enPauyGFjB/vXYwAE4zQCjzvOqiBG6tb3uYFQhDBwu0D+5VdAu2FJSbQCuIBdkbGTXIMYg5CCZd19X0hpaKGYmdSp7GZoeIHXDO45j4kO9pmFhbFFNuqmblk72x5ms7TsC1mU6bFZ9/8gNuPdXXOe75OafA/Pqp9H1GT0Hs+Zs9O4HSENkW9PQL1eop6J6wDjyT8821FLgw318yo0KmYaSJuTCWdS2mYasNjRjWpw/w3TtU8xfBSHe1MreWefB7nPv7thhP7qiwrqmjVZNBm5pPkCSSazCqZk4QUW95eem7fJBvt82MMCZqm57lqxxNDKiGn1FDL5DVdcNzbAY04FsGkLknEkY+Js3bHmXYxj6I+A/KXJew7LvWxeaTAlZkOuPZuTDofhKIJJrXO5NB+7BZScd3TI1e5WuiuiLR9mGMoWbLswzDZbZ85uEpF6NihKfnIpQM+vqakuHctKc6x4moqin3mW8ZSkkmltovoi8LYgH2uMWmISuT7QeQzyUonCf0wEUq5KcqmlW4ndq5EIbYyLSfMxGzEXH0KHHXlrJQxxDzdvO20mNKWLzAs6jSH75cuxk2eAnqZKIiHI5mSBkOBOPRRRl6WuUXaEPdT62VdkikUwkOerYezy2nfqZDY90n4F4Qpuzz+ueCFtiPGovlp0z19eW0W+iNkoQEvJI0LruWbBl/q4m11ugIW4tPByi3fnTgTQyI0cps06E5hk29cNtOcTxVZksnsZmMYTO/uY3rULcvR/SZJ7L7HxvBFnA54PKnEP5lzkqUNCmVuZHN0cmVhbQ0KZW5kb2JqDQo1IDAgb2JqDQo8PC9UeXBlL1hPYmplY3QvU3VidHlwZS9JbWFnZS9XaWR0aCAzNjgvSGVpZ2h0IDMwNS9Db2xvclNwYWNlL0RldmljZVJHQi9CaXRzUGVyQ29tcG9uZW50IDgvRmlsdGVyL0RDVERlY29kZS9JbnRlcnBvbGF0ZSB0cnVlL0xlbmd0aCAxMTEwMj4+DQpzdHJlYW0NCv/Y/+AAEEpGSUYAAQEBAGAAYAAA/9sAQwADAgIDAgIDAwMDBAMDBAUIBQUEBAUKBwcGCAwKDAwLCgsLDQ4SEA0OEQ4LCxAWEBETFBUVFQwPFxgWFBgSFBUU/9sAQwEDBAQFBAUJBQUJFA0LDRQUFBQUFBQUFBQUFBQUFBQUFBQUFBQUFBQUFBQUFBQUFBQUFBQUFBQUFBQUFBQUFBQU/8AAEQgBMQFwAwEiAAIRAQMRAf/EAB8AAAEFAQEBAQEBAAAAAAAAAAABAgMEBQYHCAkKC//EALUQAAIBAwMCBAMFBQQEAAABfQECAwAEEQUSITFBBhNRYQcicRQygZGhCCNCscEVUtHwJDNicoIJChYXGBkaJSYnKCkqNDU2Nzg5OkNERUZHSElKU1RVVldYWVpjZGVmZ2hpanN0dXZ3eHl6g4SFhoeIiYqSk5SVlpeYmZqio6Slpqeoqaqys7S1tre4ubrCw8TFxsfIycrS09TV1tfY2drh4uPk5ebn6Onq8fLz9PX29/j5+v/EAB8BAAMBAQEBAQEBAQEAAAAAAAABAgMEBQYHCAkKC//EALURAAIBAgQEAwQHBQQEAAECdwABAgMRBAUhMQYSQVEHYXETIjKBCBRCkaGxwQkjM1LwFWJy0QoWJDThJfEXGBkaJicoKSo1Njc4OTpDREVGR0hJSlNUVVZXWFlaY2RlZmdoaWpzdHV2d3h5eoKDhIWGh4iJipKTlJWWl5iZmqKjpKWmp6ipqrKztLW2t7i5usLDxMXGx8jJytLT1NXW19jZ2uLj5OXm5+jp6vLz9PX29/j5+v/aAAwDAQACEQMRAD8A/VOiiigAooooAKKKKACiiigAooooAKKKKACiiigAooooAKhW4ia4aESKZUUO0YYbgpJAJHYEq2PofSpqKACiiigAqGRHcptkMYDZbgHcMHj27flU1FABRRRQAUUUUAFFFFABRRRQAUUUUAFFFFABRRRQAUUUUAFFFFABRRRQAUUUUAFFFFABRRRQAUUUUAFFFFABRRRQAUUUUAFFFFABRRRQAUUUUAFFFFABRRRQAUUUUAFFFFABRRRQAUUUUAFFFFABRRRQAUUUUAFFFFABRRRQAUUUUAFFFFABRRRQAUUUUAFFFFABRRRQAUUUUAFFFFABRRRQAUUUUAFFFFABRRRQAUVxXxM+L3hf4R6da3PiLUlgub+X7Npul26mW+1O4JAWC2gX55ZCWUYUYG4EkDJrxlr79pX4ueLYorew0n4HeAwC7Xlw9vq/iGYcldseJLWIngMG3lcnBY8AA+m6K8L/AGavFXjHV9e+KOgeJfEEnjHTfC+vR6XpniO4sYLSe7P2WGW4jdYFWM+VLIYwVQdCCSQce6UAFFFFABRRRQAUUUUAFFFFABRRRQAUUUUAFFFFABRRRQAUUUUAFFFFABRRRQAUUUUAFFFFABRRRQAUUUUAFFFFABRRRQAUUUUAFFFFABRRRQAV4n8Vvj7dab4q/wCFdfDbTLbxl8Tp4DLJavchLHQoiAFudQkGSi5YFYQN8mMDaDuHJfFv40eJ/id8Qrn4NfBuZrbV41ZPE/j3yTNZ+Go8fNFGchZb0ggCPI2bgT0Yp698Ifg34Y+CPhVdF8N2jKZWE+oandOZb3U7kgB7m5mPzSSsckk9M4AAAAAOd+EfwBt/A+oDxZ4s1afx58TbmAR3fifU0XMAI+aCyiACWsGSfkQAtnLsxAIvftGfFSf4R/CvUNU0yIXfijUJY9H8PWJGftWqXLeXbR47jeQzf7KMe1en18t/Dqzsv2pvj/J8WGuJLrwH4BnuNE8JW7L+4vtQwVvtSGR8yqSIIiCRmJ2GDigD174A/Cf/AIUv8KtF8Mz6hNrOsIrXer6vcSNJLqGoTMZbq4Zm+Y75XYjOSF2gk4r0aiigAooooAKKKKACiiigAooooAKKKKACiiigAooooAKKKKACiiigAooooAKKKKACmKoTgAAZz+JOTT6KAIj5nnL93ysHcDndnjGPbGf0qWiigAooooAKKKKACiiigAooooAKKKKACiiigAr5m+J3xe1n44+L734RfB3U1UxqI/F/jyykWSLQIHBH2e2YHEl7IAwGCRF94/MPlX4+/FTxf8QPHH/ClPg1fQ2viho0m8WeKwwdPCthIDtIGRm7lAPloMso+YhQQ6+y/CX4TeGPgj4E03wj4R08afo1kDgMxeWaRjl5ZHPLyMSSWP0GAAAARfBv4PeGfgP8PdL8GeErNrXSbFSTJM++e5lY5knmfA3SOxJJwB0AAUADuKK5T4ofEjQvg/8AD7XvGfia8Sx0PRrZrm4lcgE4wFjUHq7sVRVHLMygckUAeV/tQeKdc8Sf2V8HPBErx+K/GiMmp6jC4D6Foe4R3l904kIbyYgSpZ3JB/dmvZvCPhTSvAvhnSvDuhWUenaNpdtHaWdrCMLFGihVHvwOp5JyT1rx79ln4e+LrG18R/ET4kxiP4g+M7oXUliW3nRdOXJtNNVsDiMO7NgAF5GJycsfeqACiiigAooooAKKKKACiiigAooooAKKKKACiiigAooooAKKKKACiiigAooooAKKKKACiiigAooooAKKKKACiiigAooooAKKKKACiiigAr58/ah/aA1rwDdaD8Ofhzp8Gv8Axe8YLIuk2U8myDT7dQfNv7lu0aYOB1YqQM7SK7f9oL446V+z78OLvxPqNrNqt60qWWk6LaZNzqt9IdsNrCFViWZvRTgAnBxiuG/ZX+Aep+BrjxD8TPHk41D4seOjHd6w/Pl6XDgGLToAScRwjCk5yxQZJCrQB2H7OvwD0n9nzwDHo1rM2ra9eOb3XfEVyC11q98xJknlckseSdoJO0ccnJPqtFFABXzBdTW37Vn7QEulPAbv4X/C++3XfmH9xrPiEAGOPbj54rNS5YEgGV04YLXY/tUfEbxJ4V8H6Z4V8AyRp8SPGl6NG0KaVS8djkZuL6QAE+XBHlidrAO0YIIOD2vwX+E2jfA/4a6J4N0JWa006LElzIP3t3OxLSzyHJy8jlmJJPXHQCgDuaKKKACiiigAooooAKKKKACiiigAooooAKKKKACiiigAooooAKKKKACiiigAooooAKKKKACiiigAooooAKKKKACiiigAooooAKKKKACqGt61Y+G9HvdV1S8h0/TbGF7m5urhwkcMagszsx4AABOfar9fIP7QXiDUv2mvjbZ/s9+GXc+DdMWHU/iVqtvkeXbk77fTFkxhXmKgsB823ocLIKAE/Z/sdU/as+Mkvx78QCaHwBorz2Hw50W4jaPchHlz6tIhAy0uGWPPIXPAKqx+qtJ8TaPr11qNtpmrWWo3OnT/AGa9htLhJXtZhyY5ApJRsfwtg14h+1l4+1T4D/APTdJ+GzWHh3xPq2o6b4S8Kq1qHtrSWV1RAsIRshII5SqBG5VQEb7p8p/4JV/De88M/Bvxf4vvpZLo+MvE13f2d5OytNc2kTGJJZCCfmaQTtwSCCGBIagD7arP17XLHwzoeo6xqlzHZaZp9vJd3V1KcJDFGpZ3PsFBJ+laFfMn7Tkl58cvG+hfALRll/s6++z63431CM4S20ZJiVtMjkS3TxFBggqqMSCpNAC/su6PcfGDxlrv7ROv201vN4jg/srwhY3MYRrHw/HIWikKkZEly+6duWG1owDivpqq9naQ6faw21tDHb20KCOKGJAqIoAAVQOAAAAAOOKsUAFFFFABRRRQAUUUUAFFFFABRRRQAUUUUAFFFFABRRRQAUUUUAFFFFABRRRQAUUUUAFFFFABRRRQAUUUUAFFFFABRRRQAUUUUAFFFFAHj/7Unx6t/wBnv4VXOuRQf2l4m1GdNJ8O6QoJfUNSmysMQA7A5ZicfKpAOSAa37KX7Pp/Z7+GI0vUtR/t7xjq91Jq/iPXHHz3t9Ly53HkovCrnqATgFiK8f8Ahv5H7XX7WmsfEK6IuPAPwju5dD8LRrFuhv8AVZEAvbtmYEMI8RqgXIyI3BBHzfWPi/xRY+CfCeteItUl8jTNIsp9QupT0SGKNpHP4KpP4UAfnN/wUE+Lmr+NvjJfeE9BkH2P4f6bH5KxSgNc+I9WxZ2a5B+V4IZpJ0PBDRyZyMV9+fBj4dw/CP4SeDvBUEizLoOk22nNMi4EzxxqryY7bmDN/wACr88f2Y9PuPi18QPhJPq8YXxF4x8Q6t8Y/EcCE77e3t3a00mPHXyjI5dC2Bg8ZJ4/UOgDivjJ8UtJ+Cnwv8R+ONbEkmnaLaNcvDDjzJmyFjiTJxud2VBnjLCuH/Zb+Eev/DvwrrGv+Ob2PVPiT4yvjrHiC7jzshYoFgs4iRnyoIwEUHoS5HBrjNVa0/ao/aOGjLJO/gH4SajHc36gDydV8QFS0cJ5O5LRcOwwCZZAOi5P1BQAUUUUAFFFZfiDxLpHhHSptT1zVbLRtNgGZbzULhIIYx6s7kKPxNAGpRXzbrn/AAUG+C9lqU2l+Htb1L4h6zFgtp/grSLjVG2kHDCSNPKIyAPv5yw7ZI9Y+C/xi8OfHr4c6V428KS3Mmi6iZFjF5AYZVaORo3RlPQhkYcEg4yCaAO6ooooAKKKKACiiigAooooAKKKKACiiigAooooAKKKKACiiigAooooAKKKKACiiigAooooAKKKKACiiigAooooAK+d/wBuL4za18Jfgyll4PYf8LA8Yalb+GPDiAkH7XcvtLggjaVTeVYnAfZn0P0RXyPHc2nx6/4KCTQmP7XoXwa0NeJFyg1rUDkMATg7beMgHGQ6nkYBoA99+B3wn0v4G/CTwt4E0YZsdEslt/M2gGaU5aWUgd3kZ3PuxryX/goDrN8P2fW8GaTIYdb+IWtaf4NspOwa7mHm546GGOYEnAAOe2D9K18F/tpfE4aT+1Z4AJAuLD4Y+D9b8f3tvsLK8zQtb2YbBxkTpGBnGPN5OGBAB6F+yT4DspvjX8YfGthB9k0PRri2+HHh6zyf9Hs9KiSObGeCrTZAOc/um4GefUv2oPjDqPwd+Gv2jw3YDWPHGu3sOh+GtMIJFxfzEhC2P4I1V5GJwNsZBIzmqf7Gfw41D4V/sz+BNE1mPy9ekszqWqbv9Z9ruZGuJRIcnLhpSpOcZXjgCuS+FM1x+0F+0Z4k+JF7aL/whvgGe58MeD2kR/8ASbsgLqWoISQrKSBbo67lKrJgg7sgHrHwJ+Emn/A/4XaJ4SsD50trGZb+9PL3t5IS9xcOSMlnkLH2BAGAAB6DRXhnxy/bG+HPwJ1S38P6he3fiPxteKxsvCPhq1a+1K4YYwpjQYjJzx5hXcAxUHacAHudePfGn9rH4W/AGeGy8W+KIYtbuCEttC0+N7zUJ2YAoogiDMu7ICl9qkkDNeRw+Gf2lv2k7oy+JNYj/Z8+H07AjR/D863XiaeEYyHuwDHbFgcgp86FQpQ8k+vfCf8AZj+Fn7Psdxqnh3w7Z2eq7GkvfEuqSG51CQYJkeS6lJYA8lgCF9sAYAPK4/iF+0x8etTki8H+ELD4HeC2fYNe8bQ/a9deMqCJIbBSY43GfuTErkfeOCKpeNP2SPgx8PdJf4i/HjxPrfxLm0nDDVfHWpyTwQFiAIYLOLbGQzYxFscljwCcY6rU/wBqfVvi1rGo+GPgBocXjK7tJGtr3xtqTND4d0yQNtO2QDdeOOTsh4IKnfgmuq+H/wCzLp2k69p3jD4ga1d/E/4jWfzRa9rCBLeyY44srJT5NsBjhlUyEkkuc0AeSab8PPFf7TehyeFYfCLfAv8AZ4kjUrpdnDHYa7r8ZAzG0MR2WNs2CGVgZXUAYUSHb9W+EvCOj+A/DGmeHfD2nQ6TommwLbWllbrhIo1GAB3J9SckkkkkkmtqigAooooAKKKKACiiigAooooAKKKKACiiigAooooAKKKKACiiigAooooAKKKKACiiigAooooAKKKKACiiigAooooAK+R/+CcOjy6p8NPHHxMvJo7u++IfjDU9XW4Qq3+jxztbxpuXhgGjmIIAGGGBjk/XFfE3/BPv4seFPhj8PdQ+A3ibWrPw7428A6zqGnNY6tcR28l/BJdSzxXEO4gSKRKR8ucAKTwykgH2zX5A/Ha80740/wDBRrxT4buXluk1TVNG8GWtsI5Qv2WKS2udSdmX5WVRDNGUJGRcgkAAsP1J1741fD3wtGZNa8d+GdHQLv3X+sW8A25xnLOOM8Zr8a/2ZPideQft5ePfiJongjWPiZc/2lreoaZZeGoFaITXdwyiaSZiRBAYnk/eHOMqMYYkAH6tftV+Nta0vwbpXgnwhezWHjrx9fjw/pN5bZMmnoyM91fYBDBYIFkbcvIYx8jORy3ir9oL4S/saeDPDHw40+S61/WdPtBp+neEfC8Jv9Tk8pASZI1J8ssSDmQgsWJGcNjxT4SeDfib+3Vr83xZ8T+L5vhj4YhivPDOnaL4QmW4uvIWdDcTW+okMimV4hG09uDvSEKGC5z9dfBz9nn4ffAXT5rfwX4ct9Nubnm81OQma+vGOCWmuHJdySNxBOMkkAZoA8SvvBPx+/ajjs5/EOuyfALwBKBI3h/QZ/tHiG+jbBC3FzhVtSVP3Y9xBLKwJAI9t+Dn7O/w8+AeltZ+CPC1lo0kq7bjUAplvLrJBJmuHJkfJGcFsA9AK5/4yftaeAPg5dNos19N4p8cS/JZeDfDcRvtVuZDjavlRg+WDnO6QqMA4ycA+VyfD349/tYaR5fxE1P/AIUV4Dum3N4Z8LXIn167iyMJc3v3IlI52xrkglXUcigDuPix+2P4d8I+KD4F8B6ZdfFX4ozAiHwz4fdCls3Zr25J8u2jBIyWJIyCVAOa57Tf2ZvG/wAbfE0PiT9oDxHbajo0JEln8MfDryLokDADa125Ia8cHJIYbAc4yp21nWvxJ+DP7Hemv8M/g94Tk8Y+Ng483wn4PQ3moPICQ0t/cfN5QXPJlbKhgAu3p3H7M/7TGu/HDxV8QfCniz4eS/DjxX4MfT/t2mtq8WpqyXkLyxESxooDbUyV5xuAJzkAA9y0vS7PQ9OttP02zgsLC1QRQWtrEsUUSAYCoigBQBwAAAKu0UUAFFFFABRRRQAUUUUAFFFFABRRTGkWNSzHaoGSTwBjqaAH0VwniL47fDbwgrNrnxB8LaMFAJ+36zbwnnOOGcdcHHrivLvEX/BQz9nXwvGHvPiro8wI4Gnxz3p646QRuf8AOelAH0ZRXx5N/wAFQfhjeKjeG/CHxG8ao+W36D4aZwEHAk/ePHlT2xk+oFNX9uj4i6wAug/sq/E+4m5DLrVt/ZihsZUBnQ5HBye3HXOKAPsWivjc/tMftU6yyf2T+ygLNVzv/tLxnaAnGOm5Y8dffPOOhram8c/tiXupCO1+GPw10y1kdVWS+16eYQ5wCzmMAsAckhVzjgAmgD6uor5V/wCM3v8Aq3//AMrlH/Gb3/Vv/wD5XKAPqqivkmbxd+2lpcptpPAXwo1p0xm+07VLyGCTPPypKwcYzg5HJBI4IqlZ/tKftR6KsX/CQfspm7WR1UyaP4zsmKj+I+WPMPuMso7Z70AfYdFfH9v/AMFCbnQWUePfgF8VvBsWCXvl0M3lnGACxJlUqSAoBOFJBJBAAzXqXgn9tT4G/EK++w6P8TdCW/3iMWepznT7guTjYI7kRsWyMFQCR3FAHt1FMWRZFDKdykZBHIOehp9ABRRRQAUUUUAFFFFABRRRQAUUUUAFea/Fr9nH4Z/HSS0l8d+C9L8SXFouyC6uois8aZJ2CVSH25JO3OMknGa9KooA+ftP/YX/AGd/Ccct2nwq8NeVD+/d9QtzdKoXJJIlLDbgcjoe4r4B/YluVvPg38VdW8IvbaT42+KvjaHwZpa28AWXSrWRGuZ50AJ2pHbzXDgL0a3XJOFx+kP7W3j2D4a/s0fEvXZb5LC5i0C9is5HlEZN08LpCqkkZYuVwAcnHAJ4r8c/2XbH4neC/Ba/FTwfoMugeFLdzompeN4tLGsXWkSMT9ovrKyLrgGEwQythgcE5B4UA/YPxd8SPhX+xb8J/D2l6tqUXh7QbC3XTtH0tN095d+WqjZFGMvK+SpZsYy4LEbs15adU+P/AO1RM0em291+z38NJCWXUrpVm8T6lEdpTZF92yBBOSxLqcYyM15h8HvjV+xn8Lvs3jGLx7P468d3j7H8SeJbK+1TXppsEgBDAWiA24BRVXoNxzk+wr8evi/8frUwfB34fz+BtJMmJPGfxKtmt1aP5gfslihMkjE4KvIVTAII5GADd0bwf8Cf2E/Dr6nI9noWp6sWjl1bUZWvdb12ckM6gndNPIzkMY4xjcwIUZFZUOi/GL9pu8uH8QPqHwT+Fztti0a0kT/hJNZgIOTcTAsLBGBXMceZfvKWXgns/hX+yt4Y+H+vL4s166vviJ8RWBMvi3xNJ59whJBK20ZPl2sYOcLEowDjJAFd78VvGl38O/h5rniWzsbTUp9NgE/2a/vxYwMoYBy8xR9oVSW4RiduACSBQBzvhzwX8MP2SfhTqsui6Tp/gnwdpMMmoX0kIJLBE5kkdiXlchQoLFmOFAzwK86/Yc8HzyeDfFHxY1SGWDWvirq0niYQzsGe305iRp8BI67YCrdTjzMdq88+LvxMsf2xtc+HHwR02xvLfTvEEMPivxrbyMyG30aGQNFAZFwQbiYQlSNrBCpIQtgfaVraxWNrDb28KQW8KCOOKJQqooAAUAdAAMAD0oAnooooAKKgurqGyt5J7iVIIYwWeSVgqqB3JPAFfPPxV/4KCfAn4RXx07UvHFtrGr5IXTfD0bajKWABClogUViSAAzAkn2OAD6Nor46t/2uvjR8ZLEn4Ofs/avZ20jbE8QfEidNMto+vzfZlfzJl6DMTnByOxwjfs+/tU/E7zV8eftAab4I06Qjdpfw70jnAzgpdyiOZCcgnlhxjHegD651bVrLQ7CW91G8t9PsoseZcXUqxRpkgDLMQBkkDnuQK+f/AIgf8FCv2ffhuri/+JWl6lcK/l/Z9C36ixbPPMAZQAM5JYDjHXisax/4Jx/Ce8uEuPGt54w+KVyh3rL408SXN3h+fnKxmNScEjkEcnjPNexeBf2efhh8MXjk8KfD7w3oFymMXVlpcMdwcEkEy7d5IJyMk47UAfPcn/BQDxF4+sref4Qfs+fEHxzb3ShoNV1W2XSdOkDAEMk7CQOBnnO3p1wQaj/4SD9t/wAfbI7bwt8NfhfbSMd0upXkmo3UKnOMGJ5I2IBGBtwWXkgEivsyigD5Ms/2Yfj74rjMnjj9p7WIN5J+w+D9BtdOWLDEgCfBdwRtPKgjkZPWotQ/4JrfD/xfN5nj7xx8SfiVyD5fijxM80a4JICrGibQCzEAHjccV9cUUAfOvhv/AIJ5/s6+FVxZfCnRpx/1Ennvj1z1nkfv+nHSvVfCfwV+HvgGYTeGfAfhnw5KH8wSaTo9vatuxjdmNBzjjPpXa0UAFFFFABRRRQAUUUUAFFFFABXA/FD4EfDz40WqweOfBuj+JtibIpr+1Vp4lyTiOUAOgyT91h1Nd9RQB8sWn7Hev/BG3eb9n/4ial4Ns4vMlTwX4i3avoM7EltgEjedb7mI3SRyFuM4OTnuvgb+0BfeN9aufAvj/QD4F+K+nWzXd1oZcy217aiTyxe2U2NssLHAIzuRiVYcZPttYupeEdG1jXtH1q80y3n1fR2lawvmQedb+ZGY5ArDnaynBU8EhSRlVIANqiiigAooooAKKKKACiiigAoorn/HPjrw/wDDXwrqHiXxTq9roehaenmXN9ePsSMZAA9SSSAAMkkgAEmgDoK+X/iN+2Jfax42uPh78CfCy/FPxtbSeVqWoef5Oh6Gc4JubkcO4OcxRnccMAdw2ni2HxI/b01CSGW21P4Y/s5ybZEmb/Rdd8VL8pC4JJt7ViCc4DOhXG4OfL+qvhv8M/DPwh8H6f4W8IaNbaHodjGEitbZeuABvdj8zuQBl2JZiMkk0Afmf/wUG+At38Nf2dNV8d/FbxvdfEf4na7qVrpmmyTCSHTdF3O880dhbA7VBihKF5ByFyArNz+hH7MPw7s/hR+z18PfC1lbQ232HRbUXH2ddqyXLRq9xLjJ5eVpGPPVjX54f8FdfiRH8RfjR8M/gtpt3DL9nniudRW3kDSRXN06xQxuP4WEXzgHkiZSRgjP6uQwpDGkcaCONRtVFAAUDgAD0oAhXT7Vb83otoRelPKNyIx5hTOdpbGcZAOPardFFABXAfHb4uaZ8CfhJ4m8c6qFlg0ezeaK1aTYbqc/LDApwfmkkKoODjdnBruppkt43kkcRxqNzOxACgdST6V+bvxs/a++H/xQ/av0XSrnV77xT4D+HsqX1j4d8K2Umo3XifxACRH5SKNjRW4zhmdQXPy7lYlQD6Y/Ys+EGteEfCWt/EPx3AV+KHxEuxrmuLLEY3sYyuLawCk5VYUOMEAhmZTnaMe9eIfEukeEdLk1PXNVstG06MgSXmoXCQQrk4ALsQBk+pr5Hi+I/wC1v8d9QMXhXwHovwM8LSFGXWvF7i+1TZn5ilspwr452SoB235yau6L/wAE2vBuva1H4g+L3i7xR8Z9fWbz869fPBYo2BxHbRt8q5A+QuVwAMY4IBsePv8Agor8MND1JNE8CQaz8ZPFEn3NL8CWTXypnIUyTD5ApII+QuR1KgEGubXXv2wfj9Yv/Zei+Gf2eNCklX/StWk/tbW2j5yY4wpiUdiJFR84Kkda+tfDPhPQ/BOkQ6T4e0bT9B0qH/V2OmWsdtAn+6iAKOnYdq16APj3Rf8Agm74c8QX9tqnxi+IfjP4z6jG/mPa61qMlvpm7HBS2jYsgB52iUqehBGQfob4b/Av4d/CCPb4K8E6F4ZkMflPcadYRxTyLnOHlA3vz/eY9BXeUUAFFFFABRRRQAUUUUAFFRRyCSNWXOGGRuBB59QelS0AFFFFABRRRQAUUUUAFFFFABRRRQAUUUUAFFFFABRRRQAUUUUAFFFFABRRRQBzvj7x5oPwv8Hat4q8T6lDpGg6XCbi7vJ87UUEAAAAksSQoUAliQACSBXyv4Q+FniL9s7xxbfEb4rafqGi/CmykhuvCPw4v3A+1MuSuoaginBZgW2wtnCvgkgHzK/7VY03x5+2F8GfAPxA1WHRfhlBZTeI4INQUC013WIpdkdnI7DaCkZ8zDHDByuCXWvtKgAqrqF9b6VY3N7dyrBaW0TTTSvwqIoJZifQAE/hT7q6hsreSe4lSCGMFnklYKqgdyTwBXxd+3h+2P4D0P4N634J8KeN9O1fxh4kaPR2t/D9wL64s7aVwt1KRCTtYQiQKCQ25lIBoA+DdY0+X4iftvfBDXNUitv7W8cazp/jC/t2DApb3OpFra23dwthDbOOgBlYdck/uVX4l+D/ABV4g+L3/BQy31j4SeD2t59HENvoWj+MJvsS6dbWGmC1KTRqGeNNzLJ5acknGMksv3jdfsmfGv4yXon+L/x4vbHR5Btn8K/Dm3bTbVlzkobhj5jqSMHehOMgEUAet/Gb9sP4O/ARp7fxl470yy1SEhX0i1c3d8pIDANBEGdAQQQXCjnrXld9+038dPjDbrF8GPgjd6LZXBBj8VfE2QafbLGTgOlmjedIGHzKwJwMEqQcV658I/2SPhD8Dpornwf4E0uw1SPJGrXMZu77JJLEXExaQZJOQGA6cYAA9M8R+INO8KaDqOtaveR2Gl6fbyXV1dzHCRRIpZmPsADQB+bH7VHwT8ay+HtH8N/FT4s6/wDE34oePbptO8L+C9AkGk6FaTlSHubhFUmaK38xGDsFJAwQQWYfcH7O/wCzP4G/Zq8E6boXhXRLOC+itVhvta8hftt/JwXeWXG4gtyFztXgKAAAPJP2TvBup/Gbx9rH7SnjOBhNr0RtPA2k3a7n0bRQSFlwRhJrgfOSpPyucMRIVH1tQAUUUUAFFFFABRRRQAUUUUAFFFFABRRRQAUUUUAFFFFABRRRQAUUUUAFFFFABRRRQAUUUUAFFFFABRRRQAUUUUAFFFFABRRRQByfxI+FnhH4w+GZfD3jXw9YeJdHkO77Nfwh9jYIDo33o3AJAdSGGTg814Rb/wDBO/4a6bmDS/EHxA0fTVJ8jTbHxdeJb2ylidsYLEgDOOSTgdc5J+o6KAPmXS/+CdXwOhvFvNb8Pal40v1mMq3PijW7u+IyFGCjSCMj5R95STkgkjisfQvhj4KtP21vDmi+C/DPh/w3pfw88L3Oq3ceiafDbsb7UXFvCkmwD5hbwzMCQTiU5+8K+sq+ZP2MrX/hJtS+NHxWnwR4y8ZXUen3QL7Z9L08CztXw4DAkxzHGSACAAMEUAfLn/BPlbPxh+3R8afEc0KNfR3viG6j8wGYxx3Go2yxFXPAKiCdBgAlWPQYz+n1fmn/AMEertfFd98TNf8As0Nv9nt7GxRrdw28y3WoXkgf5FJZRPGmTnhcA44X9LKACvjz9oBj+1r8dNK+Bej6i3/CEeGXj1z4hXFtkpMQ6m10ouMfNIQzuAeFGfvIVr179qb46XHwL+HMdzoenDXvHWu3cejeGNDX717fynCAjIwiAF2JIGFAJBYGpv2Y/ge3wO+G4tNTuV1Pxlrd1JrfifVxyb3U5/mmYHH3FPyqMAYUHAJNAHrFvbx2tvHDDGsUMahEjjUKqqBgAAdAABgCp6KKACiiigAooooAKKKKACiiigAooooAKKKKACiiigAooooAKKKKACiiigAooooAKKKKACiiigAooooAKKKKACiiigAooooAKKKKACiiigDzP9pT4lN8H/gF4+8ZRvsutI0e4ntSBn/SShWAH2MjID7etcz8GvD6/Bf9jXwzYM32CTQ/BqXFzJHk+XOLXzZnGBn/AFhc8DP1rmP29LODxd8NfBfw8n+aDx1410fRLhM/8u6z/apiR1ICWx6EcleRXp/7SupHRf2c/ipqCoJWtfCmqzhGOA220lbGffFAHyL/AMEW/D39n/s1eKNWeB4ptS8UTKkjDAlhitrcKR7B2lH1Br741TU7XRdNu9Qvp0tbK0he4nnlOEjjUFmYnsAASfpXyx/wS58J/wDCK/sV+CGfzBc6nLfX8yOwIUtdSooHHA2RoSDk5LfQTftYeLtR+LnjfR/2bPCUzw3via1+3+LtYhOf7K0NXAkTABxLccxDPADcj5wQAZn7ONrfftQ/Gy7/AGitWeT/AIQnS47nRfh1pk6MjJCT5V3qRTPyvMVeMZG4oMEDapP2BWZ4d8P6Z4S0LT9F0axg0zSdPgS1tLO1QJHDEoCqigdAAAK06ACiiigAooooAKKKKACiiigAooooAKKKKACiiigAooooAKKKKACiiigAooooAKKKKACiiigAooooAKKKKACiiigAooooAKKKKACiiigAooooA+a/jpPBr37Xn7OXh5maX7G2u+IJ4EYjZ5VkIYXcDkAvO2DkAlSDnOK7/wDan8F6n8Rf2b/iV4a0W1F/q+paDeQWdrlgZpvKYogIZcMWAAyduSNwK5B8/aN9Q/4KM5ncSQ6X8LFe1haNfkkuNWdZJA2N2Stui9cAZ9Tn6NvLuHT7Wa5uZo7e2hQySTSuFRFAJLMTwAACSTxxQB8x+F/Gy/sX/sN+FL7xhZ7PEOn6TDEmhxEebdarcbpBaIq8bjK7AhAQoViMha6X9kP4F6r8LfCOq+KPG1ydU+KXji5GteJb6Qf6mVlBjso+TiKBTsUA4BBx8u0DzT4N2t1+2l8ZofjN4gsfL+F3g66mt/h3YyIyHULgOFm1WYE5OGiCxAjAwTtVlJb7KoAKKKKACiiigAooooAKKKKACiiigAooooAKKKKACiiigAooooAKKKKAI13Y5xnJ6H3+lSUUUAFFFFABRRRQAUUUUAFFFFABRRRQAUUUUAFFFFABRRRQAUUUUAFFFFAHyD4M8baZqH/BT/4h6K97P/adn4BsbWK3mQiMhZ1uHCMT2FzG2FBBLSHgqcp+0x4p1X9pD4lW/wCzt8P9Ua1s4zHffEXWrWTYbDTSwxYo4z+/nBOVA4UDOVL47L9oT9kvUPir8RdF8feBPHsvwq8a2un3GkX+tWGlR3k1/ZS7MRndIvlshVtsgyw39flXHoHwB/Z/8Mfs6+CB4f8ADqT3VxcStd6nrF+/mXup3TcvPPJ1ZiSfYDgdyQDt/C/hvS/BvhzStB0WzTT9H0u1isrO0jzthhjUKiDJJICgDJJPHNa1FVY7rfeTW5ilUxqr+YyYRgxYYU9yNpyO2R6igC1RRRQAUUUUAFFFFABRRRQAUUUUAFFFFABRRRQAUUUUAFFFFABRRRQAUUUUAFFFFABRRRQAUUUUAFFFFABRRRQAUUUUAFFFFABRRRQAUUUUAFFFFABRRRQAUUUUAFFFFABRRRQAUUUUAFRtuyuCMZ5/Lt+NSUUAFFFFABRRRQAUUUUAFFFFABRRRQAUUUUAFFFFABRRUKXEckrxrIrSR43oG5XIyMjtmgCaiiigAooooAKKKKACiiigAooooAKKKKACiiigAooooAKKKKACiiigAooooAKKKKACiiigAooooAKKKKACiiigAooooAKKKKACiiigAqLykMok2AyKCocjkAkEgH0OB+QqWigAooooAKKKKACiiigAooooAKKKKACiiigAooooAKKKKAIo5BMuV3ABmX5lKnIJB4IHHHB6EYI4qWiigAooooAKKKKACiiigAooooAKKKKACiiigAooooAKKKKACiiigAooooAKKKKACiiigAooooAKKKKACiiigAooooAKKKKACiiigAooooAKKKKACiiigAooooAKKKKAP//ZDQplbmRzdHJlYW0NCmVuZG9iag0KNiAwIG9iag0KPDwvVHlwZS9FeHRHU3RhdGUvQk0vTm9ybWFsL2NhIDE+Pg0KZW5kb2JqDQo3IDAgb2JqDQo8PC9UeXBlL1hPYmplY3QvU3VidHlwZS9JbWFnZS9XaWR0aCA1ODYvSGVpZ2h0IDUyMS9Db2xvclNwYWNlL0RldmljZVJHQi9CaXRzUGVyQ29tcG9uZW50IDgvRmlsdGVyL0RDVERlY29kZS9JbnRlcnBvbGF0ZSB0cnVlL1NNYXNrIDggMCBSL0xlbmd0aCAxMTQyMT4+DQpzdHJlYW0NCv/Y/+AAEEpGSUYAAQEBAGAAYAAA/+EAWkV4aWYAAE1NACoAAAAIAAUDAQAFAAAAAQAAAEoDAwABAAAAAQAAAABREAABAAAAAQEAAABREQAEAAAAAQAADsNREgAEAAAAAQAADsMAAAAAAAGGoAAAsY//2wBDAAMCAgMCAgMDAwMEAwMEBQgFBQQEBQoHBwYIDAoMDAsKCwsNDhIQDQ4RDgsLEBYQERMUFRUVDA8XGBYUGBIUFRT/2wBDAQMEBAUEBQkFBQkUDQsNFBQUFBQUFBQUFBQUFBQUFBQUFBQUFBQUFBQUFBQUFBQUFBQUFBQUFBQUFBQUFBQUFBT/wAARCAIJAkoDASIAAhEBAxEB/8QAHwAAAQUBAQEBAQEAAAAAAAAAAAECAwQFBgcICQoL/8QAtRAAAgEDAwIEAwUFBAQAAAF9AQIDAAQRBRIhMUEGE1FhByJxFDKBkaEII0KxwRVS0fAkM2JyggkKFhcYGRolJicoKSo0NTY3ODk6Q0RFRkdISUpTVFVWV1hZWmNkZWZnaGlqc3R1dnd4eXqDhIWGh4iJipKTlJWWl5iZmqKjpKWmp6ipqrKztLW2t7i5usLDxMXGx8jJytLT1NXW19jZ2uHi4+Tl5ufo6erx8vP09fb3+Pn6/8QAHwEAAwEBAQEBAQEBAQAAAAAAAAECAwQFBgcICQoL/8QAtREAAgECBAQDBAcFBAQAAQJ3AAECAxEEBSExBhJBUQdhcRMiMoEIFEKRobHBCSMzUvAVYnLRChYkNOEl8RcYGRomJygpKjU2Nzg5OkNERUZHSElKU1RVVldYWVpjZGVmZ2hpanN0dXZ3eHl6goOEhYaHiImKkpOUlZaXmJmaoqOkpaanqKmqsrO0tba3uLm6wsPExcbHyMnK0tPU1dbX2Nna4uPk5ebn6Onq8vP09fb3+Pn6/9oADAMBAAIRAxEAPwD4MooooAKKKKACiiigAooooAKKKKACiiigAooooAKKKKACiiigAooooAKKKKACiiigAooooAKKKKACiiigAooooAKKKKACiiigAooooAKKKKACiiigAooooAKKKKACiiigAooooAKKKKACiiigAooooAKKKKACiiigAooooAKKKKACiiigAooooAKKKKACiiigAooooAKKKKACiiigAooooAKKKKACiiigAooooAKKKKACiiigAooooAKKKKACiiigAooooAKKKKACiiigAooooAKKKKACiiigAooooAKKKKACiiigAooooAKKKKACiiigAooooAKKKKACiiigAooooAKKKKACiiigAooooAKKKKACiiigAooooAKKKKACiiigAooooAKKKKACiiigAooooAKKKKACiiigAooooAKKKKACiiigAooooAKKKKACiiigAooooAKKKKACiiigAooooAKKKKACiiigAooooAKKKKACiiigAooooAKKKKACiiigAooooAKKKKACiiigAooooAKKKKACiiigAooooAKKKKACiiigAooooAKKKKACiiigAooooAKKKKACiiigAooooAKKKKACiiigAooooAKKKKACiiigAooooAKKKKACiiigAooooAKKKKACiiigAooooAKKKKACiiigAooooAKKKKACiiigAooooAKKKKACiiigAooooAKKKKACiiigAooooAKKKKACiiigAooooAKKKKACiiigAooooAKKKKACiiigAooooAKKKKACiiigAooooAKKKKACiiigAooooAKKKKACiiigAooooAKKKKACiiigAooooAKKKKACiiigAooooAKKKazBQSTgUAOorHvfElra5VD57+idPzrFuvE15PkIVgX/AGBz+ZqXJG8aM5HY/d5PSq7X1vH964iX6uBXCS3E1wf3kjuf9piajqec2WG7s7/+0rP/AJ+oP+/i06O9gk+5PG30cGvPqKOYr6su56RRXnsN5Pbf6qaRP90mtO18U3UPEoWdff5T+lPmMpYeS2OvorLsdetb3C7/ACpP7snH61qVV7nPKLjowooopkhRRRQAUUUUAFFFFABRRRQAUUUUAFFFFABRRRQAUUUUAFFFFABRRRQAUUUUAFFFFABRRRQAUUUUAFFFFABRRRQAUUUUAFFFFABRRRQAUUUUAFFFFABRRRQAUUUUAFFFFABRRRQAUUUUAFFFFABRRRQAUUUUAFFFYWta+LPMMGGm6Fuyf/XpN2KjFzdkXdQ1aDTV+c7pD0jXqf8ACuV1DWLjUGId9kfaNen4+tUpJGlcu7FmY5JPWkrJyuejToqHqFFFFSdAUUUUAFFFFABRRRQAVp6dr1xYYVj50P8AdY8j6GsyimTKKkrM72x1GDUI90TZPdTwR9at153b3ElrKJInKOO9dfo+tx6kuxvknA5XsfcVopX3PPqUXDVbGrRRRVnMFFFFABRRRQAUUUUAFFFFABRRRQAUUUUAFFFFABRRRQAUUUUAFFFFABRRRQAUUUUAFFFFABRRRQAUUUUAFFFFABRRRQAUUUUAFFFFABRRRQAUUUUAFFFFABRRRQAUUUUAFFFFABRRRQAUUUUAFFFZWtaqNNt8Kczvwo9PelsVGLk7Ir69rn2VTbwH98fvN/c/+vXKZLEk8mlZmZizHLE5JNJWLdz1KcFBWQUUUUjUKKKKACiiigAooooAKKKKACiiigAp0cjRuHQ7XXkMKbRQI7LRNYGpRbHwLhRyPUeta1edQzvbSrJG211OQa6+08QWs0CtJKsUhHzKexrWMu559Wi4u8djWoqgNasW4+0x/nT11aybOLqH8XAqro5+WXYuUVAt5A/3Zo2+jA1MCGGR0pi1FooooEFFFFABRRRQAUUUUAFFFFABRRRQAUUUUAFFFFABRRRQAUUUUAFFFFABRRRQAUUUUAFFFFABRRRQAUUUUAFFFFABRRRQAUUUUAFFFFABRRRQAUUUUAFFFFABRRRQAUUUUAQXVwlrC8rnCKMmuFvrx765eZ+rHgeg9K1/FGo+bKLVD8qcvju3pWDWUmejQhyrme4UUUVB1BRRRQAUUUUAFFFFABRRRQAUUUUAFFFFABRRRQAUUUUAFFFFABSpI8f3WZT7GkooEWo9WvIfu3Mn4tn+dXYvFF7H94pL/vLj+VZFFO7IdOL3R0sPi5DxNbsvuhz/ADrTt9csrrAWdUb0k4rh6KrmZk8PB7aHoysGGRyKdXn9rqFxZn9zMyf7OePyras/Fh4W6jyP78f+FUpI5pYeS21Omoqta3sN5HuhkDjvjqPwqzVnPtuFFFFAgooooAKKKKACiiigAooooAKKKKACiiigAooooAKKKKACiiigAooooAKKKKACiiigAooooAKKKKACiiigAooooAKKKKACiiigAooooAKq6hdrY2ckzfwjgep7CrVcv4svN0kdsp4X52+vb/PvSbsjSnHnkkYEjtI7MxyzHJNJRRWB6wUUUUDCiiigAooo9KACitKz8P3l4A2wRJ/ek4/StWHwjEo/eTux/wBkAfzzVcrMZVYR3ZzFFdd/will/emH/Ah/hVabwimP3NwwPo4z/KjlZKrwOaoq9e6LdWOWePdGP44+R/8AWqjUmykpK6CiiigoKKKKACiiigAoorQ0vSf7U8wLMI3TnaVzketBMpKKuzPorZl8K3aDKNHJ9CQf5VnXOnXNp/rYGQf3sZH507MmM4y2ZXooopGgUUUUAFFFFAD4pnt5A8blHHdTiui0zxOGxHd/Kf8AnqOn41zVFNOxnKnGe56MrCRQynIPQinVxej63Jp7COQmS3J5HdfcV18MyTRrJGwZGGQR3rVO55tSm6b1JaKKKoyCiiigAooooAKKKKACiiigAooooAKKKKACiiigAooooAKKKKACiiigAooooAKKKKACiiigAooooAKKKKACiiigAooooAKKKKAGswUZPGOtcBfXBvLuWY/xtkfTt+ldhr1x9n0uYg4ZhsH41xFZyZ3YeOjkFFFFZnaFFFFABRRT4IHuZVjjG52OAKBDrW1lvJhHEu5j/L1NdbpehQ6eodgJZ/7x6D6Cp9L02PTbcKozIfvt3P8A9ar9axj3POq1nLSOwUUUVZzBRRRQAdaw9U8Ox3W6S3Ail64/hb/Ctyik1cqMnF3R51NE8EjJIpR14INMrs9a0hdRhLIALhR8revtXGspRirDawOCKxasenTqKohKKKKRsFFFFABV/Q7r7JqUTHhX+Rvx/wDr4qhQCQQe9BMlzKzPSKKrWNwLqzhl7uoJ+verNdB4700Mm+8P2t5kqvkSf3kHH4iuY1DS59NbEi5Ts69DXe1FNClxGySKGQjBBqXG5vTrSjo9UeeUVp61o7abLuTLQOflPofSsysT0YyUldBRRRQUFFFFABWx4f1c2cwhkP7hz3/hPr9Kx6KexEoqSsz0iisrw/fG8sAGOZIztP07GtWtjyZRcXZhRRRTJCiiigAooooAKKKKACiiigAooooAKKKKACiiigAooooAKKKKACiiigAooooAKKKKACiiigAooooAKKKKACiiigAooooA5zxdP8lvCO5Ln+X+Nc1Wt4ok8zVCvaNVX+v9ayawe56tFWggooopGwUUUUAFdV4Z037PB9pcfvJB8uey/wD165/S7P7dfRRfwk5b6DrXdqoVQqjAHpWkV1OPETsuVD6KKK0OAKKKKACiiigAooooAK5jxRpu0i7jHB4kA/Q109Q3EK3ELxOMqwINJq5pTm4Suee0VJcW7Ws8kTfeQkGo6wPW3CiiigYUUUUAdb4Vm8zTShPMbkfgef8AGtuuX8Iy7Z7iP1UN+R/+vXUVtHY8qsrTYUUUVRiUNatxcabcLjlVLD6jmuGrv9QkEdlcMegjb+VcBWUtzvw+zCiiioOwKKKKACiiigDb8Jzbb2SPs6Z/EH/69dbXH+F1LapnsqMf6f1rsK1jsebiPjCiiirOYKKKKACiiigAooooAKKKKACiiigAooooAKKKKACiiigAooooAKKKKACiiigAooooAKKKKACiiigAooooAKKKKACiiigDg9Xk8zVLk/7ZH5cf0qnUlw3mXErddzE/rUdc57MdEkFFFFBQUUUUAdL4StvkmuCOp2D+Z/pXR1ykPiS00TS4Yl/0i4xuKKehPPJrn9S8VX+o5BlMEX/POLj8z1Nbx2PJqS5ptne3ms2Wn8T3KRn+7nJ/Ic1j3Pjyyj4iilmPrgKP8/hXB9aKZkdbJ8QJD/q7JV/3pCf6VH/wsC6/59ofzNctRQB10fxBf/lpZK3+7Jj+lX7fx3YycSxzQn1wGH6f4VwVFAHq1nq1nqH/AB73Mch/ug4P5dauV46GKkEHBrZ03xZf6fhTJ9oi/uS8n8D1oA9JorF0nxRZ6rhA3kz/APPNz1+h71tUAcn4qtfLvEmA4kXn6j/62Kw663xRD5mmh+8bg59jx/UVyVYy3PUoy5oIKKKKk3CiiigDV8MybNWjH95WH6Z/pXZ1wmits1W2P+1j8+K7utY7HnYhe8FFRSTJCpaR1RR1LHArE1LxRHGCloPMf++RwP8AGqbSMIwlN2QeKNQEdv8AZVPzyct7CuXp0kjTSM7tuZjkk02sW7np04ckbBRRRSNQooooAKKKns7N765SKMct1PoPU0Cbtqb/AITtSsUtww+8dq/Qdf8APtXRVDa262sCRIPlQYFTVulZHkzlzSbCiiimZhRRRQAUUUUAFFFFABRRRQAUUUUAFFFFABRRRQAUUUUAFFFFABRRRQAUUUUAFFFFABRRRQAUUUUAFFFFABRRRQAUUUUAebsSzE+tFFFc57YUUU2SRYlLMcCgTdtWKzBBljgVQuL1pMqnyr+pqK4uGnbnhewqKtVHuefUrOWkdgoooqzlCiiigAooooAKKKKACiiigA6V0uh+MJbMrDeFpoOgk6sv+IrmqKAPT9SljvtFnkicOjJuDL7c1xVVNN1ifTVljVt0MqlXjPTkYyPerKSCRQynINZyO/DtWaHUUUVmdgUUUUAPt5mt5klXG5DuGavzeIr+Xjztg9FUCs2ighxUtWh8s8lw26R2c+rEmmUUUFBRRRQMKKKKACiirmn6XPqMmI1wneQ9BQJtRV2VoLd7iVY413O3QCu00fSU0yHH3pW++39B7U7TdLh02PCDdIfvSHqav1rGNtzzqtbn0WwUUUVZzBRRRQAUUUUAFFFFABRRRQAUUUUAFFFFABRRRQAUUUUAFFFFABRRRQAUUUUAFFFFABRRRQAUUUUAFFFFABRRRQAUUUUAFFFFAHnMi7JGXpg02p9Qj8u+uF/uyMP1qvzXOe0tUI7CNSxOAOazLi4M75PAHQU+8uPObap+Vf1qvWsVY86tU5nZbBRRRVnMFFFFABRRRQAUUUUAFFFFABRRRQAUUUUAFS29wYG9V7ioqKBpuLujZVgygg5FLWdZ3HltsY/KentWjWLVj1ac1NXCiiipNQooooAKKKKACiiigAooooAfbyLHMjugkUHJU9xXe2skUtvG0OBERlQBgV5/W54a1T7PN9lkP7uQ/L7N/wDXq4uzOWvDmV10OsooorU84KKKKACiiigAooooAKKKKACiiigAooooAKKKKACiiigAooooAKKKKACiiigAooooAKKKKACiiigAooooAKKKKACiiigAooooAKKKKAOH8QR+Xq0/oxDfmKxb6fy02D7zdfpXS+L4xFcxTHgMmD+B/wDr1xkkhlkLHqazS1O2VS1NJbsbRRRWhxBRRRQAUUUUAFFFFABRRRQAUUUUAFFFFABRRRQAUUUUAFaNnN5se0/eX+VZ1PhkMMgYfjSaujWnPklc16KRWDKCORilrA9Ukht5JkkZBkRrub6ZqOul8J24MNzIRkMQnPt1/nWVrWmnTrshQfJflD/SnbS5lGonNwM+iiikbBRRRQAUUUUAFHIORRRQB2eg6n/aFrtc/vo+Gz3961a8/wBPvn0+6SZOccMvqPSu6gmS5hSVDlGGQa1i7nmVqfI7rYmoooqznCiiigAooooAKKKKACiiigAooooAKKKKACiiigAooooAKKKKACiiigAooooAKKKKACiiigAooooAKKKKACiiigAooooAKKKZJIsaM7HaqjJPoKAOO8eXyl4LRR8yjex+vQf59q5GrOpXrajfz3Df8tGyB6DsPyqtQAUUUUAFFFFABRRRQAUVYstPuNRmEdvE0jd8dB9T2rqtP8BoFDXsxY/884uB+dAHG0V6hb+HdNth8lnGfeQbj+tWP7NtNuPssOPTyxQB5PRXp1x4b026+9aRqfVBsP6Vg6h4DGC1lPz/AM85f6EUAcfRU13Zz2MxiuImicdmFQ0AFFFFABRRRQAUUUUAX7CXchQ9R0q3WTbyeVMrdu9bVrCbq4iiHV2ArKS1PSozvDXodloFv9n0uEEYLDefx/8ArVNqdgmoWrxNweqt6H1qyiiNVVRgAYAp9aW0scDk+bmPOpoWt5WjcYdTgimV0/ibS/Nj+1xj50++B3Hr+FcxWLVj06c+eNwooopGoUUUUAFFFFABW74a1TyJfssh/dufkJ7N6fjWFQDjp1prQicVNWZ6RRWXoep/2hagMf30fD+/vWpW255MouLswooopkhRRRQAUUUUAFFFFABRRRQAUUUUAFFFFABRRRQAUUUUAFFFFABRRRQAUUUUAFFFFABRRRQAUUUUAFFFFABRRRQAVheML42ejSKpw8x8sfQ9f0/nW7XC+PbvzL6C3ByI03H6k/4AfnQBy9FFFABRRRQAUUUUAFT21qZzk8J6023gM8mP4Rya1FUKuBwKiUrHTRpc2r2L+j6m2kttVcwE/Mn9frXZWt5FeQiSFwy/qPavP6lt7qWzk3wuyN7d6hSsdNSipbaM9Dorm7PxYMBbmMg/34/8K1odZsp1ytzGPZjtP61rzI4ZU5x3Reoqv/aFv/z8Rf8AfY/xqtPrtlAObhXPonzfyouiVGT2RLqGm2+p25iuIw69j3B9Qa8817Q5NFudpbzIW5R/6H3rqL7xWzZW1j2f7cnJ/KsC4ka6ZmmYyM3UsanmR0Rw8mrvQw6KkuITBJjqOxqOrOZpp2YUUUUCCiiigAqzb6lc2siyRSlHXo2BxVaigd2tjZXxhqq9bkN9Y1/wqzF461GP7yQye7KQf0Nc7RQI6yPx85XbNZI4PXa+P5g1jzalbyTOY0aNCchTzisuik1c0hOUNjVW6ibo4/HipOD0OaxqVWKnIOD7VHL2OhYh9UbNFZiXkq9SGH+1ViPUEb742+/Wp5WbxrwlvoW6KajrIuVO6nVJvvsFFFFAyzp18+n3SSryOjL6j0ruoZkuIlkjO5GGQa88rd8Nap5Mv2WQ/I5+Qns3p+NXF20OWvT5lzLc6uiiitTzgooooAKKKKACiiigAooooAKKKKACiiigAooooAKKKKACiiigAooooAKKKKACiiigAooooAKKKKACiiigAooooAK8u8Q3P2rWrt85HmFR9Bx/SvTbiYW8Mkh6IpY/gK8iZizFjyScmgBKKKKACiiigAoALEAcmirNhHukLHotJ6FRjzNJF2CIQxhR171JRRWB7CSirIKKKKBhRRRQAUUUUAFFFFAENzD50RH8XUVl1tVm30flzZHRua0i+hxYiH2kV6KKK0OEKKKKACiiigAooooAKKKKACiiigAooooAVWZGypwfarkN/wBBJ/31VKik1cuM5QehsghgCDkdaWsy1ujC2Dyh6j0rS+8ARyKyaselTqKohaFYqQQcEdDRRUmp2mh6mNQtRuP75OHHr71qVwGm3zafdLKvI6MvqK7qGZbiJZEO5GGQa2i7nm1qfI7rYloooqjnCiiigAooooAKKKKACiiigAooooAKKKKACiiigAooooAKKKKACiiigAooooAKKKKACiiigAooooAKKKKAM3xDN5OiXrD/AJ5lfz4/rXl9ej+MJPL8P3I/vFR/48K84oAKKKKACiiigArTs02W6+rcmszrxWyq7VAHYYqJHXh17zYtFFFZHoBRRRQAUUUUAFFFFABRRRQAVWvk3Q5/umrNNkXfGw9RimtyJrmi0Y9FFFbnjhRRRQAUUUUAei6boenXmmWsjWkRLxKzHGDnHNV77wNZTAmB3tn7AHcv5H/Gr/hdt+g2ZP8AdI/IkVrUAeYat4evNIOZU3xdpU5X8fSsyvX5EWRSrAMp4KnkGuK8S+E/swa6skJi6vEP4fce1AHK0UUUAFFFFABRRRQAVdsJ/wDlmf8AgNUqVWKMGHUc0mrlwk4SubNFaFnoN3fQpKiqsbqGDMw6fhV+PwjKf9ZcIv8Augn/AArHlZ6bqwXUwK3vDOp+VJ9kkPyNyh9D6fjVyLwlbrjfLI59sAfyq3D4fsYcMItzDoWYn+tUoswqVqclY06KKK1OAKKKKACiiigAooooAKKKKACiiigAooooAKKKKACiiigAooooAKKKKACiiigAooooAKKKKACiiigAooooA5/xwcaGw9ZFrz2vQvHH/ID/AO2q/wBa89oAKKKKACiiigCxp8IuNQtoicCSVVJ+pAre1LTZdNm2uMofuuOhrH0H/kNWP/XZf516dcW8d1C0cqhkPY1Mlc2p1HTZ57RWtqmgS2OZIsywevdfrWTWWx6cZKSugooopFBRRRQAUUUUAFFFFABRRSUAY8g2yMPQ0lPnBWaQEYO4/wA6ZXQeK9wooooEFFFFAHpPg/8A5F20/wCB/wDobVs1jeD/APkXbT/gf/obVs0AFFFFAHmvirTV03VnWMYikHmKB2z1H5g1j103jyVW1SFAclIufxJrmaACiiigAooooAKKKKAPRvBsxl0GEHkozL+uf61uVheDYTFoMJP8bM364/pW7QAUUUUAFFFFABRRRQAUUUUAFFFFABRRRQAUUUUAFFFFABRRRQAUUUUAFFFFABRRRQAUUUUAFFFFABRRRQAUUUUAFFFFAGF4yTd4fmP91lP/AI8B/WvOq9N8Tx+ZoN4o7Ju/Ig/0rzKgAooooAKKKKALOlyeTqVo56LKhP5ivWa8dVirAjqOa9ctZhc2sMw6SIH9uRmgCbrWNqPh2C8JeL9zL7D5T+FbNFJq+5UZOLujg7zSbqxyZIyU/vrytU69I61nXOh2d1kvCEb+8nymo5ex2RxH8yOIorpZvCKHJiuGUejqD/KqknhO6X7skTD6kH+VTys3VaD6mLRWx/wi17/0y/77/wDrU+PwndN96WJR7ZP9KXKx+1h3MSiunh8IxLzLO7+ygD/GtS10i0s8GOFQ395uT+tVysyliIrbU5Sx0O6vsEJ5cf8Affj8vWuk03QbfT8PjzZh/Gw6fQdq1KqapcfZdOuZs42RsR9ccfrVqKRyzrSlp0PLLiTzbiV+u5if1qOiiqMAooooAKKKKAPS/Ci7PD9oPZj/AOPGtes/QovJ0eyXv5Sn8SM1oUAFV7y7isbeSaVtsaDJpL6/g06EyzyLGg9ep9gO9ef+IfEUmsybEBjtVOVXufc0AZ+pXz6lfTXL8NI2ceg7D8qrUUUAFFFFABRRRQAVLa2sl5cRwRDdJI20VFXc+DdDa0hN7MuJZBiNT1VfX6n+VAHRWdqtlawwJ92NQo/AVPRRQAUUUUAFFFFABRRRQAUUUUAFFFFABRRRQAUUUUAFFFFABRRRQAUUUUAFFFFABRRRQAUUUUAFFFFABRRRQAUUUUAFFFFAFe+h+0WVxF1MkbL+YxXktexV5Rq1v9k1O6hxgLIwH0zx+lAFSiiigAooooAK9E8G3n2rRY1Jy0JMZ+nUfof0rzuui8E6iLXUzbucJcDA/wB4dP6igD0CiiigAooooAKKKKACiiigAooooAK5zxvei30kQg/NO4H4Dk/0ro6858YakL7VmjQ5jgGwfXv+vH4UAYdFFFABRRRQAUUUUAdx/wAJzY28CRxQTvtUKNwAH86zbzx5dzZFvEluP7x+Zv8AD9K5migCa6vJ76QyTytK/qxzUNFFABRRRQAUUUUAFFWtP0u51STZbxF/VugH1NdxofhKDS9s02J7kcg4+VfoP60AZfhnwody3d8mB1jhbv7n/Cu0oooAKKKKACiiigAooooAKKKKACiiigAooooAKKKKACiiigAooooAKKKKACiiigAooooAKKKKACiiigAooooAKKKKACiiigAooooAK8+8cWvk6x5oHEyBvxHH9BXoNc145svP0tJwPmgfn/dPB/XFAHBUUUUAFFFFABSxyNG6up2spyD6GkooA9Q0PVF1fT45gQH+7Ivo3+f51pV5h4f1p9FvA/JgfiRfb1+or0u3mjuYVliYPGwyrDvQBJRRRQAUUUUAFFFFABRRUF1dR2du80z7I1GSTQBQ8RawNI09nB/fv8sY9/X8K8zJJOTya0Nc1eTWb5pm+WMfLGnov+NZ9ABRRRQAUUUUAFFFFABRRRQAUUUUAFFFFABXWeF/DdhqNqtzLI07A4aL7oU+h9a5Otbw3rJ0e+DMT9nk+WRf6/hQB6PDDHbRiOJFjQdFUYFS0xWDqGU7lPIIp9ABRRRQAUUUUAFFFFABRRRQAUUUUAFFFFABRRRQAUUUUAFFFFABRRRQAUUUUAFFFFABRRRQAUUUUAFFFFABRRRQAUUUUAFFFFABRRRQAVBeWq3lrLA/3ZFKn8RU9FAHkFxC1vNJE4w6MVI9xTK6Txvpv2e/W6Qfu5x83sw/xH9a5ugAooooAKKKKACtrw94kk0aTy3zJaseU7r7isWigD1qzvIb63WWCQSRt3U/pVivJrDUrnTJvMtpTGe47H6ius07x5E6hbyIxt/fj5X8uo/WgDraKz7fXtPuVzHdxH2Ztp/I1Z+2W+3d58YX13jFAE9FZ1zr+nWo/eXkWfRTuP5CsHUfHiKCtlCWP/PSXgflQB0t9qEGmwGW4cIg/M+w9a891/xBLrU2BmO2U/JHn9T71Rvb+41CbzbiVpG7Z6D6DtVegAooooAKKKKACiiigAorpPCWgpqi3Ms65i2+Wv8AvHuPp/WsTUbCTTbyS3lHzKevqOxoArUUUUAFFFFABRRRQAUUUUAdt4L1vz4vsErfvIxmMnuvp+H8vpXWV5Db3D2s6TRttkQ5Br0/R9Tj1axjuE4J4df7rdxQBfooooAKKKKACiiigAooooAKKKKACiiigAooooAKKKKACiiigAooooAKKKKACiiigAooooAKKKKACiiigAooooAKKKKACiiigAooooAKKKKAM/XNNGq6bLAfvn5kPow6f5968ukRo3ZGG1lOCD2New1w3jbRfs84vol/dyHEmOzev40ActRRRQAUUUUAFFFFABRRRQAUUUUAFFFFABRRRQAUUUUAFFFFABT4YXuJkijG53IVR7mmV1/gfR9zHUJV4HyxA+vc/wBPzoA6bStPTTLCG3XnYPmb1buazPFmi/2pZ+dEubmEZGP4l7iugooA8dorovGGh/2fdfaYl/0eY846K3p+Nc7QAUUUUAFFFFABRRRQAVs+F9aOk3wEjf6NL8r+3oaxqKAPYQQwBB4pa5bwZrf2q3+xTN++iHyEn7y+n4fyrqaACiiigAooooAKKKKACiiigAooooAKKKKACiiigAooooAKKKKACiiigAooooAKKKKACiiigAooooAKKKKACiiigAooooAKKKKACiiigAqC6tY7y3khlXdG42kVPRQB5Tq2lyaTevBJyOqtj7y+tU69N17RY9ZszGflmXmN/Q+n0NebXNvJaTvDKuyRDgigCOiiigAooooAKKKKACiiigAooooAKKKKACiiigAooqazs5b+4SCFd8jHAH9aALWh6RJrF8sK/LGvzSP6D/GvToYUt4UijUKiDCr6CqWi6RHo9mIU+Zzy7/3jWjQAUUUUAVr6yj1C1kt5RlHGD7e4ry/UbGTTbyS3lHzIevYjsa9Zrn/Fmi/2pZ+dEubmEZGP4l7igDz2iiigAooooAKKKKACiiigCW0upLK4jnibbIhyK9Q0vUY9Uso7iPo3Vf7p7ivKq3PCut/2VeeXK2LaY4bP8J7GgD0aiiigAooooAKKKKACiiigAooooAKKKKACiiigAooooAKKKKACiiigAooooAKKKKACiiigAooooAKKKKACiiigAooooAKKKKACiiigAooooAKxPEPh6PWod6YS6UfK/r7GtuigDyG4t5LWZopUKSKcFTUdema14fg1mL5hsnUfLKOv0PqK8/1LSrjSZ/LnTb/dYfdb6GgCnRRRQAUUUUAFFFFABRRRQAUUUUAFFFXtK0W51ibZAvyD70jfdWgCtaWkt9cJDCheRjgAV6L4f0GPRbc5/eXDj55P6D2qXR9Dt9Fh2xDdI335COT/AID2rToAKKKKACiiigAooooA8/8AGGh/2fdfaYl/0eY846K3p+Nc7XrN9ZR6hayW8oyjjB9vevL9RsJNNvJLeUfMp4PqOxoArUUUUAFFFFABRRRQAUUVLDaT3HEUMkp/2EJoA7jwdrX261+yyt+/hHyk/wAS/wD1v8K6WvONL0TWLe6jngtXR0OfnIX8OTXokbM0al12MRyuc4PpQA+iiigAooooAKKKKACiiigAooooAKKKKACiiigAooooAKKKKACiiigAooooAKKKKACiiigAooooAKKKKACiiigAooooAKKKKACiiigAooooAKr3VpFewmKaNZEPVWFWKKAOI1bwPJGWksG8xP8Ank5wfwPeuXmgktpDHLG0bjqrDBr1+q15Y299HsuIUlX/AGh0/HtQB5NRXc3ngO1mJa3meA/3W+Zf8ax7jwPqMX+rMUw/2Wwf1oA56itKTw3qcRw1nIf93DfyqP8AsHUf+fG4/wC/ZoAo0Vpx+GdUmOFs5B/vYX+Zq/b+BtQl/wBa0UA92yf0oA52pLe1mu5BHDG0rn+FRmu3svAtnBg3Er3J/uj5VP8AX9a6C1s4bKPZBEsS+ijFAHJ6R4HJ2yag2B/zxQ8/if8ACuut7eO1iWOJFjReiqKlooAKKKKACiiigAooooAKKKKACsDxZof9qWfmxLm5hGV/2l7j/Ct+igDx0AscAZNW4dIvrjmO0mceoQ4/OvUoreKDPlxomeu1QKloA83h8HapN1gWMf7bitCH4f3Lf626iQf7Clv54ruKKAOWh8A2i/625mkP+yAv+NX4fB+lw9bcyH1dyf61tUUAVIdLs7f/AFdrCh9RGM/yq3RRQAUUUUAFFFFABRRRQAUUUUAFFFFABRRRQAUUUUAFFFFABRRRQAUUUUAFFFFABRRRQAUUUUAFFFFABRRRQAUUUUAFFFFABRRRQAUUUUAFFFFABRRRQAUUUUAFFFFABRRRQAUUUUAFFFFABRRRQAUUUUAFFFFABRRRQAUUUUAFFFFABRRRQAUUUUAFFFFABRRRQAUUUUAFFFFABRRRQAUUUUAFFFFABRRRQAUUUUAFFFFABRRRQAUUUUAFFFFABRRRQAUUUUAFFFFABRRRQAUUUUAFFFFABRRRQAUUUUAFFFFABRRRQAUUUUAFFFFABRRRQAUUUUAFFFFABRRRQAUUUUAFFFFABRRRQAUUUUAFFFFABRRRQAUUUUAFFFFABRRRQAUUUUAFFFFABRRRQAUUUUAFFFFABRRRQAUUUUAFFFFABRRRQAUUUUAFFFFABRRRQAUUUUAFFFFABRRRQAUUUUAFFFFABRRRQAUUUUAFFFFABRRRQAUUUUAFFFFABRRRQAUUUUAFFFFABRRRQAUUUUAFFFFABRRRQAUUUUAFFFFABRRRQAUUUUAFFFFABRRRQAUUUUAFFFFABRRRQAUUUUAFFFFABRRRQAUUUUAFFFFABRRRQAUUUUAFFFFABRRRQAUUUUAFFFFABRRRQAUUUUAFFFFABRRRQAUUUUAFFFFABRRRQAUUUUAFFFFABRRRQAUUUUAFFFFABRRRQAUUUUAFFFFABRRRQAUUUUAFFFFABRRRQAUUUUAFFFFABRRRQAUUUUAFFFFABRRRQAUUUUAFFFFABRRRQAUUUUAFFFFABRRRQAUUUUAFFFFABRRRQAUUUUAFFFFABRRRQAUUUUAFFFFABRRRQAUUUUAFFFFABRRRQAUUUUAFFFFABRRRQAUUUUAFFFFABRRRQAUUUUAFFFFABRRRQAUUUUAFFFFABRRRQAUUUUAFFFFABRRRQAUUUUAFFFFABRRRQAUUUUAFFFFABRRRQAUUUUAFFFFABRRRQAUUUUAFFFFABRRRQAUUUUAFFFFABRRRQB//2Q0KZW5kc3RyZWFtDQplbmRvYmoNCjggMCBvYmoNCjw8L1R5cGUvWE9iamVjdC9TdWJ0eXBlL0ltYWdlL1dpZHRoIDU4Ni9IZWlnaHQgNTIxL0NvbG9yU3BhY2UvRGV2aWNlR3JheS9NYXR0ZVsgMCAwIDBdIC9CaXRzUGVyQ29tcG9uZW50IDgvSW50ZXJwb2xhdGUgZmFsc2UvRmlsdGVyL0ZsYXRlRGVjb2RlL0xlbmd0aCAzMjA+Pg0Kc3RyZWFtDQp4nO3BMQEAAADCoDbrH9EUfkABAAAAAAAAAAAAAAAAAAAAAAAAAAAAAAAAAAAAAAAAAAAAAAAAAAAAAAAAAAAAAAAAAAAAAAAAAAAAAAAAAAAAAAAAAAAAAAAAAAAAAAAAAAAAAAAAAAAAAAAAAAAAAAAAAAAAAAAAAAAAAAAAAAAAAAAAAAAAAAAAAAAAAAAAAAAAAAAAAAAAAAAAAAAAAAAAAAAAAAAAAAAAAAAAAAAAAAAAAAAAAAAAAAAAAAAAAAAAAAAAAAAAAAAAAAAAAAAAAAAAAAAAAAAAAAAAAAAAAAAAAAAAAAAAAAAAAAAAAAAAAAAAAAAAAAAAAAAAAAAAAAAAAAAAAAAAAAAAAAAAAAAAAAAAAAAAAAAAAAAAAAAAAAAAAAAAAAAAAAAAAAAAAAAAAAAAAD8DFmURPA0KZW5kc3RyZWFtDQplbmRvYmoNCjkgMCBvYmoNCjw8L1R5cGUvWE9iamVjdC9TdWJ0eXBlL0ltYWdlL1dpZHRoIDEwMDAvSGVpZ2h0IDQ3Ny9Db2xvclNwYWNlL0RldmljZVJHQi9CaXRzUGVyQ29tcG9uZW50IDgvSW50ZXJwb2xhdGUgZmFsc2UvRmlsdGVyL0ZsYXRlRGVjb2RlL0xlbmd0aCA3OTE0Mz4+DQpzdHJlYW0NCnic7F2/jxw30v1PPFF3pC+SI0W6TJfYmS9xqsBKFehSBUptwLE+yEFPIuFgJxL0YZUosWzADlbAnaJLLAeODjDg5CJ/nP5BVr332Du7O9vsWbEwWPT29HSTxapXj0U2+eefVapUqVKlSpUqVapUqVKlSpUqVapUqVKlSpUqVapUqVKlSpUqVapUqVKlSpUqVapUqVKlSpXrI//557/evzx5++XXPz989Oqzz8Pnu1u3tx8124/a4W/3URM+2007HA8nwzXDxeFXb7/6+peXJ+E+patSpUqVKlWqVKlSpcr1kd/e/PDu8Tev7957cefTgZNPbLyZ6Lr8NJG3x+v55+Ge399/8O7xk9/e/Fi6olWqVKlSpUqVKlWqHJn855//evvl168++3xg4ETUhzOt4e2Jw3dI5oHe6+PhVyeffR6eW1PxVapUqVKlSpUqVarMyPuXJ2/uP3h24+Z2E+l3Y3LmLcyH8axb8/b4VeeZv/+bEvLDr57d+Pj7+w9CeUqrpEqVKlWqVKlSpUqVtUii656BA98eZq0TD0cS3ik2rm+74ak17hEDgX9z/++/vfmhtJKqVKlSpUqVKlWqVCkjf7z/9e2XX3936y8+f44EezsSbE/LHbtugNv7rDtOa/eJd3sxTr/pTAb+21u3Q2n/+/vvpdVWpUqVKlWqVKlSpcpC8tubH9/c/7tNiZvUt82i82unZ0x0yUytAR4O/QIx172DrkSat9PW9HuVKlWqVKlSpUqVay/vX570b5sCfwYejlydXjXFRWNozkw7dQSaHLf3uffcojQtzHuPufpQi8req1SpUqVKlSpVqlw/+ffTf/QLrVtGHQm2TIC3RK2R53eOt8sZL21Hv+1cRwDJvP+KZ++4ayp7r1KlSpUqVapUqXJtJDDbIccOk9Vpnjn/Cxw78XxaXgbpOs+QgcS+nwyTHk1rvANXh0k4u/Kc7Nh7Xf69SpUqVapUqVKlyrHKH+9/nRh7LnedmeUiJqUjo1YU3d3WJtjtPS3lpjkzgvzzLB07+z0W7/Xde6G+pVVepUqVKlWqVKlSpco55L+///7zw0fqDVOb3GbuLVLonCdnrg7pd17OXc2Qn7mPeC5k6fEn0/o2dc2ZKlWqVKlSpUqVKsciv7w8edovxu5nlcg0uJgMM63l6LLxsK4jUXFHy3mlR/hWTmLXq81s3Lf2E7+FKTTf3fpL3bCpSpUqVapUqVKlyprlv7///vruFyNn3rg0eDedlMQbXyPdtB0ktzfiHVL/af2V2DtQvD23ngzPjXET2mVfwGTjd5/Xd+/VxHuVKlWqVKlSpUqVFcr7Kc0+OyG8gRS3mhXTKOLNpF1srgRTZaiDgPNn4KHp+k1Ld4Zf4W39yMLuq2c3btbEe5UqVapUqVKlSpX1yJRmn5up4qfKCHZtMupqGZm9ku2tJ89MsOXEdd6naSZjb+bJbOQ9IfO/26epJt6rlJXf3vwYupBvv/z6p4ePXn32ee4TvDhcc/rl1+H6+pJ1lUNJsKVgUf3nh+kvfOJX1fDmJISSoKh3j58EPw2RZcaXf374KDjyv5/+I6i0BqAq55X//PNfk89az5UH8d8fqqUdi4T2HRdmj8R1g/NJfL6dkttqNgsQbEXjZTdB5+1hTrtawcYyfJ7o7mn8Broh2YINtwr6CVoq3VBVPiAJ+BlCdojdL+58Et2NhrdgqCt5YvTKQAB6Gn/EmxSEmBJIztAfGQ7efjUd9CdP4dsv3bfx4Er5ZK4A8hOvLNsuA4cMn1iwSBoD4tEYpUBaQFEahG0jBR0q+2FS+hA7AlEPfervbv1FxcrGZp8g9MQz4bev79579/ibD1CHAwLk/OsC54+anfZu+2NExTf3Hwxe9uLOp4rJgPO6DCdlRJNTf3vr9qu/fR5MLjwiWG+l9KuSgANAxRUlZty2kI55b4tFKvXtyIYCsZY/NFUGU+j2Vv7lUz6Qhg1VaPhBwXpLN1eVay4hKL/732+e77h61krtW9VMq6wBW794duPjwBxCX6B0Fc8tIXAQRXTYkhmPQ7gI1b+6QspuVGaaX4K+ULWrK5KUEO77EP9JpgPI6A1joHj9/LtOnM/p7XDHP699JiRUMHRYBq6ei2scQxWTx9fEQq8q3PnaKzBKj4cYvvMJN9y9hdCyOToYHFbk7pk5or3vX2snJTPjOc8YL5iVdbsgcjOg6DCeW1olH6j0c2PuxcktMF2c8tWCQpMTifktXd4M7L8wxYW4B0Acl8fZpHJnsaCN5O32gHl+nTNT5Yrk/cuTnT+iibZgk3uYOvIu8NaAvW/uPziirF3P2wE9OBjJiqObX124Uf0F11iQTCjF2wdlQlcicm81pslxweH2bKeJCapjqt/2/POITHEfCQHi3eMnhq5Lb2UHb7222bWRsIXj0P8KFPR6h6RQO+dQmxasyB4zA6FO0BDHH5Su1vkkAJc0Dx4LyzCuGWjKzXboP2oRj3jNBzsAVEqCqs2oCi/V6M3epPXUwApk6QHSxeC+j1+4ag2la2RQkHgI2fLcsvAaMMngXanicdDb9cbJKgtLiLy7iWobMDbJlNgLEIoVH3DGHHcrC6h7FGmTId+ecWfFFTegw3RB0PMVFZKgwxEJB49mra3TQrxdgLwA0pmYnokUPsfe6QeJdQ9e/e3zo0uBsoSo+ub+35/d+JhqDf7bkDay1mLZJvflB20/vXHzGm87EgzDa0NyADDOxFssbkS/C21Uulrnk9/e/AB+Z/lYpg/I4C/9WkGodeQhMG34tunpgRRd+/5jcfnPP/9lsKVhp5AZdY/e0llEy1LodGSYIAuewgjGg7Yp5+O7D+Obp8q87a9oXpD+SYLNwes/nDHKKlcn71+ejBOJN5zZkAwH3YdzmOyz+Y7A7iAwjZUnTEyKOFFfqKnThtekc+RNe0UpbqK+LQCXxMZS+XarENRVpv8If5kLAZirlItnAmTPIfof6YsYgbGY2VzcFWpmzANV7TYBb53evOah4UJUevf4m9KaOLwMo5CUBpw+bnEJZ5OkZ2eQx7VS3MTbzwgNRFfYB63T5XCJJzwTmikEDv3H749qJPeIpO+9iuZgA0iNIpCcsaXN3BBQen5CjjeGtFa8CDG5OKKqgyaa66HIrJFS1w4kr0GCqEopGeYreiN0xmZPcn6SsqAWb2WODlm9dcNgzMsnfveXUDZPC5kZgjb4slTrZzduXkVeiENe55pDglIB3n6K9NKbE7Kg9FFU3P0cgjjAqb1YJUzSt0e3cca0frKtlPdopOLIiMBJ85MTOG7adtz97fs+RzCItqdMk2QmsxF7yjAHkKCKfcnjmirTz5MBsoQxglI3GCCU/xqj9UtnK1ulRKt5ZcCWZP25oOOS/i1UILcQXBpp5P5XYAlgJBxM5b9gXXOjqGhOtH4jxQKOMvATDEmqOlIb9sq2UvcqF5B3j588GwL9BiwzmXe+eystE3rZaKh0K2Zfu2znOkeR3n6V8u2dcFiOQRybnE5CWDl4Ie0Tc5zKh9fdp1C+HfEc+A8Rzhxct+Yy2C9PHAAgcwcnfgINXqcpgsT1k3OtDF1LmStG0k4Rx7o2R6KtuudPDx+V1s1hJETYs7rnggxQNEdj3vbvR5eu3DnEz2+3XiOCQkY5AEpCdVs2Oftzl0eV1Gi6eX/lzw8fHVcHfJ0SohXH7g6boxXthWbQ0FfeZuz8Ur9Nao4zMBvJPBH8Ud4Wsz0cKQTcKQ3YHk2nC7MzztINW+VoxO1HrN2NbdWCIQR65ztEF43F+ldUKBSOX4XexAq7okQ1EZEkR2JUseo9eE7SwB3jBjTr2FhdId5OUMZ2lXvjaTq5cfXyORMO7qyBLIuwz12hKVoJJjRsU4jGKZKQiiNhn0iqKBvFxqZx4dUNt73466fXIOfZT5JxaOm7M0q3OD3Aoaj9+RFNlTHz27O+o/iYzMnLoJPLsbfmh0CEzvw0defKS4oh7VLtM6OcdL3Lq3DcbAzH0K/S+IciIekc/nAgBlsSdVEFtvEIbdLXSw63Ze7cX39cI25VSkm/UcJfPAy6+KKMTWYprSkiPbDOO2Pt5GLps7au6MTbEZSojqiEbT6uvfrs88MWUilTtCa0Wql8O0GcNCeGTadY6IPIFDFboPyw6oa7rZa6TyPX4EdJV8TbHX3K/yvC3KxF4QQS25rHMmwxI89czwgrbqI22iTYkmqI5irG3a5IYr7dO5pzMZmWVA6IyK/6iRLKkB3lHdnx/LoK38VkIO0yAyBNnbBo7jKJMHR9jmzYi3NTytn7sArO/Dbit2SiZJMbbb22KwGVslo6IgSoUkT6l8FvemMWJCcZmJhCIw1YuwM7ILAsyxA8Vg8RbUVd0elVSqQl6uPc1mc+nQIPzglVtgpWtnFNNpwvwNu/+lrZEoOeM5LOB+JMCOAsjUZyiimSIYxXrpB5fn//Qaa0ugNCQQ0CcbMVqhBRFeKRuhs6yDpH0PaU9y9PZuELzCwb951ZmmmEV7e61MHFryfjLKoTZgDjZa7ngjyH3jDN2J73az9JA8LZdNtUzhd3PlmhI69ZAsgwDzdql7RWNBzCLI0G2guknTgDc80KyGYBbX5cBiOFZdfedLEbgs81AwQqoIBriFBVqXuVnJiXwZnSOJvMkyLOtAtEtXzVG63/rR5Kdh7x/Wqo+zS1w7kqcUtJO1uue9TwsxsfHzALtM8TuaHLrSeD0VbapLK3pGQOBxBKMszcRXz7b6fOH7aZLi9DPO1QCfNUxzGZfIhhX25YaQoicvcZP0dK3d+M1MWG2hxjacmcsj+xvzoWMhl4u+2sSUiJVaZQkowTmLy0Xomfmae3W3QB+dXu+OmNm+//r86Z2UsAZIAPZ5hA7rwcW2d34Ik0ZxAPwLFOQJPENHEMv8rcM2N1M8vHETeQxa7UvQqLXX+Y+31bNO+5YazMT1TsNnPP0AuQYjmSYB+3Ens289tbU3eLaVqT/LH9mu6gL6cQjEDGIM0JtxouNb/dN3cO/92/ItchjFnGCIHAOcLZfcRTPnYrzCyspZwEj5CEh3sipspnhD/imSJIscZyrH4yb2zWY5xmPKxWLbs5zMy9fYLas6i7tjmBOenz7TNG0oDLaOgTa2YCcmIUYLKX7zI4UySQGct2pF3IJWWa0z59cKMxbdvM5zEAEdhaj8gAMn5LZmafKAzprL7GXG8CQo918BhJfe+G4VFe3G6pMCuhOlVWIv/557+GNeLIiSCyC6TdGnsDS4O7zcZ0d3P/uBn3H++5hqy7mZKNKKE69TZYCFSBnxzq3b0c8hCoOvQruH67CQoKdTegMV8ptcZ7l20RFyAI1edcIN5/Deu69/FUDitzlMlpQEYNvB7uoEKqsyKIbqmEZtzt6PYc+e3NjxLWiH9KiGOt6pj+7ZFMlbHzZIjqmPqqmYHbjyBXk4sOZD8qHqXrI3RMkzeSHepZNOPTK3WfETMHDzqnKf9jm4P7rRlSLY2Hkdk3tIkOvr/mhmMkDErWkYnXuX5iS/gGddSKisf2w3WEnv6xdOGrXLXs5rT/z8fsF5nUkINE9tmIh9JBVEdSwC9A+mw6ZfwUh9nTRDVlRM4HGkcvna6iHk4O9IIq0XIeCxBFLcXbZwkndxXTx6c+Mpkc5PzTNerdSRkI7HOHiw/+HvEF9AaRK5VTLMLQwklPZiBignuCEsxlUbF+AUkVlezTxwuuaOeCK5IQRtlzMyiqsY6wQhvtUXRnbL7dYxomBLq5uMA6ERCqSFTmTGYDNbJwzIsWjynrlPi2u8JGAcjcQGAJ9C82kD2pLCrX+Wq5JOrKBopE4ClrCiOV2FWnWvsbok2yGQvHGT7VLKuEEPnizqcK4tj1OP6ywScj7HoaEwjnK/MZXnpViC1hVs6BN4/2Y3NlQ9tpWk9G4oALRp2uO4+ppfoeZAoBUF+FSwiYXYl8+6mZ365wD8zScYBgcu8eP/ntzY8zq2gGUwn6DPV6fucTZYdSG1AAHocqbIS/vDyhYAfuPNWC9hbJ/GS8Jrgt+7K7xgeszjeKSiU1+fOHX0bp6qRfegsUqw0JUc7r3LokqWX39yjybHa/1M7XhfyLx3aTW73ylnZiDk7GINLIW0VTtDeX3Xai/ejdw9+j6C4tKdNLcDqtYRsxg6XG2jfuDPykE9QXPQgCZWpK8RYz3jNPaZxhQKwEP5Wu7X8iARlsj2/irNfD6e5kpe4fuLwxA17kcXnjxAHNdH3oBQTWNAN3f7z/NVjdbn14vzS0clLgaS0ZvGNuIYYWzNTZdSA5dndZZYpozjFuu6vd7cvXTkGrgz75KfheakR4toQOazF+e97SBoMMP+lnKWsiQdRXDhuN50vxq1CLp8hnhOGJbrKIZWP1X9+9F1x1Zo5WcPN3j7+ZOv7SlvgYJ8xIX1je5C4gofoZbIQony4IGBUcOYMSqBzbNEexqsw0awj8RRMzcLF+C90f9oe4oPxgnMHdevODFCiY+nwQmUHC1b1vXlZovSDAGadzPkNUVtgJmD1dhmR41rQYgnLfGuPBJfIQNol+Q0db9SPI9nYfud80vdxBwWi8be1RfrAyrGCmsrszfoduFY3z1Wefn2ufoICHPV+6SYaNXib73XByKH/BHRhP3Xupwmep/94atWvQ80jVnF6azBDKMcKkAkSTePtV2XkyMP0PQ7Az1M0Fexn9XmP3On9bxkwJpFsD+IGYHVwb+0jwPiYqFP5E/AKq0/VcJejwXHQlOP6Qgc8oEKMw9BRUF+wIAtMwSYaBK1WK1i96c/9BPze4AReDhiME3n3Wv0EVrN/ucYyRzdX6MoMsQTND/5F4V4Jiw8oUiUJelNruiEZ/rlT6NaI/nmECmX2rbbs3mW8Nhm9auozbSAcCHRG01elpe6oLoH3TwxqRpWnPaEldFKtv7Q+pPAjs237bi/UDQpWDS4jLU46R3SQ3BtSIrzY7rnLhnT3jJuxqqF1EQyqP9YLdrw6+x+ieYqkm9bhbPqkSEQ5PGEOeXdpVJVoSmCDUlNp3KbXvGW9MuBpdprRmVaWGDmYHQM3yicsTznePn1h1gSODFWV66COrCc544QTjb29+GLZs8w3HJieIkyf5u+NAww6qpMOLzZyDK6ke0+5kMLA+WyIpAbo/aCxQ09I1PkN63s421ng2IvHnMPQ4FOBk13901kWahKc3xlD19evX/FVLP5/2k6Qc+bIM0tqkTGsPaBuZSTL5uzH4O5TjEMbZAx+LXY3ARCE0dybEw7GCNewdCK5OU3pksgV6Pd2IkJ/UwaAPTYa9uVUvGOxWGbmxn3CfyxtPCGfclwf7h7SJPWNLWyrcv8X57ZAlbrZYYEC8FN99HGms+19ysUHCIgdWYADx34K8PUIicXXA5ATOlxyVCDGakRnQ2McCvGDhyYfDDBkbwmLxoJDcTbOkPTjg5Us+DFtkYpCLXJmI5sx+zdM4g9oJrKzO0WCGg/CroCJ2fGdmmDEe2+75nU9KV/oMGdZvJ+9wvF2mL7qDprUDe/fvrdjmSDzNFqnDtnOAHFzjA89tmvdZGmWimSimv00mHaM54KpHs+ywFLBlCrit+y3uBoU5DR9oYMqKICQQjwQn97gHBg+PtnWhbk5LTxk/r+9+Udo0qiwnfqKa7uKxyZHjtAfcsXTaqhUxNsNy2V9SUYuEe5cixjjFxA88VAT6HMm/zGKDCnm8VmlV7a7YOpDY1hlGhGcuX1p86VKiN77BnRp64SnuceFHcF6KieAsrm942AUYfZGmIEgvw3oOj+7QrXt28bvHT7zzepJA1KXrX8AZfvvcpi5VPlAZ9u6zcvY4zZOJtMdDX2bRg+HkwaejTMueSPYIPgtkCZpvd7Ce3RmWl58ePlIcAHkp6m0TByJlqsqTZFS+sxDo7Ge6V/gUIPAU2hr1CAb8M/+14Un4b+c/mQJDV0UggEoiNQeJd1WORabZsNyTzZkuu9XhdwGYqLuFAs3QlJuI+Lik2Hw7ly1XWuvaUGvGge7S8wdYVwYPp5JvrOabgrxd5mAzDOeQpTWLcjd8fxnWrcaWnBA7zUzY04UB88drrmLV9GlbFhGDchkkyn3tDlYblYZpA7bAFHmx+pH7/bSbGO/GECOv4L6AtfPQWShZ57PE8XY14SQDg80VeY2fkm1LgsRJESrw7rbUDMyyYqZ1qTEytT0i+AWrPWcJMovl0+Aeft2CcgJSVKRAM+Cmh7gDd/MZJPFoYuOgPRfQIZvhFeXiDtlq+hzjdnVVzivDUk7KcRyUeXtDK72irY78Eg1zQT/9q17lWD7lblLEHKSsk2JdSL02agN0jD574fmWEQMzWOSeFYtabh3IvoRih2hG40SBDlLatDjqprX6ycQFB9RL8nb/NijOGvKhJBtbr2hC/rANOtgwwYu28Gh+61zO3UyS0VNefbQdz0S3nbgQIq3Xiej+v1j3VBmzDiS0u0NC6blX5DXDQsc5Wt4Z7iQpvW3ND/AF1bhKVadbcGpok1R3ahQbbEkjB1VjcwCaZTgJ/5z7C7mJMTwhh8GqiYOGNoxyH4EfAVi31dEki9UzvZ5uAsmVj8RVubycULI9Q+c4AI2Gd6UvREwv2QlTJ36CGBJdYPmU+7TlDS9ZgGXm/jjUq6NGsdAXjp9elMwApqm+GxzsjguuA7lN1J0hV1L6w5QWCpDhHvh3KEBoncsXYB9J29z4lZBZJ1tvQtaWrjSFO00z5sg1xUH0Be4/rnGfkX4OxgwW6eRY7B8F5+3IbLxacjRm1VNl4kAVkxlAPO84u4OrY8U76v7XTyWv8+3FzBCRec3Kvwp5Pg4q5Tv+G0s1uWXhLw+hAjuVSCUHXvkmwIdnMMcZpI8yUFlLk3KBGx6aUZSzdncZPM79HN6Wzb9WEFoqxKz5TwDSEDL6z4/DwQpTIlWk2KFMyELk3Kpz7NEFoCuSaYIxECTtC0Dn4r8LD2tOTC9bHo8VbaTEhDAcL0StL/ZmQaR5XDZu+vjoIrzds7jGFJgV4hR7kNL6zGH6UI7FfyaYvXwB9hEzFwVCni2MDnDD36tOIcbhM25NU2DKf3r1llpac0Ze3/2CwFO2wlTlzS4nZu8wrDqeYTtIeKz2VtiLiRLfS5VqsU1PCaKDbQktxbw8JXCV2ktb6fYKpoauWfplTnMwm8AQ4nIn9Cb5hviqM/6y9cf8K8vz6c7es3AVCzFlZevvxlHbJOVad3OkJdKu/E1SGRqoi8dtxwSmp4Me4BpRoxn8t9oIiDTsbvb67r3TxPN/vMz7dFUOJcMrY9S4MPyEzmj/vfwq4mfKH+9/tRPdmbXGMntkML6/OeQ7s/tIXL/dZz5RmZ3X+bvHT6YtF9G/LIAQGO7+vUDvCdzcNjqDcITN0u+lSrSxBuCUfJDS9hMhEgZiWHHOMiKqNcXLF+CcJWy5tBQp3L/DNQvkD/2rCjKIyPDnYvqqphb3C8Iwf2hJzxaXsIs0kSKnEOxHb1r0ys2qV5AwSSHBo4gsOYR89ber7ULu5ib5SQ7UUg23Apy58EDn0UlKXOAanpKXMnvMHcv4yOYBj9O3peBoG8v9lhIC9tEuuMyed75JxcMsky8wBhFXeDPy6MMxhjxWUYcX6zJDYQij/Hnx2kIzEPtAqyKl/0B8obgMS5BJayd7ZuDaNehi001PfSI6hwmZ7vNYkSXt6tSliB3l5n53VPLgAsKRVet4xGsvkKGCAnC2RJpEuXw7Vt9BPa24O/zkUP1K3yIurFtk457jdhHePi2XwWEIMT8XU5Zp1uCDU88UNWbUKI1wpXnOuNX7EHCpF6mDL2jbL3XOYV0D2nCw2nCZJm5ZcoLTfhB5Loxm55W4ObhOUCDVIZfvT655vONQMu3twpE32bY1S7DYTqkuE6MBmgQz4YCY7p/f21QRg5ZKBbPyzNNFF49xCZLzmjtB5CLv5tFG6q0jmMNtNWZ2wst00M88K9f0iNVDij7gW+gar3+zvGOUfup4Q00ACGYN2IaeZkkKl6ADd/6FD/h7ExldtyzG7vKK+t1whz9g+YM+zW41qnV859eixHkrOPbrszMoHApFAyiyX6oKpnJk1llsdzgTzeGkpvGmJAswkD+nTX8AuiHrQuw9+ciSmUNHdHW8dqNLHJQDFCxT1H1k2PlCUWup//EaHjKwaKDAwTWuPf73s5VSRzO7DEFPERJ3wQJvffYx5aZvO0FROrJMe/2axzsOJWkLBtpKgNAGcRg64x1qmL1D3pDZr8MET7P1nYFd5+KdinpE432g4RpRMZjPJ6eWWJHRkv1V+nTmY5/liyHu78uma+pusoHrtRqh7s/vfBLcJATimpM/iMDrOR1akWsj6hguvZwyzf3WJWeIiJ8lMdbvu8Re49wtesdAMiNNpTAtKI39NxD+c7XIeE+zuSe53vQxfZCC76VSR7L1/za+Igfj7f3EbABAl7LwbuLCygIMxM8b57+YXSFfXnqR+aEP7o0fo6eKkslQVzLNcto1CSxQaBiSgXwrs/OdDIWgrnTZatcSz/F2YiAY65fh7X+6WVtcGGRcykp1U14nef/yxEcc7HyBlmzAYiYJuqVQLh6kIr74uYll9gL2F6SjZJNILSiCyyiJvp9j6RwmgORnQA9AAH+ei93Ug2jh6eye+fJjSTys8WVSgbtFQiYaX9+EPbdME2Ll6IkxHt7bbupz/bRsrI8FJgsh31GryHZ9R2Ox0p7aFHFmjICj2EAygzE/HefzI8jIGGerea5pIdO6/YyNcghsfG7R9duNSsVSAKyrw8yTGYKXfRzDEUBWvH4Bdb396mvdcYh/c+O8k6csvDLGKb61zQE0Nauksgt3NHLSL+HIgMNBM5lNjpTGRWks5/FhF10ykpx1hr9h8k/3Ec2N2bgljwClh3+X4e1xGNd1b10eg5kVNsSq3rY4rAxDEpneFhNCRj/XpsTeCdI9cko4hcBkb+iuoRUaPSpCyfmJ8ivVH3cVwUR9/iMu45iriDQOBvmCMVbgR3Yo8Fc+lcd9NI56XN/O24nv/KZo9eKvnwYw//fTf3xoqzNdTMxodS46OBvuyCaXn7xk1m1wEEoGP7kqLaG2WJn9+u3o3VD++DdyPLPwIACC8kG/YtX+9h/321K+L91/92+h9dstOMiJ0GLwrjtQvv3naWcc1hJjWucx9per3wVjXF8x+24UR6LGquv54suAjwuem9UYIAWkYpNT+0qWLu/nSAN/kDHaWY60yaATT9RN9dV7YfbMOmdZx0n7Sj8cWZyKFlsdvXdto9KN4y3ePpPjWJtcYGWGUhICLoUeJGxk3hCe5qKJB089eSZdw1vuIhtk8sn+4uvi7sndSXZnNgmorKgj6URGfwkajIeg8NYe236K6hfLB0mMcuv2qJ5XrsmcVjO9GIFyw/lvb91+c//v71+erDMRsQbxq8ZJWsg6T21UZDW2vq+Bi3XIrr2y9t2/F96i6Lxil0DJ4J7V7XgmvnAHSzp7r4H6ooPsP6F6WmAzoRaBEgNUgTg1TBwiEwVM0wZwEN5uX6Ukzfh2xPGpK8+FwlQNm5yhJAnGiOHiIttuThuMNqpsMs7CyVW8jxnf1/P6h7pAyMtO8plebIHK6shufX+ds6xH3r4Rg+k5RcVKLcbbzdZ+AMvMVxlkFi3qwjIt46kbSAwii/ek5hRIyViMO/bbmXik2KktUu7KdkvxVJLbqePsZ0zNLavbqns28uZwAenEX+Y2rkrHHu2dNhSv0+OA/C+fBLf1XRWdN8u1Toc/BBvbZWZC7K5vtoJ8u3uRLdnkrK8xXrULT5IZZFpyjewZipoHkMUC3DhH3YCbClVg3i7LFDi8pO722MNI8po9Z//2vN09oiPvG29uElAF14FUkdQRGN+R2f17+V7G2FsUljYdCw8ay7DAS6m/9FM1rDF0AmNdLLBfdYW2j4kvxXekW9VHg7kK7XYF8xPGSTI6aCb1dpORDAczs/V+fviIeYuIoYRvq3pRNwrtl8ogI4ExO5XoisR2l4CSAfEAwnlmgx6v9Os+3ZYcjGNEnqqBa6MLb5H7CQ/yg+YIZdJHCFKIbVIq3rdsQlFfHng0MhABXBu+WECZVw73c+Wv0kPTBWahe6J2IkL5GBp/i3WnY74PPyKrYaV/3zqpyUb/ClxogWHr9cu0MTejqIEv4XfpglJBc9hxHryMTMhXx4zaLDZMEKdkZ+DO2mo6ttHKrMjtWiSTInB4smc1h3y79ZQOwceWfLyyyDwZhmLbyh1qIFXhkqWdZsBKgMohYfp2gQkMp+6lXVOYTbJ/BcLjBaW2MTKv+nJ4AjvX8Wt5OwT5fpwkg85C3uoi1EzqYMr9grFZbbi+mA3Z79cX1+w8GaWTFJ2RDGwWTWJPU2UE2bCNa4rqWqdbx9DPYcVvmSHJgIs4wKvhvKfBYqiF7gMOJdlghrpnu10ciF1zi1wHdZBz3XM2Cbon/YSS54x124/ctH/J0/JUDSuuzuPgkWyCTKSTH+nRWBfKdFmIo+dOv3p24+Ywi6a0cxST9/93klnTyaguszHZcFCq5HILnk44SGO/iie7pUpu1pPh0fMsXYFoNc1l4oZwYDWBgL1mrzyzmSfDTcyjgeNXRd9LtbYq0Jt2rLhsaachCad5n97JAs5TvyfmFYkfNBEuAG4CFlVwLfRpFT4ZIzIYbk4WX8V9mD3lcwg29rnYHc/Pd+XMxBuOoRiL7W0X3lduHxnWb+cqEFAL6rIkb38/jVgR2GL4sH+t8osP/RxWaAkIQRUg4HbZ1gQ2KCZ1dGTVks1SGOXzTG4pBa3qQu4Gxunqojh/K5/eTSEJ+vIc94GuiEfQTkzWRBkb4SSRc66mu5JDG9N7coTcZdODaBAh333LqH2axxsCx/f3H3yABP6tWc9hRnvSzrf9HrilSp7GpvNT13QOZ/p3GYw1U7KTKRJkYQoCplXANp0WGLGT5QNNt98qnZG35xraY9F4/yLz2w0AijYl7pS+ujBvD9qb3jrMZA8QBhHWllHU02nBh1R9v5G34n5JRUUmtw9iehzOCLU10rYFZecVm3nRrTO5ubfhdm0x75W0gbXDYX/gtLTC2RpTvl1MHtgiq3FUYeHG9SObEE0ATwRZPbMvdnTSv446OztC0EjbrNZhsX0prDj89KjlSaNatUn1FzSN7JKxYYzAyzJJ/g7vz7gK30Kp+F98un+W07MHc4j+klRgN4TK76pM5t34YrAexK1s21GwtsTM+ZcsvH1cptbNd7du//zw0YezEM3ru/fYMvN9tKT84WTBTJddvlJ3bxFAIIAux9vzzt5kNCyiVT8WP8O+cBKLbb4z18o7gfdSydnBAYeDcvulOh0qhaC5bi86qyewsunFSXANiX7pq1iqACkH14MUxmdUxaZVJjdGsYILodt9CsDGZjqS8fqyTHVYYghilo99jJzNmcvg9G8r4A0tpkm2s13lVBlaTwbJxtaFcndm4U4ZBQtUcicYRTouPmXrgBJajdMj+SQAf6RTJAgl2oZ8LMM2NUXJcFQbI9JDLQOU/JCO2RIw1BL24q3I+DGkQgTnSMdK7vDp8FD8ofUyYN0Q2iQJPCv4sgY0QPG3OVajvrXPxTsHJnPN+s5STvCFRBd0fHs5tQ9/y658pVwp51xgEsthrJ/f3oJ62YuH8xyt7JsI8UrbQ+lklfdbl/tkmt9OPiWcsVtWgVZO3aKaEnawkPHb85Y2aMy/EZyzq2arHz2eXIYPAzVSmIz2D58FCpkT2jiVgwWYNMJRwcL3b+2BhWB+jAHqTGscVgfKpVCI87hYVnziEEhvnAwskJEzTmSGKhbm7a/+9rmldlRCp/wO+cO1WgrS5iug1nnLlKGW6RxjOIRvoVtwMeKQMnMlUMXeiooNTQxX4q9SCPbrzLCdb5EAAMVilJ5+iCuRIn+QTsQdBBWwBA/PaEwW0rVUh48GY2C1aJ3kywD1dWHCPX2zy5UFT7x+L5tEcZrcsHJktytCa+HEzvM7n8wGMmkPyfaWwdhTXL+dLbllA5bLj0xD543PuQlI8VRnd/18KB+6bxSPGFed3xVcv900+lS8jW9o3Lxj39IGjvHu8ZPnLmbxiB4gBqqom8qwmIoib4eYRWCO10Q3X6ac+cJbe3O6VYEJG7fUCOkwSSYT1NhK08l9ljUbFs1WbWfvBna4+/tskfcp9he7Xyp1hNsOq+DGFJbm7W7k0buzoSiKqOw+q92y9rwydaVnQkAKPYSBqCLf7pKkIdWEe9rOFETSgap5cLAPnS+AjsuAPFwMLIA3DyqD81bSAFRZjh1ko7D91xas8zekYmAI8AVjTOO/c6qTrZzvT6Gqc7yuQyRMzUQIufs20J5rOXnG1pF7MVYPnrGP15R9Dce/Kog2RvaGw9bL7LQ4TMn2Zqltcjv1FreZaBVT7mT/0M/SwDjTWDRPRqAE+WOp91JF3VWZHap0/RS4oFX7OfH/xlXgMjjMsCYPkq6WDOJyWGcyJ6ulaCSOFZedIj7sNISBwC2zkIsa46fUJJ9+EcusbTBLGbS958SefuPU1ldf5vTAPXcXrGq541ynEhpRqnFhy0xvvpswpxrUgW203muzhHt81VoxWAxbGT91rWxYBLD9Blr8LLq7F2lE0mIv85sBda5suZLrpAdFdg5J0OPAuKyqjNSFeALcpIGHunrRuwAynG29Kpg/b7FGfIe0Xpk0BtCSV3sCfPgWjmWx0038vpPxsmvG3qeNWnyucgMVb9zHfVsszTWImcYg8QFABk1xGYxV+XZGJESn3Aok/QuSeBPGDYqGZ3CzMcvkth0XN4G/pfZdyjgva0D7OJk3p9FahBT1FHcTnBex2y1iyXE6WLbIlzDXiOn64nwDgEU1nwsQcKYUb39x51OOR1LVJobu+1qQ30zWoQTZJ0bzZZISe8qwnowCarRDW4XhgiK8fYvcyQVHZkGRvC2wTcMC4oc1G1IIoopKGbl+t0or2cg1k3tpWdV8BwvdEBPzPmKgW226nTnDtWi3xC2VKvwP6YkZDaTwrQrG2dTWlwfKqUsOVcOuxIbZVEaTQtVYR3t/Q7ZhD000LaiC53giWKjwHVD3wfVg7347DNFqZELuZFd0bP1PjbHOGol3uX7HMhgbV+whNUpXSq0g7xao4NPdonkQ3URP2YJG7Hrn6A2MDmdQCJCwwGTO0+zms4B+bL3Jzan/3ti2mEXI7L+AWoHOLTy5Lg7rkLE5zCTvGM+U5+00sAsHvkVcOOsKrb83vBrPrge9P47L+7851e9S4ZoVIq99lm3ixd6G3kfUe6lTFZAVYK9zYcs8TXAtyZjVORKGNfR/Ly/9RhU3MYj46LAVVidJgqQQEO9a9VUm8+ZWEhMgz/8SUMMF083NWzMK6rlgGH+5dv4rzgLJqOpDdrbYIjmf57EYAe2/nbheGL+tlOADmf6sujNCpTqQLcsA6F6E8URI2tju22uQezdwmnEB7BVi1Chb/rdf8SKWgsOT2YwXLIOxb/OBIIMho+HlbniKC9dLTJB4la3yT+OaGPBbhCCwhELrQDK2aBTtsiEmoZyKAs79pV1ZZGDaVmQB7WGHTaQTNNYv+zVdiVcVQBSw+yggdlFJLVuEtw+TZDLkHFDUNc3+fbqfk2NO94QQuYFHp7/rmSrj30tl/01t6knO7t+FM9inaSYe6BMYkZgLsVhMuVJRG6M00GQukOVWqUKYtfnVlrSHZpzr8/KDujPOAJIrDxUNjWyhw5O5OM4xZbp+TlEi2yzZAoQegHGqGgbHs+g0nfSDfb7R+dH+Ju4VM6kxVyMVarEV0r9+NMc8Dqvs77A7fnrj5ttjfms1kwaZAVhnGF3pfLvfINK5OXsufLZL5RiHzkWHhWz82Jngh7kbxo07+Seez7Cz7I4lwzGzLNBHiK8mCyk3vz07+gm8PQ/IvJuY4wz2Pl6BAgdieZ7duFlqESrzroej6BT+RDhYCW/PQJCMR5jgKjJPZnovfgaCRI2en7UCpBW3OPwGIm96ED6rD2HrmSoTWgfQz+rN95GTZy2J0lFoZ7eEq4ThzmKLlPbgMoznEu5JyicJ0szFHFMkhYM7MM/PZZgbKpsgh95VU0KAioSxlZ7oDMNeTEUVZs+ApvBZVBl8n2OQ+hcfhLUz08JVAJVEGmk20G+KPs3sD41+ZremZY/zJ8Ey0Vytir67dXtt6+XuKSLfLib2i7m78bhs+XNbMDvLF3u7LxoR3uLShY0/RmuMDXHWPRmj2ESTNiaP0Pkrsy66dHZu/d2/Ree3Ix4ypXGFF5tzIVvwhJaBTsQCi42v735RcAAO18Gg/aNt1aCma+DtmWCHoVA18e5g+Xx7/3IQxDjry87A7DXnVfWz//k403AWqyflmJVYvrv1lyuq+3kl7pfqtDS3VGaq4Bp4OxASjxK2rY+et9PUU1QCWx1Bpb7eXsm8FNTo3Ryxl4icewSUnNmd7JRhIWFPzyyZbB3HSD1rWXdh4eTRUpkcvGRIgpo6lSq9yYjJ+S73LNk3YTptI7KhHy082jKTXPUBWpXxQK3RDsmYHbwc3bSZaX47Wj5ZVG6caw359hwsTJVS62kMn8XmtxvDzmlYnJy5Z+AM/arR6G7A1XOhkEnOWxwdRhBjeNwWy7c75LSK7QRGUXdexIscwjOT9z+c0Cb4fvH9zQ1vx2p2WBc0uSJNCUJga+NLgiDp79sS82TMQnmAORymnf2cd/qKeRVdRzciJMkvVjJVxr9I5Uqe/GujTpbh7YAYgMwCV+Nlx/5e6jiz3e8G4s0PjI3ogXcBS94AjhyiprlkmKO2JsGAPHNbJvDcHQPf4fDh7wYtDlYBMGWq4/etVviAMZqKgc4OLaLCHHyQElBEaKagJm+unwt5UevIhFe53Bo0d+OLxx0rZ4dsKtDiqHlMTe9W93r3+JvSnncOGfLtKiA6Z+TmjjopW/44uwMskADWNllqwdd3v1iykBkYdAZmjX/+tjvaoIYSpH9Br/bV3zC4mM4FWnWegRRI0oIykdTpLSrY0wFF+XoAAcTGqJwXf/10Jb31tLaSAF7p4+6rInPyrUAbAfy6JoCF+vuTy/P213fvualumxizjKlsIPJeJAf+Pm2cyqGQw7GLWe8ePzl8zc8vlCDC7rb3aOe5C/P2fs18kVFRBgnfrmLc6jIydEUVlW2gmjOhwXfEHOra6MahCkmdCdaE1fZ6wG1/LNZ1F/Do4Z05djaqioordALLYYPv8GJb8fk0vqwOFpKIt7uM6RP7qSqhLEC7dXEz/QsnPZRx8awyE38DS4Da2YbryFBVqdI1R5R4t9thIFhle9wujJYt/y50YsHY9thVx2+X3C/VG6ez0gx1PHsOUuAAGXduuLLgQcBz4krR3OVh5403LLrvkk7vxCpwLZSpMIDMoI2A1m3PxIon2/+kPCEgLdsAxLLi4/udaoIMRINh784vPL/dbGYqR3kaZz8m23ax/tGMlbIxW7W8OM9c+qsTw9vZJWWUcfF0yaKefPa5NTlmjJZNcaA5at4eN7Dg6vv+sos1HVi7IFTQrCpPlYnRyuwFJaNgyhBn0Xu6M64hI2AHnBr8XT0FbKPxl+k+CITsXEnSv/PzdrBsDupzkdG3nW4UVvhce1EhrbpUzyg1UIfxXc6lQX125ufcfJknpls9u/FxqdfTziVxH59YL+sR3jWkWxXb7mQQ2tuOmxVs0tVlmenZZsJkw1aUg8HtHrx9iIbKDlEPQDA6ioZ2gWUiSAIeh69KzW8n5inRj6HbUSn/85ypa3Piz+u7X5R9P/0U39hNOKaiTHLw4duyvD2+fUl9jWSTKpr0Z/qmXFj5cjdJDDSYTNtdcLE3oYYksA9nueiDlrmGJJLfd0k2qGUUFh6XtsyJuzpNKrW7QsavVjLAcQHpTRqgUgx/ZGgbxBpkTdSxnf8IvFJxs9kKfONbTd9uoBhcJB8jVMVznLajioPj2+dmbu4K4OMXOkX+Dik17XEJy+ZrJL9q+bnTnbFN7QXZTpmePwO1a+LNiYFIC0Rts0tSCaHu2C97c//v619qpqPgwlanXGmseFne/qLfjF4qnyzWNt9YtWUwlpbVcladik3dyX1uPu1zKhxQ+o49abPE04IPgGNywCs9otA6kAxfYzqIiBPgA+O5XhDY3pYdJNeffXHn04LTicd8O842FK4hq1P2HcZgipm2E7BjO6H7d3IPKwHbtxiOOR4JlnKxiGC7Cbn2tWWw16xh6qYf2JVhhaL8dH5h3k7hL+GALCp0MNcw9HYxeWUGGrhd8qSUg4W1QLDPRtkwuDaaN+G2w3Ci2XATJGlQ+BwPp2/R0xW9d/fvsq4K2XhZI1tgPDYH/fEGfghAlC7Ot68rSc7akahvQA+uFrPGk27CjULdltZeYL81PRQouaymay/7dHhu1w9TriHdMSNslqwN0INto7JBQdkhI6qzOo+xS3Q6TvEN/WzmEIx/n5uPiUq9eIi4p1WCfYVqSogB+qFrw8mi82TAMqfP9H6T6nU25pNTO+Dn3PgpNOu2Xxi2FHXfzYKmzS+2ovDs0eOnSLEHmXgpuK3wX/aa7W75zY8XLvCzca08jo+itDGafHfrdnCZ0/7z1n/4jP28uf9ABXE0whhMbXlCd3Jh5bB4eMnGZYXki/L2Hk4xvs8U0tCwsYlX8iLweWWIIwxubMOAnNJbfWYAo4axUsbkxuoWyCr1FETieo/Y2vgb8qN1Aaj60oy19jL0SXpx+nidywdBnDpz41eOArlyZsF2m1GLCi7CX4h4I38Gq+B+gToWP/Qld2c6KhWZ027OTNmk9LxMSxC3XK8c87EtVXA6H2xW2PmyZezTHSyDsW/9IvN5T7SW0+zPo4bUn/cLBiVAhlE50TKHgMXITCU399kUXE8mhzwWdviYfRbhonNoKQfHE3CxyW37rnqRUTaTspYrEutjW/eCGYY4l0yCf8ZxUnUWTsn+Mr4oqgKiX2JdMw3c449DTOvtUPS+pQVSd3UsVfHcUVwHUsJLxiDHf5dsXNt/zIAMOBe23WJFPayIIMLrhHjMVKRatim3uDvPRmtvNYO0OS5HZK+hO7t6BQODz/NpHD9HC/kr0IZUmjrZ0M1b9WhVjA1GLn8THPIgZBAtS4CTA6hcZaFdcq7NJuQglO6ZSmLtwd4K7tn566VKzbPgmiaWZLXT3aftWgQEbTF8uNoNJwtOi33/8gSwQnXc0CrsT5Ypp53a4Qkhu4DT9p73H3bKAATo8OYMobtr7FtyuJubT9w5/53S+0XXgXSASRjuTnptS8xxIED2I9Evq+1l1ikCgXdVVO3kQTouuAmFQSHxUdHT/f1+2cVwvp+y34An0Ts6Hy/OrIi0Xrhe0aRkftYL2ESLT7r2+y61VlFKLU45S4YYQ19TF17BiAaHNQxtXEDiTgQAHZLpcceQTuqfM2c+i0xKX/BXbub9S5QzmFMIIgHr9pnRFK4JzC1cP71JJ7oYnXfADmM9F8NyAKvVZiugAEJM68+IIlGYc7fyPSB3ABTF/lAFviY2gectXFlbfoFstnbgcVvENPwL5BxKolBRgm225N1aV4jaESHs4JgGcpOuk06iEpYfoY5yarbgYZvJENdk1d/dur1MOf1OFtBVl932sdj7P8LOHnE3xJW4BCONubgzjRmYw7YcbwecRKNlH+wtPATlwB8CFPef4eCHAODDFIX0pgAt5AX27/VgdZ4OinBgjgKq+cAkUnxZ/m2FKFPHs6UqiOjvqXKzvB32pXUpHUkYZEzJRS48z7t448Up4GZAL4HA67v3ltQPSz9PJqsici6niiV5e78pRkuG58rToYZTvQLCLFbUA8q7x98oCm3BUw4hOfvXtocezV1RsP+ZLLorD/sOO1R84re3bv/88NHlXz0IqB7u07+53EDTb3WxZ6KSnCwk486YRoPbZri0xxm1JjDoJ/4k3jB0VUJXbgiUQ7clGHZww2cT7m39D+0BtS80H+iK8x6Q0gS1uP0EOzcw5J5CEbnhR0MJoST23xX6NeweIiKIqQVA63BQakbfidloZusDOvXaRMhYLJbR1A7Ubc73z/WUb8eIw5hpbRKgdfeJNslI6LUKnr77FOTtqrRyhC4Byz6lDchs3s8SXEKhUGsvHk4GiFt+toz3CA+Jem6GU1GpsbM4t3Y29OMZW4slJyKaPabxJSBWLMYIZONQHRlfZtLRgNUQzZ0LlF0hIb6XOikh500N6We5fHtc1AjazhMSmSUey1x8XONi8m3awi/reh1xIU5WeLRxRrsPG89oFXLRuo/sXWw8Dv3rEN2ugp8EEAh37jcydsGRCaSMm+lb2JVVw11qGujpqH5942/uNOaLwY016nxm8dg/3v8afNkMQPiHmhc9tvQspRwGc9kvdhljhjhhXXrRSKeEzinQKAoXzNmdXxt1n8BKRA3pL8wAi7yaOg3tsYVwe2kcXoxzvsUF+pxBkmmla871lGFzlrF1Ni24KhBdG+Wf3fh4iOkTXxU6zPT0i+27lIHuXCwYP/vnk0NnNqiFeRET+I5aNp5ZXjk/P3zUYROzosSQbrymCLuLewc4bW9SCxIRxRotWeyoZOrQzcRuiNHSv7JNpoIaPiVP+8eDshM1TWcHEZtYB0b8xXYgHVpWaVgUrFMteIwvpY5DIT73233E04zR2iWLVjaMDcrGScQS+0oULv0d7IhAX+zvbt0OfairhoVw/wDyMWPGUVJVHz8ZlotebDVjoJtbpKVGYThKxVPZg92/e1rywOH71wG4jhoJVcvmlENpc1pvv6MPGAmEjw5Pom27AzfStPRszDNlN+y7wQZVtUZ+MnyKDMKaPQQBPdD+c0iy2IJdtLC2UKZCs3NPvz9xC3kxeuhERzcRWrOkZPqrvDspvAhvJ8jK9SgRtc5V2gBchrrLqGS3xhOYEztEi4lagTm1V6fx3CFYkek9J6nDKGOciD4WVJ8vu7XQNEoOxctFyRQUJA9UFsX3Qfjibri9eSfctgxKR7H7pXZYHaVJM1dtsXy7W7k9BsQNEDDumo1nCk4ZvYzYN1INyoHVCcPzVKfdqjDhlIkrirsDoh8CBDzlYyvaHQTGvnwXNfQRnro5JARWBLzZXg+NO2QUkr2AKLFTXcb70BPPm17+4/2vQQkv7nyqCuAsx6qIQ3aHB5rhRxoP/Q6lGWk57XwxGHIvppYrlX5TD6crsD3qsHhNbgqk6eJu1Gj2Pix6y7QmsdyCz3GeDJmKDGHpzHkfFKhmuu0Gb+4azg/PDVP9h81nSYfO8b1WC6SUM52gxsRT7CbHKpx3/rZZBAN66Jx4dx4Rr1w4gsQVljzgIBISFUm1Wx6XzMajyArsSXNsiFPf0D8/fLRYadNyeZsz0J4iOOIPomgeIjoR9dAgySlc8Bp+VXCqjNnWjcIH4h4G3GV4e79GEAOdsz1uHVv+i+2EW1aCSfTZCYALhSFux3mZbPf8gZa0ciEPMx6cYEfmKUOkeVboN90M8aiUkQ+5d1llFSM4yHKtWW9A7B2kzIQk4Gzu59QQw0HohlxMDyEGBUCejGpsHQ9fLnbnu2m5AcqE/Pa2HidnOjtZ/1VtIW6ynhVmQkeJLM0pFnQCmukWn9e3i/ViYhjPnES0idcvmX2y+y55u/L+6DXcXWi5myl54ihEHkBSTB9eP7FnCGSEeRTad6lVGtPOaBV+gV4GtR2SJd+OCJXLry8xTVVluIOUC7ZsvH7hwNeDD4Btrk2TSduTS44RhJCUwXZrA7kBIMAirDX5HTsg+rV9HBcGzheMODveHsO3n4ChOjitvWwZ3v7KbGBHNibjOKLiegL6/mLWvWyUdSF1ISbQ0Me2nfVfVFenZuNAfCTWYa3d3TY0X/HFTv/sWat9yWg+mFLU0NcwgCtTBFRvvPLFEzvUJMLOZXA1BJFgWn5o0hVPxiBVQaGKDmsnbqJ0fiZuczmFcrplI86MuDyt95qsY/oafbvU2iyDhFjP7rxDAL/vDCCD/cmSc/Lj+u1sMPPmdIFnTWtCmhtuRAQnax9Xx7LGCXQCEGb4ttD8dlEeJjCWJAwXX6C0Qz4q34t3xia9Y+Epr2aKu0R4gD6LTs3kGk+WLLB5Jw4iFCCqiODD8ZIdjWEgGIpqmSexUAyaKi/U0N2c/6ZGnFuWH/xaBJ0iy5MOovbDFYGyE229RL79/Zhsb5Ke9aJSGq67EpPiDiLDGKuxrkaZEJrolkYfyD1tmBBjTyr7oQBWvazqNxvdZYbX1mMK7MJEDaE9ilY5GoAuzGubM2IArcXAtIGSwBNTax4ELkLTfJvWaGJVIAZ2+cusNmzXT/UlSW8YqXM9GqtSwKsUT0PjruRNFje1z3mTG6XVttR/flmwDzKVlq0927uHllqyb672lOHgZRx88s0LP67D6lPzqVXm+JVPOLbXX5gJX1Ls4p+unK7LpkcGL1Za051B/+WOIZGTdslZHH+69z6g9eHTgBlE1QXnKlVaDjo5wI+XLTlwFkBDZoQyrg1BBGphLRZjioVfCRSEyfN/x4OCE7A9b0dkhoYGqLlq3h749ndT5xGQU3JRcKihqEc6SYZAEpVg8dNaKXT8ieqA8XO4YR/JhCrvNeBoq92PPpTqRdrRUk7bMPXaJK26n6hXgzvSoeVpSof4UakDAJ/xykN1Rfvc+22uCDQx1C5TL47vaMASVEEzqmmEQlQ82l0ZOiNr6Kf/5MZ/vbpMfFGdmrFei70d5of22i35Mvk7fhZe787OtZDgQ7md0Ugu/ES/wCwrB2Fk+Nf03Zx5MxeNDlV03yWAemcJ3t3G44uVdpiADaBntZrp7yetHlwJ8zK9TusKMx6IreiEAhfLX/Xpa+PFYoVAQaWs/pdMtU3r3oAjaxdj/gPxyF/cqtaBmyOgeaKVDTHWOEuN8E7ryei4yYTBuvBVw3Uf+3J8AM3PtovlA2veEj0nw/zYVCleUoYBBMOH/W0OAxPyALG0xCzX+jOAsP6+0ptxgzbABz1LBD4cy5A8bNCJND3zTdM5u6WLPeYcEF2n+f/20ZKiyOoobdBqjWB4wA3UcxmlLWfAeThwZcHhyyj+jTb0U6hU5yLF/7P3NbGSFFe6s/N488Cap0FjsKsudBUbwFhGsoTb6vauh/Ez9gbjnwXSMxhbmhFS92B2iDZsuR52PIHbi7wb7qBm4xaeRrLYuLFkZHVLwApZcnvBCtSSN6x4UZU/cc73fZFV996szKzb8al0VbcqKzN+TpzznRMnImK9erChZh0N6wdrpJx4Q0V6nla7GvNkZJMKASvfHPqJKuiK/QgCXJjOTatovM9gvB19SRyz/pPq30OXtlwEbXWFUYlijEBheo4IRR98xUl2tk+dCu1n0t+cHIGjmDQq2vq9Ojlh04W0KLc7S3MMoYv8GAeTwQYFf4VXihNw4FbOKPNth9oPoYy366E6wW6FdMeN8narKoFGstq0HW3f9++bdwKT9CXHIJpUpTrYWGgWJDmY/G0qBgLkZGy5MSk0e3wJsorME6ssLTXokxZfiVo+Plq1tnhu59T04/feD1Lnh5ic1eLaaQvrWomOplLcZg6iSEoy7jkgm8623iBboAP8RvquXkn3cOL86B7MfbkuDDxQUjiCAzSf95+ICCFikjqU1earozy07E3yHEUnkjwbu0lJnnDDgdaluiFpDCh0PeqiQ/P2he6d2GfFpzAbofHS96rtxgdHzS9XfwipWFy56fSeygG3jo84BlFIrG32PnOQylaV5kOaA9ZIyhDwHG5blRN3c0+ny5xiGSpVpt5PhtURahhPSxZSsTneHljEa/d8jZpOKDouamMZi+3hkBb1NGJdx4noBSVXznCo4QAkp9YzYt8S+2irAdytUJlPFgnt2zW7EXxDK2YwhNOkfd6MBfh3z8ge6MwkVRNPb2H4sY82QZZsKi/UotBDz6nKNUQRFKZoE3oKSKawPkQ2Fup08DStoHwKV2ZsHPWhq3ix4TVEYbQyTyPRZR3rDFzP+caf0bpUXwVnlAtf4KM8dLlhnRsOkg5Zrk6eztw3r1Cq13aH2gcSLKwcbqD2Dx9vt4mgVotKBcKd2/+EWnWEFu251NpWToUWG141//bjPye7I0TUXWBWWJef96kz/Vp4VjjSWFQXBKsdeqR5XaY38LqceB9e9REnK4ZqVQx/nGv5d5BUmfS6VPJlaAf7DdmU+oAGYEeGOYgzTYSV2dJgex0HlqYT6M2ceyrVm7YxpQup/Uq10AYGUfnDMJRGsiTwQDAeIkzoOKWhOLwwMfaN1fPy5wmvHzsXjHvTfRvySUODvIEnvNvWEKF4aiXJZHQrkZ6c+5fU53PqIzdeyvsMdci4RVBBVN/ZnuMqSSeoqfWGYrDBRu9XO6W4LvZDYAal8kK7ePXvH101+7SQQArxaIp9xOdeOfsLEm/WACzz2GJyXJevgfZvx/IIxqJimEcprcnErluS0guVNqjK0GELrAOzXTZrNigzGo6mLpszkfXGs6yHMfZCZLhp1b5TPpY7b6RkTMSIrArqtqg+duc6lwwxD/ZhTv1T61KFcqZvl5bx+91bxpJH+flEGW/k0Y12fBuD7Z+5nWSEYgd74V1sGbuQxiV2ZYKariROTnq3lLSXMAf5sY1wZBV7xCeSKeaTumFLV4JR0F1cbDKL+9MbN5ZZAea5dhHEBAQDBmAcs3J4Wg2892VcuwFKRlKyPbyzU/i2bQfXAP68RR7OYE+lwGxk3jB0sV2d7ZpRTK+D8MduGmQlC+XJzHxRk4bjiM9dpiJ8zbcA+lmFGS/cXKRU8YKh9oGEcUpjk2fBFm+O4lEuE7SkO+OGcyFGx+J9b4fzNrhUnz3dErhgLQdqfxNJZaWSsXbH26wVSSPN+z4dcLM2GZprnu70+KZbfRgsaXycsHTSfMd/9+8dIFXGnrtUiDZEg2ht6OWuI1p/ffMyHYVcNaBWLF6FWhN/qd+zeruCmUDUCi3x4YxaQI8INWwdf8CL6wNVgVXuGQK51aS9xJK6fy3RpP41wRYDxZjgk66p5YfwUOV/zewTD30A05owJ840xeDiiXAx2Yt4ZYGfwyiGZpztuVu12B3d+GPYA9Zspzzj5mLb5GMmkUV3uxLZrGWQeh49JqJti3+HSkZq3QLFqTUgAF09WjJJokwt81Bzaszq8/7z26963q6iCjNqzw5KG2w925TEy4pi9eo/O8tEOLHf6cX2N371xoPf6tBc2shAgcMWhVN9Ur3pOWhs97BC2QO2bNc01ca3W61OK91SQjiHdms+75//LHl75GCx5OL4PPQ0O5yJDh3xrt89hiQwtpJyxxwxCK/tSrRucH2pzbjlvVI16k4kXLkroXFAh5Cqae6JYd6UWRzPjtlHhMnOcnaEeanqHam3o9AWaMqbTrTyLCw7PBrchE1v8W0ytEEIJW+pK6VUB7/incVmZVqqbQNSk6L+Ly/onwgByhMoWv2OKCHAlpt4Rfl5J7PD1YSmkO0ZCKdtXqUNBggOl0ifuZkK08264u2fLXKfTsPTpaaFzrUtiYJ9tJOMjohySUurWoviAfrnKKX1ex2DEMYXurH1m952SbW4XGa56xHhaLCXTFPNZV8HQ9MJP3EObOJ8ba+xbTJS/LB/B3y5oRCbPBwyzQW2tTvv+lIUbU9Bz9JCP5DVYbzItKFMVaT6tive7jeR5sELc5FudJBNX7z6b8auUKdQOpbSwp8Vq+ThoNwcPsGc1HX1KyOrts3Lb7fUP5IogwDewYFGBjsLvcADZ+Zf4hoSY2lA5777qjc9yLmJ54CYtRF474lw9XWVUVuCHCpxLei3EAzZv3f4kPtbdFCvqylmCsnmqt5cOvOdo2QIGEMf788eEGkM0V9v9HuiK9dCuhJKK0ap6OTpTWgFwkeqGZOa04iBa94Bz0tN2X1g9dbEHLG0NvPEj18nmWDUmsL0P9ezXJsMRlaNaKORyCGKf//03AuHVk2h7pVWmfCwBQOUFL+mYP1LXcqapKyhvWYTpTXJ9lLasTGhnP0vpTS8HdvHN6CTxlJajs7b4dgX9gSJ2+AsPBnuxfFkg1vqQyMeQD/hZufxKAUbaU/1r/HHixgXFZke8K8XUffcwfOHO0e9wAdqymOhRVXWrxVrNPgR8lauW0Ha++FOMI2oyIl8wy9RQaW0o5AzYyc7zhoDX0OFhRssV4A+0NLFyjGBge/o/ZWzzxx0kqs+Hnfm24pnz9GRtCJnLx7QYTdbF86pGedQHXtNVwUoV3+oQQpPJNpGCZ9+KA0wPXTVNqaevW3kFr86YmnrGXaXB8uhoUKw38VrEOujzuqFkmsazyJaLGerQxseiK4EZdKsj/b+I1iWqJ+VIxmv6X/motziG/xcVwV1+nBT8k3M73u7L2dS2HDb6dFZz1kHS96OVpKjAZI5H5q3hzqGMQu7GRBpt2M2lWYgbNz2pm2U7rxS+6m/OEIVn0HFqIy17YLVnlH5GurEgU3jDwutCIY4tmpCSbb8i58n5Ha2h+3sPqfCVFf2E3RaWKvGy1ObgsoqC24/EdV3dTTs1P5rPE3BfPYSrKl8M4Z9pZYnA7YLgG40KRvlNZf+9eFw23Z1F0yk0bRoa+xDLQeAke7+XXbBnwad0KRZAyF40q/sqgCkqFOKN0optaobO40ADLSfDEhmrIUyvvH9EXm7XVun2lO/b9pqqNP93E44EywVLeZN2gLL80NdghvSQuCDng8XNHtWyGibNBCJK6unD5Lmulw5NZNdXAhhcwZ3fzOruprN5KX/COW0Hdd0d88qscxvZz1jh231Lx1Gsz5vDwIZHhScmrcf/1kQFdJgjhEpFce2zIpf7NmtjgA3x/6C/vRmyDVIgZ0lx69sWGF0fHxDXlldNkh6YT9QW22AwQIe5TQwq+uGC7HyjDc0q29UnEGMgp4F/op3Z1R13BAGfeKdEZQ98EqgxQp6CrUMvMcY1FCnUVvEMyLN4PIV92NZbiLqN3uxqvjyIz8OtiMQv2Dcw/tlEgLeoRB9BEoGMxNIYwy/5P+a2wcS1GCbgHVYhnebMzSVygWKW6AMu2a3fwc7L1UqJaGI3N+jzw7Qo7W5Ye1RDHfkDW1iMPPlFP3LlSLjG6dQy33FQ9uGrik3G3/N+N1424nprMlcSSAPjQHMh8V+ue/ihMuJdWQWvbloYZ21JVz+hD/rvKGeo0Oc306sOP4F8xpeobKlmP3h7C+CmJXCFl7h32Zne/JJUYOB8VKXYeRZKuftTWsvUR6dECXEJ1o0jeOF2TUmD8x6gIAGlloazBxfWX04hkNtNoomsSFByFmfwLiQbYiDvXBdzIpdx9ib55Z36+0IknITPOVTaMHzjYNqUBEtdzfl42D7yJaR9jGMrH5aqb0B65xALKFyEqGtxLAV7ezOoAQ7aEVu+ZU749s9F7SrvWYMW/T4rQuNqMBppG59/bxb3l4dT4kSLgV+LruDaN7izbC8XRZJfVu9OXpp64wjkSyhdCwWbKi59WbrRancgF2nm5QpzUy2th6etO7M2helNFDJDDJjXibJ+OayOiql86uqbc7RqKOmLm5pG1PRVFfgPqWxjrejDvdcfQ6i6P/1cqLXNad6xHw4mRd4GTeU0CcDCmG3aLiiagcn6iu9aQjyWH3LrElxpNgp1YNMAsMYopebxof7sJWKcH/Y31G95q63rU1qWUi+p2Gij/oMOjVL2BJGQZaQ6wjVF8FJNfztob0z/lb3hRHawdnmZ2Wk7t4HClGFOTQIMHlBAGiXdRVdmauGxVaC3oRn2W/3x7Hj61Urh61pCcBhui3GMicWeYV/qFTj0OxOpIfaT8YOFqIB7FdWHx69tK4NNQHA99aWDbhblNn+zvU7qW5SZX7lmjIoQlsmGiFl9JUq9knjQx1LVyfJSAGTJXdDbHNq3CS/zVNmLuEfVZf1OXgNbweTAU7H3H/YSAJImjErSOBl/M0acXcTaWUUYVh8NVSqW4eoz9G2MuNoiaKLs0SzoERZJUDKBLoALsOu7/+M6aFQHscAjipTR2ZZihFFjykdD+EpLanD8dveqFSTBCiMAo1THuxEKXULkOgKJmltU03eZomnVPccibMZOosdZ2UscESbanKzt8Q0QHRBFbvYnfTfm6YezzENdguUoqVSFJnsvCQ8gQLj1ztTcow78R5uPxkwIiCfSl9NOihtORy81KWm88Qw6fwEmQOhPOGiIP9RvsC8khrERlCWhftITvj6nsJ0lMX7S2ceHiqOcbEeMi2OrWqrxVeh2Bst2xuJlfugT5SynRX9JhDaPBnp7Xoaj4OarIa0tgmJEsZFdKIrhjrB6hhE2j+LK9einCiSI3Wp+ZBOnyQHnKd+EhORfg1geZ8xzJL3Bj8VboewaEnQq6BgFUuf0V//r3GKC1RlTrkFyemtTZZrsryZwDO5IGpkvsUzvFj2UMOkLTieXFBokY63Gk8SnTlzJLaP9BDth0z1C2xtqLL4oeU8TCBZVpv3+/eO6JgGTzWdeZK93/zbeUn8WTzQQdCnc9VHGHIZhrdPuEha0hphK7oLd9sN5VgxAoVjdTGsPaoPp2vV5E48UvPdwnDT3SSJkk+M/VWgBlhsIDNUo1k3jW0i2tMJqrhNW7pgI4wX5jqrEIrRlL8mS73lDyfWpSJ/S0ijt+DCCgjfhFRr/Vu/pz2bfsU/532Slo2iXCouCR6xF9al7uJC/AR7ihh7HE3KC6u+GknQsjeUBw+hJ2XnczFQ2bSta8Y0OxWUSdHglPu8+LzPyaZ6Vj3loYByWP0JkIE9aGovh9YSWSEn5SAkf/DVlBZB6y7XmslhCA0FehUEydm1PaUNfB+B/mRuGcWvuWAk6TENqpRst08CKqv4xpDSTRSm3pwfgnJ1kxpdQb1gBb66fqD9ZOZSAFSTulcnpW3279pDtiD1oZPevREsOV8s2G9L1gJ9BT3OWhEGtbgVmZg5DAcraaAqA80Y0NOxZ2tSrVnduVex+b0W61QZfHohuga0cfWT3uio5e0JxVIFcpVXqMVDKlLjxbibMEXhFuOC7XV36NhIsAjtTpQw4J66njfqkZ7SAF4hUyKT1dtMNYfKiBsWpV0ulF1WI8KZP7hG+l92BJF+lh2EJvVijyfglAFG8hZxDaBikkJdKE3IQ4CN9Qzuz3rDmrDm295aaR3U55a6YxRsa4hKJba5ZoWs2mTmG1Z+JTT8pTMPj4q0f4ZHBcneFxkFGxKAOnnMK9hErnhaA1RvBl+XSvIwU19Vn3RSWr9Q0Q4B34MTbsPFawyz7fXmQmiRWf+D7QD6bYVHCjD0FJEuoQfsowdPJ37jG9+ymjmhdmIbWj+lnw1b/NY9YJo5poRyu+lMngaB+oI1ZH9N6nMeZUpE53usV1fkvcNQxZYp37z9+M+OU8JGUP7WjyZhrusOjF2dZArRCWD4RjOwknFPLKiLj/ceMinE5SoTJlRoyzj8rjjYzP8Q+0jfOW0O9vqdLLYlIa8E9EBqwxxJtmXMHMRY/kS3KumWvo/GWInljqMPg/5X/pqwIHsxEsIOu9SZ+hGqAZuOmw0bnUvhqj53yXV9oWRmQ+Uxe0LKEe2amnWIvXjw81I5REauYhS2TkpbnjKfeMTct5jQOQOe22vx4Wuv75duOPYyUmuSTFabzuwmKFlqHgcGfvXJ/j0PDL5Ftl/4ybqIh48by/04aM2ZVq6cGFAVerXpo35oUs3bpQHVFhb0IVgNZcqdUBFLd4oCvmUJD+N08KmxzmH3laIG5CBbC8OBi/kyHhfuW69b4s3Hkx7cP+okRm5wHs6okRLtmVSw0BE0TOq+cwG9XvOXflufTu4GrD+MieRT6GFSCHMWSGnjCrrGW0Bu2Oo1zum5eGqkGcJKWtqsfBQ2sT5OUi+tz4ta4QdDP9oURHNeqm+NZKZl9XdD5QnMU4XpnDXnb5XcDpMnUxXSH6idUFbu365KuzzaIA5tIiRCM9gPR+KPh2I0bri31KL1irShJ6dPBH+AyfsGQY06kikzu9FiLO0EzQFYiuZ9Pzbur/VZrpKvFkJEsaj9qM36zDJUcS3smqwA8pCEz86/gp+wrXfyH0zJtd2BjyzfEIzt1tVX9qi+ciJbns20MhmTuQ/Z6X4MVmmEYbfeUC5QJQIJLSwzvmJnUcBEjaO1tuRlk9qruX/rkR9zqKfAWuOkMLuTTgiF2YKKg6qRrSF+21xcbHLv3yMiKOE3HvwWaUUc/s5qKH5O/+rEDDSUZmVx+fnbj/98zJNrzem9qpVSMwiLfzdXpIaTSNPJTIxUbvWrofJkmBkmCJULB3VV2nKltmwl28ve04lfjSqmdNU5lfZvm3XwjQxjVssV8ygWvGC4x+N9m5Pg2uMS6HeU//bGQGAzCknJ2Lg0/dhPOvFyPxknFYUtiUiBthfMy2sUY+HAO0samHJ8Y3ljUBHHmDrWx08IIwtdo2z0TOmBOvhmzlMrcOzbLpZUYTBrMjYY62b7QnaHUERS7OO/JnWThhIrEBxWvemKEuaU6kQdcWtxSaJkTF5MLbH55vb0voBqt6WQj1yMQ/Fqk8HGa07igYZPtcyKuBxpj8VeE+OclbCwg5FUX11NOlWq2CRv/yxuIod8wzXyxO3zwL3T/4bk13zSEQciWA6b67saUGWqjGLmc9+hHB9Y/KTnoypXIvi8zXlSoM3A/sox6+0Cm2b3Bmibbb0rZ38xHspUZwKj1bOWVFHH6ts+DVy5Q4jqPuxNxakWb3podrMPJJeQbYQIHbgoUDINBsMgCQqKhvjSmYdHGyXrEEni1zZyrbSL8GO0FILMcEfMqF+qm9xUez+msAi539twKm4o1+yFakmgFmt6spL6QlcWy7hKb03hD0af+b8uz6pph3RlUXTZRVXEzK0jsLEOcaUp58h5+2dLMQuFrNarOt3L/Q7tLKfMnPqV+rn5MDD2bdG0zaZGwmGZYMWtgG20VImTUMC4S1MbxXjQdalC1bSYhm4H1IIsqfPB/Wueas8x5IEAArMy7N23Z/IE+eT4hZZP98vi/ZWzz4xtvmx5wBZWZ30z1+esAe/TC6oSdCno1aKXid06T6YKzyrH0Plx0jrIIJj7l9Qp23TrML7x4Ol3n3thbLK3IcDuQ85xNqqMhidym+LLeACNHvIT4EKoH6BTxs92+kHFFtQJAsCvyPrM+X1CZdnRhObJj80Z3Ke3wRIPWFRlSxkjll5ZcV9lx0ihxXygA0rC3dQxzdgoAnv/4NXflPtaez0JKqKuryCrYrqTGmTWWPnxx9gtaqoJCtBKnRwjm+Xtn5k9Ifd8Z8FGasDYaz2/eD9IvL0ZdzD67DgyUaBa/Lo4d6lBs6tMalCLRjPf/mlMqTIWwbib5VHOm7NaDugQjOUoxjjSHWm8+ODpq2NNSzBJMo7+keHTTm6fflkz+wOjlSQT1Gwscw9nU5bxdmVqvR0U5tLZVmWIZ/6lNziyYhz0XnCsRug7bxS1ymKSBtxPmGzvbYkeLES/xAt8v4sr92/uzHaLcsM3xbfjJ9ZG22ib6lNkF0pFoD9L4yjevDfqVS8iQ6vhaXZsGa6UFEXWDOrzuAkqmj+/EaWk7tvC2xuEPg1Gv1lbwUa/hcyoYe50S+jHD197fRtHt5/xmcOYIl0aP990wZYqAjoCt1QqaNTb64fdB1I0oMtyx6p1W9rlEo8VVskGlGzvjy1VBhBGWRhrTQKGN8pCWzrboU9ijb8KdX/3uRfGzJqWTHiu+hRU2YwaZ/Hqf8ughY2zza42MPfUF233pvVqnd/eUiQmkNj4HM9hJinpejBJgauH4b9dAZ9uYaZ9ZQPOqQGZNaUsl7mybfN8VpXVh38YesfXUaFO7QbNOffjBXmUsjUpJez6wirt9M+rru/N4ldBRTxEIIpcKggAITv6KjUHMbMtICkoXVx/4ql70HX9NFHnCEY59G9o+f1q35KogWWkrhDmb/Hv5UrZbms7lAjlv7b7UqjI1eUrvLH/Vp+8WH1i3/dQtkDPmufastliXKWyNZ/3bwfDE6/5klyjBryq2rNzQQp34zaRTcdlC3+3YnY+0Lnrb14ONPtS3JVLqTJ/7jnrvUBlA7fcliBn6Bo3CnZF58oeL1/95+81gyIlby3jpbxg09K4aNLlg4JRCFq98XnRehq/G7xFH/VFk21FLtw8PCWQn6WC+uNWDLQeYAKY6GkyA/cszjav5fCpCLy7D1wsuzX3kUV5TLOPea6OhzDVZDeNSWz7BTzWejtTozk7g2XVMvN0UAKracWPwgXCqSnQQeAyxD6yRToewYEwJBfEdam0g+oIGjX1evvxn9f86p08kDMyxoYwkAOND3QoMPmWgRxe4YKSwW67052xUZTWoXwFaZFRAnbD2R8PJiO8tnE2tjf81uyPRExb8aI1/hbGn0JuM5G8SERKe0jT2jpUS41ovbCduWj+TQfY6y6gPZOJxKIzpR2ESU+n2dpDUiQbZyly0wfCf5xxe6aq7KeH2Am1/sIc/i16WeafkZGRkZGRcbzhI6gzIjaOeyjeksw/JErjuRAexj2D99uyv0SfKE/Igua1L0c7/Z5vKZJJnBMcN+m+CRevh+pff/NygYInslzIBxHuJ807zGB6LjVDZAP1cIfCeAG101p92OeWOxkZGRkZGRnHEmXqhWTdjqXbNCS3NTEH54HVIJsiSq8I53JF6tBtM0Ysz2D62h52mXCR0pnYNkY9UyQW3DG5SHnGD+0hF6I+BprdSSTn4AOC50hCzl4qe6D1X3XqdMJTiMs63n7855tunIyMjIyMjIzjjWofTn9MvCRyCdaN4Xei63NiehhXp0yGxevK2WeGbpuRInBXmfvhmn0CZLs9Z4a3UnFdk/gtikEP+dvLg4GcTwFLqKiErmXAkVQVT67IJh8T/QXZF801H7xyYdONk5GRkZGRkXG8Ec/+w7MYKMzoeRqSczy0Ao+Pp7shCfQUcbYVC9UHwXLfTuMiYfiXw+zyX/mGut5vb5iI4VcXb/pwivpAChYq9jTNC0+uhFpboYUceBZX5wrJ0WG4vbthlueMjIyMjIyMI+Ld516QsVNLXSj7IrWHCQYhORFaxnULGz5d/t30jql/+ctffr/E7u7us624ePFieeUnn3yy0SIdCD7szL3m/gUumgqtp7oMPodos735preCvPjgacjdSpBniMPjVwU2kaT96B34+rrb+lC8XWtQvel/B+CMjIyMjIyM4wdzxB4GXSH7hVkf8W0gjS2bfvOSSXerd7s7fi7w7cC6AwN/7LHHTp8+feutt/7DEXD//feHm4S7XbhwIdy2q0IeFOYIPBfdVU6WCLPH6+n8O+ea2W/NEkui/VVJNprC3SzIbc1adzs0eocFr7ci3Z4JT7kxzt8pjJsAw6Rp5607cSkjIyMjIyNjhLh05mGIeCum7Tg5JFcD50HeOHFfFcD93GFM8c31Ny8fpVJ//vOfd3d3v/vd706n06Ow9DWZ/FNPPRVo/F/+8peO+mQ1mlO5KXqsyLn4Fl5z6tDUFuXIV61HsLmtID+9ceO1ajUukGcptCmO3RBs6UsCdfe/wgi8/Up8AqMg716ekZGRkZGRcXTsIbfBIG3JvSUv8uRQfuV/Yjd+nDA1ivc5REUCbQ7kOXD1I0bUj87hL1682HUvIfzBzY7EUhKI4qji7FrBNqkfua/dLMnmtjpcHg2G5LnwGSlNFTiVpfAvU1mUQB8nd7WW2TXSibCvYsPTEBkZGRkZGRk3DygdPRmuhKn/1p8AJ7fMJ0X4400OxHMCXd/d3Q2EeSiuLhF8h8cee2yjBL46gMm1fPIET8VRoU85Uh29Nu9qyThz9XcTNf3gld9w2B9KTuRZVBP4NoXrW0Lr6Xg+ZtHbx1VvjscxqRkZGRkZGRnD4uP33ld0LvKW1tRf/6uJzGaPJ9H4b+HoJferdbYl+eSTTy5cuDA2us4oCfwmMuHLjYAkV1csdEYXcG+KO7Bb510AF7jeREJIndbuxEy6DGr6hq/BUHmrr+rkXHm4ykX1S7b7OUY2IyMjIyMj49jjoyvvGP7MTE+wFw5L+qDlnN7EOLBNb/AM0FGm9h3zAgcOTHhoPn5gTKfT3d3dDjel+ejKH4V/1MYqIeMdAtS4+kCmkVD3Yay+29hyufGjjflDSky76+FrFCslfojrLPgyu1A3OX9BzTLLwfaMjIyMjIyMTtDsBO5TIETsfQ/Tg3W4kgkPJWkk4qKTyI5Spd2KAPtKBKejqxWsloV6vo1RZaKsrk8hREz9JWLOzd1gGqVDmrrcoVQLkhc8GWBPupC+iYTrYXl7fFB641NylGLD5sz2jIyMjIyMjK5w7cWXbAw8kTM8Z07iOJI49t1FHTlPWEbaywJwXsEnn3yyu7vbw84wfeL06dNHT5757Znv+PakqPskcsg90cUz36Hxh0xEPfPXizSLjo5e+vi990PVpBsonD7BqEG0UKoLLD+4pRDPl08HmReNvH/PA3kbmYyMjIyMjIyu0ORIM+GBgKTi4TKA6XaJLJDnSBbk/rU7XQfG/uyzzw64P8ymcUT2Xp2Z5U6q9bFxveiAe5xp/By6UroD7IIdcaPyT2/c8DLJIpRk0VZKkZZPwGEEju28TqDrnGajJ4x8UbtyYTIyMjIyMjIySlyt4u3JSHuBdAVYE3AYF28EYs8ZNXTbxd9m5/YLFy4csxh7CoG9Hy5zpjmKqGHpicQP7FMVSYa4uiP8kvwX6uKj8PZQneU5sKJsRMXF9JCUSVFyf4CU+tbKJ/ubIm2exsgGt7LPyMjIyMjIuDkR2EVheIjl8EDnCqJDEN1lothwpERcV4Z/5x+/9/7vf//7m4SxWzz22GMHXbW6XJrq4t4UcJaJMUjva84vnCnf7xzlhk6cXTn7i4MK4ac3bgT/8Y0Hv5WOpWtPJOVoMFcHbs9eAHN4dhPUQ13bNtfs35szZDIyMjIyMjI6xnIP8DnzJRuSVZHJmec/jlAB0+NEYiZ7zQ9fPHHiu9/97tAMejDceuutu7u7B+pBH/6VFFesHoUOSiRyY/eRQ8fU/WDbHl5/8/Lbj//cP1H7jN6pTIkQuBgzrqnyNeZ7Kp6/55wd83mzm71yW8rPj3jab0ZGRkZGRkYGo+TtMp9Z5RVrWgWfcJ5MOljq7vO9E5NbPv+PQ3Pn4XH//ff/+c9/XrMHLz54OsFLJcee7SmSjwTVHmvrHbHUjExzh5W8/dMbNz587fUrZ5/Zv+cBDlnLYD4HzxV7Z9nj/C4v3pgSM7MSK1ODlLNgC7n45IgZ/hkZGRkZGRkZEireDjzE0R5OCWDmpqgjBG8x6+CX8xOzf/6nofnyuPDUU0+tkzZTZjoZsj2j1m7fIGhme1BHmP0NE9dUd5C8/e/X/xa4+p+ee+HScpcYSuYRHgRPEBT+L4Xf+WKRHqMC8nN5B26ikurLqag6Dj/7w8HThDIyMjIyMjIy1sEiqXji9qZW9FsQdWJcgupYYsbJGw1B+t5sMjRHHimm0+nK3WYCUaSG5TaXEWnsLH+B4OS1dxC/otyb2aUzD3905Y/X37x8bfelULalYygeZ3+rOHZSDvewnJGop70S9gXg6Slpb2tAmpCaB6/k0xs3ehm4GRkZGRkZGTcdBC/yORIqGsncBqOmjpsZpgf3PJ/D7Gvg2WefbenBctdEx0In80I0OHerjjDbC+J7lgrsVhuKd85dJPwTycbFkk+Kh8u64K04RA/V5AwuH8a3v4rMvLV28f6ZtGdkZGRkZGRsFHvISQStWicIaTi/j15O7H3sa/5/5zu3fP5zQ5Pi7cD999+f2ihyuRUkk/DYZelcFMGiE2IAF+iAuSe9jh5DoDvepE47KfznqhiRY7tiTCAAnhJOHdWne5JISzknhn/pzMOZtGdkZGRkZGRsFMiO3F4ZOlQLCcaescufoxfw/+6cnZ7eMTQX3jLceuutFy9e5B786Mo7ipem/rplCz7BCRcjp9JsyBFznasSzuf0aPDmOFrOfoRPaHdnpKKPYG8o02DqyH+ixSai8Ir5V0/MkfaMjIyMjIyMHkCcag4UiJbgyZfjNpRC7NjR+dmJ2W05N+aQeOqpp6AHyy3cHSv2QWzfTXYbwxn+kOg3EPvGs/PBaubPLYx3Bh8COXcPKp9FLJoKDw5FMtWHfQoK4BPDb3FFlwX7bSbtGRkZGRkZGb0AyZIPge65DIS5o3wTIFqCrTGL+4+778o7PR4Rp0+ftvvM/P3634hOS/IMfSo4c4qEU0678Mvo57D5zLy5g/IQ2zh/qwsJD4Ly450puZ1mHzDRCxzYGXzy1iM/zqQ9IyMjIyMjox8k4pPJg3goYmk5PHItIP8/mk+H5rzHBLDBe2vcG7Yij/H2mqZyr0k27g5UxWD+JEbU/eMiYU6nkWPhW/+dq9uyiMZy+ieCp4n8X2UZsQtQfXiIk2EzMjIyMjIyMg4NGYOlSKwgdUz1E+yxep8T2rvFrbfe2lD3yConyXQR6A7KD5HUN1JWpuJ+LmZGT1Hc2xVP7sQog/n8WsHYy2f5oPo8XdRUsaEYLr/9g1d+M+jAzcjIyMjIyLjpkOI/LXnL6ZikiI6Gf1/emX39S/8yNM89nrhw4YLvREtZmb2LPi2cyxZ7HzLbgcnLlBigu4lYt6DQaf9i7n+LoW+umn+ocEyaqhWmsvayQvik7nH79zzw0ZV3hh64GRkZGRkZGTcdUjzH0znkPJw24LN/461e3sk7tG8WgbrLzkowW0wOV7kr/lZmJ0/OfmG+TW4dblMDxN7+JN4wRstnVGYRfsdgO+19RJSehRnFmBuqWG4d8/frfxt61GZkZGRkZGTcjHAUa8IkyhIYzGFOBT8bSvbyziyT9h7wvdkUyTZ6Uilazl85AeBgdSqsbX9i5WQPA9qee0/EQ1vmBUAUwXnk6DoXnso8p7vpO4d/r7340tDjNSMjIyMjI+PmBRxb7wPpM+ZCIkECN5apPl/s95hJe184Nb29Ndtk5qlyIrTOdL3pXFzBmroJr1y2T9cOQgvNlsVDKZ341KCJe6iP9lN9J3N/jfYFLj54OufGZGRkZGRkZAyLhpkURL3chxNLmVpildWHv5yfyPs99ozT0zsUDbb0W37rwuOJNG8R67axdBSACXzCEiLeFG4nRnQYvbzhlIEK5jv5TKQSxRLSZfG21158KW/2mJGRkZGRkTE4UoFNoG1AgTwlw1DqkrR/bmgaezPi1PQOIuFAvEUEu4UDc3p8Gd9uzWxPcexUHB6Zdsn8KfudiqE3opn7ryIt5yx6ckZcCYvl9uwfv/f+0GM0IyMjIyMjI2MBIGk+px0Ds55HMXdafPjyzuz2L9wyNIG9eXF65w7PXTGuDgFzS7B9uFt4ZzZl3TtxKbcOslbkHA2n7uBtQRrp6bFI8EnCLcVHcBz+jQe/df3Ny0OPzoyMjIyMjIyMiP17HkjEPGPiOjEiGZZf/M0LUceA752YOFI6cdQUUkHANfPcnkRCUHrcp2VP3JzpOsfPUyzduxXJB/F6WJ4LwE1sVHnmFx88/eFrrw89LjMyMjIyMjIyEG898mPgbxxHlYyL6NP85Ttns9syaR8FfjLfYT+LOlE4YpS7kgqSozAogZmVXoMtiaLW7rmJp4jZn6KtnMlKcaweSvLBKxeGHpQZGRkZGRkZGQKXH/kxRV8TBEzwPRfYzJH2UeEnd9+5quPQ8yIeDtzYcW9Kr5r7G6acPh3llok9HIdXCfNuCgBKwmk8ai7A1mK2f8/X8g7tGRkZGRkZGSPEMt4+3yMmBtRIZVY4OnRqesfQRDUDcX52V4JCy7+CJ6setwxZB64LFdb2vJ0LIIVwru4fHQr+xBfeEfhU8gw9fR6c2aHHZUZGRkZGRkYGouTtFFRPRSYxlFp+cubOLw1NUTMEbvn8587PTkg/y8e0dfx8jUwbmU8lAtrxVmLdK26fng7Iy83hwctwd0iTf71NTVP+D175zdBDMyMjIyMjIyPD4U/PvUC5EO0kDYOWP7n7zqH5aUYSs3/+p5fvhJNPIfSd6t+4oFWlgvMsjKDN/kGz8p6yJAkeXr+ZQAmdf5H2N1FWZa390WPVz/fveSBny2RkZGRkZGSMCtdefIkz2DlPxgRFI+MqloeiDs1MM1bgvi/eppgtemQmxm53EBKd7v9izgnnzwAlZmqtlkLDE6PjUNN4LpUL46us+5jA479tquk8iLdytkxGRkZGRkbGmBB4u2c+QNVEdnFz5ct3zvL5SluBM3d+KRFwVtt7TtSVE9iJfeav1BybeHhLsN2x8YafF/5BaX4+IxFlPwV9T2qH5lnVBTlbJiMjIyMjI2M8+PC114m8ySV+wOoXX+UNZLYIP5nvQIxdRcKdAKSSyW3g2lJ9k9AiIucFkmd0HBKLLJj2z0EOW4pdeK5euGrWtab97Ut/Ibxey3vLZGRkZGRkZIwGH135IycJ0OYb/D6vRd0yNGtUC+K3loT79BjJmXEfSBE519/amLzOtKEQvY6N72ESzgwYOHsclBsDcwrJ+uZsmYyMjIyMjIyR4KMr7/hIqebqNu05fPgfeS3qFmJ222KN6kou3RqWt/kqfCURab8lYyL1nd2B5l8z1zOJH8qHqjkjKAwE+cWkAMw9lZflbJkWvHPlSni9vr//X7u7y9evzN/Fq7zg+vXrQ5c0IyOjP7z/3nth4P/P737XqAKrFsIrfBUuCJcNXdKMjO2DTyFgVoPZCC+emP2vnNa+nTg9vaPmwJK1Rr6qcsUhKm5dOab9bY6ASsSKBJuD/8y9eRlpyhMp8LdccfAIZlD9fBJTgxs3bgRTG2zuDx/9walvnLxrOr1runPXZLp4U/4t38D7+t9v/+tDTz7xxIVXXx2/sS5Zx5hfHVY2eFWDV6f9FQSvw/oySsEGnvn0uf/84fcfrV6P/uCHjz761XvviyJt5dyI+qmTJ8P1P1pe//TZc+E+v3711ZuBoIY6hpo++fgTYZhHnRBbaafSFc0nphmDMgmNVrr5Q9djI2gEbFtGRFdoFGnju4VBEYZGM7JOnfwmCEN4nbCi4uzLTpCu8odPPvFT6wAOXdG+kQ6ZcrrCgt7ktPatxr/ffafNeIGUEqK7qQA1ptnsCY6dOikVIvz+zhMUuXaODdKrkm3Mo2lSSV7MQ+Amz5YJvC5Y5KAql8pzB9Vsw96R0uwIG11b8ECBgon/7/39cRqgqrLWiNi//DlXHJwa8+2Jpg3Fb6kZZZNOph1WNtg+9az0e6qR+7ysHVdE/FB9oorRoV0Owvzfy+mhIH6hlxdUfGoeLSV5Ze+Yz4lyuNb4Pw/9W+Atv94G13UdhMEbGjM44+jRTH0LJDWDkv/pNPRLaKLjNEkXquNkQw6Qg7zCDYeuE6I0E4uozsLPfbSs4wnrr5GTi0Nv6odPqSq1qolmqHnEV++7b+n9/Sow+eMkPBKXznwncpuJ4z8+9Xfx5nsnJkMTz4wj4ZbP/+OLJ/AwJk755nzvPRMGJyGJlJvi5y1JOC54DlF3ydshUM+he8//kcx7rwScU1d4K//lNTdhtkxplBfRM2liLIFvZztJFrRTvoLdH1vAxPJ2IHVoSlZyvCm0Fcced+6yTL7dCapfHVa25O3RwlpzSUZWh8KAiqQERl4pGgeJXIfisahsxaWpN1eQdvetcb4OIvDm31MnTwYOHzhGV1XrE6HYwfFJCoZ0+hoi18jA1PzWjov6VkH5jNa1PxCqOQiQBGgKEpgYGSBNG244dJ0QgTBjOaMvb3XdtK3W/vOkIvLCZi6Lny/G17lzx0N+GMsjU2PuBIVAI5s6P8+7tR8HfOX22+wSTlgcSrwdCbYKTYvQOmVeYcgd5E0mvTPtt/LJbFy5DBA/T0Xy4f5Y35sqW+b69etBCbsYWoqt4fvG/q6gnbV+jobp1MlvBh07dNUrIG9vqhkLnGTXJ5j3rkPwIONoYhiOasMOKxvj7dxrcjIFaHZbpehuUgCsiTdN3bRAx7wdHpdiCEweRAu0Tp3AzAvL0vLzU984GUq1FRHC0pcPjMj0YLq7WwQDxSBxk+W/QRGF9tle9vW369eTQz4lNomJJ9u2YxMYPW2XqrhXCyvmLuOQoTfQaHZkmQvGPLd7OLzrjkyFEGXk8y/fObv9C7cMTTkzusEPZ1NKI4FwOvBbzkvB6Zi9mItSveEQOhP4VA48BdVFDD8RnMcMfC45F17lDiHnvxmyZYJme/6582tZW6tXbdBM2mXFlASLWwZJxsDeF7x92oQBE+wiFQJK+DjIw0UTqRQL38jNmw4r63g7xsecb7W6vgkvQ13QyMwOWmd6XPe8HRqfI8apnpK9vxbNUJM1/iZPnz03ZmoRBmbly3MCg+o1eGnPiKcthAQu3izZ+6/G3D4phHars+PU5E4q7CxGhGvzMehJi2oma5LqRxU5n+hQuRCPCQ6lpMjFWRs7wHdKEQpDbGz+zuFwbfelmp8DPXPJA3njx+OEWz7/uRdPVH5Ze/IJ0OkEDU69QUrMcXVJ4BPp9BzhZ18DjmrC0DqnyqRYup81qF4fvHJh6PG6Qfz61Vdru+yjhe0EbJ2vkoZeh9oCbR42AfhHj/7AhG7gjSZsJ2ziOpMZ9VtnsxKcJ5UM32FlFxPc3sLqirB5RZek6mWRx8t8NUnsDcOpi9Epb/+VaP/W2tH7BDkB71WlN4im8K8wAEeYuhzaf7EOnevIlWpRCy2v1tkrSH7YusyiKqGICadUBUJ71OPRC96TT/x06Jo5WI8Ys6GwUq3/0ivl7Xo9E9+L6/1IDPZlbJmZB8X1Ny/bCKSPUlavZ+Z3Dc00MzrGfV+8TbJrSZuBPxdIdDlyngyntybPu9uijzDhRJ02cu6FmeP29W8ncyb/iYLN9+954FhmywSSvGCqjTJU4XSv/dQF2u60quuWaPxkGgzBUA2yjLcL2rCWqV3vlYxYtsxcmPcdVjamjsjuk7MMNkAt83mMbcVJcPfbqfsq8dpgvN22LUfLgRWkfE/RaMm4uif2+rIgfiMJLNsJOL/GMLE6gAdyygdcyfCnhoP58HtgwiNpn5UI5WzTgQkNsOLz+v2oGsGNLO2xtmoSmLqFn7eHTVY2r2rVIEXbG3tfHr1kQ5qwX8fiNbvtfw9NMzO6h82WUaxVUFxIrfG/VcH5uD+Mi5angvOWotNtMdfFehBqIiD+KnEr2iXSrMt218dVrsdwb5k4/Z0wneI9z3qrSPKKzQSs9ddJF4tdvwZRrct4e3vmtnJYDhJsFDE0aYMS13RY2eUEt66CImYcbaZEl0RHowmGJxKHbwj/xnm77MSpyeFp5+G645I9qxfD+jYMQ3LwPWdCAaowe11C9Cg58rmybenKttwh1xdOwL5631e2ImS6SJLxVdDOjhW5VGtgY+6MKlUmuUwmoRaSk3pJ7p0WjzUFb0oSOx0yOnREcLqC5S15D5njils+/4/lSUxyaSrNvED2SILimsA4ReBd0Futcp1TYNw+wt1hzdg7PN1+yPfxrqubX7CXHadsmafPnktZ0rZkCUk/Kt3oUmJ89H5NBevMdCAw/Rvocl1q+8rQE5D808LhFbWDEFPy4kSKUYeVdbwd7CMGonei+UuxUxmEhzZRktBUk+u7Kd7eThu4B8GH9UzAjwVfF5hcSA2KqXsNS91Lwtky35T0aLy/maZnadqWGHF8hxHmFAHKJJnk2hb1WqFVzCc/G1OqTNu0HchMS+e62Sh4o5pIDFK3N0KLVmnu8O2HHhrcRz4ELj54GoOidXrw7mw2NLvM2CC+/qV/kdzb81UmvYIPXzrz8NUXX3KMfTL3lzlyTjdREXW343raU/jynA6Tgivr+0/kHYQbUmAh402OR7bMjRs34u5kMtzN6hSM+EHCy0rNUvzNUkGvkHuOLAXefgL4lW4TxVqBrrREsFPNuHoyfWP7t3NEtD3+CR+2mGl5k6ZNakLi82eqK3uNt69o+VWzMNJfs/FGqGl9mUkJjr8airo/fe6cHomqNzUpXSMCj6shnGy0i1/88Omz5/pvn/VxV8r3WRlXTwSWobXHkypTuf/WqT+QNuAP17l+ajVt2ilYw1SNavJiHSy3gnRpAw37+srttw1NLTM2i2fuvsvlpThmm2LU9quK4r79+M8+WxwH8LC9TNFgR5Itz9f550iwZ/xoH6if82Lb1uW0fNv2oP3i/eUtz5ZZkPaHHnLsyAbKkopUfZ7S0kJ5YuZz8ieNm2CsVZ96tclvR3NpK2XjijIu3d6Yrg138OerLE6HlY3rUqdUu5Vm9ECvFU5QQhK6XpeaSMtfJcPprsQJpvZxwdWc+mL4Hwbnumdu5ubgJP9pYWVt2mANMWhpf9HC1SgLXkaf7bM+/ud3v1PhjlaJkq0N4mGuGQ/bjCu+Wb/ZjmvfQ2aCFx/AUxYxB9qSq1Utj9wHBFxbhkl9cHXBUv797juHJpUZG8ftX7gFEqXKvHSf0OIj0m63/+p9kKIgSx+/976Kk4NouVNW03u86PwW935ij1jldHdHtj3bd4SchJ8eRzX665uXhx64h0QVaYf5aMkeU6a2iUXLoCsYlyn9XWmnwLrVuSK9GanleX/pZAZrUDDE2vJG5RVIcyzD2v63HVbWbrESCyPnGmysWPLPVG/yQtSpb0CISHvb3fW5S8Jn9GRefdtCRzluzF25fK9O0mkVnuXr+efOd1X9lViSdupBzxvbstnxiMw1nCM16vVWISSKTXs+fe4/e2ui9REbsy1GwUOvTczcb8c03cA7rJ6AoU2F1/K/jqVIv8qHIu3nyazE08ezJHwlPnztdR9HrZhJ3rD9JsH3TkyaMLvlzJBP4r/FWHfDYwOBt6w+lZRCu7iQd8BZLmL7x5nKkBHPXRVyr70ApPpI15s3+/c88OmWDHCLmB7jzGur1WgLkzaqEhJ6jYqWerglOgfF8D/vh7pX5y5FkkmbooABAq5S17qV4SSmzrEl9R06rOxaqSPCvLaGEFvirnzbdLS5fG02T0Z0RGtnmcoi22/IZOOYGK9zrQZMFKCfbJkFz2zrd1hmzok96WyQFqdGMlvzQ1pHo6eExsNgG+j1/i4CbNtTCANmT5FPHR4xdC0rxDyZlcOfk1va/btpwlqpm9OREDs4Tm3Dqlf/M1yHw8fvvU8Ua5aXo948aBaouoyRCVBfiIojm7Up35fOfIeC20B9U2kqYj/JVXvX2F8J8o9h/Ak8FFehqt86X6D58O3Hfz7gsD0EStLeHi6LpkGqXxk/kQZXXuMYGjH8VKlMCnQ/Gb+LePuEiromD2n5vD1su86t6leHla0XlKUC7DI7d426T80drK1MeWpJKdrMfjKW/8g62iqogsktCm2sb/UuK6lgI/08CGRXLZDCIqcdYunreJ2eTaU2nGlpAdx1Sj7XsPcWf3Y8SSOflUkyTjwSUzxqjIjFNY63Oy09kg3tk+tSp75bU4H3g7+SOxGZOH/b3k3gYpi/20LdIb768s4scLmh6WRGfzi9cwdxcua0jhtDyroVp2W2DNJjCrZrls6xbsioMTk8qYg6lDDlbgBXj2WDV3MB55Jd36psGYynRfKsmAaqwR38IShGvmb10TY7YJSFuSc+c+obJzetVKt4e5psYEgHisqBRJg11naHW6a+zBvx8EmHlY0HHTb1gmiYMYVcC22CU14AW17LdS2LNk/pY//2VKzP9PipkyeDYDz/3Pn/2v1VuE8oFbwCgwpfhQviim/f1ytWJU8T5Vn+aqPuqtuuULYDuSfu/XTqxSYhElJmWlpePlT2Tv13PBuDBDHQ6WTtA8fVKD0paYRqJDlClRpRAtC2K9GKScm2vrbOi2hPnNFoKwM/7snHnxi6RVdjGSCNHCawuKGJZEbfqE5Q/bJLbqd4tWC8hdrV3GfLREadDm63sfdEyH31bpCw9FUW3gfq9WXKxVj8u3/P17YlW+bCq68KhTlV+rBmC4mdEKKyDfykJDC8y3r48Nevvvr0uXNusjgZ2OREi7ZTOzetVGOeDJOKhJnw/ktsw1jrqb8J+kHe3k1lm0T+3GFlKTG1Pvv1KGdLUQgRJEcbYv/5pvLbYxd46rgqUHygrZ6DaxnI8HKBM4vQNE7ftw8H83r+/C+7agRA4LpyjIsitbBQH0cNznUgrsGRYSIdPgmfh+rEzeGlsMlnmUEkduDpxalfE6dOfpNrpDdvr2u0XHZEswn2EyUYX73vK0PXdYHFMhkZS2f1Rd+WdiRIhTQlDcJX4YIwrMLFYWR99T6XhmQWj6i2sjEBqXxI5vtcV3I4XDn7i4a0BP42NIXMGABf//IXPTHmw5VmMgM8fPXucy+wUAVnUPJqjmCnt38xkfZ6/alk/jJmns7JwV+Bn4J3pg0t7VzDVmTLCNPcorimyLXAvgQqHjTn+iciBU377Yf+DRUsGyPpI3Dcb/nJRrdu1vH2FiXvjW/4eXw9+oPla/lm8W/9YfVV/f779k19WfPv9x/9UfPt8soOKxvzZFoaP2EEAzlR5f+B+VtX8/uJV8tX9bcdBlEju2gP3lr6UbfD4Y5oCUyjWgYeb6hi2kmqXFGdwFK6agSLwHJDJ4pHcyQzwceAnT599tz6/RUa58knnihv27ZvOT9R6qjlV2OIlFb6tn0Nr1e2weP49TK00vKT1C4rY0iVwWMgJmntQReEUXm4h4Z2fv78eXAA0ZCxN5Ea+7aRp2Np2BY0S1MDITk9zcH2mxTPzO8Cdq2WcwJ9Xfwb5IeFqs6WYV9Ahq8hi4Y5djJQr3aP4QLbv3gZrbfVKTR7daIOfDj+bBmzVXtDydpSU4QNrS8IevJwEa3A3hcKFmK5UzLZRsc2IRQuT/AdNhdYc7y9Za5Wcd2tOMbRwsbbcQpm6t8Qf9u60wZjFq7pO8xESoR/j1LZmKKW4jYJSmNfm0gCCcNZP11yTogDe8IcnKzDnW4chowfcesF3pXiKi8YfAw+/9z5dnLIr9LfkR3R9kmZKjOCNbl4XqqeZtJ1P7oaCT1eDTEayMkBJcvpL9uolTk6qu37vjzLwfabGV+5/TazHrPhqCkeG/9NnUO0zJZxDLwgwty64YzlyRz3dlfyqtIW8p+4iSwqOAiQObP4O/JsGZnT2xbdmpLGW/579KNLgw4sDxDU9mj9f0tLt7HEzurcJUsSVsaO6nIOzhkOCjK46eQNShbdSt4+paA3da50JI9Y2cgrlNgAE5Oh+M7nmIKs2vuv0AmS23RXtpaALW4SAkWyfv2Stp36xslO2ufQKKcwMA8qNYWxfJWLavUWNC1iUwcxhq3vZ+rY5USveb3axchqENzGJ5/4qbYXNj9n6vpCTS7HRP3Rng5QomQjObP9Jkcdco85Kokwe6T3+/c80CJXv10unZDMHELxeyL1xT3dZMs4Oq1i6S33wWcVuODUVNMk57TH5Mtjp0aIoMqiLYDJ+tZ5cKAuHS6xL6eDbTgdYzJ12eRUuH1tiCRX5y7JOYhEesCmi7Q5rHVAuaNJnVHZ/oGHw0rhTzCNo1e23oIVBiOTYb2opPOw6vLwNdQDq/LMsZwdbvEUxg4rK7EKQCSBYyEHlEwMm6enq2xrl21YhzXUFGR0q0U8YfAFuWZ5+45Wksl51Y47K0hRzJzhplO90K7xxqzS33rkxznYnvGVL97GRLcg7mrftCd422wZ/ktsGQg2R+bdHXB2QJHzREKOrYgoBsfw4yPiDpku2f7678aYLVMdWS7ZwnSKClanle50vi9WtX9F4qFijWfiFQh2h6VqsGI/GWsIiDaMWclL8IEpjiy1dMH08ImpQ8HkyVCHQsWRKXUzm38X5Nw2668h+Yr91ulOt9Ie95Bh6tvi0fu5ic73ZQ13kzFnoHx4uhMRxa/eN1iGQ7UDgIqup9Rss7b0181vWWPzPaPY7Dx/fuBFlJhul1CPIF2l8HfuZC0mdpfrJsR5Il5gVsh8aWU6XU/ULa6++FLObM/4h2XInfkqRaQj1/3gld+sFC1i1zKPBdeculWrlFVOIXpg3f+fva+JtaO61hwGMoiheYoVDJy69jnHE3JtHmlFIkS+9Mg4fmB6wDOGgaUGhzypI0sYh5mFIYOe+PoxQ6JzM7An8JCZhE4eSFYmTSK9yHp0E6SWIkvPDDLKFVImGd3e9b9+vrWr7jl7V526rqXSVd06dersv9r7W9/+9tqWOB/q5/HOrYhaF35E+dOT+furp5a5c+eODxW3Cxhy8kSUYLbpCJVwfGihCAG0Ko8j+24MnCzjybQoparzHz5utxaRgWoaIN9+1Zc7cD1wZnWISJEMMz55ElgOkWo5kKZX5t1u/JE2U2B8dSP5ryX3tfqiH6ey3I1aLxEyS7JaS1vn3ZoPZf1SfaV3aRCdtiPbKqmKQw07UjfCFpXQ7ssSLEmQX/9dqa0BqP2f333WN2AcbSVs/cH9EpQSoC5QtPv3L1/8sbF1fXz8WSVHgdobCc6tNaoIrgPkz70P+UNQHiMwvHAivF7Ayu3ElG20jYIKNswP1p+6oXmxtWZtLNUi1rjd3t8Huh7l0BAjfATB7aYK2gpTOUjczmlePPKqYxpCOtKxARE1b2xWyI5DgXD7L6pwrB6tmngZSYKXT0BumGw3pttkv1HeHC/ahkyeVSw4wYX7EykCj99SqgQUrDGbWVYubVrpdAMmhBWTwF2DfqUyYNouIV0l6MCph7UZKVUXL7wuSh5PeYAJOOZBR5rYXd7Onj3bN2AcbVXsrflUi1KAYiQLYN6mdZULnxkCR94B07FwfY7ebglC+rnG59ahwtFYMhs4KcB8hCqRqxNbRo4gaIyu4JmlJI8aCCuNQVcKEcEWgbAXRQNfcM8CxG9HQE6WWHbDEHF7vYLMw0ShqhmkTsbSSwtcwd+UIPr2HU9E1nZtbPkE5Ja/dw37QFHAqdBO7OjW5QJDUCD+fXzo0T1N+gu6TQafJcTrH7MT2mlkbAZ974wAKaIokrV+4437PGKa8g759txqpShs4S0/WsmO/fbt231DxdFWyI4lD6k1mEw9UuHq9usxv3xvC2JjgeSV7h0ic8aKK8G8vmGuP6Kx6IV4HuH58pzJdUQCckfmeyuilkljkfl7JDkhyGecJ4kbQWInMlf8YiWn0fMzhJ/9Db4lzZnTLwA61IPhSXpWsHv3m29dqr9eel39t5iBeDIo71Pa2MqTUJnF4A3O7JT/VskIkgDnjFcPb9gGi3su1fUO4uO55/Mt2yRMRa8hKcDs/OSJH0VNpLYzp0/XVWYrEsWmUfQJ6VxD48uIkPyxJ/uUyuTdSIPwsu4n2W2xuxEpThPMlfhI9AxlUa9CsE1h58+f7xsqjrZadmU61WpzjaUdGm/fzD59/iWL9+a/hQl2AaQ1aIcugEgzQ/sTqVpX55KTv0ZmAcTsQHXbiqhlsvlWMqGsoIgECQnfwzECjw2tVMuIkVcRnhBbZleCaztbr0sFF4eK28WYBedfVH6HybejNjYh/0LOOdzkgvxRv4yZvI+HAuH2Yqsj0BvwxSZIjJGfdMNjV4GnIEwFggfFPLijm04sN+drkIpTyzNp6yKZEhqMr6p5UiomSVRDRU20R6lMMW0HmjHbd5vq0KoajI3b86BqaH9way2JEg2uXiz37e3t++67r2+cONpq2fGDDwsuGknHW4nbK/vrna/ef/RxJYyZcR4bi164ooaJYaAaXyN8uByVX4eTCzjjislnpfQffatlCkoNqvgENhNEX9mhdUYv5Hoe0KlCuAi1K8la2AHrzOkXCCGm07DG+Fgunhwgbr9qljbECQQvDZZvT2tKViLF81gUtBkkDSCudaIaNkMXVSLXlv/1AltSZNhY17RVpJvkdsfrsoB+PKk8Zru5fLVL9QijyqHnO6F4PrFQa7Y/HW4GPj868i7SfuMRVtdqp8PozOnUSQfdSO0D6pKEsxvs3SySulKrU7e2tvoGiaOtnO279553D9a8NAfPBcT96ImndtvYvnzvl4a+HXDdHDZbeFt/i3ydxXuHzDw9AXMK19hDZjoZgmwv1TI9x5ZJ4wAnDGHW6mULmHFKp0ueqtySBoIWLMEVbFvY0bnm2y3K0UrboPl23R7gKEbuGSRu58BPEs5GtQbMrLWiGVRB6VPkiTz25A+X//Vf8CiFeK8lPNtSXOwSvbAFqobKwmyi2XHy6ROdpbbodVHRaWetKnm9hqhhu1Uw0dBDZoVVb5ZSnqBVM3zE6aYbKXxAyK7DWRtBc62YVCZJkr5BYm/m8r6R2fnz5y8RO3XqVH697wT2aS/P1xRrzYDrZ6/9bIH2VqplZvrgEF2jesZvK825pXIBT9Ns+XUtreFx2q8p3bvS2LBU9auWAbhLyANEHzVhtFWMIC0eK/ZthCOvMfcqroSVyqT6dl2AZU8O1/BWF4eK243MyjbDnLth6mRAy2+BBgOhiyI0qzWjVIsoQLyUIEEtcp/UjLANrrC/HQdp0Sp3oQw3VCjsejcUBJvI0O+RPYeo1Rd4thRmVs5Fdsq3UKtXfOtU8VzoRd/d4HbfhgWelk9u6CVCEbSbN2/2DQ87taNHj549e3Zra8tlvGURbW9vu5tzMH9XCYoO3L/vOhd4i1iIi8VO+eudrz549HtUwV6tEr0m8TOBxxO9OxKTvgiFvNLPMLRvRJIR0WNm6iPtIAgGnn3aV2wZ1u0bvRDbq1SRIVHDyEBTO9yJQArmKBBjdCZ8e4uf5jLIweL2NTGFAWpBgYch8u04GokYtRHwCJLZcscxUrwW2IuQgBRblhWKaX+FMIWaqPv9fd6+/JZiG1BZWfckHU0QUFho73YqCxmunOVaJvU+WhF1sjv7ksqY20DwdII9sjvsRhzwbp7qgj1D+a3e96XNzWHRvuFhF+ay6bD67du3ly+xW7dunT9//i6ZpHhjfkhT2RUeXlgKkqllBGUtiPEaeDP4PSEgnKh3FIDXEhorFPxcf1EQ6XqprFpIy/j26p6+dmKqp1k9g52NFsJu79LSsm2YDJ1qExGaHwFHZ6mTgXAOFumg48loR8kz2ZHkfPtm38nfnbFFuAxIVLjIRLBBMluENxTlmSgUjSpi+aZVR5IBmJADTgjp+8AtfBsmuyuzpzC6kTcUocIVKCVTA/wNyk6sRlWsHda8gZfNdtXXfQid3EikJrN1yeyXH3XWjdQx1mxSna1sUjM4Pa4gqGzPh3906Hpzc3N7eztG6TkAf/bs2b3NwG+sPXSdgdga/S6pA/nk+ZesKI7XFEhGMhhElfMgjYAVnwi4PueQW4pelITGw9Vr7U36kM9eeyNUe2tvrusG4xoe1NbosJIv1utFxZfpB2wWFGJI3uW6cTNUYs6cPm3tSG6XZPF3qLidZwqIVFFpDFknw/4aYfoY1bw8unCNXANjYyt2+Z4G8aYdbmkIfq4LhFR6EIH9AiYn4+QydpkdUaTd7CVax++qu1bh9deNqmpgVnfB1lHyLMuqUU2lF6lMNW0n9UuwJ+HJ7gy3690TdMRXfdCPVkHi7jBt38Awlm1sbLRXwixjzilwxbiH6fd31+T+Rzki3VUESG25WgZS30pIL4IuSoSsxOdQhQ418BiB099F8hh8Uclpiq//+bPfhWlq7YzEIkPKT93Pq061r1XzenRGqAaj+pRoCrcmq9C3G7tnok156lQNELdf1bAchLBDxx7g28lqR06vKZixfGazdYsWnpEnouUHAQxpIGsv80nPtZDm4oV+QEu6dY5HMgcVMrweY0fwSycyLD/Cnrry+GLFrnlg1sNqNvUL2wsnTHC7sSep8DgYbu/O/T/25JO4MA0nSLghq7Bx6p5Em50hdmFbW1t7knt/+fBBzXI7OOqA95Illu3EBJ0CAJIlDmchbsD+RxpFK8g9Uz4CQf4showWw+hzJv6nC1o/euKpLtUyYo0njs9cjcu6d02ij3GWpVFlEpRmCBrpneXIGColqU6mlawIcDUDxO2bUzbaGtFOhOuX3TxAvv0qwBJS1aBo5xCs4IcffICDt4gWpUna7EoQgYq3MdsJK6/05dFn8RWV46yhoGi9HXrTRUQso38A4DA78S//z5wsNA3UVIkdRxXIDU7bie4CN/5ULNRdN1LFLkNxb6DDJQu/s6RC23srUo8ePdoLYq9se3v70qVLewy9z779gGCh3fHx8WeClFgWW0YLWgQZLj4CAhWxeLYC9voe+liKrkn0GCYHYjIb7rkIlC6W09LjD2/+PEhxtTHQfzbjz7qP6mZOGRpbsifGPkjdqIuhxLfppoeq3zbHHX59iLhdFCwFqyBYIqmXAeL2zRrgeWtTO4/LZLZatAgi/3s8xBLwBGH5Ko/erwGrnTg+/zLtL1YJ1xehTXwwXKxjm8SmoNMFj+WPov19aB9bp9nvB4FokNyV80yHdc+9FB4xng3hXv9E/tvltF22kEqNL/jtUxxXT2VL7ezZs31DwmDmoPLmyszY3r59e48FkLwyZbz0tVQk88sgZVXFlvEvGqUrVbXgXKNrm72X6hpC9QtdDUTg1CPQMwUz+PX8SmdqmZr50aiAT/9B9q8XriY3KT5EClsf8Ai35xGLJ0NSorlZib4Gue/SptlUoA9F7hmiTobuCAw1DOU2TGKiavHM8i1pFIapEaYJIYI4pP8iCX+bAkXXe1muXhmLBulJtuHgR22oaceVJIdgRCbP29QUAqvoDwESXjtE3St0T/czIz6+vWzh0M+adrLvUmWF95pVVhlU33j1SDnTK/328HuGFl5/cP//++L/9liS0JwfsWdK+PihR4SUZXmRTGVkJyapxrku4bQiyTnLrVh3LXE3SXs1pzAXUhkK11U8GSmYEe5Dl2qZlCtO1EihrxgdbL9IbCq8Cdz/c9BFjlCsWoHbBa0nlMl6jAboV+k5+Z0mm01RB/lKDHVlLR2xWogGew0iW1gC8itgxkSoRJLwU9L+2SizIgq+fXO3P+eGeLZIXAs8KN4jCIfqPd6+/FagvPOKtg7h1Jetol9lr/t1e+qnLE87X1HpiDpKCWo2U9hfJa32SMo3Tq3hJc2yqiD6enZPv8j9UieJTLPSt1cedJfTdnWMTRur8zd0jRV4r8zMjRs3+gaDYey/zpJcttHv9pTQbt++ffTo0b5LKIA9eP+3nptO3PHTwwffODx9+6ljN2/evHXrVqiCKndimgv2m4aX4eoXjZln1xhUBmqWplWoIAEV1DeeI+A9PxG7rE7m/9aJWubYkz/EA4foP40p5n63cmaJV0MzZEEpaAzldEi+nQ67Er2rFIqxVYCKhKTcg52M0T8Obt9k+RLjV4KuWCSnf/peAsImsW4EKSndZGoqagdO8ZPEtG9dd+7ccS7kP1SInYol0JNBuyqPkydOhJqXz9eP+EQyVWmgyu1rUWqdePNNRA2SF3VUpyPttSyO3W5RbSLhF7ElhfAG8sOqO+pYzlHGgTTbT5l4MIvaMVmE3zvrpVDXexwi90DY9n33fuPybJoDp5zP/MsXf+yrPD12/vz5vosqulXbzp49ezbfcNY5hu2xfRlbhnDjEyo40bC8AsZzzmwrGpxs50TJdkOZwwC8xvlCfnNN3j9XX9dqmd9Hbm47EiTQYc7GihWS73cSEADm3RzBcPvpFyQ2MOEWJJm9zG3SfJs1/R0Rt+vcoRkNOdjp8klEHhEryB/FJqz5nREzqxFFU+ty0NG9HfBwQ7l7sjvOnD6dc6QNT0t4WcEZikyaEjBeev1yiVx7cO/KzMQVAidaRIKUMN+4WC9OboVIBrUivJFZed6mZssd9MR8H3++0ZI7hpfVm2Uuvk5UuyrLp+OmpRf8FomBvT0t7aTPF2F7e7tvoLeszb79AI1PmGOkDx59fDWh+9bWVt8F1rMdPXq0QvX5ZrViD6wstgyFu1q+Lmh2rG+haFytM1XQWoZzhwp5Ow0lo26vS2X/Zt7lRuyJIT1ymQQI6qn63Q8u3ZWGiSX4ECBwnUB64UZngHAwJMATqfhOjdBAtB8vAHAZPB0Tt8OyndArBsvnGayrfAnNgBi7jXKLm1mzWkXC2JVKrdFIXNPsU1VM80RDdkNY0L5Tq7/snkGmnNVvvzvOuF83VqHa2DWpC38aLtiUsGz1qNXBon+z47H1tosFdJal4lpMQJSJ6Vgq41nE4XtZso86RsL19hy41tQkNa/BvnD70GHkRvLQuwel8iH/+/6jj/e1ubzfbt26tWfk7gEtx/MOzG9ubv78vxy7Mp0qopuid4CldcAZpYTXa0VBfEghy1F+gVTdoIAzGuTPdTKixpYpF93o7t3AVHVvHwsp7cqyyVYCBQ0xD6aCw0lwi3gy5bAiCS6Lim/BLWOcRqtM55TcEJdv90A4M9lMm02WfCqGMFGZKv/acxPxdDLSXcJaMgmWKtWuGtPJRRx7h04oVLnWsyrldx9bPxLcgy42BvIjE7sE+p2JS3s27CJVmBDR0aRmIyUsJW9B72QHU81O2kfjzzfYBZ0hIi7o0fE64mwbCJRfz8xjed41bv9HugSM8Ab6vUBHX7h90JFkHGhHqImRnJ9feaeXgvXbCN1b2pED+10tPzedvHH4EHXQrktxy0xe5wQ4+ooFxa22xLh6HYWGMu36HDkX8+sxY8vUwdsRA+Mfpg/FQUq7MhZee7cijZSOfiFIMnJmkq+iwsIVWLZEzb4mIWI94LaoFPWjMfXtTeNs46Fpds9t0E9RxRglsxp4I1kIv0EoNHgD8HiXvEAkVhcwvrwtONOeG6wC0HR1bWYl0D9utxoVfJVUS46RqmyXZ9WSqUNKm1ZSexntRSxZ7Ho+X4PeF+k+Z8Xyr7/5TYxcQ8Puv25OqJfoOJxsTctYr7z1mmTvb1+4fbjo8VhyQNKbE4bBKqT021d+soIrVUfovoDtu/ee9Qf3Z6tiD12ZCtwOWHEKtv28uqbi1eJWLYNhZL4ObqN+l/kO+afx1DJi0yXcn4uhjdOAMVLV3mq+HYJAwdmqLjcYbi/it68xmssm0ADCh0OA/tfC/4bD1Z1OphEjaVlC1cZ8AhJjxlzzk9lzYmWWNHsQGpFzcc1iEj8AsNzMBP1iNqUSaUVhQ5v0tNLsWAncbr0spFFZ9RUjVWkwcFjX5IDzhu2ruHINyNOM5sRdA3cSZI/dlubD7cqNEjF2OtfJvGC1fM/cX3Xey6YVw40kkzLtE0mBalK0wlofPPp4x1vMN9qdX3/yP77399+69xt9l+WAbd+938hh/BuHp+8ehAtFKbRuxZ/bYWcEe6/18JxRn4iU8O9O6rRFUstI3M4JPRPDk/tjpKq92ZoNBGtV4mPp24WbQAk0OExj/m3NGsUsDKxY2bVYfDtFqgi84ZbDppiVV+VvaXpkl3lPr8fIrGcZLGppqhnYA7rMMt2CFiKB8np+22PfXY+qIZdBVqXLabDW5b+rgtuhxwfVVhyMxUjVyRMnTEkMas/53zYRINmvVFIcc0IEzwZ2KZWpt4EQKfEQ2mXie9DJ6DqCHSBKfy98+0BFMscyeYzQHmjOk2GwDET979d+tgrEu0vDb1/5pzzll2eH9t17T98lukdstv+BjbWHXp6vlZtD4VWrqrUQ4F3CaUSVz69zlYvi4T3AvnYi4E/HcCqZChSzggZMKj8NnqRdGev8JQriMaU1vEyC0dGFABKNiWDVgFIUSCCUEGQLc5fwChJDM0lArPjt1vAKwzZq/jBRmTXHaKvcBPCIpUkGm0zZHgd+R6yPlDfXAIn5Ey6+diH2bqRmRkhTBMHGSzdzJXB72bpYYFU+PyJKO56+ne/iCn5Rt6jpQrIQFvEJKE9wfvOjM6kM6LoBBYHWdPSlb4dvt+72VYH3wrcnSdI31Nq1ff+RB0t8JflMBZPAQsUPHv3en97/sPuiruzL97bef/RxSgW/NZ/u++YI3QPbgfv3HT/48H8/fDBXxWuILlw8DbCFbF4LadT9jEi/ph6ifqU+bkRQy9CtzM0ZVXGl7kujKBN2ZcZkq8GCJmXiyx41ejwZUlC0bNHGKGsqnbrAbTQICbSo+nZ76AczCCRVUnlrNTk4lEM3hxwRMnsVtX/Ns9nb3JCvTxPJtVZeGEB0aIbl2A+edOUfG7HnxhokrGvDd8uPlcHtqjzhe6fyEjxJqfJcFZeMmIRYlN0uXmAbSVcdu5+fKY/OpDJs2k6+XLjxV6XUMW7HkVr1iyw+LV/2LlcN5Hbr1q2+sdWubZqFfCTghymKBXwSymSK8z964qnuQ804f+GjJza0+NkdPz18sO+i3ct25MD+M7PE+UdcBiPxPFyUikQyFvyeXZc3eOT08lHB1TJ0NrkpbBpQG8aLltbSit1VrJlK7wgVsP9/8fQL0usxZS1en4jWhT/xvpqqL0bTyQBQKlPLwComo3AoFZ0XL5Sl90TJrJYcG16GJszVaO6VwUyUv6Yy+9h31y9eeL2bLXLIm45nNw5pL4xUR7+4vQbJvJ0Ya3Zkvk6e2J00pY29+so5u8FYr8OC2hXfpgAsy7JxdiaVkd2I7gfEFAn5tOd9l7RnMak6bcDGdP8ibG5u9o2ndmf77r0n407lQj+KzLmMWUMyhsduPLHRDfeeIfan/NoJByz7LuC9bwf+U0rCX55NkUMnSHKpWkeCGfLdiaxZyrejmDbi4en1sDsxcWYGdp64X62GmH7jt0vlIZxphQgwy0LIfZc0BtNl6B+nrI8E9sDVpOXxaQajx5MxElnjPehDlfnV/HPbcjCOWJn1H7K6seYfn6DXylz6Wl6PrWzPLY0DKSpFwxXjves9frsRwJMGbkL1GHomrjLnavEfsn038gofWpQAv3jhgno4rDjgOHfTpWdyO+Sk49eKfdSx8qQqGaxkgzCeJLt73L6xsdE3jNqdXZ5PBdYVK/7E2kMuOZaCh+orHz2x8fmVd/5656vgJeye+Yc3f57t/qkdDQbz8vRsJA/1XcZ3ix24f9/Thx7JWhR08dT0Df8XtjSh19K4XaL3yVz8UHC1jA8OVQMZhWG8O+1/v1TS+TO1baJ6VMXehMPtSCdDeS3PQVE9VJhYE7ItSPg48WSuAkgAx1xj0qEh4kr5bytJBi+ZCJndFL8lFd24yvD4zlTWqIX4SiaR97x67sdRifcXrV2AYXUo6NL3fqlXtUs45dsrAM65enFC43YmkrEQaULbVfF3sW1Mi41TURtD7ym78vabl8PmHRrwiOVwo66X/3aJ27MlYOYChBYzaD2EbugbOu3OzswSzHMCDQNULGs5jdDYzD8+/syX720tv8uqe8KX7/3yV8efuY5F1BgiuvN3D85m336g75K+u8wB+OemExJSkpHnahVqIcHiWN2KJD8XDcAQxkdUyxTdDiJs2ThCeyqyC0z34j2VeATnaLKtXjdcvOKCb9eaAdCZaxmz7O15GGdGGFrCEhj641Bsvp0Q+w35tch50fA00oBfF9iGXI+VWXN3JPaO1BWH1+ciWEK/aJWhLrfyOPn0iXjQvYxuyn6xzKPBV5N/L17oLqignXiWWgna7Vc1OHaVIhny0+b7XvZRDjoucJgvoNXzlFeO/eDJsHmHBiZEYGtnuxgUMyZd4nYpuBIThZBFqRPcA26/efNm34hpF/b9h79DdAiaQtfiExPeK9zOwvRVIbV/+8pPHIb/82e/b8N/unvcnQ6ru29l7Drc5l6mUDD/+ZW35tO+C/sutfUH9/+3+ZrdwKDPBet3Toh0czJIa2mqI2BsmUIJSWEGpE+N8a6XxfK51VPPeiRqAhX5EWqy4EyhbzdI1yb0JTlYPH41wTlE4UaMA+nPVDmo+YM64t1hWs5Q1Eis/m7EzDZWgb9yxdCvlTD120cKBMNjVqS7DRLY3iqthVzY6G+ZZZ2G2hxhMStiISLOAbx0qr6CTxawBg/qHbYWa40MQ+O+SI/NjRMTxR1IZRoUaJ4JrG7Xpb59+S2z9GAB8oEyRg/st0uXLvUNlNpaJWtXWBcS142aB6h2kBQ9p+tnvzr+zKfPv+SOT7K/1fHx8Wfp14n4ATCuVcqRPr++88V50neR372W0+9le9PVpBsPa1QKzEO9jfbg2L8Bd2KqpSZ6LGtCv27IePWVc0GSsYB5OSVKafJzclsortKOJ6MGa4BwjJ5fiUBaDcT8iLjvkm4q1HGgJ56MwxW4zIuBuIJLVsgRK7O6XXmAlmDaMayFQhrvpl0IxeVui4MWwTO+oxcyCP/FgzCzf7sMBq7N8p4adgcosxN2GjFVrUgganQOVleGvmt+iuvF9yrlX6xexg6kMqp1EY9VkEgq2V3i9jTkvr9GvNC9y62schuQuP2nhw8KFG3ynARKoa8AwQMVHiMVDVU4aHWNxl2SS+d3iq9bCH9+5MD+vkv9breN5CEunoE8OXMPRZ2if8n5BKrii9by+ZV3grzmrouuEJS1uZKny+pmUhWawlQa0hgjdXY9IK7IdTLNagdELPe7QGAB4xumlNgb4gEFbvvVPC9gOBS2p37JufPm/nnzqntC+XfTDeLuojtSNlhqNpSEA79xqklnN8doRbVG2szvmkRZPMFfdRKvUpveBlq1zLW6QtFUQljCOZ25YHOadsJ0b9Zu6hAeYqJE7+rFVE+kHjvo1fm2yygorpHrLJ5AR5O86ZQu9L7R+47mqbveImpnOOL2LFo7Q850tSlH1HOiTIakevkVJmNgmEo9fE4eqGn5ucJd8+sSjFngrUwVSUyF9Bxi7LvgR0vtWIbetf8l6rGG6EQYT9oPa1c2k09b43z5dRY7+dbbYkyR/XzD2N1NNGltTDJqYyoriF/AGUy27xIcW/UEfXkMELdflWXO5jVqJSpfJpyeDxu365F6gl+c/GjMrKt6h+TzsC0oAo9XZ8VbdQyglQabEnMfOvssSbLNL7amcnlL+zTx9okOASaYHGHT89j6EdVsvH2sStguptsavAM712xeMrpUhi1vF6kifYjMS9Kpvl26rnoS0HIxymLsuHsfirg9VcisTRXCkQznNclpAx5erFoVUFxT5fpRdGGpkOWgQCJWAqCIAtzz3HTSd/GPVhjh3mEI9wKf0yBFehqldBh585jwZkBu+Pj4M8u/6ZKbsugdPLOf/u1rdK7j1Pl7USNfATEkjifjGT1JqQ4QtxuBl1vQgEPG7YRb1sKeZE27Zi0z+/XXX799+XJzSzbQQoXoYpQtySPa9NZb1y5h3YsEcnv13DlcdI30dZbTsMp8hv3gr2OmHYnoEs5CCJmZiSEZIC8bc+L/YuwwnuWOZon86z9282Ytb+X+IN6pEC1gIx1FN+msbCiR21+cJ4is1qBXgChL2ADO6UXAzCsSXtHpwqGA3gFF+yoYoPQgaph34P59fdfAaIXtu/cbpe69riCwWoGsnr4mm8QcNU7saeaPDaKWAYw070Jx8LSya+pldK7Dc0GiUiRywrvT7AgoYT1TRcybJADacYglSnuQuJ0iRimTsMFn5xsdLm9cFGSjo6XRRRG2wvMTsEmTAo+hJzcXblBMKFBx5FmANlZ49C08C3hPWHV3KkSEidGOmMDS1uyGRc6r8gfKDZgAJaRxJ/HWO+cmZ7Jg2uqevG5mAffd8JuOe8AmxbALxsaa7pdmnzp1qm8c1GwP3v8tgXIp067ZdSPOnoD9Qvcib1YSdwrpBetOvQACvEEIQYDZDP6f3T9uorpq5jypNw5PecvxTLLUzaByAw2PbwYbyfUQaplMbQsQJhgFUP/fywI0NhqKfrU8NwOAZ+cBA+jV+y4REkbAWktmP0TcDkQdAD8kuoKGittFQ5KuK5Rh7BpdsBDfAJ4BSl/Eows+85W/ZWzHWwEyLQK5vN79vmzZIlAIfeULaIlPwi5KTQN2YVCKYCrE1aacRnYyplPpdWGmuAEnUQWQiG+3iqU4qbr0brqRQm3lUyLhZbPV0f3WY0mS9I2Amq0ESAyKeyQxEuFPBMKX6wQNuFX+OxEf+bA3J+T1vACEZGJqQEawyXN65MFxgerK2fcf/g4POCPkMXJKiHpzyt2DnHzdhJZXyxQY2NPtw1GAdGjdR3HHmzm2SXx2hGWTzpw+7V8L4NksaYC4/eoh5SLJuXujagaJ2xGOMhFRQoUru1bhvnruxyg0tKFRoQg5+/sPJ34UNvuFxoNDcZkSL6N78cLrYZPUaIW2QePAlulPQnr0xYbUkBVpbFSEvK0XkFodsuYHPLomTz9PNjuOCjtr95+XDCRbxBxlN91IESF54is3c1lK9m/HTuv29nbfwKfZjhzYL+huhKIhbzlXwEngZ3VM9AOhHN2Puxghr2Q5+ET5IzKY/BvzQ31XxWjAUuJ9fojWJm0wtG3oxsDv121bNOBl1TK+8Au610K8cYx4gx5LmcmaA8SpYntTKiIrbM9fyAn0QJmgc5qkvjecXcBKCloBDAYjUVF0u2FKEMO7OoqXQgzZS6ALhxjBqg0UCcQq5+BQwe4H5EWwz2+S/P36kaibugqrtQ0T4O94NwgrvhLWo8+idZWNBHtkTWXrcTesj2B9sWxad7JCiyqVAQq05ows/mbt1uR2S7r0SBuDLb97kdggFqVmoAgS3QycI8xTQXFNxWt4jOE6YuZBGBmtVxcErFJBMFSmgTqN/V5hv5FyX1nL9vCV7LpA3WjpdN1+DG28nLhZUi2TogVCbuSgl86PSxpH9f9dRpUBstt6cLTGZcb9hoU3WAYshA36o+x8gLj9qpev803ZDB63A//LBBuLoYt62W/VnhFTqqFC/s7G3+jTcN5JgRT9RtnIu1y3njVOimwNztlWOIQlmY89+UNWX1W/yssQzMf5XQyh0UrwF9ljEzVH5nl+eR6vV8/fLDZNSetL54j8jY3bpftsuTmsZmXpdT+3uPo7Lh05sB+J1WcG2J5fV6zmdSCA0ZS7TeAjBt6fAA3s6V8kpIF3glSNlPsq20byUL5YFTllOk4phvdS+qVimX58/NllXvl0ctkieUptIRr+ihvS2BFdbWtuBsAhJLYaidggFZwJebHUt8t1AWyeF4lUB8q3e5EPQgJF9gepk9FT4bzxw7dm4cxmIaOb2jPC7ZHatlTdV1XPJhrsrqND4pHBLUWKyq6g6tZ48QZEqn/84ospKShzmwP0sgBA7ml7skM2caaxzZOpqIknlZH7Lpkbv4JcxO5Gyj1NuGekCh9I2kjhdx8eefUXpTqkqpZ/atgj0LiJ0nXMFo6mPEDaj8/lDYb2npHnyB0QTwYM/7gN0yrb7NsPvLsm54OuKWet8gdVY6i/SBuAWK/x70uoZapgZb7NPTXvx690A0HToIuWBpJetLnu4N1+zbf7CHYdST79O1TcbgypfowxQNx+VQAkvL5YzZUv46Sk2/RoaAe4fbSOL7RUJgXD62wtibm/GIRbHdZ77mQBTZEoPS5tohUXdlf6Ooy8Yv5pVyCWh4gyrJE/VEZ53jh/7dQP9HWY8SKiAAUaTAyaN4nanOq4nYbr51msVB29bCO+4otSZ/v/7joC7RxvA77dQ1lXMInjaivKh3w+X3/KrtgQXfgU0k1QwgmO2ydsBuGNw9O+q2U0n6XQ/eBMNTkox5KtBS3fkGs68pNl1DIg7oEGCRBOlBdjhw7bgWv8/Rw7mhoOzoSA+O2UYTOG2hz/DBe3myvg6KccbAwQt6t4MqLV2bqshTNbR0QRzRuTpYlISXCO9OJrF8zQTCI90KnJQk7Fph/rFaBm8tAVjorDSnrSOF2yfFTnwBNTS4ysWvZ10f5/K5/LkFqJb5W/GGl5AtPJ+F8oNWERrxtxrajYJMuYg8Br8FUX0Uuv3jfGabCXDx80YLlmy+cKSGvwzCC0oMRRABAAp+u/ejdMMAsgqVeaDJERIHHny1erc4cM+66Z0XzGobt0J5smXDwXa9dyGbUMJkAATvALmDeDdUPK3NAPZIc0beSY0uGJdLYxmBC2XyoSmnqOoeJ2c/rYhnBD17f7K1QRgwu/CyxwNKb3Fb4iR1jSeIcq0zy/6xGBZHfGXrpeg+SyHU41vtLQixxh49m6zsrXi3oblYxSonNkqW4SXwarTxsQO/830vIEidt3c0QaZdx7V61H8OkAhYsR/wVsYyu+KHXfN++5zrTBGXqRanO1IJQv56SfNi1ElQQ7Z+AlmhL8vF6pyp7JArnLuQPOxjOyXelw0r8vz9f6rpzRGsxBd9UqWBsw1jKTRjIB4nZ6vnBsmVodqrk+tmd9FRuBzuDXKC4eEJVD8yQB6LEJUcRIXobbdbAI0Odrkm2ouN1zJGgqeag6GRRPhiIfQXcT1esymfVteGQJsaqSj8CR1p5powZDJqkmVOPVfrWbA9Zv02qyijT0pmBEJGNvA1cnjCXb9cOuWwh14InU1oA5kuSDrhwpo1z6kkFrNkZDcn5WMb4war2ho4NXeunSt7a2+kY3Pjt+8JEawZKtJwWy1UQ6xNjXDb2BRXVaWP16GYJbsKbVRwqGiXjdc5VCyc+jeQSRsPm+e+/pu35Ga7CN5CHa2Ko6VWBe+32yQerWnl9ZWC1TR2NAWEX3+WyWs/ziY+tHYsStrcMy+9GCdU9M0o/pZCqPRo9EiSzPaVeLAgIaCLEiQIjGSzEH3KhW6Nv9IzWcUl8OB7JJDX/brpQeVWKS8PspNIeKNTCMeB1ikLdlVFi89KBBjVz1Wt9dD+vsAO0c6yJ83VfYHajfvnwZuy0JKR+LgY/jBu7QNyvh3UU9ZcASExW3p/IYElENJMbbrdF/eyHbd1Y+mMyVKZcTTOYCfnOpOUa5CO0I5Uz9fIsXtfXJDORzBlV/hUEvtOqwzNEEJpi5D8eSA33Xz2jNlgm9ICxn7UE1SLOZCa9wYbWMDMhQSSIJGqk7NHvccQ8JC93JXiocGRKeU3ekdEjKzyOBZByXshqgRfJ4uQ0St1sgTeZU+i8DxO1l1AtVg1zpCrzaZTILgiZ5OG3V/oNHg9ypJpVkV+CTZMArHwaF7kW4GyEs0biU3lP9S24O2zJ5GHkMPmlDomFn3ElY74bJnETG6cypydhE8bYq3A7eo0QWkWjzsWZG1AE0RbQVoZbf/QbBua1yMJn1B/cDQAtiPOo455q0rL/IAP+khsGKC2U4SojMFWM/EzgcoawqJDsXQhiB3/lP6J+bX56Pq1MHYN+69xuXZ1M1ESMbmHbulJ6K+7DkZGG1DBf04t5Mj9ciULA7HHQPQvq5EfDVcz/mPbkRFx0ynySd7jnLpweaxO2NEwEE5Q4Qt19tlUddFKGlCB0YdlI03tBZXhpd+EpSoAgFJGKEXiTwj2/roGVpfkVNuGZAvCrB2cJ6QZqZpCiusJQyC56p0TLrAYBTFpzflmwMmpioE0Mu5h17DKkMqzv0+tjdSDDc7jB2EcLXnG6wujXsL/fYvx09erRvXGPay/M1j6gAkpYQaWs+k+BnDITQQ2Zc7lLpZGCqJGUqfp1CMsrPcyU/R/iKb3d/D9y/r+9aGq3ZysiQwpsT8z4eMK+bGf0oPV9MLVOvzbHHvmbhX3m8/eblZcYg16+ePME0h7B3BYv6Kf2bnUeNaEHiQNY/be3HIUbwgeL29sGWaZaHidtR5HZdrepYMrNeiTsrfKgPidHa0z2YEMqSWgudKuFrJ6mcYJkUZu78uYaeQVZZFYuVV2IEWVFBNZgehO81OXniR2ETsyMjizYmgzez7G/wJOn47Wzy1MTzYboR1/ak8NKqrMZCK1PbQTg1j/WNaHyWheOQ+ITy4dfY9bm+hyJeyXsLTcsE3wAJcJUGuXRUEPKaZdXrENENkmYXToT798ws6buWTDt79uxNYjdu3Lh06ZK7uMquYjx7+tAj13lrBIsgmJs2l+1cru9gretXx59ZrAcgAWxR5AGwKE9NGpIx+tgPnlxgmhX0q7KrVLReSSWxSDLlV+JtILKj48lAbQwA8OkxQNy+CdpGotqDaglD5dutsdtDx00CoAszbo8FsbgeI4a2IQ3olEfJg2nQ6TRoyfxwrrTL4279ene/+xYhkH0/YXDdlagmI5PPBSaTmUhGvx06PUGbDbS6S/e0Iqp1V6Ua3LXBuL3qxskVFQtoqUhN7r0wtrf2vcviZZcLaZO14NLQXdn29nbfcMa07z/8HcU5S9yuoQ5m4+V+8TMKsDUnr+Ex9x2EFyCdAkSVC54c6+R1LkRqNY1/ZTrru6JMO3XqlKfhORjvMPx9993XdzK7s3z7MEibW+1HtByhpxJLPBZWyxSbm1MYLHstJHq3B3GH3l1n24ZhcwNEtnmrKQgHw7RIjBrBY8egs9ageTcTLz4aKm6HmSW4HW4OO2zcrjlk1DgrrfKSmU11KQl/ptX+1RV3f6QwIOUGCl5vAiZPl2GGfBzguXjhQhvM4+55+83LZiTYRuhFbyhPgi9H3SnD70P2wEwnKZNI8A9UiiVnQsUYdqnsTvZmsXlb09kHDWm3b5YrUtdui0Gtsakkdsno17z8N1K0zJa2ykEgSdh2Sblfk/AVh2FUJDbAQpISJ+IZQ6yi/QWYKvXACeTeJXeq6FZ4P7v44P3f6ruusG1sbLRphDmA7zuxXdiB+/eVahkxYcQbg8Gra69Nt+rF1TJ59DDVg9kbqrYau91jXz33Y9fxuo6uilT2z5tX3ZWCBgEadd2vqsluOzExhmZhecrx1vN+bDNIfXsNZfUmof5WMUjcnqA5FGt+IWhmc4xab0DAqMg1WeCcxQ0bjZxaKgIhDdiHf1DCgJed3fDY+rp7j1yhOYhV9Qzu3F1xiKsI92E+0wexQKdU3h+cRt7JF9En/LesSYGMFaEIMHqtJdChRj4gbW9p7RwJmx62csTqN0DPn9588ukT7utu1IBxL93Ikg8ortmkoR2NacHm0PFw5rSu1vri25fDLwPflTnI1DeWMe3KVAdU1BQ3E64YPDx8yIxjJB0sXQJ7S9CiuFOtabEodOGS4Hgj1dM43VqfHD/4cN91he2+++5r3xS3t7cvXbq05+n356aTulrl+ggG0eGqZNPfLJvHwrFliv0HRQ8GB0EvVDNvkwNEi1EYigwtSWQ5GnYAjEuPo6n/R2keJG4nA3qzHIgcg8Tt7Zti6MzW014ILXghR8SWXzv1vATQGlX7ha2/gmbWqG8OuxGPU6y/K/jb8ruRdgFjMwJWUQjoWCLS4LR2ZdVSWZ9zrT6aVp5FaB8Hv1k+t7RpXID5giNFu/eoAdiX9XjxQqwqa28rGwRytv+BawqyGjISz5XyUNEdITZGsFzcAH/CEjwAMI8wP6XQZ/xcOhq6KNzJG/NDfVeXabttkHseve+7957cIeXNgB7YZ1RNYqa+XjS/L9/bWqw3yAIjG71oO+TAzgm35umry7HVy9wyCotyd/LmsEHnLKtnCjSdhUYiWpKDxO2gZu0Rk3w0VNyeoAq1RvMSki2fWRyhzsuXxt6eJrci3nWVXw9f2oaQF2iq0fHPfpSo9eS+oocanIj0o0gI2YFbsky+Fk01ZKdMcDy5RaG63xUDwz8KC1DxfqnoLTP30oL9TCK/BQLUI3oHHspxkA+J52ftylYWtx8/+DCCwVJScl3g+XIfVVvTMhcw2IvnAeqGuvTiV9iva5yvURlD6YbuXUM1wLj2XV2m3b59e4Fm6b61yuFJl7R8Jya+5lRM08xVUwf0u56Nyj96/9HH/3rnq8U6hHpXO0/fLnpIOEBr1E1RLvnI3IM7QfdAvq58eIwo1tAKfXs1s6xTpecCyvPB43btoIlRj1RWJIYzntWZ1ZxeEyINEvUC/JzlIiWy5KMGuMjl93rNoOe1bZyOUS0HwS09s0b7BOk1484nXsmg7eFoZ6VxY0KTHVXRx9ZjiqkN0K7kyxtWwwPcf/UGoTfLYMt524N7K9ScifG+gIt0L1eVpBUB7c42Njb6RjHYfnr4EIfWGocLQD5TmNlDs5MbJvK6vRQUgH9realCWbMqPbbkRvx0jeotpX11sv7g/r5rDNvNmzcXbpzuu0mS9J2DKJbtJsZqUy3ZEK2ivlIJbIROjKL3T59/aeFiT2OIMTqL01yiD4Q0uB6O5dixJi/aM6S0j/WsE+yyU1Xx24n4R4MZfgwSt5ssGcJRJPLMIPn2BLRJw7tkjTaIk3LsySdNrOthccvzqDiQRSm3UqI+Au+sesfLK01MNXi+6kPUzznQHq9YHltfN9OZqCyrhEVKVW5g+sbwI7CWJqioz9oZwb9+Si/Qxut/EZ+DiffG6TPRdMtK7IwUamMri9vLCJAKsbBzTTaacV0UPykDwnDkz7A9XWGqvqV8AfRkJbMx3JCSsafbwnLoXqWEFc5z00nfNYZtGdy+k8lm9uSS1WPJAbgGWZ3Qpj6jfh/9Ilzo8eX//OXCxX7xwuuwNxMMW6uVPu1vwPO5AK6whXvZxY7x4Zl8847GTOkRZ7j6dn+F8smUUCFWujegwoXwUqOgQJMLDh7In9Y/h+O1pn9jh7lg25Xi/sG7DZO/cxAvjmbsLdVH+V09BfDquXPxQHu6JihBaePdGmB3k6SDtyOdviFtBhS1ZJvlS/325bdCJUa+WZCo8XYvJiWS8IfwA288IduMrczJ1g73Gz1G22pG0p59+wHBPWpMbohPNCUuYb/Aw+IhCjXN+famBCMpMp+q8Sv4pBUR6smYS68p94mMVKPVOG8cXtGNUy9durR8K93a2tp7ivcr06kxlSO8VOnrXXtkxh03tjLioyee+vT5lz6/8s6f3v9wmTKvuZrG8Vff4xuRveMafILmP3lX3H2nWq9LbQS0KlODxO16UONVAOLM7A3cbnHFCAsFyWwRedsDUOELVR4dzDq5BuyQDBAhC9Jb41X+FkMBA+5JhCSGkfZrsnPosDQKJyvReTSd9yrBLvsdBAA/eeJHcDlAXQXovPr32JPB9uGt3X/v1FXT4lBEnouW5hlNEvUEVi9A+n7yxIke47Rb1jd4wVaK27FGBTHeeNWql9yGvL1k9QU81q6EYtRrVp+w9GDuoEoP8jIk3WpK30lsyb4rDVsQ3O7s1q1be0wzU63gEM1Gt3N9UrUfB9F/+8o/OZR+59ef/Pmz3wcp6sochJChEnwjLAj8Tv81psuRFlSwKxDzZ31sX5tfVLjdnuQ1UM0ewO0AVqHxMcv1AHH71YZx36ricJM+cJoGJUYB4JhxBaml+xo/Xe5rTIlujLqbXg3eZozbbCxXvV/8ng7c+TTMjoUYvfMCh7IAubGTt1NuduxPCWjVJCOhOtiGlFizSDJhrSd5BZdOXyLYxpQIM98mLEjeg1vf4AXby/M1hGwxlr4m75kJFHRdAWCF5MF3DZ08jARS3aOZc71nkwfza+UDJmORhzKb7X+g73oDFgq372SamdWcHlrM9n3zHjmzA5am1q09J9L/8ObPv3xvy0H0hVee7srSAfrECclXtBxSzbVj6uslPWsuF+Jdd/731VcizoD7LdsvtQXASMCYOFTcbuWXZjMalO3MCjG/BThlS2atNFRmy2iQ8oWS29Ygj7gbFncnC1dCN2s7BBePS7eunbS4XhuoYHBNsfpm6LrhSFng3DJJWJXBKq446WY9TqHkYf0wWEQv+1iS1FBSGTWT5cXesC+Vn9K1qLIiROFPuVhdTpUS6j6/fvHC6202DezL+gYv2C7Pp1wPYIVe1NsYAVEBQ9oTzbFrsl3LWhg+V0obizYX8B4Cfo3Q5jptlm9C8d5G8lDf9Qas5dZLLW2PQfeXDx/UQD2v64xI/8nnV975j5RI/13AMlzA8JIixLJOrfEa9tKQiIOQqb6e3tO74DDD7WrsaJPlgeJ2OFcCa4fnepC4HebOmEWi56Ey+6G1/FOWNr7S5QK6ekqOgh+FmhCa4hc9KM5+lWTVJIU0qxt3HsdHrVO1JidKeE5j7AAFrd5QT8F1WS+oBkNJZUiE1UbCnO/xQUA1nrSFb2WbGya88WT/On9qlRH7zgpvlsrxLT3xbSFKMbYhOcBkJqSvvcIbTbwzjl2w6EqKY5H/vnSKvF/jLoM7VnNpaljcvpNB95VdTL1b+/7D33FV+dETT33y/Ev/1i2Rvlv74xdf4Khins7QJidZn2z1onT+nRBZDpb0RbNXpnd6xTMLGngMdF1qNXpist0IiTxIncymqFnVMk0AGSqzReRt/xtUXtGBVbsRYNDU1rEQraRqHUtSE6G4wMlzWEA/NMuQH+6t7BJxZVtzIp8O4kZVIJ11YqUIf41yzg1BznkvHWTyAuhkSFXWoQZ8ZWgorKrmBF9Y3t7EF6tW9Nj6uiuoFUfsua0mbs8XpeqFqIJqthh4hOoleJYyGI7wlRIGsuiaS/eBcJ1CQ9gzu644f47wWbFQ6ftqLk0Njttz2zNBZmIUTjz719/8hu2cWI/Ia/VAAOf3q87ZHCMQ4q2u5HOXK8OE1Hy7dYC52iKDg8TtCagOMbjDAXSouB01P99cfOjMFpvUa4AqtAEGe9n9og/p17PSayeP8R82wnTlc+b0Cx2/VjLSPoSX9kyBK6vOkpoG3hcFboFhOQlSpD9IoCSyM4KldMLtBMR7ga3IPyljX3/1lXP/8sEHvXNB7W01cfv6g/tNkKxirUNJiSUOt6QsiOVmKvdcsXOtTgD/CXZR439LOSOfw34OZBAgf/qVzdkqLk2NhNt39gp0v3HjRqTyiWeul3vx9AtWZ1iTJ2KkYPOeippjf4kLkKSqmFVjQsyph4aRZbD6dsh0wVrmud4LuN3P45ECCbjJVBpVJiF0Op17Eq8SwkIBw/ftyhx6T3d/ECVDy9AqvYpR979B6qLz5Xt5oYpwWxpSehj4pN7awH29y9SmWibRVFrMX1RHkDjzUmyZGGUFJgIq5fkauMdymlTLEWETBgfXK1tN3P7cdOLltyHXzXYsQlIWis8xeLZlLVrlIsOqcwJfQ3GdeCtJwIm4BnI0U8lOj76rDth9990XrwHvAcHM+fPn45VPVHNA2sHpdJsYP3bVLKWQVlqkXFJ0rX1nFFiN2+FsLM2O0pEOGLdrcVTTlUHidr+g2q7usJmtZckQVgkN8ISxux1LZYQ5LORwabqe3Vt0YMt74ZgkLFO0EZ488SP3Ez2CriKcjkaVhmBMXO94QqQQMmFvomFCJK+m5WmTyiNuFYNL96sT0dQLzc9UfMsm3tN5mX887ZIxuB5Y2NbWVt+wBdiL80SISaD+nDLPGsZD7Qpcr8qFKPPrQITDYDN1EMrtVs3kCQYeeh/ot4inMAH3IIVPesz2/13ftQcsXgO+ffv20OO6x5uP6MzcGOQ6Q1v9rmaNE97NTlhn6wZE5w50tmhrMePrUkU20bhDSmZwo0YhTOX4cCocE+2tDBi3S6Jbzg0ZR9jMpjscQdBu+7n0jVsFh9eBPYeunff92PoR8Zo3ADPZS6Q5cs6Iw5+rwJEykQzMhW4nJIPde1XZ9E2LRZp2ppafIPgwm6WVgYXpMIGbBI+bRCcLCCCXj5oU5XzmtAPqV12bWcEY7AvbpUuX+oYtwC7958cULAe6EYafFU2NtOIa9IoT8XfGvwLBeaWT0Zy8ngiY63RyT0H8tJULie2rf48c2N937QGL2oY3Nzf7zt+yFrV8OjYHSl0P//bltxyyzYIbQyRfgyKH0t2dDqi7b7nv9j4ijzbaaDHMAScHn1IH//TpgorXnhHpLlzv4WDexQuv5wTpSsnkRlvSXG26OnVH3iSy46rz79xYUByn878v6OmAXIf52Pp6fkN+50/O/Th/jnuge+xeQunaVhO3f/K/Pv74+LOArEbidhSqBW/MxPXngA9H36VaFA3LARuv8Ll2IuBWUNop4MnzuQb17x5byVCQsZvx0PdjunXrVuwi6t3yXro6+k7OaKONthLmIBbtGUbPfbTR/LaauN0l7G9ff/3x8Wc0kY7obsmfSymLL64L3Ilyfr32EaQcRUR60RQ6Zb/tmwHPr8TqOhAlQ+xQdbOaoSDvzmbc3m7evBm7iEYbbbTRRhtttKHbagKePG0Oun/6/EsKoEIpi4S7lNk2lOrkmNR/BRjWcV24lh4K74VsxsOrFw6CVtcLr6TFOtnitrsTt9++fbvvLC5lW1tbsYtotNFGG2200UYbuq0ybs/ts9feEKgYAXIGbpFQvN7kFG3AyphtFBZGi1XoDwGRDE+VVuBo1wBpe8rIkyptQr1THy/P1/quPWAdtORBS2Xca9hBEY022mijjTbaaIO2FcTtDoCJRH722s8YHp4wYIwkJQy962CJVJHOaXChYIFalFmFqKGI5RoG1Z4EaxcA6WTUdAAPg1OcrObWSx205FOnTvWdy8VtxO2jjTbaaKONNlqjrSBuh2Hx/vT+hxQPq+grDDZzGCwYeKCcsdlveUUr5/nv1l8x4r2IH2VZqBM2kakSvyKcDpqduxa3r2BLbm8jbh9ttNFGG2200RptBdGOFc76z5/9/oNHv4e4awyDWwB1ibcRA1+T/ChWjFTXqOg0GmBjQC5u1kS6cgFm/LHzkm8/1HcFArs7W3J7G3H7aKONNtpoo43WaCuIdjzb0Pzliz9mQWakXITz6ppFlxib36z1KlKgLtaiGpgfcPsiMeIjtd62ISNFSqRgplbRjLh9oDbi9tFGG2200UYbrdFWEO34t4/829dfZytVoXaFQWsPx67l5ZwPNyh3jO21goVhb6VsmfOf0/9iH0HJbPC8w4jbh2hjHMjRRhtttNFGG63RVhDttNn2/U/vf5hpZjA9rml2xWyLoDFzC6hD8lzT5ipoTO1NKMTe7FMg10OkVm4XVSXpjfldittds+k7l4vbiNtHG2200UYbbbRGGyhu3yk0M88CGrwM1agYdYHt6c5KgK63sHT6LbBtK5PN6OA2QpkjEHgFwmWC5d5PWCFPn3DX8u2DjgPZQfmMNtpoo4022mhDt+Hi9tz+8ObPlRZlnmNyFFlRQO4aCSNNCwTbjDOHtDll8uUNMnS8luXMrrETej+H65M5+TnCt9+V8WQGve+SDnw62mijjTbaaKONpm3ouH0nizPz0Q+eErz0daWEMZTwHLRP5ghvCyZcIPyZQvv0Kwyls3sm0iNAcnd2omTt0pv4+PizN37xXt8VCCxS661sc3Oz7ywubmfPno1dPqONNtpoo4022h6wFQQ8R48e3W0u/vb11/9+5R2Fk/26F8rAw2jwAmxDoYv8VMSK1IQ80qWTB04gJp+hxMucfn7lHVcUN2/e7LsCgUVoucwGLZLZ2tqKXT6jjTbaaKONNtoesL0E8/7yxR8/ff4ljtihMhzsncQxvxVoXfH5UnVj3IYeoqA7gvGcwEfMfHq4XP/1zld5Idy4caPv2gMWrsECW8023N62t7ejls9oo4022mijjbY3bDUxzzI5+tP7H370xFNqLaoGxpBFFzC+DdEt2HL2WyhipHwm5czV74pZALbi1Z189MTGnV9/QrO/B4RPu7VBR5I5depU1MIZbbTRRhtttNH2jO093J7bv1955/1HHy9lMBLxapCMFoEKGTxE3YAMVyhdimeAzAbz9p5fmX3w6Pe+fG9LZ/xuw+2r2YDb240bN+IVzmijjTbaaKONtpdsNWFPkHDWueg9D/Mu6HQ//Y5OICGPhTEAovMwMoYIBzwBJtj5Iy5fLncw1+fPn++79qRFxe1Hjx7tO3+L2xhJZrTRRhtttNFGa2/b29t9gxdgAbehcfj284p7R8oTAbOF0F2AbSR9qaXyHJZb+7FSCc1Mcfsa9tffcj7I5zZiz20FRSPxcPsKrqrelY0rUkcbbbTRRhtttF1Z3+AFWHA847BuqXsH2hWIvQWiFjDbCt5OcT6PPDlDP81cgP/P3vnzyHFc7V4fgZ/AM4Q4G/HK60tFtAxTGa3XV9zIkm0Fm1CvpWgB6prKFpKl9F1fxfQdBbMJ+QrLRIR8lwDBRNwFJBAUIDESFjAVOBIhwImjuWe6uqvOOVXT0zP9p6pnnh8ai97dme7qquqqp06dOuUHrrT/unv5CqW/XLEbEtTt+/v7zZam4ezs7Ny5c7EfbnVWiJsEAAAAgA0ntn4J0JLSI559cfzw+ju+54wnyLUmL6LHBNaHCs2vAzlqlxg1XuCGd39RKv3l4fV3//noFKWpeP78ea89ZIjHjx83ni0AAAAAWG8SjH3ddpCNfz374emt8b2r13y7twrYomV5OESMM8j77jeec85Ifj64lHXr3tXXKYVVDOycNL2e2tDtu7u7sR+rFu2NTAEAAACwxiToWdF25EDLj99+99UHHxsBz2W53B1pnr/6PCs6V/K+RA8K+/xelJKntz61wdiXJc1Vxo2HTElw7e1SYDkqAAAAAFYjQd3+Qvs7bCoyC/ynD6+/c+fiyxNlWueuLzJCe9BUrvR8yKOGnQxmq00fXn/3+9ufrSzXLWmu02xwlTExHo9jP1Bdms0QAAAAAGwOaVovI3r//vjtd09vjR/deP/o8pXgrqb5MfB1uJbl0mvdjQLuXX39yxs36S50rwZTvvZF2Xf3mBew0RIAAAAAapDgTj0vpLQfzT8fnX5/+7Nv/uuTh9ffOf7dWy4g/MAtVi1xeqfP3//dW/RdugJdZ6lFpsuyxlMnz58/XwPRPhwO6UEayRAAAAAAbCBpOh6kv3Dvn49OSIRnx0lxzk9a1OfziF1oYeo/1+PHj/sePcaAGDIAAAAAqEOaixk7W5q6NpAmjF1oAeqX48HBQa/jtFuwyxIAAAAAanJ2dhZb0YSJnTE9I81FqXV0O40o18PMTuzt7TVY1gAAAADYWGKLmjAIu7EUOzs7sUsswGr+TjSWTPNxVmN3d7fp0gYAAADAhpKmVTN9F/ekSNOZ5ODgYKmnoMFamqtrVwaiHQAAAAANkqZSgot7ddJ0bn+h8qTJ2dkZDdMS3Lq3JhDtAAAAAGiWNENBEgiaV5FkS5AEeUmySdXv7e2lOd1TH4h2AAAAADROmksaX0AIjsokK315ImkURkKdypS0eppTPA0C0Q4AAACANkgzFOQLED/VSDYi0Llz565kJDusaAkszQAAAABASzx//jy20glDwi923vSAZKdLNhCqsZgkAgAAAECrpBmNhDg6OoqdN6mzadbsZBkOh9gRFQAAAABtk6y/8c7OTuy8SZpknWQ2DaqoWEYNAAAAgA5INiDJC4gqU0rKBbchnDt3btkw9QAAAAAAK3N0dBRb/swFoqiE9Yt53i+2t7fhGwMAAACALknZ3YKkaezsSZSUR1ubAOLGAAAAACAKyS5NfaHytpubxs7OTuyS2VCuXLlSvqUUAAAAAEB7JLs09YVMJsXOnuRIeYpkjRkOh4j0CAAAAIC4JL7CEeZNxe7ubuwy2SzOnTtH7whWSQMAAAAgOsnummrA3qkcGNs7hqofRo4AAAAASIRkd021QDhZYGzvDCh2AAAAACRI4jtvwuRugLG9G6DYAQAAAJAse3t7sbXSAhArewpje8sYP3YodgAAAACkTPrxwBFYhkYusQthbdne3h6Px1h5CgAAAID0Sd/FnaDBRex8iknK4Tp7DbblBQAAAEC/SNzF/YUsgPbGWkTH43Hs7F9bNrleAQAAAKCPJB7F3bCZ+8uTqkx5T9s1YG9vL3YhAwAAAABUJfEo7pYNXKC6s7MTO9fXH6r/scsZAAAAAKAqvTDqbm9vx86nTkl/yfB6MBwOYxc1AAAAAEBV+hJmcHO8GuAh0yWb6YUFAAAAgD7So8WPGxJbBjFkOmYDvbAAAAAA0Ed6EQ3ScO7cubXfH6cXK4XXjE3zwgIAAABAf+nREkiSWGscvg9u7bGAtwwAAAAAekGPXGWI3d3d2BnWCo8fP4Zbe0TgLQMAAACA9OmRq4xh/daoUhEMh8PY+brRwFtmw/nno9PiOPnx2+9iJwcAAEAl/vXsB2q36Xj2xfE3//WJPZ5kB/3RtO30sdgpbZIeucoYxuNx7DxrDBLt6W9cuwkcHBzErgt1IcF5/Lu37rPjmJ0cy7/4nwkex/Ii807m/dG/UZeqmO5FzfXTW2Nqw7+8cXOWjDfeunf19cOfbR3+bDT52cicFOfm2CqO/Ff6PH3x0Y336SJ0tX//9FNn6e8eesaFBdrT7o8qQ0kN//72ZymkLfhC0UHl0llijos8OfaKPu6QlsqopJmKmzbT9vrtrWlz6Jxaoc4SoxPAztfAKEHtj9Hn9Dh3L1+xjbZpz/NWfWCb8dlf2L9G9BXKja8/+JiqU69zo1+uMob1kO4Q7emwBguf//noRDVi7Dzwd65O5X+5iOUfGE3039VnRvwW9moTpo0pkR1kBcnsec9ok8SyYiQTyb8ozs237l5+lZr9Z38/7uBBuoSGJHMqici0rz74OHZKV4HGXLroB67ouxTGobSd2No1CVfFLdIq3SSm0Dwj/rN4eU+7SUMQKqPQ4DqvsXHTNqtdAykdPWtAZypRiVjeaMfNpTpQ/adWl9per7dSfdzokD/1QDRiE11/tu5cfPnh9XdIw/fOHNE7VxlD36U7RHtqXLlyJXalqIVVJlKlC8OylqMDoUjVf5WIlUJ3y5cWoYaRt6Jbnen2+797K7/pYEspEJ6eUMsftMNvsS7YKSvqREhLrI0Fnjovr4YEso56utgpXYXi7VAjtbzmP4mt29XLpeonndy+eKmbmqYGa0z8RFZ9TzLdPhHWA1ctu2lY5sFql9/25jXt3tXXOyrBgUqGa+Li5tIKUIIf3Xif2px5tpRD2TLLsbm2IPmGCF6RSMD3S733zlXG0F/pDtGeJr32ljFWO691EorU096ibQ/a+jwdq61w83pS+ZX8Oh3qdpbUgehG1aOph/KyTg1bAhab9VDv935zjXeCvmi3udeZ7bdBrLIKTqnEtrefht4vPpqenZOu6CAxqp5zm21ke/vBJ54wTkWRFiW4FWxg7a9fdzJX5be9NjE9srd/f/uzu5evhHqigNXFb5aVpDdjmdB0s/hKv5rx/gYh7KPQgmhPll57y1Cb7JvNubQOqVBtU53390Nhc9afDJnZebPpPtalvd0X3iHDixpu+AMcT8MP9HeN80yvvSX/9ewHr2T1r7YuPbz+buz0Lo20t+sxaQK6PVghdTo7cJMOVn5z9wT8ZFTb4k5i6/aTYI75g8QOxrz8/eV2mOjeRBUhxX7kFLsyIHi5usgTxqswrrVXpdPNuLhZ+huHsF/BIRHyMXH66y3jev+Bar58C6pvTfW1ut8MCv3PT+Y0mK7vsC1kN93rsbO3B2S2p8yrZJR4HNHmM0tO3OWNdfj6g48PtQmrZPjWM8PUlPmQH3qGu8P49vaTYFar19B4y7Q9POTvrMyoFPxk/Dcxb+7S0O3+UEv/eqd9fyev/rj2LXE/Gapg965eC7XDujkKzpqxmV/VpAeM8xPvX31svff29mIrptXpy5ZM4/EYoj19+jiJM5WeANr1ZeBaMLl+amR+9Zo7ZTLyFYVe1+mLDaWEi66/Sz8ZkSp/usHGW/jyxk0bOowUrPljtgZq5D1pWNbaTO5j40/Qw84xcI2C1aPL+BiN4CkrURnS0O3hV8YMPG0p3Lv6equJ8d8XO2pIw94eWIR4GNsDxLOZ8BZSn7Rt153bGg8iz0qUQGMZang9l0XeYbH2h2WybKK9dycg+wPdgTnpnS2CODs7iy2XakF6+MGDB7FzsYxej4w2CqpLvRgGKoLR5EqCywVjNqoIWrblpJ+3L14q+WIw/KMfGK0bZ5J5fjKHy5sN6cMkGD6/+rrnYxP8dXbH3rl/U4L1JILu9PWvpPNjp3o5uC9KMchyRwK6XVv//AksawNvNbWTkOYxqYqr+qSfjFiMk4a9XQ1vubVEF+XTW5+2l5iQhTnPsTR1O3UKR3lER13hZdOtxfb9LKLj01tjE7993vXNf+ljT/7rE+qG5CrX/LJ9dJIxXLlyJbZiqkuauzI9fvwYDu39YmdnJ3atiYPvGGNPqJGMnbqqUOPsyR4n1Va75r+e/UB9RNHmj/zOxR70mX7FJXh4/V1ryOLCgzpT05+qWWbza7/8+T3/dmHZi63bT4OpkpZD8WK2Z15Wko8PV6Pb29WAgr96se3tJ2oWgLc/E2EQnv2Fmoj2Xh9/wGVtLwnq9u9vf2YaVd+zyPPUyi0G1A7XfBBqn+m+1O5lt56VVO8mEC19DOTuQwo5KcP7/v5+7CxpgOFwuGkePkdHR7HrTgSsy6hva+2Rbr/P/dv1JOmozpWpwT+WxvyQv9DWoxs3m3qWtsnCto+84p71mF/euPnoxvtzXEPpGd+PnfYlCK4ctMIgtm631tpQrAwZCsOc3L18paVpfW/M7oz/0XW7apF4dY1tb3cRgVgTmp+ossv9nX5zraXESNcRUZqprUtlsWfVoDWg3qnBaWOwYwR8vywtirXRZru7u9FdHWj4QHI3dk40A40+Dg4OYqeiU3rqLVMT1SHyCcoe6fZCWo+4CrX9Zv3rqyl7Piiwd+xLR/D01lhM7rNO89kXx3Tw3pObDfsVyN1EW3KSWO4uFDt+O49RKeeJBupNdP9qaWafy0s1aRV9Xarn++HyJLa9/VQ5yfhuTvL9anHXAK8B30qkBBW+TcC9oTIEPX2yL81pFNbDOGwg3UWPE0V6kWJfA6cjjomOuGYPtZAN9JZRtg7e9fRIt1v/9uDRyC1YABY1ZZ93QH0xR2cBHHiJux7z3z/9NLPGD0Tvzz/To0W4IT8Z91Cx7e2nMlVufPToxk1hvJVi7B8trKTw8sfV8DTs7c4LhVfLBOztftDdkWk27RDMXz/SRrJl5ox4wtLR7cpc4I+mJ0XuQbEvpO+rU306Vu/rp9hfYJE2qXqszYxMRTbNW0ZaikaqCY2duqp4up0bw2v5yXCMFz3vrLka7IU5+sdvv1ODGlv6x0Vxq+A8XCz1KJA725M0MLkQW7e7GJXq1ct2n3k1ZP2e/drGSorgK5OCTfsbEQeySGTh0Rdbt2svLGs6fvbF8Z2Ll3yrsslSKtzG/Z1kLeITN6nY2+XWzHrWclLU7VZX764ZJNJia6XmIbVJz/X48eOWMo3GBePxeF0Xn/J8g7fMeiO9DcXRI91+7MeBZBOvTd2FRK8yRCsbV4KrwBShsO35uV2olVnGgnP9Wz1yB7LKilkjXWHF1u1it03uDk0Jy0SOmuxwla3xt1LZtHlZx63PWfx23/MkibQVMyYix4pFASd2poAv87ftUuP+Tofatu8G4ym0SNRs3p4NZPT2XnwV6p329ylYM0ikxdZKLTIcDkl5Nijgj46OaESwxlZofx+i9ZtQKCfNIEUtEbRlmaOHup2PPtxzNXgja4tWij1f7XgQUw1W4baxBAbcMJwgL7ZSFU6niSje6jgPZOHZ7uRx1LTxMYWwypqEyfmjdotAVWZ+JBAHMpyw6JbkkG7PWx7jS3Y32wDUL19T6M36OwUVewolOM1Wwd91IapUOea/3rt6rY+h1KOzCcKMBDzp7fF4vKyGf/78+YMHD/b39zchlwg/OM8GesskFaGoVWS/I7qYHul2o3NUpBf7a4M3Krw0t1RnbX79+oOPG7xX42RrTkcqc8yJ2twn62rd0kjucEL/ipX+pbA2bVkx8kFWIrrdG2NumaWLPPFyeJU/QoPGyaCUSkEbG93ueablmRbb3u6PvPKW01StYosEkav2hbpz8VKD81beoMYZ+aPr9myCT1dynmkQ7StDKiW2UOqaKxn7GQcHBw8Kjo6OzB/39vboA2sTH6Yi29vbwRqyad4yVO4b4i3DhLr0M+mVn8z9PH57cN+lJnV7sWOO7CULu3TiOfbw+ju8fPmDqBGHcac5lF7WVjhFFwNVsJH61MjUPE4auj2QtzbkyKMb7ys7LX9DaZzVlNrxJZ+Vx8nY2/UC6uhjClm7RB2zVUs2SnpSo8G2Qo2s+dKb2KObU6/sxDCn1bD2m8CGGJNBOePxGDXEsCHeMqGp3rylPU5bhXKM+0p4ge2gSd0+lbucqG4oZd2ehW3fst26Guao3jNbvqqMhO5hexE5x2pjKX23UvD24WlTFkjr/EzlxZY38lqdP05TkzueoErFy+KJWJc6smHtUxg8slXPuoBs1SrWgDvpLhrbwVZTYSG9sYN7bePmEnf3CvrJJLJstr9soMkdKIbDYUkNgbfMWuL1KU7kpKxCFTP/dumzzU1Pzd7LGyA4o2jKOfb01ngibHGu97x7+VX/8yaqifqkeUzSk+lPbbMdLZWLuzBrx0qbN6YITHKZIvOs7u5ZnjXhJu0NzVKx1sp1qfoktr09sELBnPAhIZ+3EuVY7FPciLV5zvVnPyOWoDcloWrvKHGvwr6waQZVoCgxthvgLbN+yOZUdEApq1AFM+xoA+Zho34yUzYrLd1uU5+hOMoWyllVxvXGV6EO1ESV4Y4cvIakH8jdWkQ9P5MU7O2F+7pc+Tvxpmw+v/q65yLiVFAjA6hDsUmlSEwCfjLcVMtLMwkPEFkcAd2eTZq8rEa+3KelEX8nWZdSyaX7RdRcXq9swihb0h/79wKY3DeZcmO7ZdMGd2vvLXMY8ppI33qsuO/2S9WivVndnnmbjIqoa7yXFFPkqSHDtluH/Lzcg0vkiqgy4dFQ+nWDrUQYWWlqnyK2vV3vu2QPlbHe7lFKx47qR9Sf9+Kkodu1ndamMAF7e6i1GehXw2xAzKf/+K+NmJ3lsE5Ukli5VDjazTO292kHt/TZNFUGLBX3G9pAb5n2dgFIAa+pdzonfW1mOc6XgAl7su1PG7zRP1gv7PdHyXZG2SJH7i4ysjLj3tVr87718Po7nhPvArWfDtZPhk+OWO0X295+wkd8PJP9l+4r42vByk5V9Zq71dh33/f+SiCeTECRmr/EtrfzEtzipXn/DV2CMngsbzfyX2v6O4WGA5F1+5ezbX9ZxS7WJpifRz2JSdUXYHLfTPyY7SVsmrfMvBg764E0RQqre490Ow/dwE/MeYM3KsKaqWVW+UmyUraYrM+lO+/lv78zd6xB/5KqyVWPSfLuqWrfJTXUSsHeHnKACbx0//7pJ7NtDc98Pv6qGZRDlS8fwidgb9epstovtm4/9apWrk79EqRmgXnLBGYQajqNKF8d7useS7dnz6uGJz2Yl+wvMLlvIMsuwNy0SrK/v9/Ky5YA83qTYAeULMfOTyZgcm/qLoWCUoHN86xLNrB5sf9meHudcsEg+18hnIKrWdPB6HZvEW6+s2Rse/sp97rnOjz40qnA+3ygbR6wZNJkIX4yEvFF+UbEk9GuMrF1O4/ALwY+wRL09iDmz1K3sdUO5GxsHqUEC9egwDSuedhk7Rv95ezsLLZKAp2ylLHdVhJ4y6wHnpHNzbT2SLdbe7u2SQ6a9JNhQkIb2ye13RXa4+H1d0OqbPYIj27cLP+uiSLuTS7kvzYSz6QlpGf4SNbw6OtST1R1tWm7c/FS8CtZIarpA6GxV55BUCMynldp2NuF+4c9j+3ffsrrFa9m8xan3yuWGHtFX7cB8YztbkeJKLkk91oScwH96lb6xe7ubmyVBLqDRPgKlQTeMuuBnMQUQsJ31EwWuV+q3qqmkVv8+O13MjQEVztbt1MNjZgtLw0UrjlfKLzZgtaRVHdbmexPN5C79EXRnuQp6Ha9dmBQVl1lOHe98npSQ8qq0e4ktuqzUBl5E1t8TBFdt+vBoCnHebrdvErSx4m1vYNZdKDV/J0OdV1y1SNKLt37zTU1nOHJS9a+0XeeP3++adbUjaVOvBR4y6wBysbOG9seGUaKlV9alx425CdDquluEUdRm7ayrEu2M6KEHc7p0ys69hxdvsLMZaqSLHCziYjV7XIQl0/BRNftyobMtd+8b2X+Tv6kiSsLKqkVisMv2fT8ZIQwjugBYmHByZfweHnCPPaDRoZ7V19fITFelXAJ6z6XZhG3BoH9be2BDVLbY9OsqZsJjc7qxCffQG+Z1eYmUkZqhuLnoGcTmnxjPqk9GrC3U0dz7+o1z87p7JOr9bbdcPfyq36aTaFXXFjqueaKvjjZAQuziGrxkIB/+8mhmLwQkUVLvmhcnpTPEh+brBAWUmaRsGynoNs9e0I+8ort337qZ34Vc0fWkviBZVzNDG6mUA5vmvjSniizEtLz35+ka3g3DaDY3t6OrZJAuyzcaGkhmza+W2EtQOL49hDbj/dUt090Z1FLt5MuvXPxZW9pleuYUt48dF70b/M4FVeHGU8bLpn48XmqYxa5LlVb3WPr9lNWV5X2K6uu1ltGuqOLofeyiw6kv4eo3ino9tBIPP5cANvxVpm4F+j2H7/9TvrV+Eunl15WMKcNj5NL2QSfyxn13vWoT+kpiAm53jQlQTfNW4aGKo3kWyLIpVLCENSjNtb4yUy0htmq4yfz/e3P7l5+NTjVa/9YMwRf25goyjLZ+bGU3raLItXjm5M0c4DHgfR9wGLrdm2T5D/Lv2uCdfBKLsX/6PbFS0vF6/Byyf2Mvi415EeUiG4/5XnOs25hs8nnETzRPrsINTtLmQKUvYJXjO5L0PNuKvInG/KnvKP02oAFqmtMUwFSNs1bhh52nbxlfFuW7cF7pNuPnW7XYccmy9jbSfCQXH90430T/zAwR8/0KnWvaUpWQ8g26x5hqS2iskDufg5kFxxspRnI3YuwzYcb0e3tJ8oayU8Wfp0No5yPjav8g+XUUWgEkZCfjE0enzpJYF3qiSq4pRocu7+zWo/D/J3eqZ4YfgUlmLvX7ZRyXp34rFD0925DwALVdaXOclQfeMv0l4BhpOgFeqTbeRxIf4qW/suPY/mrOT6/+rqvENQF+TXpIsm6xxiKZYziWax5cNnE3zFb/wyYQa+IOnJ7TujCuHhxIIVCTkO3bzFt48ZEC7+ejcheliZWfZHqDzjxJqqs/Itub5evpHgHE/Bv94axxRux8OvZTkyXvCtwP7QlNl+WzRTX8BFGN7MhyWCLxZAXcyXNvnd0NXM8KU7mnfM/fiM/QEfcMWAbHB0dxVZJoGGGw2Gd5ahB4C3TU4QuHYhuqEdzmvm+S0UkPWVk5jrcyZvBljJ2eQY03hW6E5JMJXuMpoPdXZ0/uMmKFeI3mkDu2qxXCJUEA7nLCNt6IJbAfqmqvrkhYZUrFDsxKeXvXOXpZ8XJILN8g78XEVUfh9vb1agkigcIh428hGCeVNPt08wPPNjU2LKgcqno76QWO/CBave5ZEN72caBN7/N6nbV4PP33XeNkwaHrfZGE4mws7MTWyWBJll2d9QqwFump1it7rtS9NDePuItufKc8VyCw5Lg0MsHe1BPSi184mZ2Q7aYVD+FlQQryGwWyD2wDdNS0/rdYGIthpzblzNHt5Y2PqYQA8OKFzG724jx5kBIlIpu0nxtiKf6Yur2LGriSA1G7El8PxnRcrr3q7pjXuZSovOcv7YVW2D1dvO6FEm3z2tIG1bIVoSrgY+9+0S3ACKL7N/XUrfDW2adaNZDhgNvmT7iWe2cL0S/dDvvLEJSTUhNz6lGy1Fpfp/p0qUcwqPzRNsq3WOSnFvtmtkqXa0zbUaltne53HeJD+hG0S1s3Fo7+ZkebFa8iN1TwBtxO7+XKksPjGODNNiOUoi1+E2u291DcRtpAvZ2vb/bZPkSzN3PpJ88V5tVKuo8Y3uUXDoWIXndaKsN/7TAYHOwJd+FwK/+1Opa6vYpvGXWhTY8ZDib5i1D70V7mdkNeWs20A3dpFd+Mnadl+zigzYovXVmaLZaSanZFkVPb33aC0u7YbZZEitT3sGtvIyUBXIXFi3zR/pvkw9QG+VDLicIthLwk9Gbzx4uaa2dykkQv2Kb4x+L5lacY4O+SBJ+Mtx8ylun2Lr91KtULnnVr2OiA3nGBOHFsdDfibdU0u0qlr1dm01sqpq3t4tRj/pZ8kch6ddVt0/hLbMWNBVDZh4b6C3T6jioA+Z7ifTU3h5onH3pHlLsurtkujT/2J2LlxJ05PahzpqPXPjT0bGyYbwI5B70zdi6+8sVzfgtIX1RRIFO4tvbT5WVlUvupS5VBEsMTyEdZquGy8ebMrbJiL8Fke3tB58cyiFnSrr9ZOI3MsVgf6lL0Tg66Mpla+zCbd1C382vEGddqlcPbXPUbOwpfhdZe0VwHs9ZTlWnyKtdWoX0yXA4jC2UwOrs7+93UE82zVuGxrMd5Gp7CNuytLr3TreHrC6+IPGXoGorfX645UtC/a6wqLNjijWkAbvTvavX6ly52K8zrBOSioopVw7q/joBe7t2/FjB3m7IQiEFars9ylcfyLkq8V5EtrcffCIfRAxPouv2eVJ52ZFX5u/0qhoRLyV3VYlz4dp9CZplF97j5Clsdg7XXla18F5jHshYnrA1trcTjx8/jq2SwIp06YwNb5kewc3RE6El+qTbj4vJWZ7+STUDJqlN6t2e3hqT3L2du5tqS5HqBVKW7jxsu5Luk2WCywXhsSX9UVJS2SJjpI9UhsS2t59IdcEr2NK6PQsq+LKvHvlJibeMjKEqRrUJ+MnoOmwfKrZud34yE9mELqvbp4W3vK8w+XnJ885zBYySS3ZVgnRwsnMH1xq815P5AR792I+8CqnJqfXW7cT+/n5slQSWpuPgJ/CW6RF6inbgWrMe+rcHtkFZtht99sWx2n01MCE+06g3W3qWmmTS2rcwj6TyEVkUmkS2ylyY65WBS8mVOykFcmcrBwNHbN1+yvWVsv6tcEG79CBYZJNZ8NK53jJ8zCvlViL7Lo2CNTl2PBmr28Xgy5TCChe0DzvxRsTm4ncvX5lXgspcz392r9tN+yPNHUIwd5weS3A0tCG6fbp51tQ1oHuDMLxl+oJUaGJVWo/s7feF9lCG91W60ae3PrU2TG5v5zowTV/3e8xrwnPy8U2XW/5zefJeyX6hVdT104m6U3gga1OkORLQ7axQhH/aKtV16jZR5RpSPP48b5ngQsJEdPscx++tBHS7W/UslfaKDc5Uvrmy0uYX/+YgXGnvF7tX+HM33ecS3VFNeqqyizVRIge2otXaBN0OR/d+0Y1bu8+mje/aiIrfAbJ3ED1Fj+ztx9zePhAnqxkwp5n/TCHdR0EFWGLDjEWxdNQdJcpHKkZ/ckH0vBNPq3vnW0nVmUIby8FI8bwJ+Lf7wqyWbqeqeFtvwal8pcJx+489/3abXdF1u660LJhnArrd19j567DaNbMG55J3QWF7Dy4hOTZblHrDrli5FGhzBu7k6a1Pu0/SVEY8VieboNunmaP7RjlC9JeIduBN85ZpO8ZmS6imnttq+mZv9y3DtXT7VGo/z4tgdjQbHqE+JjYFd1H2TOvBY6v0L1rOzdMV5r6JBHLXMdJtmjOzZHR7uzRIijxf+bJFUEF3QTXhchTytTj2fMwiekdzWPz2QB2O7d9+wlsG5Q2y8mVJ0x4KG75eXBn0D+etn0pMlFyaTRwMeCsh6mGsbsWbVHI93YbodmI8HscWSmAB29vbcZXkpnnLtLenVXv4crePuj1kM3RdfJ0rz8TDYMvrFl2vlJTJPfN01Trc93r1tbdvIuP+M0qW+N0f/3oinaD1Iee5YdMZW7dzHx5tcq9z5Uc3bqpCVDfyR5om+pBaqhDLO5rDXj1/aJnIutTw61Dnys5tyT27WKbhV122sli+44M4uWQjW0ov9yJhgzhDe5eTAx0lco3jQPqQSoktlMBczp0713a09irAWyZxWGettVmPdDuLA6lHHzV1+zQTw5511OmiRGTqNDO3ejpNq25Pt/srN/1wmtyoGNT5wiS48n6szeLtuySeOrpu56pGTV7UubIJKqhKXFputa+FMmvzko2v22XOFC7cW4fx/WROD/Vr4n7WubKNB+VXWnNy5+LLSvfKFQojnl1RSjCb9xl5h3sTo+zR5r9oibQG3YPNmJIlEQEJb5nEUaKLN2s90u3HucXJCVHufV3z4l6EFqFUjy53F2G1nCJse1B4z0qTH8dzzsuON9y5UoPKiSiupjLICNtu7sCcR/dvl04pIoX1Lx4cUtk/qn18mBu5GuCkoNuFEOW1LrZuPzkMvQKHtWdMpk73ijEyn+Z7eP1d/nk/An/0EqTBhWdAcBNAUYb2yuOIv3obZW+fZmtUt7e3Y2sloBmPx7GrhgPeMinjuUMUbeygZ7qd28DVYKT+9fkCVTXHOqmwEXkH/Punnw61t4Pr+u82Pbi4d/Ual+tKWqQQyJ15IHN5nB/x7e0DrUjtq1f/+n7kcz5dQifc4PkkC9sy0RIrvjZm8WT00CazJEfX7WJIaB0wGinBh9ff4QZhf3TMH59NTOjBWqxc+tL5a3F7uzu6DzwlB+8iMZtmb59CuqdHrAAyJcBbJlm8SUzXNfRNt+vgY1aN1L9+sQmg0MP2PIVm304KSENungONr5+d3U4oT+1vE93tX8ZI12ty4+t2qRx4YTVyi3tXX5eiV4zpeCikQh4HtipIRLcHvNTi6/ZTNRjkSa1//czf6YoatvBfuclaBbqX8j6OvV1HOvWa5cYtCQvxZm02195uQHiZdNjd3Y1dHQJsoLdM7CyvijfB6mx0PdLtLKLCFmuZ88a5/vV//PY735Jv8yqFjLp39ZrSXfy88YVg3Lwf9HWPHsjd2tsnur+enUf3k/EdrmxONnKLIqigti5aDfxVMZQzyyJ0IzAw+6VG95PRBWefIva61BM1R8lT2NAtTr0JPmFasWNPvhCAO4NF1O3TfEpu5CfJ1vOOx86yIokkpWB4iQKkewqkKdoNm+Ytk+CsRxDlUsJ7hxTkaEWKlVlSfjQ3bT3NXWW0Jd8K+EZusTJmWMHTw63uze4tbrHu9N688+zXz6UTdffk2nigUpjX7ej29jmDrMaq65QFFZRzau7c+HcVxn9uch8V9vYkdDtPs01hbHv7yWFITjdbgtk0Hx9tCYsBjcvMeNwLdJ9ECRYzgCM/YVY8d+lheOhNJ5k+InprEBdI97hcuZLK+rh5bJq3TArxfBbiSy/bqPZPtw9UH9qkqC48Tl1rz7Vx3L1Tv8r79+KpbfIy1dpS9AYWvoZLBVeF4gZyZ7EWR1IwxO+pbTwZpagbHGYabJwlb2ZkdmJe8CKjlKPFKBndrnc98x28u4ftnKXsHs0sqLF8PttEVTdotoDMQhI78pJuRVvRcykLS1vkktjiLT+5G9pQoCXCuj07NtNPxgLpHovoodqrsGneMlQosbN8Mf7sqp2ZTWfvy4UcuwjGgR1CG7lFYb10t+A3irsBU7FsVndJpljb6xmLkIPs1i5SX+Q8sb4oXmcdYY7eS9uJzS7PINmkbrdBBSdMO3F1R7mUTdboLEpBG1vHe1ZwbpwYW7efeG+cy8MGb8Q89PR7bc7pAyoxrnxjrwKwgXHUgJE/UWcTc35J2VRtsr3dAOnePb0Q7QZ4y6QGF+pK+vbI3m73XVIy0nRejdxCdqD8XrOfLfmiVKHwT95SIy/zqwoZ1yyFnT+QIYdy6Vz3sHCIbhoiGXv7qadknK5u9l5sE9XAyM4sD2Svv3AAS0O368F4Gn4ydl3qiFewBif4LNZi4E+LTLJZUTZj4gq3yKWYMybTQIxKMXFgfn1042YHKQmO/g5hby+AdO+SHol2A7xlksIzhrjzHul2vtO3mlJvcNr6dmihn71XrAgqmQOP8HDgQ7BWHXj+9ewHT+wJC2RE96FiXaqeEzeZE123H3r5ZrVE47czLl5qpGALjm9PoORfAn4yYmjD3e9jr0sV8WTUBFzjt7M7K6nXrZgWOdElWDilRNft1ESYWO6uag0ClY0esO32c87wAfZ2B6R7N6S8EHUe8JZJCrniSbelsVNXFT+eDG+cm7pLthJTuBLxYUKUCComrovtjKxPuznuXLzUdgI+z+INqlpk86RVa385fLml9ARLQbe7aCT+PFfjtzNBBQ+9GmtuenT5ivmv+vthAn4y3GdbjTuS0u0qhY3fLlO/l2RNtgJ4pFo/nrAUdkBjMz5yekIa3u9dvdbqMlXlIcO9xaDbLZDubdNH0W7YNG8Zet7YWT6XoJnUdgexU1eV+0X8dt/9oEF7Oylz7nDLTVuTYo1Yxzy9NbalNvGkVwdJYlEjxDSH7R9jTUOonXFUrYgdB9JPm829VmITMc8cdyPjOMRtxdJunIS9faLrdhJjCqnb1ersVkqQbaKqzcXcyUpmVBI7F09ZYBybXUo523+1J6EPvSknm2PQ7RyS7tiSqSX6K9oNG+UtQwPYs7Oz2Fkexpc0VnH1Tbdvec+SnzR1l8IthBu1XH/d/U4i0zzchN+b5x1iB2HWCoO/H8g6T8PTW5+2nYYgnlItjqyzjq3bT/mLxidxWlJ9U7UYgU3K2OGnVMij6NpYbgOq/UOi63bPpdyVY0s3fXj9XW99TTg6upXEiej2qQgb668SEvNNdy+/2sbcpd/H2QO6XYHdVNtgPB7HLti6bJq3TLJROr0+0fUCPdTtI9UvNC6EjmYeBYH5cfOXLsMRT1nYds9yZbq/jqpc4T7E64/rkWMFcrfb1oT669E3B2msSx1syazbak+3T4utcOb6NXliPq69/YnQ7dqYnIKfTMji0aShQFFEB9KyUw6cxTZV6eh2Svw9F9NSDVqFyd2cGPXe4GxdfvEBz64806DbfUi67+7uxtZNawJp3aOjo9hF2gzwlkmBoNA1533T7c7epfqvBm8kI6gIqXPYWqT0efBtWSayJ+oyMVLDKCEaYThjU2VVwcSrG7H920+lvhIqur37sv25+NgqWHZb0VVfaBtQZ2SIbm9XsyTdlCBbtRGYhmA13Or2yOtSFYXVXW0Cq8ewtim7c/Fl+sqzL47rCHiq9spRR3V20O3z2N/fj62bes9wOEw8OMmywFsmOqpP5F1A33S72g+9lW1QijVWWuEc5juTdmpbvn3xkidNnZboctsjMw3hZUuemCiB3Lkng3Tbzuzt8f3b/bSN2lZ9U7GJarAaF1JqkIpu91esGI2XgG7nGSjys9VbZ6YDfzmzlsGTn5n47Wnp9qmdRhmIrJsEhpB6J457V699eeMm1QrK/JLnMv/9/vZn9EnqF8w+1/NaJ+j2hRwdHW2Ua0SzkMTtV7zHKsBbJjpcXyljad90u5PrUgs13I2ajWykxcZ1Op0tw2Th+6TNbRBhzGVCbU90F5z/pK6zy8QY5E70opJPkliX6vIqr0XFHkxt351PTtnMESlJY09SFgdyy190GdtPxu54u+Ufrd46czi5diiauMDI1PxMULdPM2ldbKWq1qUGxyA63Lp3iK/zGRDPH8xdP51RfPpgpepqpL99z8rAWyYuoYnyvMHsnW5Xk+ktGTBNvHQ1OW5v3Vk0yIfX31U2W959dxyU8l/Pfggasg47zxYLW/sZsLqnodu1qDCpbfvuJqQ2n5DyxzUpqD6771KwjYptbz851G2m04Rt393b4jYY2Sb+jEkJNPrgviuTYtzKdbU3DPH94QNjT1/J86aJf8bWLuj2hcDdfSnOnTv34MGD2IXWLhviLTMcDulJU1tT7Aktd/RLt09C1pU2DJjG0O1PT5h+p5uI5Uwn+6OVTs3+FhvSJ+i23X0gd8/rXowpYvvJFGOKwZauRe3b26eFu5fUw/4gNLIP+RO275JSX9EVqbW3q5FOG4aCIIXzvyyywZZqANO0t1toACK3zAua3MOvsKwP4jw0yyb+qP4C3V4R+MxUYS19Y3zW0luGyo7Gp/v7+1TVU16V4BnZXK/dL90esq40H09mKrc6KsxEwpjTgWO53fo82DFFiSRvhzPaSjbIBzVd+ttPnW4PTItHt7DJKIJamXSTBjNfM3+6Lb7q+0bHkxnxSYHoul2abYWY7CYN9994i910JCVrEiVYESrKIsSlewTeH4XXOMwR9rxKz3OT493EnYsvR9kyr6eQWtsQQ+sKkI5NzaGiVcbjcewsXx1jSN/b26Mie/DgQYKLT0uQDaOYQOyjbvdtKW10oybyIbuRE8/dWG+Md6jqo+0jP/viuO0E+NBw5nYWpM6bicgLpeNA7tKTQdm0o/u3nwYr6mELw8x5ZEEFX5bCRs+SRNftIcFm0xZ9XSrXmUK9d5MG6e+kxzXFjEkPdLuBHodKvFjhvsDMPlEvTmE80X/3zu1/71299vUHH/cof5KCpM762VprQiKwX9qvEXZ2dmJnfCW2t7cpqcaQvgYuTP7Uqm3f+qbbR7wBb9WAyfe79GUqierG78j58dvvmElKd9Zt372EL2/cnGP96yJbFDNlZb1QBtryloBuF3MlXJl0nAw/AVYCJeIn43m5j6KPKWQkT+Xv1F0JZpNcxXQS0662WUjWv70Eat9MKBg5GtpiE2didOlPqHnj9Fme3L54ia5JlapmVElgII3aF83WNptmZuc8f/48tREcpccY0kml986QXhFqIel4kv1UR49mD03UL/0gB/lJG3d8emus7shv3apPCCkW+2hPip/27lGM7QbT4ZYcXXaXxnw374ir+ihtfrWxJ12mJPzidFKNFzKr5ywxT1JKW7B2RSlB2xAFj7i5VB8adzy99enXH3xMkjuLohN2LfMN7PRh+spXH3xsXva+50OyHB0dDYfD2EotJru7u5vgzV4C1YGI+b+9vU0qnST6eDwmlb7hZQEAAACkBolwE6Q9+2lP6OcJDOndQ0qJVFNqRtcOIMW4Bh4XjdDZzItdN0o5n/K6UQAAAACAZDk7O9ucQJHD4TC1wIBxacNbxqwbJYlu1o3CkA4AAAAA0CBrr9432ZW9nJreMiTR12ndKAAAAABAL1hL9T4cDkmxw+pbQkVvmU1YNwoAAAAA0COMel8Dv3d4xVQk6C1jAzCadaOx0wgAAAAAAMKQljs4OOhpzBkad0BqLsXR0RHWjQIAAAAA9BoScn0xvxuXGPhvAAAAAACAjeX58+fj8TjNDZtIru/t7cFKDAAAAAAAgIUEvPGpiO5Cs729vb+/D7kOAAAAAABAOaSZDw4OdnZ2OtPwpNX39vZo4ID4MAAAAAAAAKzA2dkZyen9/X2S8aSuG1HpNvCg2cEn9iMCAAAAAACwhpCSJ7FtxLzhynxMMBO7ySZUOgAAAAAAAAAAAAAAAAAAAAAAAAAAAAAAAAAAAAAAAAAAAAAAAAAAAAAAAAAAAAAAAAAAAAAAAAAAAAAAAAAAAAAAAAAAAAAAAAAAAAAAAAAAAAAAAAAAAAAAAAAAAAAAAAAAAAAAAAAAAAAAAAAAAAAAAAAAAAAAAAAAAAAAAAAAAAAAAAAAAAAAAAAAAAAAAAAAAAAAAAAAAAAAAAAAAAAAAAAAAAAAAAAAAAAAAAAAAAAAAAAAAAAAAAAAAAAAAAAAAAAAAAAAAAAAAAAAAAAAAAAAAAAAAAAAAAAAAAAAAAAAAAAAAAAkxcmjR/b47ttvYycnCX766SfKjf/397//n4MDdvwVWbQ5eHXgr+YEdWAtMcVtj2fPnsVOUaKY/FFvBB2x0wVAJT764MM/vPEmP/77zp0VrkMtxp/efvsPbxbXKU7o+vQv9WHqMtRN3bfelL/qD/y+ONwf/3T97ZKE0eP8kT5fcsF5//LT88ab9IKX5wM1lbZBoM//MUvqi4Phi0M6zs9OssNmDiWvZuvqPwJ10+VfmeV/9miUPJM59LM8G6tDdzfJsNm+MNOWghL/f//2tz/feI/S/4uXXsqzdDgsTs7bv/z6lV/RZxrJZAvd+o+2+hU/G5FA+qUocm+pi9O7Rg/75/fe+/UvX9E5YzKH5Q/dgh6nqZyh+6o398/v/e9Gruy3UZTsRq6s7/KmzP/sHVmtPSyBF7RrmrI7NlKR8jpw4z2q/xdmJS6qwQVRB87TA9apA7qtbiG7PvrwL36P4EusrE2zL2aeqwufK28JZYNPHVkjKbctoU1Ssy2h6Wio3c67mLyXER2NKfH/9dp/mLtTkvzueEOgZ6d3fNYw2pdCdhkXspPf/ua1jz78sPFRLWW76zXy4/dGAzRy/bzOs8qcty28hQkqH/by5nrgzd+XvDh586WeRbVm827q3X2hePuDfQrTp9x4r3qezPJcqbs3G8tw0SsVzQ41Vo1cfCH8BTfHCg0v5c9vX/sP0XRkrwO9AsFWghqQF70OpewYhj5WvG6UXSVpo/wUsnnoXTl0R3qFzcEfh47yhpcqoUreBdmEBp7LKMxfvkI6/4fle096idSl6OdCuwH11MH0fNZEn0v1WRVTIyrLSJFf/I+XhPgsqR6sKTYH1UZKSc1uixp/vwTrd8ezN+g3r7kEF49T/cpU6JQ/bPyiu+9Cs3k1fzgMCqFl4ZXfPEVTI8FZodduoxbf5aWXghnV1FNYqL1yzZestzWvnNeBgawDQ11dQw3RTMCvUAfy1pVdv9nsoiT5qaWk+p/UbVrWJiy8vvgWe18aqWB5S8gKun5LSA0FXYRGFroKsfG4bg+9OkBl1MYblCYmx+bYMeZ2FnTQVxrMpZnmka1uXpnfCFTmZbEyoOg+/C7yfPCR/XZgYUNEQkXnIb9pqN8RdTX7jM3qcvH2p7f/095ltT7F9Kr8CvWb2WmmRvxGg/qpbgbFs+LmbXuWhmVtL1ZyqIoxT7RPZXHoxjb4a7CyVdM2qtN3FZsX5VDrpTl1b4Ekzsby/lOc99M87wP0LEsV/Wem/siWeeG3ROfOjkbaEFEZsqOOJqTamMt1m3vzhnuq7Ia6Kb6wUvX2+fUrr6gWnh655jUzya2rXMU2irJXyKd5Q1SXdeH/0u3qNDuFIcs1y42M19zI1Mrp4fnGrWFBfdjgS2Fx476hrs9Uyeukf1YHbNfpNy/zx7b8k8vWAWsVsWb8P5Z2xMviLMnsWYLtid+mVSm4LlrC4YKUV4S+64bGbMZEvPK8j2OvvOj1soMasfoPmD70ujnF7jeGFWyGjUxH0kV+8dLPtXguCqX+9Z2MZMcFVUnUXJv/yaIWlVd+WwnF9cvtk+peLNvLxRvVUtbsL/78gpwpLrLQIaEc6n2cIGG1qDPPQ13cy/cd9hFUy1Ai2qdW3/LWOGgl0G9ZqFcqbQzpfQm9sGKcopq4wN/ZB0qygp430DIETe5BJV88PmVd9Qrw0Yd/UU1QlR7Hl9Y2JfXtruYB2QT9iu3SrJ96++1AOlW+lRcZr10N2U6NGU0M9Ia1mvfZa+hVld++VvYGGeimM+Otmtnhnfict2beNBC9y6tVAFP51WUb8Rf126gqdtRlEabRoqdo0D5joFzKVYTq6bJ7raYVZ3VgptirvQuht0OV2lJ1IJs5FS9andGHQoxxiuTNmyinNk09SJUuXluc2BingZbQe+9Wuw69Av4QgA/6LoS6Rfdhr4t5saExdeLwQVm4xRsKM6zNHPuXpbwyFqQkODmSndcfGrgnLZ7oQsl0f3AgzzKh3JPEiTfmh6Df0zKrmvh7yVtGraVO//D8sm9lQJVRsdZw4ORmajcOGp5vxFehIh99+KESq0v1HTPR/tJL/kj/z++V1faZll5gONXuef4f+b9K5I0ebdmsFq3ZefUI81RNuVl1rsluOFQ+867vDlbsrOusKN0LI5u7QhX3LTfJ4k0a1mypZpkwXCLTglCBiobINjLsNeG3MC55Noe10zv7cCNKUluA6/WD2Uv08xelMYQeYWEFoLrt5pJ4LhUnVM1onMJXpBpv2F+/8qtgrbO/rjA7PJNYSiE0JHdnitoWenaLZg3gBholhdui7GhqCUA+Vz6nrVthUOnqgN8tZidz64CynHhHxTrA/UwaH+b4FbVkJtp9rEhGFavavFeAftZvCX1b1rIXMe73c7qV806AFY2G6mgCjfxgQTauDWxuQhZu9itlDpWvfS9mq6VMT1rkbVOTs1O/T2yhV9KGuHmGQfVfYTB3Hyt5938whtDQLE+oii7647BMvGX5pk2sK9RbqgkX5ItQx7agHRFNW9HQSq6K+HbX6tMQVm+oY2Fzpz2Ei6q78lFyr48+/Iuyi9Ijr3yjcinFO+XcF+vtsklnuuBsmcwrr+hqkB3UZ1Wpon6ns7DDda/DnHFTncaK+nE1Pbds90fVQ/sze89IbyLdqLzo6SlMGA3rN05ZuvJzKfwXZ2VXmcKSdp4XykLJMRtxi87I5Xm2VuKgvBDpvzOfz1dCM8grGRu192YTvkOG3BucPWnja3/ErJxvumzC9DrN58q1oz7P82WngO1CEt9guEwd+JW+CGuTF6YhN1bw2aKGvJjyEQGXvrMs+uvcZHhWxIXtWImlpZGWUGnmZVvCmSPxgL/aOp3UTtI1qcEvz3D6L32GWgw7WOtYZnQPPWCo45hNaZX3j6ZTNh1QU8Z2MR0264aY1S77e/25D79u2Ag5KxwlwiMXb1y3ZzbwNsSb6VOKZYbnTbO2QuZwwWlbudVcZYR2rTEer4nfWFV8HOfhI48qDYIyOl3Ilq/WfpQwmc2BNXrDYXsLfn3DSJX3kd4RM9fsTyssbDfy5QmyEBd2moEFMtx0s2iarJw/v/ceT9KFZRalCjN76KAcXm02ivrf8d/+VtOrjSOXs63eyxfuGe5SFxatfZ7Od8qlcfSypvKgBZjSQG/3Uo+j1yc21+v5ZqLGl9SZWTk7wP/ta6+Zd7n+ZApHLFrP5sVelJJ7qeei7NVLcgott0odCI3iq9QB7Yg4rOvFbaCmwKxAtysaynvtXCSz9FcxqYnwCAPWDBbXqdUSmkXizF2hei2iXJ0N57nsl2VNF18tk6l3oIda7/iQpnFWrm7/86WfL9UTNRVo6zPP89z3Ra8Z4SS358t2oCVf60I8CH/ONm405X1KYdFauU/J3EJEf73CpfJFCrKt637qKmBtGJ6vkoZctDvXhfwRKlY/X9821cX7+OKqvXX0eu3kMr5Y/82Xl7IXsLzpKExSoiItvJeK+0EdRL6isLhUnaroTdhVbUBcSKKQr+ZqwS7aI7huYll1l/mW6BdwobNELtr57GGWYzRiWq3U5o3Bl3JHKSq/Uz6NaF3XRrGeonHVYd4IO3D+6MMP3Xg/O+rHC2IPMjuo/fenHavXcDVXy91xa9WBohGwvoJV6oD/ttYveuc2z9rDknH3bCFMkQl5ykMxZ/S35EgqbwlZTWisJRwuIaXmvY9Wb6y36q5JPuKTg53qfqeNo+Y0jdRRbVqVulqCHx2uwTUmCjV38OIip+g6uBapdsMirByF3l72Im5mvHgZL7QQIWEhY6X6qq0xly38KsYiv1FqaY0M90O2SW0pnwNCbsn1mCHL54KcyWcD2QNW6WfV+nqq0vmqGeZusXKJqBr1YjVnVxGSqPj6hcLI1qCdvEEK91FmeVhm2mg2eHda112hXCfw5ZPcsaHmaFT4vLGXumLOu8rP3BGbdJZglfwXLzXfJakWyYTd5n+p2bFOvfGs8ap1b9yidToc4R7TbB2wEQaGIjfKv+iv1qk5zMkWQDGnlwotmx8zpEoaivBfxajnvfdsi1p/qkV08dlR5VtzRXuWA9gqayEiSmHufLj0YsZWEsPkx4tyDV1NB04Z/nfpVYpL0Zl4y1dBCmeJ1ctR23+yn0vpCh3duokmdzVmLg1SJb7z9n+Wf8Va2lXbXj39tk3m9bal10rE2Cya0DZuNA05Pi3r/FNMDTPryqJgyKHlCWH/T34XNWFkNuPgN125JeHOrravWfgtKdpdzPwLy0el65Jg6K3qprB8ISQ7FhqFxNpP5tDeSOvhFDKzJ1Ssw0Gvv/pJmhaGZb5iovEuifKcu6hdyOYc2bLoWYav5ldpUUHCjRV3ZuxdfoSb1wHPHb3pOuC068I64DbIKPLwT4v6kXLEjJIUPEFEm1a5T8kDTchZFT+CzWpF7xalLiOl3ES27JerNOzAwEdwVaJktMesQ39JTMHbOiBWhQ+XNvEpWGj687YmN/AAHrl9RrpvtSTeApPR9foUP5eqr/LIE6MW7kVaJCJCS1Uo7nkhH5fqMoocEO1S3SeZgxsiFbdrbxzqfNSLzFnB+ScPa8+0a3mv4evGhUNI3/GAii/r+Jy93dx9BSXgpgyKDK/iOpXNcetu+sXkI5UFA0yNq6VZxEgpsqu87Jx9vhCT5osNDvnz7TWX1D9T6yfMvlXfQG2os3D+/7d3JUlyHNn1KJVlmVuB1tyKNO2b4ppAcy0Qvad0AEp7URcQL9C8B+8h3KPk4dOfPNy/T1lZxH8WVlYoZMbg8f3PgxIszhXUVNLecE5kODr5GmIZ8Ajs0TSsCcVossRfprQHFJtdN2v/ya6fa/hTrBWtq15USdYGL/iFvP0bTQD66qc4YVqWJic8eoR+kzvsgVtsuDXrFwhf8EU52KKi8gGkKDbkvuY7IV3gnhpmaR1cDPVUKfYiOY5ASZhhjHWQKjx/0ckqSOiYnfa7MlUGS9781PevRc1gKladwiE9BnFIZ072UggU4uXcgG11DTLX+r9+WTPiVoIk7V8GFapUJ4WbOJ1a4kUB1/T3StU6vHQ5TGFA+MaTIIpqLgK5HxQUexPj/FLpGdf66uAl+f73pj+NE9gGJTa3kScp0wpvVbw3tBSrZkmzpCm3UMtFUiwATPcfzG23sMxfOixYSTIbKh5hb1PTBFIwmUOIrPXEAg2gZ6+7IKSNM5NeS9oH0RU7v4FfrzQAoQkXyvYIwAlR2cgsJ0xqW5Ohxbw78eyWG6MHRCTRSr7KnZAcXU9deDAoIQ//yzBbgxg3eupNFRCkiZnfIBs7iqxudECbhsVfNMsey+7QU79iG1WoQUb60tnNOCL8mhTSRqV9gKXguoZgvKwS8RJEh5zbHbprYX17RNAXUtzP2Y5voUBs9r+8+6p5CT+mh+hC4e/FRve9ngrprGs2KMMpTPnqD+5pz8hJC3kT3VqV3T54SrunKkbDhwuxdn/f//W7pU9zQDaE1+QJyH6wS8yuwKNY15S1Igm8VTR6KKO0w+072HmCqZWkLc4Jb6jfydwjZ9shNwkNKLLmoD01urexS5NlT8pz0zjNWlAmFZUR9AM3NsPfU4sAkgs6xQkVdp8sLdTwTwOD20Qy8vIqd0LrN3k+SezwibbMsAcG/NI5s2vbJFz3UKS6c6cj1I+XXSxTZPS2qXxK6/51d6UM5J35vY9+2ngN/ftyfxm7ec6algb6Mf7Aww4SVW+yQ0E6z0ku5rm6+V7cZx9OLWpB9GuSE1gjoyyRIdsTcYAuC5eEmHUl23HEYXqE101HHAPMHdMlrpDpHk/RZaFQ9WN+GnYq7iBm1mFDozygotTF+gaKxcSnnswzl0AlMGRVg159I3r1fw+cn00ydbsvvGtZHFG3VaFLBnXJbqQBai5VXuhY4K8Iafhr3ji0w0qvUvOy2HpmbYfkvfsd544uppTOALdU96iEQPyNPsISReVLA+9o2lPuvRCkeVQQzTRkg9olxZzYYan36eNPzJ+zZCZ4ETgOe12kSxfBohXhueZlCrOOmyNdWFJxePbX3ZVEQJ8HQ4vFd2Oe9hf5OtaJeAnZYXtfcyS8SqkL2Yf21wSOTG+s/1QzRY+BKTTNtSmtnIBg44/x+bnO1mnpZCJXZtoUScuJ4IctRC1CDviosE1ws2SaVGwl1Ju6wz07BtIHO0UQ6lEq2c9w1UaL5R5oxZaLJDaWN2uJkCg7kflDY1iE56Oc8PhO6x5dUjV82U8DwkCo0wD5vP9lIDyRHd14NzUjpDB9Gx3Nq6duFTA4m3DCWHFDWrt3ccI0LCY67euckM+GDmzk4y7t60+M3Ll9Ya+tAUjzkxEk6wrblJW1a4nZeZuKUqPyRv2Tm5Q30lEkPdf8aUmjqpY5gFwlsLb7OpYrQYZ2+UOW1JFcR0hH/27YycMF2c4wFnTsTMeYLq2BLzMkCsZY8g/pHlzdg8WiyKa0gqLgKLBIDDooYDcky7qYgBjn1Ahwk45SiX29uQqsbIriwEHR9PgDTW3uytaWI+n35deRbMm0SevvEdXYto3NLsgHXy6SYIBpSG5HXi9cyDMgWH2Z4bd4R2DXMRopolILuSZw2U8D1OJQ7WXk5+xVlkj17lMHIXGzUSdT5AhFyQmZyO7mhDq6hXZGQIfPOS5j6EJpJM3GAroi5JxfaYJJB+aYryM1lCAehu3d+dCx40IvXqZw5W2RTCEleP7nWaoPC5UehPR6tagBQetjvRzZ6+ZK+yVsge9m+IkczL2vwQvps6dzR89eC7loBmz8Yrj5TK8r5JQqZmZB34+kmLH7lI4CvXrAVZGqr8xdV0573EcMW5H6V8ODyLd/aHH/jJpFqDWBuA0pA9lHyYWkl1YMN/A31Elpze3x5n4bzLqoMqHAOn5xqGmPT/pSFI9gSOUNj/oN6Wq4MVflVDyZZzM3K42iaDiaePZX/+3JevmrLtgn11kjXuW3ypwQJQY4E6+bEybOXOGEtPn24OoZMqg7KHPaO3XRJM2cq1Wi2XWW73ZAs5KxzrHzaMAbmF82OkLJDrqMO0Ilfs9BPTQgRn7MGV/MmtZv/33ARakpokf6lsjEj2C3Tt65YGi7i1I7Qr2z16LPNRCSkL2hKslXvA2Lrn6Qrb+c9sV95idaaBGSYVYWQUYWlGL6ASG7IMp0jtgTDH2mOSshQJbS7F4opB/GjV+3p8IncfeVJRvtDiKJlJMIigV/S/qM/szS/MFFxLIYtq5qHg0NWCrIEIfRgzGia8umTgl+8K2ugDKfQRb8YMrp27LvhKYD0g+8O1OZE9I113LCd+/Y+z17WZ9D4iI2zFs5t4Y68ChhLF/u0+vgyH+j5VpnZOx7fuJWwCON0JO8hsfc2+CF1vzuVd6o3r4q2Qn6QqDFZ3sf9U6E23iECnHkd32WYoUHRPxn5pX2FzHeV68T9gI6USANZJOkI3nd0TXXHfMKblXIUWnFpmV5gib11xdREmHEPvBZutp09emfc5ZpuvmKHVEsc9hXTbMbZFqo/8mCnlIFbdai8jOjd7078ZXRVV1nk/1SujKBK5Am5HJ95giTobQxRrFknJA/9II1fBe70/F3eSVI1TLi7cs8f9i9WeT2rOvtWaBonkiCJ3j3dFobG+Aov8U+UOgad1FRIDHZaNGEhBwHrLx/wxkOG/AdT0sO/9w9xU/STIWMoXfuhC60vFliBXw971uUulB5i/NGkWbIUsSdXGBNgB+kQlx2jXB2Yvgvr0A+M61+yWQo2uDleaGIlygI/dWdKDJwSCUWpXbmexTsOy8jKkxGToVrhlb5TIoT2Qq0kWNJCg+qzAitqBbYJZKPfdGQOwBGmKVFy3qaLG/R92SOrT7vwi0zsiqbzd4KPYewI864GzBai5Bq81qRJCtEGJdDvdqiLqokUVQjUDZ8ZBObyuaVHQJviybkViC3Zz0mLuvI9EZWENOsllCpu8IAx7z7FH5LUAzS+jc4YQ+bgnadmROeG9oyxe76Gv1P/mSQ9eBYDdgnaGLUCR0VMoayoKdojA8kR8npupuMPta39rbTESo53iqZEgDzU0r8WbbofPVa1AwYe5q4ZRAExdKDVVnHqd84jg0dJ8/Hj+8/VP4Jx/v3TeIkrcz8hdwjuy+ik3wg/8R/p780pUCayg3X6tqA7vyybLkuILBdn4Vd8z7xVJ3ws1iRQcwrkNoNGpC5IpVFYPV60kH95iBbcOTHB2aenlevdBWTZHY9QwIXeVXfKUl69J9X5v80gRpsxttYK5L+gRIdi++FZ0ooGokHyA4PTMDJHIzKo5Gp1unn0BN3gFFsUwoUa3OU15J1MfoG1CI0rLqufPXZbcUfitXgKOIIaXZemxPmGCWOC7/dsONDAQ8745lInpiXF2+CtZ7YRd1VSDNdtRFzDBaNDY+5qSg1N+ohWkHW08KB1aekqoW/YF2uycaTQgU7enkiPWSypVcQ/p565pC8owexo4mPIh3uhosJpdd1jQuKXlZiclL2Wzmamo8UnfzMOFOreEspZaVpVErlSmnRu1WlXfRT37DzGueAsdRfmFT71MgZK846r7uIZcDujIEUcj/eWs92Cbf4uJ/MNVk68k115QQCQx4N5fQCqkGRpKvcc55umVn6kpK6IpGsFUlp1i2oWGynE13Uf0aToXS4a2hVmlw9WeZTeTS5DpoxDTOITSqeCBnU6ZYUEafH17jjmJfgJnKK6oiNvJAQ0eT3HmMf6UVrnPBCVIg2J3yPyiKqjxND252izaBEkHdM1SQs+of3n9d5jOVUzboaIE3d3r43MKQs87HgCC06JKV/8j18shn/Dcobk3GM88uD5CGk35sUnjwV8JXlZdrOTme3HTYpipv7hOd/evc4NXdFrS+mahDF9bJ23SJhX07e9YWoCrSYFzk9PH3WyQwGABX1/3Myk//b9AOTIR3paKrQQWMn40LQMzbjMnJmlmZ0Jq97PV/GYpyxnisl80XPFqFYPTEgrdyGcnut69hqONOKg7gCLJLSpXVTvTHakrsbTZQaqT1XujFIOlmiXTMikYXz82BtSKVzTKRZPjdfH7xxxEAk1REXuv/lTH/gY1V9ePQeNCByg5sXZamVSkqAdsR5j/RYJdkCyvJCYxfHimN0q21OiHy2df78dZhRiFT9M7YDfkWkdw3oCe7mezlh7yXeKNzrSwmoVOG8EIKZlwsyUaHJK0iyViL+rotiNQCGBVR0G3G5/JfmCoBz8mQZpSBg0rC51zLk2ZanNslMObeYtE3ByLz4rYgeIcRYHG3HisVLYdlvi9rJMlFVcH2fUlpKfUx3W79QUe4o6PlZfrIZuiITtZKx4Hax1BIDd3W0wScg09vQJFPFkpYnsEk135K7qfJh0tc6Lc6ZdiHrTCshQt5Oyp98oFi7mH3K7TXqOu69RBeosRMXgf2zaxORaaGRurZzkuLAizOrildM6ESABjQ2FOvi50+bISm2mCkhl6J+WjlA5/fS0km6PTuh7Bdx3T/jYMyyDpK9a97N77kZLKKfLsWV6GMX1UVfcqsxECs1k5AnMfpfzm5S7ogKJzxWDFxkxzGWx8t9JvQGpI/0jbbbHYN7U7ItJ9iJgTN/8+3MnvKTGlCE+qLdpPCyTkJ+dfAG41gPeSrpcidakKb07yrTjVhI7lK4BBvyeFV00xXDI46fOxxuLKlADsh4tPLwI7RdVZVpzmr8ZdLJU0yAhJdeYjhAe9isU2YYlpgYKX0CSgPOKY3H5lPna2lNXfnUPZcLCNUo2JZp0hgZdubvtu7Xkn0mK85e0urfH5W8l5xZgddN8dAcbqOx+c6nq/10J2kl+7/le9DXomYQJTAxwN25dkcKAd4UTzUZhN97pRfuAEhRarBMl2ZSydKnokvH92pT+U5fZF7NyZwOmQJUWTQYHoeIeT8N/Ce5Q50ekl4ZeN3r3Cw2ZKNss2g9nQE5zWC7NXcZdEBKb7aePVtoCHn+aDLfvuJRkTc/kAFVbDkFv5Sk0hfYHN7t7lQCTEpm8HINZyiJQhhtJaM33Mir6TIfqOubG7Ds6U4/rHD6yUno6SQ6jyiWwi0Kl5x5U0eRfCE+9cz/5XFqUTNiDXKOzaF7dopHkF/UJxxTfWbkRZyfTozcb3qje+Fo2qQyY+HvH38au1bzkWEUuyYtJzMNvLb+j052KPW6zKhxE4/mfpfboR5Q5uKgSgMpyxQ+36izows10HIWxpRjTlV5C0Nz6ntBRqjQY7DHV2awQ4HUAaAiQfDbnH1Yhk5WVdURP+ScVC1Ctu8uEnZKqADTqbLRUCi5tiuh2jHLsnOL0v2X1NvHHlkPWauiSVLCLbwCa6rLPhJKGBIxvw8NcPwtlpDDm1JxQpE/ecoJqWJzxgkLCZaX5y6zJaC4CPkoepPedOeuGbi14gWJmMkMNQlHowfgnEq3OW+Z1ePjLfRSLnm8C3+5cL29eVHZ1szp0nuVt8xGtjWI5q2osEKyouf5WmAuxKwn7BLkeZX+mLHTY8/MDSJe4mhXQm2ofSEPsOJFeifx6qThVpJjOOnWZWVnlw7W25vfUkbwyVfEK7ueqE+yI0Sjzi67Ai4NveUMUJIjjwtf4eEU+l6U/RKjJoPMgr5DyID5z93PSoKKVPCWuPKKImnh2AuiMlUpUBaSnFGRTHA9CxDEtrEXFXl8z4rd7hI2KgmydvnM/2J9uHWrZKxkYpu9XBoqi/MVFf5qYGuJOTQ5A+moUHXPgp2VjjNO+EcefYi228D2gYwynK4gZDe+yuOU2t0fohcEFxy9YoIP1OspP5GO+no/CozfcS/ZdAObnJNHcx6q2GxU3nC+StwUu2bdkhBherSHqkXNKOYuXkvtbqRQnpn0GnXpHitvDGIITmEq6PprsR1UDE49AV91tPH3jz+5dzGwnjGTIZ3/pmuh8D0qCg5fVAWUOWcr97aSgr5yWh7lGeqPESoFKgd6F/Eq95l3Ruw4fw/DihaXLPv1dm8NPeuNDqkYrCxKpfGU+dNm8ML8y/NvJ7wIolTJ0iwKZV6OWu3BJVpI1QQ9Zx33oQGh0mgMzxhHQN+q5/+g4OPxrYGhWiFyB8OtdNO3j2FblGh1qTXPxNl1Mp8ay53w+9k5UWEULPWA3u42S2J6v0o2KC2Ot95xdwncC6WzdYiSo1fbZCVdl47E2UuPKCTJbCErb2kFEAaZMnDZqLyRmRqJ4+0r5yl2kX2oWtQMUvCVjuIcMZyumZ1vY/40HhPc+Tq43Lk01MgF1wLv8aHWBob56eNH3JHJrXD4u3vqSQWSjhs+ftEY6UxRUSpChYi5IGwZb6rbESDaJvT2Otwd4lGVW2mAARco4ckIA5C6626djUwiSNc9i6oXp9qtvA1Eq2sfnDekPXfmyyKpoqMJUkTS0lX4pKwmawSnnu5LA6jxdb6oJrMCzHy0u4ufzBwDK04D4oAvji4DhG1PPSdk07fLnJD6byuc8A/W7tv/vjzznNS2B2b7JRWlVuB0EhSDJvamPrdZluHgrBuqh6Qx6CiRjHz+qWHqMvyYy8TSGTYlguYWx7f8CNuUW8ghRG9kX8pKrM8aWv87Q0qNypyUWMGaChBuPeOnMbhZulOP8t1y7lQ+LyNud5iaIaRqO85Lsp56UlOEZ7LA1qShVOd77Gw7VBE5+uTH1YMbiiClB2nBh800cqq7yNzUwg6V/59755JXHEzIr1u9ApSIFRDI879Wn2GtAyrPGDQx8goEIcFc9cz8q2OD+LiHagoQEyt3oAHWnOTWMxONqYjXk5QMLoOGhg2lPBNiYzY9pURbnuGEJQWP9NNuaYCkEdk2vT07ebKi+AUWpVZQnimj0xVDdBJrzkyusW2OE2XLXSwuHS0arsLc2JQISgJDnTfZC25m6nIJhkEGPD3dSX8bQ3rdwCsqPgqikk3E8mgJ0vGLpt/4GGS3nH0FidCPMT3dbq4o+45qMl4g9TRxD/19xibzlAthtka6nirsCAi6Jf62PHTLW0Renu9QlPrC4i/+ujOPJhn7Vp2tOCu5onggJ/NK+0uESo9ttbCSzm0WJjTrnWrYgsgXSrx2T23XsdxN1Q/zzb58dCBGckCR/AG9+xE1Pi17pF9OGosNjL9J07dhcTR7jZfn93JCyu0FJ/wVn7wyzuml5Jw/1IZFs4Yz/pIt8Vb47MvE0cJRDBmsv7gMSg/CwY7ORkmu9EnkHND4ebgacNF+cQCBz2NP1D5dWvZ23trXJTmI4HKP1vsxoKD1tXwUOe6f6WrA5Q5NV9J59s3HJL4v/1L2FSTKYUN3b618qaRQZki7Us+9cQ5edtrgJYW9psskZ30gpfibx1FMQQXifaYQ8uaZcylARyLuhS/UwrtlCF5Q0r2k6grOdRbZj1SfzKUEpvBMbwvJA9FzZGj1Am1oKZNeK/7fXOaf2WPdY0OSi/xX6pFZaPGN9lfX83aBOCL69QE5z0juO15tPerrOMpLkTmjNBvJtwY4ofCsck5IT15fOskG12pEjjh532PdENsvCtDMFtGtqv/z5cLpgW4c8ceSAo+ST/QESZhYuoc1yyGQGryA6bdPl5Y21FZFWr6yx0xuh8HKia6a+TzFwYW9nJZ7KrY1eCG51jrmOXWtJK+z6rLjQhix4yLSrDTSKk3rhlev595OZTrSJ5KNIOULRL11DKQwd2npfgkOW9Ky417SinYXfJ4MfMsuPddtyX5FL2idtLiOtyjYhMzA5x19wGTJRp02aFNZntvJs8FbY4NYE8hbq2yZWA33p4HWlAcG3vhdkIScTTbcXhimb/ckU7FRaNceV39sOI8YXYET0t3aeATREfe6tf76gdN3XxeC7BusD7ohodfnTMJSh4RfS7/DH8nAJjUZe/OTWGT7QrFhy2B/+ybl7bNXqFg8Yp8iDSlziIdsutYkvNZHmrpoAnMy+tnFbA89Cuu3q/U0DJRhuKUTBQZ0vUiX25qLFZC8VfAGmxkgJPEgvb6uixYnnGb9hNCGon3KP0gDK+1T6MHz8e7YQgFa261I8OAJSP7YFOaWFkfzWiW9fbZhF9AqMocXxkpCjRUkmiqaMPB0IMS7eNmIwqERq2/Q/q1HHmOlBt1696CBIXoDJ2TmTrRkPiXd1RzyGgSZ0nurhLqC1dA5nzQaJjR5CTgh3a1NTlgoAV66wd3riKSemPOnjw+avvu6OFjZ5YL1k/q7iy8Ove5hg8jHaEiNhiZqeRitdB9tStBlDHmrU7rY23nHhQJ44LVaRf66AK2vJ1mdjD5PNKbnt8WKnqnHOId0+OyzQ488gQtaTPWUtBlQa/RZI8RzUbCSKUngdpc5jyIY3VKANkeHkOaZyeqpl/J1watG6Px3aXv+UuySMZS4m5Gz5fGA6R00hsJwMPy9uWhe2D33MpM6ZCrC5Lg3Blln3TQYA/fD/R+yuwkGY6WMl+atggmc9lF90cgNJ2NwFw1ga1pHA/JuWTYvdtfjS4SPDVc5Mds8nK25+OFbXaO3GQrDSZ8wJySvSUlawFdXb3DZg8KKUouQU9gqhEGyj9IxrMqmFgp9zQfIVt1py5NS681OaVIF6Y99nS1fWCvap12ydQlkyFVJb5AwjISU8qJyTvQ+u4b0SNTJ5alrYTK7PO8uaigmMzQzQPAcw+Hi2egWQMQT9lQONmVWpmEgIcbN+qqt4jyfPsLAtXtKK16UOu3nl4GS+XMWr0J7j2sjYnSkclsF1QCixunMa3kpOMoSH1OZvfQVhMcULSJVovNHVtzRarFYpIFVfXvwVXyoiA8u79VGZKgLKyG8IH1S26EVfxrDn3fOH4oQ4Vqt8CBBnMlW3nr//y3XRyyt5ohFqUhqP2b67qvDu68J3VbUBq5jzPkG5RzzZoaA5DwaNWAMsdQamboblTdR+La1mwSUDiWT5DGLUgljSS9CySKINyatqtLlLul8n12D3V/hMfcVJOInut2FK8pmCJo4L04YDj8H7pN3G/aCxvEK6IWltiNexGjFW6clWIesbblPCwUffyGmzbyfH4Y+Iw15LUnD9kQvV7NDYf5Xur3J56UGZgc56UEKlv2h+RbaO6C3s6wS5bOnSpOsTbWZRrRD0+e7eK8SgQZ4m50hLo3lYNja4e+/i25FM2UL3DbXdZKU3SrGOWEi++B8iJwQazg60hWdr5bJx0JYc2cr7LcLOj2ZRJMliq6zGbmfppURl3v9NRWDksM3UMff3r9nc973KW+yy0dzpPswYlN6qtA+plWb5mvD3LcuTUmqQ8qvk3nW/thk1/ipdsQquS4dj86vRV+6UgeYgR83THRdTdUYb1c1yr2h73Ra3jCqD/9FyUCgwouaIfMOW16UutMXwcBdqSv8/DHxgIaQFqaOkMqFRFqafI+X0qCEGfERu6BTXrq269T/xbonMOqVqmNuURXexd/ef5D170o+wyxfDdOgqTJxfdz2WUYDv/zC+JieBiRYK/v8gLIgdGZXRvOnk3VIETbLCdMbAU6YDmVMhNUp5/WZVyGyRyWbY1aUWgRJA25t5xgQJOWoU020qHmlcqwRR5y3kfclgobtjC367WPuEW/cN+JcNKVvhzleC3LkcZfpxHykgWaabp8oK9PKXHfaNbJZwU3RI3EMzPV92zwgIEAWpTallUzIHM4kl/29wxBYnCSmZyCk6BI90aQjkZYKHj97S8+GQXfH8XOJn99JW9absXfnniEa8nT99dyy1H5k/PXxaUTTqp1E9FM9QdqAUgahxj7RWGbjWpTxXD5hVm3pHNoCSrBfSwOYifXSgEQMdiNu73RjOZptxqTF6SX5hE2Zkvul528N67GyGe+njz+RaFEPJ5T13Vc/92FSaWH3cxsabvUlQO+QLGYdzPMoXKOh4aK8y/EKf1cRxWqOjcpbYs55KXZcKECqH49blJobZ6W77TKdoPeRgsIzotVP8wfmnuMUpCg1eMa22aGyFcDuogYI56HFbGqGXGLOhadZJMv9kxmDegZyDLxw/Ic4zbTGYAUhH48OuLxHUaqP9bBskzVR6WI2YyWSqwHM+L7Qxe+0m2Ri/JifFkqE0i3dNggjSDrq1E6Prmt0gEXiMPGfykeWo+2VxOm+eKPrE45lNEC34cwGhG7P6Wzu5lmDxMmAUbHRQfOEvMJ3nhMiOzpwQmxf66k3sg60YuE8k6o77w6ksJXc5UJzQkcAmhfU+3mnBzqKdZ93Px+kjXxhXuoJ/fsYMY8lLQkIHnM66Gkrbwo1eAFZsK/BC8ud2+cIhQbXdxHcbNSCey7W+epxgNMOr0Omk6wwvbZykPjg2p01wrKP2b66Btl69x5Fqdjh5g9VUSoueprzdHECEOH1Lg8z5DWJ49PHj2OMnRQLdwrQGcSWLEiUL4xKy/Gv4RJj5O0IiTm3M3PuPWFQaAlNdhqwTgyhuR5wSzvmKRMd9dJfWS/zGS59Wi50OsodDNRBdkwDuKdus31TEQcN/JXPCgyO6EmeKWUECdT6n5MxNcGFnv/lm2+130LPO9O2FApj/aKRuFV/lT1EgmCDQ7uhMRtHMuqKuI/bkKZMV6yG3s+/lIh/VY3G8BIlu1XFtyVhOzV+iWdG1qpX/I3S9l/lIJKQjYj3Km+0smlrUaoMstxnMmMvluTzwAgeRDN1nnmETTM3C8k52yalSiVwb1HqnBHUC8k3NIqHnN0zc5/E2M8i5gls/14GIiLOoLw5ruh2bpf2HnOkJ0yJYcgW9wuj0m5Vg50oS2nc3/Uv1K0Pc7Fid8qAgQOz2tF5bn5Yj4YS3J2TOk2kAyx3x6HAU+yaorcvihlBef319xDHZyAmrFcdDxoIAVO2ATtp4LOjgdhUp+DAnzdy5VSL2Kkm/XM+BspnDehMxfytJTNESDGjpI1+VYrrkDgv/ZtvnWLfdULSChslLJ19HtqFIfWgEhaRFb7XahgFUvKIEjLSIYEh0Ju7tCNdPdPwdut3hXd3EoOLjA77FtYFBFFv2DZXkebnvrIF6Qjd2FFEvIh9ghulLgAP2ZdLPwNwGaVahrF8HpoX1PY4Qa1ZIjZHDNWZYmd/icfZ8tIB4kBmZ+fRHGdciM9b8dcaWMwuyCHaGs2Q12hPF1/QxBhC+WMMBJqH4xOiw4ktx9ncx9yyszfi/un+6Da4+wCZCK+TVguB3AXPq1QgDEfehUredDg92a3Pmdhyf3f/G6Ox+Cbj/j2SaYct3OJMriBJnX54JgSdHJfz7oOu8vW7r3aw0DRtAfR2fbMCKEJnxNkZofZODHKGrmX3NEAzFROxBVupSQPf53537H15JW1J9wbCG0vHvKom+05oYp2p0SVvdDMMn9xF1nBSlcqstVh1cvXqnOMqjt3JNXTv1/3RvUF3Eijapcbd2XWz6MTzyMLPou6Ut4NsY36ma9GEOuBC88kJrN7ZPaYjhjMai5wwRRu5KXHefQ6Vgsafq5ztL8U0hnMxzfLQjrIFxejMMfg+ouQVOw7WMxOWa3Eq5S0dJeXtVC2Un6w8V9EPs2cJZyEbyo2ZTrnTL+mde8KmyokQ2J9wuWBeyjOESbHGcz3YR6ZfCVdD4SipiOz2zhbhtxz5TX7mOxQ1yPpEbVGqjnsrUahVSe9o2MPsuCVRSjFJsJd49jv7S3ZV3auFgrz68viL202+IoDoHmwF3N50rNWpcD/6n7Hk7SJW5gJL5EhiRk/2fmDeXoNtLmfUHPfzw3t3uDuUt51Xz0nDTX4PX9pJSKtL7OISyPyzl4XKzk69RHLQgNfK+P0gnnbQwA/Hq88/T9lg0g/dG1y17IE/gOZJJcW8v47zH90ySq61hhMKOy5ywlFVKs1jPd3giEOec7/S75WVl3lH+epF/aeYLhuO4udlV3/MGcYWKkC2SsCP4HZK4DmZ85yxnXCcKe0kNSV5PheG8rvGsnCjbFtRalGXvuYMPaKYPcvPFP9ytk9loTcm/ny52+WZC7KTV1mnKznHwYmnHWs4j1UDpl9oynrWJItngxphtKo81l8y28l7ISrcqS4NfuBzraD2T/6XWk0rdFROp9qai/VyMn6lKa1kAdeSOFdxHrrGjqjAsak0fRIzpQKrJwV6pVg/3tr3aaEgSkePnzv8/O6coV/HTQruC1GWCuTNdqJ3sy/h+SGNh/erJFenfjyx02/J+N0UHJG9rHsTNZHVnMpR+zsxypUZeN6DBvBOKa5qxV9BOeQqGqg9JrrWfPoT1MohktZ8i63MGk74HtXbojWfyZyPyWOclfHNy/YOpswiAVRCEkW9/XaunZ7q7Sf+6qJeGtjC5FuQVWbtXSAEfTB1K8KUDpgbjyyfAQqT0b0V7+feDV4Eiw4H2YC19efi4OxaMApEvimpqBe3AL2N+gYkycNBfxuqEtqNlM9DFn/YwcKTnP3PIiUn70FrHxHJLtR19OIq0hZ1F6de+uqepRRIrlh5lbyoYed0pwApd9xFO4aqp2NJ8ayctbTKw+zOzDszUwabNum5EoiOrrzfGaRBGDl+tNfPD+GJkxXAdYtnov8/fv55YQ750ZzkZ2E45wVhG5P5/33QeWtZdwjGYcuiV1mVtmrvGRy/pX6qmiBr4qABkQLX8KsLBrKWBjJoe3O43Iw2m8FFvC7hU84pWMkJuYKxgBM66oK6ACm8sEOyKOMomX36t1qZP00xBRJ1u7L4rbN+Ao4pnV2l4Ou+dFfvSriXGM6MGMtpghZ8gDoxnO1QkaSpXoOcdnnqNXBLYC+FzVLspLT2TjKk8nBjS8feJlaiSp6Eyj5Nbh80OPjs9Qnahr+gi9ZfUGoIBl95M0Wpc6+bJzmfPDvpe0zd5rUtdoEXRJ0JzxVduumnJe+3GGfEnzl/9UXX9+6iBl5W0FuU+hS1plV6rCzHvq7zMLubjFma4qXU/vIUZY0TUnfuMyZ7Ku7287ulds8Yh4BUWBznbzH/c5NbO3b8K70aNMmdjMRyb3m4HYQeJED2NKJZ/U+eU+CPgSEIPPG72jVCg0gDcic2VJfnrTTwUqqFv04MciqcnD6gpiePHKG+jxPeFB4VJZxIdZykluBRDDhGEv3W8SVlh8YUONBG5Hny1aXxeWi/g+58ScjDPR2krIvAB9kUVLtzq9rse3A0K/aBNtJYeENz6TigAd1wMfNfRjr2JehCZzbsV2daXEniMD4Pzcoqyls+Q9EUpSKsTPyUGis0X5wj/JhFqY5HsZT+SfvCPbssE5DnVBcUFP/3V1nyUKk3UVYr6Eobjs9UKrzkV2YWU4Mwj6/3De67T09R5O3s8Je63eQe03HXmKb7RDmDr8d0fw8FLM7Oeq2ewOntwGrcbWJyaKHs1iH7EKRT91//+p1borvZMmGD0OAy4bQhAdst1924pWQyvWcIdX/5GFjJtGWWMeGMRAMfeDt9JASdfHc08NtdaEA86a8Ld4SUGpoz7+eEcOzghO4q7rTuDf74/gOOLEcV9N1XoX7EqUZBSvYaDiRe5o2susfSf/7f8200P/+SIwhJZ14uNEPNqVsiHu7BWWHvjvIfJ1CU1Jgb1ONjB9dC8j2qPWeJx4z+9zmKdQqVRrtryES18la5HC+MrTyXvxw/w44FNBgMBg2wbjmmXm69pcd0a/zJ8IA0YHgTCO259ATT+/kXT5z3YQLh3ozzGAwGg8FgMBgMBoPBYDAYDAaDwWAwGAwGg8FgMBgMBoPBYDAYDAaDwWAwGAwGg8FgMBgMBoPBYDAYDAaDwWAwGAwGg8FgMBgMBoPBYDAYDAaDwWAwGAwGg8FgMBgMBoPBYDAYDAaDwWAwGAwGg8FgMBgMBoPBYDAYDAaDwWAwGAwGg8FgMBgMBoPBYDAYDAaDwWAwGAwGg8FgMBgMBoPBYDAYDIa3jv8HIjLJ9A0KZW5kc3RyZWFtDQplbmRvYmoNCjEwIDAgb2JqDQo8PC9UeXBlL1hPYmplY3QvU3VidHlwZS9JbWFnZS9XaWR0aCA1OTAvSGVpZ2h0IDQ4My9Db2xvclNwYWNlL0RldmljZVJHQi9CaXRzUGVyQ29tcG9uZW50IDgvSW50ZXJwb2xhdGUgZmFsc2UvRmlsdGVyL0ZsYXRlRGVjb2RlL0xlbmd0aCAyNDI2Nz4+DQpzdHJlYW0NCnic7N0JfBTl/cfxJIiibbW1rWa5/qCoRa3WetSDnCTsbsJ9JCHcCngjHigKokLVoqIWtCqCinhbRKjiAQIegMqhgByCEbkh7JHNsdlrnv3vzGRDOM2xybOz+3m/vq5rxXSzO/P77fPMzDPBIAAAAAAAAAAAAAAAAAAAAAAAAAAAAAAAAAAAAAAAAAAAAAAAAAAAAAAAAAAAAAAAAAAAAAAAAAAAAAAAAAAAAADIJbS/hOyXAYMSQTYeAFHO7/f/sDWw7qfAekLqHP+6ULZ61m9dX7RlzTZCoi8/b1m/42ev3y+71EImz+wP7S1z7MkWQuoVa+jxjQuyT+qXkpBPSNQlMT/l5IGdpy+aLwSTD3Eq8OMv9o79ZJdKYuxsbGtu0zMtUa0qqYREZ/40vOuSDWtkV1w0OREUFZWu7ndJr5PEmFGHcrZQTNa89PRE9ZtzKiFRGL3ThZ6cdWv+z/v3yK68aEoiGAhUTJppN0kvmMSgMdu0Zjf1b1nNqtoczY5EaRLyqprd1fffWFbpll1+0VSE8H6ywnl2L9nVkhg0Vn1M9+1ZljY9U/V5S+nVjJCjpuYcZugfr33uUa/PJ7sEoykoO/aWdBphV2efzLJrJjFi1Da3s6Ulp3O6VkxSGNCR6I/e6ZoPyHjif28pQpFdhtFIRNVFcz5/+chH7NpBFtkFkxg1oe9IUy7Jap4nv3wRUpeoX8lOHWqet/LLIBeCxiy111XO+tDRsmr2iZD6ZcVZ5tN7h+pGJ9mFi5D6pM1NfddvL6LVxaRQn/Nv/NlxTu9Qm3OcadGaHbOXpM7Z3dJyjVm9rCCxQH7JIqR++dvdw/a7nLKrMiJOCFdZSe7tNUoWwzpSn4y/orM+C5TA4Tli5PR64r5Kn1d2ZUZE6ONzIQKBiodmaMuhMI4j9cqZ6qT3onOyT+tTVSg45ZIYOkkFaePenK6wdkqMUNfg9S382nFWT/nVkhg5v7Q2/8OSXl0o6HTE6Dl5UNZrX3waLpOySzXqS/vohNh7wHnVtZxsSRqSA8mWu67snKSdhZJAmyPGj74NnzGi+4otP9DpDE4Ij7ds6ETpdbLJo0612ZIPnmVq48KKesVR9QZa53bM/m1fGhyJwZw7upCFwoxOKavwvrfUO3dJvMX97LuOjvnSO4XBY9WanWVzG8tfc9MSuEicxGJC39/Mj9zprCiTXa3RAHF5vFVov7Z36WrnJQNlNwtjJzQutpmsIzpl1KgMNDsSU1FnKgpS3/v2C9l1C/Umqh/ijvZbB9ZtLUm7Ply05TcOo0Ud083p2OXEvBRW/SIxnM6TRpdXVsquWUD9KTuLXb3GqGOTcAF3mLiWsLad7sc2lvY95BciQiKbmss+t7qx1+Zd2+Nz+guxQwhRVlF+y2T1csIzq26sJruDGCP7TeaCtExGcyT2Ut3mWgzMeu3LT+N04guxRGgnEHt97odm2Fvn6s2O1CYvXJR1Uh49jsRg9DaXVJB2w/QnvH6/7CIFRE4gUPnCXPshN+aj6x0r5lXtLe27pzGaIzGcv4+9rpjVLxFzhKJ453/uOD9fX+Caacyjx2Td29LSKzODNkdiOKcMzl7+4w+yaxLQOIQS+Hq989LBWlVnTHeUhL4ATPtb9gnMW5KYziNzZ8suRkDjUY89K7/sdmXdIr2nRGfWtDef2pdbFZBYTrd/jfX4fZyIgpinHHCUT5pZMe4/5NA8N+meu5MKDnY6VrkksZTQhn3Wrflb9u5UqwCdDnFACNZ1PQq3xzP6lanNCzMTaXMkhqJvyScPynpz2WdCVK1/L3tvA5oGm/pReP3+R99/7ZRB2XQ6EjPRt+RbX37a5w+w2wMIURTllSULThtqodORmMml9w5nJWcAh/l47bfJI7sfXDopT36xIqRuKah6ctowy/fbtsrepQBEo2+KNnUYVSC/XhFSv2hfz5oVpD214B3ZOxOAKCWE2LjrlyvHjZRfsgipZ1L6PDmu0uet2qTl7lEAotVOe7Hl0buS1IkgrrMjBsvZowq2cVdxALXgqigvnPpQs4I07RyVFC4tJ9Gf0Lb6m8HZc1d+KXvvAWAE2qWHAUW549VnTizM4IRMYoiEvpjd/fpziqIwZQmg9hQhnvrw7V5PjO/9xLjQIyHRnOunP15SUR5kiQgAAAAAAAAAAAAAAAAAAAAAAABERvhKFSH8y9c6Lyp0nNeXkLrGWfWkzxeX9mk/OPf0a0n85sF3X1LvlMoVcIguarNT9tmd1wx3JFvshNQ3O1pZ0szp0hfWIHLTYmDnN5ctotMheujDuaDfX3bdJOl1khg6tmTLpMs6J3ELvLhPQn7qGSO7rdiyQXZ5A2oS7hlz7Sb5pZIYOsvO7vL7PmnSyyyJklw8ZtgvxftkFzdAExrPrdzo6JgnvU4Sg8aRbA097jNZOpnTtfsjcIsEUhXro2PKKt2yaxwQVPY7SrJutpus0gsmMXQmXZaVVHUnIDpdvKf6ThlJ+Wm3vTJVERyxg0zC6ysb9bhWqeh0pN6xLu3Q5Y+99RLXSXqZJdJz2D2hnl84j14HSURQCM9rCxytu8quk8TQse5oZc7oks5Qjhwrpw2zfrL2W9kVD/FG/3YlAmt/dHJ4jjQstmTrpMs6N8tL5Q7m5Dg5Z1T/zbt3HFKBgMYnyipKMm/UJy1tsqslMW4+79DlT71CpSyFm5iT4yf1oVsOlJbIrnyII0Io5XdPDbU5rhMnDclekyW1i36dOJ2OHD8pSQWpw5571OP3ya5/iBPC8+Yn9jZdOQuF1Ds29eICy8TLOsuun8RgeXjubMHpKWh0wr9ui/OvBXHW5szaANYs+2XEVBZ36PK7vvIrJzFKErScNCBz3sovZZdBxDB1xVVR7i4dNtFxfp6jY576eH6+8/y82I72y6q/pqN9D+ndITYSGtBtb2W+2sL6lqQOqZ7fHvjMJNnFEDFO+P3KngPK7uJQArv360/iIruK/SvWO6+6TnqbiI2MvyLrhDwuEid1S6jZmW7oucO2X3YhBGJZYNseV+4dhxRtVvusbazhR/PCc7ucrq5v2YlOR+qU5oXpc79l6hJodIrdVTpsot2UI7txGC/61SjbWluuUuctU7iAjtQpSQWpo17+d0AJyK4BQFwQFZXl9zxjb5UrvXcYKzYtE67Qz7fULyug2ZHa5ur7b7SVumTv/UA88fndT7/paFd1joojvs5ErV/UM1eXdMj+rXq+JQ2O1DJVm8qfR3T7mtvVAU3PH6h88xNHhz62g22OKc3jZU8r8z+s6TXLFyG1SfP+6U8veJfL6AAZ1KsufF9977xogHbTIqudC+6OmwlXdE7Ko8eROqf3lHFev1/2/g7EM+HfvL0k4wbpfSTKs+icLqdxnTipe9re3KfY5ZS9mwMIBnbsc/Uby+1oj5VtrS3XcJ04qXtOGZT1wZrlsvdvACohgsoBR/nNj9lbcajusFhtJnXeshnzlqT2KVAfkwrS7nn9eX9Au6yAY3RANBBB4fYEft4dKNpFasb/084n3n7llEHZ8usnMVRSH7zZVuYS2s5FpwMQxdQKpSjKzMUfnDrELL14EqPkjJHdvtu2tcZGBAAGsGDNilD5Sgwv1ZtQY81eQvTom8SJAzJe+Gy+7A0WAOpj2Y8/dBhVkECbI8eIulUUpA6cNrHq8BwAGI4Irt1edPl9IxPpdOTQVI/0zx7Vf792WQFzlgCM65cD+zpPGl2j03FaJqlKi4GdF65bJXsLBYAIcFVU5D/9QLOCtHC/o9kR9W4FD/73ZUVRZG+eABAJIhhQlFEv//vEARmJzGQSLVn/vL20ooJZSwCxJNTsHnnv1d8M7kKnI61v7L12e5HsTRIAIs+vXWr3h2tzpFdaIiuh7zknFmbOWvqx7I0RABqLooh124sW/7CaxGc++2H18h/X65cVcGceADGL+ha3xCFP2RAAIMIorAAAAACA+FN1iwEAEaU4SwPfbyEkIvGt/XHTls2rijavJHXPxl3bAlzfDUSSdtuXsoqywvvtbbsR0qC0CT12dbTttuT83DPyO580MOOkAZ1JXfP7YdaPvv9GdmUAYorwKxX/mmWTf/tsYuw4wo/bWpv/npMeXoKMhcjqcwXcmSO7b9z5i+B0SSAiRND72beOdj2k10kSM7n9qsyE/BSW3GxYUq64b0Sxq4ROBzScsvtAyeVD7SarPdkqvUISQ0efFvjfeV1a9Eut0elIPZNUkFrw9INur0d2kQCMTIigx1M68AF7stlGmyMNTqjT/dTGfH5X+T0iZtK8f8aEd2bWPDtFMMYDaktbE0go7mlv21vlaGWKTkfqH300V2wyD0nNTFRHc8xYRiwnD8p6a9lnVRcd0OWAuhG+JascHXpJL5IkZjLzr9kn9wsV507MW0Yu6neGP16Xu2LLBjodUDsH95PAjr0lKSPDNYoBHWlo1rQ3t++exvknjZTzRhfush+QWDsAo6juc8LjLRvxMA2ORCLqVrTXZO6dkSG9HcR2rI/eVVbplllBACMQVYezReX0ueHDc4Q0PNapf8s+Qa3GDOgaMUn90257ZarCfXeA49LbnP+7zepaFgzoSISyup3lD31SaHONHPXtPXFA5rMfvydodsDxCKXYUXLNCOm1kcRE1Gswd7W0pJr15VDodI2ehPzU3w/L+ei7b7jWADgW9fDcrY/bTdIrJImR2JItD1zeuVleClcWNFmnCz22vyV/8+4dsssJEJWE8Lw8396mq/TySGIjtmTrR+d2+WPvmqWYZtfobU5/cuX9NzjLy2TXFCDq+FdtdJyfbwtf5EtI3WOt+bitlflKC/OWspIy5NmHZRcVIKqIoM/vfvjl0vz74jX3hh5duaPtrbvWqNWkngmN5opNllFXZybmsbiltIx9/TnZhQWIKhy81iiKe+pbjnY9bCarg2ZX/6hv3ZyO2S3U5VAYzcnJVeOvr/R5Ze9RQFQRgoWEglVvgPedRY7z+spuFoaM9vXAHHqypY2lQ7dU5i1l5cwR3dZu2yp7dwIQxRThW7zKeenAcAE3M5lZ66hv1AGTdXCqvhwKbU5CThyQ+cKieVw/DuBXCOFfv9WVdkN19Sa1z8yLslr0o8dJy8BnJrqZtwTw69S5XGXPAVePMTVHK+TXYl7dzvx/LOMsKQn5KRfcOXi3g3WeAdSSOvmjlLvLrn/E3jJXdgcxRna1tHTvnJFY48Iu0pT57ZAuC9etYtYSQB0JUemteHC6thCo/FYSnbGFH6dc0rlZnvyCH2c5eNrPhHdm0uYA1IMI8foqZ8yzn91bK+lMYx612ZmXn9Xl9N6cbCmh0+kj6MyJt5V7KrVNVvY+A8BQRLBqoVzhD3j/96WjYz863dHanGWfyZLaJV2vuglVAw3pLSAuore5M0f2WL9zmwhvtQBQF9XFQx3b+ddsKrHcUpI6ktTI9aE8bu6TVNXg6HFN1+C0JynNCzNmff4xDQ5Aw4Vvg0JBOYIQO+3F6RNH0eaauM2FklSQev2LT3j9ftkbAQDDEwef0OmOoN74UxxwOfs9NSFUeKU3gjiJPlF8yT3X7StxsFUCaDhx1KeoSQRdFeU3z3zyhP4Z0rtAPCTU5n43xLLkhzX6mw8AaBqVPu+D777cvJDVwJqi0/3zvVmCVb8AoImJoKIoMxd/cNLAzolcQt6YyX74Dl8gIPvzBoD49b9Vy84Y2V16O4jVtLmpz0/7dsv+kAEgzonPN60957b+0ptC7OXkgVlvLlvErCUAyKXX4bW//HTp2OGJXE4ewRSk3vLSUz4uKwCAqLGteG+meqldavi6clK/VHW6y+4dXuxyMqADgCihF2SXu7zPk/efOsxy6lBSz5w2zHLaUMsZI7p/vXWj5A8VAAAAAAAAAAAAAICopt4Jh/X6EGlsUgCiiRC+pasrn3rD/SQhkUmlmtdXvPjapDmzJs15JUoyed7r2w/sowkD8SY0nAsU7XL8tb9+02pCIpLQ5rS1jfnvOemJ4fvaREly/zXGWV4me7cD0KRERWVpn7vtammyao+ERCAHTNbbr8qMwvVYmvVPv23Wv7llKhAP1Pkb7T4j7okv2VvmSC+MJFaif1+yfnhel1P6ph22rkiU5KQBGc9+OldwO18g1mm3pw56Fyy3t+9xaI0ipCFRt6JfWlvO7ZaecMQKWtEQ/QZGpwzK+mz9atl7IYDGph6ec14+hAZHIhtbsmVESmZiQUp4Neno6nRas1NfW6sbem/du4tRHRDDRJm7tHA8bY5ENOrm9M75Waf01XtK1PW4GlFfW6cJN+93OZnDBGKNvlML4X7sVbvJapNfG0lMZVNb84W5adHd46pHdqlJBWnD/vOI2+vR9gk6HhBDRNC/bK29bXetNDGmIxHLfpNlWEpmUlTOWB6104UeT+if/sjcVwOKEuRadyBGqN9blT3FzssGS6+KJPby+gXZLfpF41kox2l2CdrZKXO+Xip73wQQGSKkorJs0IPSSyKJvWxuazm7e5r05lW//HF47nfbtsjeQQFEQkCpnPq2oxVXz5GIxmQ5YLL0T4/G68RrP7i74M5Bexx22bsogIbyf7HGcV5f7SwUDs+RSObVC7Ob5Rm1zWmdTn3xPR6/t9zjlr2bAqg/ZY+tJHWkLdlKp6sR3ocIvIcb2pr/r3tagmEHdFqn6xQa1jUvTH9nxRLZeyqA+lHPKfN9u6Hi6TfcT8V7KkN57FXnpUO0Km0O9X0HLa9eDc6ufWvaZ7Lkp2ckhk9lNG6S8lM7/3N0uadS9t4KoF7EIX+Le+r7EPjxF1eXW6sXaZTdNQwZdXLAZP3Pxdkn5aUaekCnx3RDz637WDIFQCwRyq7i0gH3h2q1PjyR3jiMmJXtzW17pOonooTX/pLfs+qRE/qnv/HVQtnbJABEnnCVl49+Unq/MGj2mSy9M9KlN6mIZPjz//IHArK3RwCIPBEUwuutePjl8H2LGNnVNrZky3MXZzfPM/A4rjoXjRm6v8Qhe2MEgEai3aYv4PfMXmA/u5d2dgrNrlb5rp35931SE4yzHMpRk5Cf+odrc77YtFb2dggAjUdUnagjFO9Hy50XFUrvIIbI3pYWS+f0cI8zbKfL0xa9fP81RbslcfgvAIhl/tWbSq4ZbjNZmMY8VvQx75RLsrR5S6MmIXz+TLfJ93BZAYD4oX2vDwaKdrtyRmtVnRMyj54vOnQx9YqFE1Fa3diraP8e7bOXu+kBQJOpmsMSxc7SIQ9w576jxbqrpaVLVob0JtXwnNA/7d2vl8je5ABAGlHudj/9ZvmYaeVjppIamfbpmEktBuidzqiH5xK05VBumjlFvycdAMQnwXTWMfgDgWkfzzltqEV6w2pIp/vHfSPtZaWy30sAkIhGdzxCEW8vX/zn4d0SjbnW5Z+Gd13+4w+y30UAkItGd2yi6t35fOP3put7ar3DSNOYzQszpnzwtsJ3GQBALazd/tN5owuN0un0Nah7Pn5fpdcr+50DABiECO52HLhmwk1JBWmJRpjJbHtT3132A7LfNQCAwdjLS3tPGddMa3bRnBYDMj9cs1z2uwUAMKRyT+WNL05Jiupml3LX7P8EBJcVAADqyef3j397xokDMvXOkpDfSXZrq2pw+pzqNRNuspW51BfKqSgAgLoK9w5/IPDMJ3N+MzhbbzGye9zB/Gl47jdFm4JcPQIAaDAhxPxVX/V4/L6uk++JhuROvjuU179aKASjOQAAAAAAAAAAAAAAYoYIB2gIccQTAIgSIuj3Kzv3ExKJ7Avs3FdeUSGqti0AiAJCeGbMd3TsR0jDkqc/mXt1736T7y33VDJTAECeQ8qPf/Um+zm97clWe7KFkAbEbEu2bmljuTA3Pakg7fZZ0wLcdweAXFoREg5XSdatsiskiZHYki23XJOZpK15ctLAzBc/+5/+rYqGB0Aan7/8tinSyyOJmfz3/OxT+lXdYy6U31+b89n6VfrKJ/Q6AE0tVHcUpfKVD+ytu9qTc+zat3HpdZIYOhvbmv/SNS0hvGKz/uSsUQWbdm+nzwFoeqHC4/9ui6NjnvTySGIi1gPJlqEpmfqS0eGbvabo/5j24Ch7qYtRHYAmprjKSiyjZJdHEgvRZgOsb5+ffWJeavhmQIffp2DY848GFO46B6BJVYyZysmWJFLZ2trcoVta9T2Ajux0zfqnT573uuytHkC8ECLoeXuhvVWu9PJIYiPFJuuQ1Mzj3uouJbEgdeT0x2Vv+wDigHaqt/+HIufFhdLLI4mZzLgou0WN8y2Pmr+OGWLXbyYOAI1KBBV7iavX3ZxmSRoYfROymSzftzN36J6WUHXyydGb3alDzMt//IFL6gA0AeEPVDzwgr0lh+dIRGLd29I8KDUjoaC6xx2l0zUrSJs8/w2hcOolgKbg/fArR7sessujzMos+wXEUqyhYd3sC7Ob5+mH4Y45ddlt8tiySjdtDkBTEMK/sci/Yp1/xVrtMQ6z3rvwG1faDXZt8s0hv1kYOxvams/sdcwDc/oZmO1v6Ve0b7fsTR9A3InbWSR9/UVlr62s71jpbcLo2W+y9MrIOP5ZKKcMyn53xRLJnzqAeBTH5wVU/eZClJSV3TTZbmIys/55/uLsE/JSEvOO2eaSClJvfflprhYHACnU9YbL3RUTZ9jbdNWPN0lvHIaJSX1c3d7crkfacUZzofx97HXO8jLZHzUAxClt/lYEff7K6e/b2nWX3z6ME0eydU9LS6/M9OMcmws9/nZwl1VFm/X3GgAghTanJkJ8C75y/KWf9A5ilITGv0//LavZcQ/PNStIn/bRHBHH0+QAEB2q67Dwr9rovHyo9CZiiKxsb07ulXa8hb8KUvOemlDh9cj8bAEAhxHBwObtrpzRNS64s+qxaaOYOE/VG2JSz7fMyUo/6looSeEn543u/9O+XbI/UQDAUSi7i0sHTbCbcmxVnc6idToz0SYt1Tfk35d0Tjpam6u+c8HJg7LmrvxS9icJADgGEVRKSstHT+HqgyMT6v7ftO/y595piXnHXNwylDtmPaMILisAgOgmhG/hN973lpAaWex5b/HsmS+dMjj7qG0uQcuV427w+HyyPz8AAOpJBIPvrlhy+rU5R+10p1+Xu/aXn2S/RgAA6qn6RNWF61e1vanvYbcUP6Ew/T8L31e4rAAAYFCHrpS6smjzhXcNrtnpBj4zye3jsgIAQEzQet7WvTuvuv/G8GUFhdsP7AuyGgoAIJaIoL3U1f2xsb8bav7k+29ocgCA2CEOPlZ4PPNXLROH/SsAAAyOhgYAAAAAAAAAAAAAAAAAAAAAAAAAhxLazbwDnqlvVUycQaIwnjc+DvoDsrcTADAuERSicvp74ft3k+hL226edxZxLTgA1JfwLVvnOK+v/HpOjh3nOX38azaLoEK7A4C6UnYfcGXeqA3oGNNFZ/TPxVrSabiyez8jOwCoPSGCwusru+1Ju0l6MSe1ibWsYLwoq6DZAUBtCO3wnOfl+faWOYzmDBGb9lh2z7Sgx1v9KQIAjsO/apPj3D60OaNE63RWe5vcyhnvC0WRvfkAQFQS1X8XoqTUlXFDuIpykM4YcaiPVkeH3r7PvpW6JQFANFO7XFBRyu94ym6y2s+UX71JPVJyycDAz7tkb0sAELWE942P7W26OkLjuDMZyhk1rpzRwlUue1sCgCgk/N9tsXfsFy6YZukVm9Qr6leUikkzZW9OABBthGIrKel2p+wqTSIQR8c8/3ebZW9RABBdhD9Qcd+z0ks0iUBM1sqZ87jKAAAO4/nvIkebrlqp5PCcsVM2dKLw+el0AFBTYMd+xwX54VJJpzNwSq4Yquwu1u9BAQA4SMRzWdR+dyE87yx0nNdXvypNesOqZ9r18C3iYjoAwGGE0BdACwrfklXOSwc7TPpV2AaLo2VOxaQZwUB4gZR4/vICADVQDoP6myCq5vsC638qSRlpuGGdLdni6jFGOF2y30sAQLQLDe6UHXtLe95V3UGkd7HjdDftibpcm+PCglCP1m5BIfsdBABEO3VwpzhKSkc8bDOFukn0Xj5v0+IIPZosnlkfirg+2AoAqCVR/ahUeioeeMHeppv0jvarw7rykY8Gw4camZAGANSauth15fPvOc7qKb2jHbvNWUs6jVCK7bLfKwCAcQnvvKWOv+RF5yqgjrN7+RavlP0WAQAMq2ouU/iWr3NeNjjqTsg0Wd3/miUCAcnvEgDAuKoPeQnh37ytJPtm9bZ9UZPSPveI0nJORAEARIpwewK7i6Mnwl0p+y0BAAAAAAAAAAAAAAAAAAAAAAAAAAAAAAAAAAAAAAAAAAAAAAAAANSGqJF4I2o8AgBimBClFcp+m7LfHmdxBP1+2W8+AKDRKU5XaeF45xVD4y5XDqt88X0RCMj+BAAAjUj4/RXjnrW3zLEnW+ItjlDO6+NbvFL2hwAAaARC+0sIz5zF9jbdbMlW6X1HRkK/tdV5ycDAlh3628EhOwCIJUIE/Vu2Oy7sL7vdyOx0Dq3FuzrfJFzl8XpaDgDELFHuLu16u+xeIzmOqsGstfT6R4XXK/szAQBEiDp2Ee4HpttkN5roia1VjnvK69rZKQzrAMDgtDbnXbDM0a6H9P4STbE6zu7pnbtUP4AJADAwEQwU7Sy5fIhW3s32OD0X5ZBUjW1NVudF/f1rt8j+hAAA9aYN51zlrn5j9fLukN1ioic2Lc6LCgMbt8n+mAAA9ScCAffkWaHBi/TOEo1p28372gLZHxEAoEG8i752nNVTfk+JwpisZTdNFh6f7I8IAFB/yt4DzksGaoWdMd3hKbl6uLLXJvsjAgA0QCBQWjjeXn32RbzEXKs/1jrXt2KdEKyRAgDGJZSd+9wz5lVOnxtHeeG90KP72XdcXW6xm3K0c06sh41n1b5vsrqnvKYuGUOfAwCDEof8LQ4JV1nFhBcc7bofMZ7VlgLrd68od4e+C8h+mQCA+gnfbDQeG12NG60qinfBspIrrz1s3lJd3nnztiP+EwAADEgEA9v3lI14xN4qV29zjrbdPW9/qs1bAgBgcNXdzOOtfH2B49zejmRL+W1ThM9PpwMAxAihP6h/C/y8q/yWx4WjVMTrxC4AIKaJI/6BZgcAAAAAAAAAAAAAAAAAAAAAAAAAAAAAAAAAAAAAAAAAAAAAAAAAkIRb6AAAoonal4QI96eajw38qZH6UQAANEi40wWFPxD4er130be+hd/6FtU/3tB//tX3wuMRgjYHAIgewvP+UsdZPe2tu9pb5zY0bbq5H5sdDAQY0wEAokRg63bHxYX2ZEvE0rab570lDOsAANFAVFS6+twdyTanxXFuH//qTYJhHQBAMlHxz5n2ZKuWyDY7q/Oa65Q9B2T/ggCAuOb9eLm9XY+ID+iq+2Zp4XhR4Zb9WwIA4pNQdux1XjakZmOKfEzWinHPCb9f9i8LAIgr2hV0ZRWlheOq2tyZjdPm9AN2bbpWzpgnFEX2bw0AiCMiEHA/MTs04Ap1Iluj9biDze6cPr5F33JyCgCgyfiWrlavnmv8HheO1XnpoMC23VxhBwBoPPpyKKFHZZ/decVQe6Menjui04UeXTm3KaXl9DoAQGNRr20Twu8vHTQh1HocTdfmwjFZym9+THi9st8IAEDsUhT3U2/YW1ZfPdeUzc6s/t+1ynU/+Ya2UBgAABEnfCs3OC8d4ujQW2KcF/X3rVgn+60AAMQkoeyzBzYUBX4oCmz4WUb0/+siUVYu+60AAMQkfcFleWeEiGCNW9cBABDDaHYAAAAAAAAAAAAAAAAAAAAAAAAAAAAAAAAAAAAAAAAAAAAAAAAAAAAAAAAAAAAAAAAAAAAAAAAAAAAAAAAAAAAAAAAAAAAAAAAAAAAAAAAAAAAAAAAAAAAAAAAAAAAAAAAAAAAAAAAAAAAAAAAAAACQ79UvPr7gzsEdRhWcXZ1bC57/9P06/ZDFG1Zfdu9w7T/PO3tUfugnhJ6ff8fA5z6dqwjRSK8ciB6hzXz+6q8uHTtc3/jVvSC8N9Xcs0L/+9/HDi+c9tCzn8wp2rf74H8u8aUDcUBRlJeWfHjigMzE/FQ9Cfmpf7wud9OubVV/4rg7odD2cSHEwnUrT782JzE/JUH7CSf0T5/ywVv+QIBdGHFB2wumfza/Wf90bT9KSczvpO8L2vPDkppYkPbbIV0GTZtU1e/YT4DGI6p2sax/jk4Itzm933V64CZ7mauWP0P/Ibe89LT+E0K5fNzIskq39q8FezFiW/UGXuxydritoOaXRn2HajEw63dDzKcMyk7SGl9CQegLYYr+B84c2WPphu8kvnggfjw2/43D9s1mBWk3zHjC6/fV/ofMX/XlCYUZ+rfWu2Y/03ivFog21d/nLI/cWd3FQo8Dnpn41rJFoV628qdNX21a+/KSBTmPjjlpQGaN4V6q6fqe63f8LPf1A/Fg9hefVO931cO6FgM6P6sdaKvlmOzLzWtD31r1n/DvBe807isGolLfJ+8PT4+oe9N/v1l62B/w+nyvLP0oNMQLT3Kqf7jPk+MDAUXKCwbix8J1K6sbXM384dqcJRvW1PKH1Oh0Ka8sXdCoLxiITsfvdPqXxtCXxxcWzWvWv3oWJSW0o63bXiTlBQPxI9TOqvfNpPy0mgca2t3cb/uBfbX5IdWdLpQ5R3yVBeLBr4zpqlpdsNRdcfl9I2p+q5z95ccyXi8QR5Zs+K563rL3lPHN1cNtqdXnqKQ9NMrt9fzqD6k5eznnm8+b4GU3hqNP1dbppJrwH670eUPvmz8QaOjrqespPdF2ClC9Xk+Dfgl579ivzl5WG/3qtJqd7rmFdbu0JzJ+7Rdv4PlkodGr26vuBQHl0LnZhvzUxti8j/8zpexQIipflcHV7HSffP/N9S8+Xn0EIUEb5d0+a6pasY/73ja804V+vC8QWP3zj19tXqdmk/r48/49tflvQ7vSh2tW/D971wEWRZL9AXV119UNt+Fud73N6e729nZvb/e/dw6IEXVljTBEQRElqYgiQUliQDHniChGzKgIBlQwAaKIioDkJEFyDjP/113dRTMz3dMDorhf/b7++BSqX1dXV73fe6+qXl1+cIe5V8R19s6NyroarpCahvrrqfcVilXUVqvvVHQBmUyeX1YaFh/jtn/LxNULdX0cB3o7GCxxMd+waNXpQzdTH9Q1NMjF9VBQEdAO0WwdrqUkMWtZ+Z9fXlt9PSWJW/MHeZni9zMWV5Zfe8Tcfo1+IjC1BqOJLplelI9ux3W4m5XWoq7nKKCkshx/fXTFPn4oZnFUSWXFNbYFErMf44+r0lpILcxtayv6WdRiY7XqRR3EM53/0T14iMHPrRdOCkuGHh6f8ShaXa+Of/xILD9ROyOon5V1tfDpV5w6YL156bhAj7GB7vDTcoP/wkM79sech35YUlUhtllomVnFhUduRs0OXgdyJN6OEm+HUctcbbet2BhxLDErrbG5uePtTN8F7PkwN+vwjSj3/VtN1/nCU+hqe0Djz9q9dm34kQtJ8QI9v6iijNtiyfnZwpVpbZU9yM1EhVH7w0CrrK1RfouymiqFz3Ej9X5tQ73wuxZVlF+4F+97dLfpOj/0IvDTdtvyVWcOXbqfoKCjFJCSn6NW0UFrCLsq6U/y+O4FrZWUm5FdWlTfxBmAnR4mLwqY6eCKTIytqK35n5c9N4bZ23zI9ounuprp5DTT7b4c/prlUKwBhi12bhCh5cpqqv9i+zt3BanAhRYD/LJgOlAbVwj0ybl7N7ZZ2lJd47Xe0BpyER82s6gACO4TR6OeJnpcDYb/8ZrF0P8utNtzNQLxnTCA6aAdXrccjrYo6kh1/Y7uFioPTFdTNWN7YA/66XDLR3bjI+/FwSBV+ywEoIkxAfNx6+lI9Y7HXtXApqdL3stO/7uLBY4G9Js8IiQ6sqVVM68WmG6w3yz6xal1vPDuASf3iWK6qopp25azjzb4xdM2rTCfrZ0iYh8nQxPhb/2xw6S8pyWqi2oC8Uw3bWsA7pC9zQZHJt4Sltza2nro+iW89ZWvY48OcBX/BuU11cALP3nY9DFv21Gr3b7f9rUcZrzWR6TAxOx0my0BH9qNh6+mpSQKrn5WBiMWu4Tdvt7U3NyBli6trgS6hHH09tRRCrs5uI2gY6In0GEKykqHLJqNl8h+ZD++sOKpwENb6f3Cf3WYQD3OiBoa0M0qaqqpvykx3YRVC7CbAApk/r7Nte2VDBfAYstP7f/G2QyUhpaSxoCrl+mgIzeFZoLADvlqlglfU6DrVYuheWUlfB0bBm4SNWwttdpLQAJ7muq/aT1ygMOE/3hMcwpaE5EYV9/YKFCfbo52THcvDn6TnJf9V4eJ3L767rQxQPECQjrJdNgES3+S/5fpY3E/BG2ZkJGq9vbIxDi8LVcE01HFnIPXK8upqa973Wo4KgDDP60wD8+t8AG83aDLZwfYTwDnFz/ivWlj/u1m85PHtI8dJ/WQ4maUvGKqb7B0LiVWHcCGBwMVd/s3rA0i78Wrbjq2elV1tf+YS/XYHiaD1oUf0TTmuvR4CLf1Ri9zbRXPlGy5redPst9OYrjcTTFsJQ630h5iIZ84TBQfAQY/dNrW5bjfQgW4dVPAnOD16EODPgESeSZmqkimK62q+NrZDPeKL2ebgKUhJFfGbE4fuXQe6sCdZ7r49Ec/e9iire7KC9KwQQiXnq+TWmnQ8stOhkC350obYD/+P+42/3a3+YAa0W0CQfdabVoMvpW4mjLYezXiq9kmPUzaFhL0NBk0wH4iDLTvXae8M3WMNmegUUzH3xCgZPpZMWYklJ+4eiEwr9CzZfJtF04h+V/MNK6srcG/V8Cj/GzQG+gbwZjFtrRyXZ5WV0LD9pDqsckEJKDr/ulq/d1cq76UImXqFnI1UrhZVp05LILpSoWFrAg7oCCB2w3wf/uYD/l1wYyw+GsdG9cvHNzoJWI6QFjC9X5WI3DPgb/+fa5FbmkRn+faWZ+OFXoiNpr++gN1WPfEZe/GtlCETPVdoLU+mDHOetOSDRHHdkWdQRf0GWRZfewwEf9y8/nj1puXvmE94lR8jMqK/LrADr31V7NNK+tqhWsNFs6soLWvmA5Gmu3tqaPn7NlwNzOtrrEBxk5TS3NDU2NqQY5P6C4wFZguJNUFK+LW44cqXqc9wu/e4nazz2dKU9VRpO22FRQtWo28k5UmXFIBoEXB0NWmt1KixwEpp4sLHXNxM+0BjCw0eH0O79L0dgRw696x+Q1VY8JKD43uBbsa1AXqtKAJQ29GqXRMgcOH+DujekJ/aBRWdKIhhunAflhyYq8Oo5Yl0OCrzhwSGWZeeGgH2yUk4MKvPH0I9WowMMByA6vgt4D5VDl1UzxXHtx903oUO7QloMHGLHfbfP4EDP+49EfQ8VafOTQmwO0N65HaUr1BvjP55MhpGxV8E6M1Xjqs0oaR6HMkCHQ+0B8MARgI8I+EjJTZu9f1pfoGY2p+72r9+Em+GAOjur7OatOSXkz+GV1wbEcHzAclAwYD9YjmZvh8dQ0NqYW5a84c/puLhY6xLjAdn2AZzcsDve3x4AL29AkNEjbr7udkIEdyyualAsUqamvAyUIjfaC3A18xaLTJm5bgT/ntHItjsVfhNRupd2mCf0Qk3oJP2ctUf290hHDjRD1IgKGKnijxdlxyfO/OS6ehS+y4dNrr8K5fPKe/Pnk4E68QEHL/NmsnSH50s3HbvwU6Q1DUGVCn80I2QgfoN3k4JoLeZkPstgdW1dO68aVKDaKS6UD1rTh1AHS4NoflwaRkk58oCnlG0cvmCSs96cEydsKqhUgauEVFFeWqb2Adro0RxyqUIucjl85FQ+NHt6ntbpLJz925BaytUuR/FzJDAAzFGr7IA/0UMGzm7FmP3c+BC+1hrPHVMKOokBpcUsZG+suMsSkFSoXb40bqAwUbe8TiOWUobMID9wPbtI10/zT1N9AzwsIVkJj1uL+1AagI0/V+ODQ0f98WjYTIaU+B3ixGtYn/sT2a3o4AGux9NhZtut5X09sj7t56zXK4FmuuqOw8VCQQ9INU98tZJtnFhR2rpzLUrr1sbGnefvF0b/MheEwN83duaBKbomHDuaM4LlEAhrpS9Cz4SrhaIbGPk9+ZxhgSQE+6Pk63M5XCJrTkvNJiz8M7Jq1aKCANjLq2kJ1Ub8LKBUWVZXzq73bGo29mm2ENDwNTrWcH1qZ0rY8OW9vvXa0uJsUrs5KMHfsVtdUzdgYKmy6gZ0axygFd4EYJay1wA/88/Xeo9sygNQLFquvq/jlvMvpG4/iNNFAU9NwEVexDu3FpynqDDhYBzZ27qyasDSOutzmjpQNO7ad+JWsLkYGOWn/uKDXTKojo5ETs1FBTxkqfL7v4ydyQjf0nG1CvZkQVGxfoyUz/vTxUp5Lp5LTlY77ejwm5GzHt4H5gq8rd5M+E6VIKct6aMhKEzAvZdOn+bR2pBNmcYF2gAkr9m/kpw/8VwXRMWZ4PJIrp6GeFxESCQY7aTd/X6UlFmUymVEVO8LOksgKsI6ziBvvNEojhyzlMh+wN1P5Ou1Y38Ufz4OtoU5lLf0vWkOnAioNagfmXlJMuXeONWmCA/YQqdV6tAkCVIabT6hzT/dn2d9RQpuvEThJhgIqYtpWZsAPdOG/vRoX1CdklT1DaLvBlDly7IJPxdgZNIcB0zdRqq1SLDf49Wd8Eygz0ss8vKxG/wha0FrZ8CnBIinOvWjFVdXVgcTExfKmu8Rpv4Me2m2Vt/8QAF1tA4KKjwUw0VaprtMYbdRiB9nyQk/mNsznTRFJd601LBKLToKjBeOshZVpM18cxp6RIzXvyxX84ADcQKYeepvo6bBDjI/vxd7PS+O5qY7rda/mfTTOdqxUSONx/Dl+xQ9cvYtVhtMpL5foZ9KtWdXFCYLo+mOlO7mu7U0Q7YGCm02IXR6m86VxiLGWCGjETkV6HdoiU303Ax3Ryapa/8ke3KZywreRVWjkoC3kmay8XHQtGsZQ7manAMv+ca4l7OBUZFohHqAJrtkkYphP3RYDptBimsxZgOrBFP3GchMY4DIEHeVmCdWGQlJMB3pwWM92sv1nw2IibLNPZbgukE2hT7wJ37bx4mu+WjjEdmHzf0NNGwxY7wxuciIvuZUrplp4m+vtizouXI+cw3TPz6dZp7NMBMooLPnU0Rmta3poy6lbaQ/wnsPat6cAR/Mlio38nt4EoQJnpymurwYfaGHFs9LJ58BG5sycOO1cVC5KIMjhMJ8kvVzP5ohJBl8N7stuI/uVqXVAusBhDfWQKaOtN65Hoc/9znlUhliZ4Izhl/a2YTtLXcviFJN4J6Nj0R29YGaBXpn0f9RPcYgA+HWK6r51Nx6/01GIiLZL/87TlmzBNL6KYTpvy6dQxHe3TaVOxRN7o5a6oM1jlGiyZq2aWUBCI6ZAoiuk6xDscn053G/8yYPBxjsde7WMxBA0f+PQvV8YDXqajGy0pOx2NUNwU79saMtNMnB7deaara2j4ljL2JPp+s+oaqSXuS0+EaDETLnqJWY81FYiYTgsznTggn06b0gNCPl3AiX3alFVGjVavwztl4tZuQFdZfGIvbsmf3G2qanmdJsx02y6eAq+2F5NWlFqdAspTZZdmmW60Bkwnk4fejEKOxuEbl2TUXHnV39gllCOWuLTKNJh9Rkyn9eyYzqxDTAfYfjEMXgrVZMRiF/ZTykJvRKHgIXisBWVq5i80hTLTgU7rT+lqCf7ooOTNN/hdT0nqgH7DTMdELzVEXWODvt9MbXY5h9o5ILWYumUZjoIGXxG3+V1GeWoWGxbh1Q5jV3ioXOEAv5y8cTFWTevCj3Sythg4evndXKu8p8U/zLfGC9VM1/vJVC1Cw0w3S5jp6kUx3fl7ca+YDUFzGX0th4UlXO+wZ4R9Om3s02GI3g4ATIdjTdsunBIo2djcZLzGiw3x6TruWvPH8OkQjt66/IqZPh6/UPLH+VMUpgk6z3RnEm7oSKkV9dRcAy05rTAXBTPhst+xSlOBXcd0QMRgD6MWe9Nq5J1MDZZ/ZBU/wYtLe5sNjrp/m68kh+nCmlpa5oVswpGWL2ebZpU8UQ4SdYDpwMcZHeBK28zjaxoa0ODwOLANGbqglilWFY3uw3TAI2iNjTa9JxQcYWitvKclnzoZadOLEITXb3cMykwHzfuL53RMc3CFREcyxoPmKoLDdLodYLrkvKx+ViOQTvvEYRIVPO+EmnpSUQbWApL2uZMx5dCJlhaTkgQaHrXVe9MMVU5UFVdW9J3MqBTo0uU1Vc9KqXKZrrKu9mFe1vt0tJymbN0Vpw4oT9A8W6arqqv9fKaxFsf42RF1pqlDOw3bMR2ap0OQdQnTySmX/Dbe7fLZTOOKWqEdf90KQkzHLr3wOrwDW8joMlrtVcPZztx5pjNc7ga3f+pknM+uFGpuaZlEr0sBc+udqb+pWYmthK5juoTM1DesRmpJB0KxH+ZP0ejQB2jS3+ida+hafHwvX0GW6STAdHJ6dBiwb6RF7wJQnkTrANMl5aT3oyfHXUM24fENv+zPRo1mB68Tnee7GzGdnN7fh3Ipa9ELAnNLi8zXL0Kmu+Wmxc82bomgcp4uISMFR3ThJyj2DgQoELjzdNceJaUW5gJHwM9H+dnCm4AQwGfH3qV0rW8nieNsws1eJkycwTDQnfqVCIFoLhsMgO/mTsbvQmkMJbUcfuemFrvY/nfk93UB08EgAqkn4qJfY9aF6vadPPx0wg2FW54t08npTRPcg0G16Yn7iLuxNfVCc/fK4DKda8jm1AKqS6TQHYPKViEivZVcQ6Yrrir/cqYJy9EG8RkpGlX4BUKtTyej488TVi5ghzDV/XpI9bxCd+KwQyeZLqOo4HVL6vYZOwIZvUr/AFEoaqcjHbTlvIpFQQLoOqY7GR+D11SPX+mpQZ1oLDm2B3dviw3+fMUw022nmU5OtVLh185mSIv2lOq57d+iEAHTlOmgqT32b9Wi12Zw1W9rq2wYtQifqiGY6wWip4S6FdPB23kd2qnNBqb+u9CO3j4m+XKWSdazW2/JhUqma21t9QkNorcVMCzzs+d0jTwgDC7TsWYnI/O/C2eoFehPdzxUQ98juztJHIGnDuJu7HlwG/UrTQRa0pFJbaYyQcq3Lz91gH1TkL9dU/ltULpLgenktDHvdyQIJUKkXBUnowe5mdzb0YqUZ8h00DkDww6+zqzeZy6ogK6PY8jVCOHUKFxwmY7tD8wBiO9OG5MnLj6vEdNBzf9HKUk6T7JUL/yOolXQbaGW6SjI5FklT/7BLhFB16vmQ47GMqTWSabzCd0F9wLZQZvjJ8rp/ZV4/z5oKo28p65jOugMWNXY79QkrEobrgdiLuBta2OWz+cbv8pMByXhY/VjvS1o/z1Xz8k4HpemTFdVW/u5E7UKcbj/HCr9Fwf7Ys5TyplOCgH2p1ycmulWTCen17vScWZmcy7daEP3x1x4VostFcC39rKkquL/PKfjaBU0qfl6PypbjobV4EYvuSn70OhQK82NtmrQXatOH+ok07nv34qfvjLsEPUrTQT6HdmN34Whj/a3u+7bjAssOxEi5pPdz8m48uDulYd30EXlElQVwVNmOjmVNaJ+0hpvHXbyXd9vZiknDdozZzpAc2sL+K2/eE5XSCnT02TQT+42MAAbUEa+NsNfBdoznYSTVUDyrs2YfHU76RA0YjrA+JVtqWDCbl8T84juAFFMJ6fa+mbaw7fQIkA2HcH708agrVvQVq92lOmgs305m9pu2dts8K8LZoBVA5eE/qnr4/D21NHoWcCDVx/eFS+2S5lOm40iWqzndcpUQyY/c/sGTqNtiLb6qoIKpqMNqo0Rx/G4eHvqqNuZbdEDTZnu6M0rSM5f7SfoMg3OXFSyfSmzeX/ootl1jY0vI9NBa5+KvwYmASYF8w2LUH65ruA6gV0GUQ8S+luNbLPeTfSXHA/RNNcEd0XKhnPHQqIjt1w4CSwwffuKEYtd1N7uzmE6yqfrHDzozoZaddGxYE3nmDZFnsCtoXLpvsPOVbjA0hMhYoQnZKZ+42wGxgy6Vp0+qLKYSqYD5JeV0lmGUAo+vRnbA5mYiezZRy8xwH3bFx35bzcbrhNB+3eDDJa4pD9Rk72By3Qma32hS+yJjoQu4bZv868L7fKfFoupQweYDs9knf7jMZ2c+uK7L59lE/Iwb/pv96lgskJbdcyng/575OZlOuDfzkzVav/d0S+nblkmfs6o65juRFw0qi1UaaCXA1UlUTMUTKED1y72YElk6tYAPhWhkunktCk4fXsgbXxSEr6dY4EXq2vEdFBpeuJPotW+2ds3PmUl9jQdBANK/Rt2Q6ajlqa0/BbgqsUubFCxu//ZgY/pZPTXdw3ZrC1tGzt9zIeeiFOdqIcPfGsvQXimiIQ2PqFB+CsLhM1FYtmJfVia9eYlmt0sk/sdbfPpAsMOcP+E4E3HedBlQw98tUMf/r769CGszYBMVY4s1UxHl7yXnY4yJyCyW3/uSBdFLxWq3djcHHEvbqi/M7t5lpmg/HaOWUpBjoB6ab/2cj/3T8UV5XXi0lRqynTDF7ugGoLFfl6YMroTNGA6etLBOXidjrQdB5mu8z2fGPcqm65NI6ZrbmlFuYV7UVnsxg+wG/8Rew2gr4/sJ7xhZYCq9+GMcRmiZ1i6juni0pNRgB2EQ5WyxB3hh4E324KEteGhfMX4mA7wtKZKz9cJd87xgR61dOJoxHRvi2O6h3lZvahhRe2LYZqa2/j24z+0G0enYKLUsuOu1WJMjG7IdACz9X4ongPKStMtbBpBOEcKKNVhi525A+c929/RlxLpD7VjOs330+2LOY+NyS9mShs6l60XhjkOwv9rvrVwGgQu0KKUKZuXaeG5HlWZQIKvnGNeVqr7/TzrxiahVJYYoIheMRuCvgLfflU+nw7JD4mO6G2G9mJTKTqvPkykfLquZDoM8PFBA//iYavDWsLwc8gi5/om3oiKANOJh0ZMV15T/Q2btfUdG42TVLxAaMR0ctrdBre6vaOtP26FJ9ioHfDpErMf0xFRyWC/mSWV5aDluFcJfe24eJo1hnU3nDsqUnLXMR20wLdzqDwP2kZUUH2/JturwVQYsZhpPaBLgTX8AkwHeJCb+ZmTsTYb2Pc6vKOltQVNnYhkOhf64Ab4diHRkaidFRo/v6wURit6BHhDYpYTE6YTYDpAbmkRUAw3XvHrghmlVZUi4xSdZLp72Y/xCsM+5kPO8+QMFwlQ/u9PM0TS+tIz7GKjLTJqZx+MINQOA+wnMJlP2gN8GXwyCGh+GA5iZEfdvwOKCOntjjCdjFry7bpvMz6T+vOZxmlP8p4P0yGU1VQZU3mKGJsEzIk7mWndhelk0MIJfdhe9JOHjUDKpu4GTZkOkFqQ++UsUzxgkaePkzpqxHSgopGQoKizfGWg/7xrg9KkS/5vwYya+joxY6pLd467MOf7UL1xkO9Mobxh7ZFI7cQfjZpO19tR4BQMYaYDnIqP6W9tgNocSPPwjUsoqZcYpgPt+qmjEQj/fKaUmXlX1aZ4MgXE7rjEm5sFgzCdMNMBrjy8+5Z126EzMHAsN/rXilsN3kmmA63+b3cb/EEnrFzQmdTWYLON5pz0ZLnBX9ReeDr3WkRi7GsWzH46iw3+VB5Lpe7X0Nz0M+dkdsMAUUdjXLqf0LuN6Y6rLMPLdCzAqBu9zBVrxWH+zvEZKc+N6eT0Eqb3bMfgLxV8lXdX/nNmOugw0rU+uOuuOHVAoHB3A4fpJCKZDnAh6TberMT17zRiOiodB+0cgcYuq64UKDl9eyAa4D1MBl15eEeM8C5kOpk8rTDvTdoV1aJdKjEsIKejE/RBt9SLvGI2mDoshh/CTAfqAlTN4uN7erATdh/ajUM79cQw3b6YSCoyKZU4wcjln2bMKnlCD3DqNX92n6ZW1WjKdCqf+8dmOplMtivqbG8z5mwXbfrYCJ/QIDH7+zrJdIDVZw6jlX4o7d5efhUqBhF3b9GBPom2ke6rFkPUpiNGgGFlsNQFNVT/ySOup95XXU4m330lHC9+g1YSMIYxENNpa+7TKQyCjKKCr2abMTpHSiVyeZc+k0g80wmcZaAWQP2/L3fHtjR1WCQPnjPThcRE9qHXd2lRy9gmduloeuYAYmJJShKZKJbpoGNsOHesl5m+doeZTkYv7aD3GVltWiKcdSr2cTKTIcSIWj4n5jTtkZozHbVVxEtchme53JeaMWciDG9PHRXzKFGgMBK+92pEHws0iaA3dqWnsHJDGZ61+H06OU12Rqu9uA6CtogVKS1sBLW3+ZCYFN4dxzL6GEor9niRPhZDo5PvCc+VtD/LIJiRogoVtdV8m4ZKaKZDZEHlveR/YmNTU76IHUP0hnGqm/3ZtmuZbhJ7AAf6HHxpWMD3cdmzEWe80aYnqX2PBIEGFu7W3LyXymcZyDnzfaXVqiOi4MuDKsbPhX4L7hV3B2ubII7E+qZGFb6PjOoeJut88aTzZ07G7Q7RkCmWl9N9b/GxPcyqNqnunOD1Asu5qutrqWN52WDRG9YGx2KvorHPdw8w3atqmY7O8AwFvpun2qdDbw3ed38mq6dEx1gPnacwS+AsA5m8qr4OZCLW0PV2VFmqrrHhQW6m8PKa5tZWPR8nZAsxR6nyoH2GZ5bpVMmG4dbcotrp5ua93KrAdOznaaHOAr7Yj1mfQJn3oOeFvkT3w/aLp1Cvg58nYqPF3wjvbr1paYeZrqWlZTx9Rg94JcyUAX+j1Tc2/uxpix7xuuVwMcc4Yqb7bt5kkW8EEMV0dD2h2xhwzv54x+a3sITrbeQlY3+yumLHxTB2K5zku7mTC9XZ5G05UlRaWWxblddU/zB/Crf91fp0dzJT6cS8VBZrPjcNV//c3Vg88WGzNUDYxLitzHRKcqEpQLsarnDnSztZwvh0KA+haqZrbG6OS380OsA1KSdDqEI0gOm0ngvTjQ/05Ib0D167yFcSFOzYQA+8skvLiEpQ5n14p8KuRgWgU3sYn05lNjCZrKy2euelM9O3B7K/UCxy6f5t+Pp4kS3Qx9qzoVU435GMK4yKuoBOALoBtc/ngP+LOhCQMfk+dzK+lZasWo3LKJfH7+ju3nRGYi06q6radSz3czM+nynF3bu/lUFg2EHo820PaE/QwHR9RPh0DNMhn04VIyPAmO3FHFbLvKCaU3son45huklrvFSWAet0mL+zT+guxa7ImhvQemcSbjCH5Eol5huE8pC3O7VHIe8lK7O+sSEiMc5ojVcpz/E9NNMxL0hpm/YNUtfYeDcrbfKmxbi7goMDfbUVrTl/eZjOZkuANrs7zBMdxCAa5TVVA73sO8Z0KQW5qE9+O8eiHB8dwo/V1Om6jPXoe1TNbiDozPp+Tui93p02RvzGJZyl8O8ultWcdGdc4HGc/7Rk+OI5OMAC1hdwwfXUpKr6WmTtQGcAUj575+a4lZ6gylDlf5xvfS8nXSBmiBBBn8RK75xStQiHc/Pt9JQPZozD7S/s07VQq2fXo8JL+HORYVTV1v7LFTGp5C/Tx6YVCOWTj338sK8lc2g76LFlJ/cFXQ4/eP3i1Yd3rybfPZ8YC4MR1GYv00EOO1fzCSmpKn+HihRRQn5wnRJwIgS82oPXLoASAyGXHiRsiDg2LtADzEuJl6gAkXSND2I66Ak5POcSdh4NzU0/cWbB4KdX6E6B8lCT7+Za4mgkqiH0HyAXvlsWcVbmg5EJowDM1BNx0dAs0Y/unYyP8TiwDawXMB2PxV4R6F57rp7D2d7Q9cuC6StPH4p5dC+tIDe9KD8hMzX0xuWZQWupg02leuCe0CNIUSL6f3Je1o/uU9viG1NGzwvZBNYUlYqK9ePynpYcvhGl6+OI11saLJnLp3gVEPs4+Zu2I9qp1JT/8Zi2K+psZnFBE8dJaWhshCbdFHmCSp5Ml+RjusbmpkG+lHL4crZpucCBj3QyavoEKIk2m/JXyKdDJ7HSW4Oh8P8W2vOJddmzAeXqWXJsT3x6SiWb5h0eB42/9Pjet9hNxF/OMqXOq+XH9ZQkFAnXorMHeBzctuZs6KHrl6BLwHUhKW712cND/WdDmRnbA/kcyfNJ8bh5LTb4R96NpW9PPHLzstfhnTBg2VwuVCOAmbQy7GADm8TjZSE6oJt3bQy1WQPvMyej/HLNErynFeZx+iHVFGKYDhyicZRDJ6EP9fMQs0vuUX52XzpjmDad6CY5P0egcFFlGXQktFkM7hKZabCppQWfdt2POqtX/b7Lsuoq5z0bcMXges1y2D/mTv5tmdvEVV6DfGd9MdMEHQqsTS90NFnnk1WsfleCjDlgWqJlRLWPmsIy2eEbl9C0qbY6pot7nMy+oyTqwR2BCmDMDdmI327KlmUCmWrAi2mvulVvjXzNcuj1FJ7ZGcqMz2T3bCpe7UVJdos4eLS+sfFXzxmoGn3MBuMpj2c+QhOz0t6eOorNgk51bNA8wgFwIJSP7MazAwdRgO7gRbPaOaqcik5cvVC7favif7DJPagO/8H0sWoP3zyfFPcdJ4yJrlfMBoM3DfYMba4w8kGyyoO6uACKMV3v14vt55Q+tDIAzh27wmPCyoUDvR0+cZyEvqkW/fXB1lJbQy6yigtN1vnibF1adAwKrLuf3KfBIyat8hrm7/LD/CkDHCZyDnPkZbr8stI/0VQCAtWmZwfDY8iiWdgUEWY6IN++FkPxlihMxAqd7TBzegj1vWDY/t1l8jD/ORNXLZR4O0DjY9cJ1IjAMEEAIxBvrVU5XrSYYKNe+N2bfEL8j+1ReTsrhGF5+IIjlswF717tqXndDQ9yM3+krVBuQ4H9pqndCwMTuhmWcEwd08HwnxO8vgd7JOXf5ljwnQCOIaPPTevNyYn6o9vUh+ypcApokbWCYdODMw8y1N9ZTMBzU+RxThZrCZheam+R05morz1K+i1gfk+OflbqOZL/edmD1S0cnsJvezrhxttTR7P6eYjQOXEolNrauuvSGbR5X4DpYFx/wYkFeR7czuvtsoOzsq4WqJajDPXd9m1B2/cUipdUVeJdCVo8F/rrz562za2qAzLQmBYb/fHgErj+bPt7aZXQKiY57X3vvRqBc6TAV/ibi3mKoI3UMeSXlXBD2ax6GeQTuquJZ3IEtTDYb8BfCsl+gf52Rp1p10Qy6tuBaa3FWhGqLiYJgPmGReqDGDJ5cWX5irADtEHY1mMVdCb8+4tZxgIrhDEamppOxccM9HLkHlGkIApMvt8D3WNSkjqQXhvsq0tJt8eucO9jPkRAq+P/wvBfe1bFZtXaxgZgRmyQDPabWcbvRCOAxQsdW4vx6XhXpEBnc9y1GnddIKx2M+wctntcmEenfpIovwXqpdBjHXatzlFnaT8pfwpcr9W+BVQOuq9mmaqI29NVepCX9YnTJEqCkeI41WaNqM9mGttsXnY1+Z7IRcLdDZH34nZfPouvILiuUP8QkxedCxk9A26/cyWtaSVqfDqZ/F7W4+Ar4WCQU8+lf4KXLezWVdfVhURH7L4MhcODqNrCz/AzCTdU7uaorKsB/YYkozeC8mpOn5HJn1SWA6GgwsG0/D1Xz1GJ49Ra/3QcsqWlNbOoYE14qHSdD/D+R3bj3rMdA2at4XI3/6PB93LSxY9uUFP7r53nfpqD1y9WCCd9pRZvyy7evw2PxvuRlRF6Iwq9ILrgBTMFd+LL6FT8wehLMVf4nivnVGYaAW+RFnuW/cl7xfFnXAHJu1HfuKJGCLxsq/JSivYAFX0YXvlKOLdiUeLW7ooHtPzlh3eCUateofon82/4x5Xw5AJV34JTZ/jcheVPo+4n7IFOC5WMou4NvnKOa3A2NTcfuRkl3CD4epiv2gJUicbm5muP7i06tnv8Ss8f3KZ+MdPkTeuRoNl+XWA3bevyfdGRYs6dx28DnTwpOyPgZAhYR9D5wRoBBxP65IRVC4B30p7kd+pIAjqc+KS87NCNS7OD1xksmfu9q9XHjpPetDYAvobHjVrmar9z1brwIxfvJ4DPCJVRflQSKB+s7lBvfKw+/095TbXL3o1vWBsI+HRAiMFXw7FY0Dz7Y86XVJYr1wF+87SqEga1U9Ca4Ytd/jnP6qMZ49+zNfx+nvWElQvWhx/NLi0SE+a6mny3bazxjBdUmagHCSolwAi68uDO7igkQfEuqCF4cHlPS6CTtC1belnilcLo0FvgbxKf8chu58pL/GeudRzPq3mfzXOef2dgnwgq8XxSXHkt/+xDJ5/R6a7+nNvmBY/L56wZXtDbqp7AQzPR3VAxdrRK6U/yb6bxb2BnF2h0wzdWuyqAgICAgICAgICAgICAgICAgICAgICAgICAgICAgICAgICAgICAgICAgICAgICAgICAgICAgICAgICAgICAgICAgICAgICAgICAgICAgICAgICAgICAgICAgICAgICAgICAgICAgICAgICAgICAgICAgICAgICAgICAgICAgICAgICAgICAgICAgICAgICAgICAgICAgICAgICAAEMme9E1ICAgICAgUIXskidnEm6kFOSUVVeV1XTkyigquHAvvqa+/kW/CgEBAQEBgQosO7FPy1hX21hCX7oduiS/eNq2tLa86FchICAgICBoD5m8uaVlyCJnYCuW7NrxF+c3Kkmw7Zfz922hxBEQEBAQEHQryORphXnv2xoCZ9FMR/GdFsN6mMjon1Lm3+0LoGtgL1P90wnXX/TLEBAQEBAQqMD+mAs6Ur3XzIcOXzzH48DWFWEH0BUYdsA3NOi9aWO0WQbsaznCdf9mXAAur0M7hi92AZp7a8rIspqqF/0qBAQEBAQEipDJZA47V88P2VxcVdHa2qrw15LKiq9mm2JX7t1pY1ILchXKtMpaw25fM1zuLiOxSwICAgKC7oeWltas4kK+v5ZUYaajrnenGaYWKjIdQlYJrxACAgICAoIXDH5PTDzTiZFGQEBAQEDwvCHj/FSFjjAdAQEBAQHBy4NnwnSpBTlrz4aiaw3nJ1zBV8IjEm89rarscA3Laqo2RhzDAuF6mJelqZDrqUncWsG1/WKYypLJBdnrzh7BxU7ERbeqywtz9s7NtRzJ68KPpBTkKBfLKS1af+7o2nbtc7i4sly5ZE1D/a6oM7glt5w/WVZbLVyHrOLCNe3b//y9WOFb2j2xvu7snRtu+7eMWjr3H3MtB9hPQNcnjpMkXvbWm5dAzavq68QLJCAgIOg+eCZMB1wwf99mVdv0JNpSPR0Tvd5mg4cvcYlOTmyVKS6JUQuZTBYSHYklaxnrmq7zkSH2ERdHhVJ1jY3DFqMdhdTCm74Ww25npqos3NTS4rJ3o45UDz2rv5VB1P0E3gfRvy+uKP9lwXTmraW6bvu3ghCVLwIcpM1Khp8rTx+UtaoQDS8XkRj7hvVIvCvE8+D2lhahpoNP4HFgq7axHtowAvWBL6umXei1Rg9yMx12rX7D2qCHCf0so7bdJdx/fGQ3XmC2l4CAgKA7o/NMhzR1bmlxb7MhSEgf8yED7CZ8PdvsG2fz920NgTWQzuxrOWzHpTDl9Z9qcfH+bXYzIKXG/zz9d80qSVcxLP4a3idotMa7hb8a4FL91WEiVvVfzDIpKC/lFUwLv/Lwbk+TQUCjnzga1Tc24t+3r4K8vqkRqBOJfW+aoUqHDsNuRyDmmlcth52MixFm9oramq+dzRDhglGh1goor6nyDt3Vb/II/PWhbl/ONBm2eM7ULQGm6/30fBw/dTLqYz4U/vSh3fhMwnQEBAQvJ57VPF1lbc0njsZIyMil8wrKnjY1Nze3tKQXFQSc3Nd38nDk7/SbPPxW2kONJIO3MmfPeppAh/Y0ZXyWpSf2alrDRwU52NNccHiHXMAplMknrvLiODUSw+XzaxuEEn7ml5V+aDcOChsud6eonN8H/MF1KpL8i+d0YZl7rkRwfSvg95R8FUFRjNZW2aTVXlD4rSmjnlZXCtNidskT+Ey0g0mZEB/MGOu+f2tcenJtYyO3WEVNzaWkBOM13p85GROmIyAgeEnxrJgO/KB/uVojIaAY2/5A69utF05p0RQDStVmS4CmNQRHiSKRFe76frOQU/aj29TymmqNDlZIKcjFxOF/LFi4MDg1OKUMXDomep4Htrfyh0xLqyq+dqaaccb2FcKSB/k6IZlD/GY3NDUJlDx8I0ohM5vEyx7eWuAWiw3+0M7AieWCe/zB+xvo7aDFJoIb6u/8SJBDwWg5ffuasAdKQEBA0G3R5UxHo6K2+ts55kivfjvHQpREllD2x5zXocUej4uGfyOq6mky6NzdWxrtd9CU6YAIepkO7mWqj7j1NYthB65dgCfKVB1dhJnOaddqYcnimS6UYjpqUu81y6GIc3WkkqlbljU0894lkummbw/E6UxHB7iWq1vugkA2lxAQELykeD5M19jcTC8IobykTx2NxAhEerWltVXP1wnu+m7u5LLqqvrGxvemGaKFJcZrvTU6WEFzptMdYD9x/r7Nr5jpo7vetzWMTUumeE6mqPa7gukon45evhJwcv+HM8Yhwu1lpr/y9MFWVetY5MJMx95x6X7CqxYMdcKnz31aIicsRkBA8IfG82E6+Ot/PGwR0xmucBclkVa+9/Mye1ArPXQ9D26T086UMz1nh9ZPZhRpMHPUAab7q/2E9KIC8IB0aG7VpqKmNvk0NSigq5iOru25uzeP3Lzcd/JwtCanv5UB+LMquUmtT9cqk40N9GD9Yr2gy2eFa0tAQEDwB0BXMV37AN/lh3foMKBER6oXejNKvFjnYOA1yZtTRt1hNwXEZ6S8YjYYBd98jwSJF6X5PB3FdDmlRZV1tQO97PG9E1YuUGaormM6bZrpwInzOryT3b6h+5mTscote2qZLqvkyV9mjEVCPnaYmF+mek0pAQEBwR8JXcR0Mhma0KJ+3M/J+GymMaKJcYEede1X9/FCJi+vrR5gN4GaS1o2r7mlBQmsbWjQ9XHECl/lzjWV6DDTwX+T87M/shuP7u0h1fM/ukehfFczHfy3oanRcIWbNrtRQtfboVbp/He1TBcWH9PDhFm/OnqZq0yjNT0EBAQELye61Kd7/CTfdd/mP9n8xix+WDavULQTAfeHREf2MBnU02TQ3ugIRHNojmzr+ZNIIPxV/JF5nWE6eGhYwvVXLYai21+zHHYqPoZb/jkwHSD/aenfXCzw3ofp2wMVJtjUMt3as0fwt3YJ2ShcVQICAoI/BrqI6U7ERf99rmUvei1HT1P9b2abbb8YVt8kzpujAU6cvt8s0Ocf2o0DDV/b2FDbUE/9bGxILsj+YMY49KxRoh2TTjEdneFkRdj+nqaDkEsFbHInMw2Xfz5MB7iZ9v/t3Q1QFNcBB3CPGG2iiWZMk8aZTO1Mk3HSmUQnaSdtA0RRAhWVOgYBL8iXSi3NKSpUwY+IolJjQlC0IgMxEMU0fqCjJZGrow5aA9YPQCnHh4oCEgXk+Lg72O3bfbfPE+7eLeEj0Pn/ZkdvYPft22Vm//d2375XIs8nKDXKngyckvLNYdvD1zpLujXWW6DSkng0k19V6sz1yym5h1JyD++UF31RoZqtAAAGj35KujsP6n/5IX2R3JVEQEOLsacFXjSUPBviTUp4JthrUkzY5JjQyTFh9MOk6NBRQZ50X2NCvK/eNKgpsJdtOqLNZCKNJo2/9Vz9Ni6irvEB/dWAJR2RcfrEU9ppNHDHhnjriy6xXzlJOkFck72XPexbmZXCryr1wPjw92v+xN5KWJu9V81WAACDR78k3SfSc7qD5/VPfeBBuwvqMpLMlh68EUA2p30srdnk78ZGgGRvc7MlLjtVTZm9bNNRJNreWhXOwmLBzk20oTqQSUdauysydz6hjLE2MUpbVltNA9dp0m0/ni2P/ClVfnai2k6wB/Lz2Nne/e1RVVsBAAwa/facTmy3mEkQ0KvxSO3UPQ7mDrCrpvH+K7oAkibPh83wiF/qEa9TlqXWZYPuZ4tm0yv2a1Ha75ucj2bcm6R7dH9QEK/drnhh4Ux6XMMD3k3MySK5PJBJRzS1GqdtXKocjuuMLdHGtlZStw+SN2q4dy9P/Oe8/NaGdN4mRL5PzjO/tlTx7UrWpkPSAcCQ0299L6VQMNRWv7xkrkYZ0Di/tEhlaVlnv3GRbhK6rj2YRhKTJIL0r+1iNm8+kklnHCCtm+z8PKdl9kmbjsrO15O8oKU9HTQt79olOenmkwoPTNKJ0kib9aR6GuvYKe7LPk8mZ9xp0pXX3nlx0SyadMMDp2SdOyXaG/Kli5v1tUg6ABi6+iPp/OQ2nUSQQoF2WSSXyonL5qsZJbjNbPKUZ9gZMX9KWU21o9Uq62rGKPMCeCUsN3FTQ+zDpBPEzs7Oj75Kd/F/l5Y2PsL3/H+LJw5gm446U3JlTIiX9W/n755x+oQ2OX7YvHd4o4EJ4h+3xbI/95urwu8388YNo5B0ADCk9ev7dDTu1h7c6+IvjzHi5+qzNeZhawu/qCtVhpHzpQd80+OXmRyP8Uj4bltNn9yNDvK84qxfSh+26UT5eOd8HMt6p/xqRRDtDjqQSdfZKezIPTRSeo9eOqifhvu8vjKENxqY/BfRF116WnldYpifa9S+HeYOC79Vh6QDgCGtn3qksDYdQVpbc7fHaZQBtXQZSbxZvAVx+b4ddOU0/XH+TnMKzmmUPioxWbv4rxuwpNOoSLpQZ0lHkPbp69HBLALkhpWapPuwr5JOlF4nNy9O/ZvLPOvkO+S7hMO7l4ISdoKwcE8inXGVnOQRgVM3Htpntlgc7UJA0gHAEFfTcH9C5PusQ+OzwV6FFaViT4f8FURjW9sb0SG0hdV93EuyF6XLovQW2JbDmZ320k6QRwKhE729tHg2b5JreeNWUzsbumRCpN8DY7PdessPDYVSeX66YWqSThDDdm2Rku7PvKQjpZ69cXVc2IxHSaemTbdeR9ecGq+zm3RsrgR5hGdpzZOOk06Uu326K+1EjZ8b/zkd1dRi/J304oAb61ejTd5QUXfH/mEK1qSjK+8+haQDgCHm2q2KkVoP1nvfRX7c032sfg46v3aDsXm8NKCiVMi0+KWPlSB/Lqi4MX6xL726/kTrseZgmsnctR1BVvv89ElakznbYjs6nMxOTpon0Vm7WHMj+Z9fc1Yuvl3F8ohsxS/ZO2GlnLa+5Q6u/0oFxIx/nXwiwJ29BOEw6ZTT8arO2oKeHBPaLHWYdHim9+Qdc5HbidJsQY4qIP9bUl1F0k05OudJJ8pTx3olrHjUIPV3f3HRrCVp2/XXCltM7Wy1NpPpalX55iNfsFP3d7TpAGBIIUmxan8qa9DRD5Oig6WBf3sWddLFdniAcgs0fGarySSINi1D+UNOwTmlB4UrSYeApPXSm9c2Kuruvkz7E/q5rf8qXUX9xbPXr7KaPx8+s7zurqOap+mPD1PeyPPctJxzv+729/eeC/2DRhptzJ2TMuzIYrJ2016gvDadXCtyvCMCp9I1nwl+j9No7ejo8NkaQ48r4LMNFs7wnvI9ybyiwtELpqtPOlFuESfm7CcBJ0//947SjVNq4v18ydxfRPqRcsgZkF7cUx5HkuWzXN7XCQCAwSY7X/9ShO/oIE+yjLJZ3tu0/Oa9WrWlCOLDtpZ5n64bFTSdlfDRP9K735ojl+Rjhfm/Xr1wXNgMabUFnm/HRlw0XKe/vVJlcF8fyWriti6yjP/EUBBJm0iXkcR2SrZ9Oy6CtEG6r1tVX/vWqnCyR7rm2FDvL8/Zj7C6xgafxBhWjdeitAXlpfwT0GY269KTSEOVn3Qtpra/pH/K6kAW0oayO0KayWLZdmw/SVu62rgwn93fHu3odNLCPfLdWRJbGnmkMjVJR5FYTzicSRqYY8mXEH/2ncc6QTwbY/PJwCkvLJz1qi5gR+4hlSUDAPyIWKOHpMyFsuJ/21lKahp6MJ9LfVMD2cS2hO/Kr0u35uztt91iLqqupHsh/xbdqqC/vXHn1gXpJ9JCa1VWU83rZCKI95ubbPcrb1ViqLVzv7HyXs0FpVi60MeR3d1rbGBFXZA/GOQ3HfjdXcwdlv35p34TuyhqX/KjQ31co7H5oqGky3k2dj9Lgtja3l5QfsN2zcLKUl6zzrqhcLmyzO+Tda/oAtQnHa0tCdzLVWWZZ3JXH9gTsmuzz9a/esQvm/NxXHBKQuyB1NRTOfriS6V3bxnbu86eAAAw2LEekr2cvMXB5l1/bKcPyuP5YbeTSq85KoP1/Xi8Rj98R42txrsOviFY7+UK3X/qoHp2u9bwd097uloshtrqHs3GrpZNf1oAgCFPUHvBV3PtdbJ+f1w51ZTJSRn1hdiuzF3f7i8FTnb84NMidPm/LyDdAAAAAAAAAAAAAAAAAAAAAAAAAAAAAAAAAAAAAAAAAAAAAAAAAAAAAAAAAAAAAAAAAAAAAAAAAAAAAAAAAAAAAAAAAAAAAAAAAAAAAAAAAAAAAAAAAAD+3/0PkslsmA0KZW5kc3RyZWFtDQplbmRvYmoNCjExIDAgb2JqDQo8PC9UeXBlL0ZvbnQvU3VidHlwZS9UeXBlMC9CYXNlRm9udC9CQ0RFRUUrQXJpYWxNVC9FbmNvZGluZy9JZGVudGl0eS1IL0Rlc2NlbmRhbnRGb250cyAxMiAwIFIvVG9Vbmljb2RlIDYxIDAgUj4+DQplbmRvYmoNCjEyIDAgb2JqDQpbIDEzIDAgUl0gDQplbmRvYmoNCjEzIDAgb2JqDQo8PC9CYXNlRm9udC9CQ0RFRUUrQXJpYWxNVC9TdWJ0eXBlL0NJREZvbnRUeXBlMi9UeXBlL0ZvbnQvQ0lEVG9HSURNYXAvSWRlbnRpdHkvRFcgMTAwMC9DSURTeXN0ZW1JbmZvIDE0IDAgUi9Gb250RGVzY3JpcHRvciAxNSAwIFIvVyA2MyAwIFI+Pg0KZW5kb2JqDQoxNCAwIG9iag0KPDwvT3JkZXJpbmcoSWRlbnRpdHkpIC9SZWdpc3RyeShBZG9iZSkgL1N1cHBsZW1lbnQgMD4+DQplbmRvYmoNCjE1IDAgb2JqDQo8PC9UeXBlL0ZvbnREZXNjcmlwdG9yL0ZvbnROYW1lL0JDREVFRStBcmlhbE1UL0ZsYWdzIDMyL0l0YWxpY0FuZ2xlIDAvQXNjZW50IDkwNS9EZXNjZW50IC0yMTAvQ2FwSGVpZ2h0IDcyOC9BdmdXaWR0aCA0NDEvTWF4V2lkdGggMjY2NS9Gb250V2VpZ2h0IDQwMC9YSGVpZ2h0IDI1MC9MZWFkaW5nIDMzL1N0ZW1WIDQ0L0ZvbnRCQm94WyAtNjY1IC0yMTAgMjAwMCA3MjhdIC9Gb250RmlsZTIgNjIgMCBSPj4NCmVuZG9iag0KMTYgMCBvYmoNCjw8L1R5cGUvRXh0R1N0YXRlL0JNL05vcm1hbC9DQSAxPj4NCmVuZG9iag0KMTcgMCBvYmoNCjw8L1R5cGUvRm9udC9TdWJ0eXBlL1RydWVUeXBlL05hbWUvRjIvQmFzZUZvbnQvQkNERkVFK0FyaWFsTVQvRW5jb2RpbmcvV2luQW5zaUVuY29kaW5nL0ZvbnREZXNjcmlwdG9yIDE4IDAgUi9GaXJzdENoYXIgMzIvTGFzdENoYXIgMzIvV2lkdGhzIDY0IDAgUj4+DQplbmRvYmoNCjE4IDAgb2JqDQo8PC9UeXBlL0ZvbnREZXNjcmlwdG9yL0ZvbnROYW1lL0JDREZFRStBcmlhbE1UL0ZsYWdzIDMyL0l0YWxpY0FuZ2xlIDAvQXNjZW50IDkwNS9EZXNjZW50IC0yMTAvQ2FwSGVpZ2h0IDcyOC9BdmdXaWR0aCA0NDEvTWF4V2lkdGggMjY2NS9Gb250V2VpZ2h0IDQwMC9YSGVpZ2h0IDI1MC9MZWFkaW5nIDMzL1N0ZW1WIDQ0L0ZvbnRCQm94WyAtNjY1IC0yMTAgMjAwMCA3MjhdIC9Gb250RmlsZTIgNjIgMCBSPj4NCmVuZG9iag0KMTkgMCBvYmoNCjw8L1R5cGUvRm9udC9TdWJ0eXBlL1R5cGUwL0Jhc2VGb250L0JDREdFRStWZXJkYW5hL0VuY29kaW5nL0lkZW50aXR5LUgvRGVzY2VuZGFudEZvbnRzIDIwIDAgUi9Ub1VuaWNvZGUgNjUgMCBSPj4NCmVuZG9iag0KMjAgMCBvYmoNClsgMjEgMCBSXSANCmVuZG9iag0KMjEgMCBvYmoNCjw8L0Jhc2VGb250L0JDREdFRStWZXJkYW5hL1N1YnR5cGUvQ0lERm9udFR5cGUyL1R5cGUvRm9udC9DSURUb0dJRE1hcC9JZGVudGl0eS9EVyAxMDAwL0NJRFN5c3RlbUluZm8gMjIgMCBSL0ZvbnREZXNjcmlwdG9yIDIzIDAgUi9XIDY3IDAgUj4+DQplbmRvYmoNCjIyIDAgb2JqDQo8PC9PcmRlcmluZyhJZGVudGl0eSkgL1JlZ2lzdHJ5KEFkb2JlKSAvU3VwcGxlbWVudCAwPj4NCmVuZG9iag0KMjMgMCBvYmoNCjw8L1R5cGUvRm9udERlc2NyaXB0b3IvRm9udE5hbWUvQkNER0VFK1ZlcmRhbmEvRmxhZ3MgMzIvSXRhbGljQW5nbGUgMC9Bc2NlbnQgMTAwNS9EZXNjZW50IC0yMDcvQ2FwSGVpZ2h0IDc2NS9BdmdXaWR0aCA1MDgvTWF4V2lkdGggMjA4My9Gb250V2VpZ2h0IDQwMC9YSGVpZ2h0IDI1MC9TdGVtViA1MC9Gb250QkJveFsgLTU2MCAtMjA3IDE1MjMgNzY1XSAvRm9udEZpbGUyIDY2IDAgUj4+DQplbmRvYmoNCjI0IDAgb2JqDQo8PC9UeXBlL0ZvbnQvU3VidHlwZS9UcnVlVHlwZS9OYW1lL0Y0L0Jhc2VGb250L0JDREhFRStWZXJkYW5hL0VuY29kaW5nL1dpbkFuc2lFbmNvZGluZy9Gb250RGVzY3JpcHRvciAyNSAwIFIvRmlyc3RDaGFyIDMyL0xhc3RDaGFyIDMyL1dpZHRocyA2OCAwIFI+Pg0KZW5kb2JqDQoyNSAwIG9iag0KPDwvVHlwZS9Gb250RGVzY3JpcHRvci9Gb250TmFtZS9CQ0RIRUUrVmVyZGFuYS9GbGFncyAzMi9JdGFsaWNBbmdsZSAwL0FzY2VudCAxMDA1L0Rlc2NlbnQgLTIwNy9DYXBIZWlnaHQgNzY1L0F2Z1dpZHRoIDUwOC9NYXhXaWR0aCAyMDgzL0ZvbnRXZWlnaHQgNDAwL1hIZWlnaHQgMjUwL1N0ZW1WIDUwL0ZvbnRCQm94WyAtNTYwIC0yMDcgMTUyMyA3NjVdIC9Gb250RmlsZTIgNjYgMCBSPj4NCmVuZG9iag0KMjYgMCBvYmoNCjw8L1R5cGUvRm9udC9TdWJ0eXBlL1R5cGUwL0Jhc2VGb250L0JDRElFRStBcmlhbC1Cb2xkTVQvRW5jb2RpbmcvSWRlbnRpdHktSC9EZXNjZW5kYW50Rm9udHMgMjcgMCBSL1RvVW5pY29kZSA2OSAwIFI+Pg0KZW5kb2JqDQoyNyAwIG9iag0KWyAyOCAwIFJdIA0KZW5kb2JqDQoyOCAwIG9iag0KPDwvQmFzZUZvbnQvQkNESUVFK0FyaWFsLUJvbGRNVC9TdWJ0eXBlL0NJREZvbnRUeXBlMi9UeXBlL0ZvbnQvQ0lEVG9HSURNYXAvSWRlbnRpdHkvRFcgMTAwMC9DSURTeXN0ZW1JbmZvIDI5IDAgUi9Gb250RGVzY3JpcHRvciAzMCAwIFIvVyA3MSAwIFI+Pg0KZW5kb2JqDQoyOSAwIG9iag0KPDwvT3JkZXJpbmcoSWRlbnRpdHkpIC9SZWdpc3RyeShBZG9iZSkgL1N1cHBsZW1lbnQgMD4+DQplbmRvYmoNCjMwIDAgb2JqDQo8PC9UeXBlL0ZvbnREZXNjcmlwdG9yL0ZvbnROYW1lL0JDRElFRStBcmlhbC1Cb2xkTVQvRmxhZ3MgMzIvSXRhbGljQW5nbGUgMC9Bc2NlbnQgOTA1L0Rlc2NlbnQgLTIxMC9DYXBIZWlnaHQgNzI4L0F2Z1dpZHRoIDQ3OS9NYXhXaWR0aCAyNjI4L0ZvbnRXZWlnaHQgNzAwL1hIZWlnaHQgMjUwL0xlYWRpbmcgMzMvU3RlbVYgNDcvRm9udEJCb3hbIC02MjggLTIxMCAyMDAwIDcyOF0gL0ZvbnRGaWxlMiA3MCAwIFI+Pg0KZW5kb2JqDQozMSAwIG9iag0KPDwvVHlwZS9Gb250L1N1YnR5cGUvVHJ1ZVR5cGUvTmFtZS9GNi9CYXNlRm9udC9CQ0RKRUUrQXJpYWwtQm9sZE1UL0VuY29kaW5nL1dpbkFuc2lFbmNvZGluZy9Gb250RGVzY3JpcHRvciAzMiAwIFIvRmlyc3RDaGFyIDMyL0xhc3RDaGFyIDMyL1dpZHRocyA3MiAwIFI+Pg0KZW5kb2JqDQozMiAwIG9iag0KPDwvVHlwZS9Gb250RGVzY3JpcHRvci9Gb250TmFtZS9CQ0RKRUUrQXJpYWwtQm9sZE1UL0ZsYWdzIDMyL0l0YWxpY0FuZ2xlIDAvQXNjZW50IDkwNS9EZXNjZW50IC0yMTAvQ2FwSGVpZ2h0IDcyOC9BdmdXaWR0aCA0NzkvTWF4V2lkdGggMjYyOC9Gb250V2VpZ2h0IDcwMC9YSGVpZ2h0IDI1MC9MZWFkaW5nIDMzL1N0ZW1WIDQ3L0ZvbnRCQm94WyAtNjI4IC0yMTAgMjAwMCA3MjhdIC9Gb250RmlsZTIgNzAgMCBSPj4NCmVuZG9iag0KMzMgMCBvYmoNCjw8L1R5cGUvUGFnZS9QYXJlbnQgMiAwIFIvUmVzb3VyY2VzPDwvWE9iamVjdDw8L0ltYWdlNyA3IDAgUj4+L0V4dEdTdGF0ZTw8L0dTNiA2IDAgUj4+L1Byb2NTZXRbL1BERi9UZXh0L0ltYWdlQi9JbWFnZUMvSW1hZ2VJXSA+Pi9NZWRpYUJveFsgMCAwIDU5NS4zMiA4NDEuOTJdIC9Db250ZW50cyAzNCAwIFIvR3JvdXA8PC9UeXBlL0dyb3VwL1MvVHJhbnNwYXJlbmN5L0NTL0RldmljZVJHQj4+L1RhYnMvUy9TdHJ1Y3RQYXJlbnRzIDE+Pg0KZW5kb2JqDQozNCAwIG9iag0KPDwvRmlsdGVyL0ZsYXRlRGVjb2RlL0xlbmd0aCAxMDY+Pg0Kc3RyZWFtDQp4nFPQD1CwsdH3dfZ0UTCws1NwcnFW0HcPNlNIL+blKuTlMjTQMzWzUDA0M9czMFUAMvVMgZSBqZ6JpUJRKi9XuJZCHi8XVNwACKFyqPqSc3m59D1zE9NTzRVc8hUCebkUXH2dFQBV4RnrDQplbmRzdHJlYW0NCmVuZG9iag0KMzUgMCBvYmoNCjw8L0F1dGhvcihKb25hdGhvbiBTY2htaWR0KSAvQ3JlYXRpb25EYXRlKEQ6MjAxODA4MDcwOTAwNDYrMTAnMDAnKSAvTW9kRGF0ZShEOjIwMTgwODA3MDkwMDQ2KzEwJzAwJykgL1Byb2R1Y2VyKP7/AE0AaQBjAHIAbwBzAG8AZgB0AK4AIABQAHUAYgBsAGkAcwBoAGUAcgAgADIAMAAxADYpIC9DcmVhdG9yKP7/AE0AaQBjAHIAbwBzAG8AZgB0AK4AIABQAHUAYgBsAGkAcwBoAGUAcgAgADIAMAAxADYpID4+DQplbmRvYmoNCjQzIDAgb2JqDQo8PC9UeXBlL09ialN0bS9OIDI0L0ZpcnN0IDE3Mi9GaWx0ZXIvRmxhdGVEZWNvZGUvTGVuZ3RoIDUyOD4+DQpzdHJlYW0NCnicpVXBbtswDL0X6D/wuJ1k2ZIsA0WBYGmxoWgQJAF2CHZQE80xaluFogzt34+y7NQHNUibiylSfOSjSMmMQgKMgciAcaCpACaAygJYDilPgSeQUQ6sgEzgngSWSuDoLAVwhqscvJdEIwXBUcshRwAXkCOAc5AIYAlIDyigKHBPAk24jwiUppggx8RUQoZ2ljPICqA8wWwpyhTDJiiR0s0NmftQCSzIktxX5cFqMqndt+9AVm8vmiydPWzcXa0b8rCG5A+QeQmZ97+9vb76JJxeBk8vg2eXwVkUXvTweQzCoxDZQ1b61T2Z1yiwY3WS78S6KMviIyTO1Amq4vOQPAqhZ1TXQfysf7HIwCuaXpxiLKMQfgbj/MtUxUfI7EhVlZpGe9mdpX9KOsGDEEHkQchwlMEzlBItchi6s6/4CbJptNDx4I3BI9+V1XphjCMLU+tH9eKfKR92rqxuu13/YHmLrz4JNckh7tFpho160G+Q9hnuMWRrnCYz/7lrt+/K0NOl3jjyU6uttmHtMcP6V1tXrV7ulCfqDZMWIyhXmbbXrav+Klx02m9jn5+MeSZTszk0yKmz7HdaO0/SkUe1sWak/9jhd6RPK1WbcmRY1tVWj3xDHnQrrWqGloUxmVb/+h7gqq9/dmj2a//P6a4FdK97d2bDvmr0fh3Us6aK90c/vqfHO+BjDM2+vvoPopPciw0KZW5kc3RyZWFtDQplbmRvYmoNCjYxIDAgb2JqDQo8PC9GaWx0ZXIvRmxhdGVEZWNvZGUvTGVuZ3RoIDI4Mj4+DQpzdHJlYW0NCnicXVFNa8QgEL37KzxuD4sxyZYthEC720IO/aBpf4DRSSo0KsYc8u9rnHRbVlB4b96bGWfYqTk3RgfK3ryVLQTaa6M8THb2EmgHgzaE51RpGTaUXjkKR1g0t8sUYGxMb0lVUfYeg1PwC93dK9vBDWGvXoHXZqC7z1MbcTs79w0jmEAzUtdUQR8TPQv3IkagLNn2jYpxHZZ99PwpPhYHNE+YYzPSKpickOCFGYBUWTw1rZ7iqQkYdRXP0dX18kv4pC6iOsvyrF4RR1Rkybupyl/PpQQ/JBm/RXWO3iOSd0gekHxA8ozkMZF5iTUxS8m3YpieX3dYcJQ9/u9p/dm6gMvY5Ox9nFjaUhrVOiRt4LJIZ93qWu8PjFWWhw0KZW5kc3RyZWFtDQplbmRvYmoNCjYyIDAgb2JqDQo8PC9GaWx0ZXIvRmxhdGVEZWNvZGUvTGVuZ3RoIDc2Njk4L0xlbmd0aDEgMzYwNzYwPj4NCnN0cmVhbQ0KeJzsnQlgFOX5/7/vzF65N4Gcu2Rn2SRIlhAMQsIVNheHEQkkYIJBEpJwKYIGFOsVqyjGs9biWVHbWqq1TgLSgLageOKBV70VRK1atWh/9Wxl/s87u5vsJrFA/qzZwPvZeb/zzvs+M/PM7Dvvzvvu7jtgAFJJDLi+tHL61I0vjT4JxobLgCGbp5aWTTGnRz4JaedjgDx7asXMyrz45MchPZkCKWXw1Mo5xe2Xnd4Bw54RwKWvn1hZNWV59lITrW+graafVFU57fRfj9oLlFB+/G0zK3PzBk+/tAq0MuXXVZScVPXD+YUltP2raXns3NIZ1RU3LPsKqHqK7G9sWF6/cpsr+wxIMbQ96e6Gc1Yp92/fcy2kYesA05mLVi5eXvC7JDekuI1AlLq4vnklUuGk7V1A27MuPuO8RXN+H7cWUs635MOuJY3L10i3fLoZWFQLds/GJU31jZ+Wz30WYLfz/S+hhITRyeQLe4WWM5YsX7XG0RzzBu17DeDZfHrT2WdqH2ibIN34b358Z6xoqE/7+bD1kM6i8+Matbx+zcrkmhgXrU/7g7K8aVW9fKexns5HBj/eM+uXN+0obNwA6VeDgZFTVq5oXqVlg9bfWcvtV57dtPKu9o//AclWDUTngr83ZqA5vuLPC+ImfmWxWcC5+/1h2Xz+6mUffPb9Az8stsIyixYjdHsOzc2FB05GiRXfP/D9z6zozPERu5OnxN+EFlhxPGRINPfgcsCYrO+XQZbXsethhMV4q3E0bcDmncsvYpGUYDFKUSaDxDHsxUhtB9acqntAVM0oUWhbSuazxpcPzGKjzYWs3QOmaRoVsizjQ/xIkWjyuSSN6wyq9BpOQx8wNGOObz6Rwlx/GoUZvnglX6Z9bP2xbRjnaj8Y59J7weNP4o6D7dN0L24mu9uDtvEk7uqL/90hX6f0ZT3pXqw9EvsXCA4GlbVUCs7+9kMgEAgEAsFPB9uobetvHw4Vo23g+CoQCAT9CYO2zULBClFvCgQCgUAgEAgEAoFAIBAIBAKBQCAQCI4chkewqL99EAgGGuzW/vZAIBAIjmUOPNdL2gsUXvTFX6Xw9k/qUjcMzajV5xWYZpiCSb74JMOFWOjLn2s4D1U/+v+qizrtKg3nY47xcSzjy8ZvcU/EibjncH3x+9OZdhaFK3GzHv/IO/9fGJ/EzYbPgu0Mbx18PYHgaEW6F0N9887/a/E0CiN98WwKo/mybz60P/09Fgh4T7L72xeBQCAQHArxN5kZY/eZghJNMPkmszch04hof+ZqO0lCjw25um0hbDGFsW+C0MMObtIHU8FBoFqmv10QCAQCgaAXjq7Pp6PraMIQ/QTTTc1B72uYz4r5ZhF6TA5cTd8Gz/MnjOSxuCPv9E9KwIGH7uaPiZIuOEqRqZbgGGWZSXQJpRg/i9qBby0aLLBoBxCBCO0HRCKSNApRpNGIJo1BDGmsrnGIJbUijjSe9L9IQDzpICSQDsYg0kTS/yAJg0mTkUiaQvo9UpFM8TSkUtyGNFK7rkNgI02HXfsODl0VDCF1wkE6FAqpi/RbZMBJmomhpFmk32AYXKTHIYN0OLJIs3V1Y5j2NUbgONIcXUcimzQXbtJRyCE9nvQr5GEk6Wjkkp6AUdq/MUbXsTieNB+jSQtwgvZ/GKfreIwhnaDrRIwlnYR80kIUkE7GOO1f8GA8aREmkBZjImkJ6ZcoxSTSMhSSTsFk7QtMhYd0GopIp6OY9ERdy1FCehJKSWdgirYfJ+s6E1NJKzCNdBama//EbF0rcSJpFcq1zzEHM0jn6noKTiatxkztM9SggnQe6ec4FbMoXotK0vmoIj1N1wWYo32KOswlrccppAtJ/4EG1JA2Yh5pE04lXYRa7RMs1nUJ5pMuxWnax1iGOoqfrusZqCddjoWUfiYaSFfouhKN2kc4C02kZ2MxabOuq7BE+ztWYynpOVhGei7ph1iD00nPw3LSn+FM0vN1vQArSC/EStKLcJb2AS7WtQXNpJdgFenPsVp7H5fiHNLLdF2Lc7V9uBxrSK/AeaTr8DPSK3G+9h5acQHpVbiQUq4mfQ/X4CLSa3Ex6XW4hPR60r34BX5OegMuJf0lLtP24EZdf4W1pOtxBelNWEe5N5PuwS24kvRWtGrv4jZcRXo7rib9ta534FrSDbiO9E5cT3oX6Tu4G78g/Q1uIP0tfkn6O9yovY178CvtLfwe60k34ibSP+h6L24mvQ+3kP4Rt5Her+ufcDvpA/g1qYo7SNtI30Q7NpBuwp2km3G39gYexG+017FF1z/jt6Qd+B3pVtxDuk3Xh7CR9GH8QXsNf8G9pH/VdTvuI92BP5I+gvtJH8WfSHfiAe1VPAaV9HG0aX/DE7o+iXbSp7BJewVPYzPpLjxI+gy2kD6LP5M+hw7S57GVdLeuL2Ab6Yt4mPQl/EV7GS+TvoRX8FfSv2E76avYob2I13R9HY+SvoGdpG/iMdK3dH0bj5O+gydI38WT2gvYo+tePK3txnvYRboPz5C+r+sHeJb0QzxH+nc8T/oRXtCex8e6foIXSf+Bl7Tn8CleJv1M18/xCuk/8ar2LPbjNdIvdP0Sr5P+C2+Q/h/eJP23rl/hbe0ZfI13SL/Bu6Tfku7Cd9hD+j32kv4H75H+V9cf8L72NA7gA1INH5KKOj30dfqXA7xO//SQ6/RPfqRO/6RHnf7xj9TpH/Wo0/9+CHX6B511+tlBdfr7P1Knv6/X6e/3qNP36XX6voA6fZ9ep+/T6/R9AXX6ez3q9L16nb5Xr9P3DsA6/Y1+qtNfEXW6qNMHXJ0+0O/TB26d/mP36aJOF3V673X6U0dBnQ6qcRF/e1SSBbIsGYJ6a7p+NSN7EyxmmP2ZFh4zozvBv0Ux9MgPGwxh7Jsg9EiHbtqzlAv6CotK6m8XBAKBQCDohaPr0/4wbnMEIaWrNdUVs8ASE2hi8srBGlkDCwNva+mTIXSNLkM4tzUFgr4TnRIBWZaDy7cZZt/k65sxW7zPduVE8FgEuhNckYTx9SL6Zo5tDuOmxRI6L445pOiU/nZBIBAIBIJeGOhN4WBE30y4YNa7Y3hrqqtdFYGI2EATs1c6i2CE6Js59J2EatMCQX8SkxZJ145sDErsqkN85T4ioqs3Jkr0zQgGMPKhm4q+mSOHFJPW3y4IBAKBQNALR9en/WHc5ghCSldrKrBvJjJwLBl/30xnEYzgsYFeIEXfjEDQd+LSo+jaMQb3zVhg8U3+vplIRPkzoyK59NhQcEVi7JEfNhjD2DdB6DmMm5bI0HlxzCHFpfe3CwKBQCAQ9ELP7xsHMqJvJlzoak11xaIQFR9oonfFHPwL8IGFkbe19MkYukaXMZzbmgJB37Eq0bxvJni0mAj9hzJ88vXNREV1PaUphvfL9OybCa5Iwvh6EX0zxzaib6ZfkKxKf7sgEAgEAkEvHF2f9qJvJlzoak11xaIRPSjQJMIrnUUwmscGeoEUfTMCQd+JHxrDr50f65vxlfvD7psJ46dUiydoH9scxk8ge5ZyQV+R4of2twsCgUAgEPTCQG8KByP6ZsIFb1MqkqauWDRiBgea6H0zkUdZ30zAIMiha3SZwrmtKRD0nUFZsTAaTcGjxUTxzhh98vXNxMSgc+iqOD7AeCy6E9yODePrRfTNHNscRt9M9MFNBIeINCirv10QCAQCgaAXjq5vYsQoHOFCFCIjEclbU13tqljEBj62MioKwV+Ax/LYQL/9FH0zAkHfScy28msnuG8mGtG+yVfuY2LROXRVPO+XiUN3gj/ZwniIcXMY+yYIPYdx0xJzcBPBISInZve3CwKBQCAQ9MJAbwoHI/pmwoVovTuGt6a62lVxsAY+tjI62iudN5z6F+AD/fYzYBDk0DW6zOHc1hQI+k7KqAS6dizB/0iK4T+U0SdfuY+zonPoqkE8Fo/uBP+SJoyHGLeEsW+C0HMYf0/t2QMp6Ctyyqj+dkEgEAgEgl7o+VvwgYwYhSNc6GpNdcXikWAPNNG7YgK/AOexgX77GTAIcugaXZZwbmsKBH3HNnYwv3aC/9oYhzjf5Cv3CQno/HtkMh/EajC6E1yRhPEQ4xFh7Jsg9BzGTyB79kAK+opsG9vfLggEAoFA0AvW/nbgiCL6ZsIFakfFeltTXe2qQRjsCDSJ80rnDedgHrP+1J4eYQIGQQ5doysinNuaAkHfGTI+CRZLRHDfjBVW3+Trmxk0CIn+zGQeS0R3rEFLYTyMVWQY+yYIPYfRNzPo4CaCQ8QwZHx/uyAQCAQCQS8cXd/EiFE4wgVqR8V5W1Nd7apEJAU+GoHSdEnwJyTyWEL3LQ0wIvWBdvgUGbpGV2Q4tzUFgr6jeFIQEREVPFpMAv+hjD75+iQTE5Hsz7TxWDK6E/zJFsbjqkWFsW+C0HMYf0/t+eswQV8xKJ7+dkEgEAgEgl44ur6JEX0z4UIC4uMRz1tTXe2qZKRkBpokoNufE3hsoBfIrqGPo0LX6IoK57amQNB3nMWpvG8meBy0Hn0zSUnoHLrKxmMp6E5wJ28YXy+ib+bY5jD6Znr+OkzQVwzO4v52QSAQCASCXji6vokRI6SGC96m1KDOvhkeS0Fq4GMrvX0zg7qKYAqPDfQCKfpmBIK+k3miHZGRUcFDgifyH8rok+/3YqmpsPkzHTxmQ3eC27FhPOZ9dBj7Jgg9hzF0WM8eSEFfMWae2N8uCAQCgUDQC0kHNxlAiL6ZcCERgwdjMG9NdbWrbLC7A00S0cufEwZ6gex6LFV06Bpd0eHc1hQI+k52lULXTmzwSL7JSPZNvnJvtyPdn+nisXR0J/hfTmE85n1sGPsmCD2HMXRYzx5IQV8xZlf1twsCgUAgEPRCan87cEQRT68JF6gdlYTkFGpNeRtVFEtJh+P4QBN9nIgUpPkT0nlsoBfIWN7W0qfY0DW6YsO5rSkQ9J2RtS7ExMRagxLTkOabfL+ncTjg9Gdm8pgT3UkLWgrjx7/FhbFvgtBzGEOHDQmdF8ccppG1/e2CQCAQCAS9cHR9EyOeXhMupPG/HaTy1lRXu8qJoWMCTdK80vlcbSeP2XtsamDR9ViquNA1uuLCua0pEPSdvMYsxMZag0eLsfMfyuiTr0/S6USGP3M4j2WgO8EVSRiPeR8fxr4JQs9h9M0oIXPi2MOU19jfLggEAoFA0As9fws+kBFPrwkX7LDZYOOtqa52VQYyAx9babd7pfO52hk8NtALZLw+CDKf4kPX6IoP57amQNB3xp4xHHFx8cFDgqcj3Tf5+iQzMjDMn5nDY8PQneCKJIwf/5YQxr4JQs9hDB029OAmgkPEPPaM/nZBIBAIBIJeUPrbgSOKGCE1XEjHkCEYwltTXe2qYThucqCJPk5EwJ8ThvX+54SBRdcjZRJC1+hKCOe2pkDQd8avGgGrdVDwSL4KFN9k9SYMG4Zsf2Yuj2WjO0rQUhg//m1QGPsmCD2HMXRY5sFNBIeIefyq/nZBIBAIBIJeOLq+iREjpIYLCh8SwuGk1pS3UcVj2XCXBJooXAL+nJDNY66f2tMjzCDe1tKnQaFrdA0K57amQNB3Si7Po2snKfiJNJnI9E2+cp+Tg1H+zHweG4XuBLdjw3iI8aQw9k0Qeg5j6DD3wU0Eh4il5PL+dkEgEAgEgl44rr8dOKLEHNxE8JOQyf92kJFFrSlvo4piWaOQd3KgCW89UcZwf8IoHhveY1MDiyTe1tKnpNA1upLCua0pEPSd8vUFSExMDh4HLRvZvsn3e5q8PIz1Z07isbHoTvAvacJ4iPHUMPZNEHqsh246KlQ+HINElK/vbxcEAoFAIOiFnP524IgiRkgNF7Jx3HE4jremutpVY1FwSqCJ/l8EN0b6E8by2MgemxpYpOqDIPMpNXSNrtRwbmsKBH2n8p5CJCenBj+RZiRG+ibfk7Hz8zHRn1nGYxPRneCKJIyHGLeHsW+C0HMYQ4eNObiJ4BCJrLynv10QCAQCgaAXjj+4yQBCjJAaLoxEzgjk5FJrytuo4rGJKKwLNNG7YnIx2p8wkcfyfmpPjzBdQx/bQ9fosodzW1Mg6Du1HWX84W7Bw06Nxmjf5Hsy9qRJKPZnlvNYMbozOmjJ0SM/bHCEsW+C0HMYf0+dEDovjjmiazv62wWBQCAQCHohv78dOKKIEVLDhdHIOx55J1BrytuootgJxSg7PdCEt54oo8CfUDyOpKDHpgYWDn2gHT45QtfocoRzW1Mg6DuNT5Xzfs3gZ2IXoMA3+fokS0owzZ9ZyWPT0J3giiSMhxh3hrFvgtCTeHATP56QOXHsEdP4VH+7IBAIBAJBLxxd38QM7m8HBD4KMHYMxvLWVFe7ahrKAx+NUMBbTwXjMMmfMK2QZFKPTQ0snLytpU/O0DW6nOHc1hQI/r+QfcEOpi+/TUsUY/tgwA7w/0sqFIvEUIzCaIzFeBSjFCdjNhpxNu7EJpNHiVBylZXKOcp5mc9qGvjY5KOQhzFULxWR7YxO2/ZO29XKGm6rvd/rqwGF/1U/ff7TjZ9/zV36cJLPt/+NhbwkYrfHNsY+EttEx2BC54pMkgCp2xqUKRuMQUmDkJiElFTY7L4/emVkdj0yfBT/4WvPv7pMDVqacwiu9gW5b6sN+HfRc+raVc1nn7VyxZnLzzh92dIlixc1LZxffcrcOVUzTy7yTC6cNHHC+HEF+WNOGJ13/KjckTkj3NnDjxuWlZnhGupUHOlD7La01JTkpMTBgxLirXGxMdFRkREWs8lokCWGEWWuKXWKmlWnGrJc06bl8GVXPSXUByTUqQolTQm2UZU63UwJtvSQ5aJulh6vpafTklmViZiYM0Ipcynqc6UupYPNm1VN8WtKXTWK+rken6HHr9fjMRR3OmkFpSxlSamisjqlTJ1yzpLWsrpS2lxbVGSJq6QpMmcE2iKjKBpFMTXZtbKNJRcyPSIll41vk2CJIafUNFdpmZrqKuUeqHJmWX2jWjGruqzU5nTW5IxQWUmDa6EKV7Ea59ZNUKLvRjWVqGZ9N8pSfjS4SmkbsaP16g4rFta5oxtdjfW11apcX8P3Ee+m/ZaqyT/7IKVrkTaeUFJ9RWCuTW4tS1mq8MXW1isU9c5Z1YG5Tq41NbQNWlfKnFLXOoV2fTWdxPJKhfYmra2pVtla2qXCj4Qflff4mlxlPKVumaJGuIpdS1qX1dFbk9aqYvZ5zva0NM9WbS/SypTWqmqXU51sc9XUl9rbBqN19nmbUj1KanBOzog2a7z3xLbFxvki0TGBkabOPD2mm/NY+ezOM8u4R67pVCBUpUEhT6pddEwFXJoK0NpQYNNvZGoYraU20juyVI0oqWu1jufpfH3VmGl1Ka1fgUqA6/PPglPqfSmmTOtX4FFeTjqLGuX746rbrWZn8yJiLqH3lHws1JfH5Iw4p0NyuVZaFZrR6UMFndv6mvG5dPqdTv4GX9XhwUJaUFtmVXuXFSy0tcOT665RpTqes8OfkziH57T4czpXr3NRSd6sVwaJqiWrc4qzJg0qWzJeZUn/I7vJm19e6SqfNa9aKWut853b8qqgJW9+QWeeL6YOKqmWbZIvJtlkPZcKZW2nMV+ojlYNmTSZ9ELd2GG2UKnUU5gyRbXWTfNqTaTTeYgrdWhf8LX0WddqPjfV8e7g5QlBy0HuRbfK5LAhSyqvmtfaGhmUR0XNu8PpvhmVeFRVO5USFXPoysykqUPbUcBDjU310Ckr4QZU/rxJvsUgQ5svXkPw0pkzYgpVdK2tU1zKlNa61voOrWWhS7G6WrdKj0qPtq4sq/MXnA5t21U2dcrVNXSulrDxOSNcPKe1tbENcibtxmNrY3okv+SqGnWmu8alLnS7nK7qJjqWtvGIdlbVlVBMQnGbi62b1eZh6yrnVW+10mfTuqrqdolJJXXFNW0ZlFe9VaGPCj1V4qk8kS8ofAHljE5Nu2TR7W1bPUCLnmvQE/Tlhg4GPc3iT2No6JC8aVbvjrL0HXnoPqKhw+DN8fitDZRm8aa1eK2P81lbKMfKc7aBPnGgZ3ppo4Wqak9kvme8Z4KnUJos0RnhSe2Uso1sJzBsKmSTma2NtjlbT+5gLW0TPLat+pZm+yxbyJKntXSmkefcLGBDtD/vgc/pOoI586o3FYK2rytZFHN4TUtOBF5DesXEy/kp7upoqbW8kkogz4wssEUGZCt8RZW51AWuNU5+dOpc13lOSnSpCtXWZNSGqfaa1laFXi46Kw1zq73Ks9gIO22pRm1Z6Le12alMdC1G06p6udpk53VI597O9+/tbNobj7T6d6c29Lo38l5lp3LVJ939trFwefdPn9LenbbWts6j8uhUh/Ad+/ygxVh7jb4F8uRm3ROmfzg10D3BIn4tKbySo2rSdWKbdLJbnzN93nqiq6yRLHigD90x9GY5lcYabuXiFw0v+D9qxAKM+AeJvvFW6wT/EvMteS/fVnVx8OKSzsUpPNA9SuZIbzVBx6Jfsk51mU09o8bdaVLPj7mVru3x/AIfr688lYc6+tiZqrY01JOL9HkzvcFFCSdSglK90HsG+Qd1K79zaqin1fhZ9u1JPdMdtEmqExhVUbQhfjhqS4VSV6PUUR3CZtHJtimqkebKIrp9ctXzeqPCezwVVPnTrL61ktYFf9tsqpnqs0X1TS5euaq8vHvPPvfRQN6hslqFrbXVRWWIXMycQsa0+SzVlDWdz2ha6XbVN/E7u0X8xq7Je8tB7upnh2/NVuZy1pCJlKmfSzpxdKEt5NLQyu8b59e56UzEtya0KuNa6YKfT3WVIathbh3Va4pVmaLob3W9jZboJEznSzW0Ia9hRCY3pPX1KUtd7m6bb87sStGnFW6vsUXfqn4ToVb4Tcz6RJGz3KqUXECZ/ODZ7Hn65wK9UfzkGTOn0+n1UKmy8bXpKqryfWx415/OV7X53zDvapRS4/8AoPLelsnWVQTWhLVqQvnsU210YnPaqtYWRckj+EsaiiFwyG45GxNpnt1uGuLokI/blJXieOFheTj2UpDk4e3uIY6t8jB5SPsEh6dDdm1KSMyLK8qRFaqCc3VVSFdQeIDCdpk3ZRbI6ZRuJb2YQguFByhsp/ACBWr4kfJchcIKChso7OU58hDZ3q44rEXD5FRaN5UOIU5Oxn4KGgWZ/EymvSZjJoUFFK6jsIGCSbfjKSsoXExhO4Uv9ByPnNx+w2jyPbn9Kn22adkZefpivXexdr6+uOmUGu98xizvvHS612y81+z4E7zJI4u982EjvPOEzLwWPo+MydtRlCQn0UEmkeMrSZn0GOIYgwN3yolQKUiyyZfikRM2ZWTlbdguG8BkSWbUgnNoO2TWHhOfVxQpadJ+JMAh/VP63Jsjfb4pNj5vQ9GJ0j48QGE7BVnaR6/3pPdwsbSXn3PSyRQ2UNhOYTeF/RRM0l567aHXu9K7iJPeQS6FyRQWUNhAYTuF/RTM0jukVultfpOnK49PpiBJb5NapbfosN4ijZPepNib0pvk2svt+ePytuoRd64v4sj0RZJtvkhCUl6H9FL7d8OpRGXRO00l6iF5KAoxWh7annk8Fb+U9olLHR3S+5sUt+POolHSK1Ap8N6BV2jPr0ChUEGhjsJKCiaKvUqxV9FC4XoKd1JQKVApI7VSUKRdFJ6l8CpGUfBQqKBgkV5op910SLvbs4odRUnS89KTSKYz/pz0lD5/VnpCnz8jPa7Pn6Z5Os13SU+0pztQFEX5oHWsNLfSPJfyjdIjmzISHFpRvLSdzp2DNJfCZAozKSygcB0Fk7RdGtre6EigjTyEXRaQZTs+0ef34G4LPMscnqwSKoAKl6zxkyhGskHZkCV5stbfQotcsq69gWJcsi67mmJcsn52CcW4ZJ1xDsW4ZDUuoxiXrHkLKMYla2YVxUg6pDv+nDHMkT/zdKYUxUnn0lk6l87SuXSWzoVBOpe/8J2B+3Zbe3Y2nbFbPe7h2Y4Wurd5mLXMZi13s5Ym1nIRa7mEtUxkLaexFjdrsbOWdNbiYS0PsQI6FS3MszlocZwnhbXsYi33s5Zm1pLFWjJZSwZrUVi+p0Nytk8frc/K9NmmIn7R0XxSIdU+cZKTzqiTyryT6oTtpLspaPqSh4yUoV7j1HQ+H7ope7J3eeT4vBV0+eykFXfS27ATeygY6A3aScVoJ21kJ20gjnQyhQUUdlDYT0GjYCLroeT4dbrGkeZSmExhAYWLKeynYNLd2U9Bwgqfiw/ojnGnc32Oz6RgkHbSayi9nJLTM8Rqt7qt0+Tr7Cwunc1M19KlfO+zsRLiLfEdLGbLNzHffhODiKII6VrpOl51S9f75te1f0dVN7u5PeshR1EiuwnpBip5bByyWCbNC9CsL4+B3cLnJ8Au3UfzvHb7XFotrj1rhGMbi+VrbXF8Z//A8Ym9Q6Lox/aHHK8pHQbW7vgbpdy3xfGK/UrH07kdFkp5OKuD0WyboptutRc47t+lm15CGbe2Oy7isy2OC+1THafb9Ywmb8ZpzbTkiXPMzprnmEbbK7UvdHiaaZtbHJPtpzkmeq3G8HW2OEaRC25vNJucHW7Xd+pKp5TNjjFz5uR3sCWeEeb15mrzTPNYc555hNlpdpiHmG3mwZYEi9USa4m2RFosFpPFYJEssAzu0PZ63LxzcbDJymcmA1eDHrdKXHk/JK/6mEXCiVAHyeVSeWUxK1d3NKB8oaJ+XenqYJHU8DO6ihl9sqK8qlgtcJd3mLXZar67XDVXnFrdxti1NZSqSuuo6VJV3cE0nrTWxrtYtoKx+LXX2Pj8uLXX1NQgJemcySmTEwrjx00p7UXqfOruIiUoPqRYXV9eWd0+5t57hxTXqHl6XNMoXq7+knfFbGX/Yl+UlW5lX/JZTfVWuZD9q2w2T5cLS2tqyjvYXN0OCvuS7KjofKnbWehTmttBsaR77W712mXS+mSXwWdkFxGBTN0uMyJCtzMwbtfWnFFW2paRodskK2jWbZqTlUCbXZlkk5mp2yS1YJdusyuphduohbqJ3U4m6XbdhKXBrpvYWZpuMrfLJNdncmWnyZX6nmTWZWP32sTs9dvE7CUb96HSVOx2s00TahpqeTdWnausiUKdetU5S1L4HbnS1lDj69/KqlvYsITP6Z60xtVUqja4SpW2CbW9ZNfy7Amu0jbUllVVt9V6mkrbJ3gmlLnqS2s2Ta04IT9oX1d27uuEil42VsE3dgLf19T8XrLzefZUvq98vq98vq+pnqn6vqAX9YrqNguKa0pqvfNNUlQkFds6uo8vTrKuLNTL8ARnykW2bXTrshFR7ho12lWsxlDgWTlFOUU8iy4tnhXL+yp9WSkXTXDatrGNviwrJce7iuFetbp5NVLKlpZ6p2aCklat5ifcq+7mH4PyylRPfWnzKqBcza4sVydT47fNbKbUOn5I6nh/WlRUWYe2w5s4khLH80RZ7jTkaRN5WkSEz7Dn+7/aNy/hV0GL9NAm5klnq9BcI6vp5VUS1QhVvk6hbXRjxT8rmmvoAJuZmzX7t+Fz2+2Gdxn8mP1h1WpfzHcuVvnm3jVplWb/KemEnyx35xlbpW9WP53u2uqiWHmsnIsiunceRfMcmufQPI/meXKuJyHLIUv5jghLviMqstRhNpU6/FutccO4DakU0oy/R6ohCymA9hGFj/n8wFLtY57P59I/qNbs8AVgI+5nS3E/tuNR9gWt9QC2YjP4XVUpbscFuBFX0CflPEq5ErPpZaT0G1mqthm5uIs+K+/Cc2R7Ci7CNiSxFO0TXIy18su01lrEYCgdTAVW4Bp2krYatdhjuBT5OAlnYiVr0aq1a7UbtN/id9gqP6X9gCikoYFez2n/NL6uvU0noBa/wi3Yw26IeBAe2ksLWf4aZ+NWeb6BaYu178kDJ84lHwyYgefYDslNW2/CRyyFXSCX0FZ+o6naY2Rlx3wswa3YxsawqZLTWKvN0J5DEu1jDW31FrRjC7068Be8yaKNX2i/1b5AKkZgOh3PZjzPdsgHfrjkwGQ6Y0Y6S8MxjnJW4K94Ei8wF3tEWmGMNuYZPcafaa9gMI7HHPL297Tm39k30kX0ulh+wjBFK0YsnZdf8LONx/EeS2O5bCabKw2XVkh3yGfDQns8nl6NWErn+2ba+rtUGLdI0dJu+TeG+wz/MQ05sFeLpXckC7fh13iExdCRKqyZ/Zy9yt6XSqQF0m3SPvlGwx8ML5nr6ahPw3Jcg/vwDUtgBWwWO5UtYRewK9gv2C3sOfYC+1gqkqqk06X98hL5LPkvhmJ6VRqaDZcaLzdeZfr4QPWBxw68eOAbLU+7HLOoPFxC3v8Kd9CRbcVuvEGvPdjHjCyKxdJLYU42h51Pr4vYNexutpH9gW2mvbzA9rFP6IPtK/YfiT62JZNko3spfkflks6mm9Ybpdul3fR6QfpM+k5OlodSY3eMPFGukVeQV1fI19PrQfk9Q5pht0Gj85xnXG/cYNxovM/4qPELU7T553TD8Ox/f/ND9g/vHsCBdQfWH2g/sFl7D4n0HtJnELXhJpL39fRaRu/3eipxD+BlFk3nLo1ls0J2Ep2ZBWwZO4utoTN5GbuV/U73/U/sYTpLr7H95HOMZNd9HimNkYqlmfQ6TWqSzqJ7uxukzdKr0veyWY6S4+REOVueKs+Xm+RV8nnyelmVn5XfkffJX8v/pZdmiDQ4DEMNWQa3YaphgWG14Q7DR4aPjLXGZ4wfmiJNy02XmzpMX9ItUqG5wjzLPN98nXmL+RVLHZXOnXgQfw78ko/tlS+Ry+QHca002pBKraLnqTwvQKM8Q6KSKm1k66QL2WYpw7jGNEGawE7GF4YsOtdPSBukr6UJ8gxWziqxTPKNQ2QabLiXZhMNO/G54WE6tudpy2tM0ewiab8pGu10wzWO9vm4PMrglp/Bm/IeZjbchbcMkSyZfS79Xq6gUvAXQ6GxGk75dvxJPotdiAelMiDyP5arqRyfzO6leqGK5bFvZY0axCdTKcqX38elOF16HZ/TdbwON7FGw2Jci9HsAnyEe+iqGG4805RtSmRPS0sNrdIgthmS4Q90dONYBpONg3EZmy/fatovvYHV2G2IxLvyH8n73dKf5BmGL4yz2RK6Ai7E5ThLuwTnGasNL7HFkNlcZBr2Uu12gZxncNL8YqpVaqlO20JX9zaqB4rkGZSSQiXnJCoXc6iGuJVeN1M9YaAStJSu8VOoFnsem01VUgcWG2MZ1TqA4ZkDszFPuwe3aItxpnYDcqg+uEK7gLa4ER/iOmxkaw+cj5XUOn2Dru2TjFOk3cYp/4+RL4GPosrWv/fW2l1V3VW9b+l0Zw8N2ToQAjEpFAKILLIEE21BZZHFYQkg4AKyBRAlbriMT8UZR/SJCgkQFkecxxMdzYAPhxln3N7/j9vMxGFm8tSnpPPOvd0dGp35zXS6bp2uulV177nfOee75xb0DyHbyXtkGtl16fiCtguxD/0B/l6EH/XCUbSd/w2ahhr6d/T/GtBdAh72UXQjsN9z0Msv4QnjuOMonpxE9vU3ckuhvx+hq/uf7c/FVnRz/2I0GR1Dz0gCukGKwRi/jP8L+nsbmkum9q/g5iYXgB52ghZM0NZK8D/b+GX8Rv5/0Q6w+V3gb54Cu3keLIfaPmJJeHCGAl1Sl9DlnQSfE6Uu8qjpRAJ/jkNWiT+HkV8WhXOEOwYgs4DLKUO+mP5VXV/dJL23bmJfHWoAWb8ARWVF1IgahVAAyUcXItzxC6aAvkMR/jh94+Bl0MVOiGECsqBdL2+OXbNPZBl+goQu8pKpyHWi1TKCrxNHYFx+ru8cauj7tCG4L8TOFsFZgkSr8hZnGSEM5+vQcKjH1RESwRi/ZbUqd0V3PwJEHVqVqJuo9+jn4Bbn9C9RQ8NEve9TIOkdAhAorNfpdc3NlRVBGCbJFGHegXwNDYHuqvKKymYnZ8QNjhsad39W81H1T07hxZwFj0kevfB18sHubujD9VwHuZX1QUEP0D6AGvu/6cgrrBa6+r8x84pKqxXRCsMDk0BBEJUvLbLMcQRJcp3VbllvIRZgOqZbs1dbPsQcX0ewqRnV2K8ue9ZHmx6jGtX7Yok6plja2L46KLDhqK2lW2UFjsWCpop5yYoEEaZZqQ7oJ7y1rAPQdi7Oyvaq7iEfVHZXcB3Ye/588otUSUdiRv9nvCEcRzrKwUk2EiS1/BII84IrrGleaObnnXY7mUEF069pIBlIpUeQR1WhVOkxVA7MpRuKbtTQ09ADWk2N6aV36oU7ifROn3ZqGhO+NP2KItJb6vQI0lWVlvTYwC0v3tOcxIttZKuy1f6mTbBIio+McV7lvtJ/RXC68zr3df6pwUXSIuUm52L3Iv/s4Bpyq7hKWWtvEx+Rdulv+n5Hzopnld/bAwNNGqX39yIVqdhETcjb/1cYSyUtfwOMR8OmaTR5Wy1mNL+6woKRRYdxG2WFizIVLUDKWMVDTZb2XENV1S5sdjYZNkVJCbKmgdDRZLQiOuAq3CmCaJI4UxXJ6aooVfVgE2oPn7ybmhZ0PRHrgZKKiWVMTKsCJ5ahxMvkipfNKdd0ihG/HurqP7+fRJSf93+MPLA5YLPDNpx+MGzNzc3BfZqriyvvXKxpfACE/Yt5IEANsYYYBYzuGBav8ngcbp2I+XnFRU7dE68aZuhF+XmSOGPRmadW7V9x+cIzu99dc9/h526//bnn7rz9ygQ5g3l82QuzOpL9v0smk/+x95FD+N+SD//5PFCThV8u2AI8vA48qQQYC5Pii7ZuWgxd8zmd4gyNwsIwmPCladF1kMIuIUzh5qUVwmF6NhyywZmwSlES7iJHTZVYvd5Irm6A4eeCQZS/203LblRO1RRroOWJKgpEMvBA1eEg7IGmxW6QzHM+NhWHk8wIu+gxeu/9cGsKe0UhM0D4k2mjEP97T6PYpM+jT2MPM8eOFEaKR4VXxaPSSfnNkDRebVan2xapc2xrHWud2xzHHJ8EPgmeD6ivKoecJGzVZVH8ZSjgCoUCcijAYSIHQpwW1rvITzsmG9jowr4DtJ2INqwDE9V6CWitWaC1DoBWa7K2es+Al6XAxUfJXSiCdDzcVI0DDcAql5B1hCdHSAHKxTv3MaglensAZHV6bwpj4GsaevoS5wyHtxbTos1WFrPdoZ+g7qeyIg080xLUQ3qOHtbFnwPFlgBuMuwtsGVQN7wZJXBiOWCPDq0WlCSNhLu4eOdioro0hkFXGoNGrREHlQIUC93Ropphw+A7tBrQJ0rFwyg03S5RlODLSxdqiLfwJ4/9ec+jt214HB92fvPOma/GPfuLp68L7907qu6m43ee+GTeogce3+489d4f9l7z/LGfbr2hEpDY1P8p7wEkxvBXWb5O8ftMOr6+EMLURGMq/MCl+VbNrtrDVmupOxziw6UhoVTL11SfHyNHRKeeLyIVUZTQ6kXl1FN1l9M/5KgFL9yj90Bnel7XX3fU6idiVXSj+KgQNI82Rtui8WOMmcaqIDfVs1hf6JrjWamtcW3Rtru2BZ/RrIqq2XgJw/MwBQJdeD+K6VRFw0M7VdXN+46QnyI/udm0QOsEaJ7muAQXjixcOLKcmaN1VmRJhER81I4i66VLLpKyLpKyLpJai5gHLMKoSC8i0OveQ/T6ovYhvi48fL//DD6Ch0P8O24qA/6tfXAXvj8NrlgPg1fahfXGEgOerO8cNaMenWEtBbUBeO0XIhxYJ8CoGScARssoiCBw8/mqZrcCdg4stttDpTxIhxaXan6fL+RmiAoxRFWVxymoymPxqlrYxamPq/FQn8ZQJdUMiBmAUYRJtET5eUVNnbkPLVr30tN3xK9yOZTWri0LF+xwdUb/8OLqXy6aN2dDe/Lzs6/1442+R9te3nD7btcTZPUdN23YtCly4OT8/XNmPV4WfuXe48n/+ZRmNWmUjQo/Aw8oUdx1ODO+35ERnGo6CDgyglNl0YAe0bTDdEhScD2MMKhZo4DFIZs17HaHHNQdKnaeD4c0G0aSr6v/DyxkM4FBmzoqCk2qctB33wmAI0VjtYM5VDsrJwTW5GzP2eV81vkf6ln190HZ4vTZBgU4p9XtcDp/abO7bE6Xza4BIk0nfbRpe8pGbDa76cbpZhyy8/gMRSu4LdOgDTJm6Uv0dfpOndf/ZbT5GNp8GPl0H/Fl0OZrjziO4aHIjh+CmsP32w78PdTlXoq6S3CXACZFvRrTQQIwkaDssE0uiwng2lC2a+u0VAgVyhHwaBxDIMXgsgRNzrAP8C6EQprTBpGBd6ew6HbbQzwLryHN7gAft3+xnc+4tnK6xYFTpjxcNhABfc6oO8oBApHbJUHsLZrxivvRxRs69+6YuaPkuXvJe32HJm+67ziWV9zT+0YfXq9vv/vE04/tn9zgIX95IbnquuRX75y8b//H0P2JgDQ3eLgcNAh/keXjcu04FybFHA6WhE0NaxoEvqCQF3Zp1jBGhToNiYzb6WGvTqHjZR7Oy7idN03Eut/t1v8zA6FEj34iQSE0ZJEfj5ZM92j/6EiLY3pkETdHmiMvdMyJrJBXhjbLW0Jn5Xc9hhShY1gM9syoXz4Nu0EqRdkJ2qwpGoGGBfGZWRRA1LdlGompl0EHCi/BT2EWfgqz8FPYqjP86Bjpuk6gb+cPUVaptw+2wn06whmjC2dIWhiY11F2nzCuNbUG7yzvEu86L+/V0xVAG9QYTVuT10Nv5fXQNnu7SEFHbICqpbxaNt56Ui6OuTZQ2AC4DtNQ2VkcyY9EuzLoojegXq45eABjwaqVMExpWtCVxzDl0oICc25B4SKmqlJowlJRMWNpokT9mIMGyvw8ZOg11KthVxbWuO86fIPHL2oaNeNGMurY/M6+W09v+u/kuX/b9vneD/pqJt87aflPn75t7fP8NNvCiokV9V++f9Ps5Nf/tb3nTjwB346fe23PLy58kHi+ueuJR156CeaK0wBvfsCbF+WjCvL6RcR1qigYLqPhFDgcmVFW5oiGRaEk7NDCFpVCi84GDrLZRMwOI8T8lT1DuqjATtp9HD0JwziDy9TiBsDKFbhVWt3N7uhmYHVfnDVcOiWhbK2HTpvSM5NDrCFipiFiqiHn2AyFCuxY+vn0GAgXzDx6kD6WXulmXtPNenqxf5mHwbNweboBmY3ay8ShHlzqGe8ZX/Sp+kWFYKnAd6A78O38CnmZslxdqa313o224x38FvkuZZO6RbvH+7bxutOhorAPqfCkp8pwljIvsYhwlkWEMxZxsCnc+qoFW0Y5yHwUy6ody6ody7KfWKvdjID92DGy63Zi78L3dVb5MkbjyxiNLzNd8bW+zGGui8zvKMhUKshUKshMfwpa3RQMNuqo3aabuNsrT2a8NHPNbJrTO+CpBwiCozbBVJma8g4YUF7/x/tDkQCYz/5IpJzuhkSAl3y8rzTC7CnlsRPLl6FlwD07QHNlzKCCQdFRwgzKoYlRZlBilkHV0qkzLioaWp0mnBk6gOCI05VlR9lGhRcuXfzpq8f/sOiWtnuSX733XvKr+27csujmzdvmzd86Ynz7tLv27N2w7lkuWPrIwqd+99FT8x4uHXxi67F+oDLHd76Gp9+8aeOsm9o2Xeif2D75Z+s3PL8nMzOnlhVGg0jLxXnTISUX4mKhAVHxKwZLGh6ZRwXhvFlCcekzGDANNpc2fMbgmFIStttybZNtnM3mQlMwZkRX02FehWmQzqMTDKrtE7FEFfNVVUzhgFlqRDr1/B/858BcKqsRF4mGOYgxDYPZ4j946qXP+t6jyrMfZI4dEbjKY+Zf65mZP49b7LklMD9/beCO8I7A3eHHPM8FjgX+4Pk08lXEeZnnCc9eDzeidI5ISsKTbbMoIwnRh+AzU1JxpJM+NndUcRb2c7Own5vBPpVxLVKy6in9Xw3UU7LqKTCZMi6lKe2DaZQ6AFEqYwWFGSsozFhBYasxYAWGaRCjPXaJFUDwSFtAGv8DZOVi8DiKioGV5Pd/3BGNiJHMHGsZTjSz0MErtlToAJ0P0BEWQ7JnWgOhI0VE6snQ6mIaM2CPAPgOg+UAijCDt5vhfulez+03TLtjyjA87OgtBy9g6fWdPbet/cvTL/yOvPXMitX7n7v9jt14mr72R1et++1S1de0CMu//QjrjyX/f/Kvyc+SHS++ylX/+OCJx3dA4AB8HwZivIUvYvnGSRTfZoQXkChZiFjHc3VY5K2kDggrIvRlt90yTelR/wAxtQHmVgwzzCUEDwi8jEwYhfJAd0M37RPNecF2uLu7m2vu7r7wLM3Y9fchJDQLR+B5NrKdPnFUDnDpb7Km0hcGZEvWcSFL5jNyZ5Msp4dZ5NOCBEd+nr7k2xRsoJqoKD9PX9ubOUjUzEF88aBoTcNF8mQyQpnJgCKmH2G1pgUhI1hsmWZkjkipI4easM0OcZN09f+1My18wzwFoQG0mcU+FscEVpbrFfp8+WbLbH0r166/KbwuHtfP64osNOMmMkW/WXlZ/5v6N+1vNguv8hpv4xSrReB5mKjKoiSpIMuiKmGEaPrTzjKDEUl1wSnCcfSYmx7jIrzqgqssYUGQwyIndpGlMKmT1S9Mggk5ghXwiorpUCNorsRNncKf4j/iuXYe810Ym8oU9bj0kcq1q1ilv3W7dEoi66T1EpEesJ/9TQoiftjg6wOYBPx6Tw+Avi7Q03CuTu+Bb5tQFosB3W8r87F9KqFaW9umnzhhO3GiTUjtKyvwhJeVaRNeDl/dkrK8lms6eTsnS0f6z9NUbyrCLKeTgn/8Ce6TxS6u0lQXyzLCgFNZxQTaE29oYOkjQGs+juN8Lso5o1xRsShxJP4OueaDf+/78e738F8ebcwLxYUj3zbiY8nRpAXvOnzrPXeDzexCiP8CsGwwpv9hKv8MADNLaeaU5xvzm/Ln5bdaNlnEBYGVwlJLq7JR2KiIxR4L5yseFPbkWIA5fJ6F989/mNI0fU0Wi9MRHjSotBSFcsIwQLnhsIFkH1ybHLjWl+VLfeAvVXattclXJKqUuIld/Z+ahTRMiA4aIkSRAkGUaUtFBj3RRWEpTi+85L6X8vvMffWmwiI1RO+rWundVApmld5LDQyGNv6A21sz1D0cwey9WXotSoXPtMAS2F3933Yy1KYEkQrnTSvLSidiI6/LsPwYTclDWTeJ/Z6YymikPheTZ7DB+NbpfXU0iNLclqMWs+QGJfmx4H6LYxBMEQ8sdjgwSiXEkIxz2KyRISRDSAAhcSOalZuwkXwcrUrlxoryo3CuhrpvKu8iRXveap03f/POmetf25F8AF921/ArJzRueCL5e3zL9UVXtIyY/tCO5F7hSPPhudf/LF58bP38fbMruamGZ97E8UtKv3tKUocvapy6phL88xPgLVsAYXaUg1P+2RHJxVfIKRwYetiOZO8l43Vp/jwzXrlN3qKIBeeyFJuFKd9iZesJPnaEDR/zRYHcHD0zaro1nf3QU8EUhk//l4fv68zwfZMZvvDfGb70z8QlY1ZZccUacxgXlGRRFmRe5kW/L+AjomIFtFk50e1xeZweTgxy3ih22KDwyaEo9liNKIL5Wyw2CD534URwH9L//qCmx9Pr8XpgnkZgNAujVelUJ0ziok/g//33ljubV7ROWntf9+bkPlx73zOVYyY+vHjS3uTbwhF3zlU3Jk+deDaZfO6Gqr3DKsd88bNPvx4UplmmRxAS7TBiOjeFZZnkQUpKhwSESzJIcv9XpkKVJds0gwWGLzupINAMfAmVVAc9LdhVzoIwkS2KDckWYlVEqn1FpxpXQOMHaS1FR3RBJz0u32TG5ULnJetCdBbWcPy4fvr0cZrki8XY+lUMZdaJcqUIcwis5FjJs1JgpQxRzMynEmHGzol0jIntYhSzslLKBDmZDn8uy1IKWI1YHdV2Vggqh7BNQbKMiZV2nN6NCewmR0kTciCdNJkaYg9CYgZM7LaIzuliveW9DDQNdXWpziRSvcl6uShorkPELrtIUOZXqVvUN0CV6nh1vJ0r5Qu1wbZruGv5VdpqW5smK0SQa7VhtslkAjdaMuWJ2uU26yPkUW6XtEvewz0riQ5it9kqBOISBCIDua8QZBBldap9KjYhbMqyBciDptlsOh2n2Y71DuI4QvaABVbuFyJyF648oFqsGYKRZhGmpckaMdV1ClaOQLdtWIG6pAt2MPUbZc2ivoiZs0pJBYrYl+pY7yJNhyLCbGG9wAldZE+HMbLZF/ND9O1N1Pn6qHmx2Au/Alk/zyXoCmUdW83M/AUgQtOY3HYHC8mwq6xAA6H3mleQ2v8dIPYsMLizLOROeFmFcyUXw/JhpPV/s89mpSfZ62Fa/7sHo7W2wdFarQvEmlpbVQ0TDwyBo0Nq0+9ZQexGyxKUOCM6XpoC4Vmgr64SezpI07+GlMVij3dYDY4a+QbOx8YjuABfW+HxD8WzsHA02fRS8hrhyHd/vW/clB9zF75t5N/6bij/8XfUXz0OfjQXrNJCCLNKzpchiXIm/u5vcih0WmB1uqtln+phKY7PO9NCr5lvGJfPkFVWApeKSDKwKplIHCdbeEIsksxz4Im/G/DEXJYn5jLHDzRxEVEEE/8Ts1CBGpRCTVRI2Tr4TTPADC4RUXBEmaLMVpYq6xVBkS0Zt2wZYJ0RzJYzNWjyP/HKKU+DeGZMf885Wyl0Ms45lojVMbwAhYsxN82cNbM1B00DAFHjGVhSfuMwzc8eUo1qOQIFYgnaygrqigEJnbLZWAsqPH6wsVY2q1JiVa2U568Fn/fhQT+IVSmRHs1noqnk10o2F2xO+rv3oBPEnJSYA6Kbit/sc6dRFMNZVp8CksoB15MATDxhOGpgZC8VyePYiBsAoMdPcuTIyQtJQM1d/DpAzPrv1kPU3Q1ogfiMfCiPrGNRN+pQbNgxLNSSO0++JZe3sGVymZUSKwugUyzysYVUKqgZQckIjq7+/9fhCFTD/nxHXnG1QX/nFFfr6b09vYfzv+3IKUqdh/p6ek/Pm+NBKLRdGboyMk25LnRLaLlltW2NfbN1q/1h7Tl7l/1z22d2HRxyxLC7DMNu2FWLI0iiAY9VdNC1V8FnsXi8AX/Y+/P+41lM4bjpptjwelE0L8w05rPbbXL4EnJxaWorTS4ONIWLbI+LmTcUxAzsRJpc9jOWKTJmmYgULC1YX8AV5PnID/JYAwTR908ZRhrL4j/Ecv7IPam3NzJUY2KKayQYvP3nfGm2QR1fmiPGYn3wo7acrbSmFlrpagQlipdMJSjAEgBq0yqb9lq7PsJwjKCQw8uYz7MBcgP+WgOw7YDNZoZq9TwXbLmwDYC1GYin39vFVZnKYr8fYTugFOfB7wGCkpqXfI92Altx5nNlBAgKOCPgKyzxFd1Ntp94e+0vz0wsmXFVf+8vZvxo5pDohP/GuzfvmvTwT5IVwpHJb6x5/GxOYcGklclluHLTjuGK1LeSi9esGXvzFkB7Y//n3EepWQxxMrTfbiW8VqhVa6M1YahraGgmmW6d6poWmk/mCHMtN7lmh47nviv82vmB/xPnJ64/e//o/yTn49z+XE9ubixQ56kLTAgszW3PlcpIgVbmGUGGahPIGK3RNT4009qkzdc+ET/zfIt7bTp2czZFt6NgSJEMZHWHOMU3ypqV4fFdnOn74hgdzeAPZuWFhh2webGqPSthZM/UMwua7IW6ftrAumEas431Bp9r0mR1igkbDooyg7p3g8LMEG02mjZj55hrphgzbPR1CCPDTowMCzGOZlp3sMlY4ZAHlgoz64opcB9schRIeiYtoLNa5simV2HS/JHUL/G5UoM0WeKkMG2X5KPYlsK0BRKjPhJLI0oBxqv84eopWdBOLEtPffqyIJpYBnEe9uCz686l8rd1dGOzH4jqCUwjbnAfR5dpTetiTsE2G7IqQZamUiQ7e4Ep1hB31DKiHB1Kk1BFQ6vZmyle8Jw4OwU7fO6Jdb9eufDdjbN3lXf0RV5YueqZPbet3r3liR3f/eRJzG2/ehSxfdtIHG//8rXXf/f2CcqRNyNEXufrkYHZSqw5styJdR7n89X8Ffw0fh6/ghcthmyRLZrTsGiIk7ESEiUsIqulpF3Gcl7EiZ0k7/vv94Aw8OpPYSo06vFh1efpP2mJoNPoY8QzCpkhyaZBhxvxGXeSZsx0tBHFhIemdtPUU2auZZJj7ImsMEkHgM1jzumJ3uXngFs39Bgsj8HyGUh/s83GmFRiOcxGDiErFi2cqHRxw/YvFiW2PF6VpjZxN1008kpsKVJ0G5ufrl/QcO319ZdfPvJ6V5gv2r1s3Ihni8c2zF7e9y7VoZ98QLYKb6MQeprpMMjxqo+s9H3i/cR3geOtAg74fZyk+fyOwBFyAwrh3IOGVtxgw7YjpAtZyQ2my8DB0Aip1PUq0kptxcif89zNDFwTe3v0vp5eiPd9vYlzel9fqkPe2lS0P+AzQpwRoCu18G0GH8kAdUDTAtYA6sK5+60GpsztXFVmoRWmVgU133+PRIKOSlG3XyxtwJFgYePoy0e5H87ZueXhe0YOeWpaPt5APqitbXonXBqrqC+/Ql+yYNWM6ROGt15WsAb6HyVvkS3Q/xh6ifXfyJd1Z74+0W73CLi4Amocg24K0PNSmPaqOf7iWYElAdIQwAHafw/035+D7U85SyPFcmnRR8hfGijGpcg/OKOEnpQW+nqZGpZTPfSmFhEv1GLoOs16mhrGQr5uVxRdF4RS6PuhnIDf7/HkMAUY8fK4fo4meeP0rZqBZK/34vsPYn6N5wcv2LAUA7W66P2uSGzk2KZxM1W3TfZcPaFu5PAG787SO1a3bxx7RfP0J+7f8SC3217nCU+qqaoj+Ee4LlZYPXiEd+H0RVNqmpyeuaMT25cAXvqP4EK8B59BHPK9ggj5M0wo/whmeH6fgMt1QC59my06NIr3JB34S1z4YvoaIfjPrxGC3z4p3HDxGoz+0TWfXHwOSh7BjRevkf+Fa2T09RE56xr9X7hGR38+oqeu0dE81MJfy09CErLTf9OKilE5qkENaCyajGaiWWg+WoJuRevQG+ZNNy+eMn36ddesvn143dIVJYNnzym4apwqjzZ5BLEahSIFdYMLCgbXcdeEqitcuu4LTbpy1fLlN85rvPzOtcOqfrTQ4ZnaRMQR9U3wl3d9SzjQsnZhS8vCtdy8PKttUFlZUd48VP5hd2159+lualnl5eX66W69GywNpG4qZm+sHi5P7fVfpep/r/IP6oMGXPl59L+fKk7vnem9N73PnJe+9/v7+++f//7vwu/dP/M87t2K6uqKB2nxdbwyXllApWRNFXz2xisr42QqLfsC9ADZOFC378WK6qoqVhm/Qc8lr6Pl17Tyg1TidkFRAb+Sv4nHKz+CH/hhEJrozW6DAr9SVT60bxxID1VUVJNIulJSAuFzetl71RXVZSBc/G/Y2KcSEJTsRgtxnFsEBCKIcg+iUlUsdenHwJFYkQ9KHpX3vN+Dy3s+pBCjb4pEjOqaYfEIV51a/ne7qHnXDMPx8ZN/nOyGAscfd+XdcEOeK1XiP+6bsxivhyK5fkXNrFnDV7AS2pI8Dc+u5JpRGDWbuUXuYW6i695SyVAdpTZNA1cmIaypGP44axe5odPhcnEGbZsNcVAGWdvoOy49DBsGneqUf9hTBQeqqnTYV1YkcA1rXsr9sJdepIw/pi+cJk+3B9Y0lsdn1jc23jMZn01uz5vcvPTJG1vWLZk4HV/mWFBYOrr+atOP16x5Ymj7ktuvaowPB629Ay0vB615wK4mmXavUSqEoL1YKQ0hHIa2mjZJkNqlpySCJSxx/qPQXjtt9T6nHZW/36Onmpww4iBBq3vi5T36+z1xUDINim4aHVONjBg6Td1hF3Oi+Xk450nHTY+XrVs9YerMaeuSb+H6JRPqkyu31l+9cyt5SZp4trF+9OqV40bjW/CD9fHkLW2NozYiLnkWWhyDFrtRPviBcaYbWWVS6vG4SgsGyaWhkFo6CEYcWt5RVhYpos3VUQSay+uZ5qbeLmAN/ZCWBl0J44ApRVNNHdDp0OoaV0rnKYhwWb92bMDysvHX7Xh21tVr10ydvW9NZX5JSX68PK8o9FBDaXnFIPN+Yi1vfbW46ubWIaU7WxuGVV+2/MHX5nmD5ZUhny+Y3L4uJ1pXnxem2H0f+lQCffIB37nStNEB0Epz/M5SwE0uGwSLZHnS8pKFYAu2CEEKHYNFSXcaOpcOwfu0WzACqZA1NNMZQDuMAcgY1O+GziTff1LMKYg/XLZmVeOEqyfdiYckTy6ZZOK712+8awMukgKeHBiFK9asGjs6+UBycX01vr+tbSNdgbyu/zPey1+GnICbcebgRQ7c4sCLVNyi4jkyngFfMpcQobXdi73eaE5rxI7trrBVC4RRF5d6OQGXJzKrs4nUB1eFCcvR55WRodX1xJlhq26Xh9Su7lg9smFNR+utHbfWNazZ3/rA/e0P33f/ffxlE+791aaNp+6dMOHeUxs3/ereCRfqT5984/SpN0+epn5iHELcF9DSEvSMOW98IV7r2e4h2914jRvPNXCTgbfZ8GobHi/jcTzOKy4pyWndLuKR4m0iKRWxiBVl0FvF+LHi54uPFHPLiu8qJlOKZxeTy4txSfHwYlKMHa1O52SMsVPMK3Y4ivWw7wj0sJgc3QezDNpRQBywShiYBIVcd6qvDnoQ9mDclJIkBj7RKPS8pp4bWl1GqKXXc/G0WiQbJ0W5Ly7Mym16bO2SDWNcwdqW+v9xd0ljVj5109zHF9aUzNjY0rTyyiKJ7B+25ra1NVXj6uuLC0ZV5PQ6W+6eVVE2ffX4cQubriwtqqsa5KS6uSw5h0uCbuogdt62eSTeXIM3DcPbqvC2SnzT4NbBpGkwHjsYLyhdU0quKcAL3bjVgec48AwHbnTgbRrepuJ5HJ6DVgAkIrWtRdFIpKyoSGj1+ez1Za0Q5VrvtOPJ9ln2JXbOXt5QhsvKYqguGo7k2PUKHefoObozFq4GSHQ4w1ZbWl0pMBvxHsrJQWuguQQzVPpmULyc8jJqx4lstWU+OMxlIFQ8sDxPNSlKNVnygFpFifzJnDe2cMLmAwtueHrNVcqBQPtqc/GUIYMmLDADZqFr1K0twwoaple2bnd2Oqas3DXz2keXXDZnDt6lmdevbpz77NorRix+5Hr/A/cOmrJ07GULropZLU/4axNjhs0Ymbt1Q3TWvbMqhs5um9r60JCUxufxMl8I/H+rOWG1f6uflOjDdVJjw9us+GbraisZb8VXWlosCy1co4THcLgF42BQaHU4lLDf51NCyOtVWxVEwj6vorq9qup1c/bQEXIUBbhBHfawnNYiIxtMi1XgEiCUMFrLVMjiyUWNpd6dRPl5BcXZr/iyGINjbe0HsZ7808cHk73uVzy7frT9+Re3v3D98+3kN31d+Px1yeR77yV/deot293bTj382P57XOSvLwIYbgT/UCq8xt5te8ScX50/On9TPleUj9vy8Ko83BbB4/24wI0Ft9tNFjhxm45X6XiFHe/Q8AjtSo2MseDp0hyJzOHwNA4Px9gAFYA/CYI2CqPI2xpRsGI4wmFgkT5X2Cb4wrKWMbd4z6+qqHupSr0kw5zhD6HCek7XkdjrfigKs2QasoiBs/wO9t32aeeFb985k/wNxG/00099nZUnt53EjXc8+ujGW194nvT+IvnVqXeSv4c27sRteMfhTv2L5JfJ9/ra3rznnqMv7bzvFP13YU2gjyDow4PyUBnaYy6fU4ZnwHfQ3EFkUQluKcGLCnBLAb4pD88N40UhvNCHN7vxCjfe4sS3OvFt/8fek4BFdV1975uFgWEWZFURHy6IgoBi3LIIsgiGrYBr1Dgwg4wigzODiJqYZtG4JSY11hr/NO1nyVJrbWr9U2uzGGOT1CRtzNaYZq/WVm3S2jR/apj/3OXNzHsMhk0BnXP13XPues65555773tveObNZmG1YZNBaA7bGCZswHglLNLIGOUaNEhwmZO2JQlJSboM0WU0prqGwlk7PEaP1LEJo0cPH5IQoRmeoPEq51zsFJzunU8LvStgAAUtxOqIKDV7gWvSdd4Xu0JG+SnI30nDiT+y9YsT77Re2Lnu/b8efvbv77xu27jZVrNhs3Xdk/tvu2vP46qBc1s//m0rRs9vfj1WnXPqR+999MN3i3O+a7FuuGfB8nXfDN5z112P712zbi/YUGWrla4xcWgE2pa1cKKYLwozE/CUBLxxCE6JwYNicGgMdkfhmig8LwLfQlR0pxHnG/EEI54Zhpfq8C3wT71MLcSHu9C2OBwXp02KBDsa5tIOiByYgFSqodHkNauEUGlR8hqPVz+ZZC8TQDO+N36I8cChbxTZoA2I0PjrY/F1Ty8/0IqF37+KR7f+4+JPPojbO/r3P/lF6/G7dj+6Zu3PHsfps5fisLf+hGNaX2htbnW1rvrV08bTOB3rhv/m/gdeeP17W/Yjj0f6pZmgJZ9pBpr/KgjoaErz32YAHYOk8omaFqDjKE1m4xjNc0iLBkYTmr95CvmDveUH0nzy9SwBLfX8WbNccwKNhzPWmqzizXl4dR6252JbFp6dhWum4jmj8ZJkPCsZz0jAuUPwzIF4tBmjVDFGjcUZeMYMY6GYlJh4Y5IxUcxMiImZPjghSTU9QR0aCqewadMyuSHK9Zx59Nx4haYThycljTKqpP0A+VkL9d+wFkoOPCIqKkGFYWU0gt9PEKi/1yz/wBSnS16w6ge25t/emTvl7nd/+Ot3xiR8Z6vj1i1V15uei5r3vT9ueeSt707UhA4Y7EEj7OvuL6y+vSA+6Tu3z73lp/d8Z9jCyUkl00Zdv/xhy/xtjtKBg9PNC79XO2n4zY3lcY4nnVPz73vnwdZXanc4SqffKLwfPnDgQL1pStH8jCmLckdOsD24CPx8C0KaBaDBeDQ5K3Fl6PpQ4R4dnqrGg0VylxwlmPSiIUKbEKMyCigcdHJ02rRzZOs23rcjSozgskZHDI/IjM6UBFbvSr91m+XOJ6pHPXdQN3Tx6m0lq156oEw1c8OvXePnPPDskosfag69kzkne2TW9n8fuPgkYtzo9gE3E9DSrNx7xuGmcTg5dXKqMGs4zh+OZwzC+QNnDxTywOWE4qZQnKyerBYGZ4ooSUxGhFOUlhCfmMj5TQ4ng3iUcgwrCuzj3j833ky21vLhC8x/rFeO4b589cyU2XfOadw5fziIFD9vxT0FxRud84boRtmaNxfXP333zOcgf27jznnDA4g5NM9RllNXlMzE9S/A96lDNIfgZDYeubKKZo3Dk8bNGCfMG4XnJ2J7NLZG4CXhuFF/j16w6nGTdoNW0KatTtiUIMxLwAkuhIyubSPwiBET0lwi+I/RCVqw4aEJkeBc0TTuLrwb2fHp58jGzn9fgsmmjdwfku9sJ01SeTcjoAAwXNWKTTVbFk6JTPuBdfHu+huyV/9seeP/3j59ovMXaxcU3mQvTk0tsd+YU1+akla2XHPo/qW7mizj06ZPb3rMWvOL7868eevv77AdOf7nOxZ//Xz67NU3l7qLR44uasgvuO2WCUQL4C+GwPiLYAErsgrnZ+IpmYWZZPhrYvHSSFxrxGsMmw1CnQHfC2sHGuTaloEzMswTl4h4loiTRCyCKpJcohmbUxJ0ej1KTIjWwMnaXwWZRPqFbE2RKSFx0k2aScRdMtm929mQSC67tEnDQzfk1pZMGTPUkPF9q2W344acNfuXN/5qbVb60r1rF1x3E2yukgttN+U4K9LTyhxbZ7hvLc3PTszIyVn1mM22/86ZN288ssr2ypt/WbdIMy19FtNCcpGjoGAt1QL54+Ur1CtQCHjNfVmLTMbIsKholTpSPVm7E4YdkJEabZRGW6jBkzU4RIM1msiaSDwqck6kECnoQsNCcBgeiUKioAW0OgxPCSsME0aF4dCwgWFCmKCK10VHhoVFRoM70obAgnKA/FI6jEyVo9OOvso2ZEe/OYoHphOtZMalbyCPYs3Go5qjR3EmqA6SIIOm4oXmDeRVuogBmKzNieQlt+E4M1KVpho1HExKpV7x6m2tZvcL+IXXShqMUeZwrVqjN0Qa63F+6yH1im/cOGXkdSljBsWnjL0uqfUk2YPsBPlTQP4olAh7kFuyMlCaecRgzYhkcTBGyeZkYXDy4GR9RnTaSKQX9YIeRac0jMXbxj46Vhg7dlhiSvjTsMEclqIPk1bKhSvOka3EN0fpO8jAu5mer+HgyTfh5AUr+tbVSO8+fDgkcTRRNenGBTcmZK18rLZ1PH7p5Zdj0/O/OXtuwoK8UaOmz8u8gAcU19w4cPD05d/xIGGxefLM2WlzbitLUq/YsG14wfQpacYRN2VkTEnQXXx9cHpW0qjstEFk7SJSbgQpdTDKU7OGTQ7HuVqcI2D1CLNJNAkmU2z0SKQTdYIuLEUXFp0C59ExAc6jkYki3RQmTvKxvhPvw8NwYuvp1r+2Zh26sHT7opTx1oeqz6lXtP6t9bPWT1s/eCSz9od19TsXjebvFGnSgZNo9KOsBTujcHMUnhuFC6Nw1IABI9WqKLVqgHqD/vt6YaUeL9Hj2XqcB3tag4FZoUGzSYObwRRNBSahUX2PWlCbTRp1iCp6pCDEakNGolAxVAhVRZEHE2PA1rCO21rmUbb5paelAbHklLnQjJ7foKFvbC70knFemhhYxHAMAbxyIo6Jic2EpRZnatL3aVv3bm7dp94HJ+EBUYN1gj4hFg88p9p8sVG1+6IVDC1mQpU4dMkNwgdMYnUlSKxH9VmTZoXgkBByfCnEWIdxCBbwSF1IlE4XotOPNIfi0FCDoBqJNKJG0GwR8DJhjSAIIWEgTFb4XTps1blhjLCaCDV+4UJ6kcQCZ7PBzKaJxD5lPRPDIUdd+cw3B9X7Dwsz1U+p5l9sUa+42KKazy3jZeAuFvzg3KyxUTHkCdUIM1mPI0ageHO8GK+Kjw8bFqcbicJEmNLRUVFxKSEhoWIKUfFTMNHJQk23LvQOHbN86vgXQuoAPlPTVMOpHvn5MjomFieyTWGi+uXP3hp547SZ4358SIi3Ptpww8+eWLPsm0X4+o3b1mxs3Y8nTZyREtFqVq8QC5vm3vmjGPW4XbhktrW0guzShnk+F+4VvsAhhsl4lmc9Cv0lRmo9mnbddSR3IBj/vcI/VCHoc4S+GY5CnkLxwC/NS4Sa64UvIO8LyBtJ8kbred4wz3nhLuHP0OqNuNxzN8kbLOWlQd4W4R+QdxNeCHmkR5O3xzGQu47mZuFKyNUfEDAy02yan+nNz8ZzeO1ob+004biwRfMqa1uoormRKik3E3LX0Vyoy3MjvLnDIPdemgua4Llhsty7NL9hEkEuSAS7LCbRGG+7wDPkUZ7VKsYzhYk87ET/bT8I4BJVTjXMC82nIYNDButeCpsctsI/6N8x6CB8rAymveYXWBgw9dtDpKv9EBUdDF0ID0WPDYZgCIZrNMy4LMESDMHQB8Oa6Ieifx4MwRAMwRAMwRAMwRAMwRAMwRAMHQkxh4Khz4YjwRAM/TnEIm9YGHsw9mCcGNfczfBa3GsDFwyKhrBxcASEn8ZnxE+GkBVfAKEsfi6ExfG1Q0IhlA15NXBIKEs4wcLQiqHHhh4T9W3C3eIJFhIzg6FXw3QIZYmLINQlroGwOXFX4hOJTyf+rt+FtyD8JRiCIRiCIRj6emDfnUSD6DcowymuQiM896MRSAVXAlOFZ2gqebF8EE1R0VphlFLR982Nwm6Oq1CucDvH1X5lNChOOMJxLZR/j+MhyOoto0MZwpccD0WbNFqOG4xqzTbpF6PYELmd4xhpon7EcQGFRH3McRUaFvUGx9V+ZTQoPOoCx7UoJFr6FWoIGucto0NxkQ9zPBTlRYdw3BAiRBdBy1itIpqKL6G4BnBz/CKKa2l6PcVDaPpqiusovoniocBogvBXjjMdMpzpkOFMhwxX+5VhOmQ40yHDQ1BV/C6OMx0ynOmQ4QZjVPxFiof58a8nvKWYKR7ul24keIpIcTPhLSWD4pGAD0i5ieJRfuWjqYwMj/FLH0jrllF8MO2LtTnEr8xQP3wELc/0OYbidRQfS3GqT50f/zq/vsL90sMlWZ5AIhqPMtA4NAmwSlSLbBAXIweqh/9u1IwaaEoOUE7AydUC6XZaIg1yslEdBBGVQ9oSqO9GLkrZILZB6ZVwtdKSBggFQFVBqg01QUopbb0e+pX6KYLWm6HtRmhHhHYd0KYdVQNeDXgD5Dm9/Yhe7jNQJmBJXmoSSqU8WKCFBigrQr8W6Ie0UY2W8bIzgaqFVJLbCDy6vDIRPdipHHXt8lNDdSGi6UBXQQ5JtVBNyGVk7Ti4pCLtpRFyq6m8hKqBtpugrpOmNEIpK9WcCOnSeBQCT0Q7dlqvnur2elrfRkvY0HLok2jaSq8i50gqK9J0F6QQ/TV4R9AnB8l3Axd2qOkCLWTTkkwiSQoL5YlYgJX2SHheRqWr6ZL1KEtOlfVKbGgJ6KOO9iOiZChvpxI4vHobjWZTXbm88kyCdokN+FoqBs6urJ2H0f9BW+8vtt7WDnyjlEstoQnK1oM+yDjWQLBzmcZS3TuAHzvtoYTm1EIK0aaLjk0ZtSQnzbHTOVQBV5/sRGfj0BQ0GUa0rYUTuRuBlwYqJZO3hvLrpuM3j+pYpLOxmeqU6cDtHVepNElzUOsi2ic82Sh/VlqugY9/Kp3n9bSfBso1q1vNW7Fx2kLbbqASLIdSbppHalVRPqTxVI6Nm9dgluJsk1LjlSHVS/tso612GihthTrVQKdyOyHzkfWb6u1HKQEbsSaqp2o6cwLprIlLaqdzqo7OHmmmK3VP6tRRLBnKj5bZauDWGQ9d1a3/TJDs00ltX7I3yfYDSSD13pav6/1sgEjCZHHT/iTf6KSzp5naD/nrNPXUY1jalZTZnkVmVWzmO/iVScVw4oMauCci3EqjKbVDShJ/dykbZV67no+Mr3Vphti5lp3UN9rpHHbzsSV7FWmVqKGzuY5KKWlZbtWpdGQsFLdyO2jr0ZQzIZl6diLnVJQOwUY9MuljGfVbNjqqFkgjGloCJaS8dN7mrQovOZrPXp+3cHk1JnHTmXWog35fjFe0USS1IQ7xWvNSSGPjJFmNja6ZdXy98Fn3pdYyySrbX8/IyJV5Z47Lb2fAxptZgY33tYTacj0f91Qqs5OvM8z3EM9gofpn4yzZMbOrBu7BWQ9kHWDrSr3XUizIt54r/dllGAuvhixUdgdfcyT/YaUpjaAbNkd8exyRrmp13GaSJR7bH1tE1jHZig6jPdpPR1a6ytTJ/ExbGS/RHvW+dlpPKh3Yu6UqvJuke2VtojXmT/3llvjy7bZ8s8a3EkljmEr9vYP2UuOlbX4WQvwWGyEXtOZbYRnXVZQXG1+pGr1j6e9L2Bim8xF30VlS5+VBmtdyW+q4Vv1XeCal/0ojt2mfJpqoHpd3cRyl1YDsBuu5Zmx+HFjplfTp08tSKFHtt3a4L+GPmee3UgmkFW+qzItboEUH9TiB99ds/yetMj79SCuZT0f+PkVey0V9BRurKi534DXX0s6IOr3Su6iV1tPW2SxiK6//it5VC5DWtwKUR3NLUT5Qc2C1LKcphZBG9q3lkDMbqFxIzYWUUVCiguePoiM1h65DBVBuFl3jWBvlcC0Beh71cflIpDShbobyJdAWqZuH5tI+8qC1ClqynLZdDKlFEOfxcqRGDqTMAprgM6gXZP2VQC12WijkayLjtBLSRa+Ecq4KaY8SZ8VAlUP7BTw3G9oupO0R/kn/+RQv8fKZzznNpjoiLZM2c4CjIkqR1FkQl0G5Ctp/NpWZcVtCZciHfCZLHuWA9JzGZWXliH5m8xwyRoS/Igg+qbKpDgooNz795UBcBpyT9mdAbiVdIUqhZi6VtIJqL4/rjEhbRCmfVGykcqg0RKtEB7mAF8P/GV7dldMr46XcrzW57ubQfF8pJl82v+ZQzZVSio1GDqUq6ViR3FQ+luVUDmWvc6gl5tFS2VTiCq+F5FPrZdxL1sn6KPXjhPVHxtafF8mqxUvMEdaKlD+Lj3RbvRCtZ1OdEL4qvD2313LaE+L4jHGTxMpam1jsqHe4mxtsYo7D2eBwWtx2R32amF1XJ5bbl9S6XWK5zWVzrrRZ00SDocBW5bQ1iaUNtvpKUqfI0uxodIt1jiX2arHa0dDsJHVE0nxGpphEokmpYrmlrqFWLLDUVzuql0HqTEdtvVjQaHWRnipr7S6xzr+dGodTnG6vqrNXW+pE3iOUcUCnosvR6Ky2QVTjbrI4bWJjvdXmFN1EjsJKschebat32a4XXTabaFteZbNabVaxjqWKVpur2mlvIALSPqw2t8Ve50rLdtqhI+jBIrqdFqttucW5THTUtK8dKXEqq1luW9JYZ3GKycX2aqeDsDZ6ts3pIt1MSsvIoIWKK70tUcXlOi1N9volYmlNDXAnjhXLHVX2erHEXl3rqLO4UsUyi9tpr7ZbxAoLldEljpsyeby3B9HV2NBQZwfpahz17jRxnqNRXG5pFhtBTjfRKEkW3Q6x2mmzuG2potXuagAtp4qWeqvY4LRDbjUUsUFscYkNNudyu9sNzVU1U21KOnNDBqjeKSE1pIdUElOde9lpcDqsjdXuVJHYCtRNJXWkDkCwplqQzI+zJujUXl9d12glhiVx76ivaxaT7aPZ2PkVhxYuxS0baqJPp81F9EaGydcBqe5t63qqgWQ79OK2LSdj6rRDr1ZHU32dw2KVa8/CVAUmBuI4oCu4NrobwFStNiImKVNrq2uQaxSmT30zL04GBBoE/dTaq+zAc5rBQAyrxlFX56AmwFWdKlZZXMCro95rztIgJNe63Q1T09Nt9WlN9mX2BpvVbklzOJekEyodSt7KDX80DC81CxdhjDQTeKYGmmFv8BJFpMQJoualDpCJqMa20lYHs4+qWz6XiSpls9lgKCOD46LWD3KDCmxQa4nTApqxpoo1TpiZYD3VtRbnEpCZ6Bh0BSMK1UVHFczIeqIUC/Umkp11XArCkMXlcsDMIfZhdVQ3LocRsbBJb68DzSSTFmXSihXcnZwYTTmy2og/YOMQsJzYZHfXkmQ/c0vl5ka4l7Lr7GCnrG/SlpM5VOiBTiIiYaq43GG115DYRhXS0AgCuWrphIWmqxrJ5HWRRG4lIGE6CO6ygYeGFshYcy0FZJVNeOiSTRquacpEU61j+SVkJNOg0VkPzNhoA1YHuF3Ky1JbtVsyMJ8dg/Fb7XTiTWUmbqlyrLT5rQrg/8iUofyQSdbgsxSe5aq1gFRVNtnMtfgJ6iTdu9xgTMTxwuRlE/1SCiDzrSBPrCjNr5yTXZ4nFlaIZeWlswtz83LFUdkVQI9KFecUVhaUzqoUoUR5dknlPLE0X8wumSfeXFiSmyrmzS0rz6uoEEvLxcLisqLCPEgrLMkpmpVbWDJDnA71Skph8SmEmQiNVpaKpEPeVGFeBWmsOK88pwDI7OmFRYWV81LF/MLKEtJmPjSaLZZll1cW5swqyi4Xy2aVl5VW5EH3udBsSWFJfjn0klecV1KZBr1Cmpg3GwixoiC7qIh2lT0LuC+n/OWUls0rL5xRUCkWlBbl5kHi9DzgLHt6UR7rCoTKKcouLE4Vc7OLs2fk0Vql0Eo5Lca5m1OQR5Ogv2z4l1NZWFpCxMgpLaksBzIVpCyv9FadU1iRlypmlxdWEIXkl5dC80SdUKOUNgL1SvJYK0TVomxEoAihZ1Xk+XjJzcsugrYqSGX/wmmwr3HQMxI5r9TTs0gVasYGOHEsBfoMPS1J+RX8fGOlZxKrapfqF6rfqp6F/79WHVLtlT0JulxPn4L32oP32oP32nv/Xjt7Xhq8394/77ez0Qvecw/ecw/ecw/ec1d68+B9d/l9d0k7wXvvwXvvwXvvfezeu98J1kLXCIn+mJ5obbITrk12hqWnWHWCepz6ZvUM9Y1wnQKlLeD5yD6d+atavB//SIWo/yTnWyd9C4y0wd8fR8gziny9PQBgKKEDzxGBNB4PMpG3rouFZ4cJU9RJCGW9pzkEtMhuekvgAUDTPK3Z5UXlGRlQCvG32cMREu4Q7kUCeDAkbEFY2Cr8AKmEXcIuwB8WHgZ8t7Ab8P8RHgH8h8LngH8hfAX4/6kiEFYNUA1AKlWkKh/wGaqbAS9S3Q74OtU6JKjuUF0A/N+qi4B/o2oF3KPyIJUaqV0Iq91qN+CN6mbAV6tXA75G/QDgD6q/B/h29XbAH1I/BPgOzXiENZmaCUiluU4zCfDJmusBv0Gbi7A2Twv9aou0xYCXaCsAryRfYNbO1s4BfK52LuDztLcAvkDrBrxR2wj4Sm0T4Ku09yBBu167AfB7tRsB3xSyB+GQn4T8BKlCWkJ+BfhBXTYSdNN1a5FKd5sOpNOt0+0G/H905wH/h+4C4P8OhV5C54U2IVXoKn0owvowvQGp9EZ9MuCj9ZmAT9A/Bvjj+p8Dvl//POBH9EcBf1H/e8CP619Fgv41/RnA/6Y/B+nn9f8C/IL+S8D/o/8P4F/pQfP6/9N/Dfh/YfBU4Tj8BYTDj4b/DvCXwv8J+L/CLyAh/N8GM8KGCMNApDIMMswGfI5hEeC3GqFf4xHjESQYXzDFIWwaaEpEgmmYKQmpTKNMN0HKNNM0wLNMrwP+B9PfAP+76SyUOWf6AlL+afoXpFwwqxA2q81qpDJrzBokmLXm1ZCyxrwGUtaaYezMD5lh7Mw7Iu5BOGJ9BIxpxPYISI94KGIHWJya26CAEqklMBtgo8/HHXReDhqu1ME46ubqQMO6+TqQQmfRVcO1RtcA15W6ZriuhtEh4/JduN6puxNS7tLdBfjduvWAb9BtBHyTbjPg22DsyKj9k4+RAKOTAniqPh10m6HPoPr/O+Bn9Wepbl+E67HwY6Dh34GeiVZj4BpriAV9xhlAh4aBRM9cnjB0VnUIaSxOSxUSq5uddWjVEqdtGdpUa6tyot11Fnc9ehzFI3V+djns9YuL5oloQkVJroiyZpXnEh9O/nqrCmlgbg/iuBaZ+fcLVCgEZn48x3VoABrC8VAUiRKoVgmtppxEoaF+KRjpUTR4OykFoxhoVyiqLBBRQmX5zSL4aVaS/MIlFiVySgU7lTg0jFNqZEQD0XA0orrB1YDeo9fP6PU8vX5FrlhYZnPW43B6HUGvN9BrJb3W0evd9LqJXrfR6w563U0e7uEf0+t+en2GXo/T67v0eopez5KrgOh1Or3Optely5ctXybcTq/r6fU+et1Br4/Qawu97qPXg/T6DL0eoz54AGgzqhNYGGg2BnQWB7oZBGMVD+OScAXSMUKXuGror5VU5Lc930Kp6boSKAeDZSH6UcFQ4EJPPqkMFmCCtKEQRLCSYcQa0EiUBPvRZDiFjkEpYEljYRVNp2/aj0eZaAK6Dk1Ek9BkNAXOBtejG9CN7bTa0TSB/DKpQ7EZZsy3xXfjMDwIj8FTcSW2Yje+G2/He/ABfBS/iT/DFwS1ECWMECYIuUKlYBVahA9UMaoS1XrVM6qz6kHqAvVK9Xr1DnWL+hX1exqdpjVkbkhtyKqQL3WDdPfpDuvNehE8S5b3Y+l79Af074YPCi8InxteG74jvCX8IHiYt8NPhX9p0BpiDEmGiYZ8w2xDjWGlYb1hh6HFcNBwzPC24ZThS6PWGGNMMk405htnG2uMK43rjTuMLcaDxmPGt42njF+atKYYU5JpoinfNNtUY1ppWm/aYWoxHTQdM71tOmX6Evx0jDnJPNGcb55trjGvNK837zC3mA+aj5nfNp8yf4nIL6Mw/S8gZLqAyK+vGA1+48M/yOn/LKK0AGMzgKairw/x+JRfSbCj/97kR8N/wZ/WAl0up3Xh1O6knnDoj+V0xkdyerxZTl+noAt2yumZW+T0za+gUMGPnnschWLk48c+FYWq/Oi6d/3qQ6j/Uk433CGnV+ymtBb0NAhmzBiYFVNZbtMCHq/k8TYeP8njozz+gLagAXslX89LRhk8/a8sXqXmscjjG3g8N3C9VVYe38Hj3Tx+msdvtlPvIx63srg5nsdcnuZ2+muu4fHdPP4xj5/jcTvyNZ9l8eowHifzOJ/HVlqPrEsx4BOTeKqbx9t5fIDHbwYsfYrFa7Q85ulr8gOVXjOXx6t4vJPHTwcs/QqP/8bitVyOtWNkcwmvna6gP5LPmDu/prQKfGAU4jq/awyP5/N4m7yNu56htIKje27icSWPH+XxeVo6Djz1TXAeKoGz7yJUAyeTleh2tB7dByeSR1AL2ocOomfQMfQaeht9gE6h86z2es7nej5u60t4zMd5PR/nDVE85rxvuJfH3I7vncnjR3h8gcUbefpG3t7Gr1m8iUux6XEec7vczNM372XxFj4/tiziMZ9fW76iUg9DM+HsN5/e+3Ki1ehOtAk9iHahH6Mn0VPoEDqCXkFvoPfQJ+hv6J/oayzAijEA1oxhsGqMh3VjOp6Jy3mLnIOtThbfx0frvpdYfD/XwP07WLxtEI85x9v4jH9gIo+5nT3wOYsfXMpjLtn3RvCYa2x7AY+55h7iGtvBy+3gmvp+Go95vZ1mHvMZupPL8YPVPP6KxbsaeMwt+mE+sx/+gMW7+fzY/abcGnd/IrfoltWUDqeWmRbA6lipFh7zOfoY95ePvclj7h8e5/7n8U085lI/zrX2RBaPOXdPtLSdT09wiZ7M5fFKWkYP+SNgTzMB9i25sEOvRAvgLF/Hy2zh8XEW/5SP4k+5NvZyP7uX8/kzLtfPDrN4H7frfe+x+OdioDn7c871z/lc3c9n2f4jtPT1aC26G21B29FutAftRQfQYXQUHUdvovfRZ+gsuoAuYjUOx1E4Ho/AqXgCvgHn4iLY7SyA/U4d7HjWwp5nC+x6dsO+Zy/sfA7D3uc47H7eh/3PWXwBX4Q9UDjsguJhH5QKO6EbYC9UxHngnP/idhY/lcriX3Jv+ku+YhzgEv+K+8uDXBP/y73X09wv/Zrb6SHuKQ/9k8W/qecxt+vD3DJ+y3XzTDiPuad5lrf/3Hgec0/1PJ83R/g8eoF7ohf4CnjUyGNuSS9yOV7cx+Jjs1n8O76+/457kpd4+kt83rzM+XuljMfcY/2epx/nfL/K5XyV6+c1Pr9e+4zFr3M/8Qc+r/9wkcV/3M/iN7j/eOM+Fp/g8/rEayx+k7f31gAeH2Tx24tZ/A7v/x2e/m6VfN7+SSeft+8vVtBOBb3Jb+8Dunv/Ufne7s9xcvqD+rYz8UM+1h/yMfnwFXmdDz9vW+cjPuM+5v71YzctE2DP9TG3wI+5hj7ha8MnPP8TrrFPWgLNxU94rU95rU95rU8b5Hr4dKec50+PBGrtMz7Kf5nOY+63Tqnlo3DKX+sQTt39LfSd8h3oqU0K+j4FvV1B71LQjyroFgW9V0HvU9D7FfRTCvqAgj6ooA8p6OcU9DEFfVxBv6Gg31TQ7ynojxT0KQV9VkGfV9AXFPTXcvo0UtBaBR2moM0KOkZBxyvoYQp6hIJOUtDJCnqMgk5V0GkKOkNBj1fQExT0RAU9WUFPVdBZCjpfQRfJ58vpcjn9d/lZFp/bKafPr5XTnwsKukFO/2umnL5wXk7/W+FF/4MUdL2c/ipDTv/fe3L6v7fL6W+S5d7Fo1PQVgX9nKy+gOLltFCLhBfiyKn+xQmvrIKd/iMoCD0I5K8EeU5S7GQ3W7mfhpOkne60FYS+C57JPdBGbffbuLaA/yUveVothAOBdUnmoHwG9led+0vp2d+NdoZ4sQC6vNrAsxD+u71Ul+es50CAtFoWOlanv2rbX8quzR02/1q/8rXYM5z1ZSAyelq81IgebftkW6929UH3peR7uSF0RzYEQq2vNUoPkeYo+NUhBCO7tu7y3Rvg+QTCSSIDkdFzyJt+6FK1OtBuLtXdAfnqSm3bt1c+4NNi93rrTZDWVs+73pQHu9ni/Wz3D8FPL1RbPiv0ng8857vXW28CaO68Yq17rctt8bXCk0s1uKaN3eXS/mpJ3H/nKwHPIc9RLk+tZ7ffWrHUs/uy9flt3nTk5eq5f0C3rKmox9jol3At7OouF/RfLxaE3oCeuhcQBAaeP7bFguAPnqX+d088WintW2pt7XE++uGpt6d015nzVWA99UftBaFz0BvniisNnsXtp3kOew5fSV6CEBj4fePFFN/fu7z0VyAzOQidg+4/r7h24dp4stAzcNnuuQ/tLmdtYI8nl4R2e3w8QOLcHueiwwC8eu8fAza/9zihHPAZ4XmG/e/b4HmLXr189i7Hnhd9XPQD3b2ooHuFY8+nHSz3Jz/85cvDS/8Bz6dMb4G050tT5kp0R3UehN4E31mWUt1cZ68d6Mnns9cifPu9uisLnreUKxVPp6ce35lH8d7jyUCpvQMgATmjSbuDPnFK6/v7EwK9ub/zbIWQz3ESP+l30qa/RSBPpXh+LX/XRTm2VVILVx6AO3pPnVyB37Le4kMO5IlTf3nq1LnnZN1/qs1t6xr0dz31RgDzFwHSN8p113eh99YKz/Oe+z2nPacpfjpA/ml/TE4FSr/y4Hm+0zUut93VBu2uC7ycBG6u6ntQ/L3Pry8DN5f8jUZfg77Bqeea+WUpf/t6KLt2/d47vUs8lLVEWznstzc+6e2hxFPC3wc5QJ/IU2/rKYN1ZimtM5Tk9wbIfhtxsmP33KU5S3b03XkTu8254nDgcwXB2z1XNF+75wrPU56nWBwoT0b9KXCJQDWvDHju7UKdHtrRB8+z3ey/iWrkSU9TwDzmWZ+kvvERH+Urwf4H4dsh0Ly9dqFrZzIJ7+0zWe+C52PPxzQO4ENZTsA6f/S8LpUA6vXLx19fBs/L7DlroKetvjR5rlQnUN61B115th2ErtidjybxtW53VzN4TgRI03ayjSa2EwvU1tUDvl9USHtPn7zBd8YvBZ7P/DR1wnOeUJ4z8P9ZwM/2Jmf9Faj2zvRYa4t7qqW+BZ5MamnU9tr6Js+eHunjKj2DXgndXbUQK5ubY8nFc4a/cTa2NxjqT+BbSwnG1lkprWd2GD3/u1KAXOqRx1Juz8D/xZ4Wyv9iznXst3IF9fxKdcFOoM8T3nUhl73v2HOrxOUC7mPOSFfQ3h7PH6kO93gOQ9yOBPL07loG9OXXHns/pR/o7jBo6QTREp8th2EvfhhCC8izVTaXFLL4aF77jHeOdVpqz0My3XnbAS5OyHrqU+cK1jpobytY29a2axroZSu/Oy7xwe+X09DEKe/6z0p2gY+r5VwRS0c78HvV8l8PSV6uZ9dC3uoluOhD0B2bvlx+qb+c3/lawXxLrNeKWOxdQdvepZf01m399ev9nXR2pCssXV39V+DL3nsH14q+CP57FESs4Ep7mX5td3JQjPS37o47UKKLXPRtmwsEMq59emmroVi//1KNHtNjX9cd3RkrfAql9yjvasjXvbYydUdKz5/99r97KFenqeb2+O6vEGi9TeK5wy1fjlOs1DbseOn6sJVc+ZmMrBZ8j+x3Il8s/10dTWuT4l+jE1y87bMx4Kede1F9DSSro2dXxjP9mzKgy8OeQ2zl8Ct+Sb/ddcvr6D13399z72C7Lfy+wuU5kxFNxXKb2+NL9WIn6BxiHLDzVwvlaQ+NF5OTGT+JtXhzuzBP2vYdaCRaP+c8dVAXhM/22uo+wAzZI80z+T00GjOrJDN6D+iJ3CXYSu+v7CH1+JWfXv2k78p59rLfv+t5kDj0430rHys2g9vZ6fXs+dz/xEJGpifbvtwgeTpJJ94R/5Y9svdM1m3LaDsWfdXaAkM73F75fX2/uo9ySejIXrcf3IO68s8Yr8x9xyvyfHZxT7Qia5HfcYe9nLSmZtL0PfRZz5kr47f76/NZ0Nxp37MGbyqfK4o737F+tdrdM3XheUUHz2R9C+hTHb4v5vfv2A54Txtt7pFTPbnf7J+66ywE0hh9PouuHhl7DqRf8xNLk868yHufhVvrCXoiZifhM0EdSiA936aa8z7rJs+/vbP8BLM8aZ5fvntunX0+29sgtzT5SSKwN+rL9yv7LnTs/ZVrCfyfQHqt0G8V5u9UdOGe5zUAHXzWw96mCoI/SHbn/+xF/lSSP9E9HFxhFTDWa03eJ2LemKXEyiwz6O86BjI9Ba2uLciePwbefwRt7ZLA19kAd4olTxi0u/ZA/iar/z1Jpe6Ce+OAoJybcn/Xw+9UtIXOPp/tbfBaGtkBe9/69L1h1ub59+XkJbPTVXrVE0vv/1Pd+e59snl62nenwFc+OGd9EOjuXNu1wu+uQVB3HPzW1jbvdPmdKc4otRsEf2hPd73FT3+CS7xzF9wbdxG8XzS7Sn+h2n0AbxarvG/MV2DFG/HBWawExS+7Tvjj9HoFzmRd2N8FgQP/jmjH311czL/FF9wB9BBc6usx19Y3Zzr+PZHgl0d84PmEXjv8jUfPUVbjWgPP/Z7a7n2DpW/8VeXOg2e933fe13ejnS7cg+pv9618IP9LxF35C7O85oHu/jX8nvpr+lcaeuobqq1fXZk6fQM8a2XU7V1uh/2t3CGdtx5Sp3/aHHi6k77vk3d9zvL6uV3QXW6/1V2ttJegVDe/VgZa6PTf1yZ1+sJ3djoP9C9Y+3TX5Tf++d/C/6r9r+y2B6RO52v1Beg5u+v2N5P76a9cPK+R85DHTfEufuv9Wt2jdB/IuaKbLfTTc4USpG8dsdN5x6XqyvdSLsP3zXsR+qfn7hvQt75V3t+g8992Y9CVb2xdju9y9R503WsH/Z3iO1GdAPadqM4BqdN739fpaZC+10Pxa+YLaz0Dyi/Adnyt8N1V6ERvXajTd6Erz1y6/m23q3PO8m9sdbRWF89yPVW/r4KnSEa1a5cebeefUpM6V/ezbc+vEPta+IP/z963gFdVXfmvs+8jCblnn3vPOffJQ8AQAoSHgIgQARExPEQE5CUgIiIiIiIiRURAjIgxBgqRZihFSimlGCmlDPLx8WeAYj6GcRCRMkxEREoRKUWMlCIm/99auSEBsdPHN+No557vt87aaz/OPnuv9dv7nCQ3lW9R9ffyJD3l//5O7c99Kg9f8V1aWys/Tf5u36++ve+OvpnPP+ZPoP/uT9HXZ/29v933Xf3twMq+tb8fRb6rpea7vSYk/5L+/9bZa34qu1+ROvRN9eNb+YlesYtI/iXzV7+jt+Js8i/E/4o9B9f5bv8mKtbW5G81VR6ka3534N/7raf/nd+a+k1+qv73R/LzrfnfH/87Pt/O//3xv+NT+bMrvp31Y/7e2coLVd/nzt94+0327Vv2+e587+L/wKfytSv++uBd+U848i1J/JTx93yvdnWd7+6n8lSt79V+6+u/V7uy/t/wHqX+d/49Ss23I1f/T/Cr/7fS37lj/q7uuGvvvb5t32/8zX/+su83rnr3+dfF4Hf+3WdO8pz/NfmGESAPmeRSBjWj1tSObqSb6GbqhJq96B4aRsNpBI2hB+hHtI5ep1/Sr2gTbaFdtJtK6Sh9TJ8YyvAapmEZISNu1DWuMxoZLYxso6XR2mhrtDOKjDeNncZbxjvGu8ZB433jA+ND4yPjt8anxufGeeOPxp+MLxQpQ/lUikpVaaqOCihTWSqq4qquqqeuUw1VI5WhMlUz1UJlq1aqtbpBtVc3qptUR3Wz6qQ6qxx1i+qiuqpu6lbVXd2meqjbVU91h8pVvVRv1Uf1VXeqfuou1V/drQaogWqQukcNVkPUUDVMDVf3qhFqpBql7lOj1f1qrHpQjVPj1QT1iJqoHlWT1GNqsnpCTVNPqekqT81X+eaT5jTzRbPAXGwuNYvNZeZy80fma+ZPzLXmz8115utmifmGudPcZf7a3G0eNT80j5kfmZ+Yp83fm5+Z5ebn5nnzS7PCrNSkDa20R6foOjqgTR3SjnZ1TCd0PV1fN9ANdSPdWGfqpjpLN9ctdLZuqVvp1voG3U631zfqDvomfbPupDvrHH2L7qK76m76Nn2H7qV76z66r75T99N36QF6oL5HD9ZD9DD9kB6vH9YT9CN6on5UT9KP6cn6cT1FP6Gn6if1NP2Unq6/p2fop/VMUphfDw4D/mEi5eLwwE8yyAtfaUY++Etr8sNn2lEK/OZGSoXv3ERp8J+bqQ58qBOlw49yKABf6oU27sGh4VPDyIJfDacgfGsEdPavEDzsR2SLl4XgZ78kB772K1xzE44wfG4LReB3u7Bb3I0jBP8rhTyKIwY//Bi5n+CIwx8VheCTXkjTMCkB37QgQ0aIYvDRONWFn9Yl9tXrqB78tRFkC6MF1YffZlMD+G5Lug7+25oawofbUiP4cTvoRUYR2nzTeBOt7TR2ooW3jLeoMXz7Hboe/v0uReDjB1HmfeN9WD4wPoD80PgQ8iPjI+T+1vgtZcD3P6Um8P/PKRMxcJ6aIg7+SFmIhT9RM+ML4wtqjpggaoFbMSgbseGjloiPFGqFGEml1oiTNGqDWKlDNyBeAtQWMWNSFuLGonaInSi1R/zE6UbEUF3qgDiqRzchlq6jjoinhsQx1YhuRlxlUCfEViYszVQzyBaqBWS2yqbOiLVWlIN4a023IOZuoC6Iu/bUFbF3I3VD/N1EtyIGO1J3xOHNyO2kOtFtiMfO1AMxmUO3Iy5voZ6IzS50B+KzK+UiRrtRL8TprdSbYxW1eqge1AcRezv1RdT2pDsRuXfAnqtyqR8iuBf03qo33YVI7kP9Ec196W5E9J00AFHdjwYisu+iQYju/nQPRzjKD1QDaTDifBANQazfA8tgNZiGIuaH0DDE/VAajtgfBvtwNZzuBQfcSyPAAyNoJLhgJI0CH4yi+8AJ99Fo8MJouh/ccD+NAT+MpQfAEQ/SWPDEOHoQXDGexoEvJtBD4IxHaDx4YyI9DO54lCaAPybRI+CQx2gieGQyPQoueYImgU+m0WPglKdoMnhlOj0ObsmjKeCX+fSEylf5NBU88yQx10wj5psX6SlwTgFNB+8spu+Be5bSDPBPMdUFBy2jp8FDy2kmuOhH9Az46DWaBU76CT0LXnoDdXeaO2HZZe6GDlZCC8fMYzQb3PQRynxi/h7tfGaeRztfaqJnwE0emgVuSqGnwE91aA44KkBzwVMm9JAO0XPgK4fmgbNcWGI6BktCJ+h58Fc9ygOH1acXwGMNaD64rCG9CD5rRDY4rTHKZ+pMlG+qm9IC8FsW7M11c+gtdAvqDK7LppfAdy0pH5zXil4G77WmAnDfDfQK8x8VggFvpIVgwQ60CEx4E30fbHgzLQYjdqIlYMXOVARmzEELt+hb6FUwZBe03FV3Rfluuhtyb9O3Qb9D30FLwZq96Adgzt64Vh/dh4rBoH3R5p36TvonMGk/WgY2vQvtDNADIAfqgejDPfoeSLArWhimh9EPwbGP05Pg1Jk0DUF8MsmhPhwKrFgHkvnUA96zwKRBHD7wWAg6M6yf6uNIoQY4UoVt06gtjjrCrenCrQHhVlO4VVMPHBb1xBGkXBwhYVub+uJwaACOEA3E4dIgHGFh4QgNxhGloThiwshxYeSEMHJd+hmOerQWR336OY4G9Asc19EGHA1pIw4l7NxI2LmxsPP1wsLXC6tmCKtmCJ82ET7NNFoZrcB0zKpZRhujDZjuBuMGWJhhmwvDthAOreLK64Uls40LxgVqKczYSpixtXBiG+HEJsKDNwgPVjFgO2HA9iqoguC+kApRM2UrGwzoKAcM6CoXDBhREXAfs2QnFVMxMB1zZY5KqASYroYxu6j6qj74roFqAL5j9rxV2LOpaqwag/WuV9eD75hDe6gmqgn4jpm0p2qqmoLvslQWrsWsmquaq+ZgPebWnqqlagnu66A6QDJj9hF+7CvMeKcwYz9hw7uEDfsLD94tPDhAGHCgMOAgYcB7hAEHCwMOAffdDY5j1hsmTFfFcfcKx40QjhspHDdKOO4+4bjRwnH3C8eNEY57QI1RY8BuD6gHwG7Md+OE7x4SvhuvHlIPgd2Y9Saoh9XDSe57RLhvonDfo8J9k4T7HhPumyzcd596XD0OppuipkBnHhynpqqpYL0nwYZPCBtOFTYcq76nvkdPCg82Fx6cJjz4lDnTnAkGfMZ8Bvw1x5wD+Zz5HHiQ+fFp8yXzJTDgK+YrkIvMReDBV81Xof/A/AEks+QsYclnhSVnC0vOMX9s/pjmmqvMVSiz2lxNzwljPm2uN9fDssXcBsnsOUfY82nzLXMPLPvN9yCPmEdwlZPmKeifmZ+j/fPg0HnCobOFQ+cIhz6tU3Uq2DNNp4H1mE+fFyZ9Xpg0Tzj0eeHQPGHPF4Q95wt7vijsuUDY8yVhz+d1E90EvMYcmicc+rJw6Eu6mW4GOzPpy8KhBcKerwh7Fuo2ug0Ykzl0kW6r24Ld2ul2YMz24NOFwqcFwqRLdEfdERbm0yLwaQ505tDFwqELhUNfFQ5dqm/Vt8LCTLpQ99A9UOZ23RM6s+orOhesulBY9RVh1QJh1SXCqj8QVi0WVl2o++v+4Nm7wa0LhVuX6UHg1oXg1sG4yhAw7EI9VA8FwzLPLhSenSY8+5R+Xb9O39Nv6q00A1wboPl4pAiqDbxrVZ+qC0Qe22NTqucOTx9K87XztSft6+jrTEH/7f4+5Pr7+QdSXf9g/xBq5B/mv5euT1+T/gZlpn8RIGplDjFHUXursZVJOVZXqyvdau2z3qPuVpl1inKD3qCXhgSfDj5NQ4NLgktoWCgv9H1wqaKI+oM6i2tf52lMytPU04H8njmecor4snzZtMCX4+9Mr/i7+G8zXvGP8D9kLPE/7H/YeM3/iH+isdI/xf+EsSr9F+mbjdXY4j1mlOgPrJiqZzW1sJuxVlv/riZZlValWhocH3xE/SD4aHCG+mHw5eBi9fPQg6G56pehxaHF6h0aTxQ4DZwjI4CRCFQQmV4yzDo4B4FI8syoV0tvDGQBrYD2QCfU6YZzT6BvEgOS56FJjALGJsH6BNSZXCs9CulpyfNMnOcC84ECYDFQDPsKnFcD65LYIDDMzUn7BrkX7s/V4P5V9XEbsAvYA+yD7SBQBn2awEieq/RjSf0k9DM4l39NuSvT1XXIvEhYhK+Rl6yn/de014LaH5gQmByYFpgZmBuYLygILBYUB1YEVgPrAhsEmwPbBLsCewL7gIOBMsEx6IyT0BlnAuWBi9hm+M2AaZsxswHOGTg3N9sIOpg5Zncz1+wXKDcHodxwc7SgA8p1N2OBueY4QYE5kWFOMaebs8x55gKzUFCEsoxl0BkroQM1/TXXCGrSJQxzY2CFYAt0xnY8ITP2JrE/sE1wKIkj5nHBqUCZeco8ezl9HunzSF+CDuApOpVxOa2RZrjYj/45NASDZoMJOwbKdBegB9K9ke4PfTAwQo8RjDdH42l5Kp6MZwvykM5HepFeKliOsoxVeq1gPfIYm/RWwQ5dKnhbHxAcRn3GUX1Cnzbn6XP6gq6wvFYdsw2jev4CZ6xg4KIVCRRY9QRzzULMx2irMZClp1qt9GyrvRmwOpkxqxvOPTHHHay+ZndrQPVcWkPRJmNUEmMD5dYEk6zJZqFgGtpizITOmAsdCMy15gsKrAKGucBaLCiyihmXy69A+RW16ifTqLtaUGCtY1gbAisEm80SwTbojF3QgRpfsfYA+2qlDzKsMpQtu2b5YwzrpHWGYW63ypO4yLBOBokR9Ju7Geb2YIARtJFmxIINBBnB5oI2gW2CDlUw9wdzkuieRG4Skg72QznGoCpU+2hweHA0o8aHg+ME1fkTg+MYNT4cnMKoTgen61RGta8GZ+nM4DzdNrggUBYsrOWbgNU4WGRlBYuq08FlwSLG5TRiM7gS/lhTfg3Kl1zO34j8jXpqcIueLdiexO7gXsH+4CFGNe9U+3vwiF4qOA6dcQo64yx0QC8KnhcsD15iMEeFVA1PhVKR1oAL3WUeCyWwaU8EToYaAplIZyOdDb0t0LG6vNU+UMaojrdQFz2VcTndA+ke10qHegvWB9cI3g71Fxw2JzJCg/UBwYgqIG+M4LBVzAiNhx2o4bHQJEZoamhGaLY5Dyt/fmgRsDSUXx3L1QgtT2JVEmuTWJ/EpiS2VoE5ILQjVBp6G+cDJoUOW/UER5HPOBE6HbgYOofzBTlX2F67jh20IzjXs4O1/Gw0o4Yb7cYMO0tnmhuZ6+xWerDdXm+yO9nd7J52X3uAPTSwxx4FjDV3M6pjwZ6gL9iTLW/1OTDXniYosGcysBaME6zEmgHUrGf2XIa5IDBfUAQdsOfbBQx92F7MQFvFggJ7BcNebRYyQuBKhr0usEKwwSxh1HBAaBLDOmlvZpjb7W2C6vXk8ljALyeaZ+1dOtPeo9va+wJlNtZPuwzpYzWxxbHGafvklbFmNbbPWFmhzFpxVII4WmOXY6wuBvZUx0H1+DkUKGMEdjn+wD7Hr5c7AcB2YnqroIEuZehNToZgh9Nc8LbTRpAcF6eDPiDIMUcLukNn5EIHrl53HPCRU81L/Wru3xmE/gwyz9aMmzNccBWXXi4/GuUZ49AeY2JghWCKWSKYbgacWc48ZwHOhc680IlAuVNkkrPMWcmQ9BqkS5Au4bSzMXDR2RIocLYznN1mG8HeJPbbXueQHXSO4HzcDtbq1z7G5X5hP8C4nAbXCM7rpc4lvdRVgTJG4IybGrjo6kCB6zKq5+lyvsyLmwgcdAKA7TYMlLuZHGvoK+BmI90W+6MiZyXD7Yh0F6RXIg3U7JPcHowa/3R7M76y37jMx+BnQM9w+wvyoOcDV82jO1hvFYzQpQxrrDvGmmBFzOFuD0Z1Wh92ezDM/e54RjXnuJPcqQzeJyCOxjGq65rb3RmCS+5shlZuHuPqvaWb7y4SLA1sY9Tsmdzluou7Si9y1zICB931DHeTOU6w1e0h2BSYL9gaWCzYYRYKSs3RgrfRLuMAxvawSe5R1AGuXttkrwNU78Wqubp6L+WeSD+AZ79Kn0uGob1fQD9L10Ne9OWzhe2w3MdlvKchd3oPsUXsn0ut+t4E9P3+pix9cyE/9F3kklQE2cD7IGSOtyNklkhXJCVlK5EoU3mM+rDOP18DNrL0Z4uMsfRJrvSQfCukTJFYTovFFf0Y2vkUVzYqV0jLX3gby71MRz+9Uuai3Ms/cV353UFupyVL1GNdruL5PfcZB1teR92HvRgT40Mpv9HzS5aVt5OhEt71sDevfJHHxLufZUUjWJZ7X4N+qsIWfQnkKu+rKD+0YiRkc78PcnFlFuwzvWhNTaz8E/TNrBvZvh9zebHM9PVli38BZLEHz3PGwcrWkPmeRyFLK37KPfH/h8zRIsjprBvZ9DjbU7LYwtI46P2YW6j4RMqz/WylV8pnyb14OdfXhFv2rmSL7x0p8ye5u9dEf1DsS0U/Avk7/w+Rex+XUQlfd+gr6UYp87ZYPpdrzeG7rnxFJLe23DeM787HY9LZ1wDyJalV6b+LR8Y7miXnqiLvHWR4O1Wu4Tvy8rVWcUmMzzOS+xz08V48K3tyK+eI/qaMFbd8VK6V8LIfHvnyoMwC++cp0bO9/yzzlctl/COlV0uk5SXi23z1Z729IVO4HTrrTxf7R1xGWj7lewpySsUfJFfG0x9AedN3G0spk+37APINthhvVA6XMi9Dv8vzryjjqZzBY+69WeaUy3/sG8eyolyuVcC99d4PSyZxfP3Ox37V2IfxMUZRkKX4ZHFlHbTWzyuzyTpNr9gtczRa2nlB5HXcZ++z4hVdxSu6ip4jeo6Uj4knxKS13Sx9D4rXHRR/y+M59a+QOS0T3Sv6TPGQZeL57dkHKkultXzJ7Sa5PskNyzhvktlnuVxyV7FEXBwQD+ko+krJbSz6ZNQ9kTJS7ppn/yVuGbIZW0TWl3be4hboNympkOf9e2EZK371mehPSt0z0vPmvpc4+ir+n0jEi6pX8TuxF0hs3ikeAp5R+yp+L7KRzGY+e9qX7I3jff3Zr+Rap2QczvrHixSde4Ux3ykjwFfP5qg3xrNExG0W/7kVsoTbxGj/Bn7eSnxglc/BVQISU6b/MWkT/TTeSekhOvvbhxXvcUnp1Wbhh5kcEdCfkTlle7fKXcIhQfHYoFgOSa3J0h8e1bMpI0Ry326Svs2p9LMHctwZH/t5BudUVIpeNUcc+6d4lIzMJAMMhl6H/dnoWfk+S/YcyNPiP01FvszS30zu9BOx8CzbvF7Au5jHDjKPIRZ+Ip72vozeo1KymZQ5I6PaTbyoyrcbcq88b0C+XgF2UverF1j/8sfS/zFs8cB/vMHKdInxRjLLv5cR4Dn1VCzguRDG3ljxPZnxmMxRQxnPn8h4srzLx/PS2M/+M4o9B/7cW/rgl/4MFK7rKfb5Yu8o+k9Ebym5N4jnr5D5hQca/yyz8FbFp9K3eyT3bvGxX8m9383e5T8FSz/2KHDaeO6bzONM3/elb98X7/qDzOyv5e5Gyt2xdLy/Ej6/SXimizAM++TtVfObki1+MlRmdqT41Y/F8+VavlKJRL9ctx/bU5TE4zaJ1jK57oviybLqVa01/pfE8pLM4L/JKtBVRqCvWP5dLLfKiOWKbCgyIl4hc+19TOaus8xdXPRbRK8rs/OeyE8kLhBBqhdL9Fwkr4lo7aeiZwkz/FpG4Ha5+qfiXUdY93rEvlr0f5Xy18n9Ir6MDsznhuOXMv5nhVGvE5bgVf6osOjRSl53yiuGyNo0lTmhogIlj3ll9HiFVbkSL08Ljx2t+AWvbuwbiMeO4g9rZTTelP3DMdEXSq0O0red0rf1cnf1ZU1h1g3QXFI0X3WHdP6b3s6fou7yXn6kvJcfJe/l75P38ryWGOlpNAkboO0AR/lenPcDzCtHcD4OnEqeGWdr6eeBS0RKAamAxn25OCeAhklkJs/ZSbQFOibBOvxY9aiVbot07+S5P86DgRHAGGA8MAn2qTjPAGYnkScwVH7Snif3wv25Gty/qj4uApYCy4FVsGH21HrovQVG8lylb7qsV+dVYWvStgN6Kc5vf039K9PVdUgd+ErZq69zLfsVZYyG2En8Y+/0G/y5/b563MceNqZygvzmAffETpbvwt6PyEIU+tv7b9Sf6/P6T/qi1c5qb91kdbQ6WzlSB7t9GpOsw+yX6bnR08HzomeB5w+es55PPed8ub5e/rb+dtyKv5O/s7+Lv2t1a/pLXWE1tbJqt2rtsHZau623Qk+Eptb0gX9OR6Vqwjf8c7o6nmc9z+Lan3sukeGf7n+e0tL3pv8bRQOfBcoprnfoHVTXilv1qJ71iXWaGgZ9QR81Di0JFcHvEKGeQgCz41mG80oAeytPCc4bgS3JM2N7LR3R6gHzeMA8nkMAWN0DhvGAeTxnkzifPF+qghes401NgnVEt9etlcb6Bs+uOoOBvGAiLxjI21Z8l7yYfy+YB08E5O2fxGCB4R2RtA+We+H+XA3un/QR+xLy4r69YFEv5tOLJwAvWEmunUj2oVrPS+qITS8YyLv0a8pdma6uQ16wlXfVNfKq6629pr02mlBfzPNYcP50rD35iKMVtBbRuo1KaT+V0QmwxUXDa2gjZjQ2so0ORq4x3BhrTDJmGnlGoVFsrDJKjM3GHqOMPGqHKlVvqwPqsDqKZeCQOqKOq1PQTqjTsJ2DtkvtUWfUQWj7kX9cHYG2Xm1SR9UJaNuQf1Adg7ZMrVR7VQm0tcjfAc5Var4qQO1iaEXI361WQpuqZqhVYE+l5iK/WG2DtkWNU4VqCrRNyM/DGqDUBjVAzVSjoJWo0WqKGictd1HjwZpKrVZ91Sg1ANpK1VwNUh2gLVcdVW+sR0oF0W43tQJaA1y3g2oOJ1qqlhuH1CrjuFprnMXK50X5VdLXTWorjwMp45BxRKVitVTGCeO0UWGcwwitMVarEmMDRmybXHcderYZ2kb0eo2xD9oitdQowRqkOA+ju1X6jHyDe7AK7a/HSuNVEVVPjTJGqM3GeMzGVFikLRnDPcYIYwwsxWoF0utg2Wz0Nvr/g68Mf8E7IG+C9+7eWcTPbGf8B2VV52eki54D0iY/HzbkfnrmSQsn/IW44g6Ks0Xsm/iKRm/i57QV8vR4gp9yjfLKDMhBLGHPlN15Jj8fyrNEb5ZooZtItOkZlzIRcoDIhlzS0yWlHveHdXVYLAP4aQ3X4qufZN23kK+Fe2BGebDqLlimtfKcJCNlIu9WU+p5sV/3Tefdv/eYP4/bkSeBUT6SJ8kJsPf14mlffcbvXzyT5b4OJO+Xd1a2XHET271+vl9PgZQ5Kfpknk3P5GT5Kr1Inu0xJh7FbfoL+W2Lv1z6udp3Fv2pI2Mb4TH3BJL2LLZgrnndTdRaq/kpUak/mtifk0fvCPpCRbJm8tPLBMXvJoZgzTynytXn6o/qAlbOOzy5nl6e3p4+vHJi3bzZ1xnrZk//Hf5cfy9/b38frJ93+fv77/YP5DXUPxyr58/S16b/PH1dekn6G+lfpF9K/zK9MkBYSYeaw8zh5r3mCKyn11sZVhOspe9Y71oHrIPWb6xDWFPftz6wjlofWh9Zx63fWSetj61TWGOfxqr6Qmh+6MXQglB+6OVQQeiVUGFoYWhRiJ/zBn0jPf5b+jrk8v6ertjfV+/tq/f31Xr1Hr8L0CO5V63ey1fv5wcn9/Q1+/oqsD61ll6N6v0+7/Xzr9q/V+3hq7A0edZfs2fGCin7fN7Tb03uw2ujtBZ2JPf0B65Rrja4zGHg6H9R7toYZMw3CoDFWFtXGKuNdVWrhbELa+w+46BRZhwzThpnjHLjoiLlVwH+LU4VUw2MnioDluaqDY4OKgd6d5Wr+qlBRmPRhmPlG8e/hYj1b7qapeapBVgni2Q1XanWVK0ySG1PHruxAvMqvaZqHVdn1fnLx0Z16arVpPY68teuIH/x2vFfrRRfWSO+bnVIrj6Vp2vWhatXBFDbIJGFIg+KZOYp809hZksZw3eXso/tKc9L7inR14hsxFeU94Be5nA85w+T8hOl/0chi+S9xooqC78poLayXlCV5PFEyWGi9xRZtVZuFqnFUibll4uUdrgnyD0ocpCUKRWdR6BU+lyacpxl6gyR83glSh2Bscrnt0X0Id8F7lHef/mLZWR4jsgoZKnaiC6zYJSLJVP0USLliob00DgqVx8LOV31krFVIlOk1hnRB4i+QWQ/qdVNmJyfxiYQ9zyqPlPnfZ38A/ipJv319ApzpDnKysRTzH7rPes/rMPWf1pHrGPWb60TwSUhfkPl/tkatcvyX1fz/wUoABYDxcAKgL8pYR2wIWlnbAa2JfN3Jc/V2HNVmrGPXOypZ9E8WkCFWP+W0UpaQyXY72yh7bSb9uLgv9bZTxIlsher2n/tTO5ZvrJLErvseq61u0nua17nXF7n6SKv5NB550IVXUS2FzlZZEBqJaQMe8HFL6vewfJbqTf5nR7KVNXNFbmOpZShSyUyS5PJY6z2DMVzYtA7FU875J0hzzuLvN8n5V3iXYLHr+6pQ8mXOjx1FNVLvT/1AWqUOi51MmWkTkudSa1Tn019iTqkFqYuo9tS/5B6jvqnN0tvQ4PST6WfphGBXYG36D4zZMbpAVyjHWXQLbjDHjQSu4ExNIfa04s4BmF8F9I9GPXXsDatxjEMs7cezzVvYqzvwxi/R/fTUfotPU6/o9P0FJ2nSnrGUEZzesFYYOTTeqPIeI9+abxvHKfPvBO8j4IxVnl/Ch7b6v0Xw+Pd633XSPOe9H5ihLznfR4j7MvwNTGu9y/wbzWa+Lf7/8UY6t/p32kM95f63zHu9f8mxW88mJKWEjWWpNRPaWCsSmmU8qyxOu3ZtDzlS3sxbZEy015NK1bRtB+mrVN1095I26NapL2bdljdkfZ+2nl1V9oXdVz1cHpaepp6Ll2nW2peup0eVXnpH6SfVPmByYHlqijwuanUr826Zl31rlnfvF4dMJubzdV/mi3NlqrMesx6TL1PE4nsk8AZoBy4SMrBEDp+IABgR+XEkukGQAbQPJluk0SHZJkcoPtlGE4u2uoHDAKGy5mc0Tjj2cqZWAt4EnOmA7OSYNs8YEGyPqMwiaJk+WUAnu+cNUDJ5fI1fdoIbAFyge3SBve5qk7VdcnZDeyVcsrZn7Qd+huAJ3zneC2cAs7KeCjnPHDpMkA9Sdt56KnSt6r+cVp/LaryXT6rI/Z4e5I91Z5hz7bz7Hx7kb3UXm6vstfa6+1N9lboO5BbCsvb9gHIw/ZR+4R92j5nX7ArxLLV8Tp1nKB9wYk49ewDTmOUQXknC3U3Oa2c9tA7cWtON8jZTitca5PTEyX7ouR6Z4Az1BnljHUmOJNRcppYZjpznfl2nlPgLHaKnRVov9hZ7ayD3IAWNjvbnF3OHmefc9Apg/2Yc9I5gzKbnXLnokuuHzLg2mxxY24DN8Nt7rZxO7g5bndYciGLnW1uP9Ra7Q5yh7uj3XGoNdGd4k53Z7nz3AWw90PJQrfIXeauRN010PtBL3RL3I3uFne7u9vd6+53hkIecobyuLlH3OPuKXure9Y9bx92L4WVk+WeDafah50VYc13UUueCbuiQ4YTYsHdhRvCnon7+ooMZ4fbugvCHcNdnDL7aLhHuDdkf/t0eHB4hLM5PCY8Hu18jXTt8KTwVJZSEtLZIPIM6u6xV4VnhGfbpeE8Jws9yA8vCi8Njwgvty+EV4XXhteHNzlDw1vDO3Cnl8KlmNPZ4bfDB8KHw0fDJ8KnUfJc+EK4wmkV8UbqOEMjQR6BqlqRiHsqUq/KEmkcyYq0irSH7BTpFukJ2TcyIDI0MorbvEKOjUywD0NOFsn6tMhM+7Rzxp4UmYuZ3ReZHymILHamRYojK9xlkdXuqfBy3FFmZB37m72W7yuywT0e2ezMrOqhvTyyDX7I9l2RPZF9Tr3w4MjBSBn6cwyePN7eFDnpbnHWRc5EyiMXoxT1RwNOcdQWPSa6394UbeAej2Y403juInOjzaNtoh2iOW5JtHs0N1xqr432QyzkSexsjQ6KDo+OjuZExyF3YnQKxmRweFK0QXR6dBbqzosucDOihdGiyFyn3B7PulMHdxeLFLsZkbHhCvswymfiustYj66MroFeEt2IOToT3YI5PR6uiFI4O7o9uhujDT26N9wjuj+83j0VPRQ9Ej0eWRc9ZS+Kno2ej16KqVgqZiEvej6mY24swW3GGsbgV1W6a8ey4WOoG2sb6xjrElmX1HuwbufHettrY/1jg2MjYmNi451W7A/RQ7FJfEexqWhhKXq1BvqM2OzLel4sH8zAfr4nMpZ1+B702CLWY0tFX447qhdbFZ4UWxvDXVTNS2ytXRrbFNsa2xHLhL1Uevt27ICzOXY4tgnRdCZ2FPqJ2OlIq9i52AX7dKRbrMI+HTsX7sF63Cs6oiNeJ1IcXuuUx4PxSLxevHE8K94q3j7eKd4ttine0zkT7xsfEB8KJtnMDBbtLiVH8VXiY92c+AT0JB9c1A28URRbC/+vcLJik3gu4Kuixyc7xfFp9qp4z/jM+Nz4/IiXvT16JKzjBY6X/SF6Pr7YXRAvrhpnlN8cX1GlcwxWjb/E6eb4ar5ufJ3bL7Y2viG+OXwivi2+yz4c34MyU6NH4pPj+8LZ8YNuBnLLnAnxY/GT7hroZ0QvF73Gvid+ETN12i2K77NLEwQuyk34nWL7QCKAO8rFPO5J2PakRCzRwFmcyIh4eRVINE+0SXRwDiZyEt2ZYxO5kWAix96a6JcYhHkUPTyYuTcxPDE6MS4xMTHFzUhMjwcTs5zyxLzEAmb+RCHYtXuiKDIK+jLUXRnZkFjj9E2UwF6S2Bgvdvo63WDf4uyJ/3/2vgY6quNKs97r7vde/7dajX76Xy1GlkEhCpYJEIJ1iEJkQghRMMZYoxCiEIYoBGMiK1otlrHCsBpCFMwyDEsIkQnDIYRlGEZmWYXImJWJzBJMgDCYECwTDsGYEEI4hGCx9371XqvVFiY5ZzY758yePnXr9q1bt27dunWr3uvq9xoLusI94d7wkRHJwr7cGtLheHi/hZP+u0Yk8+zh0+TV2ohQ+By1e4HavRy+lt+bVxe+mVtK1qtlTw7foX4FEdNWR9R8wW1x/IwY+fHCfvKcoxEfrU078jZGQrmBiC8SDu6IJCMlNPqnImV50cjYyPjghsjkSBVZaXOkLP908HBkWm40MjMym1bD5ghHY1o1IrXBhZH5oCwsGEuciyPLIs2RVuL0RVZGVkfWRjZENnOkimyN7IjsDl6JdNFYNBZsjXTzClUwkzTfSFwHI4cjRyObgycKuvJF5ERuf4TWzch5irG3IhdzSyNXItdz91FfbtGK3BzpJq9oDE+KDNAqSasqrUFLQ5uidsIbo678jsKa/Ju526IB8uQUrZvHgieieYxHo5GuyLR8EU3l1kRLo2OiFdGJI+aHPdHKiC+4NjqV5OyKTqeotTZaQxGDI2GQ9Qy3RedE68gH+qP10UXRJdHGaEt0RXRVdE10XXRjbn10S3RbdGd0T3Rf9EDwVvRQtC96LHoqejbaH70UvRq9Eb2deyAmcvtiWswTC8YKRqyOxWlekz15vaZ5vTk2kvA9PN9jo8J3gt2x8ti42KTg4diUgm72n1h1Xl1sRgHHjdpYdX51bFZsbigYm0czsSC2INYQWxprijbGlkdXxNpi7dF1sY7YevIHM4ZEZsY25QteEWKd+dXhO3lE59U2Niq2PbiM4kIob0+enXH2q7w9JH9XXlT6T2Ef43J9DM/NmzpiWsH18LW8MRY+Ymx4QeFG9r2CrbG9HA0Yz71KeB/J2U9+GI/1xHrzAoznHov1hETB2tgRyz8LNw7iufbYrtjx/JuRybHTtLdZXFiT1xI7F7sQu1zQGrsWuxm7k7svMjO4NX9eXKW1d3PcCC7O7eOxi/t47OIhnh2yF+FzuaeIHuaZy9YzZwfN9HgyXpI7huJSaEQycqJgIXFui5fFx8bH5/bHxwabaQfVF59M0qoo/uzKj8enBVtj1RQhb7PPx2cCziae2vj8+ML4ZIKLwb84voxgc15jvDW+kuZaGY1OdXw1Q5p9G+NrSf6G+Ob41typ7EsUUdEWwzhFZtpPjYzvDrdZMPd2sDneJWFIy9sY7ybsYORM/HD8aPwEoMTP83wprGH9C2ukp4WqSfLG+MX4ldxo4Yr4dY7P7Jnhtvit+EBhILg5PhBui1xJ2EPzEq5EgGG8m2FIJPIS0cJS2vVxxDhQsLBwTagjkUqUkia7E2MSFcETiYkJGkmeU4mpienhy4mKRE1oOcHpZMnVufsS0cQcsidZo3BNfFnsHEnoTNSFtsenRdYWrqFVpp8oNF55Vxkm6nO3FSxMLOI4nFiUqCAe8iUeWdLzcGFpaBK1vkTuyuLLEo2mPi2JFYlVpCHtThNryBNWJ6YzvfBYvDaxLrFxxOzC2xQlArl1hTTutEr2xaYktiS2Bbcmdib2JPYlDiQORdYmVkU2J/oSxwprgosTpxJnCfYnLgUPJ67SfFmduJFbSdGpO29n4nakOyl4jUhqSU/uumQwNor23lPzL9O+uq/wVLA1TJuIXFcyTitda3Ik78CTo/J41VtGfWlNCt7PJ8uBjwM+acR8xnnFTE4ZMTvYmljC9Px5oSDhvP/vSlbTOB5KBhknOvD8ar4GSc7g3X5eXeHt5Cza2/cnFhWE6XqhMr+J9eE5kpwbN0iHebHLTE8uSNMbQF8KvInxxJJCV/Bi4Sq+XkgE8gLEPya5PNcVm0QzaGu4h/sS3st4sg34SPJYkkAeGw+3J9sJ70iuDy5MbgK9g+nJTuDbGU8EkrsiR5N7k/uTPSPWJncle4EfIXx/8njydPJc8kLydOwyza9KXk/z9kRmUr8uhybRmrse+Fzg1YzHw4wnlozYnbxGs7gjNCVyJhMvpF18/unkTfbkwkrS+U6RmnAVGcAbgPtG7C4KBbsju3N3FoWDC4tCyUlFScJLmF5UVjQ2srYo/B58PPgnx0YVVeVOzavI14qm5dqLqopmBs8nPUWzM/Ba4PMZj3fTillWtJC8dH18B+PJJsYLMvCixbw/oT1kVSIVnV7YWHg73FO0LJEqai7cw1eChf1FrbSHmZ5bX7Qy1FnUWrSa9gMp5h9xJjYpC8c+ga5IkuQnXbznGXEGK1pX0dpw74gzRRuAzwS+ecTsyFra1VQUbS3aUbS7qCu0vai76OCIZHhU0eHwuaKjRSdCouhM0fmii0VXiq6HRhbdKrpeNEC1uskbKSIVruKryLxLHLFD7Sl7YlVBtwldqUAqLxVNpVKlqTEjulIVBVdSE1OVqamp6akaeY2cmhO6nKrjK81UPV9FphallqQaaVcgr3DltS2uajOvWOW1qrxKTbWkVgy9VpVXo6lVqTWpdamNqS2pbamdqT2pfakDqUOpvtSx1KnU2VR/6lRISDmpS6mruRtTN1K3iwW3W6yh3UvcbrFHXk3j2vkSXzsXB1mT4gJocmlQk+K47IWMkHylXDySr5EJol985U6ScX3NcYnrkp8f4hWkeBSvIMXlTCkex3OwOF48KXdn8RQpDVffl4qri2cUzyqeWzwvsdG8O4E7BsULgouLG4K7aZ/TXby0uKl4ubwXIa/6i9uK24s7itcXbyrulPccpN3kXQV5/V68vXhX8V45IvL+gHkHA/cruFayoXh/cU+4uri3+EiRr3hS8fHi08Xnii8UXy6+VtgSDQhl4OeOAaG8+waf0B74Df+6OPAOw3dn4MSmsO8AfA33wuPAfwx4E/BZodz9F5NnMcG/MfF/wV3q3wH+GvdLnwNkmX5T8n7g4DThIsBxgGjl7k8AnwfEffq7M3FP9W3gq/m+Lte9e/Mu7rg68LuE/RXAo4DfA5wL/rW4U34QFLTFJwnvXsHZ7xCg9fvGWZYsKXzqnuAhwGV84lEL8W+2DNXN3Bf1Kcbt00F5CpSroPSDMw+UdsYdIfC0g/IieHaD0s0U+3LwJwEngOckSk/ihGSKceUZwBRK/wjOGlCOgNIISh9qzWGK5pM8kC/5k+Bcx9Cmg+KROksJDB0C2n4AcraDs4dxvQH8PwXndpS+CPwfTDvEqJW/B72IR8HWyVAtR2kR6CWgt4EelBSUVoH+U9Cr0N8OaRn0zgn9wygteZfPpVcxXbyN0jqJw6/eBN4EnhLgZ8HTAvxN9GUBy3HcRosL0PpE4OektgztbsDxoDzC0pSt4IkwVC4D/5rEoW0uWjno+B1O2DLlBnjeAc8AWvklpP0SOlwC/TwkD4DztyiVY7GOz7STR1XC0/jE7En06EX+tYp8pokp4PkjeJKMk3dVYuyY0umAlzJUH+VftFTj3TNsYfyiuFCOHXA78EfAeRWUB6BDNygT4aUjgZdj9M8xbneDUsqcuvT/h+A5TYxrW9F6LeQ0oF8NGMFl0odZE+pjA3rHfdls9rcJvSCovyTnFGzVxRL0fFipCzINyLlh2oT7/pgph+0TBt7NuPoal6rHMCJloLRzqVIm5xRTlAITr4K/8S9pt8FZwpziNnRIgnKSIVmY9ayXcjCOHegjZpk4K2cHNDkKnhuw29dgsafQ4g3pdbDYB2SvUVrFPbJNRitNTLeHQffCT26gX+1sPfIcHs1R4JzKdJsOmY+irS7Y3w+d8+X4ohd/gISN4PmD9AGMxYel/sDbUavS8RuCOzEKr8uZyKV2FZwH+BdR+w8hbQ7GsQ+2eht1o5IuNUHd10B/GJQ70O1BaP5t9PFB9PEYfmG+iLFYitn6Cnq0B5QB1H0BnA0y0vL/TcRdGevkvGOK2gp9IqB0QMIZtO7lWWAfD++dDTlfQqkHkk+AYkPc2wLvQq9tC4C/IS2DU07TYYHRKFXR1gfRl8cwT7vhyf2wQC/anQHOatMyiHgYu1qzFmIy5Jdgnv4OnP8J/vMJyHlN2g2aPIDSq/CrAki7IK0nfR70B2QsAvw42vJA2vMoPQgvPY66E2HzT6L1C6BclVFC+gzoQayn/x34SZTekZEN7e6R0RUUHXOhDJxe2HY0j4J6VeqM+XUGkkfLaM90/VvQ/New/FkpU84RyPkG1p1vodYvwfM2okEr8AOI5FMRc07BV58H5RW5OsvVln/DVUNy7QD+KP8ziyIk/wfnYcxBl/RwlJYDVoHnp8yjxKB/q/ZZxmG9i1xK1kMpLBDjWspB2OpNxm15kDMaePLutxE5H8DYfYEtyb8mqzaUXgJ9M/gNc9VYiyjXwh4Lv3rU3EVUonXMArYVRYlKWIDhARmfUQr72P4JNtlkRvi7PNdgtw+jVOf/pGhHpE9CWqlcGTXpUaAAL8fc/4W0MOBauQ+BP0yAHMQTxwrZOuhtGJfvoq022O3nMg6j7m/AeQvSwsANxKgXUGucnNcYtTkszbEa9F0yakHPpwHrQdkDe7Zr/K+WSsjPRZxsgd1uwZdeBufLaKUZ0p6AbktkhAFPK/htgDPQi2fh1afkuDPFQHx2zWWbGxVYAeFpzrXwTKw12jSmGBVM0WYxxVDRYiX87TBwRDnHY2j3h3JeQD5GzTkGno8dpvZfgWMt1h6ANSbJ+QLrXcHoKLBGCHPqRfhDHD1dgj42o92Z8KVGOb/MtZIpQZTu0OQadAZ4JXYaXPpZKd8hIy1HjHroWcv8rqehWzf6jn2sthC9XorWK6APfEmxQ84XIbkfUHNIb6xExA7hHAVr8kmp57uNiOqNPIMwCgdhq2OYj2cwRiVmnGTd5ks/l7MD/5q0AR6TFka8HYt2Z8OvZshRhuQjcj8GilfuZ7AD7Jd0zMrvAH8D/3J6naHqNfe3jEcx92+jjw+C8w8SovVGSPsF+KNMEYhjyhPwvVmo9Qm0UgPrVQKvhg2r4YdYnW1fRqkPY30W0r4EOdPknhltvQtN3kYr1+QOFtJ6gHtBX4/Z8QbW2WuSAj/5jtxRo/RD2LPthuY35Y6dz+GqQbQyEfpsMG2CPTyfTXNMleujjFco3Yc58g3o/G14CCxj/yM87dvyysIsHYl9TgHbHx6+A5wKvOLbwMOw1RXp7dKeWDejct8F3R4F/VHgn4U/PIro2go4EXA7YBRwHeAe8L+Gvu/Cyj4ZMo+h9GHAR+RaBnw+4C9Rqwr0PaA8hZWuAWeH3sa/U38uccSoBtjtcch/HOOLeaQ5MbJYu7VZwD+OEanFGlELSgH61csU2lvySD2H3p3B6vOc9ATgdeD5sYy08I3foPRX0PAlSYHO3wL/efBfAf9CeSUI+hfwf8xxqNWInp4BtEkoPZxLHVvkmi5tAvglSBiQ6xpgL+QjMtCK38K1sIbewGr7DuO2HlA6oNuX0Lt59gukW6Od/3E5T17lod06+DlmAV3xsT6IQja5UiAa2FbDwqthvfmyFFcN6+T1Avub4wvYP+fBt0v4f6z2w/jHejkoT4GzEZ55GXU9gDXaeKr1CwdFGOUfIHkpRmeCg0+IP83/jFEnYN/+DQdJs7nt2xk3rzev8tWQvR3ziHjsC3AVgGtqO65JxVvMo7zKPOItUN5mCl2fXsUejOtOhZzVEofkcrToZCjexNXEAuBvyytNwDcAX5fX0QOjCOKeiSpAGQOZtZA5Bpz7uEe2SegRVnP1u3K+8x0h+9PYvVRhfH+nPYM9wHjG+fybOgFz1s9PTlAnMEX5PfRHX5Tfm3cGWM5SjHsu48pJtr/d1Ao8GxwGUbCyqBvkFTfG3YN/o80UfELTzifojI8ZfAYzrJap49WJ6iN4fnu1+in1sfTz2T+nzle/oC5Uv6J+Dc9g/7rarK50jNReF3YhRDWlGZRmUeLn184gbK6YJxaIBrGUsOzTiR1Z5xNxMvFuLp80HfgFzps6zXtmXViFODbgmlXeSTJ3JVflPGa6LQLP7Rnchcn9uG3U4N5Z3i+x4hxmFe4iqMcG70+oLwNi5ZHX8eZVlEeuk6b9+J95GwWfA1b07/MzJoecF/wbsVhUiCXiGTFRfF08J6bgvOAnxW76fEr8D/rMECfp82lxmT4ztdfJip/Ri/W/EjX6A/oD4jF9tD5azNY/oI8Rj+vlerl4Qh+njxNz9Yn6RPGkPkmfJGr1T+jV4q/1J/Va8Tm9Tq8Tn8e9uCM0qtKe58QFkn5N3BR3FFUxFJ8SUsL8r02lTBmrjFcmK1X8Tx3KZ/N/eOR/e5RmpVVZqaxW1ioblM3KVmWHsptozUqX0q0cVA4rR5UTyhnlPP5nND/j02x+rvOzgunTnP4MyI9qV11qAP8lylMWqim1VGlWxxBWQR5XqU5Vp6s19G2OWqfWq4v4XqL6W97DOPaRD6+x76Q5Usb3P+3vMG7/MejPMHQ8yXdQ7QOMK80MbTNQ+t9A+ZTjf1IcC4JTAfwKJByEzDmAXlCaIed74HEB5jLUp0HaW4BSfqetkz0M8Ls2mvW2k4497H9MUWscfYRf4Odp2F5iilJm5//ffJChbRzwEubXgqaEHxB8henqs/YY4X9t24lZ/zDhP0KtFxjS7r0E9+IYbgL8J0hbaS9FbC/luwoMtTpIvsNQOw98J3gWM79dA+UyJNQAL4AOSeBtDO2tNpqTykdQq4yh47eQf5yhHRT1KYY0H+JCVTwKRUWhG9801hjfcn/IPdb9kPsdmhsP/GXP0jps4i7OzH4OZ2Y/r/VoryjrcFp2A07LduK07HGcln0Tp2Xfcj7rCqlTcAb2NM7A/ivOwL6BM7Bv4gzs23wG1hbmM7C2Uj4Da3uQz8DayvkMrO1DfAbWNlbo93zKq+IN2B7y3PIMcPLavS5OwAPePG/UmwKt1DvGW+GdCHqld6p3urcGdCoHzeRL17PwOd66tGymc11OJCuNs2wLr/cuQuJyzrkdq8xKS7yNKLfqMc66cG6lFmqvRfYHba+g8lWkI+fZ8obTKVO3zHSvutmJ+8pvAGG7bPRuSffd0ot14XKyT9quLcOkbdRmZuJ6VuK+WMnSjW3G9bgvO6lNyzZW25ljyDKsPu7x7htixxVmTuUWf7oelx3wHkrb1pLNeZ+pA+PHvKeQn/X2p+1u5Vbb/J3H08ot3dlerBf34ZL36nvqW32z8hve2z7h03weX3CInhl9eY+uLVl2sPJohm7cH8t+2b6wLQPP8Fm0Y/mhNSamDF+BLz6kDSu336P/Vn/tWf23vrP/MG7Vo7Z8IyUtO7d4fKN85b5xvkm+Kb5q3wzfrHvaZbi8708svx/fn9PONtO+lp2jWeP1fnnf4HffXLPf98pNu2Tb2jdP2ul+eXrcW4bJM/uR6fssf4GvwYobvqW+Jt9yXxtwM7disjU/fe2+jjTPet8mbpf93orXvk7fdt8u317LZmm9TB/17ff1pPvI/L2+I77jJOO075w1z606vgu+y75rvpuwveWTlPvu+FWW4Tf8vrS/WrkZ6/whf9if9JcAL/OP9Y/3T/ZX+af5Z/pnc1z31/rng7bQv9i/zN8MvlaKiRwvs8eYbOhfSfKz6TT//av9a7lv/g2DbVjl/s3+rdyH9Ly5n+9ty5rb2T6VHa+y45JpI9bJv8O/24oh/i5/t/+g/7D/qP9E2lYtWXE1o6/DrkWZMcVM/jP+87Azp4v+K/7r/luZ65R/IGAPuAKBQF4gOkSWtc5SCqQCpYExgQrgEwOVWHOtZPIHpgamI68JzAnUBeoDiwJL0P97pEBjoIWT5XeBFYFVyNcE1mWupYGNgS2BbYGdmWtPYE8Aa1HgQKAFduTxzVzbK6QfBA4F+ri/6OOxwKnA2UA/6l0KXM20V+BG4HaOyNFyPDnBnIKceM7InFE55TnjciblTMmpzpmRMytnbs68nAU5DTlLs2PhsGuftaZkxuF75S33kWeV8zq2LcPfhov7fcPIt2KitT8w54k1f9Nz3xpzkpHTZK7P9YN5znI53laeTvfr5z1i7RBfzsyteWPPmkdZ619mLMW8z8jT635WTBqS30vfFVn2zGovvVZmr6vZ+c6MeJeZW2NixetKae+ctpx2a77ldOSs53mQsymnM2d7zq6cvTn7kXpyejml9+GWPEs2pZwjOcfTc5jbydwfW/PP2hub9Tl+8zqRczrnXHre89yjecfzL1NezoWcy8PuvU25Oddybg6Zh1kxyopFOXeC6pB9PJfRPA4aQZ/nVjDktQfDwWSwBHhlsMxbERzrrQ+OD04OVuE7lXuXBKehnMqCM4OzQScezi0ZoJUGa8EzP7iQ2+JrVcfLBFv4/9B3n7zbT/jn+apW+UfNT5TH7lLp3el8OsgxG3cmfzDwKcJfBf4W4/a3gD/FuDYBd3ejjKvAFeB2/NtYFcCfBj4B/DvA/xjj+jeB9zKuQL6AfBU8Cngcs40N3DpDbQJDA5LtkKzj90rbGtk6l9rfYmj91xmty1/qvyY14VL1McgfhVo7gc9m3IZaSivafRO1roEOPRXoace5CHUReH4C/ILsCzQ8C30Wo1TeP/8ueo1aNlnrSdB/CPpZ1DoJ6ACPCnoOcAP8leDfAnoz6B+FJstAnwh8APiz0AS/gNtWAsdZDlsH6l4H/nXIxD15zQmKHRJQqqLU5kZ/vwHOP4L+LiSMAX8+eH4AnpPAfwX8OuOuHRgvjJ0TY2rHmBr1wMcCfxb4I6i7CXWPQts1kP8q2hoNfAT4BUZWQpwlUMfIthg3pkJaMaQth7QfQ/Nt4PwZencK+JeBrwT+MfD8GvgN4F7gsJtdnifRgTcBnwQcpyBUBbj8TeEZeBFO4yifBr4Y+IfB8wJ4HgXeAHwcevdZ9O5B4PATWwI8eKaL+hBweKkqvRS/dSou4DhhonwRPKvBMxX4PODlwEuBh4DPgn2kFyVB+bI8owKLYUyVvwf+EeDfwVi8BK3eAI66NnigAd+wO2Cxf4acf0Xdr6LuS6D3gH4evYuirg/0aaB/H7i08N+ibj/q/ha6jZenR2RMwLyAR9lfBn0e6krP3w8cM0L9ESyDZycoTaDDx1R4gl4AHVZD/vdBr4Fuj4I+Evx75S+t0Af8Cvgd+FVX3Qg6nsSgHBuoRVSsRTys5buR4NkJygRAwVDI0oso/R3jFNNq+RcByPk9KFHwlINnA2rJ+9RzBD8vQTGeEKpwD7kX93XRLCrEfxbPinFiF30miJ/SZ6J4XRwXHxEn6PNR5SdKn5hsP2b/majkf6WLKtxl3iCqKW0WW8UOsVt0iW5xUBwWR6nGYXGG8PPiorgirotbYkCxKy4lIE4oeUpUSeFTSmmMUkFwIn0qlanKdKWGvs1R6pR6ZZGyRGmkT4uyAs8nWYdPhbKRWqEPSWOJ9E1Zx0nZQrwupYLWmmt2fnbji/zsCtsohvawYzHOiizmKGdSGO4G5XuMKzHwe0B/nqHjaeDTwTMecC3gbEjrAb7IlLMX96L38lk74GsBH4TML+Nu6gtoZQCUF/BUkrsMbR7gb6LFV8DZPHj31dbGpeqX7A/xmRPcQ851fE7w+ckw//oPCRMAFwBWSxx1O/FEtqN4hof0gbnyiZtGPcEU+UCJKBWjRJkYIz4oPiTGiofJAz4sxtPoTqWRnSamixni0+IzokY8JmaLx8mHlolGsVy04reFnyl4IghxpSjVwMPqxSKxhHjqRItYIVaJNWIdfiHZJnaKPWKfOCAOEewTx8QpcVb0EzxFcA19LlnPlVA33z2K3xR/K/CES74fzbgSQ+mLXKrOAX4S+B7AdvA3mHTmvwFKOWAVYBDz4SzzUCmfcj4O/hJIKEGty4DPgGcA8OOAdpxvfgVQWvM2H4kma36RZlTJf4S72zjJ3mAbqzVoS7UmbbnWRq13aOu1TVonwe3aLm0v0fcT1qP1akcoHddOa+e0C9plol3Tbmp3dFU3dJ8e0sO0l2BYopdpN/Wx+ng9rF3QJ+tlepXWoU/TZ+qzqZ0GvZZaYam9JCH90efrqvlZqBvaJn0xS7E+JEN+lunNWpPeSpSVLIvw1fpafSbp00BSObXpG/TNpP9+aqEJrdBH30othAkjvUmL5foO0mym1q7vJs181FqX3k28Nznpy0jOdv2gfpjscYd4j+onSKoKCVbaS9px4jo99L1HP8PS9fP6Re2IPplaLEPi1mS6ol9nuVYrkGgl1oGSfovy9VSLkr6VLEAfWGLAsGudetJwUX9Dus8IGHnadiNqpNLSeoxS9C6zbUrGGKOCxquDe0taMmYl7j/XZE7W689JbcbEIfoPSVS2SQ8blcZUY7pRk9YwIw1HZ5oxZ1DzIb0gulHHo2wm1oHaSOvfRO1eo/3jNIKLtGuUc8lyrclYoi/jp8QYK4xVWoexxlhnbCTfWA8/LTO2aHuNbcS109hj7NN3GwfYhmTXQ0YfW9I4Zpwi+SFqkcbQOGv0k9QjxiV9rHHVuGHcdgqn5vQ4g84CZ9w50jmK/LLDWY7RpBac45yTOBlnneU0dqjBZc4pzmr4Ttqa0nL6VucMjHh6TMmHe5yzSINlWq9zLvuWc55zAWQ3OJcaK7Slzib4apc+HzV4lFXtDukyUjviXO5ss3D+ENZOPuajvIMS+ZiRcs7CZxN9Op3bnbuce537qU4PtTDS2es84jzuPE2fc/pufUAPOy84L2s3ndecN513XKrLcPlcIbTQpN1xkT1dSVeJPpvbcJW5xrrGG4egFbXsmuyqIusdMbY5L7imOUe5ZrpmG1FXrbbXNZ9HybVQD8EWS7VrrsWuZa5mV6teS72iGehaSWm1q9W1lmJNl2tD2l5drs2urbTD5963U8ww7a6tJy2R6yHXbleXq9t1kGeRRTNcrlZq+zAn11HXCdcZ13ltl16STpjbxinXReJbMxgX0mm/PhYJ8951hdJ11y3XCfYd14Dbjnlo4eRFpPkVt8sdMA65DGONO88ddafcpe4xaQ8/rlcRr5ynp90TtXPkv5wuSL/TLjsvuyvdU93TaW53EG27c5a7hqOte47zjnuOu85d717kXqKP53hI+m3XjrjOUEuNFJ/vkF12UTQZS/wyGtP4uFvIdmEeeerFce2ae4V7lXsN0de5N7q3uLfpY53Vxln3Tvce9z691n3Afcjd5z7mPuU+6xzp7ndfcl91H6D4s49Gq5djLo0HRSf3Dfdt2IT09ggZKdmDCZvs0TweWmtK797kXZXcAQB2YbW+xZCfjMvn74BrgJsG12l1Ivh34q7DDpSuAv9FUPBfJVstOOVOYh3oi8G5DZR24GHgvYDbUasN+DFIuw28m8952RaAgv2E+P5AM0kDblsi6eBZghNhddDzPEprgE9D6WRQKnDSDW+oUGah1Ac6PzFM0Q3o2QT6LvlsTVBgByUF6AUsgG57zNb5GuIYJFcxdExiaNcAd4N+C8/o2it3YDht1IJTSN/gvth+KvsOrRYCVkJOSGoIOafBc0mOF65FZuHqZCd6d0JagHaINEYDPdTWYYbUbg92Zj2wJMNWhrZj0hoYBdw9sqlo9y1oeBX92ot+XYUmc0FBqVYgLY8rocMM7dOhz1bpJzjZ2i4pbEOyOevZiVoe6OmB5EamONEv4zrsDz/R9sHmq9kyagND/QLodRh3ATp2rtoN6TmQ2Qc7n2GobZbeKN+bARy7Ulsz+A08HfUynpfaJvUBXe5uD0vPNK/2OjGmtRgdplRiRGahrW5pAWi7F1ZqwkgFgP8d5ByCzCA0OSLnDnD00bYB0jqwbz6MNw8UAC4FvQ4tLsSYLoXMqYP7ZtslyNkld9iAVea8c/JZFVi43LQk2+QUeOazfPsVaStQGuEV5aaHnBDWe13WgbIdeCv4S+QpUcCrsAyeP2s3ryv4mXOkcyc8sBPzguv24plzt02v4FlwzZRwAnPzBOx5Al4t22LKEZP/BO7wncCV+hLwyPN6nfBt7qMBK51nHvtH5fUJ+OsBvwP6aFimB7pV0tWXYv8mxm41YL0cI8CvKmeJM4a2NsDCBcBrofltjMJZUDpBWY++XAClBqO/HHARYBhwOkq7wLmdrgP53SlLYCWWgNFx/G/Mo1Z4WjE0kVE0al4R5QmVrsgJCoXWL45B/7HO/NC64zkvFM9FnP1RPNdtD3kueq4gXTcT47coDcjvXjsll6R7A5TyTL4Bk3cgq56Je6MmzaSjbkDKSuP2DDxlJpeZ52WUWanULLcPyoKOrsE0pD8XM3S9Poy84XTK1C0z3atuVkJfx8g2vRWDfU/rNSDL2T5D9M1K2e2jDwMZ9r6eMT6m/VDPZbbpGuxzmm6OIXQw+8ifTDum7RnI4LdyLpuYMcYZZekx5LzSzKdm6HB9aNv4XpqRZ+puN/Ppw9S/NbSP3hpKcyjVZemZ2afsfmTZ4T15Vpvv8YXMlOGzVh/S/pTKkFH/Pm0N1//sfmfrFM0YB2vOmLTsPM2ziNISSo2UWt7HLv9O8rR9zfye43WfPN3v++TvsbFpp/vlQ+ZXdp7Rj2z/8q7wDM6dVZTWmPiaQb4hvrwug2ejKb/Ok47X3i2Utg3abIhvcL4zax7uobSP0oFBu6frHKLU5xmci1Z+zJRxyjM01twajHXes5T6TfwSpauUblC67UFc9wlJ82mUPCYfx8SKYcbQsmU2ndryBc2+ZbRhlfsKZB+GxMD7+VpWvH3feDVcXLJLnXzxQbpvJKVRlMozbHWvOGTZfrj1KYvuG2famZJvEqUpniHrlK+a0gxKs7JkpQaTby6leSa+QI5NOllyGsx8KaUmSstl/++VfG0yWX7nazfzDs+QtdS3ntImz5A47es08+2mHYMZfbfWd7KVb5fsL/q4l9J+s17PUHv5eikdoXSc0mlK5yhdoHSZ0jVKNynd8Vzxq39CTMqch+8Tl/9Uf0vn1ty6x9pzz/ifGRsz5np2PmRdHi7PGz7dV4/7xd7h7Jc9f4Zb/++XZ8ai4fI/Z3wy7XSPNXPY9ofJrTHJ3D+xff3G4Hzz++Q88IcohSklzVQik7VfTe+/LNmU/GUZc9g+dI6m55+1N7ba5/hN64R/7KAOmHub5PzLlOcf7xl+723K9U/OmovZMcqMRf4qz9B9fEDOY/+0wf75Z2bEXZPPPzvLT0x7+2uH+mzaRpYdmGe+LOerbscWPuHDkPCXgb+MEzUV/MsQQ8erDO1vMdQmMFQB7Si1Pw36Dob6Nxkq4FdBMcCjx8D5NuiPAe5kaJPy3wSOuvaToPwEMs8CfwS4pD8J3AGYA0ol8GbUXQY4gBY9gEmUXgfn48Cd4AHF5gb9j6CPAeUHgL9i6IL+TvTFqAd8FqWbIHkNao2GtFqUTkXpcsjcBvopwJWg/BrQC4ofsAlQBfwNbLIZcDEoLwA2oJXPAsIO9gWA0oYhwNdAWQ04D7AUcBYg7GP/MnSTffwI9H8JEKWGtMM/o/SrwHvQYhT4NEDobOuHtPGAL4MOmztgf/UacFhJLwDP9yHnUdD3QgLojgrgW4DPAbwICjzEUQ7f84gWgleUq0IVwfe+F8CYYtQIuzHHmCNGGM1Gi8ij8XlOFBrPG8+LqPG3xn8RMbwRIIk3AnzA/aB7tPiQu9xdLircV9xXxMOeQ57/JcZ5XvW8KsZ7c7x5YoK3wFsgHvmLt1cphNJGqV3w2zGEsp7SJkqdlLZT2mV+30tpv5Bv1eTvvWY6YvLIN2wOpnMZPNYbN68J+YZNrm++ZZPpeBPPn5usN/dYyXyDD+uBt/iUmW3dFNZbOIdP40WlMkmZolQrM5RZylxlnrIAn1kZn4Y0tlRpUpYrbWZ5E6V2pUNZT59NgJxLrNP8toC4msy626nuLvpsUvZmfPbf+8lv/xbPfMOz3YY8jU0+Be69z2R7v6ex3esJbAP9+nrS/II+kTXnM0ID/fJkI56OYr7dBe+DNt/3ov1IDL7dZSngVpF+6wvLSb89JiSst74IvGNHaF8BbAH8GOBzmK31BLsVftOkD+/sEMYs43GKLvzODgfe2eHCOzu8RqPxdVFgrDBW0LxpM1bSvGk3/k4k3WXuD4qU+7L7bVHi6fX0ilJvvjdfPOgt9BaKUf/X5I7mW/qUPFkpaKYCM49TGklpVEYqpzSO0iQzxc00xcyrM2Qx7wzB77aRyWPKthKXzb1vGo0TN0M/B95DeX/6cB/l3U/eXS6sZxIKvKVd4B0u1nMI8fYk88mE7LcOk74M8DM4SfsOcHimlMb3kd/9JH5pEO/eAk+tUJUm4RC1YqSo/v/pL5hU4VDL+NcZdSzFXYdaoT4hNHWVukqU+Ub7nhAfoJEJ0MhM+X+u6b+XpIr/w973wFdVXPmfmbn3vvuSEP6IESPGiIgYkSIijUgRETGmiDEixhgRAmLAGGkMiJRSpBQpP0opUkRk+VGWZVkXMeuyllKlqaVIKVoaKU0pRURWkSJFSiMqJHvmO/Ne3nt5xAQSAT9+7mfO/LlzZ86Zv2fmnjnjiKvE1dyIPxIfkxKfyNaUkJyQnEGXknR8crlBn2kcvzJfma/MmTOSbifzR7SQiigVf0EvpdX0Il1G6/m5gjbRdupKe/j5Ou3lJ5P28XM9vc9PH/qAnxvob/z0pWp+vkHH6BPqR5/x059O8HOTkELSAK3SjG4WHnMrA4UvgnSLSBSJdKtoJVpRlmgtWtNtoq1oS9niPHEefVOcL86nweICcQHdLi4UF9IQcZG4iO4QF4uLKUdcIi6hO8Wl4lLKFZeJy+gucbm4nIaKK8QVdLe4UlxJw5iznk33aC6a8sQisYjuFYvFYsrXHDbdJ5aKpVQglolldD/z2stpuFghVtADYqVYSSOY015FI8Xz4nkqFKvFahql+W4aLcpFOT0oXhIv0RjNe9ND4mXxMhWJn4uf01jxC/ELGideFa/Sw+KX4pdULH4lfkWPiF+LX1OJ+I34DT0qXhev03jxW/Fb+pb4nfgdlYo3xBv0mPi9+D2ViT+IP9AE8ZZ4iyaKHWIHPS6qeDU0SewUO+kJ8VfxV5os3hZv07fFO+IdmiLeFe/Sd1rd2upWmtrqB8lB+m74fnZInLC5SUsEe4P1X/DkzclaokHH6Eh1N8kOiHjHcdsuqJeG5pRF4k9j0oiMMRAxljcQ4xbEWNEAHoOi8WidhRiah0+1hujWuNREx8mKi210nNvi4hsdJzsuxmk2HtYW9M04OEv+3qRk6BocB+fYOLfHwTk2zpA4OMfGuSMOzpJjGKxNnJy45ZyC2pBsOiLWnXFLOh0xtV6hFMTKjU4r+U9xY90VE6sqbqyhMbF2xo11dwz2ZaCwo8VfWOyHxS3zFJuasGndEwf7+rHy4mBfP9a9cbCvHys/DvYKZW7wNzV0XxzsFUrApGZiFcTBvn6s++NgXz/W8DjY14/1QBzs9bkN3csVmw7Q30U0Im6rqB9vZNx2UT9eYdyWUT/eqLhto4ONKcPxRset9/rxHoxb8/XjjYlb9/XjPRS39juEYwobryhuzdaPNzZu3daPNy5u7daP93Ac/BxbviamaQfFcfCLF++ROPjFi1cSB7948R6th1/o5Esv0vs+QuqTsa3lv8sX5IvyJfk/clNiMPHniesTf5H4SuKriRsSf5lYgZS6UGs2Xagb9WSOph/PX9k8Lg7jPlXIsIhKyK7/RbLeL6iZi12DA3qfqLZzrR5d/gkZwyQ9+opORhpRxxErEHMhIGRXaS3O8vgISWJeyuEc5unVmfyh/AmvZ5+Rz1Aw8bXEjZSQeCzxGLXidwG5TL6q78KWWyhNviHfpyu8x73HCXJhdDPTVEEDWx9q/RHPLsm4t1tGGO0XMUaHqwijw3J4/TxXLpCLObeVcjWX2Dq5QW6UW+Q2uUPuknvlfnmI7aPyU24wnkpS7VQHlaY6qwzVQ/VWfUN2+P0AlaWGqKEqX41QY1SxKlWT1FQ1I5SOmq3mqYVqiVquVqk1aq1aryrUJrVVVaoqtVvtUwfUYVWtjmvb4TWq/t5Jdto7qU6608Xp5vR0Mp1+zkAn28lxhsmVToFT6BSpvk6JU+YUOZOdac5MZ44z31nkLHVWOM/H2mH8QrbFL2SH44fSO4nd2HJzyp2XnVec15zNzptMz/ZQeYXCDR7OztjyCpdTnPKJKpdGlkeofkL4RuaHdPY47zkHnSNh+o85Na7jJrht3BS3o9vJ7ep2d3u5fdz+TqE7yB0cqic3181zh7ujQ+HuOHe8O9Gd4k53Z7lz3QUnLReLV7iXHQB8CDCAXlMGN+R/xW0I+QAQUvZGrpz+P+CNGtZCst7IR4t/AH4NbyFlbyRVxY8QAql8guw8XY5vfwOYhjhBhM8EhIxw7dNIAXLu4vuA+Irmw30e3PMAXcRva8YNhECimSBLW4uzAkb6WCCEQG/tdqSPvMS/At6Mt+V4i5Rr/kXDE3/V8LgpB0hnM9eh43wCCHl/Aflu8S1AYEJT4X4NEGVFbwNChp2+jW+fgvt3gJmAtyP8PuT+HHL/d6RQhLf/C4jSqIUcuizEW6QsXkDINkCUlfgB3JAWFwb/aoRA/prXSBqORPibcEMuXlyKELyl7oA430A4C4mby0XteMTECQb6C0Ig71/zEdJXeDsNMB1xfohwcyIBJyr0XjiHP4NwnL0QfwScgHBIaivQrjojzgi8/Q7caEUC7Uf0RAi+leYUBU5I8EpYf3sc8E68/R+83QA3zg3IhwETEa7PUgBvzGxd0UfG85ygouYLPVMk6BlFPhu8Nzg8OCo4LvhwsDj4SLAk+K3Eo4nVNo32ETz9txhKTuXHjfyuU5zv9MmU0/l6foNfh+ZzSJxz7IVNnAt1fqt4Jo/W4qpvmN9kNY9u4ll8E7SPrqrTP6rfiVSOrZ8qfvQeRzWHpcOEU9M6SqlSdKmnxTSchujJ7kzRj99WiIH8VuOg43K6/DaT1otskRoa92wvxvkewikiejKinaNf038DYoSkOYBoObUYEwhniQijijlLRBgzCWdECOdyCKeICCOD4UlqcXpGYAQQOMlhxiKCHD39HNCcHPpbVGs0fGKprRsNl0XUeCrWqHXvJfnyWfksEf59CW+CN4GkP8gfRIrrfyI5XOdHqVNiNdf8Za2PtP4HdY5KM8WujXKaNdUOzIGl4clt1nQ7cwoZdl/gMXbrNs+jCnpq4klLLN3Gj3yv4bsRZZDDZTAsKt6p4xqZdsMYVLYgBpX12lRk/m/Yt13Y7saryZQGy/R0601z5N35KQxj0jL5ZDB/0APPaLvD1FI5mX6T0yJtxvSeXDZ5LZZ6GnQ3NH/qqVwD6fwMZZPfgumnQ8t486ffkTyeVfUzjE1BC+TQEi2nskVbTmWLtpzKFm45sek3d8upbPGWUxln/j/dlN+IO/83V6qx839zpatLIN+O7GXhNBPkT8Pc68XMve6gLrJK7qUech9zsjd4ZV4Z3Qh+tj/42ZvAzw4AP6v/QLT2JgTvCxYE7w8+EBwRHB0cExwbfDRYGnwsOBE4RJbUPFtSZadB0ReFcagW5ttaOBdw1vxIT+ZIUizGDfF4jU3TcB9FYe7jZKmeTi9tHCYh/mRcmD85c7jovpQe05dMX2tajxjWDD2iafmG2nVeM7TrplPclWnuVK/UQnN802gYHp5LT5eGpuYfmg1HhGfDLxqDzyvLyjNclo3Pv6XKsvEY6LKcF57Fz4Vx3tTZ/DCHcC7gHKrnBeAhzxWs9exXFLH2PtOz37iI1fmZw6Ubc+s9+SlmM8buop45bHT/HdYs/fdUZtK8ZumFTcs51Jfym6UvNT3vEXYdGLuWOJ3x+t8ajYFZKxZirVgQbn1fLA5pFOAvO3Nf7AwtnmlnBAvdAodH7CmcGT4o1BrOBAahfYNQazgTOLRMLTSVg2r+Wmg8Bi1XC43DwezRh+Q0I7nh50j/sevHvbWUtrH7Avkcp5Yfkd5ITvFBTvOhYBHSHY+UJ9i0NfaN+LuX+HHixzQYvMXtdIHWIQxD1o41nrUdays2MuJ95HduzLd3OhOdKc50NrOcuc4CZ7GzzFnJZrXzkrPO2eBsdLaw2ebscHY5e539ziE2R51PXXI9N8ltx6aDs8tNczu7GW4PNr3dvu4AN8vZ5g7hr/a7Q918d4SNOcYtdkvdSeyaymaGO9udF/PdQneJu5zNKvatYd9adz2bCvZtcre6lW6Vu5u/3Oce4DQPc5qHbZoL3WpOs9o97knPj07TS/bau9Veey/VS/e6eN3cw15PNpleP3eeN9DL9nLYDPPaO3O9Ao6Xw6bQK/JKvDJnvzeZzTRvpjfHm+8tcg55i7yl3gq3r/c8u8o55Kj3sveK95q32Z3qbfbe9LZ7O92FzjJ3OZtV3h53jfeeu947yOYIY5bqHXOHeDXukIATSAi0cTsHUgId2XRiPEsb9MWWS4Qv0DVULoHugV7RPq9boE+gP5tBXr/AYI1LIDeQFxiucQmM1pgFxnlHAuMDE/FuSvx3zdNCAtMDswJzA7O8mYEFgcWBZYGVgdVsXgqsC2yIbhPRMZvQJqJaQYP13lBNN0vdBjYGtgS2BXYEdgX2ugMC+wOHAkfZfOqTl+57fpJ73E/y2/kd3BF+mt/Zbed3DozjFlvsbvUz/B7ubr83KIpqBX5fP4NjZjCuGwMJjN2b/gC3ys9y13Kt7HWH+EMYgxxT8v5QP5/NCPTNhW6lP4ZNsS2zIX6pu9ubjBxCMSdxTPQjn0vQnwH6jvmz/XlsFmqKuASXcDkv4dLp5y+JoWG5v8pfw2atv94d6iX7Ff4mv8Lt4G/1K7XPq/ErAo6/NdCGoiQBrD5CIysCqUer19BI3RiZKMjGGD2URkuoSACEhlGCZlB9EptC8jaLAaFb1MrJGF3ikAcwWkKt3JSRijEyANDRaORhrAZNo/vTyLRA/x8BTyNZZOQTjNSTaI0QSDIYraVG3kncjfDXkRrki8T9gEb6KEK/ozJ6Q4cAGhkGq2EUbyGxwzMQhaR6xBSEGO2MkF8S0F1aeyVCILtltLTKdxD+KtI0EjvIxUiIWe2nJvfrEQcpWx2WOYBGlqwr3kKaQm0BNJhkIxxSGRLy3EaLp9GRSagLZeR8egAaLaGQALGaXN9HeF9Ao8MVcawuzPEIOQwIfKw+V8h+CKMTHjViNFkaPZ3CyDUZ6REjWwK3cxAQOiBpGdwD8JWR9eoNmAVoNGj+AilDWqk2lVPSJbkWJcluI8NmdNxKSLUJyJ55bbWkkvwv7XaN1BZkveTfbWnrFGbbmBqTnyH8DsQ5H27EF5AxI9SykfGTRveqaUsoPaMllIxMC3R/ykW2re7it0b7LCTxamsRf4fOXUGWRqJnEfCsRc1yP+K3ElJ2ZOoi29asDgc+DqTjVc/aI2RlZly0DQd92YGUoJHyMrppnWmA0BCs0I8cyJU5TwBCvlGhBpXEV0YH8FvAZzpwMCPDUWBuNBCb9ox2yH12bUhPsIDUHOQezTkQvaJEfbKZEOYgmyZhpZi/Gx+cYHnT/mSkOIgmNjklqVOy6UwEflnhlE5lz+rUc59kTztkn6H8O0SUoq6VJTHvh5x26cRLNacZqI6XbjsKnaGaGH7D8RL/ZN9ngZqc08q1fqrZlprcZk73ZNRUtQg1VS1EjTlb0x6zSYiex8MjwOnu9oZqX/8j1bOBDP8lffxz/pKe/pe69DVdA+y4NqnJPVEEi8icdyrA6np2REqJjAGXunyO17qtUPbJKPvWKPs2XPaPU1uUfQ+U/TXAtWfrD1t/SNeiHnqdIj7mBMxw3JI056zASMs36JKedVZgY+or5ayrrw5nUX2Z06FZYWzMaH3q5V2I/jGvmak7HaxMqY9GL5l/FuEVmq9Pb1QKzUPNl1ro/Kc5E5Bt03viFHnBUB3oe7Y6QIvS/HCKzVcHp4qX/pMyhvtAKkNBC84izDzoW+iIR9fLwrMIN4nWoUdVYTnDyaeU3hfxD1mfYk0D56BPpQyNwlafOlnEZXj2Ya1PBGu+roJdaTQtpoxbeuXxxdRLWphG8aWk0MEf4lS0Oa33bvqXkEYVQaGWx/sy0ujgz5o53bKR9Km1GV9CKhXO+WjebQvn1xVje7yR8stAq8P01VErvtS0upTBj5ZT1PzvVqw8vrzUOlG06tN2X2ZqXerGTxrjNoL0uWi9MzL3S0yvHpc056q1vXS38oCTG9wDaip/25hxMoN6UD+Oq3WcZNp9spNjYcq/pbDRLVzrKV3E7jq5xJNhc+qSIC1Rjj3CuMtzCnMHkpfdSOsgXszph+QvzwXcVQTmKkJ29FzA3eG+34v7vda8s4T9vXhdnHbOYK+gSUhLRi1ndx+mouGSP52Ru+VqoE8EFfKcpMGlvvx059aj/9VoPXjjP6cVnY1UOFE0KPadi1S4PI/243mgN/adV3JIPyplvvxco0Pv1ujU87BbkxvDgZ1Kno2Vfm2JnBsn8WnWi90tN9bVypzG8p0tS33L4tC4ctB/UPT/0rnYCxlKs057b6Clyyw9jLE8B/AN7b6Yv0qShsWs1s8+jFUEvgry2Gc7xg5OUqTZP2QKJyrmnOU4nz39rrHj5dnS7xqH79nU7xpbwmdPv2tsGZ9N/a6xpaz31/R/3EXYCxlO8+POumffiBHaGzS4y68w/0IwN/uT+u/6YjK6uhacI7hLyAVoaTgFvTWhf8dfxKm2r3rZF4953W66aa3yHGqr53Y/M9IkWj72dKRJ9DeNO0VdJxOi+bHmkAlpfN4hyY6ZdCYkO5pSRmlhTL94+YzG4xkpZaF56i9aAqEpJVqH55mQlWhKmdZJPMymMyHx0JRSDf3Jn0dnUm6hKaXbNQLnMyd90HiMo2UI9Hx+pv6qN6WUIzE+k5IATSnnyP/5C+hM/s9vLNb6JF03zKSa30i2ersLozV3B8ugu7vJt1boU5unYHKi7trNF8XhW3X1XbqluDV3OfyrxBoOWyvWiwqEF4tNYiuHVIoqsVvsEwfEYVEtjov1UkpfJsv2MlWmyy6ym+wpM2U/OVBmyxw5LGSQnjY6PRhZgHgRJh5uslAWyRLOl/HS7ii8NE4hfEK4xMED9Oh08R3HKZOTgVOp2CSnyZlyjpzP8ReJarlUrpDPy3L5snyFa2KzfDMKF06L7Jlje9rYnCTGWVVpTg+bM697EIKTweakozkBbE792vO+OE8scO+BOdEr74fbnKDFqWWFM4v2VC5OkUqcZzVnbWtxnlh0o/DpRnkb3qbDjbO2Emc6JU6Oqo/hxhlZc4OBPSH6KtzmzDHOj5qTr+YMpTl9q29GIeG0gXsp3ppzrjgJbXXwm3sSzMljcwYXZ0btSWhzVvgFpGNOypqz2jjj60yDG2c6zRllhXsk5Am8Nec7cSJTmbPXOJeBk50hTSOhU4Dfpjqd+VI+G9arnx6Ooe8wdrnOn5YL5E8Sj8XESwvH+w5DR86VP5Lz5DPhWLpfa912Gfi3FP9mARNTn1XWLUSfLu9vjfYPsmawNbmw9UjshdqXMK1pGSDOu5K5mQN3KtTgtCrjkcGj+SDQ0+qk44seXU5+X04r0lr/hTUqwq0142tbwr3Wvl+P+Mk8N8+jhbTE2sutvcraayLer2V7vfWH7IoIW7/XNw2spUqqYns32/vCdiieLZda3HFRCw39tbgHoxYn+2uORJTLwrp+J/vU9dZalKM90z8P4WiTtePwLdqhOUdem1rXu7mU9T1UWVgR6XL8MbccPaKnsNu0jR+H2pJ8Jv7dDFzS+nR5MYywJgUnLBpjiqmUJtFU5jVNaczjcp2EUi9l9yp+vwZGl+QIrHSpjt4anLGuwYhxAiNSDfQZnED51KAfnUAPrQHtJ3Avxwn08RqMAydwRuwEyrBmNcW7729qeBZu6HYLQT0o8gbAqQ3GFxhRTuWrX5O5LUrSQMgBNHhnxknfadpHn9SIOGFJ4fuwjAndiqU11Jbwm2z2l3H4ZJhpWD+ipmq219WLrQWcej8BvQs1FXU1ZVppTTog2mcNRssTOyNqPJci7zeEJgI230XZ/PBzykPyCFJmzzlpiRbBLSr0/clGO8H8VtNPcJt84mP540ZiGfv1NHz9efekNPz106f19YLT+vonp/X1M43+uj23VN2v6r7+/O84B67v+nk/ibznniLm5usfndbX85pAd0YE3U822KLrviPLERiuQO9OtKvH+0fr6KpbAWip3AJa2YRvGhdPc3fjSZ9uJ+hZmW7ds6ytecMF1r3Y2pHuZWxWIl47jFAlPDIV8ahUxj49Ms3BU4SnBHJtXSPm33JAaEAJ342qIbjQ2o2A6wFxY9gJcI810CtTMz5iZjFzTY+I8S09Yn7Jx+ij0/4eNd/Zvh8DvkChm1sLsM9a2KL5aIns4aTseduWzCkVZebgD02q5QVaIi/dtg0PAF0J8l94VaBHiCDpVUMyjEBfQsuw2nUSGMfRte/rmO4NDH0y+5LaJ6mN7qO179e+qQ1S/bjVPfjK/XQEz3CRN1gmUeD4JycG1g/9tIpGxwmdFS/02KZGhjKeNR+2SAjT9tlj9XH47G/xMPvsuXihn/y5kaH1c+d41SXxvv7YiRd6dHIjQ+PmdGxBXDwz4oVWL2tkKJff8Zlx6nt93PLLOUtbwZkN0SXzRrwyOH7LabU3vU7W919NPck82zSekVfTsg2PCXVG+0WMkdbOEfvFIXFUfCpJejJJtpMdZJrsLDNkD4a9ZV85QGbJIXKozJcj5BhZbKEJL5WT5FQ5g7+azeu7hXKJ/Wq5XMVwjVwr18sKuUlulZWySu6W++QBeVhWy+NKKl8lywzVXqWqdNVFdVM9Vabqx0+mGqiyVY4apgpkmipURapElanJkdDma6DJF9DGwbf1YcOUqmlqppqj5qtFaqmh0YTEodFQF0lXJEUN0mLKzeKANO1XK9Tzqtzi/7J6Rb2mNqs31Xa1U+1R76mD6og6ZkpP1TiOk2BCnDZOitPR6eR0dbrHqTvkGJpZzL6bxL2fwug0A1dhb88090ti70zgvk5xkYZ2jwz7VgI7WfY2SaNfDmsw+hDwhwjBrZ1Gi5ow+2L7AEcCCoRDOx8hR3Ofqb2bNYA4Ro+cuaUU96va/bXvgk9CeORdpUYbm7gOqf0KMbcBYq9QADezEydBkTD65W6C+wZ8BXqNFkEJHAjYRt5MWv8WUaPVUOXg7Q8Qjn1Ds+MmQZ18EBDYym8ATkNM7NYJhAuMAZG3ppq9GGE01N2DEBNu9CtiN1B+AGg0Kxo9b2aP9b8A79TQAVTgLCV2gsyujUItyJ/CjVKV2A8Su/EVtGso3B+qrgY0ugdvRcz37YhltCFhhYo9xKae9SNaDRN7j2ZlxD2aFeyuu/8St2iKVJGub8hkyE/oHk2E4Ym4R7Mnv6lkaNKq1OkglXAanM8a2s0hmezvJwaKbJHDOQ0TOaKAW7BJpVuo/xidg2puXZs2u8vK3K1r9ol/V1deppWbtmh6kWm7pgUYnXpWGyPaotWxaNoW9ircLnXtzO7p7q9rzQotTOGWTaOJz9S3g1069W5dXTrlts6a59bTs/sJ7el1blaav7rpVcPmuek1VCvdwzpk9K7EcvlvcqX8D/miLJe/51n1LflHubP1IdCWzl+kUxfqxqYL9WS33j/MZNfAMO0VgLdF0Gj603MRWF1mc0/BjqeWTAnpmWxau1CcTA6M1tca/a8w+k+h+U+o/8XNwF81Y/Q/OR2+VmxC+NbYv4XR/wrFWv2XTmzCvz8dP2RseviHqP/fcRqIp/8lWjsebrLA/i1kvLQ7Cq+1+H9p8AnhEgcP/W8Q6ervOA6+ZZxC/wnD5RBKF27+XtMQiQv7I9rvLmgjXkZaD/EuaB3W7k1wF8D9ONyt4N4M93C4R8OdDPeTcF8F9+tw3w/3OriHwD1Ju2uvBHxVh4hOCJ+COO3gXgt3NtzPw90f7sVw94B7Jdx94c7Xbu7F2p0D93twv4Y4eXB/CjgHb5chvLcOidR0WzsS4UZn7c/gHomvdsI9A+4kpPAy3JUInwf3e3BPsXEiZmloMmyuWboCdmV45NJjoB7jDnCM43oMozV2vuYHc/pujGe+eSLGQJ6JNbRpHUA6SCWcRjceBTMxP7fHHJ3MfW434AGeqzP1XC0Kw1yu4dPM3e7zAM2fV3CVVpu0+bOFUc5qdTbamyO0NBttzOaPtdWK3APQ6H82GqfNn2bM0kaTsNEYbHQCG62/VrtvhC5f88/YcNGGszVado1OXVtnPahPuM4aGh31951hPneElN9EXuDfDMdouHH75+8BW2JrY2fNYFGzzJpftZjGtJhloX7M6SxrsMUsA4bLYmdTaOA77dlUGl3qb9S1GPEOwtMBb7RlZXLXpyezITnZCEmfk2Km9bnnnbL5fIrMenVBXS2YdaAAlyPviWr9kWubZ5ssddTYtU0dvyd5BRO9uuEnvLaxax0RyTly+45Y2xww6XDccBpmbcMh/fh7rGy45Utu+cO47ReF+M9w6fwSEP9MBThHZdYzWG8YDevCrEGxRhRYfQqzsjdrGCOxcyHCjTSL0RRuNKP/CW7811CQ0lHgUpWRb8HqRU7Gt9vgNmvZPwNiJaOw/nG+AzfwUf+JEPCVCn9SzkDN+abMmQ8/nZrTqYTTiFNzqZzTMIZ1q9JwzSnsKqhLUFIT4P4tIHYexGcIx76Bwm6GWWua3RizD6CeqKs5afZbsNJXkHkyck62/tBjFNJUaDHqGYQbeSkjm4X9B2U0zI+IqCesQRz8G3OvgPumM1tn4RrrqZ9wnfWMs5OgV2CVXG/16ix6J4FDBvL3pq8VcE6osXBvq9tJWFLXiuVbEXWGVmwk12xZr4+os4qIMq2KqLO5Ef2pLLbOTN9ynqqrOScN7uq6epJmZ6MNoNn3wZrQwZ0fzj8B8yNqbpmtua4Mh2HkP/lf5abVpp7ptjfJ1NV6qN63Yt9I19XWqFV13Qhb11NDfEb9nroePXUrt4wQzxK9fwQuhONWcUjEGMs5paP2C20qdT01HdDsZRpJP3PrxR6EgAtTGCEF9oYMX2J3i9CDjRyjvUXE3E9i7huBZKPZk7LyitghcnCHg5EbVBhdLS9yLSDmQrNrqPoDIn0HbUiZvUD8xXZCeymRnKmRdGio3qM50/pPuD9YyUwjFTm8WfPqZu308EwH3stIaRqOqgXzMhyb2SWcYfMy2sdWU2PlF5rWf3TbONgspv5oWsW2Gf/0XuqmyF7FfHeq3tsK96vd4MwPWD5cj591o+lAPUOKgVF7XpxKRBqhEbSQYx4WRaJElInJYpqYKeaI+WKRWCpWiOfD/QoyLtLwHIUR5W7uEjI8CrhvIz1s5IbNzT7StPX/V1dPpi+ZnqnwL97cpGP2ve1IaXqy2X81/0QMj9IGEP9BlPnv0NvioG+ueQ2rvDLAv+NelYX6Phe1J6KXYl9OGbrMLUUmZWBl7tCRhUjhEG0AjWuBQ71VW5N35M+x/V0j68cmQawLJpE7snRkIaWPeqK0mLY9VPrgw1Rd9GBhqUgrHllWIrpTR3IG3ZTL64LbB9+bTsPuGjIwncruzmU4n6i2lhLJpQQeBy6hK3k9cy3dTPdQgZZD5XdJ5PH787lfZ9DXuP9+g1cVeXQ/PWLfBrCjeCldxWPIdbzuuIXupeF6lxRvfWpFF1AnHh2uod50I9dOPj1Aj9q3QUqmDnQZXc1rla9z3d1K99EIGg8pWB1Dy4doyZFMyqLbKZdHjofoWzSRvk3T6PvhWK312osuosvperqNhtBdNIqKqJQepyn0JM0Mx1PUhnmGkQzl4KFZ6dRraO439Q20Jg1JbbmcuvA4mE130FAaTWPpMZpE36Hp9BTiaLmTdnQxXUE30E30TW4td9ODNI7K6AmaSt/TMlWI5dB5lMbcQV/wdXcyjzCGHqYJNJm+SzPoBzR7VM/HRql+gFmAuYAFgGNGjSwuU+MBJwJOAZwOOGvUqEfGq7mAiwFXAr4EuAFwC+B2DR0HMBmww+jisQ85nQAzAHsC9gEcAJg9uuTRR5wcwGGABYCFgEVjxpaMdEoAywAnA04DnDmmdOQoZw7gQsBlgM8Drh1bMrbM2QC4EXAL4DbAHWMfe7TY2QW4F3A/4CHAo4zaSOdTDV0fMAWwM2DP4pIJj7j9AQcBDgbMBcwrfnRUsTsccDTgOMDxgBMBpzzy4Oix7nTAWYBzARcALuZkSt1lgCsBVwO+BLjuUZ3LBsBNgG8C7gDcPV7D9wAPAh4BPAZYUzqquMxzABMA2wCmAHYsZfK8ToBdAbsD9gLsA9j/MW4V3iDAwYC5gHmAwx97ZNR4bzRgCeAkwOmAcx57rMc13kLAJYDLAVcBrgFcC7gesAJwE+BWhj29SsAqwN2A+wAPMLzWOwxYDXhcw4AE9MuY9kAyYApgGmAXwO4TSsaOCvQG7As4ADALUO84KR5rutHVTXAJuqAB6PDj8liUcApuI/WpuaIUHv+u4XHsWh4jr+Ox7us8al3Po8kNPA58g8fFG3l8u4lHhJt5/Lwl6st4LskjbkojbL3zpWHHBmFSA1DxmJhKFzXBJTAunxwmNgBdHmXb8fjYHtifqk/QFQ1C7E6SkWUwNyVix9eW76WArRqEFzUA9Xnezo2wBV3eIGyoTQpq0yDETgWlNQAVz0BXUkYTXPbWu5PChnLT56Yagpc0ACVzAF0aYTeUx320jjYzj76fjjE3PVSMZp55BnPK68RmUSX2i2PSlx1kV5kps2Se3CEPqwSVqjJUH5Wt8tU4NVnNVovV82q92qJ2qgPqUyfBSXUynD5OtpPvjHMmO7Odde4e97BHXhsv3evh9fdyvBHeeG+aN89b5pUHVgZeDmzyF/gr/LXBrsHMYFYwj9czk4KzgouCq4LrgpuDVcH9wWMJfkKHhK4JmQlZCXkJRRQQpr2ihQbX2Tar/cy1JPSO9rdeHOHnD9t2Yb+oe9+2E/uDbNpzv+/MY18vHnsGmrTb2Tza9bD2aGsvtvZmY58nrd0vIm3O67wypF3nnxzzfhL8kkfFdjaFKdZeXu/NFmsfiU6zfbsYf4do/wVzo/0XHoz2d8yO8HN5dCyOLp+LV0e/v3hzzPt90e/TeuF9EnRddOcxvR/zr0OYnxvOHF0JzgwxFWnTjH1JqrX7WPuwsdO7WXuPsS+18S6tMXanImNfVmjtvcbuvC223C63KV8+GHhGvsmxdkwtXT4/usVcXh7h1/FXx7zfHOPf9Tn+w9H+Ln1i/Puj/VeOifEXfsH+TdH+jI7R/m5pMf7pMf5t0S2m+5sx/h3wOzwTplgNKVzK3Xca+2sdrW1r62sliH0xcwZZvJrI47VPEa9+JvHqZhbNo0W0jFd85TyyVfDYto1Htz08vh3mEY54jGsjOoh0m85ga9t8eowz9jW2L1+zxNpHjd1zgbU/Nfa1tuVdO8/YvTxrd7f2UmtXG/u6AmvPtvY6Y/fOs3aFsb/e29qrrW3zy7T0Z6409vV9rb3d2H1KjX2Dbd03lEfXQt+s6FLvOzDGnxPjL4vxL43wc/r9hkS/77ckxr862n/7mmj/kGHR/jtixpU7DkWPlXdUw98hzogylderc2khLaWVtIZepg20id6kHbSb3qNDBts7Nho7J83aa4x9Z39r21LMtbWYW2LtKmPfZWeEu+wMcNd6Yw+1pT202Nq2lQx9xdh323Hr7knWtukNy7S2nUmGHTf2Pba13zPD2iuiSz3PiS6lvE7wt4870sYrF5NKkrXnWHufse+11N1rsc+3bSzfUnVfe2tbau87aOwCWzoFtpTvt1Tcb/vQ/bYPDS+z9lZjP2D74AMrjD2iczS1I2La4Igt8CdGzdSDaSgV0GiyOI3Yb+yR5cYutCU/ytbUKNuvRg+ytp1hHpxs7DGWxjG2hTyUFcFvsOOhndGzxUP7InDkVUhRcox/fjQNY1Ni/J1i/Nkx/pIYf3W0f9zk6PzGrYjGb9ya6HFg3LroflXPvzbGXx6TX0y/HvdaTP5bov0P943xvxZx6s9oDx+ElAbT7eK/A304TjunTP9RYP5xspZHdZ4m6Q/wc8nx8/w8Ot+f7E+hFP+7/pN0of89/3vU0X/K/wFd7M/zl1C6/3f/CF2deGXiVXRNYo/EHtQr8WDiQbouaWPSb6h30utJr1Nmq7atUuj6Vh1adeAVpl4duNCRNJc2C6lPWQRWB8oZr46ik8gQPUUfMUBki1yRLwrFODFeTBLTxCwxD7vKK8Ua8bLYAAm47WKX2CcOiqP8ZQXz0NuYi96DEwTVokZ6MlmmyDTZRXbHGYmBcrAcKgvkaDlOlsrJcrqcLedTRzlcjpElcqKcCqm4BXKJXCFX41TEa3KLrJQ75V55QB6Rn+L0QBvVQaWrrqoHf3lcOSpJtVcdVWfm0nsynz6AOfVcladGqCI1Xk3C6YS5aqFaqlaq1WqtekVtVFupI3Pxy5mPf4k5eX2GYJuqUnvUfnVYVasax3OSnRQnzensdHN6OX2dgc5gJ5f5+0JnXOBlUlxWLwR+BntNYB3sFwM/h10eWM/2C+z6BewXAq/AXhN4FfaLgQ2wywO/JMl2BfvWcOxfwX4h8BrsNYFfw34xsBF2eeA3HHtNYBP7XuTYr8N+IbAZ9prAb2G/GNgCuzzwO479YmAr+8o59huwXwi8CXtN4PewXwxsg10e+APHLg9UAv/VgbcsfdstfX+09O2w9P2JY68OVFkq/2yp22mp+4ulbpel66+Wrt2WrrctXXssXe+Arr2WrnctXfssXf9r6XrP0vU+6Npv6frA0nXA0vU3S9dBS9eHoOuQpevvlq7Dlq6PLF1HLF3/AF1HLV3/tLVXben72NJ3zNL3CWrvU0vlZ5bK45a6E5a6GktXraHLJ0OXLwxdvjR0+UrT5TuGLt81dPmeocsPGLp839DlBzVdfoKhy080dPlJhi6/laHLTzZ0+a01XX4bQ5ff1tDltzN0+ecZuvz2hi7/fE2Xn2Lo8i8wdPkdTO35Fxr6/FRDn3+Rrj2/o6HSv9hSmWapvMRSdznwTbfUXWqp62Spu8xS19lS18XSdYWlq6ul60pLV4al6yrQ1c3SdbWlq7ul62uWrh6WrmtAV09L17WWrl6WrussXb0tXV8HXZmWrustXX0sXTfY2utr6fsGaq+fpe9GS19/S99Nhj7S60OtBaErDWC3Et1lqryMZ4hBzNHn81xewvz8dJrDsWbwqLyIltNq5l8qaAttZ65uPx3hN3vpIFXzxJIg2os00ZXH6b5ikMhJeovniZv9O535Sdut6+mkP8KVy2E7rOvppD+x6xbEq7Kup5P+DJeOt9O6nk76Szi9XeH0/hpOb3c4vbfD6e0Jp/dOOL294fT+xq5b/Zs57KB1PZ30IVy3cNgh63o66d1wvvvC+f5vON/3wvm+H853fzjfD8L5Hgjn+/dwvofD+X4UzvdIKF/N9SRVYMbW3FpH5ra0ropM/JnJ4lk6j7ktfW5d35TxkZYmcK93b+C6k1x7WrZmMKTkc0nrG88nfTf3CNLnpt3wWfjJSNtlDnUK1/Is6CafBZ1jc1U7nEy+l6R7vboV7vu0u9Vwhn3UbQjJw9tsuPPx9v7w26NI4aNW93DIDYjzT6RzpFUBYubpODp9jpOv3+r0zVt5TKcjq3Ve8h86Bfkxzn13BbdC4FVuxXnLT7RMhkpQSZTgzfSeolaat/EGt10ATQg9oQmhfSO/qDvVqTWD6NuG9N5Hyil83VhM3cSfJi5PXJFc1ToL+GY2Et/I76Kx7oM7ehqD9cnScHBDTl9IhnY4xVSkHlW8p7yZslaPKsp8xe25FXhPeVB+aOK0kW1EG4U4TuLKNvXLLuukOYvEfyVzA1qviDI7WfzIE7si+c8RejJCX9528pzajGli/IcMdeoD72Kl+7HyLvHSvUtJio30tjqgLmE+8SrVnTnD3mq6mqG+r2ap2cwP/kgtUD9RzzJXuJz5wv9Q/6n+j73vAI+q6MKeuffO3d3s3rkbQESkRkRExKWKiHQBkQ8REBExUpLQQ0hCEREhKoIC0glFDFU6offeW+gEkF4DIiIgIiD8Z97dhIAUPwU//v/5s0/ec/fdW87MOVPvlCn6NH26Plufry/Wl+ur9Q16kr5N363v1Q/oR/QTdK+z+k9UP7wg8tk3xWuijCgnKoiKopJ4Q1QV1UVNUUfUE6GikWgiWojWIka0Fx+LzqKLiBOfi26iu/hK9BS9RR/RTwwQg0S8GCqGixEiQYwR48VkkShmibligVgoloqVYq3YKLaK7WKn2CN+EIfEMZEizorz4pK4Iq6Jm6ZuOky3aZvBZkbzSTOrmcMfbjPEzGPmNfOZ+c0CZkHTZxYxi5klzFfNMmY5s4JZ32xghpsx7hnuWe45Hs1jeoI80pPBk9mT1ZPT84wnryefJ7+ngKeQp5jnFU8pT1nP6543PP/x1PDU9tT11Pc08IR5WsrD8rhMkWflOXlBXpKX5VV5w9ZswzZtpx1kSzuDndnOZxewfXZRu4Rdyv7enmRPs2fac+2F9lJ7pb3W3mhvtrd4m3kjvVHeWG8Hb0dvb2+/4Ijg5sGRwdHBscEdgjsFq97SQ1Tbz6k/RxZ8US+kF9O76p+RBb/Ue+i9yIL9YcFv9ZH62LtacL2+mSy4K82Cp/UfyYI/67+IfKKAKCVKi7KiPCxY5Q4LRojmIlJEi3ai439pwTm3WXCL2CZ2iOSABU+JH8XP4qL47S4WfMrMfg8LFjaLkgVLmqXNsmZ5WDDMjHZPd890z77Dgjk8IWkW9HmKekrAghU9VTzV7rDgIXlMnpI/yp/kL/Ki/FX+Lv+wua3bwnbYLtuyg+0n7OfsF+yX7CL2y/ar9jh7oj3VnmHPsRfYS+wV9hp7g73JTvI29bbytvbGeNt7P/L28vYNDg9uFtwquE1wTHD74I+DP6VUWIIN0XPrz+s+vah+Uf9a76sP1ofp3+mj9e/1mfpcfaG+FLbaRC2wndQG+4FaYcf0U5TWzorn9YviefGC/rWoJmqI2qKuqC8aiDDRVLQUUSJWdBCdxCgxTkwUU8UMivv54gWxRKwQa8QGkaTvJLlb7BMHxBFxQpwR58QFcVlcFTdMzTTNINPST4lq5hN6iPm02dIsLmrTUajZyGwijrjneQyP0+PxeD2ZPFk82Ty5PHk8BT1FPC97XvWU8VTwVPa86XnLU9NTx1PPE+pp5InwRMqj8qQ8I8/LK/K6zWyP7bUz2Vns/HZBu7Bd3C5pl7Yn2FPs6fZse7692F5ur7bXe1t4o73tvH28A4KbBrcMjgpuF9wxuHOwWsFkCPze7/U9yNdvefqDPDzVv+/n0w/HY3OSZyq/TPXJu/njX/PEnwI++Jd8j7xO+dwtf/uzt72kF7mvt23Ut+g79GTytkPwth/1HwPelv8ve9s8kV8sFsvFarFebNZ3kNwl9ga87bT4SfwifhW/iz9MbgrTleZtucnbWsDbcsPbIsjb5t7V2wp7intKekp7ynsqeap6qt/hbUfkCXla/ix/k9fkTdtt23ZG+0n7eftFu5BdzH7Ffs0eb0+2E+1Z9jx7kb3MXmWv8zb3tvG29X7j7R/cJLhFcOvgtsEfBX8S3PX/e9vf8zaWlQXZl+xf/bUv+7L9m5lTP2OrXu0gVe/y18Uopo7qZ0j7Zky9f7ZYaWojNKc2QTS1BTqyztQa6Ma+opaAWmXOIn88LP6gPIpTLiUon3KZQZ4IsuBiFkStkFBqJzZnUelaEUHp1nEcTm1G//hRtVchxyphaiSgGgOqeoBV767qIZ7B/OtvzqH/efqvTKOa0W+En+u/E3bXrxH2NrtT2+E1swNhGbMjYTmzE2EF+ymmyQs2tfzlJf0yrr2Ca6/i2uu4tgeu/QjXfoxrP8G1WXFtNnWt2RlnfgrsAuwKjAN+Bvwc+IVCz0WF9o/AswoD/atqXSg1mlRjJsvg3sQE1Q0oFvUzt47NnHc71ytunXvrGOf6W+rZsC6rTvwO/ZDqoyVGw/hGtStycbq/kfYkw39t8EA6Oqy41CPyiU/pHsT4Je4vsaJWLpYH9VyDnjAl8IzMGBedJ1DbVu2UsqSbkaZl4DnuzXR0keqxB4IHpT1xUOoT5Qr/k/xSP4PeZ4P8Q630OShQs6Zatr8tq2eg9qNTr6y/yVyiiCjKpChBrVuv+br5JstkVjdrsafNOua7LLf5nvk+e8Y93j2N5XVf8zBW0HqXWo5F7RA7Lytll7HLsHL2VnsXK2/vt8+wKl7Da7B3vR97P2Z1vQO9A9l7wd2C+2MdNq6PBk4AHgtoGELhDwmMRWLYo+Ju5znJuyfSWWPIm0fQv/LjEH97w996+J+GqzfwO+AB4CHVElN5QEB7ta91DsLiZOfirFQgtG8G9P8r93AgrWclnIMUnzq+5XEI/921Vt+uB3QPoXanSlv+nVX9oa+WLvQPuoPNFrA1lKPlZyfpX427P8y209E+ytXUGPzUFRn/97GhUavzPDSfCVwI3Ag8DDxyW/h+Al5Em3tTIKxlKW78e0kXQG9TBJUDateZkuh18sfef9Ji758/MRPbwPaTXxVl1+l/Kx1fZil0dJ4tYbsDR6uIVaNPSj528dz1HmE/9F/FQA3WiLyzOJWxxVkdOu5E5XVxKnUrsvqBo6ro2fPHfvW7xP7D0CMj+fkmtoesf57+Z2Genn9dk1vfzjD1dr3EY2IHVbYq7Jsu556SLiYOpYVb5eUKT9wl1GXJr0Ox53JR8rC65OeVUO+59S2KhQbi/q10+cY/f7a/huDvd+J2bmBU4Bdv4Ik1Ar/52cxMxx4uIfjtbULD3093R1+ff3Skfx/CPFjj8t5nq52LXKo+aV+3r9i/21fta/YfthoF5lK1SbMZ1WrfpnrtO1RDXcrUG3uUjlQ/UfGQjd3q01M90pxiNBvuqrGF9GGynmysPE/VX2UE+5m86xe5RC6VYXKZXC7D011D95aVb7vHg69RdaNMVjfrS/m17Cl7ya/kMNlXDpZD5FDZW34j+8h42V/2kwPkQOmvixQgK24kT9/MktgRdoVL7uUZ+GSeyGfwBfwSv6lJrZBWmKl9wl60Pre+sDpaH1udrE+sztanVherqxVnfSbHybHyezlBjpcT5UL5rRwhv5PD5Sw5X46Wk+UUmShnyJlytpwrJ8kEOVKOklPlGDlNTpfz5AK5SKpaxIvsKQpDAZRLFSlXrY4ZHmqOSzPyvxaUB7ei9D8/nbZnSF+di4DOuXgIHxzQfDafw+eS/uv4Tn7cEUSt0ypspNXWamd1sNpbH1lt2bMsL3vOaodRtf4R6AXZS+rX9KPDrY9ujQ6XLWRLGSM/kZ/JprKJbEbfm8uWLIy4aBkr25JGpJf8hG1h2yjnbsKmyjjZVX5G9b6+dH5zNo0toKti6eq2dAX9RiXnUcpPTrHT7EfK539n19gf3Ckj6dNatuam/Ig+HWVHbnGbB8vO9Okiu/An+VP8aZ6d5+S55Zf06S678+f48/wr2Uq24vF8qGxHn/b06SA78FF8DB/Hx/OJFDNTETezKG7my0/lp3wxX8qX85V8NV8rP6fPF/TpRp8esgffxnfIKBnF9/B9/AA/xI/wYw41rmIkpZ98GEVfAmPkK7HKrAp7g/LkN9WIClitBqWumqwWWe8dysHfpXzjPcqh3idLfkA5d2MWTuVo09us2ppylTbUKothbSnnac86sI+offYx5f2fUBvrU9aVJdCTJ7MpVOOcT3nvWraOraeycjvbSX5wjJ2gsvEMO8t+Y1ep5LzBbnKNPMMg33BwFw/ibu4JeElGnok/wTPzLDwrz8ZzwGue4Xn4szwvz8fz86/5IPKiIXwYH86/5SP4dzyBj+Sj+Vj+PZ/AJ/EpfBqfzmeShyn/WsgX8SV8GV/BV/E15G3r+Qa+kW/im3kS38K38u3kf7t5Mt/Lf+AH+WF+lLwRY42sUsg1MB7Jqn57qr8wQ323GlrN/d9vXsb3Flas/7t6p3Tb+eNv/x2rcaZer1Hu/ZJ8RZaUr8pS8jVZWpaRZWU5WV5WkBXl67KSrCyryDdkVfmmrCb/I6vLt2QN+basKWvJ2vIdWUe+K+vKF2QB+aIsKF+SPllIFpZFZFFZTBaXL8sS8j28maunfUkP66H1oHSkkTeEyCBpSSmfltlkDhkin5F55LPSLT3Sll4ZLDPIjDKTfEJmlk/KLDIrnZdd5pS5ZG75vMwv88rnZD5JrV1m8IK8iFodVMvITO0J7QVq3/fUejL1liGIxcnFVg/rK+trq6fVy+ptfWP1sfpa/az+1gBroDXIGmzFW0OsodYwa7j1rTXC+s5KsEZao6xJ1kRrsjXVmmJNsxKtGdZ0a6Y1y5pjzbbmWvOs+dZCa4G1yFpiLbaWWUut5dYKa4I12hpnjZEa3X+s9Ys0rfHWSut7a7t13lprrbM2WautNdZGa6u1zTpsHbWOWcetk9YZ60frJ+ucddH61bpqXZOGFNYBa5W13tpgbbaSrC3WDmuXtdPabSVbe6y91j7rB+ugdcg6Yp2wTlkp1mnrrPWzddn6zbpi/W5dt/6QXDqkU7qsG9ZNyaRuXbDUGktxzPW3UuPd02DsPVJhF0qHPZASVSrcdY+UpyPVBaWluEx3pLY8aSnNn86+pTR27xR2e/raQGkrKZCu7khVVveAr9/PV/9pOvD7egHtPfLI7lp3+HoVlpu8Ojidl/u9N4i8XaUA5e+3e/tT8Pds6T1evWXjL/AXKQH/wn+j4981W6Vj7mRd/6aPTw349nzy4xXw3onk74vhw5PJ3yeRx08nn1ceP5s8fhH5/DLy9aV3+Pf+gIf7/XvT/8DDVQ2rK3l4Hn+pHZgLk1Zq33dOlypvwlDiNKEyh8pilCJTVWmcrhxJrVNsoZJ7G5UqO6hcub10vhIonzUqVUzupFLF7S+XqUR5In2ZTKXJs/7ymEoSKo2pHBlBZcg9ymEqQdKVwlR+bKSyY4sqfancuK3stSqzdP1o2GfX0E6RN06+K69rp+kXf923Ikvd76AW4ZN32+vmXmsJYEclNXPdf6fieD+cNe1eD9onJv21WXFtrjuuVb8Tpu3NcP+zGgV2UlVj2tU4+Po4rzZ7OGvi//d7x02GVg0Du61mwe57qi859LHSKxS71qmR3xEPVa+/v4vsLf38uxs0QM+oGr3d9LHT8Nb+FVkDuvHAOq1B2si0e2ane+5mebU92lHm047T/V81Y81YVgZPKYunlMNTyuMpVdPur/xZ+fEoxgM7Vzy80D9MPf2pTa201wh7bTxsPVNzr9RYyYJU1BylepZH/jz/vh4+OlLvBXLcZmmONcLSztfGptMyK0abdaBjtbPXw05f93+6X+f8TMdumln+pPO9tI2mY7UTWYNHGau36Zm6A3WmtCc+DJ9UfUe/4v5NkXY08tCH75kJf3qa77+I9QdfdTfbpl6l8oZRgZzxYZd1D9MCKrWq+WxhdBT6CFLrnTZQntzhX/fkf+/pD/IJFf+qLzRbOj8a8TdKufnp6gmpO6Gr+YF5/uSf//Tuai/6R3n3UNS74uGDD9sa/0y71BrOo6qDPQz91N6USjflcS0fkTf/My0F+Xo27L6o8kKVJ0Y+lnoasHXE/xWxqd6iPc6xyZn5xyfI99R8zlttXNUfYND1BrVxJ/h3acSYkayot+n+1i1Y/xVe9wqs27kSuErhfa/xqpoKXaPa0Ooqv1zll+k1Ie2LB2YY+PfZ60c50AiMkFAjIxaxFWwdS2I72T52mJ1kZ9kFdoXd4AYP4l6emav5fvl4QV6Ul+RleSVejdfkdXkoD8Osv3a8E4/j3XlvPoAP5Ql8HJ+s9cJOJr0JSV9CpbOmWvKE1JonpBY9IbXqCallTzhQtQG0QdpgwsFkFdUiGqLiQLWLtGFkX80YqHZWN9uSfTVnJdd7TCMr18Pa3u8Tvu+qT1jf9QHhB65QwlDXh4QfuhoQNiBLaa6G1DZXKxM2JmzsonqAK8wVThjuiiCMcDUhbKLW6VbrBxI2c1HNXvUXELZwtSRs6WpF2MoVSRjpak3YWq0G74pytSFs44omjHbFEMa4Yglj1Z4IrraudoTtyCc1V3vyE82/AiJ6LjT3FfJJjTzzAiFWKsQO9KmzQf31lHeUJVGuPhzPv+WniRjr5HH/RrHaU6F2Guv2dyPbdubdyLKDbpvRmcR384P85F3nb5bWKmnVtTq3zdbsTVYdoY3TpmpztCXaGi1J260d1E5q57TL2g3d1KWeWc+h59UL6sX10nolvbpeRw/VI/RIvZ3eOd3MzKn6HH2JvkZP0nfrB/WT+rnb5mHmNQoaxY3SRiWjulHHCDUijEijndHZ6Gb0NgYZI4xxxlRjjrHEWGMkGbuNg8ZJ45xx2bghTCFFZpFD5BUFRXFRWlQS1UUdESoiRKRoJzqLbqK3GCRU/uBNH+/IKyTyigLIK4rBEjVgibeRb9SEPWrBHrWRh8QgD4mFbTrBNp/ANp3JNhfZp0w3fBSGUiRLGmWNSiQrGlWNGiSrG7WNeiTrUsjCSDYymhqRJFsa0Qa16iiknYw4kl0ovD1JfmX0MQaRHGAMNRJIjjDGGBNJjqdYmEVyhjHPWEJykbHCWEdyjbHJ2E5yK8XNfpL7jMPGSZLHjTPGeZLnjEvGVZJXKMYMpgtNOIUk6REZRBaSmUU2EUIyF8VjAZL5hU8UJ1lUlBRlSZYWFUVVklUodmuTrCnqilCS9UUj0ZRkhGgpqJ4qoijOO5HsKLqIbiQ/F1+JPiR7iwFiKMl4MUKMITlKjBdTSU4WM8Q8knPEIkE5oVgm1ohNJDeIrWI3yZ1inzhM8qA4Ls6QTBHnxCWSF8QVcYPkdVMznUw3TdNjZiDpNTOb2UhmNXOZeUnmMfOb1No2C6qRpSRLmKXNiiTLm1XM6iSrmTXNuiTrmPXNRiQbmBFmS5LNzSizHclYs6PZhWRn83PzK5Ldzd7mAJL9zHhzBMnh5ihzPMlx5mRzBslEc465iOQCc5m5huQqc4O5lWSSudPcR3KPedA8TvKomWKeI3nWvGBeIXnZvO5QM0WZw3SoWZ5BDq9DzdDM5MjqULMqczjyONSsyHyOgg41o7Gwo4RDzUYs5SjvqEKykqOaoybJGo46jvok6zkaOCJIhjmaO6JIRjpiHR1JdnB0dnxOMs7R3dGbZE9HP0c8yUGO4Y5RJBMc4xyTSU50JGIW9CzHAsxfXuJYhZnH6xxJmDW83bEH8333O45iru5Jx1nMsj3vuIwZsledTM1tdRrOIDUv1SmdmdSMUmcWZw41C9QZ4syn5nE6CzgLqzmYzuLOUs7yJMtSmqtGsqqzhrMOydrOes4GJEOdYc7mJJs6I52xJKOdHZydSXZyxjm7k+zm7OnsR7KPc5BzOMmhzgTnOJJjnBOdiSSnOmc5F5Cc51zipBLWucK5zplEcpNzu3MPyd3O/c6jJA87TzrPkjzjPO+8TPKS86qLkbzhMlxBTHc5XdKViWQGVxZXDpLZXCGufCTzugq4CpP0uYq7KP27SrrKuij9uyq6qroo/buqu2pTSae76lKZRumfSrCmrkhVzjp7orQ9DUxRZS4xvcH0BvMNmG/AfAOmD5g+YPqA6QumL5i+YPqB6QemH5j+YPqD6Q9mAJgBYAaAGQhmIJiBYAaBGQRmEJjBYAaDGQwmHkw8mHgwQ8AMATMEzDAww8AMA5MAJgFMApiRYEaCGQlmFJhRYEaBGQ1mNJjRYMaAGQNmDJixYMaCGQtmHJhxYMaB+R7M92C+BzMezHgw48FMADMBzAQwE8FMBDMRzCQwk8BMAjMZzGQwk8FMATMFzBQwU8FMBTMVzDQw08BMA5MIJhFMIpjpYKaDmQ5mBpgZYGaAmQlmJpiZYGaBmQVmFpjZYGaDmQ1mDpg5YOaAmQtmLpi5YOaBmQdmHpj5YOaDmQ9mAZgFYBaAWQhmIZiFYBaBWQRmEZjFYBaDWQxmBZgVYFaAWQlmJZiVYFaBWQVmFZjVYFaDWQ1mDZg1YNaAWQtmLZi1YNaBWQdmHZj1YNaDWQ9mA5gNYDaA2QxmM5jNYJLAJIFJArMFzBYwW8BsBbMVzFYw28BsA7MNzHYw28FsB7MDzA4wO8DsBLMTzE4wu8DsArMLzG4wu8HsBpMMJhlMMpg9YPaA2QNmL5i9YPaC2QdmH5h9YH4A8wOYH8DsB7MfzH4wB8AcAHMAzEEwB8EcBHMIzCEwh8AcBnMYzGEwR8AcAXMEzFEwR8EcBXMMzDEwx8AcB3MczHEwJ8CcAHMCzEkwJ8GcBHMKzCkwClMM5IcG8kNgimq/OHsq1E4DU6ieqJj2YBSmoHXTU6F2GpiiWjrOngq108AU1eohph6YemDeB/M+mPfB1AdTH0x9MB+A+QDMB2BCwYSCCQXzIZgPwXwIpgGYBmAagGkIpiGYhmAagWkEphGYxmAag2kMJgxMGJgwMOFgwsGEg4kAEwEmAkwTME3ANAHTFExTME3BNAPTDEwzMM3BNAfTHEwLMC3AtADTEkxLMC3BtALTCkwrMJFgIsFEgmkNpjWY1mCiwESBiQLTBkwbMG3ARIOJBhMNJgZMDJgYMLFgYsHEgoG3uOAtwBTViiSmHZh2YOA/LvgPMEXth07tOJdigClu5LRu5LTAFDdyWjdyWmCKGzmtGzktMMWNnNaNnBaY4kZO60ZOC0xxLwGzBMwSMEvBLAWzFMwyMMvALANzCcwlMJfAXAZzGcxlMFfAXAGjMEW1kZ09FWqngSlq1y5izoE5B+ZnMD+D+RnMeTDnwZwH8wuYX8D8AuYCmAtgLoC5COYiGIVq9Sw1M6s4K8lKs/KsEqvKqrOarA6rx0JZIxbB/PtND2bM/av7V+ZGu0710qi2tlq7Tq1sptZcVCPq1D59aoU1tcqHGvWgVnqqwjj6y6v9894Ter5GWqBnge5YmGWGlqnzwm7NKOvDBrB4NpwloC9oKpuB1dA0ZlLrdhy1dMdTDcRB7fapzKMlUp3B0mZSHcCmdvwCFsz8bz3V+0SN/jsQdsC+22q2Gcd/N/rvTv9qHERP+qU3epfV/6BAL7jqfxxOv4zAbLRbM9J09E1RPYH+l6CEjEepGI/8eBjKw3jYfBhKwnhYexjKwHjYeRhKv3iUePEo5eJRssWjNItHCRaPvHwYyq54lFfxKKPiUS7FoyyKR/kTjzx+GEqeeJQ28Shh4lGqxFM5r2vfkqQ2jjaC5FHoobxrGOMY6ZgB/TiaNl9dgR0GwKEW8S1qDiNQW/gWNYQRt/XQqHcrBsomFW/m5ZFpb1nUyMl6eF/pf+tfhz2st+maNpnixf+EPtjnMxve5aR/hlMbonpE0PPB0fOhoc9Dd71HuZOBfo4Q9HM8g36nPA9Zr34Up+qNkP+dzeOk2QCyh0E5hvrUfsx0K8zyEhYIvIOug7GC/pxL5Vludvt7xfRXNmXUVmUFKb/Lct9r/04Y7/a85iw/xaKPPmFp/v1on6hmUAmKIfWJCLy3fNTPzIr0G3Kbl6Seob5tDpxXI5AK6/5jf7rb3WumpaV6j+T+tdOliPqP5AkhgfjJf0dMpo9xjh1m/rvztwfOrxuIoZqBN+n/TP97afVon7I9rcxItUbtwGiuRxOaR/2c1PDUJzuKwCyrOoF3648mRI/+Sdv/Wr6AN6QM49zqY7RF87Tc6mGOLvnz8x6kV9t/Wa+2gdEmIYT50maGv4szMd+Pas4K5zD/u9D0NauJ/ndf6CXqhZ6hgbhbQaS+inQUESjr6gZq+ANJ/8FUFrigWxD95gqMU04bpYxa9/1HG6t32bY2Shsd2MN1tjZXm6dt0bYG9nE9RLVLf6hUu0CtIVY9oMXff55Dm6hNoxr8Cm2ltpvqtv5wxgXC2eARhPNBIVSabQmEs14gnFX+QTjvDOGt+//vwzn2odpz7GNrz+2P2J7bH5NwTnio9pzw2Npz1yO2567HJJyJjziciY9JOPc94nDue0zCOe6hps9xj2363PGI7em/fybU+SoF6lbvsb8zP0vSFQPu83T/ikc5MHObM8MYSLXCylQj5Kl9ZYyjzyKzOhs9tJXsCzjiSqZbQWEq60SfDdC13r8ycufvxIeHrOu37TQtkSzrt+s+W+3NcWum2f8r4WmUbjWMjoE1pv690DworlXLYNVjrGGjx15DfxyueIw1bPTYa+iPw5WPsYaN/qRhN9YFK5f/expy7RvgkPtq+7/VsPdjr2Gfv6ChhjJ5l9u2W7tVf0n63WjyMFuuk+vlBrlRbpKbZZLcIrfKbXK73CF3yl1yN7vXitx0JSuJ3bXV6mR3W7HyHquGy71yHXA9cANwI3ATcDMwCbgFuBW4DbgduAO4E7gLuPuf6ORtov0OvAq8BrwO/AN4A3hTIRlcIQdqwCCgG+hRaHYDfsnSr0ap1qIy7OzM0Efrx7DO4a3fvkMPVhY7F3PqB5iuf6cf0nvT/5k7mTtWuPRfl5nOcgTOuh64Kt33O65ZSB4QxPKzqqy5nYPZ+mH9PNPVulj6Rjq+qFaR1H/SZ9LxkcDvxR/w+23Xq5UL73d9+t/v0Eunb4VZfTsny3QPrbqq0KW7v//Mu+n3F84MaNIVMXR3nfrCZrlZRvrtSOBatXroFNjwRLpvF2+/kq4Rdm47ym5jR9sx/jQok+Ueuc9W5cOt1cDuXHlLramTCal6Bo5xN//8FLfav82/Bpr/XbSqR6f2oKonB2EM3CCMexvEbp87ot49Y+wBUztTee6ZTu7XtlAzWvao+RrAUGBjYHNgC2BLYCtgJLCNQrrDHsyVUNqGkF5qx43q2EejAWY2RmPkgX+N2we1MzStl1u9+x8AHKKQtEqGVsnQKhlaJUOrZGiVDK2SoVUytEqGVsnQKjlttsSfZsLwGXweX8JX8Q18K9/N9/Oj2PfqEr9Kyd/UPFoGLYuWQ8uj5dd82P2qvFZFq67V1uppDbQIraUWrXXQOmufa19RPXyQNpxy6vHaVOx6tUxbo22ivHqPdlA7rp3RzmuXtevY+0rqmfSsei49r15AL6yX0EvrFfWqeg29jl5fb6Q31SP1WL0j9rzqqffT4/UR+hh9op6oz9EXYZ+rJH2nvo/8+aR+Vr+gX9FvGIYRZHiNzEY2I8TIZxQ0ivrnJ2DHK8xIMJobUf45CEZ3o7cx4F8pxVIt2Rv4DbAPsC+wH7B/OmsPBA4CDgbG3/ICbRgwATgSOAo4GjgGOBY4Dvg9cDxwAnAicBJwMnAKcCpwGjAROB04AzgTOAs4GzgHOBc4DzgfuAC4ELgIuBi4ArgSuAq4GrgGuBa4DrgeuAG4GZgE3ALcCtwG3A7cAdwJ3AXcDUwG7gHuBe4D/gDcDzwAPAg8BDwMPAI8CjwGPA48ATwJPKXQgL3MtsD2Cp2V0qXXesD3gfWBH6RLxx8CGwAbAhulS99hwHBgBLAJsCmw2V/IA1oDo27lB65oYAwwFgjNXe2A0J/8WiGs6YY13bCmG9Z0w5ruJcClwGV35DQapYBkNVcMeA74M/A88BfgBeBFQlWn5A2jGzaifNtk6k9o5/WnjSZGU6MZvnPm/8un3tmFtYxsEjjOHOM/Lk3/IeWiW0UWyFXho+iWBXJVjg5vUSBXtYaxkeXovgVy/fm3KuGNov1nMP+ao9z/nOzfMoaVM+kv+0BfXPa+pit/tyrdfrO4Q0uIyx5HVGeN80Jun8sUL0hdyyqYr6EZ9ILJDR73ssaNhFq+t30F0jHZRuXoki2wSc5brBGLYa2pQAhnsfRfWn18udPdzMiU3CdjFm+GLE1W7OCTVifunVV/2KAJCXFZavnijOW+OH1Cgq5xTctYhFRckeBa/XK705c3Q+EVPitNWy5Ir/ZQU3/HMDNq79QqlNEXrL44Mwa92zCmabPIJrGtIwt5fVKRjoyOmuFhrVpHhhXK4cummKCMT/ynWePo1jGtI2JzVWgdHdU6umFsM7oity+n+l3PmOXW77WbtQp/sVZsw1ZRuWpUKOfL8aRVqLjvFd/LhV4uVqJYoXr0tUS6r76u0x+JZh5fkPrdnVEv91aFQnl9efzfstdu2rBleEyu2rVq5Xq9VvWSFYqU973oq1S83ItFC9Hfs75n/OHJdtfw1AqPbtescbgvjoekj18umB7HbUZ8kBbHORt+6LXSDd4a5O4Sevn8V61vVMgwrNzbs4f0LBST3ZN1d5GjSa8s2Mw+X65XK3ZxeIkJazO+Wmxd3PLwV1/4eV2TdT0/nbdp7pjO/a7XSjzXZtNn7+ycW1Be+qJLee+Q8G0F2BdXK1eucaWYOSL3U0dG1I58o1rhswt6r8pdMvfN2NhPSr8yNnxNyJcrZ31UydH71Buzjwevuzbpj7cLXsr9nSvzmLBOC8JORRwpkHxq1MbMV3L/zGrtqvBm/89XDk2o+H3e9cOaf+JtWu29xdfaTDn+45Ywb5v6rx7ptdjVbe/rFddt7Llu3LEyXw/lBctELL9ZfhSbNcU5bHmTVYuuj8p8bMiN9vqH/Uo9//a+I73eTKidv2GzMt43NGo18NFx3EUxInzZKUqzq2mPmY7l+GjP9XUNCgQ/FZ+h1cjEyF5J306GB2V/xsjiy9wl0zNFr+ytWSkq6Key19pdm/lC4spiM21fbXVCTuM/vjd9byRUTni9W4WmsbFRJV96qXF0y4KtUu1UsHHrVi9FtWim2JeioluHtW0cG/NSmhmVFWFE8smCdIqvrumkZCmEg3Ojmq+qr0rqd5/WrVTgAe3bt7/bA8Kj73PnWF9Gpe+zhvLAwC115x3JUVdekq9o7RaJ9o1WPyzKNWzD6Cdf2PjmujJW/qTZhVss/PbShvU3hn7i/alYiXrJE6Z/OO/XWSPyD5k7r+7UpB+2GGOHJFaZ9bxz6B+mc9bSA2sv1flw/9b9tcd9mrFmyXxXJz9X6oMzFcOLxAStu9n2xKXKKfLdUr2atPu0b/OpL/dp1yz7K29MWf38rrnvPf3+kSa964/dPS1rvSFPhuotjNcW94h94uxTz864FvNGzeWHwjNGJOjDrs8cf37JqNW99h5ZZTfb91n9oqfqnLl27q2YZl3+qLS+46Qbz+1qWMHTP2vXD4IKvbbBceCnhAylNzXSVpVL3Bm+4e1qvY4tG14n+pkKlyZviXv/rRo/9qrpHRXUqnT/ZE/p89l6+OJMTpnY6XSZ2KrTPa507Frj9E1kYqvSx5qbMrHOjySryOfL60/0OdP/Hhaeq1azJpF0V5WN5SrsK1QIednLvhKFChX20aeoPy+79dUX+0j0C/yu3+P3B+ZG3b+al2el45uhXT564nreBtejuxe4emn04O6DKs0dvfHDHi+VLFIwR98OVztNyBnHZ3fcmHWRvqHSj6uH/HbNyH7hi6CbIZEjLzR5bfVzWU7ky/mrMaBc47PHFjzR86eMQ4sdLBFVu/WrZ6e87vK9sXzJN74hno3t1v8WMzBz+21fLxyw1vlFrp9yjC/2f4o7z6imljUMJ4HQQpMAIkVK6CXshK7SWxDpCCggQugYmnQsNJEOIh0pUaooHVHpAkqVKqKICIJIk2YBRbkJHpHj9d5z7o+7zo+UmVl7z96T93uf+WZWklWPB6+8QNpRgy+uLIz4fYv9fPt0hHzDPc5Sm9Sm9rCKhNKRMpEh4y9Sz3s9Et8c3F70cOm+SOHj9YreADO8CurAHLtBLjVzgubruWsdb06+vvRhJIOOM65gOmx/y0hXDgf40VdMITxRIpUbg954wHsdVNlo1BXqKmQevCzrGrRetwiHLfxwoyDCiJz7bjd8RLvZ5fIxCvBupJLssavuEZuwvtNy89sODywGO+pKalvhaYAhsXkfKcGL8jQBdRQNAPtOFlIdPX1DlCSAJhahcBG0BACg0CJYWUDSRsrOWkxSzkZSTBItISsmKyGNFrMlwM/eGo2WkrTH/skCMa62M/rQoZCb+2VkeGpwRV3ekOT/bIG/dSg397M7LkiQC0HHBBUTBEzUrxXxSQyQEQNkdyzQeo8FHgcIc5U9Fqj+lx38cMH/0oUXQE28cDgYvE0KAUC/hDNJCISQ7DNzjpk+0O9A6F038Hu6tPG1t+FJ8+omm8mSUYeTJvRJW/fi1Fa6ebLVPlnBZqg6/FWGf0S9fclY3QLkOKJWHuGnjCvdWAWdTEqPYu+hTO7PYFcDivOZH93XNP8gIhmdE28m06rLXsbTRd87GkJfLLVSytMRz1sQHD0hwD5tzxGpgNw2JdFpcQ3NRS9UV4nrm1iSVTDFdHBga89Svx4J4KcTTlEvRIcqpCiYavkiIr9V0D+KmqFgMmgXOYkyl3NOKcqLcEkRdFttK51vUN/fY6MbXGPMqhmXlo9rdhV4uCHA2bHEVQyrWH0My0iacs5yCsVLP8Vxfbv0ZLv1bqo05Td5xpY0xuLm8J7lkJaS47yqLDWYS37h/ZuDWYoHnjFGzsbmOPJGOB4ufhSkyz9LwX0M+/XaVSYdiRqT03pPj96TjdtGjldY5am6dPr1VdS5xIeeuex5cz7/S84464jclm0nToFi5lxoxe36G/cD+1JM8gLMuhk0bQa5l7eOtKFgn8QVbPNl3E7rK9aqJejlwqIbL5h9fORw2XosO62tI6bbTXOyGZm0VPGxHMAtOmsVzaX4dDRQtH07/KH0rAxZpUnfgeG6D0ldl9nXgpzBenfYgs9WDZnzKB4yY5mIeOfQplUo/oIvWv5U/6Kk2hWO+ivUPiEKy22jYnhSSBxmc3kc0kdynQABcgIElr9DgMqa2VFyx/vZf53AWu3YKRVlIn/k1TVRW/ABZhKCGlEHgP1/qqTcFStBhiLffZP3p28aurkRzJMgXSd7J6y1lx2XsreXo5unk5c/0dwBGUASkEChpSQAOYK5o1E7RQmAWPznZtB/5e85+DMVE2OYROFzLsgDkw1Tr9vTDRD6tx+Ps+jy0r0bKBw4dtsL4Nq3QP7EOJlJK4lNJbE0zQLgfw5yeRvYsBhJTveJljRtJbKHs1uC93LW2nsHdtGtwNkIjvlZ3Rv4FoRRV+xn9T7K/lNl/eUqpNc3C85cdXgq+ELDqDy8f0ZQAylwK1zvuCH1NInoF+eEBMD18voJIOvzhZHUqrfcqRc2BuHrFLVGOMNq9YQcDOiopv0+ASH7otTpIbLgo9c3wwr3aTJShuSELR33+wbO4NCnuASiBzSWal8iNOraxIxzyg76KaN8ezInDodexVtDajhoKrY+ZVaCH/NoG29vQlsfcMF++HsJYUQKAbpdx4ECJISXPX7+29kl0b456EhJCfoLB+jJKP9gAhOYWAMCgtO+e3NwAhAcG8RIeyvktJKJQOoMH3xLeJLKKPnEdB4em2f9f5dnCL3/bWb80dz828fOmr0nhyPtAP3vUNACCBzKVc1VDlf8+/Pi3WZPQo9EK98BgvEeIGAADUBtDxBk/5c5MfE+VL+f9W/OhwljTZ8a1WpBoiY9Pld923fssb+BDrgC6eVhjqOGlzxuDIy/ixxmuB6Ds7lrCunW5YLrp48HKE2Z1pWZZbBPcoDDb9X5rUX3Lx4Gv5tqjKeCdsRiplaMmMb1ShKnZ2OdnwS1vElaIxO/RDJ3RZiXx/3Lx61pv3QkzSfyKfd6Ft2sOBcqz+S7eLlrDmLtBrTzNhaKzGnRXIpT5KzozR7UUR+UvIgnrGPeXX77EhV84gGVddzK07v7F3SjL7ZLiZy60bRQfx6mEjhs5Mn9Duiq87OzMAfvp2KkHXzOmPbhyD17syox8dnNS+E9BiZvs9yTztySOzb80b/pJkuAjdDy9UwhSTJfVptO+YM4zpAV2CPRuj7VqpnNxfM1r/OKvKTu6rZ7IBj4fWBHDGM8TmqoMtZXVZXrOHTkqGwH+XMHZTMB9m9VGE6xdmTzcPerzonM1b3H9IgOj6KDjvELY3itTs6bLBe8TM/qOuTWECzgRbbvnQ93U2ZIi4DxnQpn+Ui8j3W1Kx5e0HRTc4XB7WsU+kzltwmDjhhEp31DFsdlBluIvFjZifi709wzNeVd2Go/Y+iwMlL/VlJ5vl9JVW6KN+uzxMtwbx5xdBGFa655DF9T7nJYF/fIwkG9zox3Wq8+ge3cImHnO5w63rjOF6Y+Rglt07abW4zqsOFHP4tnKyKPM7t0wm98BULIA4AQqM0PFNAmDO6ggOTXNCA44v9ixWgA+B6QQn8nIH9mBCgCNmTRgJTcd2hI7xRRALH4j2csIZB/ZweEyA4IgR2EmCtZ+exJz468Pep6M4ReR/L+2h0z7hwVNmGXuZP6N++SybKSat2/2Ep9cFzG5SHDKGxF9kE6WXmH3BMwI0plKJLG3/byhaTTvGfKsrWuzTmeGpzINKqkEm0te1YsUhpAWfY05UTXaVbonL3PW7QhP4P4bAmFfl+VWq3laBuSxLvEcb0bt37IAs/8XuP+K1nbW662Un4FuVg6sSGlqxuvX5LTPLHwz9cSmqVpzIX7NibJL395LXKSnlPHRPB6gOcrhkO1WqdGl5ZUr4Q+C6wMDGd7plARY/k2Ui+MdQ0vfmI64bBYqYRZe63CN/RQFYl8RWVZouyFwawg0Q+6Jle4pfha5VxtLxrdv0Z3+wAirPv9fZLw2E9WK/2GTTFJl+ubub34rFgE7/QICMrypckdle47V5FYyo4oLLZftOZ0nhTUyrKKmOKzHOLWVjBsqzFV5CVZGQgwF3+CeO1uSWeg4Vu1AZqsvwUJsRprZqpqYBs+rj0rh6ebQ2jVs9xVO6c+3dLqGfDKc5Z3okkjvX35AbvpWGjsoo4WUFgSN7FonlO2NV5uP9WSGhy4NLKkPaslVAgXLCg87xD0JsrGz6pSPOyp6TWLJl9BwdUlXKtgvGi8koxey+Qltcg2ymPtw/mq4l7Jn1w3/LjMROGWp5MzFPQkwp6XR+x/ma37PqW8XiP3TNrgq5GImF12LhHYOfcb/P2E52/zkgO7BzBCSKkPUoGMQN4gG5AqSPnPXP03KO/NeDzFDkFQCar3GKG6k/OFj1ADiEhJ4OR3uBEXUPVydXK1w7X+p0UfQtwSopYQrLtJiRUgYYVG72Du1B7MGQL6gO4ezKn8Pcz9l/N7AcE5xIvnIg1OBYKTgOAru4OEJAGCQwHFH91BwMwSf5Vm2bphzxLuzAln7emPdT+LdPTCAUq7J4AAkgfRXBygYyA7kAPIGnQGZAVy31lTdgJhQf6EEvGPJ6x31pdxhAfxZ/WQXBy/S8Qc1sLz014Z+7Mih0a9HHgyYSn7JrGJ6Sop5wf9qRNa7KyQogobrZ4DuNBvjYpvqboON2kW31h3GsM28Ujlp1rahSWcj9bQPz5KnXhukFWbff2ISrRhf/lXl9cK5EihzDfybPnDNRy+SXJTc7adavJ+AYh1+PmCBK/Q2Pfd/BAN4QdR9HV5xVDqzCXHz47I5FxhRWEXMy0sJ6WT68m0lOnQ983x6xoiL7cO9zdILbvylc6UCSz1j6/TlqULpqbp0MrD1igiRzhb0SxTK+1ij82zq7XkqB5SPXh4u3Sm8tkYU4SBupks2kOA9WLFe4GNl6KHuJzSKk9EOrq6FdZ6tSpByQrAwoIKIYpwHXtYc5XOh8n4i+xuTOfVC31mlITtbrRaGtqEt3JgpVPDJ56vb6wx4zMEJnvzU/vfWWKVX5uTX7usQOZLNkBW4c3J2GhtXbPy4iEbaeOE8iNawXcv7cQXUz/iLVJGQSN4jYYT66n5lNoY+vQgzn6QUHtFZr6iuu9BqYeD16/nBATwfMYkc5Z80UQEfcjeaHKp1U6dWvD2Y12cl0n3Z9HeHqlCOHq/Kfu8Fb0AC5p3Oly2BSyRHoubmPDGYa/ID2SZ6Oo1BZny4P32obkDlpWpKhS/FPXkWbbgIzJNPUx0MerNKp2ZPuZUQRiXr/45LQ04nHOn4Vk4TYB+LyqEtBwIIb0FAYOB4OR/Gly/Xw78uTWSG9xGNJ8/RExJgqLeu+9CuIqfJRiKFtjbygQgfh5IiiJYW9QLTmle5kObN+/ZemdIyPWK3hCdAWz3HEKNMgGMc4WDBEE6O4HlSQgx4taNPSGciN8V9N8JOgdCvTXhnSPIH88fxPsfI9vY393NwdPa3dGf6xc2k4aAQeI00/1M+udKKvBtH5AG5NHbNMoT0SkF5qsLNtTxbxBVlAx5YNxyEwm7uAN1dy1HN3QgAEttwF7j5Jk/ecfEL37p2vh+OWxLZ0pl43YQTLkvc6kbfAkRPLTCN5Z0ofkrd9MRRuhwLyb1DstqoKXUTdMps+KopZWpt30t9xLj92sXtqvFMepHVXMgp4CETgw43ubZhnyv4Zd1ciaVJH78imJjiSBtp5UIyc2jcSRM9TzKhqF9GV6+SCfLDKdQVA3jfaoxUXaw96iT8/mEOfKxQvm7YufmRSctDaFomlwyacvc7DJKfnbIQNj4EkXJKZ1BqqKBb7EMR2AS9G+uSq/JZN/Bh0AECdMT3p+fERkqBMJEqNq3I824fywR//0+2x5NWgIseyUJ+7lfCCZ0vtsCRdHtLByjUDIoOYmdTbBfFWkvCY/yeH1Strj6QBE2pwuu9Jyp8peUiagVLNubMiybfNFLzh7o41VEZHuZgJTHhPT7xo8yvjNe4iaB8WzVT4sWHplOULd6u4XiVCdlBa8V3CJhFTjUoaxI+slwsjVDAJZXBcboYnxCw1JwzWoxSQ0XLypBRXUsoUm9cjqkvTGRelerCsybs1K+PCnoFLKRTkkQe3FVCYoZ1EKTaup//lI+1O4Y8cozVy2OX8uxen5zOHze9OlaSnoZaV4T34ds94Geud6ZTPHFqCucFbH98jVfU/Y7N3adnYfazdJuTjaqG9A8Ojv4iba+MzSgrE2N6fR9uwa7qJ5q9NCtIo6jScP1Y31BY0rsurNh8YFPlqWjVulWXBUszuAk7ph6ED6AfwHcSdIoDQplbmRzdHJlYW0NCmVuZG9iag0KNjMgMCBvYmoNClsgMFsgNzUwXSAgM1sgMjc4XSAgMTlbIDU1Nl0gIDIxWyA1NTYgNTU2XSAgMjRbIDU1NiA1NTZdICAyN1sgNTU2IDU1NiAyNzhdICAzNlsgNjY3IDY2N10gIDQ5WyA3MjJdIF0gDQplbmRvYmoNCjY0IDAgb2JqDQpbIDI3OF0gDQplbmRvYmoNCjY1IDAgb2JqDQo8PC9GaWx0ZXIvRmxhdGVEZWNvZGUvTGVuZ3RoIDM1Nz4+DQpzdHJlYW0NCnicZVJJboQwELzzCh+Tw4jNhkRCSLNKHLIoJA9g7GaCFIxlmAO/j+lmdiRAXa7qKpr218Wm0M3A/E/byRIGVjdaWei7o5XA9nBotBcKpho5zBU+ZVsZz3ficuwHaAtdd16WMf/LHfaDHdnTUnV7ePb8D6vANvrAnn7WpavLozF/0IIeWODlOVNQu0ZvlXmvWmA+yhaFcufNMC6c5sL4Hg2wCOuQwshOQW8qCbbSB/CywF05y3buyj3Q6u58Vu1r+VtZZMeOHQRRgOwZ5yfWpekKacGa2C/5BIYhVmFK4JbAVwI3+IoTBKPZReCLn8yofXyfybVHmiDtkqqUKurLl9d5o4e8cUT25Mt3qHVhEKS8Ir5J8TCZmHxFeu0kHpw4Jwv67CREJ07j4jSuhMbFt9SQoiUrBAWNRNAnpxGBszXJ0/Qm6PRTp907b4w8WuuWBRcUt2Taj0bDeYdNZybVdP8DzMbUMA0KZW5kc3RyZWFtDQplbmRvYmoNCjY2IDAgb2JqDQo8PC9GaWx0ZXIvRmxhdGVEZWNvZGUvTGVuZ3RoIDQzODI5L0xlbmd0aDEgODU4NzI+Pg0Kc3RyZWFtDQp4nOx6B1xU19bv2qcMU5lhmBk6M8NQxAEHqRLROTRpNqQE0BFQSNBYUNBg+QJpakhiSW4S000z7d5kBFQw5kpiermJMTHtJtGo6agx9arM+dY+M4Mk13e/fL/3fu++7/3cuP9n7X12XXvtVc4IBACMCBzMLKgoKeq4+mg5wOMNAFF9RQWFUyCeXw3wsgFbRRfNnFFxdtsWBsvpAG0FRRVVeWvfz3ECuaQDwPDwjApH6vLKFXEA5ANs31BdMK2m/fu1iwFCCgD4w/MXN7YeyXn3dRw7FoBJmb+y3VI7tx7HTozE8j2XtV6+OFy98h8A5kpc0N8vb2xrhUT8g8en4niGyxetuuzOiGcqAOz9AM3vtjQ3Nn25wnEzzjcH32e2YIV2v+Y5LP8Jy7Eti9s7lmwuegDHnoCbVF7RvHyJslH9E8A9uF5GuWjp/MZrtt/zBMCWmwCU3y1u7GhVrOG3Y38cHyyLm9sbx/0lfQ6QGbg+qFzSuLj512e+fxjgvuuw/fbWpW3t4gzAsR5Pou1blze3rpxzy1ycOgXX/x1Q3vKVa86G3aGt1+b8BBFyoOmJqwoS6fNQYNmps+uGb1U75C1YVAAD3oT95CrPLAD1EL5fpnZII41KvI7W8CtgJrAwATMDOnCAC4DdIs1LgOWCyGbgQc7fxafhkHHeJ7sNOphH5cCoZBzLcxzDbQOZKIBlNg6ro2NPq7BYACvOcrJoTy28JleRpyxA7qfvOBd/gO4UWLlvSczb3szGExv7Z3gMLpDYB2En5lt/X898DcPsg+LnvAlu4E3EhM8HMD+KeZq0S6ke7sK8GvMy9kFSd6HxkatuvgPC+bXwygiHtF5alg5tI+t4CJL8tOyvvvdToY07OKpfB6zjTpwfO+BrmHOhOX+fuL9BC3cOBjg7LMDnIu4FWIh8KZDG1MEAkwpPS+32wnNIPxPwCgzQeu5jWDiyvoVS/yVsAkzGdzuk9d0E1dgnB/OkP7KO/58T54I7MK/6vz0vc0y8a3SZByjgGe/Z/k9MXDWxcdXwFs3/7rVcTBfTxXQx/U9JqDN7fc8fML/4717PxXQxXUwX08X0701oCwYw78T8Fy993sceZTN2+u0Gbcdvg4KAQcwv+uLEQNjAZcM2bis0cTdAAfcRZEv1eriaWwPTuJ9gBa+BRX9kPfxYuIn9Bm7lUnGsGkjh3vWOxR2Hds4BGdxbcDnPnY+N/+XeXsP+t+OePoSr+Hx8rsYcgPHrFOjkI2CAFeBWtgbyuM+xXob1xzFbYQ9/FXRy2F4aY7fUbwlmB6+Cp2id7EmYwz0C+VwTxP63GX4xXUwX0x9KjBMG/3f6s1fCNMy7Mc/35SJffQnm9ZhrMef+0Xb/B7b0/1oiQGgCNfwqF0EOctEDClAiKiVUgQpRDWpEDWjEYQiEQEQtaBF1EgZBEKIe9OI5CIZgRAMYEY0SmsCEGAIh4lkIhVDEMAhHDIcIxAgJIyFSPANREIUYDdGIZrAgWiS0glX8B8RADKINbIixEIcYB/GI8Yi/QgIkII6BMYiJkIg4FuyIdsRfIAmSEJMhGXEcjEN0QApiCowXf4bxEqZCKmIapCGmQzpiBmSKP0GmhFmQhTgBJiBmQzbiJTBR/BEmQg5iDkxCnCThZJiM6ASn+AMIkIuYK2Ee5CHmQz5iARSIp6EQpiBOgSLEIgmLoRixBErE76EUShHLYCriVJiGOE3C6TBdPAUzYAbiTChHLIdZiLMQT0IFVCBWQiViFVQhVsOliJdCjXgCaiSshVrEOqhDnA1zEOeAS/wOXBLOhbmI9VCP2AANiI0wT/wW5kk4H+YjNkETYjM0I14Gl4vfwOXQgtgi4QJYgLgQFiJeAVeIX6PlX4y4WMIlsARxKSxFbIVW8StYBssRl0vYBm2I7dCOuAJWiF/CSliJeCV0IHZIuApWIa6G1eIXsAbWIK6F/0D8DwmvgqsQO6FTPA5d0IV4NVyDeA1ci3ithNfBdeIxuB6uR1wH6xDXwwbEDRLeADeIR6EbuhFvhBsRb4KbEW+GjYgbET+HTbAJcTNsRtwCWxBvgVsRb0U8An+CPyHeBrch3g63I94BWxG3wp3iYbhTwrvgbsS7JbwH7kG8F+4TP4P7JLwftiFuk/ABeADxQXhI/BQegocRH5bwEdiOuF3CR+FR8RN4DB5HfFzCJ+BJxCcl/DP8Wfw7/AWeQnwKnkZ8GtyIbgl3wA7xY+iBHsRe6EPsg52IO2EX4i7Ej2A37EbshwHEAdiDuAeeQXwG8UPYC3sRn4VnEf8K+xD3wSDiIDwnfgDPSfg8PI+4H15AfAFeRHwR8X14CV5CfBleRnwFXkF8FV5DfA1eFw/B6/AG4hsSvglvIv4N3kJ8C94W34O3JTwABxDfgXcQD8JBxHfhPRGzhIfgfcT3JfwAPkD8ED4SD8JH8DHix/B3xL9L+Al8gvgpfCq+A5/BYcTDEh6BzxE/l/AoHBUPwDE4jngcvkD8Ar5E/FLCr+Ar8W34Gr5G/Aa+RfxWwu/gO8QhGBLfghNwAvEknEI8Bd8jfg+nEU8j/g1+gB8Qf4QfEX+CnxF/hl8Qf0F8E36FXxH/Af9APANnEc/COfENOAfDiMPgQfRIKIKIiCbU93OXAVhKkXDMMhj5WY4wDIz8enfeJgDL8RKpUlMM0gcbjKYQCAuPiIyS6m2xcYDadiygUkUtmpoGkJkFqBP9qaBwSlFxCZRNhekzZpbPAqiqvrQG6mb/od+k/mW6977fFNnfvX4G877B/3IUjpgQc9DCcGh9YtBmpOPq81AnF6HmnYaatRJ15mWoy5aiHlqFN/EJvBt7LAWWVku7ZZXlOssNMcaznCgC/VVxDFqVTNT2/t4zUA9finqzBfXfctRdtHcPDPh6r7R0WdZhbzwi8eh/+Tcf7cVkgMNXHq088hrA0aKjRZ9uB/j9L6v/Ihl8T92o50m4j32REZhc9iX2AL2t7DvsQSFqzuy62uqqyoppxVmZqY5xyUnxcWZDsD5Io+Y5JsniZuMKbYW2xpZuS2GLpdtW0FCQnFQ2q6awIMJqrU1OsmB1gcVNGiyF7ikrW0K7C2kDt97uZuIKaV7oFm5sQMJWYLVa8U3w+Tf94uBNo15ZFriFRjfcaNmRNNh9U78O5jXY1U22psY5NW62EefaAbiYlsoauiaaG1osbg57SxCBNb4l0nctDYi2Aux1wXqsNuXXrLcORrj1+Cx0B9ndRdiiaPWxCLa7MHSBhRa7u9db3NvKa0a/tVKsra0N/Q0bptimNHR3T7FZpnQ3dDf2i13zbBadrXtHWVl3a2GDxQ0za9wE6/fcGOGeclOtW9fQQi7BLdN9TJlV44ywBuEoVivd7439AszDgrurvMZbtsC8iB4QHPZaN9NA3wz63xir6Jsu/5uR7g02idf5NWwEgwOXVdjKyutqLIXdDb4F+2omXKjkZvKRySV2LElFPZSRsso8PAAG8nbYyIbyHQLZUFFXM4ByZdlQWdPDECa/Ia92Ryy+qxmwAAhSLUNraSUtWGiBjjQLC3KpfcSAANAlveWkCqk8v5+AVCf31xGY389463TeieKliQRUZPP7Oe8bwd+awzq5t67L23qMr7Uc3+jomz3A4GWSXnrTDqB7FpS8IBcUgprRMBE7CK3qwZo92FZBoFdNNCRiB445S6ruJ107FEKEt0UXthC8699QdX5hVXU1vWrAbhLiRHk0+Vg8muuU15TZhaEtWFljsxRamtzCzJq1tS3dDbVUXq+hfdyE4uwaq03ntoS/GtGtO05PaLa9Rs10l1W4uXg6onJChHLUmBZvT5u73tZhpTt1V9tWWbHS5rZY5tRgox1QFFnb3W3BPxtyaH51jRfpK5IUiSPVurvm+dtGRNbaRhXV2FUS7t5IKnUjs63xz7YcZ6NEt3869/wLzoard5PZFKV/0vJ3ZILNOz8X75u0e053nc1qs7qj6MS+dWAxMLJWGgFXspWu5BmoJGUwlpQKYdU/pJ6uPk3eq/7e+l71qfdEc/3pk6cZ82nST8b0YHU/SejFhzbXSArAjJmBGSQf5W4GyYN6zAzJJUkYBphJHKSTWKgmsbRfbhARiBNDDjNxkskYLJjJZJKDRtJMJuGzDJ85Pc5icz8x95ygj+ieIfqI6iFHcNLIHk7EEoqQaM6NQEs9loSh964jE8GCmSElOGkcDnIJPsfjMxufKfic4FtMFkkSTMnmX3CYn3GMb4+L5g8PieYPcIe5epJJUjAKM5MMX690X6803zMVewcnm4+PPVb9Pm7mECOa32NFswp3NQX3riAp2JAO4PANMM7XMZkk9WSbN+UGYvl+zE9jZkGLuA/zW5g/wxacvrOf2IUE8tXYL6uP4oY/tx6p1h5xHOk8cv+RfUc+OyILfpe8U30QRPM7BPkgDgrRPYmpmboeS4/QM7OntaerZ1uPu+ftnsM9ysGeUz0MbdK6MyQ001xAtNXmamZGVX0Vs7SS3F/5dCVTXhHCzaowcRWzjFxpySxuSkkWV1SSyhVjLsnI5nKcqdwk5yRustPK5TujuDznLC4Xs4DZmZHKpaY1cWkZ6VxGeiWXnhHNvZ1+OP1UOtsvnujtiyvO7BcP9/bpbPg8IWj6FNrMvvBibmXvul5c1qneXqnFGUHsVcRm9hqKuRs2BHOti1o7GO09n93HCPeawjKFe0wRmcIdIUjdHhKRue76YLP2Ou312o3aTdrN5uvMG82bHBu7ru/asGnL5us3r9+8QStco9BlapeblzPCMoU6U7uYWF4hlpeJ86WTLzGWF4UXGZhHYJ5uHiM0bmtktLNJsiGISzLEcXZDNjfWEMwlGoyc2RDNWS35nMWQw70aXsiFRxRxEeE5XLghlTNiu2Bcrt4QzgVhbjUQwZCbn6kNHGsGGdHsLzOrny8zKwfLzArM/N4yM/dsmZkdKDMze8rMZFeZGXaXmfc/P9Y8uG+s+Vmheq/VvGfAat69y2p+fv8Lmn2Dz2n2PvtX9cCeZ9S7dverdXu79jLCQNcAo93l3DVjV+cuTrvLgeRSJPftemuXuEuuVGRxag2DDgjLoKJmZvJ4UUXi1pcB2iF3MF7rsoq8HaZUe5m7aVbe9TffHOW+He2KuyuqFlV/GVov4iYba93ysgofCXaa2trb2uwXSG620C0rbGl0y2wFbbQQSAuBaPIDC91aSmttBXbiNhS2uA1I/dMgbf5kb/O99E4kAay40Jx0Le2IlJ5L27XN9RbI3Da4QPv2f5rR7uttD7XLomUG/hR/gFvLudhPqL8nfike8XR4mjy17J/AjP7f7eiRDmDs9bcRL3EvRmg0rURPdRDjrtHpaoxot2MU9hH6jf60FSPVJzGCHJ02S7UPYwT6FPWWMdoDjKm3YO0jGIOeT0sx3t6Ese82OEiifHX7GQPxruBrUDMHSBvZCOGQBAUwB9owql+H63qFTMW6SVg3E2uXQwdG3ehXn/9fcKPSJNSdLlgISzC+HcAYlKaxWFsJTVi7w/t1H9MyWI0R/wMYQT+D61qNK9sCd11gvKsZK2OFdoz6BuA1chvzEu7oUbheZgAlAH+AcpVzSbwFjPTB0yT+hNHJPOZH5kFmCzzNLISpo4eT+i2X+u3hD/CnfjuZNNKAd6TRSE/QO9u5ZvFDz4+ep7FltGeDZ8YFVvwHknyEEr/GkUJgwFPvqRUZTweshfXnasWvPW8PC2c3iOPEaDzNB/Fke/E018EapJ/A09+K53g/ysFdKCEdyMXb4Sa4BqknMRL/DM92AHn9Cp7fjTjDh1jqlHwtCAAZDd0CwLBbxnBAs+PNT96UYHyKNcgaFIdAsNWZLh6DXHxCFw1JGWJDYJEDtHejEMqiUgio4uVa9MlcnFqtZqo4O+vi+8VP+nQ6pgqJ7/q0Wok406fRSMQHfSqV95WgVCiYKi1v5hne4ZLuz7Fh+zEXOIfSHM7xKYS1scG2jDSGDX8i8tAbb/AHzr7KZZ1xHESn4DH2AMvJDNJK4gUjI5OxAUSrEBQMmwTUT+WSAhxDaS7HEA6Xk+bI8Q5H/1jOfp39Mcwyw/CzTD7NNKLb6WlitTiiEaqFfAVRBISRsIAx7Bh+Bilmi/kZAfWkPmApWRrQSTqYDllngD6AEPVqjshTaDyoVaOerNKqpS2ZuQ0m3Y9Ddnuaw5WDC6CbcRFbPBOk02elGWWyABljNOhDTKYQVnt8xwsv7Dhefqszp6xkcs5d0zxNr5PDaNmTyeHXlSX7Otd4Pnj4Sc+xrjUvF9J13uppYoakdS4UsmWsLNjIGoPjSTwbHxxvLCICKwQXGWeyM4Mb2IbgVbCSaWVbg1cajHrCqVcA0Ts5wnGqfvHHPrpgSghaumiVGdT0rOCWEN3P9t+vXccE2DIyM7My9RnpTEJ8fEJGmknPDOHCp909cXJJ6STnreW4ESbHc9BjeV1Z+PKaLhL55MNkzJrOfSXK1z0WXPkwLv87lEsWLLuYaiKHZNIvfiUo6awOdNsYglIwhKePUmgLSiPfnTyJrYn4uedtdo501plCHEuAJyYSRyZACRSQanI5uZKsI0qiZ1gHRj/0LBhHmgOcDheufP2Qa/0gITbCzhlO+wvzmszw696AAvrd5QbxCLeJPwkqsMFuISaTZKvS1RP1E0PTowtJiapAXaYvCy2IVhtLFIy1hFVqczXir/SbPBGgDrTiOfpl3kf/uIvKvtYK6IBIAg+UrSYq6BBKX8F9cdo4cxwTIVep+onQVxeB1wUJQVkXId2bCKsM+wrBtLNMR89DpqbdZVtj8TTs9DzsrhEKeUS5RI/FaqFCZbWgk5mZkR6PR2OLQfGSGQ0mFK+01Exu01nPr54ffzlDFET9i+cftrCwWNuq+rlrYmPCTLHWVU1z1zJfe5Z6biBrSTe5mazxdJ7bWf7xXVsPT582ffqM0hMb73mnYvqs6Xh49LsNl8MfAi280avxbyXQT2h00p6wBolcjcQbDvmkAS/N+mkhs46fIpOp2UC2mMi1QeYghmfMWqLVqgMlbgRq1GpZVaCFcbJL2VaWZdVUnaADeFhQUQ6xJsohljI5inKJjaa9WBlVMaxOo5Eh0hFYh99Iu9KQb9mpDpcjDWV6ONWZ5kAGEu9LqzUDNV5GKop3ZlZakJXLOfcRyfS85twcNy6Du5ukbGW/2GA0hE3LPfM8ytcDyIUtaDUsRC6UzzQ3mBmelQWZWGNQbNBEfoImI9AZ5YzONpfxxZrCwBlRM6JLzPWsi3PxsxXVQfVhcyNckfVR9dEL2SZZc9A849LoVqY9qDO8M7IzOg439VUfXTtD74aVUqDVaZPljsgUraCVaQVJ1AQ1bpLSVIi0dVqtqjSYYcylRG5m5LnKUZIq90uqYKqTW03SHTdJasrEUd6ZKBfD6KAmE53NZLLcF6ONMccwyPM7rbqfkWkUJE4hE/XZEv9QRVO2jk9BIC7kIFUOVAKp+FFVkUZdWiqJ9J+V23JOt+Dg7MGNd94w+91mZdHQ0uOEs49NWFB2xbH5rPVAXV/tno87268V8t6xXfLJs1W35k3uKFnwYiXVeI/iTV2L/J4Ep4QalYp3hKuMjkRVvCMxJ0eVYRgfk+4oVRUa8mPyHdWklq9VVTkWqi5zLMzpUK10tGesyQlPv6TgEmbiJXgOJDkomUlOTiw1K8YzWo1Zw2g0QaUKpe03PLON8CwMA9wsSSazOCpdWTLKo6zocabfdDCNdLDWmazsuOhL0G9mwyWpVEuSuM2pdZqdjPquybovXLov7PagkGwdstPhcHj5Klk9l1OfTR+O4exsF73gJpOXibYYSeXSC501ctHRNqaOuvRertNrT/sYTSYuMGVyaX7Z66vWnpqmrfriCufGpHHJacnJXaV1U7buHJdonze5/lA9PYzF2/OLS5++MmUt86b9mssve8I5JX+i7cCE0rGJSQvLZy6INods71ydWR4ebiiYfMA2cUxSyobZawdCA+VpqEmn4X3oRa9AiXe7plfuVwcKP0H8BOMn5H5NofATxE8wfkKO/Pa28RPETzBeQoip4zQGTawmXVOgadXI1KGU02pNMQqcWhag0JQQngaqYbSa59kAlpU7lTOUDFocs5YJUHOSFaReS7/4gxBIm3EWpUIjmyEjaJqOCSp6QYiSNiF+F4bQsDOVtiVEKzPLnGiD46l6kjGS8g4dpbwlwZFJy5I5/IpIIlz67DRJJWW7HNTI6rMd9pzhVH12NjVaumFu0E5co6MMYguyoY4iaUFp1iDC9X4yOJzFHOj/xDN/eB95yOMiD33BFp9bzmwbbvBbt0f5IYiBLHhBSJNpTJrsuLTxaVklcXnj87PqSbVmpmWmtdm6YnxgOJtYEhUcHFIaxWqZDDR14UkO/f/iQuzC+wB6Bdq3E+cNncQmkDYL1K/TUT7BPdnabHM24/AfusNr8nrrHFYF9tpFuyu2TvA6G9KVwEvhvRPIBmri9NnDqQ7HkD6b3gQD0DsQz2Sk67MyY6mcG21U7iHAL/UBFzR/j3re+3BJX2G1q8pVQ0wDE2cmKiOXTXxfBGPlQ1fUb5laU/t6lnNc66SqW6YxTG72uCucW7aTo0c9RwryK4j+uZdI6pXLOpWafdoIzw/H0zJsGZP23OxanWwxjBlrSjTftzsjKXEH1VIYt3C34S2QQUduENq6X0f8A2YUzYpnvUwV0uoURMnEkmJSxtQwq1A6CRALw7DUxy7lWUaulZvlaxiWBYbhtNSv4dCvQcFB9lCRGQ7KdkjCMoQejouaMurnoCnjbhuee4h585ybPcudPhvIxzxN/f3V4qfcPfwPEAZjIIu0DEA8Cr8GzyCu30fE+gmbn4ihp1tFqWR7ujEtJj0hPa3AmBtTkFCYNtM4O6wuos5cGVNvr02qH1+ZVpnVIJ8XOE8/L6zB1pCwMnClfk3SOn2UjHk8fruDiTcpHRwbVaRjMopRxH4jXuGSeFHPQFMXboFgEhwMDqUm8TeNEkcp5UQrmOItYJJE7l6voFn8gmbh1BpJ0CxWDd2A5GBqNKn+96leQdxZl2qV3YHyJ/m6XiE8hhIoiSA+gtIcy4Z8vpY+JNtFP0tH1ybdkMQkJqWyGY5ER6at0FZta7LdGS8Lt9jY+Kgg2k6CWhRZ772lchubkZ6ZlREfn5Ee6zOLqJ1ZyVZ6BTUkMzNYkt4ESXSp3N7jOXjstOfI5ms72ojhvc+I8qrVN/1p6JGuqx4onxV3Y978qebylY5WV93iPZtueZrc/5wIZ/avfXWiTNi6/LHDhx5p3p8ly3EzM67o7LiseEGi/pLgvI3DbXOWTjDFx4x/bOF69+2oJZaJRyUfmGqJPiFdzoVxiVxOXI49Y9zUuKn2/HE1XH2IK3RWRCtZE6cNikotMSSWGGRRjFIZWCpTZgQp/pWaUIR73WBJT+i8brD3qJL8R5Hkc4P1dUnWcMntDedow/DbqV4YUQw+tZAtuR4OaiNHtAITIOPOG0d9ltdUUlaDpBX0I1phRCWgAeU21dbN9pwYSJ8Tq4xamPvJWYPr4cY5t5XV1JKkDxb1F1bNeU2Y4Fjk3PxoppC8KG/6timEZfP2e55vXb5WpUZdQBRfT0iJTZ+099pjJDo/v8Jz9uG796YnJ/Q9VN+RbDaOHWNMxHi5Du9yCcb2NEqNE0ykmuFl1bw8AJJlBOhu6f8AwqAnZzjH59Kjmk9DRZ/GlJzExAok6uxD9DMNA24xOmA6nlUezIBDwoNobTgVr1RoIwIjtU6tYGLMXCRvjjBHGmIMCWanOTeOSeKSeEeEIzI2xpLgcDpyi4SC4uriKCXPJ9SWLFE0axaEt1ibEy5zXpbbbloT0ZrQnt0+Uavng+T6olmBBsEYkWXguGkV8uTkseWB8knjo8vHT2K0GJryQfn6ZEOp3qkiKm25pZwJTTSosrRggU76q3BsYtYVM/FiSeoqewhN3JAjbTg1lZq6tCGq3vEVhueON+2IWHTQs5RO05ognSBqeXp8GWjuqLuDIWesLYbzh80cPUUjbRg7yiJweNokyH/W2CRgenmZpziidEPNY6/+/GRJa+79P4y1z66p8Zx7ZJvnl/qGxS3184ny3urdlY2P1e7xPL+8rWtdezuZvPMFkr5w4bLhTc6m7KtvaV+Tv46540bPuSvacwTPsaMk0GpNOber7Ejtw0Td0HB5+7x5npN3PeI52dh8uSl0o1HbubyN5O0fIM4VK9atbW31vOgRGFlUWN/2hx6dTE8yHICfi5YiAD2mv/dS/1C6C5yfEBTUb/lVigJkfiKAXqVVlCqVFQYwCoVSzqxH6THgMAolux6jegPPy9bK2gIYNl0pUI9EKVBDnKIUlK1KVqlQyljCh+p0QD/ZqAl6SCyvhljIRpmqg4XQjkPBEjW+UvJ2PpOfxlfxzfwaPoBvUqHTilEAHmcItT32HCeeGSo4KrEudFdcg4OD3od8UPJbgBokq421smiSggnh5x68ZXjtLa8y0US+1nPWc4bc72nkD5zrYD4ejkOReQV5YkeeGHE9aaRM0PNqozpBXcVUGzvDZPqgpPRo6srpqC6Jjg6ISpezyekBctMzfu2zs85k1CdpR9wRrUWKk/rF04KBckEbT8NCWouoDYhDvXU+go/zj4LxeJwRpGgTddcXfhfnqz6fb3NacgGRONZHh6OvhCApRluWoc0QMpjo0apN443wkwwBgXREPMJz0scvJD7yBrIBcqoFAqg3RWdA4htpBiS+l2agxC7p/BelS+G/lIbt9lSXvyjFZF7vEhWjz15hxZDkS+KlkuIHDHBHhwbEF0FgLdWHXuMjNaJF3l5ZVPnq3cOnyMBDD5bOKl1Ud8dTnt7YMY51878j4FricCR0Zhal3DDP8yqRXbM9Y0I6eW3pE1l5E/gDofH29XMX3pYsN7/OcJmlIREaz6zg6Oj64bvqFsaFaYcPRcQmNFF/CU+cuxdPXAWP7FZkgEwnY2T0iM2SFy0jfAbDKjOInAM5kUObRqshspGQQjHCXIWBSMwlfuaSEeYSibnEz1ziZy4SX0vMpYTEXLJI/U/MzXHljLByGf0khcwx+jJ37zk7+96571ktzfwBt6fFPfw+3VWbeJR/kP8OYkmgMDGAKGSywChZcKA1MCOwhOQGlgc2y5pV8wPbA9sjtTEZgo3YbGpWpwtJVzNR6axypYLE6GIUOmuuBsVT5RNP66iPKFbRIwTTfVkXASfJqU7yvvvFn/3SeqxPMi10uz6xPeOX1rOC9F0EVsRr44V4JtzPz3CvHd5VF25UqEfiN69tNtUp9HQKRSQdVqGmQyla4nwMG/J/l/IV7KjOHVTPD9F4NggLLklJxFEzLWlrHVhRVVPnXbLLEEQrMrMwuLHyD672fLb+Kc+nl13eSh4gizqJ4k69eWV24dNLz3g+ISlE1rCv2LOMqVgyoaKhoZHY9pNmcu+kkm9Dp4ebEz37PCc8n3n2xUeTxU/hWSSJ3zLfSDrlJkG/kKwljD7NyAYEqNJZRXCw3qcBvGzV+zVAb53egIz6vM+nA874uXrCz9UTfq5+JIRJ2kAvMZeRGHtliDaEyJpNNMgfxRX6PZJ6LtJHO8Pvo3m6deabk6+mbMtUJXY45ywOj9B6XmQIufaFd4PUA4HRYxPGtE9lm+/z3Rv+Z9yVmmwVMqqVZAIzgc9ULmUa2KV8g7KTaWU7+ValqkpRraxTsU1sO7sC9bySYRUyBhhO8Fubed4Y2l7HSbaCE+j2OMlioGBxBVwlhylApWAJaimliuUZSSj9HGNG+X2MeEbQUD4xBoj2Me5HIdMbFnrdP4l5UiQN4dIcoRLXpI8j0BGoDTQHzgxkeblvebw/1ue9IipE1vHSRyteCjN5TorpgwN0/33F+o1fsZ7wKVbN+bs/5AvSf1sTFIKOZ44zR5/t+5kCQ4G+dG4hx7hq6f9MaeKIqxYtI5Xz5eBabrUFYSRG43VCrPzPL3nmrfQ0D5BAcjPpIsE8e+4OdsGZYbR++9lJ6A+0iUf4j/hTEAI2ohNiOOBkKrVKHwIhsjB1mP5ScilfEVCvqtHUBNUHV4TojPRLcSjduELa/krFKuN/0vYe4FEVe9zwzJnTt2+2ZbObzaZXNqQQAoEcIEgJGIoRiQaCgDSRUERAEL1KUcGCigUFFVBBEKRIkAiiqKgXBdSriIJ6sYFRriIiZk/emTnnbJbi/e7zPe9r4j6TPbvnzPzL719nYJJK3Ey4RJJ9F6SpfXFGDo/pgn1utLvth/isLKUdIvZOT6t+Q4mGyHPcNKc6PcOWAUkGuzIDJbM6j5J11ljqkik7kt02g302s8E1G8UOG03Y2nhqk+mHbePT4wxYXn19O55oJgxTmpovj9NNnPyLfD1Pgh1o2FFcBLjka0eNHn7dX888pbbV1Y1quO4ayD3xdFsftfXrf6tRKB47BgUuc4x6rKlJ/XLU2BvGjx4NU3a+AsPjrh8/IToKpsKu2Ek7ph7F5qyMeGjENi3HOmYHIehXMrq4ugWrXdXBQdarbGNtQmIJEOwCIwiSr0RGkmgLh8KM4wKHwhFzKCx1DncKKAQKaAQsiCc8wEG2Dt3nFBPVDyOFctpwM34wgPuk7mZMCdvClWEmUdAM4LY6QWeCXCe4JGoJJUMbpJg2SFQbJEMbJEMbJOMJePAtFQ7pxpSLLeEZI4VOoB5UUouoYbruWtDMVHwGBscvWpS1vHf3gYeffvtt+PDCV/vW1n/Qqazw1hH7np+1HDsQrG30uu4DB0Y/4Q4VFJavXzRwWnooKboxL1I4EaPcwrZvOQbb0UJYsxNEMKXIygqa9EEHAi9LychHl+ylrx766qbem0smrxi8QiAtSXSFcsRsX3ooPVIudrJ3TigNdcrtL/a290voHeqfVZV7DVObVBuqLZiUeEPS2NANeQ2RWz2NocaUGbkzChY60yTFai8TyQuGUIc/mw3y4XBGCQ2DS3g5nG2Y0exYVSfb7aci78fM3E5I7XdcECk7DGHZgeUDhP0SMNSPsF+xUUGYUWQraixipIkdjZyxlpyIUDWJaHVSamW95SQ74b7GMSx7vGNc9mzHzOy7HQuzH3U8ni2TXATmXCyRqOeT04kFYmMJ5CwjO0Esc3p7YsLj4ZjB/QZ9svwZtW2BdSrM/kfTgVGjqzdd//YeWPHbU9jWWWvVUw+u2tswW/lpyHMvwHXD1ndV+lZ0PTfihnumjx7hd/ldue+v3vVLRf7JviPvGl8/MWDNdudv0Xpo2Z9pHLSuh5dWisxxlSJjzMZRDcXUyl8H2VIeIdEmhaQaCYFrIUO9PReLPSFFJiRnr63hSCR1UjHRarSoF55PUjpzxJuntsTQBjxoo7EWZ+Rqz+Rp9Whsu/ViEQzTNGyY/Tn609vRn/D8w+ePc+HNxDJfB4CwlFpmvgd23drOx+ZtbvtV4zbWV4ztu/U3/9KwAL8JNWP8Yl0fNA7NRsgCTQzLMhy2hyYvTEQ+LlFMNOWgHDHH1JUpR0VsiVghFctdTNVMFVslDpB6ydWmWliHV13HDROGS7XyWDiRGctO5CZKY4lbwE4X50rT5LmmDmYXnqzg4jlMP4io3ZfoK47DJAaTCUlm7IwjRuwKSvhqUMXPATfzPJiGbXSldaR1vpXlx1nsP2ORpKlrHBLSShDJW+NfWE+DPz0fiX+LIfkVlqrzjqvvqB98rs58H5bDEoy1sIw7dD7CfvxXPnfor1z2X38ls98Q/B3f9jUbZGeBTBwLnsa0TI7LoAbbTutpwMo6s8ymJcruNDbPSfiWT18L6Otw6+Dk6/InWBuCUwpulee4GoO35suMmN2t0KE4GIcjRQzsantPv5OrriYAAwFfZQrbsYcoQ9EWhMFdbWcNpgUdWUwPO56E5bLOz2lDlUspGRkCU7EBETGG5sFoVc8PgiYc7BAfyamj/3eKg/pItHKge0cEw3VjQGueGPrpsqhj5ZYkUhWkpuFBHHeGSitLUQeSKSDfpeBoJV/pIJKvdDBcqQ6iSUvAd0gykQ65zhQiaaXCJJJvmqiHbzLTMbXVJg95lIkWvUwyeaDJyFKYNBO/tc60IC4yjflQekJf+89Rbo/qw6KiiGZFaLkrTwsQaC6PCEw9IFmDUl4veZG0aaf0ssuWuJCD1xP9JFsa3JVYmx2ZM+TRw5PH3gCT1xTkZjd26//KKLns4NiZm5TKnruu/rFq8JgZt4xec4ujm9Mb2r9i/lMFBSliULnK57VnZeyxpWdFOiy7UQ1ioXQleEfVNowaSGRxJ5bFB3gXSAApcLiSU8KU2rq6C1OqmN62areSMsw5zjlfvDVgtkq8t6eDNcNkhZdNoqtHQlzU5ooTYFec7LiogPC1ria9h8CVFN9DcNpwEM4oJioWVqPGso2KQJP+dUDqV1oY8kBqKLUylbEmSaJRP4sV22KutGTWQjnqDIjkVhJ1xCW/uantGDWxePCN5jyY6YfNxHkgczATfDWRb5p58k0zmSYtvDW1/fIKmYN5cfgCH0Lne7snoUkIFQLiTWiJXKPKKZAMKOGyU0uQCw6tjvNATa8+628YeV9v8+bmmi1T3v72jbseGvJC30HT+z35MlO25KsBNTUFmSW8K/pxj6HqQfW7/R/26Ry9PT1wAIPdhLbv0W/sLSAMflMG2NJq0pg8mGrN9aT7usBSaxdPqa8frJGrrDWeHr7hsNY6AY61zoHTrQl2u6vSzIbD/kok2dJooJRGC/AxV+2YwYljhEV4tDTNayic1/CUvTFP2UvVyhvHnVi4LWu+Q0qdRJWRhN+ER9STo76EROmNXbVzlMzSgtQ4vaM01f+uiHkGNK2aEcuJ20F73UzXHNrygH4bsW7k7Pf69hsEC/5o2DlQvnrHsKd3bl9TPjOS09ctX1FQ1Kdv3y8egk7YuVPWoV59Pz343pFknzviwPpxI9aPXrp+jFMyKvyFgc4pNf6egb4p1/Dj+Ua75ISMg/P1sLJQTO7JyQ4Xg3UjHktPX1Aqa8fVy6GoRUPRVEVXkbNKGgVTatwBzQ8CKrAgl3JI1uH0ZyVAUdSmdVRQVi3TdCWuKUdnSpKmMkqC0Z1DsyZJSaLBNdHgmqhxbUed6CMTEJvaVCWPTEKkkxBp3CvSm4i0gUCkikZuhF8XhC+LnHHvRQ3tAYayVGKeUohMS2UcBB8pIDqKUXzmm+3VPHjzuP2nBveu2j7qmsXVzc0DZvVZuXnx8kFrbr7iSlgCHfcdu3LAoIwseOJ8G3NHqv+L9975sA/m5sS279gGdi7w4cgnrGRlsnmWQrarpSK5F1ttqU6uswzyTLQ0eGdZ5iRbYUUoZAt0c5Nush+0KrvJJFTaMJaEqSEMU1VJJKkpOsAecDurEw0RwN5yoh+k6Pp0RkmgvLk/TMKqyjAKxcr+sR4BvaEAswdSypIKPV8Lk5wGe5wGe5y6UmXXOSl/nJQfTqpaTsoPJ/2ukyEPdS6IC3500muwpXGmWHO582gIRFM54VhNiXT1paVoAanTrZsrtqH13e6dSu6/etr3HeWRb09WT6r7Yd6Zb37fAR9a/uhWM5M07vGOhYXX5h/I7gQLoBsrWE/13G+5Dz+75S7iUVYBgJx8MvBBiL0gexz1bDEvqGOdn+qCn6ZuRFe562YOYc+60g1M1u6ig7OIgPRFSjbJirXEkHWTQSuTLusV2KJr5p8afoo1JiqsJkgNv9/mAFbFYi+zeojGWVPIU630O9aYTbB2ILOwEn2jXovVSe5jJZlHvaeL3Mt6d2K8kBcVFUVj44ieP6wsjhaRnBkJNKkzqaOWm2RgcchZWoy9AyL6yCmHxmTOngyHqlub589/e1fl2FxuhJQwaUnmytYeaM/KjHc+MZOjR3diqozESOWBc5QE5Pa4b3Yju0XsmcBaIbSI//9R6Ry1AYxmw6mPR0IKPQ/WqjgoNLFx0ES8O32g6pY91fD2tlGYIv5ZkFoWSjYga86eL+Rr8DH2i5lH2GnY9gu4KMZx0W8xbLsl1khnoR+2GLbdYqiqhUZNZCYWegsLqUeQu5ABtT6Wxd5LdCW+KhEHaMTUV1DwotDliHlzDsPUe9zsyGanL3FE9cAXBjY3X9M8evtuZu7ARZm5OQO6tu7GRv1AvyGfH8D4tAmrxZ3cUVJRhQ/gqBHFsQzEjXmaPtdYxhljHGixuvizeNCjW4y7xtfgBbc4ExtzcWMhzq+Lb2/EkhGTGBg35uPGnDEmUzEysXiwW//W63obhKsOVjFYMsoYxOMgcL4EpWVUlvKpmDSwlG96yzVVVZYymfVD2oUEG+bT0PeY0Yet81vPoRr85gx+c5pE8jQGpkLMLRZjrKw/oTH4RB4N+CoxX2O9k/H/QayUiHTu3vnxx+bmZs735vkMth5r3l6seZuw5plgolKVzXwGj0pIgjZLCAaZkKUARiyFJsV0lWkCMweaGQZBP2aYKG1jTDKSRYaTOQFCHJgyDXKjzMgytRMOqijAkmJRLIyIDJVAhkqgmEogumpEqYVYsky9Kc8fT6JvLiJRjDIxWn2nqQTH6pT6Q8sW4AFVCe5u82VVwoFNBo51ymkSudJo8Xr99Tm/+9jXSdBMaqZTw2lQUwgcLLObzqnKnOZmJtQS/RP+OEO9l3e1+plItJVYhV345RbSDw1lbBWYOEmH7ZKODEkHRNINCW2Nk/RWI/uADAML8KDHfxFm8lGduIA1DCsDoUiEbZmObZpjTFFDz+7750PSTqcRGsZkEZpj5Tm9KqfbEEjpC4mfSweL2XZJpFT9Tm9Lj5c92jF+S3Mz79KQXvBiLyYP9egxDytsO3zzcWMubnzZLNNF0A/jxsIFQHEuDijOxYHDubgs+4XJg8sBjhBncvi4MRc3ZuPG6AITdTqOX4ZvMKAOpaOchPSEnKqUqswducIrGTAjFAyI3p7ZqWyQg/aAqBTAUEFhgVIwqKCxgPt7JhaQ4qyXMK6AunWQViCgqNdcT9KYFVLFpHwtpB8K6Kz9lZo1SHKbLspU6nDBUfYMU8Bm+CQ2Q4dtuk8SqNM3VND52Oh8bHQ+Nr+dmmuDH/Y40bbHBdt2IlRkonY6UXtT22Et22LPJLe00/DATkw4mZ/dsOV48BdVbjxoU6jxtYfaq6XGPP2xefrpPP10nn46Tz+dp98fMCQ/oAMIHtEPBwyICRgqEIi5TQGZ3CKgZYG0gWIlswiMCtkV++12ZI/Un7kUa+zxKmG8S7LGZ+Lep1a5nuyLwXBUES1yOPVm40sRXVOsmMH2eNyOi+y3W4s/NCsueJstbu/Vg2tW1iBWGw5cQQz6ptHTVmVNa57UtImZ23dhdl5+TTdvt+RoKTO3/4LsvDxi5Nn6uf2GNNQ21B7fb/hqWIM9sPFiX437f+mreeN8NVo0iTlmqlGT+Uq3PPGOGSnhOKi2/G8uGnXONEft7100qlEX+GYaPsactv8LLtr/4KG5/wcPjTIPO2g0gvyanYo5ZwJe2KD4u1pL7CWurp5qa5W9ylXtEW2VEuuuRLL5ggSZOY6F5jgWminDaNZJY6GZdPRQ0puTEhWdN61GnuwrTdn1TTdNbZ8b3vTPRprmrJEwO0/6gkjCLNGWGEqsTJySyDoNQ+g06phOnWeJdU6WRo6Uc07KLWcSb/CYN+JNXo83/XU83f2jd4PTeJOn8SZPXP5EMiuyzQe/0moouYZfF/gu5z7XX1KfNpoF62FcFTTWT0ri/6nqD6da1B+ht+UU9L2x/tHH161/bPmLTAf1F3UfrIAO/NNNfVP95chHHx05fORTTePQNOytOcFRxQUsduxXYb/JhvWwl2zjJDG+H+q04qDKAFyKq9HFmAUDGQWDIkIMGQUqrQIlnEBdVYGST/BLhrBLMZ9AT0wayEgqltqjpHRCMkk2MmCUi3jwp5YKW5zwt54XyTNikCOtKATj0i6BLjRNzq3pNOzZ6ubmxheHd8zPRw/I0sBurd+z9WvrqjkB0+amtm/Rp+wsUAwfV4bxjJTkZhKTMqXc9CKpIr2nNCB9BFfvGRq+OnJV0RTuRk9DypjI2CLXHG6+Y0bK7OwZeffAxZYF/kXZD8MnkkzA6sthk9HtqTBVITKSmprZPZkViHmlyT5BMHVHUthKRZSQI4fSLodSLcegdI4BKzn6ZohAXU5SKVUIH01y+GizhY9igw8TdDut/VsNPbIauWMrLWwY+maN00OroZ876qxJIOwTKFTqmhbDzDN67dqlq1xM084ZmnZOyaKadp9eqhhZOr+UE6h+CLS+IPipQCwsoTWD9sqBXu7MoxXPdumPZWHwC+221ptH49tqSkuyYlVNI0cWy3t6tcqm14M+jR6d++EV8vDPx8xdkpl5Y/YdpQ/dWt6l88ZJYw5UyX0/GD3uvrzcESV35N3Zpw/s+fi+rmkf9aoZdHXP1FSf5LNmPXpT7zmFkbKOae+W9qu5sndamsfsk5P79ccS073tJBPlVoIkcEhJN3N+Lo9DJrvQ3WKSuaQkbyWSaoLzg4wVLAmKFrvBVLuhPnZdfdLq7FQj7FQE7NQxtlNBsPtlUSDZGIGknh20DYZmZHR9M1RIiKmQQBOgAr0HaSvUUFTw0m6YxYELEzIxHYrYzxbVa81LxcU0HaPnk0tJCgaHKyQd054FY6Kl8zq+uGX+/GZ4lzpX9HkG1nQY45Flq7PpfWbISthD3bNSRdeMzsvOSJIwnV7G1mIYRh0PvF5xmfhEYY6AGM4tcY6enAxFPVUc741f3uhfaujPXsbQ/6wEtWTxJfad0Y37ScNgnFUCcekXq5Yv1mz73+fQ/lv2RTSaysSYH6jniA1WiUZ/qUi4Q027SG8hGqYdD36ngCcu8l6c+7/QULSDIC2zVOiWvVRnXXE7yxzF7LDmkS9N2Lyv2e5PunpIv43VzXOrB316kPkkelft7Lz87AFdUU8Sd14NAN8J88oMy5rby9u0pG0yStrtdW6r+TJ1bs5i2aXvSvzVaDb6tb35hfY7n1EWUTcGBVE+zGVyUAabyaWLeaYS2JWrgtXcMHgNO5wbZprMXM+OESdKY+RJptlwHjONnSHeKk2X55iSzX5S4vbzHA8ku8RIRpFb5mtj9W2OEcn+rQiPgJ+CWiZl9X1Wu7XSOsWKAE98MGrFjd4MnmCyhZptbVPXnXrvWBEFLb0afmExHBugPMOzNgriCTjGT+A7qV++pH6t/nuj+vm+A9C7Aia/wdb/tRrVt65m61tXoVHkf7yOCmyDb8d0N0EnjvdhW1tM7iVjTFoINBGcWSeZkqALuYQkKQtlCRWgKyxBJWwJXyJ0lbrJA0A1rEJVbBVfJVRLA+U6WIvquFqhTqo1TYENaALXIEyRbjCl2RggVjKFYg2jiPOYRiyJftkkU5rS9AzysxwLGQ5LOc/ypAIQJK3lLG0w5zkWvw15xgIxmU0sS1I2ryupkr2MxytaSrp5ye5LxTLSwvIMC1lqDth/kAxKfRHpBqvPK3J49d1xeXladx3Z62T8gnqaFw5Timo9BuztLdin2XsUblMHtcCusOILtR/cqA5lCphCtQ4+F/0cP7ubOoadj6kpgMPNOORWDSnmGEOKBXrqqkV702wx3jxnkFpvUlR61rF8CV/FD+Ib+Eael5DAJSIvdwXsh64Bw+BsJDECkUPOzyK2H7iCZQBiWHxLZjyEkEGIjRHFDAKgP5gI5gAOLJVsEkRsAtubHcvejIn8D9F+QqMIJQgwckj1moi93t5wQQSMyBZk50dnvHtQ7fVPOAzWsfXnBXiYzWrdhyqIh/4ok4A2c6dBGigEw5QyWebDSZIn3EHKCNfmNFgbchqtjTkmRswYQtskAr6hKQyEHYaKfNCRweQGTSAvF5gidCMH2dShVRs1F0vbl0MOO7iwiN/p0iK+G5XGVfDR5vWBjvkFg/vdvql+4JW/LE4Ppw4rvOqFLGtB08Aju9f33tFJufLaEUPuZHJHuDISXO71d01clJ4e4p2lSoJTLrRusKSsW6XO+J2125wDqwYM6EVWOhuv9AReKY5FQEclBUsMN0QYYmIn2sa6GdtQiXEPRbw5l5wX4cwFPFlSfYvWfahtLkpLZehOFLKLKOZcoxNn9r7b0vLu3jOvLJo1Z+HCObMWsfCUGoXSt99CWW09tWHDS+vXb3wRYyb5N6BQNT0xI6g4OqO+aDwYCycgDpJtMvo5BZRe5IiC6tYza5GZtMTgb9B/K4odyifjTybDgBI22bvYG/wz/CysYpDbnVjpAILcPWjhsHNucsEGzjB+JHepaFlMP2hgXTJLvDLa5NvUdlAJEtPDah1StEbKylT36GkcLNm/SU0PSyNbljj7IZpgXpYSvMCX95ssMq0EyTH3XabXZcOgyUbsigct1LCSdxTa+StnEwCVBXJrmfgx8t2hS1yQorgmEke5/QR+60QkQmJVvTikR0Fa3vnCspA7Vi9ihx486GiO/tk8f/7+Hd3H5siBiamzJzLv0vw0eqO1O9qzsuPeDy3CetE1aUm2Vndj+2DK+6FTSbwR+yRMoj/Rz3X3ALOtu+TkoFW0y9CgN81cUuphYJRtwKA2iFFbr0LrFWlqbGS9/qNTO5ZH0KkNlgUkvfGCUtvstzttlNq2GLX13JhBbZtBbZtBbRtpFKHbXsh9af+QnkMjBLfdnfT/RXC6P90gd0txcSSi5Qf+phJXxvZpzru39NkFsJ/6Gqb2j8d6P5DfzE0WzTcuyddqcR33HLKyIjlLIo3phJZxnwAb6KD4uEHacRDroZXjGHIORC5jRxBF6otbyosiEa1/Xj+0IYz9zrTYaQ3FaFn08ZO/FtyYnJGPFn3JdJrDdG60mO352a1HidfyIX7OO9wvIAh6KwXp7gxfJ3epb4B9hH2yfazvhsR59pt9mJqmIQkMExgCrQAEGDHXY/fYsXYW093H+sNpOwUWtssddaDv0hfC6J2oOOb54jv7T6obvqHQ0mfTsG27Rk0vW9GTSWE6Pdn9ppxx467qPaBbaJs/7al5ox+ty7shh87RhpoxTnUAtyieXFSOepv7h64yXxeaJI5JmyfOSJOziKUoN1nL8vPcQ2weaPOEPDWekZ4PPW0e3hMOB4d4+AzSjzqEt/lzsz2pjtxUT3Y+K9F/9FGiG4e95S0RvCANruk5A5H6qXSXUF5c/00sgGo/X+CidZK9q809O5c/PHzE2v7WnDfrxyyY2Xj/7Y2TRo8f+Ga+tf/Guk17bxo+8k7UsXpqalo4ObA1vWuf6tqKpQOruvXpnr4lKW3xxOHT/KJjCsHorUw39BrXQk4PAF2U5Mn8bdg3k6BlMGfmkMAgKxBMbK4ELDyEGKEjZON8tLxcN4MRPP8iDQPcaaWx/fHotdXL1Qg8/Mhq9X11FUr84oudTFL0ZfiA2khk4jemFK3lPgc86KFkXA0h2XqdyzBoNJhOTuRFgznEYAeQsWPTzDCstvOabAQih18YRWlj47W26RqtVXN3wtPRFmYLd2Xr98h/L8btt5gk9CD3s7bnGtQrPW0mmztkCrlzmVy2nCln++VdkyeTvvpMeyc7G5EyPSwKDrYzpYMRZmNCSq4lJ1eyJHhYvpHwsSiXj7QYrGyJtMT2Jse2lcQ2Gscz679uNEYPvr/i+T0jhg+5YucDj2wfNGTUtbuH1VxRX1jg7duhPNNX1tN7TW6XzjMHDZ6MSmc/s2pWzaxMNmdMn4lLF42vnJfGZk2CY4r7VnbK7OaSQ6aMGnV2UddkOWBLqS/sP/JK0j/HpKGnuONAAm4QUCyiLNsRZi6TMBirPpk/JHpWjCmKZ28P41nb4zNZTN6erXDaq00rr5s1bXT9rKmjmbTvz8Lj37SqqfDYnmef2fvamifxU7bjp7zAfQk8IBUUKwHsDCcLvmTkDA8WpAapkbQ/sIPd/0kabLPpu7rqI+X40V78aAd5ODYXRMx1slFKguIiKPCGMqSi3raKIUu2OaY+8lDToWd2vAfF07XqEMjdNmH01JnjbuE+XJj02D19nrjn/q1fvt8KPSoffPSpSQ3XjsGz28iko2e4r0ACSAIFitfOu4DPhUz+wbwoWiE7GEP7YOt/tD1TWMyMiZF5YXUsTknQWVuc4rCHU6EzLdXtwpNzuCr6wY7pkx98etunT8I7or/3gBt9fx0+MZUpvssH/d2fWHxvkzos2gJ/h4Pe2YFjhZ1tv6Cn0ItIQPsAiP4TmLZgoWqC1aCytBS0tcE0wKBl6BkkkLPm8HXpZXK5P76Mr4IP8dV30C589fTlrrYdRc34RwD/Ma7y2q3J1a1AQq+hnVihu8eejLQv0+vb8cxeQOvwzN6KXbe1zwz8BiBai57D31eMuzPtz36r7Xv0IHoVX+1Br1q2MvT29Ov0ExvbTuN1bcD3fzt2f6dxf83ic59gi58HahQ39u8zAhbZIjsAKEi3290JDjalCeZvz0n8yGZKwKNX0kXX1xbH96CyuLK4uKUIm6aWIhh5u5hkRAhUlEci+4o1yUrLireW8RYT+yjGNe1v7hO5S48Ot0yhrSzUYXmreewE7T3GQsbcCKt1wn1aY4vW3LL/Y9cG+h4ZaV6j4MErKQAdMeJ4Azhwy2fZoIvjoMUkdQAgkg6zfXgNW8OOjyJNMG9roYBM+O8d+QHz1xyUyKL0VX3coq2LLgWvDsvmPm2JZGVhbTX/dUXtf5fhzwgcWdUlC3unqfYWuUevdOKUOQ4e1Fyyi1bX8Y0PXOut1hvvzd71psYvQaarvFrxYRY5YjyDmFsA5hccvohlOyjLoCNueWRxlcUYf+jSDJbFFvc/s81bJsjNM2/W/Z5LlvfD8SsrZ2A3yDVpaf7lGNfx9YOCSSS2cHHb1+xCeiaZF6S9ImEn34ZwqFm2hT+ChbXsZXDKQEzMCTxJzjj8y2FnYCoZ41AFj5lF6u9nfoNmKP/+u3p2+10Ltm1YuiAEp8JH4HI4Tb1PnahOVpdyk9Vv1W3qTvUr6IOD4ECYSDThaWz/NnDHcLCbrphNCFmsHI5tPzMxZALwJJ4A8cOKHU5Ip9B+dlaxI4w2tJ6BOeqnO++2PQ5TV6NPl1w39/xb5K5jsA3tiT0cNyhUzMDh4DivywQ5l9gEO2+1HmFccXfH4ExEjizRvo8+AQCKwMQJoednABhme7amwn9C/v479u+37v/gOOTV/epkJK+Fy+DkZ2ctnr93/BfNb6mD1deItGC62vDTM0AfxQUcqakexhJweCwWjyPAZgnAgZ++1enkEgmtQ0dMZDLcKWP7bwueDjay2HeKUOmgES7rcLHh1KzSMgzPjgt8pdgseYF5C/ZXv1H/+n6v/d2jsM/jS2cVP7Xlgdv+9brt/c8OQWnV3Sirs/reiTOjXoVzYc/blqxeNmvUtFtfH9G8ZlFTAMtDOabak9rJSqBUsUiMYGIQQjYLae6BZTjo4C0WZBY+QydJwxyhGNXXIkc5NiAa+lxwbNCTx16NljIHmo6p46MH4Ha1Gm7fi65tvYNZGb0eP+8OTKdnsC/mAWHQWZGxFQ0G07yCE2tSl204VPOzhEDuI37898u2GIHKqQ0nT283pQzSWWXs8CW7b3UKsTbHyAmHzvse+voDaFaPn2hTT8BpcMjs6IMJO9Ys2vHiE1u5j1/KVk+rbXdEj3+lHodjYD8suu+1HlI/UY/tW/vkNsxTcupUKj1vJx3PlGEAQiILWCJP3GcMoQehBCZEMZVT42yc1Oico8yq1hb0Cec7/wOX9xw5G+fmtq/Y+dxvdN0F4Eol4DWHbLbckAxSE1n8487NjaS7zV4hFQSy8Nq3OE8FmmD5y8IRnQTl+FfTSooj+KVIkxQiKnEHvwhuIjfkQBh7hu5ZYzdH0H0dkiKBdy5qgMKnH2PVhQH1++Pn1R+YOdufu+0fK19zf/DKw/dvXvICCvL9lt+y5l+HnvhzOj9Lje49/8NHkHlpxvZxt93WMH7R6ikfLXnuiXk3z62g3dn/ZpdgRPGAEOikSE7B6w0HgDlZZ2iixtBTRPBfth25lKEEZIgLUgTKeHqODSimTa7ECwnjyWOHDQLfwEn/gtD14Bdfq9iH+Jocxogx5rGxzLSg+vD96+CVK7mNmVD+Y/LZb07AoLpa3ayOUHuhNKZ/82q1Gc9yCZ7lSvZWLOdOjHuiw+GyMFgJy7dwf9iIqF2Ke1rJE78i4hLh/5lHon9A619RLFC/tao7YR/YN8j0hSmwUD2AVfBb9WOkqv3VAXA73E5O0cRsv4edi1EuvMWEsDJ12Y5R7g+CcuXtKEeeGIM47WxAdE9Ugqnqsefvcz8CfSuYnQ/CXkNbQzrGoc/YWzDGlSg2gnEmjHAY5zSYK9ti/cMVu3tliyMmMBHd4mCci0cQ7IcCLow+a10CX3p7ztSXNpma9u7/XD2rvs78YwUsPjH5qnG1zw1Yc98q9Y2D+OmFag36DtMwCwzCGJeQnu5LTvD5EpKRiGy2HBFgG1i2A5vMsMvFJ5HphP8gpuVl/k+D604sxRTrMI01vDPAjhwbAdJSsqgkXBQaxiaL4e6RFa+oP//YBnbZXv3p0RdfevCefo9vvX/mu3us7x1+8+xDC+Auz8EV/1bP1b86e+vTC59eef+MMdPm7bx+59o7XgkStFOHso+x8/4G7brE0O4P9OffoF3GhWj32FdN0XLmve1fqROixxU1AbY8j5a3DmfejnYh1nZG2wms9S2YXymgQjFjtAsEHKmCx+MIXaAeriOJl8E7Spt4xAMkeHBSQl0MeOhP+7Ap+9TziTt3HVDVX7+L/ghvgoNuij6ZsOOFe5977uHt3Gcb0tXzXyxUz/50Vv2CWQ8fhftbW9XX1X9+sGnDHszdUnUxOs7WX4p2ZVu5s8y5v0E7dDw6+0NmVdSC1qMN57/gOq0iaDeu7Rh7I0Y7su58LC1Bk8eabM1JlkDYh/CPKyenQ5oLhJMcJg+fSeDOcSqJSC5/RJfccsd/xzsKdx4Kd+5L4c4bD3ezjkPh8LvR0zBd/ennn9VTzLRXVs+d/8wTlg+alt+76Z4XUDI/6du1nx9cEW0Ubjtz4I8fD0Bx3ZTd4+fPGt1w35rph5euWzF/xu00rz1dHcUuwfpHUFzHurQgMF9kvP70k6XY/rgs1tFwi5widTHWMUZACnnfoHGftrke+PJ4G4DpR6GIwe4x9cWZzCTbup33P//Sis3qnJcyofP3Ka0nvoQp6jPqFnWU2gklQQWm7H5u7WY800Jsu56gNQgZ9FKcUGQkIHCsLCOB580Mgk2wcpsoIpndBZPwpxB2zUikQZwRKnqE9A4y63KN5OSYnWLCc4TqVWn6m/C9T+D770b3wccPwGT1G1JWgmvwQzD3SWdVF1LFAy4QAH0VCyvxPhv+SXYFAhgRBmwJEnxQtrrw9d2wEpjxwxMgDtvwVDT2E4/I/l0RZrjG/CJMuYSwwXB7OAyLKEY4EgiTsSe9E07/Zf/LUFRz1Vq44Idbn31y75aV6lf/YevvmPdqsVR2TN3APLS+b391X/Q/Yya/o47HEn9b20/sdHYqydxvtwKQKGAAG7jNZ2bs7G5YATwwAGTYDdih37DBdE6a+GvRPGUY2Znxf9j7DrimluXhU1Ig9F4UCB2pJ0FAUJAuqCBdFBADCRCphiBihejFdlVUFKyA164gioiXIipW7Iq9Yy9YsUP49mwC5Kr3vff/fr/3e195LJkz22ZmZ2dnd8+enEi+mGHMpmSrV96uv3K98WGZZv1jcYe4CSwslG5TlJvnPjh26s70qhTUDaWjFNQTfvMPaKoFaEoOUUVsa6nKyuoMxIuBjkbUEHnAGQX6ICVAyM4hZ6c+9mCakDDE1RzZwPaN/0Qj0Sg0XiwSny/7/T1KF6tS4sT3xO/Eb8SPwG7n6tlWdAUifQbnPXnSh4R7yoPxjSjRGAy0AbBUBCw9PLU8aSE0DIEnTvgh2gUaRqMxqAeBEJhUGFQqDPm1ysmCDmk3Se4lyL7BBn/fdQJ37Z6DpXSXYjMpcavED5eKp/XKcAbIII+4espTgAwKgAmdlIGBUFH3Ggyjo42AkxxpmSQ3yRq51yAc4EsJJVyAL8bPdG/DFLo/NuAa+AnxreJusnmAy+ye55R60Lv6iL+ngq6utgKCaGsPVKM2oEHIAEQX9ahVlNPTw5QPQk4DEU1ggFhfVwOb61M3ZApcf18n68h2vhO55qs//UF8S7wN7HH0nl1Rv3T3+J27bXuywSLhZUQq6ooqgQ73SNg+5cHJK0/dvy6UPn3Igf0AdCCPkN8OoVCokn7A0WFgaFIZNHJoki+jlhmavTpw7N8dA1tQc6RwDnZfPXQIsz6IqXW/AX0fie5EJKsQbBfk4+ipKIcwGFQUxxWV5KnNoLk0sktBoz2knQo2Rmy46zrLdlQ9y4YLBvJGuLEW+b64Xd1PKysxvcrKIty9qKiL3CN797zFSgF1FcTaU15JiYIoKKhRlA4CgsqAtBwYRL0alc75sOtUyV2NZJ4niWOl4oIpHM2JkTnR3WgTOk5cYlhhmrMEc18m1VMTlN/dU1kBk8eAtQKjJZUFHEmtIiZHlf9JT679RgmsRbrZlnn2vemp2G5RczNmfFesjnYXiOdS4rovYg5i5V7rPAI4UhGzfVQqnYI2g06hQfOn9Ju/hIMDNHlyzXak6/NhLIAS1+UhpUG1hR7Qw1NeAdRRlgcWDgT2VFAiv3LPIF97IycRm97fvfDGwI9dLHnPC3n6TLU9IK7NEddUvUZHocGv8PndRVhW11Qg/CxMBCjVA10lw3Hl6CkPCNMVaDgOpqTRNeQ3HA6gA2roKAriJD818gbFD6wkfIAtJbd1t1XewUyq8ISuDaBN2/GxpLciR1QPRQjvHdjWIuS9AxrwVkGILvDg7sB9DETUwRXv7fJ+ZwkGDRNxgtDcpH9upvSIj4m/iT+LW1EPlLxH7tHdXHe0dW/tseOYvbhL3IyOEKMI6i+ur2o/e/hN+7njz6VeE38E2skAbtK5jq6ioqGIohg5dtSBIB41oIxCI7BBHOgX+4X/ICWSvFCEXDoAD8oEUwiadwgNfvRV3H1pzW+ojfgOukKcTonbu2PXEcxNHHy3Teqt98Be1UBGe6piiooMCkNNDdijlrLEHvdqKiqTExuOU5WapAOszzClG30Z0ySXM1LjNO0ViI5K5KHseSsuOHUInX/82XvxjA2otvgLekAMLGxTcUcY+kzMu9eIwOcGX1GUgZczQ9ieShpMJo1moQd8uh45hXkgpqArtMFVFXRN7xQmc9/DBd76JRdJltIb+v2eTccQI7XDzNCpe4/qTG4ecbCi6/CNizp/PMtZGNNSV84Vfzwt/uxXPeuAl6+dqk3xlMUHg7ekcAKGhVmYe82M33iAlM4BaGwkXIUw94OFtpw8SiUdO6kWXNIx7N67PH2vvRgpDm8Wh1IG4Ee7huFHVwMqVcDuJkAvY1KHKCmpydOU6Y2AhALwL1Jjc+zbuEkPKYCKyU0bMOYJn9ufvz6I6qEDDoK1ysP7F7GW7ijxZdQaq5S8UYM2Bvapn6celSLHkMcxVEEBbGloigiiTKfh8oo4DYydfQpycBCRXUmOHh1HyTKJDfYxamQK+Q+XxTi5UtLQAP+0MeKzZ79+Oy0+3fC8q+nLc/jsTUzXZjCkFuJTuhbhOUACH/L3QKCHc/bUQilggUanygNl0ahUJeBP5eQV6kFb5aG6yHWkdLKFa2E1HcBSHnOUPvWDouTPRw07Keai6y6Jj4obT6KbxElgMhiLbu++1n0G3S0OxQjMDnA1A1w94MqDSf6iBS7PoONy1Pq+jiFXf709Qw4W+MiHhziqRRx+DvVBvYHTEYod0ONYCbnpIfv6EACz4ZtI9WrJb4dSUZIaXLoM7yVFSn2omVQDecc8CDPFWdR7CA0/WkzG6zBn3IJ6BTjbNzCeCOIx1Dcg/lYaV8FDqG9B/B2Mj8Dc8VCwu6JhHjAeCOgNo94B9I7B+DzMCXclz+AwTxgfhw3AzamvQdwLxr0wM9yJeh+UPw7jQT2vcRa+A6XjR3uKu0//eHaB1CEoboGXo3TkDcz/6+lEIsiNwetB7ttf5fbcxEPwBpD7rjdX5uxiBCKHh+IHUDrm0cdZ9uwiEEg2DN8GJDvWly97djEPeERXfDOo79lLXebsYlzPE9wc/xPkesHcn88uvHre4E74TkD/eB/9/rMLBDGSBi6yWCY8AF67N4xHf8OMsI34eIo1pZPSSa2kdtPp9Dr6nf4gd0R+NMMPhmpGtcIUGB6QQbFVsVVphXIEGVT8VarIoBr+c1BbrT5dY5CmquY1rVlas7Qn6gwFoV03Wz9iAGugEgxrDfYZBhgZgnCTWWCM/cdDrvGB/+1wVRJMVpj6/VtDnulps8D/hv+G/yPDHBDqzF3/G/4b/r8PaeYN5j0WKhaGFnYWwyxGgxBrkWoxw+J3i3eWXMvzluet1KyGWU23ujZIBQTeoEWDvliP+kWYa11l3WETbFMIwm1bzDbDtuXnYIfaRdqtsjtvr2bva7/C/oT9JwdLh4kOIocmhw6CRaSDUMeisQaxxoJQyrrM6vpv+L8psLX+STBgm7Pt2E5sdxD82EHsSHYcO509g72IvYa9A4R69in2TfaL/5cCAn95HSO/QRCB5pO/tAJ2Ss49nwB06ZkPoFvPOQDH9rwCMBqmj+9pBzAWpJsjaiDdHJQ8ithB3A4xA2XYAG8H0AWUcUTUxG0AmkHcF8IACMMAdIa1nEEuCZ17XgA4HuKxgIILqHsXQIOeIQCaAXlcEOue6wCyQV0XUL4TQJeeegB9e1QB9O8BcgP6JAyDMBLWjeoZDWA0xMdDGAugG+AOWgjoVwNISugG6KwDMADCMAgjQevcQF0SxvY0I76Awifydzx73iJ+UH4/gH9H/KEeAgAUIoEIFRkGoCLYQQSCMvMBjAW1RsG6owD+CgkGXEgYBmAITA+B6aEQD4V4GKQfhsRAGNvzDomEOokEct5GxkKa5JtP6wH0BWVigAZIOAKkxwD6zwAMAzAWlPEG0BdoLxaUeQ0gWSYWlCHxMADJPwLzl7xFFPyxJbYBIR3EJDgG8NlSHOx8kXQpTpEpQwXtLpTiNJl0OjK0D5dDtBC6FJdHlJHlUlwJPYqUS3FlxBrjAi4oBQd8FbElEKcCXBXbAHEaTK+COB2m10NcDuKtEJcHlLjYTSmOIsq4hxTHAH5diuMIG98nxSkyZaiILv5EitNk0unIlD5cDsj5TIrLIwNxsRRXwudT9KW4MhJB3whxhkxbFEg56Z8griiTrkzicjSIq5JyymlDXAPg6nJmENeUKa8F2yvBtWXS9WBdZ4gPIMtIaRrIlDGSwc1geV+I20E8jMTlZGSWk6GvKJOuKJV/O5NNsJyZQfxEQWZ2ZpKQ6ZMpyMoUcIT8zAx7pldaGjOMn5wizGaG8bJ5gik8rn0UT8DlZHCY/GwmhykUcLi8dI4glZmZxBSm8GQIJQsyc7LI5MTM9CxOBp+Xbd+X6dZLJIyXnJPGEYBoNmDIdLJ3dAziCAGhXKYPRyDkCfrpZedkZaXxeVxmUmaG0J45LjOHmc7JY+Zk8wBjIAyZzBRmMhMFPI6QZ8vk8rOz0jh5tkxOBpeZJeCD3ERQhAeunGxmFk+QzhcKAbmEPCh4Gj+Rl0HSAhnZzExBL5JEcrD9uXlZgkxuTqLQlkmqBdS1Jev0MuBnMHNT+IkpMpLlAqb8jMS0HC7QYZ/0mRlpeUwr/iAmLz0ByNJfHFD4R9LC4lx+RjJTwMsWCviJZH/1MyCr99EaCjVgxQdchLx0snMFfMCVm5mbkZbJ4f5VexyJqngCsjmZgBWAOcKsHCGTyyObSZZJ4aVl/VWjwFIy8qTFyQ4BBIF+UvgJfCCzfYpQmOXm4JCbm2uf3qs/e2AVDsK8rMxkAScrJc+B5J/tAPxrJiIAXoqDpCEZSB6IJSB5qBLCg7+l/Bx8+vPDESG4ZgCfzQFpXHwNvgdvwpvhU7b1+C5kO8IE/otAWGB+YiJBCB9JBOUykWzwSQJ1mYgPpJYFIQek8AGWgdiDHC9APw1cw0BaMpIC8rJhjAeuPFB6CoBcUDIKxrhQDg4owYflSEwIaXJBfjqULxWkkXzJnBSQ+muJkmE8B8jUWzoRXNNBnOTAh/ztf1HT7SdJSFmTAaU0yF2Smy1tIRNxAlQcQQiC7ZZIlAs1QpYWwtK/ki8bypYFqPKhBpggnaQohFobB2VnwhbngWsO1JakxRLN9JYm0zJh6wSgBAdytAVxLiyXBaXOgymSHmaCNAHIk9RNlFLhSeMcSDsLSp0OSglhHlkrAcrRq/E02CKyVq9ckhrZUNuCn1KS+tpg+y/1XhaMc0GdRBC3hfqSWIuEr20fnx9bwIe9kgv1lAjgr3WWK20pWToRtCYH2hf3l7on66RBzAqUHwSupCUmSPXyK+oSGf53ddtPnQspJYM0AbRXIey5xL7x9asW9HL/Wa6hMjZAtkTSFiHk1ztySfqStnJBSi5seSYcff/I9jh/sSoe7JdMKZS0SoLngFgWhEwobW9v9tIhS6bBEfv3NirxKRnSnumn3jtC+FItk/ZDypsANS3p2xSo8ywwxh1AyIXBHvbFX+3PXuorHACeB3WTDLWTBSjkgdTe9mcjsn6WA0dFb/wB9Lu8v/hh3l88LfS1FEMKizKKMoLiDqArKM0BWiH1TfpnL1BCAFqWAWuR607Jb7yPBruVX/2hYAUnhzAQVbB6U0PoPT2ICkxF4boSfAzWg6umpLDBSkJksIwmb10YUPhZCaVj5SIDEUiahaEoS4GQp1FtlHFMn4oQHBrDhoZSUJELhlLKw4lQwlYmZeBGw/yBYNFPhjFA3aQSyaaSSvcgA2EsQ4yieVi+OH4S11DxRdP7MvVTZ18U5U93KBfphhMiyhFChO8oxzEUwzQcgYgtQw+oXt2Zs24uFLiFUOqTFqUCuXKhmHgkhaaBRYazNAg1MiKnwRjLyU4BM7owM4OlSiiTiXQNehiPm56ZwWUZEgPJFIaG1i+XaixjwojMxzV0+/Mj+Ok8u3AhJz2LGeLjRRjqKLGcCVfCheXiNMSJNR5Eh8hEiYK9/xbJFAkGma+ggXuN8WFZEuaSmGGGDz+LXC/4hvsx/cKD3XzZjs52ji6+XnauLs4sljlhKmnQwF82KFyy6iJEqImsglEqgotQFQSkMzARiiIbh6RXK/LGLV01In+QkFfBOl1xw6ss/ObL7R6vJu033xE7c5uJx7frk37PDhszMW+Q+pLxJVbaU97mqlSE7SgaNil+i27xmeU3PL9bpu2rubi7vKDca1ZhxjL6MK1VLTPPl0duWSfHS51S7Of/oik6Jra2ssngfgzyfpdawGJb+mmk5RJ9gsOp+yXTlkc4tPDry2sfd9p/7gl5LPxwY2LiCiWVGSPU9TmvHJafOrv9z6TG8cEnjlTl3WCVzO9Atgt1ug96b4oPn7kEY26cGK1ngi+l5w8L3fPE9vetr1dM2r/ggPMfJsnD/e/r/ZmJKcwNjJ684szODx8Nm7q6JyEq96Kw9KvaKy9plfyBkd/s+0OEygONUAkDoFIDZYo2RTM7V2dqouo76lTj/UvuvyM+/DZPZxs0IQNTii6hna9pOvjLjTD/LEaH5/cp32tsqlucalSICLKAESWIGEUElo8o9yv0ka7tEgVpP6ztslL5ZKqDdJ2c7dDXjWQvwk4ERmkPihDRNDkwLqnkKy4po4mRREBvnMAKh/3t4hEy4An+AWUhoUHKa04hTVBKEpf7YTzipJUEPGy9On1SDG3++OwAp6WLVnEuPFAZNm/TORf/ud+36t3Qf0j1G/LR7NEppc2i99tLF6hyEmIOtHFeLpdvE1geUe2KSxbO9h6LLPwQHNZ5XulSTn3HqbK04XMm77S6cGuG1/yld65l7aztPBQVWmq82LMwfvB378LWx45m+9o/zxKK0Zum3tl3rd/uKquoU8sJzTw7xlPX0ix6evLmztKJ055OsGpf05x7gRZ7yE5+0/1Aq9bKJweWHd+49a7zEsfqnjNfuW7lGuZhu4c/vMUUN1YN9zKMupww9fseD97XRRu3nivJ3fWF4e7QFFwZZ9WQ1lZls6RIvXzTrnf+b+42qo5SUu4ZfOdK3TB1QkQDQwZ/JuvFlNduvb739mfbn72YAvBis/4tvsKKsJAMeiPZfC6PGc5PziB3O6BjyQ0rCzozF2IIi8UmQBgscWb9UUL4b5FPmo//Tf4/9UYNY68NubiHNjvQbnt6TWLZtPr9bsYx+0qrFrdtKig/lnPM9o3I07quIDz3QyLKaDznMhf39BkrGnWuw2h/d376qSPL4qgnbkeNQx4ovhx7t/vdgSLL5pyRXTl7BdH7jwWsdUygXlxZvLnZ1aRysXqQf8JNtt65HSaxUQF7Mv1OJU9JiCPm/+FgdcwoxPpG4S19NfOCI50fk+2f5hl8bB+Y0xl85kTX02aF/BGDes6f5e9RVJj4MvnJ3AFrg7rTR7iduHGYw3m/Ur1CiV6VaHy9c/XAnqmRBa835z1jiuIZN2vD9SLQsUrzli0+MuNdRGH+g4RbomwPiwlvPdUvuV6xwJV+m8+KZygs6vVGs4FGpkvcjTnpbvom5tFyaN9IxWXc1VaNOCPjBZHP8NcbdJxfvI+Y76S3mwgls9UowGFs8id8f5hoBhNsMkbVsGE7EgSLbZM4hBic4MTj2A12TRhsN5jtOMRuiKMz244LJr8kDpvtNDgp8S8eMCCD+ziEelm0Q8fFxaQ2fVtrDrby7z3gLx1UZlY2dILAWoAZAyMG9kuabzwJ7AgXO2II9IAcGQ8YSYC1iowH9PunDHqd4D9gISQUScE1ULSHghHID6MZF2EoElQyZvCsd1kr1j28oj9qndqsVIujm8067/m2mdXXTJJbsHrNadbTrLU9mgbVdNfZj4ihGiZ3lU+uTG7ImPVlxspNRSKXFVvmXA7EDu+qHPdmWd3WJER542jztttP4+hYq9Vg3lDXOZUrrZe0lj+Tcxso9pjuGVgctCTCnPF4zwnG68kux9dOcP641dv3e+O8aqVDTjcs5sX3JL+xEn5eSFDUFiafGeU0cZLx05bF9DkT1u5cP9lokIW8WttH0eVLzvRBVc+WpxfNRk5ti3l9gcL7XqE8NvzM+9IFH8q0VpykHU0M42BjxgYM/Pg9R7219mvnEX58Q8V6Jf4cy5dzPAxSWS2vld8dnesz7zVrHQ1hz6hjLvxTzvRFVLVu294mrVcuHdzLqVqY6fGFjvPcLq7df2jVONtyNHwuGv9++uFp1a/arod9is8p8B2nPcQyvCHkw4TJ9z5fC73NuqKf6GRdMqssySX+fKTjm72tjbamO3wNX39PDtj3zLtFZWFo9EZ/jGMxXq85tvj5Ns+spzHE6Bn5bSHJGze/Vn7pXvvucZ7hg4/RepkNC9KntjOjzXseBdQ82f1urydFxz+kTTFtmebM163tnyzuDhhKSQ61V9mk89m7Z/iyBawvWxtrHruF3bZ2nD2Su4x3nae2/9akun1pYV3NiyZrH7U9l72m/Hmc3GE/v82DCl+hrPQJwuNRwF2KaHQwB7yRzAEMjnbKYOj6B/64gI2H3pQhv9xiwYr3tlxUTxsH1sjSI3T+kijfZ6zADG0kbtOs322GZWYC3wlMl5/ET+QIeUyvHGFKpoAvzCN9O+FCDCYcWWwnR8IV+HY2C0YdCTL6n1tB/zP3XlaRtuferYDl1jNS7fUeNLU/PLY61DSk8twd3WAzldcXt14cXSkkmGov6VciVmoFFg/wXl5VGktY3ERSn01verWArvJZmVL6dsEZo9OOZvPWv+9MHmjbNf3pfIMXT4P/qDhsGt66+JvfefkLE3ZfqPambPy6JW1F8jWr2/7h1YUXHlv521vuKhwTGab4CLf9PqmoiMiY92Ecsf7brKslNc+MS2Z9uaTxQa4uPD1sn19RWQAyckSSmuWgpG0ljy7TCkZu/Dp3q9oITXlR2dyOyKlidI1BiNxviCrh31F319S/4ahdRNluw6lerNwza+8NnbOigoPVGijt6fq8di96zmRURM9XassRpkKve98JNLKVUOnzOFQCBxcZd/7LxaUCma1CoQD7KyRUafLSKUELJVMQoqBU4psLioiCxfmayrtEEz2jLEsem2t0WT9ghK8c92hTReImzr/dPEWqeZXaFSPLN1eOzo7upGvY84gQyaQQSIwg/Mp9yr0Kh//ry+K+bAHgSLpyOCFEyEwIAQSY3WQmhCH/kyUx2Q4fCdV/cTkMdK1asrAlFvd1vvN8X2XurXN5oUHoHnvh5Jh0RY2d5w5OX3rAvk194+/pCQfGYqeDmRohq+9M82wf27A7es3ABwZo4a6Gqe8XXXg1FH3dfnApg3pycUD723CtO2N2Ln/0dPGkK/mHnxS/pzn8hj9fZm1mkvX9U9ejqavtlT7T27MadYPXL0llCFYeqHBdl2x3LFT5RULscO3SRczh7XR99tczrJFTWO42AoWTL7Lce35jaNw7wuAseXvtgM7L4EWzjznZTPij+WXjTAXv6W3hAuPXRGvDVF5sDKrD0FS+dFOz9OOwP5Oia+wcnn79rfBMaNSz9VnFabtcR7d9ymveoTstYdCbjWsHDabl6ieccjdMNxK9VThh23Dep+bx11czax9u2iZ0OhB8bLKpusUUhWFhv08e7++j2VhTUx2UfLLMuyc/zzh/gxaR9MxbfYL+yQ0mxhd8nts8b+gMOGPbdp2dP9rCOsAsfvyLqDdb7q5e3+qW2VRgKaSpvZ5i3LxWdNgyYv+eSe4LKqZw9mVUaGxp3jHirXpm90J22l7xvdCTv5ueSmpabzBPnYu52+0et/TAI+PHtdWtifumRlDbvOxDdhVXb566s6Z8VY7+jeXzNHJMHNjb5DLKY343by5/M7fV+OpLwzGn1rwOvP8Z5WUuUJh5kn/yScaLrSXnWIN6lI/FxF4PGlBx/ZvDhuH2kdqppzT+6CZE9GmEiJrQOxUoF12SnCD+uAsomP9vccVsgpAMyEH/yoDs3xCwwLQxhE04uUomDWcYZRFk9D++YRFhP88dGDl3YGDuAGNu59tvAtWB9pXXM3aIVIMG17/fH21c5j3AOvX5+JAdB2hD9CmB9bNbFA3vuKQeV7+u8HbIkdW06pOuV1BNlvflBUp53Hmziieape3eELjuecqES/fWhu9l2LbsvrHdpmqa/O5rq8a1TtSnPk+a8owdZqHu8HSnXMj5Gt+6uOtH7fGcnSkfTqd/cIut0O70r78/hLsrg+s0dUt5oordZc8VXx7epStdic3bHDjoqdLBco3cg8Xub74/tBmvahQUZbVxmuC+ultd4ITrHR0+y+bcmL53euGAGx57fo97tmDMXP33FQ7jHhUNtatyjD5W5yFmX67B3ffs3b18yKxL6/NtPwZHLTN2Mm9xzeDODq9fp1KpZzr3dGc9Xrj4c/zbC2HNvxfPazxkLDSP17Xaf8bSaoh5qetI5/Mz9iyvGmi6dXvSK47RpAdWgevj57ebx102HuURdrR27HAz/O3FaTEOV0wfZsWphPrn1nxBHjTuwkTxtw5p1TQNaIsc9dS1QuW5aWCj7gHfGX6PDrcIpt0XPDW71+y/+tibIwPH3pqz+FVQILF155J7r2LKdnfdqU5qP1xSML3jaseop4GDtmpYbdk6Mzn/ycKEqfF7HeZeG7sutjnXyupdR3qL1VLbpZ4uYw4/+M13wVH50cfaNvs4CFd+zvgylRltqxE3ceUajzGOc29Wz9e5uyG4c1V1o395Wuml+1fn/943d3aAufP5L6a//snzl/sSvb4KmhhF0ZCBhCM5SALig3j9dV79aVKW3fEI7NwwVpHPn5rU4Acvtp5gXTRdMJgYL5ncyBuoY8qDykcVBv6P7vmAcQtGLRisfZuSeMIxns2G09wEmWkujAghgmWmOe9/bZr7B/SFREEZKTyTUlBCFBQTBcv6lGSPEwVziOG97DBU2/GfbbO4mYnZoGX8dI4gLzEr2z5FmE549hHAiMGGbKYBMhoeu5G3zePhLXjJkVMeiGXD2+GSgwvpoQDT4FcbseT3hZtL70fk6dtfvi5MNlmrsErtQeLy1d6rZl7KUyw6zIu3t/X40iK4mD5HfHD4M0br0OYR2//4wL+V2GzitLkkjje3aOYi/5DI64rLZ1zSHzXwwzDvRWEXqrtTH3rQ7QetfeI+YHNbrUFusWv7c+4pX/ep00w/aMzcUiScs7jztAXmb31koWrDpu1UxbUdKd9S7FeWWw+3To0OTDSS52eML131aE7noaUf/G3udg290OT0JsO86vFuy44Ldz4o715tVVIapOyu8F5uwVWjFrZu+9tjdudiNuwLdGUcZxw5Xln1eO+NW1rzQ/2ih7AnW+rP3tNp+eWurRuTX7p33IKUjMytdcIWTyptC2pt5SEarhGUpHCoJujjg6WzB2ZqzfTbOuWxpzXvj5a4sITCFoNE55LCezc/fHmvXbHG8sHZzSUXXsclej2Moa+b50HLpV2k7ckx0jzI4dS+vX18AOXgPa8Tylav7/IcXpV8qohddR25WuHfNO5DyWb5UQGqq/ONLiCDju1Zu3m4X66h0/FLGzeWTZtm8i1gpdHO7yNM8z9u+NKcWjeqpP1lzlT9Vy9cVufpjuq5WmOakvNk97euRS8V8l/wh+7uIjooo5fcu5eTnrjM/eL6qOAxzfljTSqmqrGNp73xYuwZ/n3bmU1xhyvmrx07OSo4wO+Q96m1U2IY+QGp3Xllh5vS0yedCsvWUJoWcpYlolQTIsouDEWJgpX/6Ynr13cD+49GyguOks5HasTyOEtR9twFSNEfU2ApE7K5WoRpf0UKC7g2/zIfj7mfiPWXrsi1TkZXzPrN6L4iwZWposiKIiLKrfOtfnn+GvHzuVeFRb7Z347siL7nD5g/zM0UEYrYh1aHnXbi+GXvjUKKNpxcozdscFOZvpFL7UDby/OvYtYzkzbufjXN6PGHuw8zdafMGX559OGMJe6O+wbYI5MHuTdnjhh6xV78m28P89oYXlV6mN5dk5vo8Sve+0Njx38UjVr77eCH0bkTZq/WnXvTs+LIGp+jclWac56rznMWPQm6tqimrFmr/dzjcq+yvUc+dnTW7Ld8eG3+lqFf8evMlarnlm8Sx21ePjRptoj9h3tXgTCiUfe6yY3hutPC7hxVKCUyrj68OuT4MvxjrUX39zkLXdZPmtBx/uSpY9e83tz+02dScOZHnYBVD5wVeQNKniyt+F4y/aKlaL/2Q+ORAQ/d37xUKSlobHB/11UhwqzA8sSsv49oLBGmBZLUoGku+Y9txH99ziZjk3GErqxJKvSfF6KAeV8OlaVC3kZmESxXlqujI3kI9qNFqgRMH+KRk7piVmmjteLDrjt+lrEaP2yZSFuZsvjjEsM72cobbByr7g58oLR4Y738tivxfD/Ou4LJd0T4vTCnkJyxF1cjkZ6iOZ8WRD2NP7Eue6+l8sw3xhoOn/Wb/IxOmRSVjag1bbPTebkqCP/ieyotdbzo9p7pigeEMxqKVWvP+rbuMuMspxQhnd5uDUFmS6w17XZorbA6PHiY75cDVQ/XLUW+pj8ZO/3+rkmjSisbTYtHlMweEfja7lWiXsuGcie/61V7z7RMLPXhPHo1w7J+au5OfgNl/oXIg9Yc3pbbQ14cDx2+c1Xr5zyTx2/fBh+J5j21NNTe6RnhP/fR8M6vd+8qtpR27I7zHrqi+9bChQQ6VxgfVH5h5um90ev8ny2tQzwQ6dOHiuCjDZ87BDGqEJ7t9j+XiCAMMCbbETwxT5CGaCYLeKmISRpHmIEQsBz5XS8MPpHYH0MRGqKKYKMjApiIftiYICb53UCYQz7bKMFwRE6KURB5hAFm5yzEA0JfCEdCGAJhVCpPkIHEQpgAYQqEGRAKpSfPJMQgxH+CyN9CCnx/jz5iAuqSv7fIlFDif5NcU0Mk1zSgl6TjZBvRSpyLZ+D7KBgllhpGbaQeoUXQBLS5tC3yRxmzGLsUPikpKjmrnFRpV2WqjtRU1WTrROsXDqg2sjCaYbTQaJ1RldE+o29MOaNvAFowfZnjmfOZG5nXmWJjwniW8S7jXTSB8ScTiom6CbMvWJhYKCma2DItTMJMok0ZZCnjT6ZcU67ZeMsi8mNjYUPYs02i7WPtY8lcB21JMP5EBkANBIejxBKimFhjQ9hYENtMmA7aRDFZlhCDHDHIA7ksUI5YM9jb+JML02VKPx2AfzJhkh+iWELNhOJSRCwhaZGymDDJWO9HkkpytyFMbCGPNQ7abgKy5NAZrP/F3r1AyVXV+R4/Ia1B1NigqPhAecgwggiI2iCvhEeYoBAeM0AC2BGIgkqgwJaEMkFM9KAk0hlhEDIlGXumo3HggF0wZAxye7IU22k6Jpg+Zq306qL63p4bSwjYpmy7x7qffaoSksDV6PLetcZh9frlVJ16nL3/+/f97/8+VafSdMTRJw2cvPbgI9/7xiOODscNfQz/njL5uKlHf61+vFMm+zvrhNwp1xz0neOmTtn7hNyUd3uH7PWnXPPBd540MGXvKXuHZ4UeTrl76gemnjj1xPBOepe9Y9hzxGHHTZ36gdOmhp6dtvX0vU7f+/TJp7/59AOn3H3G7WfOn3bqtPPPuvSsZWd956/2mv7vZ2/58FNnb/nID85Jz50646YZq8/rOP/LF1x84T2nH/jiP6889Yzbt/+dOT97r93+zpzvvet/y3b6+872bTjmX584/d/DkV/8N+3Uv/7tR34Q/s5Jt/9d9OZzp4Y/rXvR33kd9b8LLq7/XXhP+As9vXiv0N4L7zl7y1nL/iq7HXp6sV5ecPElbzn/yzNbZj591rILLg6PnLXs7C0XXDzz6dMPnLUovHLW/aEnlx592TOXHh1edcbtjr46vGrW/bPuv3zvy/cObb1874v3OuP2c9J6v8LeywuXHj1j9cV7ffTQ8Pexb4e/Kz8R/ubsN6frrO/MWT3n8Rf/YbCrtjx6mPadOFZLmvanN9Kb6M10AL2F3kpvo7fTgXQzLaDFdCctp5W1oej10aHe647a8j/Ju71R647SuqOaJtdam5rt3bcWN73e9gr3r6Sr6Dr7rqcc3UA3evwz1EafpSWes9T2a3QPPVBrjU7Kvht/ZO3p6D3a+4FaJfpg7Zro+PB9efpQLYlOrN0YneTx8B30S2pp9h3+WR671O3L6A6376tV9DPVuo6m/bzz691+Q9bvVL9T/U71O9XvVL9T/U71O9XvVL9TvejQiw696NDqVKtTrU61Om26yfvMo/lZfFLxSZtuyWKU6lGHHqVNd2S9SsUs1bNU3NKmb3rsAXrIY321bzf9xL4Nte6m/lq3rPu62oKoWf8frMXRQ/Ti+IZexLvFNxHfRHwT8U20NNbSWEtjLY0b8Y21JNaKOIvvBO9+o1moOVwRUduWXXnRYnt8uObAvhNFOFyBEa6/uMT9cAVGuP7iQXqIvktdXlO0fdh7NtfGtG1M26raM6Y9Y9ozpj1j2lPVnqr2VLWnqi3Vpq/a3157Xpuq2lRt6qqVmx6pPWM2fJ2jNoffncjGfG20yvZB9x+ipqy9D9SGd7Rjb89/0nOfzK78OMFzP6TFJ9qeRKvs+2H0ut8+lV0R8nbvdiAdHJ2YUfDB6MDs2otwbUi4MuSO2jKOWR6tcHuV5ye1Jyc+VStx0F0Tx2vdE/+Tfks1oxXRBNqLJlJT7RtNr7B9JU2ivelVtA+9ml5Drw2/X1lbL1YlsSpxZLd4refIbo68iyPv4si7OPIujryLI+/iyLs48i6OvIsj72o6yHMPpkPoUHoXHUaH01/Su+kIOpLeQ0fRe+loOobeR8fR++kD1ELH0wn0ITqRTqKT6RQ6labQVDpNH0+3PYPOpGl0Fk2ns+nD9BE6h86lGXQenU8X0IV0EV1CM2kWXUqXicXl9FFqpdk0R1w+Tp+gq+ka+iR9ij5N19Jcui78P3WUoxvoRvs+Q230WbrJ+8+j+XSz+OVtP0cL3F5oewt9nm6lL9AiWuyxL9p+iW6jL9NXaKn3u8P2b+lrbt/peXe5/Xd0N32d7rF/uf1/73aBvkEr6B/oH+mfqJO+Rd+m79A/0/30EH2XivQw/Qs9Sv9Kj9EPqYd+TCltop9ThX5Bz9CztJWeo+fplzRCv6JtVKVf0yj9RsY5ClFPo+lpND3N4VWurnJulWurO1E9xnlVzqtyXpXzqpxX5aYqN1W5qcpNVSNfNfJVI1818lUjXzXyVSNfNfIvlRnGjNaY0RozWmNGoSriIUOMyRBVGeIxkR4T2ZAlxkQpZIqqTNEXvTrLFCFLhOu/7iCZAlNjxmhMlh0TzzHPHmv6Xm0sOl8/l0XHevbp4Yqp2mrEr5bdnpTdEtltteyWRO0ev8/jK9x/wO3E9kGve6i2TGw2iM3zTapz8XlefJ6XlRcjekycquJUzbLfQZ53MB1Ch9K76H2eexy9nz5Ap3mPc2zPpRl0Hp1PF9CFdBFd4b2vpKtojmN8nD5BV9M19En6FH2arqW5dJ3jX085uoF2z7y3et/baIn3rGfhVIyTLAt/3f6QiVeh6H5tfsBzErcf5OgubnmEnqiVojOifeT9MEcdJkLvzq7AuzKL7Adrf2P+WCYLL5eBW0V2magui670WIhsiOiD9j9EXfRwrVVUS6JaEtGSiIb8WBLNu0TzsWyeO8j9g+kQOpTeRe+j4+j99AE6h86lGXQenU8X0IXhfyXLcklJ9EqiVxK9UlP4vy0/SZ+iT9O1NJeuc8zrKUc30O7z6K2ecxttn0u/7naYT+8XlX248ensGsQPZvXJznPQ0033md2CI/vMXB075qNQ4ZwYvSG7QvGFOWg1Bz65yxw0Vlti/imJVa/5p2T+KZl/Qtx6zT8lc8+PzD0lc0/J3FMy94R49pp7Qkx7zT31uL6h9px5Zol5Zol5Zol5Zol5Zol5Zol5Zol5Zol5Zol5Zom494p7r7j3inuvuPeaZ0rmmZJ5pmSeKZlnSuaZknmmZJ4pmWdK5pmSeSaMUa8x6jVGvcao1zxTMn/8qCn8hvMZdCZNo7NoOp1NH6aPZOPZazx7jWev8ew1nr3Gs9d49hrPXvNHyfxRMn+UzB97Pr436f88mk8362Pevs/RArcX2t5if/jt5FsdY5HtYvu/aPulbNx7zQMl80BJ3l8i75fk/RIP9Mr3S+T7knxfku9L8n1Jvi/J9yX5viTfl+T7knxfku9L8n0grBdZY/J9Sb4vyfcl+b4k35fk+5Kc1Svnl+T8kpxfkvNL3FNVLQ43/VQ7U/d/Rpvo51ShX9Az9CxtpefoefoljdCvaBtV6dc0Sr/h3Vfu8O7uXn0dzpdnVdiJWeZMd/j0Yvcvrf1oh1cTz3nQcx+iLh5+mPbZKUNXsittL3GMmdkrn+b0Spaxv6kFz2FiwLGuya40DdfeHkj1Oi2WZ9LsGtxjs1p1JLv6Nlx7G668DdfdTlcjhytvw3W34arbcM3tJRSuug3X3F4mL12ZrQgWyENhVdCszYfia0BOCm0/VNuv0fZr1HvdeGvFWx5v0/GWx1seb3m8TcdbXr23GHN5zOUxl8dcHnN5zE3HXB5z0zGXV+9djbvF8tlS+Wyxuek2OW0pDhfjsBWHrThsxWErDltx2IrDVhy24rAVh604nI7D6TicjsPpOJyOwzwO8zjM4zCPwzwO8zjM4zCPwzwO8zjMNx1L7/Oa4+j99AFqse94bTiBPkQn0kl0Mp1Cp9IUmkqnee7pdAadSdPoLJpOZ9OH6SN0jvc9l2bQeXQ+XUAX0kV0iefMpFl0KV0mNpfTR6mVZtMcx/s4fYKupmvok/Qp+jRdS3PpOrqecnQD3Simn6E2+izdZN88mk83i2He8T5HC9xeaHuL/Z+3vVW7vuD2IrcXe+yLtl+i2L7bPPZlt79Ct2ez5VKz5RS1xW1mzMVNy2o5deBi88BS+aBVPsjLB3l14GI5Ybp5YWnTvZ6z3GN/b3+BvkH31ebID3n5Ic/5n2nqcP8f3f4n6qSVXvst22/Td+if6X77Eu/7YO1gNc1tckbejDxH3sjLG3kz8xy5Iy935JtWu/2vtt9z7Mdsf0hPeG2P7Y/pJ2bxDe7/tHaFFecceSQvj8yUR/LySF4eycsjeXkkL4/k5ZG8PJKXR/LySF4eycsjeXkkL4/k5ZG8PJKXR/LZWmzniqyyS0WmGot+1OD8yQbnCc4Tz17bWIctz65/D9e9h6ve63NhWI8tz1hNbBvrPox2YjTFaB9GU4ymGE0x2ofRFKPDGP0+RlOMphhNMZpitA+jKUb7MJpitIzRFKMVjIbWVjBawegwRjsx2onRTox2YrQTo50Y7cRoJ0Y7MdqJ0T6M9mG0D6N9GO3DaIrRFKMpRlOMphhNMZpiNMVoitEUoyk++/DZh88+fPbhM8XnMD6H8TmMz2F8DuNzGJ/D+BzG5zA+h/H5fXym+EzxmeIzxWeKzxSfKT5TfKb47MNnHz778NmHzz589uGzD599+EzxmeIzxWeKzzI+y/gs47OMzzI+U3ym+EzxmeIzxWeKzxSfKT5TfKb4rOCzgs8KPiv4rOCzgs8KPiv4HMbnMD6H8dmJzxSf4QxKJz7DWZRhfKb47MPnMD5TfHbiM8Vnis0+bKbYTHFZ4a4KFoexWMFiJxZTLKZYHMZiHxYrOOzEYYrDFIcpBlMMpthLsZdiL8VdirsUdynuUtz1cW0FbynWUqylOEtxlmIsxVeKrxRbKbZSLKU4SnGU4ijFUYqjFEcpjlIcpThKcZTiKMVRiqMURymOUhylOEqjH79AiZnpBUqe3IWS8BsRL5Cy9gVSvGZXUhKklMP6BSllpJSRUkbKWqSUkVJBSoqUMlLKSCkjpYyUDUgpI2UDUspIGW6sdeprwjopYw1S9uw84kutjQ7z3ofTX9K76Qg6kt5DR9F76Wg6hqwy0LIWLWvRshYta9FSRksFLRW0VNBSQUsFLRW0VNBSQUsFLRW0pGgpo6WMljJaymgpo6WMljJaymgpo2UDWjagZQNaNqBlA1o2oGUDWjagpYyWMlrKaCmjZRgtw2gZRsswWob/gDXb714T70pLgpYyWsrZ+diFtnVaymjZgJYKWsrZedov2n6JbrP/y7ZfoaVZLg60VLJ1dTiXe5f9f0d32/d1zw3r7HB+9+/D/+ZA36AV9A/0j/RP1Enfom/Td+ifKawZ67SU0VJGSxktZbSU0VJGSxktZbSU0VJGSxktZbSU0VJGSxktZbSU0VJGSxktZbSU0VJGSxktZbSU0VJGSxkt5Wg6UhI14jY14jY14rbGemotSgIhT2cr+yvtb6d6vbpW3betUbMmKEnQUc5W96/KHL99TtjA6SmXr+XcMueWObfMuWXOLb9oVX+OfefSDDqPzqcL6EK66A/KnylHpByRckTKEWs5Yi1HrOWItUY6jGoYzbVqkrJ65PtGc63RKxu9tUai3Fi5b1AnJOG8arZy39zIKzfuUmUfKgL18yI3RtNU22epkqfTDDnkvCzXLIgusL3Q9q9t/8aK/mK6JPscYfs5kxtFdUGjog7nTRaI7I3hHLOKOpWDpslBsSjPkoNiOSiWg2IRv1oOiuWgWA6aJwfFclAsB8VyUGw0ZslBsRGZJQfFctA8IxPONrcbmXY5qN3otMtB8+SgaXLQNDlomhw0TQ6aJgdNk4OmyUHT5KBpctA0IznLSM4ykrOM5CwjOUsOiuWgWA6K5aBYDorloFgOiuWgWA6K5aBYDorloNjIX23krzbyVxv5q+WgWA6K5aBYDorloFgOiuWgWA6K5aBYDorloFgOmicHxXJQLAfFclAsB8VyUCwHxXJQLAfF3DSLm2Zx0yxumsVNs7hpFjfN4qZZclAsB8VyUCwHxXLQPDlonhw0Tw6aJwfN47iY42KOizku5riY42KOizku5riY42KOa+e4do5r57h2jmvnuHaOa+e4djlonhw0Tw6aJwdNk4NiOSiWg6bJQbEcNE8OCmdIZslBsRwUy0HT5KBYDopV1O0cO0seiuWhWEXdzr3t3HuRfNSenYNaVvuCvBTOrLTLS9PkpVheiuWlcKZlFme3q6i/IDdNk5tiuSmWm2K5KZabYrkplptiuSmWm2K5KZabYrkpnKGZJTe1y02x3BQ3hU8s/oUepX+lx6jbbP9D2x76MaW0iX5OFfoFPUPP0lZ6jp6nX9II/Yq2UZV+TaP0Gzztj7i1O86VHZudFdo1R80Mv5BkFt9+nuyFHFVp5Kj6TP4Upr+qfm+vPRZNxN/W7Febwm9CNTVW8JXsV6HCJybhk5L65ycP2srL0YTsV6L2zX4lah8KvxP12ujYxidOT2a/GHVwdG10iv2nUvidp1bbVfZv/7Sly/MfpnD0SuPolWhSdpYg/LJU+F2pFVmrKzvOBkza0bZLas9lvyoVflMqrAw22L5i95Zne1/dyFSVLFOF3526T4xCdtnem67oQC05cOJTUfiNpOYsgts8mno09egbPPoG/Xtd7cPZo/va1s9fPJP98lR4vxW2q+xPHLHxyuz9XuVVq+tHz840hBEJa5nV24+ePes1WdTCb1+FX7UKv3s13Tb88tXcLAr/0YhCY+y84vXed2qjNVOz1oRfxaq/+pnGq5+RZ7d5h9/ZQqu3ihiFFp7p2fV3GGm8w0jjHbZ59ciOeO33J/uEbuIuZ4gm7rK+m5i1aYfjsrGc4HmpNk+uPdd0BV1JV9ESaufoZR67lx4Iz+XxanRk9tn0xFr43DZpfF67Z/Xl8V5zAn2ITqST6GQ6hU6lKTS1Fj7XTbQj0Y5kt89x659zh89xv5CtOsKn04m8lGa10t21NKuNHsg+u+3Qvw5jkbzk5+B/ms9p9/Rz8G1/Vp+D9+74lkK9egjn40KNFqseEtVDonpIVA+x6iE4JVE9JKqHRPWQqB4S1UOieuhUPSSqh07VQ6J6WC4CqQoiEYVSIwJ7eh4uVjXEqoZY1RCrGmJVQ6JqSFQNiaohUTUkqoZE1ZCoGhJVQ6JqSFQNiYohVjHEKoZYxRCrGIJbE25NuDXh1oRbE25NuDXh1oRbE25NVAyJiiFRMSQqhkTFkKgYEhVDomJIVAyJiiFRMXSqGDpVDJ0qhk4VQ6eKoVPF0Kli6FQxJCqGRMWQqBgSFcNyFcNyFcNyFcNyFcNyI50a6dRIp6qHRPWQqB4S1UOiekhUD4nqIVE9JKqHRPWwO0HhfFuiOkga59vqNH2ebtWGL9guytwRzrclqoNEdRDW9J2qg0R1kKgOgnNSGSjmnJIskaoO2lGYNM61JSqDQGOiMuhUFbQ3zrMlqoJEVZDIUVNUBonKIOG0vqaObPWSqBASFUL49kqoEhJVQtK0KqsUEpVColII3KXq51T93MqdJVVDIvv1qRwSlUOop8N5gET1kDStzs7XJ03fy6qIpOlx7fkftv/m/g9tn8jODyQqioTDv8/hSdNTavSferzf7ZR+5jibbH9OFfoFPUPP0lZ6jp6nX9II/Yq2UZV+TaP0G5ngf5pfjjK3HNX4dsO10fHm7xOyn4e5Vt2+OrooOjxQZU45ClnPI6sZWQVktSGrgKwCsgrIakNWAVkFZBWQVUBWAVkFZBWQ1YasArLakFVA1nxkdSKrIPutkv06G3mmD2UFlDWjrBllzShrRlkzyppR1oyyZpQ1o6wZZW0oa0NZG8raUNaGsgLKCigroKyAsgLKCigroKyAsgLKCigroKwNZW0oa0NZG8oKKCugrICyAsoKKCugrICyAsoKKCugrICyAsoKKCugrICyAsoKKCugrICyAsoKKGtDWRvK2lDWhrI2lLWhrA1lbSgroKyAsgLKCiibj7L5KJuPsvkom4+yTpR1oqwTZQWUFVBWQFkBZQWUFVBWQFkBZQWUFcwenWaPTrNHp9mjUx7uk4f75OE+ebgPhQUUFlBYQGEzCgsoLKCwGYUFFBZQWEBhGwoLKCygsBmFBRQWUNiKwjYUFlBYQGErCjvl7z4kNmc5vN2+ZbUWJBbk8z40NqOxgMYCGgtobJPf+xDZgshmRBYQWUBkAZGTEFlAZAGRCxFZQGQBkQVEFhB5GCILiCwg8iJEFhBZQGQbIjsR+T1EnpPNF9+1v6v2NUQWEFlAZAGRBUQWENmJyAIiT0dkAZEXITLOiPyB9/ihfU/Y9tj+mH7i/Tbo11Me/6l293t9av/PvG6T7c+pQr+gZ+hZ2krP0fP0SxqhX9E2qtKvaZR+UytEe+2o2B5/eS1ce3kt/N95LbzPK15RW/iKV9Ik2pteRfvQq+k19FqaXFsYHaXOPUqde1Tj2yRHTRyLDm9U12njrNzCpv3teyO9id5MB9Bb6K30Nno7HUi7VuG7n11baHwXGt+Fxndh082ev4AWU70iX5hVIF+zvdO+e2yX26rOs7NsXfr2iDH7gW04y3bEf6lvUR37Z/MNnAnZGntC9n2CibucK9lfzg3f0FwvR4ZvwHTLjd1yY7fc2C03dsuN3XJjt9zYLTd2y43h247r8R2+KRi+EdiNzeew2I258E29bK0azYj6Xv7GwMvfGHj5GwN/5DcGHmmsQHLIaUFODjk55ORQk0PNbMTkEJNDTA4xOcS0ICaHmBbE5MwIc1ByC0rmoGT2H7DSaEFJC0paUNKCkhaU5FCSQ0kOJTmU5FCSQ0kOJTmU5FCSQ0kOETlEzEbEbETMRsRsRMxGxGxEzEbEbETMRsRsNOTQkENDDg05NOTQkENDDg05NOTQ0IKGFjS0oKEFDS1oaEFDCxpa0JBDQw4NOTTkzGhzzGhzzGhzuHkON8/h5jncPIebZ3PzbG6e3VgJ5Lg511gJ5Lh5NjfnuLmFm2dzc66xEshxc46bT+bmFm7OcXOOmy8zE87h6Dkc3cLRt3D0ZRw9haNnc/Scxkogx9E5jp7N0S0cPYejpzRWAjmOznF0jqMP4OgcR+c4ejZHX8jROY7OcXSOo1s4OsfROSuBFq7OcXWOq1vMunM4ew5nH8DZt3B2jrMv5uwcZ+c4+2LOznF2jrMv4+wcZ0/h7Bxn5zh7DmfnODvX+D7dj7g7z90Hc/dl3J3j7oO5O8fdOe7OcXeOu3PcnePuHHfnuDvH3TnuznF3jrtz3J3j7hx357g7l8076R6fY9t+7mxx4zxZOEd2n1nMfCYi4dt/qdZWo1f+X7/j/C8vf9b/8mf9f9af9U99+Vv4jW/h3/3yt8Jf/lb4/9NvhR//3+I7MfvhaAX/r+D/Ffy/gv9X8P8K/l/B/yv4fwX/r+D/Ffyxgi9W8MAK1U8Y8xUqnJKxXhFNlof6zJRVOaNPzuiTM/ow3icLV3Hc5/hVWbOazdePiM0TbofPUPf2yg1etcGrNnjVBq8K5G/IXuFZ0ceRXkR5EeVFlBcRXkR3Ed1FdBfRXUR2EdVFRBYRWURkEZFFRBYRWURkEZFFRBYRWURkEYFF9BXRV0RfEX1F9BXRV0RfEX1F9BXRVURXEV1FdBVRUkRJESFFdBSRUURFERVFRBQRUURDEQ1FFBRRUERBUUXTioQiEorql3vUfgkiiogoIqKo0mlFRREVRVQUUVEUheeMW4yKotg9iowiMopiWEVHER1FtV4VIcXG5zBFhBRF7jmUFFFS3PHZy09rf6fO60NKESnhrFYRKUWkFJFSREoRKUWkFJFSREoRKUWkFJFSREoRKUWkFJFSREoxG79u49dt/LqNX7fx6zZ+3Vr9nBZvjt7KZVXPqma12/62b6Q30ZvpAHoLvZXeRm+nAzMfVb1j1TtWOa/KeVXOq3r3alb/3Wm7PPNWVYzqteAT6sC/cLRxR+tH6xBah9A66KjjjjruqOOOOu6o44467qjjjjruqOOOOt70sdqoI/c7cr8j9yNvCHlDyBtC3hDyBpE3iLxB5A1q2biWjWvZuJb1I3AQeYNaN468QS0c18J+ozXatDr8/1vZufApssumrC5tivaRYTbJMJvUnSOyzKB2b9Xurdq9tekdyHonHeTxg+kQOpTeRbvXh6d5r3PsP5dm0Hl0Pl1AF9JFdJljXE4fpVaaTXMc8+P0CbqarqFP0qfo03QtzaXrtOd6ytENdCN9htros3Sr97+Nlrr91dqzstBo07JoknhslYk2icfWpnvdv9/tcH3MEf+lPpVvil7h331q3ROOrT2311vCObBo71rsX+6N9or2rV0draIJEyu1R6NZnp14dpJ94+V2z/uW29u/ofNdt+XhqEgP05pasldL9n3+CldYpUTv5IoKV1SaXhs1ZTGqO2MzZ2wRq3WcMYkzJnFGhTMqnFHhjApnhJVDhTMqnFHhDKsB73eO7bk0g86j8+kCupAuossc53L6KLXSbPpYbeUucd5zp2zhlC2csoVTthifdcZnnfFZZ3zWcUqFUyqNsVjHLYPcsqrhlnXcUjEm6zK33EcdtBIF99sfxifhrC6Of6T2MOZHow9F340Oj4rR4RPHPLPJM19rO5maaT96vd68wXZ/eiO9id5MB9Bb6K30Nno7HUjbo3ua97rM9nL6KLXSbPoYXUFX0lV0o/f/DLXRZ+km++bRfLqZFtAttJiW0FLP+Sr27gg9dvtO23tsl+/o8eSsxw+4/RB10Wr3vxdNjo7hnwrvhG+1VHhjYKfrNzbxxiYc9eOogqMKjio4quCogqMKjio4quCogqNK0zvE8p30Ma+5wntdSVfRi69j2GQMNxnDTcZwE8b6MdaPsX6MVTBWwVg/xsK4DhjXTRjbZDw3YSyM5yaMhfEbwNcmPIUx64peFcYteth2KoZaMdTaeOTwxiNGtdaFjRFsjOBiBBcjdS6iA/R1XF+79LVLX7v0tUtfu/S1S1+79LVLX7v0tUtfV+rrSsyMYGYEMyOYGcHMCGZGMDOCmRHMjOBlBC8jeBnBywheRvAygpcRvIy8JC9XaM+VdBXdpF3zaD7d7NgL6Ba3b/XaxW7fZrvE8+50++tuL7e93/aB6IDotTw8KfPwvl5xmu1LefA6j11PObqhNh69Uo5J5ZLw3ZFt9exL9+IjnIsZtCYK5y8GRWpQpAZFalCkBkVqUKQGRWpQpAZFanCHK07L1uKDWj+o1WFeC3PaoEpmNMrJbXF0Zu35yLox+htzb/gW41y359F8upny9DlaQd/y/MR2x+97cPPD9KjXrXG/Wy4su72FfkPjnvvb2vMTDqyNTTjGdhpdS9fRjfbdStaSE5bZPmm7jvprz+/1RjqA3lob20tNsdc76C/oCPuOtO84aqnFE79cG/tvMBN38ULP75iJJ0XTzFatZqvW7Mr2b2W/wFK/Uv27javVi/Ur1o1Sq8iFK9d7RK1H1A4RtR5R65GJZopaj6jdLmodojZXtHpEq0e0ekSrR7R6RKtHtHpEq0e0ekTrENHqEa0e0eoRrR7R6hGtHtHqEa0e2Wmm7DRTdpopO80UqR6R6hGpHpHqEakekeoRqR6R6hGpHpHqEakOkeoQqQ6RCpXCXJGaK1JzRWquSPWIVI+MNVO05orQXBHqEaG5otMjW82MThCFVATSRr7t/xPl2027VZp/fL69vba+UX3Wc267jLB73r2Pb75JoRpN3JeDzZ/brBmGzaEVNU4lOjF6Xa1lexbW2zVyxmY9Hs7yUP086GjjPOgavV2jt2v0do3ertHbNXq7Rm/X6O0avV2jtyv0doU8sllvh/V2WG+Hd89dejuqt6N6O6q3o7udC1yjt2uy83+LbW+3XUJLPe+O7PzeqJ6u0dNRPV2jp116WrGaelxvh/V2PDtfx+l6W9Hbcb0dtQKqRKdnOTPMp13Ww+ZULi+FHMrhQxy+nsMP4/AhDh8Sicc4fMj494vIYL2yqD3B5UNcPsTlQ1w+xOVDXL6ey9dz+XouX8/lh3H5EJcPcfkQlw9x+RCXD3H5EJcP8USPKD0mSo+J0mNcPsTlQ1w+xOVDXD7E5UNcPsTlQ1w+xOVDojkomoOiOSiag6L5hGg+IZpPiOYTXD7E5UOi9pioPVGvOmy/bt89tvfbPuAxlUb0liz71cc7ZL6Bl8xULx6/AUcccMQBRwyz/4Cx2eooA44wYDxGGuOwNdT+YQyij3BbyDgdmeNCfbwqyzwdMk/H7jVAo0bu4MoOY9NvbPq5c9TY9BubfmOzjDNHObODMzs4s4MzOzizgzM7OLODMzs4s4MzOzhzKWcuNXb9xq7f2PUbu35j12/s+o1dv7HrN3b93Dtq7PqNXb+x6zd2/cau39j1G7t+Y9dv7JYZu2XGbpmxW8bBoxw8ysGjHNzBwR0cPGosArMdxqPfeCyTn+VmEbrTvq/bd6/by92+j1aqie+37wHP+57x+VltfdSczeV7Oo+/xNwtn4W475vFOxHnGeI8Q5xniPMM7775hXWIV2xfh9TrrM2OutlRNzvqZkfd7KibHXWzo2521M2Oulls14jtmj1bmzjG71ubhGp713pqs15tbtRTFb3bnK0n7rQNa4flttYK0fF6Gu/U08MbPT280dMtO/W0sltPt+jpFj3doqdb9HSLnm7R0y16ukVPt+jpFj1dp6fr9rCnld/b0117uUUvt+zUyy2NXm5p9HJL1sv3ZdcANq7l08tj9PIYvTxGL4/BTNKocTa9qMYJPX1hHflSdc0mPdikB5v0YNMfXdfs3Kt6b+r1yVdFrl3uCTVJqEW+J//MMGZJ4zqRuHH9TWPVnDn1mIZTj8lWzGO1dS/0LnPrC73L1nzZWK4zluuM5Tpjuc5YrjOW64zlOmO5zliuM5ZW1LWCsSzsWSQy1/7hkfjYS60VdxnzdcZ83Y4oLXY7q+Sy9eLjMsVgfb2YrZI3ZWvGezOu19UjKEMcnvnhWzt5op47kx15c3vOfIMW7Un++3257ybvM4/m0y0UclzIb18177WbgZdl16KH3DYc8ll0tJaMaknI3qNaMtpYq09u2nfHej1U2qNaNqplo1o2qmWjWjaqZaNaNqplISuPatmolo1q2aiWjWrZqJaNatnoLmv06+h6ytEN2ThMNg6TjcNk4zBZq0e1erSxPp/cWJtP1vJRcQ5nH0a3r8ejM1XMJRVz6YXsEq68qteJaojgzI2N32EYyOqG5tr/ys7d7FfrNatuFPsnOXMjZ27kzI2cuZEzN3LmRs7cyJkbOXMjZ27kzI2cufEP+F2EgV3qiBefj9lott5ott5ott5o/J40fk8avyc5cCMHbjSOT2a/P7DY7XrdsNGM3tv4rYGNHLgx+42Be2yXU1Y/1HqjE/R8pfEdML4DjRm6zmSYoZuzsZ2k5yv1fKWer9TzlXq+Us9X6vlKPV+p5yv1PKzUB3hggAcGeGCABwZ4YIAHBnhggAcGGrPz72Zx55n5Rsf/DLXRZ8P5GcdZQHXeVma8hZl5aTb+k/R0ZYO1SXq6kg8GwowcvT96RfSOaB+qZ6aTG5npZBFYlGWl8K277b3fv7ZIjxfp8SI9XqTHi/R4kR4v0uNFerxIjxe9ZPYJ38b7fT282WsXUL0Xixr5dS32+vVgUdaDe91e7vZ9tbtVZKPqi0Ija6xrVMT9UbMWr9ficMT1jrjeEdc74npHXO+I6x1xvSOud6T1jrI++6ZhnfD1gXCrydtfkofNeNjWWFH0NDh4HAc9e1xXHO/1J9CH6EQ6iU6mU+hUmkJTqb7a6DHiPUa8h98f5/fH+f1xfn+c33v4vYffe3aqJXr4fVtWS9zOy0vcX+q5wfNhPfW3Hvua+6HGuNvte9wOdcZ9YvdNz+0QgZXZ+qpHpTsYWLC+2iy2o6rdQfEdFN/R6N3Rv4nI2iwiq8R6XKxDrT3UWFetEolVIrFKJFaJxCqRWCUSq0RilUisEolVxmbc2Iwbm3FjM25sxo3NuLEZNzbju62fVunhqmz9dGv2WcUq4zZu3Mb1bsjYDenVKuM3bvyG9GqV1g+ZR4xjdkY1nGMMn6JkLdzDM6g7n0vc/VOTXVq3/exoyDW29dXdQPZJSqgNlqk5sk9UwhlS23vdD2dJH6gNYK9+Jr2vcSa9L3PWziO/JFvD90Tv3LGG/0+93B71yd7/INuD6RA6lN5Fvy+6V3jdlXQVhYjeln36MySiW7Mo3p996jPU1CXnP9Koa+ZmK51DzBh7esbsds+tnzXraJw1q6+M6mfLOqLuWvf/x7NlHY2zZYONs2WTRHFQFAd/x5myQZEdFNlBkR0U2cGXOFM2SbQHRXtQtAdFe1C0B0V7ULQHRXvwT3hWbNBIDTbOivXs9vnU4E5nxQYRPGL0hrNzBk/URqJXZmdBdj6DEc5AhN/ifZdKoEMl0NE4VxY3zpXFjc8hl2J7zz9/vMLzr6SraNfPFpditf65YvhMsX4mZ2kj0wxqazibc0cj01Sig7SmpXHmrqXxW5M7+/7ZP9L3z2rds1r37E6+fzbLJC/4/tns85nwuUwpelWtyvff5vvN0WGi9e7s9zaGo+NI/R4dr63hd4vDL+ydYgY9075p2ZXqaTSdzqcL6SL+vri2ofF7pWsbv2oyHH2cPuHxuXQdXU85uoHm0Xy6mfL0OVrgPRbSLfR5+rJ9X8k+oStFd0T7RarV6BvRq3CXZtzd734Y5cT9B/XjIXrUsVdrb53Bb0ThWwzr6Ce03vM20FP0H+7/b8/b4vnbqGrfmH3jtv9p+1vbWi2dMIn2odfQwdg8xPbQ2oYJR9aGJ7yn9uiEo9x/b6004Wg6xu1ja90TzvSYOE04mz5CM2rJhPNsP23/tbZzbcVjQpv3+6ztTd5PPCbMtxWPCXlb8ZggHhMW1ioTbqmtnfB521u9zxej/SbEXn+bx79i3+0eW2K71Par/6e9MwHP8Uz3+H0/z/1lk0QEQSy1i9h3QmOLJbHHvpPEHkkkERKxFrVV0alj2jOoaRlbdWraaVHtpIpBVZVQVUVrqWZoMnYq83/vfHV0GNNr5lyn55zL9Vz/+3nf5P2WPM/z3v/f/eZLXvRL0C9FvwzHrqUqvBXHvoP9bfk3eDt583vY3onHvo/3m4Xn34XjPsL2HugAtg/ie4egT/G9z6Bs6Bj2j6P/Es91HboF3cXPnp+fa1zkbbzzzxi//OPIVceRq46b4Pws5Ks3kKsum4r4Xgi+VgNqqJXOBrtIc9WTT8s5n/JxnCfL7Tw5OLNycVbl6v9pSEI/AUqGUqB0KAOaAmVCU6ECF8p1u5DznxiycBZk3Xegu3iee5hxn/xcrOBcrNBcrMwcrMxcrMxcrMZcrMRcrKZczHwuZj4Hs52L2czFbOZiNnPgOrn3XScE2zWgpvo/x/+//27mn39KYqzO3r/ODAWz9cswQ5abGXJ0Fn+8vvaPZ+9R19B+Onv/7PrZf98sFXxC4dGskPPALOXgXLuqv0ULcV9tPE6BcL2ymInK2K6FfiBGejAUg/1Y/a8UN2gj+k3QZmg3tBc6h1E2yIQChWA7An0MsuZs9HORXdehXw9tgQ7j+2fwvYvYzsHII5OZshj1avqJ9Ud/Rp7lEvVHvE1tiWl7/nQyNNv5ZIve18cHe4WpCFkqi+ZBlakafqrqaIWoJtUhX6pPT1MARVB7KkMdKRKVbye0CtQVrSJq355UiXqjVaO++tf2/WkwHh1DcVSbRtFoqodclEgNKJ2mUkNaQAupGS1Faw7PXUUt6BVag1fYQK+DBX6PSjqC3qXtFEU70brQh7QLr7MbrTvtRetB++kIRdNpOkuD6Bu0ofQt5dAwukm3KI4NGxrJwkKj2JM9aTT7sR+N4QAOoLEczME0jstwWYrnClyBErgSV6JErsbVKIlrcC2awE25KaVyBEfQRB7AAyiNB/EgmsRDeAhN5mE8jNI5hmMog8dzEk3hFE6h6TyJJ9EMTud0mslTeArN4qk8lZ7h6TyLZjMazeN5PJ/m80JeRgt5Fa+iF3gNv0a/4nW8jlbwel5Pv+aNvJFe4s28hV7mrbyVVvJb/Bat4j/ye7Sad/EuWscH+AD9jg/yJ7SeD/Nh2sjH+Bht4i/4JG3mU3yetvBFvkjv8HecQ+/yZb5C2zmP8+g9vs7XaSff5Jv0Pt/me/SBc6tY+siI8aA9xscUon3G3/jTARNoAuljE2SC6KApaUrSJ6a0KU2HTFlTlj41VUxVOmxCTSgdMQ1MQzpqGpumdMzOt/PphF1oF9IX9og9Qidtts2mL+0X9iSdslfsFTpt7wjTGbHiQRfFW+pQjtSTxlxUmkkHLiWREskh0lVmcHWZJXN4kMyT+TxMFspyjpEV8ionyDpZx1Nko2zkTNksW3mqvC1/5NnyrmznufKe7OX5sk/28YvyiRzi5XJYjvAKyZbj/LKckBO8Us7JOV4ll+QSr5Y8yeNX5LZLeA0Z7ogzozvOg45P9G/IkOWLxpMI66IxlZf/lH3IGQZnoYva/OLv7n+LDIlmHUI+eA0jtg5nuY9MgctgrOxVjNWdX/w9PtETPdH/jAxYpzJoiMBPoymYloCTKoB99oOxPgb3VAf3nAZRnUWrr/TTgC6gNQQDfUuN6Du0xnQdrYnyUFPkjzsURj+gNVc2aqFs9DR7sAeFsxd7U0suxIWotXJSGy7MhaktF+EiFMFFuSi14+JcnNpzCS5BcGcuRR25NJemSC4Lioripxg8qCzVWVmqC1fhKtRViaobV+fq1F2JqocSVTS35/bUkzvCZXtxFEdRb+7MnakPd+Wu1Je7c3fqx9EcTf25F/eiAdyH+9BA7sf9aJDS2GClsSFKY0OVxoYpjQ3nOI6jGB7FoyiWx/AYsOA4HkcjQGnjQYSJnAginMATQIQOsY3hiTwRROhw2zjltnjltvHKbQngtungwpk8E1zo0NsEnstzKRkMN49SwHALwYjP8XNgxOf5eTDiUl5Kk5R+Jiv9pINyMihD9st+uu2+h+ZFyfzJPTTD9B6aQ+7fNdOfvMiPAqkUlaOqVBfzSVQDs9eSWlG7+0f5kTeOLIrV8RSYux7mm0Hqzak1CP3HO2421DtuDtDjC+OVXYjFqDSVxzoKwcppgpVWC+zdhjroMQGgfed+ncWpBCi/AtZgdayspqgKamM1tsXKLDjKF7VBEQqikqgVKlIVCsXKa4Z3VofCwe2RFBVbPyWWd2rcpXGfxkMas+Pix4zikxrParwYl5A4ni9rvKrxthMNafQYmTw81vhqDNJYXmOoxobxCRPHm3CNERqjNHbX2Cc+MTbeDNIYgy8km9EaEzSmaszQOCPROX6uxkUal2lcoXFlYnJcgnlV4yaNf0hyvr5DY5bGvRoPajySMjw+1ZzQeFrjeY05GvNSxiSMNDc13nOiFY0+GgNSxscm2SCNZTRW1BiisXZKSt16tqHGMI2tNLbX2Bmxvo1OmZiUYvtpHKIxTuNYjUnOj23TNGZqnKVxnsbFD909VR6KZR6KXo+JFuvOw7nb68/eYqztx0V+4L6thR4bfR4TDdax3yN6xnn1uFhEY4DGwg/FwMfG4hqLaSz6UAzWWEpjyYdiaY0lHhuD/mEs51xhh6/0QaYZSQmURtNoLi2m5bSS1qLqfht19m46SNl0is7TZXjHPbiDPwdxOa7qHvHvC3p4RkHv6+4nF6wUPliw77Ea8+j0a937+9z9+YLe07j7uu5+W8G68sx27/94nPv1vLq6+3fc/aWC3nuYu88s6H17ufs3C3q/cu4+2d0vdvc3C3r/UHffquD1/de4909hLfiTII8vQBZfpHcrvoX8TfC58rrnRWyf05WYir04qiNrUG/ulPflA/mTZMmHsks+kt2yR/bKn1H1/EZWyipZLa/Ib+VVeU3Wonb9nayXDaheN6F2fV22yBvye3lTtsof5C2njpV3UMduk+2yAzUTXpNP3K+jamO/I1WQqaiMn5cXZbn8ByriX8tL8jKqhkyZJtNlhsyUZ2S2zJG58qxTO8sC1M6L5DlZLEtkqSyTF+RXWp89VHngZ/OiGZh9H8x/IFZAMNZARa7KoVyb63NjDuNwbgMPj4JfR8ObB8CHY3gkj+UETuY0zuBpPAtOuYAX8zJezi/xSl7Da3kDv85v8tu8jXdyFu/mfXyQD3M2n+BTfJbP8yW+zHl83bkiYYzxMD7G3wSaIBNsypmKpqoJNbVNfYxAmAk3bUx7E2W6mmjTxwwwQ0yMGWnGmgSTbNJMhplmZpm5ZoFZbJaZ5eYls9KsMWvNBvO6edO8bbaZnSbL7Db7zEFz2GSbE+aUOWvOm0vmsskz181tc88KRuEOdBf6AboH5RM7t30WzLtgDYuFcJy4IJwT4vyNH1aGOP+NCaMohSCcI+IH+UOFoQCoCBQIFYWKQSWhMlAlKATqAvWAxkBPQb2hUhDWs/SF+kFpUAmoBlQcqgnVhppBzaEWUDiEc0e6Q9HQSGg0NBaKhIZA6VB9KBVyrg82gJ6GhkIVoIpQEFQaQh6QalA9COeOtIPaQx2hKKgT1BMaAA2EBkOxUAI0DpoMZUAtoWCoMlQFqgNVh2pBDSGwjDSCmkJNoDZQKygMag21hSKgDlBnCHlEcO5LN2gQhLwgMVAiFA+NgsZDE6CJUFmoPNQHSoGSIOQImQQNJyNxMgJb+3F2dHkEh2+iLeCnbWjVkDGPgKQcGm+iNN5UabyZ0niY0nhzpfEWSuNPK42HK423UhpvrTTeRmm8rdJ4hNJ4O6XxDkrjHZXGI5XGo5TGOymNd1Ya76I03lVpvJvSeHfl8B7K4dHK4T2Vw3sph/dWDu+jHN5XObyfcnh/5fAByuEDlcMHKYcPVg4fohw+VDl8mHL4cOXwGOXwWOXwOOXwEcrhI5XDRymHj1YOH6McPlY5fJxyeLxy+Hjl8ATl8ETl8CTl8AnK4cnK4SnK4anK4ROVw9OUwycph09WDk9XDs9QDp+iHJ6pHD5VOXyaXWPX0HT3nd23a+YOhGs5kcGwBTxRVnP7djRyuVz+ykGON5dROggmH7kjd+UHuSf5LnKxy7isS/7+GDzSw+Xp8nJ5u3xchVy+Lj8804PH1KSi9qjNtsfscfu5PeFcE7Vf2lP2K3vanrFn7df2G3vOnrcXnEfZi/a2Piqaqto87H1rL9nvbI79i71sr9jvba79q71qr9vb9pa9YW/aa488Jk+PuobjnGNu4TkN8ryn0pbzvphm0xww03I0P/DAWvjfDrTCdA0tgF/kF6mIzbSZFIj3fgGP+TnjUTC6zoiLaYavr9Rxr6evbeg3um9QMUS7R+WrR46LMypf2wsYEWdczuJY73/tneOR9SlIvpAv5ZR8JSflGzknp+WMnJWv5TvJkb/IZbki30uu5Mlf5apc03daE41Qezt0cxPNpWeQh65/T13/Xrr+vXX9+4iFLxSSZshavnh8IHnIebkgF+W63JCb+IoHvHANBmczbwYz7eAdyDjPyDNk4cgvkMDJV4CEDWq/APlWLslh5+q1fCqfyRE5KtlyTI7L53JLbssJh1P4Kz6NZzvH58AIl/kyXNy5xi/GE7zg0qv4HnoV39NUM9XIyzQwDcgbHPJbvNd1sg7vdYfsIF+HW8gPxLIHY6eza/fYvfbPdp/dbw/Yj+1B+4k99OBKZi+aae/Yu/YHe8/mCyGJGfz0Ii7xEE/xEm/xkULiK37iL4UlQIpIoBSVYlJcSkkJKSnlpIxUkhCpLTWkJkYsXJpLC+kiXSVauksP6SsjZayMljHylPSWfpKGZ4+UIZIu9SVV+ksDGSoVpKJUkyApLVWlnoRKO2kvHSVKOklPGSADZTCyeawkyDiZLBnSUoKlslSROlJdaklDaSyNpKk0kTbSSsKktbSVCOkgnaWu9JJuMkiGSYwkSryMkvEyQSZKWSkvfSRFkiRZJslwGQGvdK7WRNBgjMgYmolxW02voGp+A60RvYvWmI6iNaEzaE3pa7RmdA4tjC6iNadLaC0oB+1puoEWDtK8jWr/Llorukf5cAnLFv6AUwz+4Pw+qx3YzIfasy8YvAMozR8u4fxuKxK8FgiXKMbF4BJBHASXKMkl4RLO77y6chkuA5cox+XgEuXBsj3AdRXhEpW5MlyiKki/F4dwCFwilEPhEs24GVyiHbeDS3TgDnCJSI6ES3TiTnCJLtwFLtGNu8ElenAPuERP7gmX6M294RJ9uS9coj/3h0sM5IFwicE8GC4xlIfCJYbzcLhELMfCJUbwCLgEGlxiLI+FS8RzPFwigRPgEkmcBJdI5mS4RCqnwiXSOA0uMRl1xwSwZgZcIpMz4RLTeBpcYgbPgEvM4llwiTk8By7xLD8Ll5jP8+ESi3gRXGIxL4ZLLOEllAlCXQaXWGAXwCUWgfanuwJcATQD8xpFFcHTDk073PxfpJ0J8nb4etbfEbbD1w/QtZvIF+j1/drcAGfpTv4Tzv8P+XPyAcWGOdf3tXr4dyuEx1UfWj0YL9MIp2wT00SrB7gJzuJiqEeDUDmWRM0ZjPqyDLIqsily5XK6hry5A9n05x3lONVRt1M5mWMXXUG1mAtOb2k/Mq1Ma7v7Jx74fykPoxLUPIyMq3WY5lvNlg4tlEPmfHSGdrKzr+Zl0rzMmpeN5mWreVk0L7s0L3toXvbUvOyledlb87KPZmRUEsgLjpd64P041XxlCqW69jAYJpI628+072Y/xWtG0vuIne0R5dcPELup70b+LD758coKgWsxU3HxCaPc20EpBdvhznbr5PEJNcu3TU+Or1m+Q/KIcTXLdx6emvDor/4NbBLojg0KZW5kc3RyZWFtDQplbmRvYmoNCjY3IDAgb2JqDQpbIDBbIDEwMDBdICAzWyAzNTJdICAxMVsgNDU0IDQ1NF0gIDE3WyAzNjQgNDU0IDYzNiA2MzYgNjM2IDYzNiA2MzZdICAyNVsgNjM2IDYzNiA2MzYgNjM2IDQ1NF0gIDM1WyAxMDAwIDY4NCA2ODZdICA0MFsgNjMyXSAgNDJbIDc3NV0gIDQ1WyA0NTVdICA1MFsgNzg3IDYwM10gIDU0WyA2ODQgNjE2XSAgNThbIDk4OV0gIDY4WyA2MDEgNjIzIDUyMSA2MjMgNTk2IDM1Ml0gIDc1WyA2MzMgMjcyXSAgNzhbIDU5MiAyNzIgOTczIDYzMyA2MDddICA4NVsgNDI3IDUyMSAzOTQgNjMzXSAgOTBbIDgxOCA1OTIgNTkyXSBdIA0KZW5kb2JqDQo2OCAwIG9iag0KWyAzNTJdIA0KZW5kb2JqDQo2OSAwIG9iag0KPDwvRmlsdGVyL0ZsYXRlRGVjb2RlL0xlbmd0aCAzMTk+Pg0Kc3RyZWFtDQp4nIVSy26DMBC8+yt8TA8RLztpJIQUkUbi0IdK+wHEXlJLxVjGHPj7Gi9Nm/RQS2DN7szOwm5UVodKK0ejF9uLGhxtlZYWhn60AugJzkqThFOphFtQeIuuMSTy4noaHHSVbnuS5zR69cnB2Ymu9rI/wR2Jnq0Eq/SZrt7L2uN6NOYTOtCOxqQoqITWF3pszFPTAY2CbF1Jn1duWnvND+NtMkDTgBNsRvQSBtMIsI0+A8ljfwqaH/0pCGh5k19Up1Z8NDawM8+O4zQO7CWefrMuRROkJSxcmWfPaIfBPQY3SwkUZbdOWRJo7CFoMyzIsRLjAW3S310kf7pgWyxxj2x2ZchuDVmJtF2w4DGiA6IU0RER2m//sefoy/Gzt/zKfv7X80pcBilGa/0Mw96E4c1jUxouq2V6M6vm5ws8U788DQplbmRzdHJlYW0NCmVuZG9iag0KNzAgMCBvYmoNCjw8L0ZpbHRlci9GbGF0ZURlY29kZS9MZW5ndGggNzQ3OTUvTGVuZ3RoMSAzNDk4MDQ+Pg0Kc3RyZWFtDQp4nOydCWAbxdmGv92VLMmWLPm+s+soshM7jh3nsHPLV0IwECcxqQ2h2DkgKZdLHM42CVAuB2goRym0xYEmUK7IMgXnoJhSWsqVUK5AS3ELtKWEhjPlp5D935mVLRlUEuMYGXkeed6ZnZlvd7TaHemb9c6SREQZEBNtql48f577j9LHZC7vIsq5f151zVzLqNjfk+zfS6Qsmle3YPFD791SQPID40k6WDpv8fGVY5rGHkWm+5uILtl79OL6uWcUrI6BfTnWOuqY+sVH/e6J//s5UdV4ooRbFiwuLk1p/cEGIjkd5U11VcfUqw9XzMP627E8dUn1sQ1LzC3rieofR/3rl5/R3PLm7e9uI9lhgs0ny89p1fRH70X9sVi/pemUllPP2JGfsJVkF8xjZp/avKaFEsiG9W1ChuvU088/5eqxozaTXHwT0YQ/r1pxxnmb1877FtEpS0naeueqlc0r3r7htC1E0k/Z9lchI3Fd2kYsP4/lMavOaD1vZl7qu9j2eURe/2krzz6TLqdnSL7oFyivPP2s5c2nXnb2ySR/u5XIXXJG83ktGSclPgn7j1GunbGytVlpNzdjfzSw93tm8xkr6bPm38L+n0QlV7SctaZVL6CX0N4WVr/l7JUtyoKp95Gc6sX7/4jYZ2Mh8o3b+MLJzpkfWTOsxLjt9Zk5LH7xB29mffLJp5+5yHo26tp4fQZiy+yDx1GViz755JMLXNRXEiD+Nywn4ce0gVw0hmS8XFRMS2BXi+3KKFWU5+VdZCar+WbzJKwgy4iVZ+kUOdFqluMsJplh6qEJejeddyJWa2Prrj+2SiO8PE+Znzu4UJpkmS35vSTpuo6DLM+8g71TSokJNEmeFgh3UZfyJLXQV8C0hpYg3BYm/1ssHO56zL+nGwPx9Z8vQxuvCl2OuYuuRb2bYqZRo3kJ3RBq37e+Jew9Hz6m13F0GXE92l3xue1fF7psyaF1gbqLevOUHMM+kH811hE3kO0Lvtl8/hjheXfR00d8O3fRiUd6nQKBQCAQCIY/0o36jki34XAx/f2b01aBQCCIJBLpO6wILtJ3RrotAoFAIBAIBAKBQCAQCAQCgUAgEAgEgujB9AidEuk2CATfNKSbI90CgUAgGMkc7Pkf+XuNEHlMt9NS5Xya84X8jbTUNIm8fctn0RLlIprxhXpX0jLTDKoNzTM/R43ml+lGWwHdiPgqJfWLdmHbsoaWsri3fu+9LKZ/0008fo9uMl1mpHuR6/ovx4ylm8x2hKPR/qsCdgeCdUxv0ybTjyj2cNoTLXx+HwmiH/kumhLuHq1A/qTQ5dBY8PUR+jkIBAKBYLiT8GOLJEkHLP0yY2KCajCGRrOITYJxTsmY0ZSLRGqIRS7lJiEq5nVQ6CaafNfQtvxL8TCRwpXEhMsUjBzCHhXhGTd0rRhxoJeJdBMEAoFAIAhDdH0/Rde7GYYYO/gwftVI+UzTUuAeSX0mkpQRYirhVUzjjaJkllGosbzDWf3/JnkQtoNG6nuv0tAei+JAF0QpCikSw6wokoxTKd28L66bPrbqZCWrfpBsZIPGUiw0juL0z8hOdqiDHNB4rk6K1z8lFzmhCVwTKQGaRInQZErS/0spXFMpBZpGqdB0StM/oQxKh2ZyzaIM/f8omzKhOZQFHUXZUJVyoBqNguaSCh1Nmv4xuaH/YeNGUA+5oXk0BprPdSx5oOMoD1pA+foBKqSx+kfoApkWUQF0AhVC0S1CS6gIOpFrKRXrH9IkKoFOponQKdAPaCqVQstoErScJkOn0RTodOj7NIPKoDOpHDqLpkFnQ9+jOTQd6qWZ0Aqapb9LlTQbWsW1muZAa8gLnUsV0Hlcj6IqfT/Np2r933Q01UBraS70GK7H0jzocTQfuoCOhtZRLXQhdB8tomP0d2gxHQutp+Ogx3NdQnXQb9FCaAMtQs1GWgw9geuJVA9dSkv0t+kk+hb021xPpgZoEzXq/6JmOgG6jE6ELue6gk6CrqRvQ0+hk/W36FSuq6hJ/yetpmbod2g59DRaAT2d6xm0EnomnQI9i07V/0EttAr6XVoNPZu+o/+d1tBp0FY6HbqW6zl0BvRcOlN/k86jFuj59F3oBVwvpLOh36M1+hv0fWqFruO6ns7RX6cNdC70IjoPejGdD72E6w/oAuildKH+N7qMvg+9HPpXuoLWQa+k9dA22gDdSBdBr+J6NV0CvYZ+oPfQD+lS6Ca6DHot1x/R5fprdB1dAb2e2qA3QP9CN9JG6I/pKuTcRFdDf0LXQG/megttgv6UroX+jH6kv0o/53orXQdtp+uhm+lG6G30Y6zndq6/oJuQs4V+At1KN0PvgP6Z7qSf6n+iX9LPkL6Lfg69m26F3gP9E91L7dD7aDN0G90O9dEvoB1c/bRFf4U6aSv0frpDf5l+xfUB+iX0QboL2kV3Q7fTPdAd0L20k+6F7qL7oA+RT3+Jfs31YeqAdpMf+gh1Qn9D90Mfhb5Iv6UHoI/Rg9DfURf091wfp+36C/QH2gF9gnZCn6SH9OfpKa5P06+hz9DD0N3UDd1Dj0Cfpd/oz9Ef6VHoc/Rb/Y/0PD0GfYErtgB9iX4P3Ut/gL5MT0BfgT5Lf6InoX+mp6Cv0tP6HvoL19doN7SH9kD/Ss9C/0Z/1HfT61zfoOegb9Lz0L/Ti9B/cP0nvaQ/Q2/RXui/6GX9aXqbXoHuoz9B36E/Q/9Nr0L301+g79Jr0PegT9H71AP9gP6qP0kf0uvQj7geoDeg/6E3oR/T36H/R//Qn6BP6J/Q/9Jb0E/pX9DP6G3oQegfSKd9UNGnh+vTP+R9+oe8T//wC336B7xP/+ALffr7vE9/n/fp7/M+/T3ep7/H+/T3eJ/+Hu/T3/tCn/4u79P38z59P+/T9/M+fT/v0/fzPn0/79P38z59P+/T3xF9+lfq018fdJ/+V96n/5X36T28T+/hfXoP79Nf4336a6JP/wp9+q5vcJ/+tOjTh7RPP8D79AO8Tz/A+/QDvE8/wPv0A6JPj7o+/XXRp4s+XfTpROhxKeGncalWUhTF3G+05ov/NWMhizGMQxRrsRpLVupXbgmUx7FCrM8Syf9PYQ0hU7iSsJmCkYN8+FUth64iOEykuNRDVxIIBAKB4Gsnur7tB/AzRzCkxHDninlTwRRZrQ5r0BWJgVuiMCeKFTHfxWpB0jJIJ0oZhO2gMZl61TS0Ppdw6ATRiT3dxsZm+ncBfJwloAZWYySGj81YbcaSGJsRfAMRYzMRQbanR7oJAoFAIBCEIbq+7cXYzHDBwkdkmDsUTJHNFm8LXhC3wGFSQp0om9W4AG4ZzEEpxmYEgm8ujsxYnECmQ43N2PAi4zyIs8UaS7YQCytZrYFyOxu0MbOh36Ft+Zdi6pOwJYKRywC+sayHriI4TGRHZqSbIBAIBAJBGKLr2z6ijrkgBCt3rix9/wXD/SpbrDO2/9iMiTlRrIh5KLFWm4UdkINyoiLq6oixGYFgUDhHxbGxmf5dAB9nCahBHF5knAeOOHssXwodm7GRzUa9YzM2Pt+uLbT864afsOZwJWEzBSOHAfxoieQRHG3IzlGRboJAIBAIBGGIrm97MTYzXLBx58rWN9LCUhQXlxAXvCBu5Xc12Ywi7kQFLoAPyomK6KiF2dyr5qH1uYRDJ4hOXJqdjc30v2Zg9Aih/YIdLwqMzdjtcXwpLsQilmJ7x2bi2UND0e3EirEZwTBkAD9aRtTTb4cY2aVFugkCgUAgEIQhur7txdjMcCE4NhNMkd2eaA+Ozdj42EzAiWIeij02zsYOyEE5URF1dcTYjEAwKBJGO3ACxQxobMZx6LEZy3AYmwk74Y14gvYIR4zNRAQ5YXSkmyAQCAQCQRii69tejM0MF2L5iAxzh2x9KbLbk+zBmxVscJjY2EwcOwbZYIMjLo7fnBA7mIMyoqMWwefJxAytzyUcOkF0kpQXT2azuf84SlxcUA3i8SLjbE9wOB3kQMIRYmEne1xvORu4sZKRESmMCdHDlYhTeYQzgP/0tA9dK0YcclJepJsgEAgEAkEYIvl79cgjpuEYLsTxC99s2CWYovj41Pjg2Ewcn3Em4EQxD8UZuAA+KCcqoq6OGJsRCAZFSoELJ5Cl//Cs3R5UAydeFBh7iXfF86XQsRkHOeyB8iRWgE7IEVr+dWNMiB6uJLpm4xcMmAH8aInkERxtKCkFkW6CQCAQCARhiK4rMWJsZrhg5xe+2ShLMEVOZ7ozeLMCe36KudeJYoMNLke8nf38dAzmoIzoqEXweTKWofW5hEMniE7SSxJxAln6D88awyqhgysJeJFxHqQkJLr4kivEwklOR285G7hBJ+SMpGfLT9iwE+9H12z8ggEzgP/0dA5dK0YcSnpJpJsgEAgEAkEY4iPdgCOKmIZjuBDPL3zHs5GWuN4UJSRmJwZvVnDwu5rgRLFjkPkuiU7jArhzMAdlREctgs+TsQ6tzyUcOkF0kjU1GSeQtf84itMZVINkvMg4D1KSUxL5UmKIRQIlOAPlmWzgBp1QQiQ9W37Chp3wJrpm4xcMmAH8aEkYulaMOJSsqZFugkAgEAgEYXBFugFHFDE2M1xw8f99YaMszr4UJSerycGbFZwUC5clxIlKSUh0sp+fg3KiIjpqEZyz1Da0Ppdw6ATRSc70VDY203941uUKqkEypbCIne0ZKalJfCkpxCKREl3UOzaTyMdmEiPp2fJuKew8WtE145tgwAzgPz0TD11FcJiYcqZHugkCgUAgEIQhuq7EiGk4hgsJ/MK3y8nuVOpNUUpKbkrwZgUXHCZrqBOVmpjkYj8/B+VERXRsxpjFmGns0PpcwqETRCeaN51sttj+w7OJiUE1SKU0FrGzPSs1PRnLZIzWBEiiJFabnSfZbNAGnVBSJL/r+Akbdh6t6JrxTTBgBvCjJXnoWjHiMGneSDdBIBAIBIIwJB26yjcIMTYzXEjiF77ZKEtiX4rS0jxpwblkEskOlyWZkpkTxf4RJCNwc0LyYC4PRvQ/SoLPk4kbWp9LOHSC6CS3MoNstjhXv8wvjs2kGWMz7GzPSctIoXQiPj7TS0i3ksP6FAeyIvldx7slMTYj+CIDuAtXjM0cOUy5lZFugkAgEAgEYYiub3sxRepwwRibSeobm+EXrdPT89KDE0kk8hlnkg2fiV1X5jcnJA/SiYrof5SIsRmBYFB4js6m2Ni4/sOzKSlBNcjCi4whDzUrJ4MvZYRYpFEaq816g1w2jINOKC30/2q+bni3FHaO8+iajV8wYAbwoyVt6Fox4jB7jo50EwQCgUAgCEPqoat8gxBjM8OFFBfXpL4UGwTMyirICk4kkQKHKbbXiWKDDdlp6Sns5+egnKiIjloEn/VrH1qfSzh0guikoF7DCRTf/5pBWlpQDUbhRcZ54B6Vm82XskMsMikzLVDuwQKbVy0zkp4tP2HDznEeXbPxCwbMAO7CzRy6Vow4zAX1kW6CQCAQCARhyDh0lW8Q4vE1w4V0fuE7PRUeVV+KVLVEdfVVSYPDZGdOFLsfgfkuWlZ2Ovv5yTO+KhEdtYiP79X4ofW5hEMniE4mLHWTwxHf/5pBZmZQDXLxosDYizZG5UtqiEU2ZWcGyseyQRt0QtmR/K7j/y4Ydo5z8VzkEc4A7sLNPnQVwWESM2FppJsgEAgEAkEYsiLdgCOKeHzNcCGLX/hmoyyZfSnKHT1ldPBmhUw+40zAiWK+iztnVCblkJHxVXEcusrQEXzWr3NofS7h0Amik9IVeRQf7+w/PJudHVSDMXiRcbaPG5Ofy5dyQyxUUlltNoY5ng3aJBGNiuR3HR9MDTsZcXTNxi8YMAO4C1c9dBXBYRJTuiLSTRAIBAKBIAyjIt2AI4p4fM1wIYdf+GajLNl9KRrjmeYJziXDnp8SH+pE5Wm52eznp5oziA1H9D9KEhJ6NWFofS7h0Amik6mnjyOnM6H/8OyoUUE1yMeLjDHKovyCMXxpTIhFLuWOCpQXs0GbFGQNplsZLHwwNewc5+K5yCOcAdyFm3voKoLDxDL19Eg3QSAQCASCMGiRbsARRUyROlxQ+eQObNhlFL8Ezsdb8vNn5wfnkhkFh8nJnCh2NdCFUDDauDkhdzCXB12DsB00wefJJA6tzyUcOkF0Mr11PLlcif3v3tC0oBoU4EXG2T6xoCifL+WHWLjJrQXKJ2OBTWPljuR/HbCGhH8oYnQ9KVEwYAZwF+6YQ1cRHCaW6a2RboJAIBAIBGEYHekGHFHEFKnDhdF8cgd27VozUswxKiioLAhOJKFRKlyWMTSGXQ1k/whS5MnjNyeMGczlwYj+R0lSUq8mDa3PJRw6QXRSdVkpTqAUrV+mxxNUgxK8yDgPppVMLuJLRSEW42icJ1A+EwtsGqtxIeZfO/yEDTvxfnTNxi8YMAO4C3fc0LVixGGtuizSTRAIBAKBIAxjI92AI0pEJxsRhJDPbyDIc8Oj6kvRxInHTgzerMCen5LEnKg8MnyXyQXj89gFcJ7xVYnoqEVqaq+mDq3PJRw6QXRSe2M5paSk9/8PgYKCoBpMxYv4rUo0Z+r0Ur5UGmIxgSYUBMqrsMCmsZoQSc+W/7tg2MmIo2s2fsGAGcDcYROGrhUjDlvtjZFugkAgEAgEYSg6dJVvEGKK1OFCIf/fl8J8eFRGig0ClpUtKQtO+lAAhyml14ligw3Ti0sLqRi/QAsHseGIjlpkZPRqxtD6XMKhE0Qni7fOprS0zPx+mRMmBNVgJl7Eb1WieTMryvhSWYjFJJo0IVB+NBbYvbuTioe04V8Ov8Uz7GN2xLN3Rjiuw686acgaMfKIXbw10k0QCAQCgSAMEyPdgCOKmCJ1uFDCL3wXj4dH1ZeimbNOnqX1VZkAhymNOVHMZ2KT0ngnlxWzn5+DcqIG8/ztQRN8nkz20PpcwqETRCdLu2ooMzNnfL/MSZOCalCJF/FblejYyqNm8aVZIRblVD4pUL4IC+xWyfLQ/6v5uuH/Lhh2whvx7J0RzgDmDisfulaMOOxLuyLdBIFAIBAIwlB26CrfIMQUqcOFKfxmuckl8KiMFBsErKpaXeXuqzKJ3HBZptG0yWQ8y33e9FmTsUzTpgxiwxF9KLyq9qo6tD6XcOgE0cmKx2spO1vrPzxbXh5Ug6PwImOMcvFRx1XxpaoQi1k0qzxQ3sgGbfKRNXVoW/6l8MHUsPNoiWfvjHCSD7/qrENXERwmjhWPR7oJAoFAIBCEYUakG3BEGcDPHMGQMp3fl8SGXcr4JXA+3jJ//pr5wZsVyuEwZdNsmj2N+HwQdOycymlYplnTBrHhSD4ol3JzezV3aH0u4dAJohYlELJJYouSFUtIyfFkon3E5prRkEql0TSRyqiSqmk+1dEiWkLLaCWtpjPoLDqbzqF22i5NlF+O8Wo2rVhr0c71PKXrxO5vKsE6DLtjA3Yr+uzWfsHuHGanv36I13Kaqv/ioPSp7+1n3r7znQ+I3pxltH9AxDCJb47vxvtGuncFkixjB3yuLgoVk7lfVhL/BswIeQK5x3h8FeuESyaWTiLWD4f2rzU0j41rHYPA9iEdT9TQOOBmHxrl8Ku+wOQVIz2iPnFv5fH13jmzZ82cMX1aedmUyZNKJ5YUTygaX1gwbmx+nmeMe3Supo7Kyc7KzEhPS01JTkpMcDnjHfa4WJvVEmM2KbJE42vcc5s0X16Tz5TnPuqoIrbsbkZGc0hGk09D1tz+dXxaE6+m9a/pRc1TPlfTa9T09tWUXNpMmlk0Xqtxa76nq91al3TCwgakr652N2q+d3j6WJ7exNMOpHNzYaDVpK+q1nxSk1bjm3vOqraapmqsriMutspdtTK2aDx1xMYhGYeUL83d0iGlzZZ4Qk6rmd4hk9WBRvky3dU1vgx3NWuBT/HUNK/w1S1sqKnOys1tLBrvk6qWu5f5yF3pcxbyKlTFN+OLqfJZ+Ga01ezd0EatY3x321VdLlrWVGhf4V7RvLTBpzQ3sm0kFGK71b60C95IDy5i5YlVDZeHlmYpbTXpqzW22NZ2uebrXtgQWprLtLER64Ct7Jnb1DYXm74KO7F2sYatyZc2NvikS7FJjb0T9q6M97fSXcNymr6j+WzuSveqtu804aPJbPPRovNz/ZmZ3u16D2XWaG31De5c35wsd2NzdXZHMrUtOr8zw6tl9C8pGt/hSjB2bEe8M5CwO0ITK/vKeIpXZ6naRX17VmItcs/HAeHTlmtoSYMb76mcycpyaltejmqgUYKVbwU+kdU+W1VTm2s6y2f2PrPH5dbaPiIcAe539vXPaQ7kxHhcHxFLsuOk71BDeW/aV1joKyhgh4ilCp8p2jibL08pGn9OlzzV3eLSEGH3UR32bXPj9GLs/txc9gFv7PLSMiz4NixsMJY1WpblJ29xYaNPbmIl3b0lKcezkg29JX3mTW4cyffzcz/FZ83r+3O6UpNqVk33SalfUrzSKK9d7K5deEKDVtPWFNi3tfX9lozy8r6yQMqXVNWgZMmBlJyl8FIclEv7KrOFBrvP5MFfDD+oV/gUHJQ8Q9Lm+lxNRxnaGJub+z9tuizWEKMu/V1mxaOgWaCVvumF/Zdn9Fvu1zp7m4L2mvLk2voT2tpi+5XNRQfU1jbXrc1ta2pr7tI3LHNrLnfbdvkO+Y62lpqm3g+0S9+xMcs396pGvIlV0nQcrDJVdrilKxZ2eKUrFp/QsN2FL4Er6hv8siRXNVU2doxBWcN2DX0uz5VZLstkCxpboFoJx7lftvL6Wdu9RBt4qYln8OXlXRLxPGtvnkTLu2Qjz2VsKI9vyIsv7+VdJqPE21vbhDyrkbfBqD02UNuKEhcr2UEy++nDCg1Yp1FV3xB6OPBzrLGIqMJO9co29pKnwBFSlfuUe2km4ns7Y3LUDRUO5R7ahiCTC6ohtCMo5FXu6bQ4Sr1diBOTeexPLSzdrncjMX0Szy+6vnTDLuVuOpkmIftu//Es++5Ob3UpjyfNMOLiiTz2W41iS3KpWpEJs2IEmZyB1AKEHyLcivAwQgwadDe9hqAjKMqdym3+uSrWsAUrclYkK1uwZ73Q3Qg6goLWb8F72UL7AzkmtOr2Tpudbf52bpWl3A4rJ9SFsAFhG8JuBDOdBb0VQUdQkLoNZbeRrNymbPa7VFdFrPJzWo8gKzeTU5JIxdpv6nTxffOTTmdSqbfCpdxAdQgy+ZRjqRtBxmqvhdm1JKN6rb9oIt+FtZ2x8aUu1N+IRm9EQzZik+1QiS97EVj9jZ1JqWz1l/idCdzuQn/JZCPR6UovrcNeOI8kZaVyJrnxka5DPArxcsTso16mrCAHb6e30+kq3YDtzUH1OUoKjUNxhZJKpYirlUzK4tXW+uON7az1jy0oxTuuUtJ5FafioMmIrYrFX6pqOxUv3/lXdNriWPuu8LtSSh9SLlUslIxaG1ArTXU+pMTik43l76S+0+Yo3VRhV+rxNuuxW1S0UcJePpOv6Ew/VlSRoNQo2fhJpyqnKWxuE1WZq4zi8R3KZpqL+Gededlq907lOm71I7ZSbH62cWjN7nTEl3ZX2JTZKPUp1+ADuIZvfFNnXnkpVeQpY6kEQcY+Xo/Uen7QtyHVhk+tDZ9UGz6pNjSqjf0CU65EyZWoU6xcQC3KubQJ4Vak2WGV4scO3c4TY8aWblcylHTsGNdO7EoJuZmdtnjWsnR/YhKvlt5pjy+d85CyBsf5GqzTq7R2pqWXnrVTKeBvZXxnehYzaPHjcH1ISTM+Ghimso/kISUbO4LtmBxllD9F9VWoWGYHsgo34Al5D9tJ8nPyC+zjlndjmcVPBuKnA/EzRqx3y3uMk0L+I4t7KrLlN7Gyk+VX6VakZHmn/Ch+HKvyK3IXa4X8sryd5iDei+UViLcjnoR4hz/3cbVL7upEhLbf4neksjcrP+ovLA4kVE8gkZYVSCSmllZ45N/Ij8CXU+WXEI9B/IjcjV/yqvww4nTE3XIrPY74V+i1ZiC+PxD/Vt7FDnH5QfkBKkfc6Y9nTfD5LSza5o9h0X1+MpbqitVd8n3y3ZSJqvf68zKRe2dn3hjVuRPrk+Qtcqs/R02siJU3Sw3Sh6jUTntZTInybf4ytpJN/l2aul3eJG/yppd5Pd4i71alxFNSVLJV0TxakVambdUqXPI16EBulXH+yhuhZaTJOHoQvAib5Cv9pjJfxWd4T+x9ybQB2s5TTdAWniKoq6/0XZ6aI19KCxBkrGMdwnqEDQgX4Wtik3wBwoUI30P4Ps9pRViLcC56kxZYtMCiBRYt3KIFFi2waIFFC7do4Vtfi8AsmmDRBIsmWDRxiyZYNMGiCRZN3IK1twkWTdyiDhZ1sKiDRR23qINFHSzqYFHHLepgUQeLOm7hhYUXFl5YeLmFFxZeWHhh4eUWXlh4YeHlFiWwKIFFCSxKuEUJLEpgUQKLEm5RAosSWJRwCw0WGiw0WGjcQoOFBgsNFhq30GChwULjFi5YuGDhgoWLW7hg4YKFCxYubuHin89aBGbRA4seWPTAoodb9MCiBxY9sOjhFj2w6IFFj3xuh7Kn4jGY7IHJHpjs4SZ7YLIHJntgsoeb7IHJHpjsCbz1Vr4zZBw26xDWI2xAYLbdsO2GbTdsu7ltNz+81iIwWx8sfLDwwcLHLXyw8MHCBwsft/DBwgcLH7doh0U7LNph0c4t2mHRDot2WLRzi3Z+4MI55hYDPygH/NHIF0kNVnzXyhukcTxeT/t4vI728vj71MHj79FWHl9IF/P4Airj8bmUx2Osj8etpFolv1rmrEhFF7AA4WSEsxBuRWA/kh5GsPDUboTXEHR5ine0yWlZYLnVss3ysMW8zdJjkZ0xC2JujdkW83CMeVtMT4ysVWTJDt6PomuhH3JdD92PgC8R6ByemiNPxnYno5+dgtdkebI34R1tf4G0u0B6uEDaViD9sECqsMnzJBPv6TQqw889VWrw2vNmq3sRyvLyZ6NnuuaBfWmqP2+q2iXtMqJx3kLE+xA6ELYiXIxQhlCKUITgQVB5XgHqN3hHB1a5CyEfIRdBY5swpklPTLB6t8sOaWvnYw6yse3kj4XdTn9+CaIuf/4CRA/685epFTbpAcpnv4qkX+GTuxvxNr/6BorvNaJ7/OpORHf61cmITvLnT0B0oj//abXCIR1PqomZ1gfixXjfLF7kV5eg2kK/Og5RoT8/j9UuwIY8KB0nNdAbiD0BqzHGltx+dQai0X51GqttpXz2wUsxVMSbZ0ZgsdKJBu3fLjWYJG+c+o56nboP5m9jx+LweFnrMiHa7emSlnhj1V1FP0flCtVfEcvq4/uhIxD7WPwrdavnSvUWrEvyPKD+RJ2gXlPUZUX21Wj3lXwTfvViuJt3e5PUDWqJ2lr0hrpGPVptVhepJ3mQ71eXqrtYM6lRapDvfkCtwwrn4114/Oo8Txdv4lz1fNWr5qvTtF1s/1K5sd6yol1sD1CpsfXx2L8Fni52jB9f1iUleAss71o2WU60VFpmWNyW0ZZRlhxLsjXR6rLGW+3WWKvVGmM1WWUrWZO79B5vIRtDTI5xsSjGxNTE0y6ZKRtuZL6HZJXpaPIlKbVy7eJKqdbXvZxql2m+A4vdXVIsvDmzu1LyJdZSbX2lr7ywtsuiL/KVFdb6LHUnNnRI0jWNyPXJV8BZqm/oknSWdWkWGzbpkOjSq7O2kyRlXHp1YyOlp54zJ31O4uyEaXOrw0hTQAuDpIcmc3w31i5u8N2V0+grZQk9p7HWdxEbVNkuO2VHTfV2OZ5FjQ3bTS2ys2YRyze1VDei2hu8Go7meFSjfBahmrWSNFYN/Uklq4bPyKiXB3PUy2UR6sU6KI/Xy4t18HomidXr2KvVVHdoGq/jIdrL6+z1UEgdHDGwre7Iy+O13JrUwGpJDW6NN2wcX5GqokqRyqtI+F3HV6RKfGO+4mAVT6DKlL4qU/i2FClYRzXqJI/trZM8FnUKB8nKykKpc+LadY+ycaomd81KhCbfxnNWpfs2LNO0jnVrAwNYeU3Llq9icfNK31r3ymrfOne11jHx0TDFj7Liie7qDnq0pr6h41Hvymr/RO/EGndzdWPnnJkNFf22dWXfthpmhlnZTLayBratORVhiitY8Ry2rQq2rQq2rTneOXxbNavZcV/X0GGlysaqpUbcKcfF4hhuysptrEx1tcxmB/T2Gbnp67J2mEi6k+IKG312d6XPgcCKiiqKKlgRzjNWFM8GIwNF6etm5GbtkO4MFLmQneCupN5dS6xSrW/Kwlpf7uITGtih4vM2h//M1jB4cTrVrK7GH5ZbecArtCatCUtrONauXbuGydrCNUS1voLFtb6pC9ESiwWbaqpuRN6E3jxF4XkdNltNl96NwkI0Qmplm2OpQqkQe9AbC6/LIrfHtFtk5iq0dmbmlJ71EL7B1yPAj5PP9Rdz91k+t3O0h/kvrZ3FU4wY7iqL/Zm5pdhCZxlMWewxYm9CERKbPJuKNpW1e9qL2stikPvAVmSqW9lXqb94q0KthWt6dwSSrY3Y2WgW295mf3YO33A7SxQWNhaukfj++uLOlnp3et+OXRNY6xq++tbeD8TIXxNYCT4JY+tre83WBox44VpuZKzEWOqTIK1r2arY/kQvbd5B2TzcQdmmPPZ/wPobveHgav0NVsZi+V/o0XOMEMBP99BL0lhJo07pE0qjj6UMaSLNx1H6H/yE20af0Q1w8+vpRikRvlsqHU/zJRPqFNJV0i36OfpbNIt+RLfpD0oX63eh/If0O/oYLfgLvjHL6DjUP55W0lvKm9So30xWupzi4NstklKpmV7E6yO04Tq6nn4tfU//GFtNpouxvplUQRX6I/qnVEBXmTaZ99p+RdfSTilGX66vxi+l0dQmF+ov6q9RHjXS7XQP2lQodZuOolw6jS6lm6QM5XdI3UC/oIOSXT5JqTI/jC3NpyV0Jp1LbXQXPSElSnXmveZ39Qv1f+BoTKKxaNNqekuaIh0rbzHZ9dn6K3QibafH8X7Zq9t0oukO84kH5+g/038DL/xBKVbaJT1iLjVf89lF+mb9PrKjPROxR47jV5guoUfoD/QevS+v19fTUbQYW35MypE0KQ97/EU5Q14nr1Oeowl4tyehtWvpVvLhE9lBO+kh7Js/UQ+9KSVLWdLR0jLpWul92S6vkHcrtyj3K8+bJNMvsb/d5ME+aqUt9AA9RU/TbsmM9ZdIddJ3pLOkH0s/k3pkn7xP/o/JarrE9F/TZ+a8gz0H/6sfp38E3zuTjqELaD327e3USffTM/QCvU8f0AHJJZVLq6TNkk/qkfbJNnm0vEBukW+EF32vcpxyrfKIaYqp0nSa6WnTK+bLzBstzZaDn249eN3Bew8+qz+oP4tjJx7rz6O52KMX4ajYQg/Tc1j7y/Qq/Y0dP1j/DOkE6dvYyhrpCul66V7pMelZ6V94l8Rfo+UZcjW2epZ8NvbTxfJ18vXY+m424iG/Ir8qvy1/pJiV0cpU5bvKZsWndCl7lL+bXKY80wTTRNMC0wkmHZ9MqXmeebH5TvPd5v+n7FsAo6jOts85c+a+9/tubru57JKEZDfZTUIgssP9EiEIGAiyEpG7FhIqF1EhIopWqqgIaKlEPwsWq4CghACVKl/rFWwVjRUrrSjYNhW/jx8Q2Mn/ntlEqf3+/++fZc6Z2Tkz816f933PmYTX+LNCnTBLaBHOiKvFNdI76ZL0n3Skz9N36XvAdiWwpBUgiafQM2D3e0EHb4FEjwLFJ9E50EIAh3AE6K7FI3E9Hoen4Ol4Nl6N1+JH8Wb8M/wMfhE4AB6ICLSXkiFkErmJzCZryFryU7IXPp3kTfIh6SLdQLmXK+BKuQpuDDeNu4FbCDzcxq3k1oBkH+F2cMe497nT3BmuG7Tmpbl0CV1Bn6Db6V76e/5a/kfweYZ/lT/M/56/wl8RiBAQsoWosEB4TviLKIjV4gTxAfED8b+lFpyNS4Dy4NULjsQPPphLdhAXXYW74YscqD6swHkp6GESeMV/oySng14s7DzQ5iZ+avw3ToJGd7G5C3wAVeH/RKsEwkGCSE+il/AJcpK+Tq5Bx3Ez9tPt3EL+LRJCzwMarScHyQE8FO0ldaSRbOEQ/gKi4xdg78vRBnwL/jF6HnfjgfguXINXoQ+Ih5uE16C6nmcIxTIeg88ioADdTWehG//vC6m4Fp1AX+lPUTO9E/CpA20Ejf4KfYZ/iS5hvufvgG4coNFNgDLrwN7vRQz1UuBnq8Af/YAgtwrH0F626i7WCIPpCnQWfYu+4jvBooYCkp7W59On6Oc9NT1l4GHgZeg58Lt5aBR4zBdgJYfgmB1NB09XAEsqwasnoGloFroLUO+Rnl09W3ru6bm9ZxF6G669hPvjS7gdPKIDrqhDb8DnYfQxfhD8cNT/7xJy5kefhQ6jv2IfLsKV4A/d/FJ+Pb+D38v/mn9XqABpr0E/A4v+C1izAhzcjH6P/oouYAl040f9UQLoHQC0T0W3kibuEBqGA6gFfLafseKe4eTHcJfVIL0t4M+HwDfOAk5MR79GXZhgL3B0MzxfgvvUg5xnwOhtoMF78B74Zhagdgn6G/BtwQOgMO+PNLjTRkCtw0DTCfQlSLvHoKs/4MJw3Aj3uoCmoFnwhGo0Ae8GDbyCagFZh3PvgLwLsQ0Nxfn4WbiuGTzUgnJQLf85Jqi/Pr5nAJnPHYIY0wPft0P0ykLX4Fagwgp8pJEbN6AqfSLQ8D7m6C78B4OKJ8jsnrXcMv1W9Db6JehEo0vF4XQxvZdeNtZgEA8fsCARDd1LsC6IHSSpORFPdQ4pItUx8ksCrxPuIA4jGYDTh3yltvN16brxtnN149J1KAn7tivQVMRC9pC9CBqouNCVIHf4isajyyhID7O3PDrAls9AzOaRjO7oJHGkkkqtVOE1f17CyufxhJ8mDRA4gmRBeVjFqt8b4OSwIIVFGsZcmAidZAMkVxs0E2Gh4GHMYb+idmBpT+jL56FiGn8uVTfu1Clbd+Yz3jZi9vAvU0Besm6cLf1lqrQihkcOHzkcc0AlxxoMfhgbfQK8ZAU5g6fqz6V9+n3Yr58Galu43dxsg1oV3aIl1vJr1fP8eZUKvKDO5merS/mlqoB4DguqIok8cMyp5ySJQ1LQpkSVpMIpHfgOTeGCeUbk4nAH2bjH9IthTHqp7nQqDZTZuu3eWmx31NayDehb3OrkqkJuLm60v6jCleXnWMPtxvaLF/WvMy2TZmPPaWrhD4MlBNFjWv1y5X5lO94h7pC3W/bJb8hSo73J0xRozJtrn+eZF5ibJ9WSWqFarjaPIWOEEfJI83b5bfKmcEQ+Yv6YfCJ8IH9gttt8QR/xsWSzyOFJ+LZJ5jxr1EqsGhxZtyE+p6sB4nMg39Wl+kPvv+YrBRMYB4I+3zquGyW7S1vZBlykUCqFK70eu00UCvKR3VZT7c0XRMFu83jildU11XZbOEwqjy9/eP2y4x/ql6CNT/DkJBrimY4/vHmvPkNvfmUjKGgbfuqVjV8NmfwjHX5+ow2ZfCt4JfnNECjinwHDDYMMZNSoybeQO8iDhCO0AxfvmcFjvoPcuE+SQTMmGXKsqSAzTFKamUc0jwbpLkqpX+nE2wGtDEbAeJhVG/ZyLtUN2kCpUMguiFXVhTVxLqyffvL3CzGJnaIF60f0FL55H9PCFNBCCVDghYzlkDZogbpEWitt8m/nt0u/tOxw7re8Yj/kPGw/5jS7+Wr7cNsKz8vkD7b3XOIBdAwup1j0OWxZwSySxaSeC3LO2mY154WiIRJiUg9tS8pYk9+Te2RO7sANe3ZijDtwSMvPo1FKKBtDt7l53IWW5XY1mLApUOTrcvgLf6Cdc6CfdGnrudT5VGuvnpjZIdhSGYVhPhwuACVVxysdbhcy1IbilR7sYiqrSrCT1KqfVSYPa7rDNn/Lrsv6xWN/0v+CS/6x/ZP00yuvGz+vZfJ1LXRS7uQJ7ek79XMf/Fk/i5vwA/gxPOvAla8eeHzFgw/fuwq0NgViq4/fBn51335Ee05qFVZ7QlED6kA6QBnNN6o71F+r76ofq0oIUIATUZ4aVUlUTaoNKqcyjtVO0o44/Kt9hGAqSiapA0/dExUxYFezZiENHOYCZgAuU68U6kAGdePOGS7HnC5dmmqtw328lzrtIbdAiDfkcNRM4X6z7PzdWP9G7P4tfRrz7yzRx+rO13CMLP8WUHIj4OVMQAUneF1/1KUll5XgeZblJV/S85TKIbcs9OsfKvI48twNbhJz73QTt9tVkF/kcEpBVxFGJCvSIrRBalPfL7ITtMUKPFlNmDrIOi0UK9fKJ5Q3l7eUt5WvL28vl4LlsXJS7soPoqAz5iTODvLgnrKKSX3mmgZcS7WeL2X6TXUbOMw2e2001cqqPuTuaXspp9YND3kpwLq23c5aKK+aYFCf9kEA9btUKHKtrMhVggOamDE4Q5W5xO0SRI8HWvBcPoTt8cqaamYIkXABgGfvQbhgIxn74vNrpy2acd/61NNLx+pf6Gbc77UXSq6dUj+2/+93YEd76dBJ2u1v8Z0505+YMfdXpZGDq2YdajVLhP5Wf4GXp4wafr3Mp/fry2VTavzQ6SXMrzaAnG8COdtQHlqlxfvx/ZRR3tl0tokv8dZ6R3uaPPM8fK23Omtt1hP8RpXPszPhOh1FVpvkj+xkppCRrMgk62wL4WAoBj5ld4AsbTEbsTFZBv9HWX4nSIYArZgJw+vxgFNADgqfgowoBhPGPchiA8nZ13x3R3NZzZxx98x8Nv0+7vfpnTWjZ9TV3Tpp8Mt8Z3b4Nf300Zfvab+5viSPvnalyuJo/M8dO16Z47Cwich10OwFTjm0aD/igejKRIJnxBcUGb2WdHkTiNf4CXwbf5KHONnMt/BnedrGMxyEeEO4jyGO74JsgTsMaQNhbwW+B0cULaQVWzMMti7uDdXJOmbyrYvBDOIQAdfhfnznpZFAxyOQB/uBDhPxaarKhaWwylFwJLAaTc4emFCCAwcl5I6ek3t6e+3Z7HL4FhpBlpTP5b8r4AGK4iTZ1CbnKQWkPw3KUWUumUdnywuUZWQ5fVbeobwsdyrn5UuKZytdL29Vfiu/qXxEuuiH8sfKaXKGfiH/VTEvk5cr95B19B55nbKeiFPV2WQBnSvPU5aS26k4nNTT4XK9MkWaIk9VRJ8StSTIQJqQBylJi8gRExVkWXGTAPXK4m6BvVai5RHKKTJvEsVKwWKqhLhh44g0QTInVNYYXFpUc0LSLJGEyhr4aotmYzuqBOUAxURUoJhK1oEI7Q5vbWa+IoWj3bYPutkXgOCDtDJ4SpBKslzJURfHUaIqSiVHYJfAbTgTJcSkKLIsSnkWbOnA5j3sBcdOMsBQ/Q2pjMq9kyYn+EpRE1dJWDq0CrRwSA2qJtJBBmgO0LUGA5EGg1BlHgMRuI25YgkkFucA3Ettdf+w1QX8tnRrurUu4LOlS0vhC9upVpZwwCdZB9Su5ctL1951ZG25j3WlTQYOOCcBaEg9J3erwQEMCIwfw1ZKUWlrCgwGY5biQclofwQfgLxWxAf1bv1T/XP9T3znFR935tJIuvrySraBTW0GLy4Am5LxUc0ic4Lk57wSdYDFgnTRHoea5DoybLNeKwGOuEpRcomixEmEiJwM8gJZcZRxTBnHtFI4ZsT2BzW/pk5Qm1WuRW1TSbt6WCVBNaaCnOXem7Jes0yalJArMXOKw+BkzO0VJqtety8tZY4PTJ7vPTJ8xEjJEGxryxnzIKGMHe1HHBi+DFYhBTM2cnifzKwGGmMODOQ4zBjV9opaJbWpVQZj1wTKE9IkaHjOw1VyGkdHcvdK66V26SXpFCcc4Y5Jf5S4IBeVEtwgqUF6lNsqtXM7pV3cq5LKkEyT41UJokEjMs8zRysTJMga0VUF32zS5FB5gkyGxhg9MjcIR9BIRBR9hPOK/UlEHETi4niiidNJoyi7SJY4jowQnxSfF98mH5Mz5LT4LVEjpJ84Vlwu3i/+iggMJxZ/P7HaZwpNyLAEO8vz7ZtxkEzFTv2j9G4wgDLu/UsjuYNXhjMMb+o5zZ/m34fqJAs9o12/id8kbTZttlAJixbJKvoivuXyMoe4zL7cfR99QHrAdJ/lXscDrvvd93vv990XMIkOsISA2xFwBXzugOgsM8v+MpHzRHYqGCk2JchSbED3YCxHy2nOaclpy2nPEYI5Z3NIji3SjrAVgkfM0Pm6PdkrX+9FwnHdBtKnMjlrspvhYaoVYl4CIlpNdTzIEp9QEGGX47vEp2lY5QtzH9gDBdy9+kr9kL5fX4krvty9+/NP9+07ST44ubnlpdKB+kL9Sf3n+iKoTOZ9q/f09Fy5eJnJ4XHIdy6CFzA5LNOKBH6/a7+PG8XjufyHPHHYi8wWC8qyFQGaW5Hk+Zfo5cnLifXyx+fYrEHDlolhydn/HMC+i18sejlqo9/HMFBY0NsXzAsK/ARY643lj+NPsGXiyh0zN41f8OZvntm5dNiNo6va+U5P6NOdazvm293pj+hrenP5zCET5pkVeDDLgQ4CP24UQhe11bXWMdYp4gJ1gYnVHu0Fr1i6ZEWQBMUreZRqy0jLSKso2WS7y+KyumzVlmrrKOsSy+229xV1ubzcvzTnfvl+/305guxxySarZZJliWWNZYPlPyy8JWg2ucxmk9XkNns9RU6bCze72l3E5ULBEBMXCM6NJIDRg1oEmW1mYv4gK9Iu7BIOC+8JVFjbUoCDBbECUhByXy21/Iqbv5eaYQu9+ZMBjobkID/M5EgMAVKWu2xHsL03X4JUuTXFBFppyBNSJK8zxJWTggK7/XupQlq06G/H2177TfNdC/boT324ePKNc+o+Ob6grmF04d7TfGfDW6t/8VH2gPuehww6+XxTKL2FG184dejYG0xQjWP2dj8/GWQsYMseyHQliE8vOWqNMDU5MDBxWPoQf0g+ph/zPAuJy/lNeCN5gm7mt7IKVBWiEgu7zdIyLPqRRyhGYWEMGiVMgSqfI1A9IxfGSOAoDfKCi+cFroPM1KCclXgKiIsJ30luYu+IaVZHrUrxKtpGP6MnoWLqwKqmrOLauM+4k5AegJm+DCMgQHViFRFykybHoEDxizf2Snhc2n8uVZo6l0qV+rq/iz/d/xx9vsfWw3tsGVR9GQB1MoTdlAGpTOApVIoBg0KYxSBM1PQ5PAT/GM/FA9P/zXdefp1eA2kMKHhtzxm6wfC2bPTz/cjRc1GrUGtrskZlEUej0Kg0ehp9TdkXRKGKDjIPclZljaD15nrniKwN4hOyYrJAUoUCbBmGF13QaU5VtSLFG5ICLbk411ZMuLCVvaZgwi2oDZ7nz0kOMXiFCqM7XfflePDCjA8CtrBsC7WmcGrYVE2dI8xR5njm+OZn8ynAUCP/YtUWwE1Bfjjidrq835daa7F/9Uuv6Xp6/w27NUdizO2pe9bMnX0f35k+u0E/rX+rn9X/eEPTFlLyi4aWrc+/8vTPGe+Tgfebenlfr5U5moQmpcmR4XgzsHdRllty23LJQC5hGuhO+Mdyw01j3cP9T8iyy2BZZZxDIiRarBC+FW+xxRzGjFurFQUeZvyHJH/O1LrvasvW8xmuDczJoKnhH8Cveb4wX5nvyHAspJpCoSohMxsAuOqF2HE1u/Qm/fKQ3dP26Zf1115ajf1pR3T4ipvuXzN31totNzThCJawBfs3ENuVlh3XLvzFs/ue3gr8DgF+I3QwcqFs/B/7kQ10PVKtfUJ+0rzR9hy/XTkgHzB3BCTJhUeTUcJIpSH3OfMrwiuB3ylvmD5UukwXxQtmc7Y1261l5STcmsWesLpfdR9zc6xk2mPNTRq9xQs9+akG4OSYYGm2EIvPgdnamz8rgeMOxMbkBBNGn1+c6UvLMr0v2+g1q8WaaGevHdiA7BkOB1vvo6rDx8RdqIoohKPuUAOkhIFo7ozcRblbc2muNSRpZmsCBD4/Y2GlTOJQwWfK+W623ujyaf1cSZ+Wa4UmywZNtj1pBOlk2igBHUAEjHAwYmCQ0cM41r/UNxSCohHhjQsQnIDSkJ33sm7XHlkZbBwOCSWNhb6mU6WsdDYeb9FAShb2UAt7vEUDYWUSIQg+paWQLwCKxo2SAywe82ABwUi4is0sIC5kzAY52byDKHjJJeyr/mqn/rd752PX+93YIaQ1bvVNQ6dFuOWN0+vqMJ4YffLplx/5FGyhVP+dfuiuB0fjW1esGjbsx8z2HwPY/JVRR4lo2X4ks8rJriQ1eYJM2uRd8mH5Pflrmc+Tm+VVcjt8wXOCiHjKgaVrRr3EoRT4vsALIlWIGMbUSLxChQnql5IZky/9roqCOAExguNtLGjUGRC1mE0k2Fle9BibQ8R++gqm+pXLY2n48h9B9yuhwtoM1hrBg/ajYrh3CugDiZjcgseU4BJSwpcoGE5GSCN8wwtMkA0WT5Kbi9uKtxY/K2wXt5leFl427Sp+r/hksQUVR4snwIlXiz8rFoq1QHYiCcdtxkleDFExkONhDq2IIWZhuVS02e2RrOzscARyJ8FqCzvs2rSqZjteBAR3kJGaNZAVzsmG7xZl4+ZsnA3f7S2C+pZ5/0sIRQyHkJOs16qB7ggMjWhDYKuDrTCSiGgDr0lEI8cin0U4ayQv0hbhUCQYiUV6IjTi7/d5XV8h2ptOQrrSbUvXQR5WCqH2fGuqtG/yzQgSNgNNrpqlWAwFCEBLqTPkBtD0eKuN1uMGcSciDEIEYzfct7sScw8enrMxNvKZ6Uue6Zejn86JXDdoXrl+OjdZPWRemX6ahh/55eTrr588Y/rwzekmMuOp8rrRD27UCRn5s2n9R655In0FrGoiIMyToDMz8qNN2ugz+LR0wXnBTX9HzkDq5uf9MmmyNTobPU2+TWSzsFnaZOqQj5NP+BPycROkv8IZs2279DZ5R3hd+q2JXyI9IKyROLuhG9XLdOOioqtWDDRntWSRLEsI+QNTh1wFr98lqUYYaQVclefb5gCqzvdRzMIIhsTVAbJAxqRdYbjoqvm6iT9Jb/kGJ/Q3//6ofuEnOLhx4cLHH1+4cCPJX4eFn+i/+/ob/fU1Pc899dxz7Vuee47NRqyFyrgG+LWh57R+m3gsW/Akfg6/hOeijqmWeZYWB1VkqynPRB429ZhI0tRgIqYOskwrFkUIGBwRlH5ItskxuUWmcmCVY6uDzHCscux0vOegDhsKY46FE5WQNtwOodZvT+7H2agvgBomMd5IyfzjTiFfJqqA0dRWZmYpW1H9Lu8k9tIIm62qHNBkzNGCSYAEvKKheztuB+fjh90yvLlpyqhrBk2M0vCmW4ZX/a/yITv0b4DHn4JOJ9Ew8qAtmneKfa59I8/Jgl+oI3X2elJvP01EK9OMnaoepLhdLkUWnK6w240Y6RaPFixM7PTgHg/2BIzJck9+YWK9r91HWnxnfeRrH/YpaliWDNyHse0SPgt1vN/bCyLgAgxGGJuLS8/DNq67zmbYvpEc9cbQVCZchsNVYNYuAymr2S43fuCh+bfsuBb78yYmRy8uwf6t18+8ccdG0q77Ts4e1LDkFD4McAN8qlB3TAM+VZylufl+gWhCZI3AGok1kGh17YHeALogpJVPUixwqiQpJtWN3cTBBeSAko/K1N+pJggBZzUPxDkF8aoL+dUiVKIm0EB1LZIzCdxeBZtNxr1U2ZugGMp+ASkoyeZLakuNZDpLc6hIoaoiy5BmCrAv15rZFb7sfgnVnGeOmTUzNXu9AZuSVBqMAi+mqZRAFpqkDZSjnSQG6XGbZjVVIRzEGlsEMh1p95X6GbqU+sZ1p8CGUv7xxuIPO87M+cLHUYuBBCOdLE2xaGTgECSUTi/UfTVOSCz36ZNx5I2BXsFiewuHdJBe+i8vj/CUlZHcjEyNKAMy5dBoreA9/muetPG7+MM81wwdyeNX8e08B5xxSIFEEaO+EIL89F9CCCMkU0mwgGEECXjCu/RN/GeomjlUqvk5RNqATbQeoOgfGHL3jzHaSd99vncFDjHfAM4qYizyvItdcK2in4e73EA+wl/z74D4J+yTESaUR5gtRxXI9BT/hSJj0gx5+nFlAmK/QRIw8c20nRLqV8c931sa2YwJkRQj9RzzSlAfziBxgbEmAhKL469/fePyGeOqfU+SjwgeEvpZVl3JQFBPJy6CeqQKePAdQhy3EEBFhG3xbh5HbeeQUXOz2YONeiE+AWNtmWvol//va+iXlz7g+39/DUb/xnOQ3olHfn+N9G9cI6ELnVLfNQdwke3fuMaGvj5gG2FcY0Nz0DR6Ax0P2YgVeVEeiqAoqkFJNAo1oCloBpqLFqFlIP03tJvn3Tph8uTpU5ffOaCu5bZ+/ZtnFV472iQN1yiS4JMdLKzrX1jYv46bmp2IuWw2X/b4sUsXL545Z+TQlSuqKxcucHgmNhJh4OBG+OTfOC03MG3FgmnTFqzg5uQrlpLy8nD+HBT907u10Xffe5fNVEajUdt779retdfCru1dtnv1ZozD0UxvO5oZ/4PB/zIeJOAqyGe/2x3p7Z29vbe37zsv/uD4h/0Pz//wuOgH9+97HvdBLJGIbWDNhXhFvKKQ7ek1lfDzQryiIk4msjYdYF+Qe74bm34xlqisNAbjN9g5fTprL7DBG9getxGaGBzpH8XjFZ/BAd4EO43sZndAgw9VRqvSo2Hv8VgsQYK9g3QRds6wyz5OxBLlsPP9nz0wfioga9VPogU4yN1iWElAM9HjJnRcUk4JllMERbtPdONo95+YddlCQTtsXKIg3+0CWQT1k/pJwL/g62yKFv9NX4Xb8N162zf/9Q3ctQvumg93daIcNFmr9AnHbS71uAnu7VJNnlMOm+NV0zHTZyYOOfB6R7vjpOOsg5ocJocl+xS1nJIoip7otnUbKk+1puxx2I8DKfFot+1EN0vnXSIk8kARpGAs6rJVQ9GgjdV0OP/68cv09/Dg2T+x7lVGzzNXT/v25dk3+3KqbsTzl48cgu/A982eYp38gXbxobsHlFQgDBQvxxGuGZlQtmaSkXAcqTyST0EDlNTi6DtHgRp4riAKbneBo6YmVBXCkdsnN3bwR4P6E6SBfDl7x4tPenHFufDPAdGm95ymo+g1IIE8FNOy+K6gN+bVvJzXG8rpClpjVmJ1bVPMgW2og3vRyLBwNNXNJn6YtI3FLwspyC8nVYnBxNmXT7ldHnLdyoMrBw9tO3D7XQfvSg5ddeD2H7cuWtq6uJVeU//Q0TX3HHuovv6hY/esOfpQ/ZWHtz39zLZtzzy9jWk+Cep+nQ4ADov3IxP7VQhVYnMlxCRKkgmo2I1NECvjUfA0oOWdOBACqY2FA6wFqCWv66eLGxpnDnryo5oTHBdKlBTae0qWj+7pMXiN8och2Pp5hOQ9GFnNKFlVheCcprdRTMNYRIGer/Q2CNUQB7gX4DQ72/cOAXtLkB0PAhpfNY5dT7DjmXC+yjj2q+y4HjIKE78NjgPn+mZ474ZYlY3C6EbtGrHIW0SkoC9IRJ/XRyKAdwRFsrNdkWDu+lySm9vPnROJSdgq5bGX9bNzi9xuml9m4gJlVDaUYK+Ndh+tBPZT3ZWGMsDiUhUxZuJs3hJKR7utCGwtl7rdUD0yY6vBITbflm8hfGPFti1/0Tv2/RLXPnq0Zf+jt4wsuGKX46XNW7+6Nj2bvBSYnlo1asm0a/Ajf1g0/7Oj+Dp89Mj02nmP7H77R6OmPBRf/Gf86JFUqn/qEaYvNss5DnjLQVVaTljGOUGMLXk2mykYtMQsxGIXyzyclUDKg5JHksnuODOgyiiEyGh376sDiXLC6GJ1Scg9mDPI5sfpXWXj5tdNv2tcvt6FHXkTb7l3Ys1ti2bWl3IrZ987Plh3y2NTrxzkO/9QPeWakKti4h3Pt2SokZ4CahJomFYI1GQlgjgSLMaMHgtQhqNlWcFgL03F7DdGkkcMquLRODPtE0Cajfl05f+RNuLtJdH+/Vm+XO8qGXNTTdOKsUFGbe6EeXePiy28ZWZRQdPiddcPun1R86hivat0zKzaiUuvLfwfOHBXTR9VPXVwLydXpmWGVM249zq29tlzhh/GHwAZx7XsfjJwYwmaTHkkGMyJ5ZAcxo5sk8yYXCViJt94lHHhhLw4l8QrBxOWF4eqLBw4LK1ah/v1CRj30/9xlYD5A1dW9xHIDb804v2rRAzUMOv/hO+EvLlIc2BJEQgNKgpfJEkqLWI0pI/APxxNf3rE9ukRyLmqQu4Ce9wdqorbB5H2gwfTzQfpaxcvXqm6cIF7G/WiUA7cMRdVonFaOerKtXQV9svFwcJYIcktzC1MeAQsClgo7wr6Yj7iK94myDLK2+Y0s1+yMvzBUF93ZSrlMNA4xV5tAogSARhY0fPPSFVTwzFx9KkPxMM9eWfD8unDA9GWQfOeWlA9ZMULP1qyb+XQxJyNM6cLZfXVeXk19f0rGmrzQgMb+M6V161ZfHM0L39M24uz5uy+e2z9T99um/1hV9ecGZfN4RE3D9ZuHJwbGjytdsicUeFevACJEcG8wsCP3jkYIhh/d4dj6390PV2MLCiA4hCJghFrfkiSSkJBT8yjedZ7KNQ1VdgaDsZjcRKPEDYtZrVajPo4rlg6yW0oi6EVQAPTOwPG9BF7HzIYEcFtvFCUmXUPF3Du3rcUABIwi05sjt5CxN5OEMQQ7rgzOdnRf1C0zDlz/PwDy0PhAQ39N+tDCN/ys6rqEd6SQYXzF5Vcu2BIzk8W6Ulu3VuECNWRSJwnRG/4L0Gq6z8x20I2+QoKl46J1A9J2PIeuXnwoik1IkfZLxcxnh8Dntl75TWaVw4Fs2PZWvb6bJqdHXaGg46YgziM2VaH4mQMol4GrwpATkZ5LsdWF8CojfcNQLfVTK+Myc34yOjbIhNXNZbdcG3W6BnLxupRHHx0TKo2aPJ4y4aUeG8YQRcrqnfmw/t/tOnE6EBJnp17IN1sL6guHLZq6pKxYZnnM6uzdCBQqqLxWrYoKhzXt6qmIDMvhTN/X4hDAtOKJCF6EKjFQK1MbtvNCrtewP5eKfGonbkmVDTuvs9mbl16AxmSfpWspou/OvzVha8yT8Yd8GQOch6ZhDMrMwTiknHbJDaEwOqizThIF19+CPWuJTNb8qPVWoPHXe0mtRQHKDZR5HebBasqhm8X8AIB1wnXCqRMwNngV4qStdSJZztx3DnMSfKd2An/LGBv9pid2P1uqlp4m+CEJ+81m2SbwlDzSPII5MiG01UaC+DAWdzY6Y7DCejB6gZzUC8CgQUYPgx9nLmcl/NRUbGoHfhR/RLtQZ/rPVS/hB/tVCyKxOMZWWWxmiKSvPwQV3XlbbbRxelDhTXRMn8vf/Q2QxuNWtUKCddLWJJ8ECfFMPcIBTloUJ/JSwkeTjBRwhWZyeQgyJCTiaQqPDHiOqO+tjYTQVOpSujj3XGDZrZmGzcWbQtArja8n8O2/83etwBGVVwNn3t3k2yyuXc3IeERArkgBEKWBAjvlwkkIYG83IQAisgmuyELy2662RBBqtQiovWBllKkVK2fUrVULaW05ffzaxURFWxtLbVanxVblVq1Sq2P7H/mcXf3bh4mISGJ2TPZmXPmzuPMmXPOzNzd3NvybkupDtkoFn/5+S3iwS+rmNd6X/++/jrcE0yAytzJs8cXjRdnjVkyRpydWJQoFuuEuTohbswl6MZGTxmdO1o3enRG0hg2hyOIXpuMFxG9jgrbWJE5pWIcgo4q1HGNV704d1urL/n+i9fv+MsdlZV3/Hn79X+5wypMmFy2fuFCZ6ll0rINuRdvKLWIOTe/srfCesdLO2/4y/cvueT7f7551fYVmZkrrrts1beXZ0ys3g7cEnNRokkwFlfN1Lgx5lQF7VCXmgrjhg4JlSC5V3o4MTEpLvkoV3FknGl2wN9QAXKzpJ6EfYsadD17hduce+dMtc5Vcipqp1iuKt9auz0jPXNBdlLFfL03JilxYVXd7OVXr8qJi41psetuajlnNuemT8036PQqt/9EbhU8J27MzR6WnJyelJiUhHv1tKSkONzsJkwQJ0yAqdlpzF4ESMBawxKT0swmE7nL+8u0tKykZCUuK2QMx47R5TIhJ4ErhTqaadnkq83Mb5qPsXHh6s9dZDL9PhMHNCFLd9FFCUNCvetFyXtFve0G26LUkSOTF3guneXMOdry4P/kWFPkkcqElCG7llSnWDJyMs1VeXfovaaxsyZOXJMzee2K4mH6ZHtpy5lPy1aZDbFRYssc8cc6fczCiZbZ0aL4Jk7ELtS51Tj68bhbHzIk3WyegG5h/JTxojA+Ybw43kBc0ChjgsB1nM7MP9lWi2wDiJ9nPpLeIyPjoLsB4i5n7MITlt5Yb528KHO4PipKUAxDx48atWS1d8mW+90LTMZ4NIB9iy5LmrMkMW3isJTLckXvlwft112RP3b0lLGJk5fZpk+5fSX5Ogxn6DrkMQHnJ0cyxsVKscb0uNikuNi4uKJYITZBHx1j0Bui08kvWAyGhLtihJgYUBKEBIg1xkTHIe+HDLFx1EbJxAgj0GPmDM/G89X1mWb47fVROB0JQs7lmBfMUJ2NQG5UoZMRL4mKlRLlE8LUlvyWz1sKhVm/kxPluGjBnZo5eUa6OOPzW3A8T46fkTkphazJ1NdG68V06Tb67L2X/jAVhubGCaCPEcRcQdD/WvcwZJAvV2dg6Rn+D8Qm8UMhRpotLPfvoKcJ0aieJi7DFv4lfqKLgX8BfJkBMYeAOGx6jdS8htZcKFzOa+oDNfHwK14r/gOvXixc5t9JakYHaorPitdEnWQ1RRutadCpNcnVJnoVOeJXowNXc8Q/iNdGHWXtipeSdo0iaRfI0/VYuBleaT8IVwh3q0GcK+5tK+hKMPxWDfooFqKyo7OiD8WkYDjJgsHZTvi74e+xV8Q5eDjCgnGXcVe8gYYtNLwv7R2k4elAONvZIGdGQiREwiAOBb0SroiESOiHYbP8XfmnkRAJkRAJkRAJkRAJkRAJkRAJkdCZYPpVJPTb8JtIiIQBHd4LBnO+2dUD4RfmNwPhA7OfhISYBFMgDEtI4+HmhBcSL07ckfhw6zAkDcMEDNkYHsDQkjSPh+U8PJkcl+xOfjL5yaH5NOwZ+mHfhGGGQRuGDRsfCNOHLaLhEgxrB2xwR0IkREIkREL/D8D+O4W8dshAf/VJ3jqd5L8VckDnfxlmwByM50AR5syBEopb/fUYL6c5K/2H6T+1VOreBf5STJG9rVNHW46jFMFFMIj7QX0b6kLxao7rIUncxfEoGC4+yvFoxF/geAzYA+0gl+JnHI+FG6PiOC7J+qjd6n/aCNKQvRwXICrpPo6LoE86w3EdpCWd5rge4pJe43gUxCd9wvFoiE8WOB4DUwPtGGD4kLs4HgsFyRLHpRgx2Ure7qrXYV9y6lqO6yEltYriUZgfl7qF43oYmuqmeDTmR6fu4rgeElO3UzyGyC31Ho6jrFL3UNyA+fGpRziuh+GpD1I8Fgc5WjzLcSZ/hjP5M5zJn+FM/gxn8mc4kz/DY6Am9XGOM/kznMmf4ZKcNGocxcmzYuTMfI7j2DNnU9yI+YmZaziuh9GZTFbxhLfMrRxHfjIbKC6Td1xl7uO4HlIzb6G4mbazleOkHVZ+CJFh5hGOowwzmUySKD8nOE74YWNMxvykzDc5rgcl8zTFh5LyFpHjpPw5io8g5S2pHMfyFjPFR5I5tcznOM6pZQrFR9E5vYfjZE7Z3KXR8laOk/KFFB9H5tRSz3GcU8tqik8i8rFs4zjKx+Kj+GTazm6Ok3Z2EtwQIn9DiPwNIeMyhIwrPqR8fEj5+JB5iVfn5QFQYBr6CfLeWgWqoB4cmJaCB9z48cFmaKA5i+mbaBtobMN8Jy2RhVfywIVBASvmrcP6PmiklANTB33rrQPstKSEoQipGsx1QDPmlNPW3div2k8Jtr4Z227CdhRs14NtOqEW8VrEG/CaN9CPEuB+Cno3BdID1CywUB5s2EIDllWwXxv2Q9qohQ287FKk6jGXXG2iTw9Wx0Tk4KTjcLXLTx2VhQKLkK7BKyTXRiWhHSNrx8NHqtBemvBqLR0voeqw7Was66U5TVjKTiWn0Oc3s/koRp6IdJy0npvKdh6t76AlHLCRvmvYTuvaKa+hZRWa34g5RH4NgRkMjoNc99EnzLuwHHnmOynJRqSOwkZ5Ihpgpz0SnjfQ0dV1S3vCS87V9LoIr7joWCZiSSfl3ROQWAZUUyk1BkYyC1sksx9sY3KgjVLk7sLqehz9RPR9oOh7az0IzlI+1YRmLOtGeZB5rMPg5GOaTGXvQX6ctIcyeqWeap4N2yZzU0E1yUuvOKkdVWIcHDuR2VTcf80m/2HWStfJuJuQlwY6SjbeOsqvj87fKipjhVrkZipTJgNfYF7V0iTPQ7WLSJ/w5KD82Wm5Bj7/FmrrbtpPA+Wa1a3lrTg4baNtN9ARbMRSPnqN1KqhfKjzGT43Pl6DaYq3VU5dYAyWAB3UjdbSaaC0HevUgo/WUe2R9WsJ9BM+AjZjzVROtdRy2pJZMx+pk9qUi1qPaunhsid1XBSbiOUzNLraduuMh+7KNtQSVP30Ut1X9U3V/bZGoPbemq95ITpARsLG4qP9qb7RS61nM9Uf8hQEN/UYtnZHynTPptEqZvkeHrNRMZz4oAbuiQi36myq7ZCSxN91pKPMa7v5zARbVy3EyaXspb7RSW3Yx+eW7FfUVaKOWrOLjlKVslarLXRmbBS3cz1o7dHCLWEi9exknHMhG4ODemTSxwbqtxx0Vm2YRyS0Dkuo17J5m1eEeckMbr1Bb9EYkJjKTVfWoU76fSU1rI0StQ1lVECb12MemydVaxx0zXTx9SKo3R2tZapWtr+ekZmrCFhOY8gegc030wIH72sd1WU3n3cLHbOXrzPM9xDPYKPyZ/Os6jHTqwbuwVkPZB1g64o7oCk2CK7n4f6sF+YiICEbHbuHrzmq/7DTnCaUDbOR4B5Hoauai+vMRJXH9ucWyDqmWdFxtjNCZGSnq4xL42daj7GD9qj3ddJ6aum2vZslzLupsg+vTaTG/GnouFW+grutoNUEVyJ1Di3U33toL3UB2hGiIcRvsRlqxNaCKyzjuoby4uArVVNgLkN9CZvDbD7jjdRKXAEeVLvW6lLnpRq6wrNRhq40Wp0OSqKZynFjN+dRXQ3IbtDNJeMI4cBOY9JnUC7rsURtyNrh68AfM89vpyNQV7y5Gi9uwxY91OO0vb9m+z91lQnKR13JgjIK9SnaWo3UV7C5quHjbnvNtbUzo97A6Buplrpp68yK2MobuqJ3VwPU9a0ICujVcihEagWullaaU4x5ZN9qxSvVSOVjbj7mTMASlfz6BDpTK+g6VITlltM1jrVhxbgM6VXUxxWCQmlCLcPyZdgWqVsAK2kfBdhaJS1ppW2XYm4JpgW8HKmxGHOWI03wJdQLsv7KsBY7LRTzNZFxWoX5SmCEWq6KaY8qZ6VIWbH9In41D9supu0R/kn/hRQvC/BZyDnNozIiLZM2FyNHJZQiucsxrcBylbT/PDpmxm0ZHUMhXmdjKaAckJ6z+FhZOSKfan6FzBHhrwRDcFR5VAZFlJug/BZjWoGck/aX4NUqukKUY818OtJKKr0CLjMy2hJKBUfFZmoxHQ2RKpFBPuKl+FkSkJ2VxowXa0hrWtmtoNeDpdj48ni8mEqunFJsNhZTqorOFblq4XNppeMI73UF1cQCWiqPjrgyoCGFVHsZ96p2sj7KQzhh/ZG5DeVF1WqlAxthrajXl/OZbi0XIvU8KhPCV2Wg5/ZaznpAmTZl6iylqt6hlHrcHt/mBoey2ONt8HhtPqfHnaXkuVyK1bmu3teoWB2NDu8mhz1LkaQiR43X0ayUNzjcVaROiW2zp8mnuDzrnLVKradhs5fUUUjzU3KUdJLMsihWm6uhXimyuWs9tRswd6mn3q0UNdkbSU9V9c5GxRXaTp3Hqyxy1rictTaXwnvEMh7sVGn0NHlrHZjU+ZptXofS5LY7vIqPjKO4Silx1jrcjY55SqPDoTg21jjsdoddcbFcxe5orPU6G8gAaR92h8/mdDVm5Xmd2BH2YFN8XpvdsdHm3aB46tqXjpo5l9Vc5HHZlYmlzlqvh/CVUe3wNpI+ZmVNmUJLTCYlSqsCbVHR5XttzU73OqW8rg75UyYrVk+N062UOWvrPS5bo0WpsPm8zlqnTam00VE2KlPnzJ4W6EZpbGpocDlxfHUety9LWeVpUjbaNitNOFIfkSnJVnwepdbrsPkcFsXubGxAOVsUm9uuNHideLUWizgwtTUqDQ7vRqfPh83VbKbyVKXmwwsofK+K1JEeLCSlUg+w0+D12JtqfRaFaAvWtZA6agc4sOZ6HFkIZ83YqdNd62qyE9VSufe4XZuVic4MNnshxbGFjrhlk03k6XU0ErmRiQp2QKoH2ppHJTDRib34HBvJrHqd2Kvd0+x2eWx2rfRsTFSoZDgcD3aFcZOvAZXV7iDDJGXqHa4GrUTRgNybeXEyIdggyqfeWeNEnrMkiahWncfl8lAV4KK2KDW2RuTV4w4otDoJE+t9voa52dkOd1azc4OzwWF32rI83nXZhMrGkldw1c/A6aVq0UgYI820batt2dgfeIkSUuKPRMzrPTgmIhrHJocL7Y+KW2vNRJQae5akCjI5jdQEcNwoAgfWWue1oWTsFqXOi7aJ2lNbb/OuwzETGaOscEaxuuKpQZt0E6HYqD9R9azzoyAM2RobPWg5RD/sntqmjTgjNmb2ThdKZiJpUTNapZI7lD9mUI7sDuIR2Dy0WU5pdvrqSXaIulm4uhHu1csuJ+op65u05WUuFXugRkRGaFE2euzOOpI6qEAamnBAjfXUYLHpmiZivI0kk2sJjjAbB97oQB+NLZC55lJqk1Vm8NglMxouacpEc71nYwdjJGbQ5HUjMw7agN2Djpfyst5R61MVLKjHqPx2JzW8uUzFbTWeTY6QdQH9HzEZyg8xsoagpvBLjfU2HFWNQ2O5tpCBekn3jT5UJuJ60XiZoXckAGJvRQVKZXlh1Yo8a4FSXKlUWMuri/ML8pUJeZVIT7AoK4qrisqXVylYwppXVrVKKS9U8spWKcuKy/ItSsHKCmtBZaVSblWKSytKigswr7hsccny/OKyJcoirFdWjstPMVoiNlpVrpAOeVPFBZWksdIC6+IiJPMWFZcUV62yKIXFVWWkzUJsNE+pyLNWFS9eXpJnVSqWWyvKKwuw+3xstqy4rNCKvRSUFpRVZWGvmKcUVCOhVBbllZTQrvKWI/dWyt/i8opV1uIlRVVKUXlJfgFmLipAzvIWlRSwrnBQi0vyikstSn5ead6SAlqrHFux0mKcuxVFBTQL+8vDv8VVxeVlZBiLy8uqrEhacJTWqkDVFcWVBRYlz1pcSQRSaC3H5ok4sUY5bQTrlRWwVoioFc2MYBFCL68sCPKSX5BXgm1VksqhhbXfHJXhSWMdPW+Qk0zoFR80CRKeYd7R5NbRE1JoTiGt6wvN0+3U/a/umO7/MP6ZpmxvfUsVuR8fuR8fuR/f9/fj2XeqkXvyA/OePJu9yH35yH35yH35yH35cG8euTevvTevSidyfz5yfz5yf76f3Z9v84zrbHXGJbtA4nE20T0Wnng1V5fQ/U0jXUN81I9qz73vYLoBzmHtdzA/9Fo1rRGaU0TTTfT8rL1SQf2Ml/os5pk2t8u9hgN9mn6hfp5+sX6mfrY+V79Av0w/R1Ozqs0T/DKSClMxX5tL/FoDjkfTh5AAb+ouQq+tlZqH77B17Nf//gnwZ2gbdEB+OR9H37SpI7/aLxX/b6Y4R58OkPtS1FGkFf4lgF2h4EeAi/0tedaSRVOm6CAX+H9MxAOI28Sd2Fo9YjeBIN4s3gE6cZ+4D/EfiD9AfL+4H/Efincifpf4AeIfip8i/l9dAgi6RF0i6HRDdIWIL9EtQ7xEdzXi1+iuAVG3Tfcx4p/ovkD8S10L4n4d8qwHfSMIep/eh3iTfjPiW/RbEL9Kfxvit+u/i/hu/W7Ev6f/HuJ7oqaBEJUTNR10UTOiZiE+O2oe4vOj80GILojGfqNLoksRL4uuRLwqejni1dErEF8ZvRLxVdGXIb462od4U3QT4puimxG/Mvo6EKN3RF+P+M7oGxC/MeZeEGLui7kPdDEHYn6B+BFDHoiGRYatoDN804CjM1xj2I/4Dw3vI/4vw8eIfxKLvcSuim0GXeyVxlgQjHFGCXRG2TgR8QxjDuLTjT9G/H7jw4g/Yvwt4o8bjyH+pPFZxE8aT4FofM74DuLvGv+J+e8b/434x8ZziP/H+B/EPzWi5I3/NX6G+Oc4ebp4If4JEOKPxT+F+In4jxD/d/zHIMZ/IplBkBKkEaCTUqRqxFdIaxC/QsZ+5cflx0GUnzANB8E0wjQGRNNYUzroTBNMCzHnYtPFiOeafof4703vIv6e6SyW+afpQ8z5yPRvzPnYjJpn1pv1oDNHmaNANEebt2DOVearMGerGefO/D0zzp15T8J1ICTsSMA5TdidgPkJ30vYQ/6LheugCGOoJjAdYLPP5x1lbkUJVxlwHg0rDShhw6UGHIXBZqjFuM7QgPEmw2aMt+DskHn5FsbXGq7FnG8bvo34dsMOxK833ID4jYbvIL4L547M2kd8jkScnUzELcZslO0U4xQq//cQP2s8S2X7JMbH44+jhJ9COROpDsV4mDQM5TlcQhlKI4ic+Xji4KzuUYiyeW01oNRu9rrgynVexwa4sd5R44X9LpvPDfdDKugL86x4riktWaXA9MqyfAVyl1vziScAatdR5K06HI8GM4zkeAwkYG2GGyARRnE8FobAaCpVQuspJ0mQFpJD3qqWjL5GzRFgKHmlZ0lVkQKjq6zLFFyTWEkRPcMwGMMpHe7KhsNYTulBhhFwEYyrbWhsgJdo/BaN36fxpyQWxA0Or1uIp/E4Gs+ncRWNXTTeTuMbabyLxntovJ982SncQ+NHaPwYjU/S+CUa/4PG75NYFGmcT+OVNHZt3LBxg7iNxjtpvIvGe2l8N43vp/EjNP4VjX9D4xPUwyaiNJO6gMWhZIeizIajbFJwrlJxXkZfgHwBoIOYvCmB/K+MHrHuUwLqFtDXecUiH0bUDQl1wIR5aRgU1JOxRB9gPKTj7nsinrknQSbq0mTcM2TT/z2YBjkwHWbATJgFs2EOnoTmwXxY0E6rnc0T0S5iOpWa0Wa+Kt0uxAkpwiRhrlAl2AWfsF3YLdwrHBaOCS8Ibwkfi3oxSRwnThfzxSrRLh4QX9UN1ZXpduge053Vp+iL9Jv0O/R79Af0z+hfijJEtcSsjKmPuTLmnCHFcIvhUaPZqKBvyTVWGNcaG4zbjPcaDxtfjE+JL4pfGV8fvyf+QPwR9DGn49+OPydFS0OldGmmVChVS3XSJmmHtEc6IB2Rjkunpbelc3K0PFROl8nbyavlOnmTvEPeIx+Qj8jH5dPy2/I5U7RpqCndNNNUaKo21Zk2mXaY9pgOmI6YjptOm942nUNPPdScbp5pLjRXm+vMm8w7zHvMB8xHzMfNp81vm88B+f84gX5EANPHQP4Hj9HoOY49qKVfiaM02Y8k0lx43cXTvSElUY9e/yCExuv/qA6ho5Fer6Xfn0n1LtDTv05qaGHoQi09zK2lU5Zq6clVWjpb274wpR5ixRB6gR1iBQjwI5QehlhdCH3JmpD6GCr3aenl47R0dS6lo1FOKWgxk9Aq5rKrq6N5qvBUza/iqZunO2kLUaivw4HcE5vC82/n6UM8fYanb7P0crHtepfLPJ3E00Ke1vD06nbq3cjT+3l6nKdvsXRNO/2tMfM0i6clPF3P03bGt2YPTw/z9A88/YClV8i0HlmZhqJXTOe5o3m6kKdreHp1m6V38fQRnv6epx+0VXqtyNOxPF3E05o2S/t4upunfBxrX9DYkrD2rJa23aixGGHdEUrr0Acm4QrA8vgc1w/laYm2jfotlA7jaH0iTyfylHO4/nFaejh66oV4GivDU9caPF+58ZR1NeyAW2AP3AkH4CE4Ao/BcXgOTsOr8Da8z2v/laUb9Dzl0tmwiad8/Bv+wdMWlrpW8/RRlm7kM7fRy9MTLHXzfDdvz/0cSz18FJ6tPOX60cDzG7bx9EWWfmMaT6/m6Uk66rGwFE+6l9I7fV7YAtfCjXA77IN74EE4BEfhcXgG/gAvwZvwLnwEnwkirhiJuGaMxVVjGq4bi4SlgpW3yDnwcovyck1t3M9TLgEf13wfl2AT57hpL0s3xfGUW8qmYyxt5jrdzEfW/ClLr+QS28y1YzOX3BYusS283FVcUlu5Hm/l9bZyC/7mSp7ycVxdxtOTLL0mn6ePsXQb91jbDrH0Wxae3q/Vxm8d0Wr0d35D6XiqmVltaB0rdZalN/FWb7qHpTen8JTP581cGjdz272ZS/mWmTzdwdM7eXq2tT3dyn3OrdzH3fooLWPE6+NwTzMd9y35uEevgtV4XnfxMlxKu7hV7drH0tvG8fRBlt7O+byd6/l3ufS/y33Pbu7/d9e1ZbO7Ode7ucV/j0tnj4GWngdbYTvcBLthP9wLB+EwPArH4CS8AH+Ft+AsfAxfCHohXkgSUoVxgkWYLswX8oUS3O2sxv2OC3c8W3HPcxPuevbjvucg7nwexb3PSdz9/BX3P2eFj4UvcA8Uj7ugVNwHWXAnNB/3Qlwv93DO93D9/D7Xp738+h18DPv4iPe9ytIfcEnsv5ulP9zO0ju5XdxVwdK7Z/OUe84fcX37EdeMe7hs/ofb3718Rb2Xt3/flSw9MJ2nH7H0x9zb39/A0zdZ+gBfeR/gmvQgH8eDH7P0J9yOD3L7Psjt+6c8/yFuHw9x/h7mK9gjuTzl+T/jfB/i4/w5l8/Pj7D0MF+ZD3PP+otbWHqErzdHzrH0l2t5+gJLf8X9+a+TeMrbO8rt+ugXLP1/B1j6KO//UZ7/v2F2+1iZ1m5/+0wY/dcw+uOQvQ/OxeNxmr2d8Pi1WvqJF1tb4rF3WfrkcJ4Waus86Wpd5/ilPOUWdZztOdvYcz3FJfPUUp5y3/EUl9RTfIZOjG3LFk/wWid4rRO81omzWjk8naTl+emFbbX2DJ+9Z7g3fZavc89u087Cs6FSxnAStPSzLWH0F9od6El9GG0Io+UwOimMTgmjlTA6PYyeGEZPCqMtYXRWGD0ljJ4eRs8No3PD6MIwuiSMLgujq8LoS8PotWF0XRhdH0a7w2hfGL0ljN4WRm8Po28Mo3eF0XvC6P1h9J1h9N1h9D1h9L1h9IEw+v4w+sEw+mAY/VAY/UgYfSiMPhxGHw2jfxNGH9fay8mTWvr5MHv64yQt/YKspf90UEufTtHSL76ppV+6V0u/PFxL/zVsv//KIi39ql5Lv3ZUS79h19J/C+UHvcuZxDDaHUY/o63/drqW/sfVIN7/OjlrP/jcw7fg3nc3RKBbwJ8oRbCXu9+C/zAJ3W+jf4P/1r7moD9DUIMCOfUYbvXnt13a/7K2xkCSbkcj61T9UewzsEbdFfCvO+8WWvmQr5L64NQnIqeWT9mHtNSznPUX6J1xoQ96ubXfioB/FGoj9VGolwE7pFqKNJsLLFFPMBYPHCD883Hcdd5t5TOrJbIIyb2V5gTkpHqmgaZpOIbDPTO32NKfqRxeDvXKbKfof59pGImD2EACupc579WGjl+1u/rQtYDr02G6Rqi2N4BWN+T3Of8x5sO7v2fqMRjf1wxcOGCa083KJT3KSr8Gto71NRf9H9gZv6+5iEB/gfM9Bw9W8D+lTSPgv71jutf7HyBe7fzl1Pn9QNsyGSiSikD70K/24z0A/pw28vj+1T/VP4h2sn0HPXpfJY19egr8Y0gIUI+FXHmsVeE1Pddv5yHIXV+C/2kS+vO+hHDX9/snzsXT/V1OAeqC89m1Hv1HeouP/gv+pzqWUfhVRvdfjetd+Opx+/8egg9Cfeq/0DP3x3sC2OrWKrfaXxjAtd8hH24r98IC8oz88RWn8KtK9zIv/db79M2+wH8IQ72qHQLODwn8yuFQ7WnjzunqvrjjjPwdoukh9ulb6L/6xOBC6hP9ribinzrZZ5u51X3tHzuCPpHTPRie9z/fYZnn2SdItc69kOC/p+t1Wj5jnx7job6//6qlr7nzv9K3/fcu+NP8t57PPSjc7z6NGnSQz9JHiPPVXv1ti/qNM/3VB9c1TK+DvtoXhP7Oq9O/vwnIqZscf/X+yX8wsn86H/Cf6cO+X8Twpv/NC9zry935/Vjw12cXFvyPXPg+ec83t/1rDv/vaPwYwdAGA5Rai30GD/gf9T/a8XX8/C28NM3tsN7XDfx/D70DF3btDe39OVZazW2/3tcROpITu95e6cElJwb9/Q5B34P/SMd3u8OvMtr/p8F5l7yL30v9qbf46B3wj8APdGXXR3bgvchQH4B/YwA7hZ9B9GvvroD/Eyodqif+Mxg45X/Jf6pnzgxt/SZn4IG/mUrlFMU1cvE/g5+3+oarfgg5GumwuS+heTmD6T8Jvhr8Pwhg5B7CdGp/3AczPTvP9veefxsU2KyNUP2Dfx+uFcRL2DmfIzryE6SOJmNE1zrH3gL+CfWI3XPpAen0NNA5PMX8J6WJpChN722d6gzP5+NvQ7212lu/lNM+ouV8nTnF7/wd4lLa1xmeA2tVt/YrTHeDFOfiFNv/BGavz/dP/muCc0hXnlacqOsR9swtnVkmlWLg3qTKXdc5HFD7J61XGdG2xGipHA3VVu3z56O9/vseKH9cc3K4LEYEPXxb0EPjGED7goBvOqN6BmZn6rVe7btT/qnfQGDmUFY5fI7J3I6AVjaprXjeWjWA9Okr4GtxProA0KGXDtn99Ee/22NA95RntJ4g6J00cgiU6FmJhPTwFt3jUo603rEFy7Sc6su58JfgDorwdY0qL0qFnLBU3tSdVqBmuz62K6PhvZ7hPZzpav0LBUwO9JxyRt1x0pxDqqZpznetbDA4su6NrnP3n8g9JLon7/x+vIdXSqolOcG9Ac8N7rDPhOwR9rFrWGcvm32CQ8hvBVSZd4mDU62xVmXUc0unW+7xc0sdO41odytB7xTczaBciGT2UYzFh5icALR1mTw7zUEv31fpGUAZBOTEc8jogz7j2bbq9GD/IbPuf8b/+55ruTcgKBPtybYjifTUjqD1TPRHP94JCO6KO9yZ9wj093NwR9Ab8ui4rx6V04X5vqW3vy3s/e9b/HXn3wbfV7L7l6f4PnMqzd9L2u/9b1UHzvdS/KSgkUfI/XLtaWWENq9H+u/EuaXvgXEWvmOimnQmvCQMYjl1Gdr16gN4TD0K7OSlnpUDuXxlYnpwPie9gQ7BbzJVTHPGZ9/18ZOzWq7HeSi5UOv7+UPIySZkdRqcutMJaOv++IgQfBBD65NcaI5qhYPejwc0KFR3Wu8NB7ucNL/RCNGdkO/bw/x4BDgEvj0OjSN+vbVXClKhO4QLzVf/Au0vwcJ9OrfDQfItXmcgKBHtfjxwn+FUsFTfcdn30Pa5Jbg7H/Ry6vD3mSqgnJ7tPfnQe2ED5FcZIfefwla63v+lhiqnLs3EBT4PBlY7Ym0jQr0Utzb2PW3I2WWQ2l3It9qcPhUqjcBdhF76ncbAgaB8Wp9Tgr8wb+se96CC3v093dcHevd3rIMGAs9NHiDrdu9B+AklbD/e6vw7WDWt9YlXe27heYeCZXucgy7vnwbnqZz+Gq2ua3IanJI6f+js830Dz/D7mjzf1/9cBxcrOl3yaw/kDQw9XXIgg//w+T0juH88Ybhz0HPvD+5qrYECPfE+xYg+dRaC7w/uaq2BAn39vMyBBuf3ZmT1PaZdr9XdHi800PfcBJ+Yub+breR3x2pJre71d+FBa3f+td1shb8/uOu1utffhQft6LrzVMjQ9wd3seZAsjuNtfir+4qPgQL0PW8H+pqLgQLdkdRAe1t538Hg2Y+HQnee+9+9Z4/35BvzLjT4K/uag4EB/eP9dwMB/K92vU733iPRk2+euNDQvXOx+tz/rtfqTm/9Ac7v/Qhd7Gsgy6lQ+/SxCLQN3Xs/5+DVp4Hyvo3+Ato7CO19g0SfG9Kl56uotb4+EPgV2nr6O7Rr+pab/gr+99p5Xs/v/X8erL97+Wrwn+1rDvo93N3+pfP7j9eB8v+yHYN/asj/qJ3xH1V/RwXkSRPrIyuiCp37LYlf/XTtCVzdYajfAmoQ9Ur+/eSEzH4Npn2u0vk9QbzHnj/ep0CeVx0g+vHzx/sa2nz+eGQ/0ApCn+NCnxz0eMiT0PdFNKsdGMjPE+tVaPW/oZrnnAaex3qqO89jbfkaaWPnnsdKnzOa0+Vz8Ndih6lCZ54zGgHN8zNfjey/24fWzxZtw+7qoIv/j6DW+tpBRTv5AnwCOkiCcZAB2ZADM2AWzIG5MB+KYTmsgkthNdRALdwFB+Gn8HP4BRyBo3AMjsMJeEcQBb0gCSYhTRgjZAoWYbKQLUwTcoQ9wq+F54U/CqeFV4TXhDeEvwkfCp8I54T/CP8VPhdBFMQoMUY0iLFinGgU40VJNInDxJFiqpgmKuIYcZyYLmaImWKWmC1OF2eIs8TZ4lxxnjhfXCAuFHPFPDFfLBALxSJxqbhMLBFLxTKxXKwQK8UqsVpcIa4ULxUvE1eLl4trxCvEtaJNtIsOsU6sF9eLG0SXuFF0ix6xQWwUN4nN4pXiDnGneJPUJG2SbpBukXZLe6V90n7pTuku6UfSfdKPpQeln0gHpZ9KD0kPS09Ix6QnpePSq9Jr0uvSG9I70rvSe9IH0ofSR9K/pc+kz6UvpC+lFskvg6yXY+RYOU6WZbOcICfLw+QRcoo8Uh4tp8kXyePk8fIEOUOeJGfKFjlLniJPlafJOfJ0eaY8S54tz5HnyvPlBXKunC8XykvkIrlYXiovk0vkcrlCtsqVcpVcLdtlh1wnr5PrZae8Xt4gu+SNslv2yA3yN2Sv3Cj75CZ5k9wsXylvBhGewdnW4awnYRBx1schlYFBj7OfDVH07R3RqAUzIAY1YRYYUBvmQCxqxFyIQ62YD0bUjGKIR+1YDhJqyCqQUUsuBRNqymrEibaYUV/uggSqM2bUmp9DImrOL2AIas8R7PkohmTUomMwFDXpOJY5gcEM72BIRq0SwYyapcdYEiSMTYIJ4zQhDYahpo3BOFPIhOGocRYYgVo3GVJQ87JhJGrfNEhFDcyBUaiFe7DWr4VfY/y88DyMRo38I7Z/WjiNOa8Ir2DOa8JrGL8hvIHx34S/4dUPhQ8hDbX1E1BQY8/BGNTa/8BY1Nz/wkXC58LnMA41GGA8sikgHiVGwQjU5hhIR402wATU6liYiJodBxmo3UaYhBoeD5mo5RKMRU03wRjU9mFgQY0fCZNR61MhCzU/DbJR+xUYiRYwBqagFYyDqWgJ6TANrSED8zPFTMSzxCzIQcvIhunEOoDYxyyYiTYyG2ahncyF2Wgr82AO2st8mIs2swDmod0shPloO7mwAO0nDxaiDeXDxWhHBZCLtlQIeWhPRbAIbWopLEa7Wgb5aFslUID2VQqFaGNlsATtrByK0NYqoBjtrRKWos1VwTK0u2ooQdtbAaVofyuhDG3wUihHO7wMKtAWV8MlaI+XgxVtcg1Uol1eAVVom2thOdqnDarRRu2wAu3UASvRVutgFdprPVyKNrseLkO73QCr0XZdcDna70ZYgzbshivQjj2wFm25AWxoz41Qgza9CWrRrpvBjrZ9JTjQvndAHdr4Tlgn3iTeBPVo603gRHvfBOvR5m+ADWj3t4ALbX83bET73wtu9AH7wIN+YD80oC+4E76B/uAu8KJP+BE0ol+4D3zoG34MTegfHsYWnpCewPxj0nHE0TtgO69Lr8Mm9BFvYMl3pPewtQ+kf2Nrn0lfYjstMkAj+gg9bEA/EQPN6Cti4Ur0F3GII8Bm9Btm2IK+IwFzkuVkzBkmD4Or0I+MgK3oS1Lgm+hPRsLV6FNGQwL6lTQseZF8EZYcJ4+Da9DHjMf8CfIExDPkDNiG/mYSfAt9TiZci37HAt9G35MF24n/gevQA02DHeiFcmAmeqLpcD16o5mwEz3SLLgBvdJsuBE90xxsYa48F76DHmo+llwgL8D8XDkX8Xw5H25Cj1UIN6PXWoK9FMlFcAt6r2Jsbam8FG5FL7YMdqEnK8EWyuVyjCvkCuzdKlsxRs+GLVTL1XAb+jc3ONGfbYb1aHavcv8VhUFEjxSHsQmDDr2HGb1YAoYo6t2iYRSMRi9GfJwBpmGIpR4tjno0I/Vo8dSjSZCPQYZCDCYowmCGEgwJYMWQCJUYhkAVhiTq9ZKhGsNQWIlhGPWAw6kHHEE9YArswjASHsCQCg9iGAU/wTAafgaHIA0OYxCpN1SoNxxDveFY6vvGUo92EfVo44Ss/8/O90dXcdX77tlnziQhZ2bOmZkzZ87PHNOURqQpIs1DykOMGCONKVKkKdJIESlFRIoxYkwpYkyRIk0jRYwYEXO5PORGLuZyIwtZSCPyELkpjcjDFDGXixh5iIiYG2nyPt9vTkiktfc917rr/vMW6/Odz/7Onj179v7uz3fvk64qReJu1rXxyiRlkrhHebvydnhI4wpZ4+5mRctXzipnoX2kX/msX29V+pV+MYE1622sWRNZre5ltbqLFaqIFeo+VqVJrEr3yaAMQtdCMgQVs6QF9bGlDcVxpAPFcaULxSHlul960oPiRGUUihOTMSgOadnbWcveKZMyCd1JyRR0h3RtOuva3TJf5kN97pJ3QX1I3d4l75Z3412kcTPlPfIeaFChLMRd0rsSOUFOACfVmynvlfdClYplMSxp3CxWtPeyopWyor2PtayMtez9rGWz5fvl+6FNpGXlrGUfYC2rYC17iLVsjvyg/CC0iVRsLuvXw/JR+Si0ifTrQ6xf81m/HmH9qmT9epT1awHr14dZvxbKxXIx6nxUfhR1SMseYy2rYi37iHxCPgGdIkV7XD4pn4ROka59lHVtCevax1jXlrKuPcG6tox1rVI+JZ8ST8rVcjX4sMZVy2qxXH4aSvdxVroVrHSfkJ+VnxUrWeMKWeM+yRq3Sq/T66BfT+tPQ3c+r38e9gv6F6BWpH3V+nP6c1Cx5/XnYb+qfxWa9TX9a7CkfZ9h7VvD2vdZ1r5a/dv6t8Xn9Fa9FXVI+6r1ffo+PHtQPwwP6WAt62C1/mP9f8L/sv4K7CX9Mu6SAn6GFfCzrIC1rIDVht/wQ9dIB+tYAetYAZ9m7atj7XuaVW8tq94zrHrrjKSRhBKR9q1n7atj7Xuate8LrH3rWfu+wNpXz6r3RVa9BuNe417oEWnfBuM+4z6o2yRjElTs7dDBZ1kH61kBnzPuN+7P6OAm6OA7wUn7NhoPGA+AkwJ+mRVwszHDmAEP6eCzxruNd6NOifEecNLELxrvhSY+y5r4RdbEetbE516nic8aHzA+AO2rgDI+y8rYZHwQyvgslPFhvGUe9PFZ40PGh8RXWCWfZZX8JKvkKmOPsUesNg4Y30d2OWT8QHwaehkQG7DtDsr90B5H/l72C+GzfJbI9r3P96DI8b/DP0UY/qn+B0RQe6/2oHC0Cu1hEdfma4+It2iPah8Wd+Xuzv2uGJ/754AQRfojepWYYuab48V0813mu8S7zS7zZ6LE7DH7RFlQDarikeDngp8TlcEXgy+KR0MNoa9AIaVw5e/kNbw7z5cvpO8eX7HQfJ/33RCuv9A/UWz0T9ceEM9rM7T3KM9rC7UnlBe1J7UnlW9pH9dWKDu11dqnlNbcf8ztUHZhS/VJpc34penJhHmPOUPON3eZ/yJXmkPmkNwWXBb8uPxa8BPBWvmN4JeDW+R3Qh8LrZffC20JbZEvi2VCBK4A14USwEgEBoXQVaHo43ANAm7mmgDyM5xQCBQBU4BpwEw8U4prOTA3g0qgCliSwXJgVQbEa/BM3ZjycpTXZ64bcN0MbAGagR3ALvj34rof6AAOA53ACfi7cD2TKfdwf+4E9W+4j73AZeAqcAO+AaFg9Ql+93pwbQwPDHPDAvdwTY25VzDKMxBjQfexvxBYSXwPa0bcUUfBernTdwfk6cCOwK7A3sD+QEfgMKMzcILRFTgT6An0Bi4HrjJuBAYIutA1PQBYuqengALwCcAk8GJgul6il+kV+jx9gb5IX6qvwHU1rmv0tYx6faPeqG+F5pXoO/XdOOu1M+pRr1FfGujQDzI69SMEnABP6qf1s9jpXWT0oS7hmn6TcQscGO2vIRmj5WyCYQTOGE6gF6qWzUgb4xkTM5gcGGBMzWAGtIQwW/egG3Nul+ejPB/lheCExTgREkbKK8EJ1Ubtm2Kd0WBsMpqMbWivBWhFeQ/K+8APAIeMo4zjertxyug2zhkXGJdQvoLydaOfwPMAGIOmSjDHGd2MoOkyElAPQqFZxBintzOmmNPMmfpZs9QsN+ealWaVvpZwe/6mm0vM5eaqQKdZw+jQL2I+2s06YD3a32BcMDfrC8wt+lKzGdcdmON6c5feCH3Yi/J++DvQJuFwBp16iXlCrzC79IuMM2iL0AMO3J7LDrOX0WleJujnzauMPvMGwRxAfSAo9HaGBk4IgAfo+aDF6Ax6hGAqcCZYEOgNTjCyGZNQLkZ5OjgwGivBEsZouYwQrED9eai/APUX/EX9RYTgUmN8cGlwhZEOrs5gDQE+wtpgPe7XU7wFNxKCjSgTtmawPYOdgQHG7mEYk4NtGbRncDADLgePoB7h2DBGYjR4MniaMBrDwbOM2zEMTrgdw8HzjEw5eNFYRhiJ1WCf0RC8ZjQFb+pe8NaY2ATMupA014fkaLxiW5s9Wg4ZenvIQbyO1o+hfvr2/fG4P9HoDk02LjCmZjAjNIsxOzSHMFZ3QliDoYVGP2MxOGEZOGElOGBcD1UTdCtUy4BOhdaN6lSoAeVNQBN4E+lYaFtoXWibPinUoheHWlHeg/IelPehfOB2/UOof2h0vQVvGt2E/7gcOkowx+H7CYWh44xx+hFC6JRZxOgeBu6dY4xDvAOhC/ADozoWuEoIXQpdCV3Xz4b6Q4OWCowLDY6s5RFYwQzcDBIZ5GdQmEFRBlOsadZMq9Qq10usuXqFVakfYVBbhCXWcr3MWoVrDV/rrPXWBmuztQXXZmvzmDg7zbitjYgxwm2ts3YYB6xdZtDaa+23OqzDVqd1QtesLuCMMZ7RExhg9Jrl1mWzcuQa6LCuMkbyxDXsigm3wIE785l+PnCY0QcOWDesAcLI+Ac6bMHotDWCHdAvMiy9neEFztipQK9dYGQT7syPwaX2BIKRticxJtvFjMxY2NN1z55uzLFLjAa7zGiyK1CeByxAeRHKS8FXYH1hrdmrUV6D8trRtWbW2fVYN61j1lEa5Zi9UdfsRsRlZh2MjB/WnUfQhb1VDwCWvT00395p7zZdRpuZTzCDdjsjYR9kFNpHGJlxsY+ZRYyTGAPCaXDCWXDgzrxjnw8MMC4O4/b39+F7+ow5o+NmX2OMlm8SbteHzhAcGRhgZAfOOEag13GMbEZMX+CknfHQ/wXORGe8M1kvcabqFc4M/QhjFsqzUZ4DDlhLnPl6mbMw0OksJjjL9LWMlRlUW+udWmuzsw7XBmvzaL+cTYSRfjnQCsLtMvI3o8XoZ7SCt9I+yNmD9+3Duw4QRubp9n3hHHKOOsd1yzmlp5xu59zwWnMuoL+ES+j/FeThPsQz4FxHuR/3B8EHKV5H9klhlTASn+Fx4SDhdfuN23oMfXagz+fCLuMS+BUgM4/hhNHNyDddRqGZzygKTwlPM1fpbWGVMFI2x4VVgjE5PJMwojnh0nA5gfYJWEcHCdjnHSEY6fBcxsJwJWNxuIpAGu8cHd1bhpegHcLywABhdM8UXmW0hGuM6+E6gm6F1xPCG/SDjM36EcaGwGHG5sAJxhb9IqNZb2fsQLuEXXpJeK9eEd5v1hDuzG281wFG9mIjWj2ylwp35F7A2W/Iv0coiuHfBH5NzIEd8K9nz1b2fITr0N2X/AvgzyGuqPyUyn6hjoc9rd3DNh/2V5pH9cVk2JRaDjtdDcIWqlOZk3XYiowtYPsxoQz1igeJ81+fhGgny20K/wBbvusvZfsC19nKfA3blWzHcWun2L7KdV5i/6f4W1BzaIdaBP5nNZ+/dw1/i0NcPA37dWpz6PciBfsK298Lk9u5F/Zewe8iP86qt2AfHO7zEH+LeAKtrfTjxKj8hr+iXQ2THXqvUGRUPQf/W4eW0Nj6E2RfQwvKdj95Lg9iHJRtzC8OFoK3+tFPWTmIlpU+7QfgW4YqwF9Q14J/fujfwX+qNsNO5BlpZc9E/0aq438P24+QR/sO2+dgh3z/iGcfGNLBV/voqTZ6r2jXfsUzvgx2DXFloniK/Flp8pBV9viP0tcN3uT6eVR/6EGun0f1iStDfhv2s+ol2H8aPEI16SnU/Hf+9tXMaaz6tK/AM37oDPgfsqrBP051ZNRfB/4tcT8/i/OoTGiP0deJYn7vL2hMhkrYUpvbtXfQuLFt1eBX3ssj8CK3MKQN0eipO3gMfXhqG42YOn3oIPVZHeCW7+dxe5ru+qeALyPrKxv6PPNXePQOwV7gNxb4a2i+XqNvbFNvUOS8dp1bWE9fx20WaP9Cd7UP8rM7ya+Vof1n1R5Yc+gsebKy2b+GR49a/ol/FuzDg2vZf4ttLern+A+S5ToP+XF2V54bknyXVuUH1MW4qwyhptKsHoA9wzV7/T8jO6TBBvwubJmwaLQ18uTT2CpVFKVKFUWa0jxIb8lXu2hOh8bTPPportcMHuNZm89vnMXRe5J6q+7iCJnBETKD+XTm07n+PJ6vIo4QiuR8/2ay2gc4Dvs4AgdpxrWXuebvmD/GcdJELQxOoEgYOs6tbeK7b+Ga32T+OPNfcn2N67scDzGOhxivoPPkyQqSh22r9q+8pobtUr6b5rtkW7NC7Kd2fFnUk89xbLxIb4fNIg/bAu0nsC9TO+JXWY/A/ikrDnuDLOb9dxRv/npas4MD3ObzFD+Dv2b/GY7GH3LMPIS7XYM/IUtqoAYHKWKXsYpepj6Igay7OVoeY6vzaGTxXKznEejgkafeTmStWEYWY97Hc/EWjqvvwT7vpxGu8P893lLEEdLqR/99gYxuHKMYy7zlbtKWLNYobv/VwX1Uf3AR+VlVXqD1Av40v53e8qGhV1iFhtUgjz2n+Kml3LelXPNd4PbgbvBaimGllxWsl+YUnhDzZRSxHKVlw/qgLQcfp94HWzr0c7L+GWyf47j6KcfVp9n+iD0vsKX+XMoSxFn3qlj3vu/7BuwfWW+H1L/jOHyVo3q4nfdwfP5vHudijqvh+A/Af1nFW5S9g99Czcflb8D/4bVvk5/6Ix/3NZBe0Wziq2lOlcGNNAus9u2Dn2bNmcdzlOYxnMNjSPZd2jaOjTJam1o3rUrtCY7tL7Aqvsj8q2z/jvtzL/sf4p6/zJEf58iPc5zTs/88uIqj9PecO6bxLP+Co7eVo7SK1elhbuF3HG9v53jj6MqaxrN/hj3vpJpZvPa1C9R/nt8XuLWfsv3Q0A7+9qn87WRD3KtmjjplaAbrErU8Y4hWYm/WOo6HxTzjP+Q3Ps7r4p95HFZxb7/JOv8OXkEB7u1EukuRiZX7FK/cp3jlPs9roYUjv4Vz2VPMv8mzXMiz3Mk5pYo9b2XPj9jzJM/yFM7IF5lLVsIetq/yvLfz/FYz/yfmn+ZeHeF+xtm+nVfQffwtPIZDvFo5w14bKuVRGs7aUHjlU5zvsnkP0Mp2SOUs7P86c8opq9UIcX8v8z/wN77IrWk8y2/jPlwDj2SyBilViLRRadZo9X3dxzrA9ftYb7cMkv5cYA2/QNGl3CClRU7E18l1pD/iJmUBZN5G2MWD0DGlg2JJ/H5oO6/xQo693/Lo/Zb5Xcxf4qdWc59/S29Ue7lXpHK6HxEiAmK9kGKDLIG1/5P+3tAnSvgvDY/xXxqq+C8NH+G/NEC/hJKbI1ZCFI4AWNnKSVxPA8jJynlcLwJ9mSvh2hh+E7glhJRANmDguxxcY0A6g/GZ68QMJgNTMyBOSjFrTBk7ZTk7c52D63xgIbAYWAZgXyurca0F1mXQwFDkpoy/gb+F+nMnqH/DfWwCtgEtANa/xO5P7gOfzVAy12F+4DYfuTeMQxkf9nTyOK6n/srzf1keeUbIbuDcG9x7fRt/DdgzYm9Ke3l8l2Kof+a1TtE3wKcTg/fymbOLegX2JZV3W+z/Iz+VVLE7GDm18K7tV3zCeInPEyk6i2ROKoVvcF4pEm92XpnIlrJ35rzCPRQc+5nzCvdKcH8ErQ+cMF5603MJfcvwuaSX35XKvJFOJAJPE+d3jZ5I5FOckRYPLef/KoL6Y2Weop2agvWFtahN0e43/mjcNP7dGDDfYU4x/5s51XzAnM7P0F5xceYZZG0x3ne/r9j3Jd9G3+9813y/9133l/nfr03W3kGtaNO0B7QZ2rtGWjNew9n8HrNwbKvmUfMl85j549CnQtWjfaC/P4rjcvl/8d8fx/me8T2Dd/+RxlBbo31R5OSezP2piAT+ELghojhfHxVxM2omRML8rXlFpIP+oF/kh14MbUX0YZ36GgHMkW87rjsB7HF8bbi2AwczV2iO71iGE6A9PmiP7ywA7fEh+0CvhY/+EnozA+iNCr1RszPAuladDIgjltX0mDLWPE7lw1fojzqZI1eoMwDojoo1pEJnVOiMCp3B6UGo6L8KnVGhM2ptpryO+3MnqH/cRxWao0J/VOiKir2LiqyrtvIvAvyrgLpnDN+X4TidqNAQ9eiYe8fH8PGZvo/FcT7PC7U7c+/cHffpmQuv892Ju0U55nkJlH8NMtAmrKYdYg/W7GFxXJwWPeISNGNAURVD8RT6r22KlTJlgbJEWanUKQ1Ko9KstCptSodyQukRPtkvB32qb5wv6HOF9Bk+xxfzpcESvnz4CsEKfBN8k3zFYJN9U30zfLPAgr6ZvlJfOVgK98t8FUgkt3xUw4CPWpviS8B3WV71FcsBsJu4P9GXDdbN70PLslde9gV8BXgiLY+hxml6r+xGny6AeXI/ahwGc+QReVGepPfKFnkKei99AblXdskOsGy5UR6UW8FUuU0eQkaQcpVPyF0+DWytT8rdshGBh++Uhm+cjMm0HI98po5+OX8t9WiqnCFXQpulLJXlcpWsFD5fttLjM5TLylXlhpDKFeW6T/MF6L0+Q96SNC7jlPPoWT/3asCnyfzhuzSWYNT6OF8+3lcn18vDSpMvpbRgDvYIFfrg8QjyCCvb4BHUOvwTyK80iP//29Z/ym9bajn1Wf2qoP3fVTobIOoLqX0fnVgmEvelNZyafAd4lC5RHeXGEM69vnoNyuO7TG0qdSJKuwmuOZdr7qBfQ5RGrpnmmvX89h28159N9eGhmsepD9IaKuD28/m0WcA1J/G7aKc7myzaqeL3NhLPqoGdwTadVcG8gvpA5xx5jqwvPbiX2uQ+XKadvb+H2vf30Hdhzw6bU4QvULJWDO6ETVAM+HlvrfZqDfQt/PYqv+Be4dSq7vLTmExQO7m3rbznpvaX8jceoW/0BWgccLeNWiA/xnYiPZUZQzrz1PFTAfav4jGcyWMyg1rOmkWjl7Wbeuh3uM9zMnMxyCNcyHulqeRBLFF2j43ZEcyElfJPOv2O4TOOBv2hrZyZD+Op5ZJ+f3kEmfm6vCH/KP8k+7HO3gf1er9vtu9Bys/Izu/0P4DsXKq9TyvT3q/N1h5Eln5Im6N9UHuYMrW2ADn6f+Tuyf1O7t7cttzv5v4591bua7k4UiNfV+qP6gv0D+sLkbXvMgvMu5GxXzZfMbvNM+bPzbPI3K+avzQvmL8y/9W8aP7avGz+xuxDJv8ccvezoQ2hL4U2hjaFvhzaHHo+1Bh6IdSEjK6Ief8lPf5b+vrI7bOE+IuzxNhzxOQx54upfIYQfIagPfHYM8NfnhuGMXJ2qM3wdWP4COg8sel1ZwSBnCH4jEDngUOZPTzx45n33olTt/f4AtlIyEt34EoG1zNl7Pbk4BvUGwOfCowDgoD75nXfAPOUw0onsnaXckbpUXqHM5IyoNzAEf+G1GRAWlJIT6Zw9WSBnKCUKqVykiyW02UJPJPovxel/yoUHvovPxfJpXKFXC3XyLWyHjm0Ef+2yu1yJ/Jlm2xHTj2IvNuOzHxSnsa/s7f/HVOWyPPIyH3yGv7d5MxP/7I5J7bfkbPGZqu/LU/9P2ao/ygfvXkm+r/IQZncN9TL9srt7PPmeecWKbOiZq0gS79Fgrewpd+njg//SpVdxpZ+QVOz43y3izn95iiGf8ek3yhhu9iTzXYFf/Vs7v815j9ga/DdaeL2KY10G57hZ/H2oVNk4e/gOmNPfsVcZyPzmdzDq2SzA2y3saW/B7Rn16KdTVmVPF/0G00P9+Sa1kzPKjPZcvuykvkF5vuZL2N7EnalrGH/U2x1HsMstrXs+QnbCrbf5qeqWNvpFLhckLZH5B/kTf80bS6dpnL/IXdQf0yvMsfj9HTa/Jn5v8xz5i/M82av+W/mpeCLoecogt70ibF1I5jXDcBmYAvQLIb/zyv0/7vdC+zP+AkdwGGA/p9RJzL1RtAFnLnD1yMcUS82Ao3Y12wXO8Vu0Yad1UFxRBwTJ7GrPw17Enf5/M97wOF9H+/g3mhHNrzn4l3VX9kxjZy6M/wJqkl7ATEwvEuiXylhp7ClMRavneNYLuCa5Bl4jX79vja0D/b7Q+Vcs5ttGVvag4hb3+RZWiV8yi5fJc6nQbV6+HSG85miNqlfEVJ9UX0RR8KS7Erhz16QXSUS2Y9nf1S8JXtp9ipRkF2TXSfuy34m+zlRnN2YvV28J/t32dfFnNy35k4S83L7cq+IhYHOwI/FR/SQHhUfxTveIQrEf8dXzRKPYX+wWHxeTBFfwr95GMMXxIcw6t9CttqFf49i9vbhPPV9jPZHMNo/E4+LC+LfxFPi1+KK+Iy4KYbE04pUJohnlY3KJrFP2ar8THxPeVW5KP6gLlc/AX1oVf9eDKmH1B8qPvWk+oqSo15Wf6uE1Jt+nxL2F/jvVu7SNmqHlLu1I9oPlUrtJe0lZYF2XHtZ+bD28yxN+VhWTlZEeTErmZVSWrPekvWMsivnmZwG6c/5Uk6T1HO+mtMsIznfyNkr4znfzTkh35bzSs45+b6cV3Nuyody/jzOkU/m5uTmyC/kGrmmrM+1ciOyIfeXuZflpsCqQIvcGvijLuWP9Lgel6/oSf0u2a1P0CfIX+j36vfKHvOT5iflq2KFENZl4CpwA8CpzcYQ2hoQALDHsj0gBRQAE4BJQDEwPYOSTJ0yoAKYx1DsBWhrEbAUWMFXYa/GdQ2wdgzqgY1AYwbkw8nO3p55nrAzA6q7G2jLoB04eLv+aJ+o30eAY8BJbkPYpzPPDL9X2Gf5HtWT9vmM7+LfgL7M94/gWgZlaPMmcOs2yD/suzn8nCMZXHay/ypG6uMqz1sLrcXWMmulVW3VWuusBmsTeJO1Df4Wq9XaY+2zDliH4DkKT5N13DpldVvn4LlgXbKuwEN1rlv9KA/aqrXOHmcdt4NWk+2inRY7wTwfdVrsQnoLPEXgU6yF9jS0ttKeCU+pXW7PtStRs4o9S+zl9iq7xq6z19sb7M3WdXuL3WzvsPrtXWhhr73f7rAP253WHvsE/F32GbuH+mD32pftq2xvoOZ11BxwhKPZO5yAYzmek7JrnAK2njPBmQRe7Ex3Spwyp8KZ5yxwFjlLnRXOavgn2Al41jhrcS9gu+AT7A2w9c5Gp9HZ6mx3djq7rWVOm9OO0cO4OQfhOWK1wh6zjjsnndN4aqdzFvy8c9Hecoftu22vsecm+ngrLMPZYeMNrBOOhdPh8eGJ9lXrVHhyeCrsjPAsuyc8m8YzPMeqfRM7/41seGF4dtiwGsKLw8vsYHil7do7wtXh2vA6+BusC+FN4SZnZ3gbvnFnuMVaFm4N78GcVof3hQ+ED4WPhvFdqHkq3B0+F25AnQuo0z08AvQU84wnfCl8xT4Rvh6+Eu4PD7qqO84Nuq6bGG5zrHV2uvkYsZ1uIVtwt8idghncZS22q+wBu9PR3GnuTLvKLXXLnUXuXOeIvcWtDGe7VRRv1jb6LnimuUvsKuqhs9HucZfbCXdVeLZb49a5623V3uVusM+4m90tToXbbLW4O5x59g53l7vX3e92uIfdTqvfPTHKOWJr0J8u63h4odPnnrEWuj1ur3vZqXevutPCe6xtqNNk1/DawYpwb7gD7uWIcK86OyOaXRgJhOdHLHduxLOrIqlIQWSCXRSZhKcG3GbEMEXvNrvXrYwUY/TOYQUVhbPtGvfEMI9Mt2siJZEyzFFRpAL+aeFzbofdGZnnVND4E0dU9EcWOEciiyJLIyucRZHVVkNkjbM0sjZSH9kIfyP41sj2CLcf2R1pQ5uZd0XawenZxsjByBG3KnKMOHoDbq2LnLS2RU5HzkbORy5G+qyjkWuIh+OITHxR5CZa2BReyD28Gbk1wj3pZVutnoEIP+xOe2MebsUXYS7C8z0Hs39ueF48xw56MS/tjY+0eY43kXroTfamos0ZXozG35sFPtubEyn25nsLMYObvcVOhTc/PJn5MuYzYFe6lV61t9KrhV3nNbhVqL/Ja/K2of0WtNPq7fH22R0RyztgXXeveodQ8yi9xWtxPO+450DNZtqFUIM16Mkp9NAdngvuLbjXjZ6cs5ow11O8C94l7wpFO77uorMIbSIe7AHvutc/Ms5UH6M3PL/zR8c/PAftDHoxt5eUx+qPqtFx0WDUjSZsN5pP6yty2uuOFtqd9mZHw90ie651JToFd9XoNOYzmY/6S6PldlV0rrMGTwWjldEqpyC6BAq/MLrcLoyuwjzWkvJHa6A866N1kWvIAsej66MbnLXWnujmaA1pbHRLtDm6Gf4d0V2Yr27i4YWkvdG90f321WhH9DDprVcb7fQOOSXRTlL76AnS2GhX9Ax4T7Q3etmuiV61p0VJe+ujN6ID9jT0oTcmrH7vnBeLac68WCBmxTx7ZrghloqJEe6WOvUxy9kZK2AV7YtNiE2KFWNmD8WmI/JbYyW2GyvDesdIxirsQowkuLUuNi+2wN7v1KPPC2OLYkutC3jLCmSLcbHVbmVsjZ2w9sTWxlbH6mMbcXdPrNHOj22NbbfV2M7YbowMeQpjbbH22EHrSuwIWiuKbbRqaXZix9zm2MnYamtl7HRstd0TOxs7H7sY64sdjF2L3YzdikyKy3i2d8ju9Prtgbjh9cedaHk8Zu+Kp+2Edyg+Pj7RLY212XutxfHJ8anWQi8Wn0FZLHbMDsZnRavis+Nz4vPjC+OL0c8r8WWxg3ZPPB075p2Lbo6vRJZsgRLWOQsiVrzaaoktjdei7XXIdPPiDd4B5N9aZMaF8U3EvZZ4U6zdOhrfZs+Mt8Rb43vi++xd0eXxA7Fr0H4jfsipjx+FujbEj0OFoIRuaTyNPFgSPxXvjq6yu+Ln4hfil+JX4tfj/fHBaGVCTYxLBBNuIpHITxQmivDsBS+dmJKYFh9MzEyUJsoTcxOViSp7f2KJfTixPLEqUZOoC1cn1tvByElbhdJ2eU5iQ2KzrSa20HoPd8cqrNZEc2JHxLKDiV1emuLHuZXYm9jvpWlOwTsShxOdkdOJE1iz8xNdXlPiTKInfiXRG+9PXE5c5V7dQDyokQC1mRhICreDdh1JDfFTYS2zi6A50PBkYDiWkNlv86QV7k561jK3FPFzeCyPTXLVZMqbH5tunxjh4Zh9dTj27KJkAanBGN6dnGAXerXJScnUKEf97mQx4nNXeDZlFuZFxL0DSS853R6I7UyWJLYgItYly5IV0cLkvMit5ILkouRSqz8xYDV5LZidauSIHuTBGpq75Aqau+TqsasD39uQXEMrN7l2pFekLcn65EbKmKhj2c0R1LSbk43JrU6B3ZXcahfZXWGD9jbJ7cmdsFtpl+Xcsnui5WHD3p/cjb3W/mSbfdhpTLYnD6KH7ckjyTLUPII4rE8eS55MnvaOYo00Js+i5fNknXr0tg7xsy55Mdln9fO7ztK7oIpFzHuTZZHi5DWnZMRi31YUnuphh5K8icxYmUQfUtLdYe9IZacMtk7GNnMLbJ0CRFoNtW/XpGKptGNFLqbGYy96xbqQmuiUpCZHtqPNnsh2KNSq1NTUjNSs+DmyyVtkI8Wp2XYdVgH6TO1E+iKWMy81B2uq01qZmk+rKbUwtdjupDUVn51allqZqnZWe4dS1bHz9L30VKoW34UWEMN1yQp7Q2pdqsF2aaWTx+7CasV8pTaxbXLmRfpS24ZtqiXWltyearEWJ7emWuygsz3VmppDeZB2ZWh5D3Ygzak5zqLUvtQBjGoz9qJ7sd9YlzpE/fT2pI46Xuo41nW557ildin2RaXIkocTu1KnUt1WU+pc6kLqUupK6nqsLXXAdlP9qcH4Omtxnpo3DjaY59rBvIRjWevy8m01owDX4umIRTkir5ByRF5R5Bj23lOwr7jOuaMaOaLIup43hXjeNOYzPToRHIgErOrkdjov5JUSzytnPncMrySOPhCvYv8SUra85Xmr7I5h7rUMc3cunUHyaqw9yVRib7Q8rw7f2BU/HtmJDFuY6MA+v4bWSN566kO0K28DnVPy6NSAXAD/Fu5bM9fZQTx51ltpdSNfr7Qvx8+5J2jPlofzAr6X6u8NL0T9cqymprz9w5x2aHnN1ilHRDvzOojnHXabke/I3+mtdEQe7+LyuojHz+WdiU/O64m15fUm1uedybvM/Cr4jbyBtEhr6UDack8gR0MHkE/R/2g55Ufk3K47eXIN8eTZcHfaw25/l5MizRzhsWPRUhqHdCo1K13gbbOa0hPSk8CLmU9nXhJZkC6Dxm7BKWOR25wuS1dg57MjuiU9D3xBelGszVn0Ol6RXmrvSK9Ir06vsaek17qH0/XegfSavE7kmpvpEualzIuJpzcyb0xvjTWmt9OuKXmWeN6O1/OYB21p8IzUHIz5ymh5emd6d2oO9hsqnQTTbel2a5PXapenDzpl6fb0EXca8tqyyOnwIXsDcexywZNWtNSeiXgDj2F3TedNnAUOYS0jl6WPJcvCh9InieeVMj8dCcTaol3hS+mz6fPpi+k+201fS9/8P+x9D3wU1bX/vTOzM7O72T+BCDEGml0w/IuYYkDg8SAiYEoRMUWMiBSRIo0pjYg0YooUKaV5lCLyKPKhSCOPIlKkPEqRRoxIEREBEShSREAe5SEipTwaaUjeOd87s9ndbND+fr/X/j6f1898zrlnzz333HPPPffOndk7M1mtrp+VU5/VNaJl0YwUsSPBSEYkK5JDNOFIbtu0G3Iyl2fW0HryNJ+baEY6k1WdWRfJa78pM8fBPSK9I/0jgyJDIyMio65bEhmTOSIyPjIpMjkyNTJdXSNHZmbURubwlWZkHl9FRhZGlkSW07WtusJV17bqqjb+ilVdq+IqNbIysibpWhVXo5H1kU2Rmsi2yM7InsiByJHI8Uw7cjp7WuRc5GKkLtIQudj6vNITNaK+aDjaJpodjXK90c6Y7fO53mh352qaxgJx6No5WsCWRPuyJZGaJkuihaoVaobkK+XoEL5Gjg5T7eIrd6Jxfc3zEumks1KbaXwGiRbzGSRawpzoWL5aj06IlrZeES13tNEqKzotWhmdFZ0bnR9dFF3q3J3AHYPoilbjo6twL2JldG10Q3SzuhehrvqjW6Pbo7T+jO67fp+656D8pu4qqOv36KHo0ehJ1SPq/oBzBwP3K7jUlxZFz0TPX78oeil6pYOIlnYwM8Z1SOvQqkNmh/aRnA4dhWw0PQ1CXn2d7443fGr6CX/CuP7dxrn4HwD3LQ3cbzbDoNcDvyWcfU7YWyIbf2X8ArTC/H/CN401oH9Fuef1Ubh7PYnoLfpswtt5Hz7huXwP1qlrC+hfga9wKXAv4NeA3wJ+GrgMeBlwd7YBpbY04r6r8QpqvA/0amBlTwXkF+Ku+TZwSoGfYj7fN6bco+Cscv8P0Q6aGfzvMWNtEVurvcC0MQycR8E5D85JcI4wx5MBejjTxnrQMyFZA8kZ4Ixnjt4H9FXkPsdYRpkjv8NYnIZMMTjbQFuwZxdKZTPHDILTBnX9BXQOck9BZwnwPuANwI8ity/sFEx7bkKpWsZWGehnIbkakg+DfsBpezveLwB+T3AGGG+QfDVjeQmc7yM3X9WO3NmMtRLwc8EfBP5e8G20egHaewGtyAI/++r7hKvQ9nbAYyFzAjHzMufKPPArwT+KFl2B5iLUUgX6GLQ9ytjwg87lskZv0AOgZxskb2As9qNsLjiPo11nYeFg1QueP7El6ItPkPsZ6DOgV8LmAMr+ERyMJu0g/9dEMVMIehAiiunnYMl6fmaE+q4Qexn+E/FTiN5hmQHokWoP4pAxcUYS/grsH8T/R2jdILMXuYNg7SR4+wXsjxwKj50AZwBkzoPfWsUkaC883xG1HGNs+JU2RAViRv8zPFzBtLkSkmOgoQyWlEHDVBW9bBW1sQKtrkC79qFdRFu/xigIw2+buKzVFh5bC8s3w4c1kL8HGrLUMzXMoXjgfxev4L+7NZBvDX4N/p3bqGIDnFxIPubEOdGeCUoP+mUBbH4B/bKH+STPLXocra7C/42X0JbN0HATNGQg90l40mY79f6ws0LZCU9GnbKsc5GaB9gb8l34pCvkhyD3bXjvK6h3k+oXztU/Qy5GNNEZiBPu5VthcxumjXfB3wBaQ2z/AqX6gq+j7C60d7Cl9n6zNxqVzzFefge6Hv3YBVY9g1Z0gSX7gBeh7DT4uUHNDOCXqfmH//nSSjAiRoJ+FPLdoPkGxUcbj4D/JMet0RvRNQp60qDzAOhpsGGFmlvAnwj/Pw+/FaONw+CBg/xPr645EcJjZDVzaAZmD+Q7th1BLmZCeK+E//XV/qQsQb/foXoBddWjrk7IPQ+/ZaqyyhuQrAG/EyS96NNtKNsH2p5W/sc/zPNQ4yk188P+vSh1FvxWaMU0cFqjL7ZCph6joA1a9wnq3QD9FualCyi7XHkYvo0q36qxz3zrxxhr0+H/dMztR6FnNWJyM2sgGeZ/jHE3E/RW2LPBiUzENsb4IXU2wbh+mmU8b6hZBfLP8b+f8ixjiuFKzFGdSMaHdl0Cv4bbQnNIJWanTjyTgzOTn1KhtlfCY7zT4QTkjwD3ZEwzxnKcxZ7BOasS81In9M5D3L+QPM8yNCsyfxpKfWIs5GcA4KsN0JDLZY3eiJMAIrmdM5Mwp4z9Q+OX6YfhjSGYe7eipefhyWNq5gT9U3VmAf1LzGPLkFviaeSxAw23ql7jJzTN3eqsh1o6q7MhZK5AphhzS2elAWP5A+h8GnghPBlFbPSBNjUbqF6bBRqRZj4PbbPRuk/BrwM+qM6n0IMZQ2ZizdBLrWrUigIjZR44P0W/r0PZGnXmQr8/BjwB/Cp+coRG02Deswa/6RgLecCV0HkzJF8H/j4406H5PtRSADu3Qb4Bs/GbqKsVWvoUOEsxk/+OOTbmWN9orsuqY74Fzd6FiOEnmWMXMG2ilH0D59oaanwe7cVYNqfAbyugE+Pd2x18eMzCzGl+D/401NgB/gH6RcIDGRy91gtsibEK7SpHi/qDLsIIGgGftFKjADNDFiJqjRpNrIFolilB7nrQbVUtHhVLbP8Ylvc9Bttq1GhFWz5FFBUghvchd59aK0LDN1ibbEC/n8Q58WPQpkdFZiFmZqa/inpzr07jfgS+BM05GN37oH+5Wgs5syXbls97G+SbjLVFGGU28C/Qrh7wzChoaIVePg4N3TB73wJ8ErX8FL28Dc8rPY9n4gKgB6u1H3BPtKiLmi1R9gOUagc8BfozIXMHer8Qmh9EXzyIWHoE/CD67ij07IC1D0PDSETgSvCvqjkWGmpBX8FOj8+u8jOhi9GbC8A5Dfr3GKHrIZ8O2y47K0DWr8NLh0AH1HobkkvUWpT3gnmGODbwU3XHQb+I2P6+shZ9/RloH0boM2p97uSaWGNkslcRpWtgw/2YT54BHYZnzqm4VSs0tPdF4M8wfw7CHN4Aui+wDlwCPED5SrUC+AHgfLWyxVpFU1cKkD+F+XYA8AZwhgO/gFKDEFEzFQe4CrvAOuGMkI+9NO9gbslH390L/TfDD170I8685kh4EqPDHKzGFGb+MZDJRG5/5tC6jnvqRYyOd2DncrT3ReV52LAPnMGQf01d74C/CK3A3KK1Bd0W2j5F7sMYEefAycP+tTxI9oVv70J7P4S25aDHq/OauspQsxDoZ8H/ELgbLNkGvBucHdDfC/Gcw2cxzwqc6QbgbPgJ03otzqoL4NtxximyaprB+6A7qrUxWjoW8Yx5T8NMomPGMHGu0XFVq++D9zC+9EVYgR9UK1je6eR5CPQRpml2+hd+1oefN6Qr0I44O2PlwzStcN7HWpc1LDJvJXsexHO7uArT/8OJf95h/ZEBn0C+wpNG9AW+Wpf94MnJxnmSOWpUEd2DZcwieCOb+Vof5ovj6mwOzkjID4I8znFaJTh14BSCk896aB3F+ChW70Wg98OGz4AvqetB4OfRCpufphQnQPeBP6+CLgG+AbX04lrkhyj1KbdOf5JbJ3+Pel9CJHxbXfma+ST/GPrRRtxez17y7GWsfYA4fMqoJlpAs2Qst6trbS6rf4AeH8y0NkRdjaIUztHaUfgW157aCvinE3r/BOauNDw5NkKMJ2zwrjP7dpt3KWZpeXjz+gBtoHa7VqTdqd2Dt6vfp43Wvq6N1x7SJmnf0h7HO9Sf0KZrczwdzXeFIYQoIhhOMJJgtMgieiSl48REUSamiAoxA3v64nf0LUvY0zeRd/M1tsZdqA+wU9NrvIa7L5uoBZsw8qqAD8atKXDHha4qlrvjSV1pqXsY6qyoVtx6V3C6qWtlYHXdrO6C4K6AOktobePOfjjbONdSuWr1By+m4Sm6pYKf/pPWv/F7LhP22H1TTBYFolx8R/QVT4jviYHYY/dVsZ6OO8UrdAwXB+m4S5ylY4T5LnnxbquDdaMotjpZncQ9Vjermxhl3WR1F/da+Va+uM/qZfUSo62+Vl9xv9XP6ifGWHdYReIB635rjPi6NdYaKx7E3sXd1Kvs0cPimDhF2i+Iy6KewuiUtGVQXJYZMosgh5+3lD1kb9lfDqK8oXKEHCXHyPFykpwsp8rpcqacI+fJhXIJns9ZKdfI9XKTrJHb5E65Rx6QRwhGxB2TnOO4PC3P0bEydlx0jjqiGzRDztQMzaeFtTZypZZNVFTrTL+6U8njxCmg+CvUhlA0PM07XvUcz2aK5Pl8H9KYwffijJ+AHsZ8WvNz7l94t7KxnmmZB/5w0Hcy9qwBznA0rMX5ei3WIVzqFmh4CXgGY/MQ6CzgL0FbsV7NdfF9S322ThGpH/Rs4IhhjjbAs4voU0YHwr9mSZnHe7flzYz1XqBzWd5sBT179ZegrZjwG5yrPWW045byMyjyv4yeRL+Kss8yplV3LiKS8TJoy+Mn38UJPP/emrG+i7EZZJ3m89A8G/zZika9Z6HhEeZoNVyXdt5pF9GelyG/n7EB/VoZakkT7YUm0yTPfpb9I3u+/WP/l/09/Lf4P6G47/S33Vvq0UUj9pB+HXtIHzRrzTfkIuweXYLdo9XYPbofu0dPYPfoR96nfBnaQOwJPYw9oe9jT+jvsSf0BPaEfsx7QvUs3hOqd+Y9oXoX3hOq5/OeUP3LvCdU7yGsFt8iKwNh/Za0urSGeAgYAV8gHGgTyA5E8btzoHugINAXNPMLA0NAUz5kXTmnXIweFihG6uojHc3SksBY0Axcj1MX0gmB0lieC+WBaQnlmGY7OGWoDMwKzKX658a1hX/PJxlOXbkvAq49LiTbci1YFFgKu9w2sD7HLtjC+ewf5rs2rohLGVZRnfHA5Vxwdc11+sf1H5djnWvpN/ki1mcu3+0L1uGW2RDYHOtf106nj1xeQt7WwPaYb5kXX6dry67APqSHAkdRhmk3devm39yfburq4Tzu37UtlHfaFktPBs6g3PnApWZtcNNkW93UtcVNs+NsW+u0Pz42XViV9NuJl1j9bjtcHtNXgiKhDidFfqr2O+2NlU/+zfHDOtxyVFfQVLzk1JUJpgVbBTOD7YMdg12D+cFeLforRRrs98XyE+SS/f0FUpR3fyf7OTupv66Vrm36HRzotLul1PFLsq+DRcpPn5e2GF+uH9x2xMc+6x8eHOn2eXB0cByPLeQ7aWxOdsZgcGKwzM0LTglWcL3BGcHZbjwFq4ILgouDy1x/xfrXidFgdXB1rI0svy64MbglWBvcEdwNnjtfs+z+4OHgseCp2FzrpMGzwQuw5XKwPhavPA7duY94IS1kh4KhDP4dygrlhHJDeaEeod6h/qFBoaGB0tAIkhkVGsPzIP9GmfE0J/J8mdzHbkwl86l/Q5NCk7ltoalNdbj5oemhmaE5oXkJ80fBNWJzVdLYTo6p5PkqeV5yfBRaGFoSWh5a6c4hoTWh9aFNoRqGmK+S5yW3DtcW169xPk3gcf9Qn8HPDNtCO0N7Qgfiz6ehI6Hj8Ovp0LkEXXHjKXQxVBdqCBtMh33hMPzvgiMfbhPORhoNDAl3DncPF4T7ov0tQLgwPIQhdp52IDwsXBz7zfpKwmPDE8Kl8efwcHl4GvsnXBmexX2L/k0+L5Ms28Tt5TaG54bD4fnhRSi/NLwi3l/hVeG14Q3hzeGt4e3hXeF94UPho+GT4TPh8+FL4SvpIt1MT0tvlZ6Z3j69Y8JcGDfPJswJ18hvJp8cX0ZSGnfeTO9KPkmaGxLqXZtCf/y5iMEZJ83O2a4sz4er4tYKTpqeHxjC/e2mvL5D+jntbGmuTYjl+NQZN7HzXfLvZD/FnQsSzglrm+aiVGmL9s5N9GdyfbFzZfJ5NTl11x3hFCnbEb8eJX+n90rv5/YVz9/pA9OLeCylD08fmT46fRxgYnoZQ/x8nzD2SX/6lPSK+HkmYX3sjj93zDn2pM9In51elb4gfXF67JyAsUfjjsdfvL706vTVKdfejt70dekbE9bZSTa6c1H6lvTa2JrI6Rcex+k70ncnXGMYcXMdx+H+9MMJ6yEnP/2Y41s3Zokf8xHrZ5lT6Wc5H/f3Xue7Z/yGo8b7+ele7UG+hpU/N0PEuaeRchuH8W4Zz5u4c/tRw51EjwL9EtPGR6AfZdrsg38zs5nWQEvQxmOQ6QOZNZC5h2nrR6B3QB58qfj431Cfz7QOWoI28NSvJmDDm/w8rtmHsQ2+ofijmKOBb3yEZ3adZ4WRWwsNx6H5OmiuAo1/meVZWHgHau8A+ZcgfxD0W6BPKctR+3uQ/CZy1yP3MDS8AP7d4L8N/n8oP6hSwC8w9uxF7h9Q6pcoVQL630Hfh1JHIPMtaNNBfw90Juh5sGcK5F8B/SnoP4OGjA4Zz58g/xn03wZ+DvS/A/5E9MIJ+KEcMqWQ6Qm6C+gM+OoKZK6ibDXKoqW+NWgRetCLaDEQLTYixECEeBE5BiLHygYNy3198Y9SO8gL9F0vaL5BaWbavh3yEbSlGLkvwobloO8CDTs12Ol5HvRe0Gmg54D+Aeg3II9/JbTBoFUPwv/GHtAPwyfYbyBHgn4fdBlkDkCmFPTHoB+HrxAz5jZ47EHU2IjcRkiqiIKXjLtBdwZdB7oSNGrUUKPxDOgi6CkHvRl8tS8C2iTiU4cfJNprD4CvvgQ//xCS2+H/l8H/HeycBf5t0DYEmhHz5hLwh4G+BHo66J6gs2CJ8ttvUXYw6Cho6NRuUyMacQ5svA7+ONjZADuVN1S/mNB5CPTHsPlnqGsf+KpPF0HnBZStQNmj4E+GbX+B/HdB3wi6FeraAvkPoKc/5J8H/0PwP4X8LZC/Hjol4vAVSB5ljnMXuETwk/fSvk9owp9wN+wJMV0UiO+Kp0QvsY6OPmIvHX3Fu2K/+CdxgI5/lm/JXaK/sc94TxTyc9JUku/hLhFFBMvFSrFGrBebRI3YJnaKPVRipzhC9HHiHxenxTnKOyAuijpKG8hEH44wQRuZTThKR2fZXRbIvvSrUA6Rw2SxLJFj6ZggS2W5nCYrccySs0gjHXKuOCDn8i9ZySDnk+xcmU2z/TK+86m9wO9F0M8wNrL4vRFE4x1jDmcj7sQy52dMy3aQT3P4G/l+JuhhkBkFDbWgf8J881PkfgO4C8o+gruUz0JbAzjP8tvR5GDGehre+ncCmt+A5HRgdc9zNudqDxu38A4H3Jttze+51R9nvudWaOgDPBG4SNEoW413sL0GS/bgbRCqx0er903aEwhHqcdzRWfRVeSJ7uJm8WXRQ/Sk/r5V9Ka+HEL9OFQME8PFXeJuUSzuEaPEvRQxU8U0MUPMxH369yTeS0FSUYJixNMEUSrKCaaJSjFLzCVqvliE/xtWibUEG8RmsVVsF7uI2kfUBjoOkVSpwL5VcRv/+8HnZn6zCt/nBd2HsWwHzkHgKvBzQJ8CrgEuA84FxrsC+a00mAHH8E4U0AMUB/hRaG4NOhv0i8CD8RaGj0HngVYevMJbb8mD36Axk/u/4Q4ydk+X6T3MMnOKWWHOMGdT7QvMxeYys9pcba4zN5pbyJIqc4e529xvHiapY+Yp8yzlXjAvm/XmDEuzbCtoZVDpKivLyiGca1ZYeVYPq7e5zOpvDSKJoeZZa4Q1yhpD9ZRZ46kW1jqFNMQOaxLpUcdka6o13ZoOLe6hOcdMa45Za80jzkLWRfQSazlpXkn0bMBsqnWqtcZaTzXUohY+qqgtVeZ+q795gayYQXZvskaRZI25gGxfZm2zdqL9Fdwi0nPZ2mMdAD3DOmIdN2dbtrnOOg0tDFtIkqHWyiPPLDN3W+dYu3XRqjMPW4PMKVSSgWtj2GI12AbrdWuBRhfYBgLbR+liymVYRrU4YIftNmY1eXeenW1H7c52d7vA7ktHIeqHDfYQtC6+bgJ7mF2s+otbC8oF5nDJKWhvLWxrDqn4teZsuyTB/gSgPLLZ6mGPtSfYpTEL4yAVn3l2uT0t3vpYK8r57SJkb7UDbAf7xrV/ij3LrLfnktfqGawR8PAMO9sss+fbi+yl1gh7hbnAXmWvpXLLzNUcp/YGe7O5xd5q1trb7V32PqvGPkTa8uyj9kn7jHnYPm9forbWW2OoRupDKn2F2lftFVYPr+lN87byZnrbWxnejt6u3nx7lreXNc/tSa7B2887kIFaVm5lqRKc5y3yDkfsuB51Pef2eKxPiebYcrzgHekd7R3nncjR4S2jltZbed4prMFb4Z2BEuQb4s02671V3gXexd5l1LZZZNkCGq/V3mrvaiuDbKv3rvNu9JIFXh7ZdHh3eHd793sPe495T3nPEn8ZgbByvRe8l+2ldJRbNd56c5m91NzhFT7Nu9q72mf7gr4MXxbZVU3er/Dl0Hgd6sslL5f78nw9fL19/X2DePxR7fVWjk/zDfUusHojZ4RvlG+Mb7xvkm+ybyqN2N1eQbNLGUZrPZWf7pvpm2ONtybxCPTNs4/i905KJ/kWuv4iuYW+Jb7lkKuygvA7Rg/1uzOKfCt9a3zrfevhV+711Xa2Nc83h2TGMvg2+WrsSt82304r1wXuG98eO9t3wHfEnuA73iyCKbYBGPe+0wy+c76LPP58db4GjEOXpvFol/oN3xG/zx/2t7GveNf5s/1RTmMRfoz8xrJqZK7muRJQreLOXEzeO+Kd6JtJY/ss8Sj2/Z15tvV39xf4+/oL/UP8w/zF/hLyYIV/LM1Ph+1yb4V/Avldo7l5OfVMD457zMZjrAx/qb3KXw5OD/80f6V/ln+u7zTx5/sX+Zf6VxB3lX+tfwNxNlOvlfm3+rf7d/lX+PdZtv+Q/6j/pP+MleM/zzOrbyX6g2Yn/yX/FfiE7E4TsZlyt4kYSuNvJnRuvMw77HB2nw28CefmOsZGKc7HBmgTeAbOzVea1gT8ZlfCHXF9vxj0OOjZBXwAHDwro5fHrQ+wVvCMQO4o4O6QmQ7cH7gWklidyEy1/sA7yK80TOedcdBwtGnVQvxyth87wjag1IKm1Yk+EZylkClytM3nVjB21hxbgS8gl99YJS28IdFTgbLb1DsfwYEMv0mPdwMBzwNnmmPJGLac35tOK6H5rIFpwwT+FWNdw1vVg5DfqVZI2As252odbOO3PE2FJcWwsBJ4DmNabTK/Wq3DwB8L/jl4srdqL1ZgS5mvr0XuQNCz+W1r0oAfNPhqEHANOPWqZ8HZAW3oNf23wN/H9wQuKZtZv57GHM8K5PL7vKS5WUUR53q2MjbWw5Lj0DaM9znqZxzL2Uut2Ktym4pARycwc7yHGduwyu6KHlGRs5/rtREz5krYsJOxZUPPGXi4gLE5xemRiWhXEe9qZ6yV8I5ILZftMcahvdkqltRuZXjjbeX/pvWurqlRgFysmGUvyC9HW45AZglyy9HqQsisdOKnHD07hvdfqCiC5UeBO6u1NTy8UvkZOtW6uS84c2i9T1EN+XlOS1XtjG0lCbxajR14sgCeQax6MEbsArRiriPD2nqo8av84MTDAfiB8XBwyoDPc39peP+pR0DDEUTyWPB3YB9rnoNZ8yzUtcrx7QH0AvYCo0WVjk8OoI+YPxO1tELuJOAFDn8MPDMG8tXQQ9joBv2HMdayMb62g87FO1t/BBvWAF9RUQr96hpmOHCZ5N2yagwiSnUVRY+wpBGGhbtgyVjG5kjws8AZ6fQ104WgDyB3O/Bc4GGocR+/c47ijSWDmMcQscYecD5FJGdi1Ai0Eddg+rcRvWmijdDoqp2wkHTeChD3f9eOGjoHpR0XMu00dtbItIv6LWmn084lwEWCOoIG9TtgEPicPOIHwg7d4Mg2JJVz6EAbh+fwoSMpDWQ7Zeqcepy6kEab8mIynRPLQVeDw2PonqItp+Pa4vsrwEiEZFuuBYECx65onJ2nm2zhfPYP+BeTbHV81qz+hjiIa6NrG9KLcf51fVEXx4/vW7fMuSb7EtK6FDxO+8b1sS+pTteWQicdEmfD6cS6oatzXBqvJ/sa5d22OWlgmNNfxS3Y60thq5s2JNnUkFSXG/PG54ATL/ExFvOHq6Ok5bpStj+53ck2tUmLjcFYvDq85DQmM5ZgAkEpQfk1/PX/Km3J718wTTkGUvnwc9JYuz8nbeZjx0+fl7bYjtOJ7UiOr8C0uD6vdMZWXVMaG+OurllxMnOdeuY3tTWwiGBpXH3x9XO6InEcBlYRrCXYkBabJ2K+30ywNW4suul2R++uONu7x41NLruP4JDz+yjBSYIzBOcJLhFcSTsXpDMQ5sFLThmmoy2Mj1RjlSBoOm2Lq8PND6YRtErs02vF5ufGWvJ8lWpeIh8FMwnaN/GDHQm6Koifl1POQ64tviadMZ/6kn5vcPxMEMwn6JWWcD4N9lNywYFJuuLaGCwiGO7QI5X/XYjpGe2k4wgmEpSp9rcEwSkK3PO0C8GKJhr6ZhDMbmo/bK1S/gkuUH2L/k06L7Ms28Tt5TYGFxMsc8pXJ/oruJpgHcFGgi0EtQQ7CHYT7Cc4THCM4FRifLQ0735efkL6Rec6d2y1cO5pcf5PjteW5uD483KKlNdz6POk9HPt+Ly592JSmmL8pDz/f1F/tZT+H/ZPS+fMlPV3byHNbopld04Jno3rJ5q/gxecsXSZoF5BSFOQMN/Hj3XSH7LjeNmJYzQ2/twx59gTChJkEGTFxUmdGnc8/uL1hXLi5sFk3cQP5ca1q3sKG525KJSX1nS+ccc6jeNQj6b2JZxnnDpDvZPixMkP9U+MWXedHGsrywxS+Xyl7VnB+2cYqx01RL+OPSoF/J8QY88oxsZHjM0+jDVg4zFw1jC2fgS+otsx1oENaLCVnlrwrwM+iLJ3gP8S8FvgvAd6PegXQL8NvBecXwL/OzQfAV8HzkS9U4A/BQbH8yfI3wb5d2DhCXBKgbvAkivIrWbsg/1etN1Ge71ou5UNGej39QXdCzK3o5ZicJYDQ6fneeA04B+AXwWMdhl7YMlq4PfBOQD8MayCN8xtKNsIPjjG3cB1wChrPAOZctDwpw5JHZbYA2D5D9GKl6FzFiSHgF4CfAm4J/QoCwcDK8nXoa0BtGrLIej8GWi0VLuA3KPQ8xfgG1FqC2T6g/4Q/FsgKcF/BdGVJioJn5PnhSZaNX/PvD3QLhaGXWKXiOvs6XalaGM/ZX9PXG8/bT8tsu0f2D8U7fCG+Ry8Yf4mfxd/N/Flf74/XxT4z/nPiZ5p29N+K3qlvZn2pugdSA+0EX0CmYFMMeBvXl+hEHI2QRXBAoLFBMsIqglWE6wj2EiwRbjfhxSx70Oqb0QqmfjvRDJciJNhPc2/Ewma+fjGy18LWU69DrjfgmE7QGc534vJFU3fnUwFWaJQ5stesp8cKIvkcDlSjqZjnJwoy2LHFHD4mCIr5Aw5W1aRbJFcQJzFVGIZHdXAnCpqtfNLSa6TG+UWgnXQUiVr444dLb9J7H/iHWLqXWHXfseXaPZ2r/g3ejV8ws9KX93O+3kaqpluvFt9CYS/c5r4tRB+Xw3hBSL2bRB811hYPUEfEu7XSJxvieB9C85XR9QOQ+d7I3FfYlHfHuG3ebjfLeEvFBP+HkbuBMI1kr+eGMT3IIQ90r6XZh3+HoQH34Pw4XsQAXua/YTI5H8faQzNtufQGKqy/0Xk+PP8N4uo/6z/Y5GbtiNth+gcaBtoK7oErg9cL7r+j+ntxjc8CdKSoBVBJkF7J+1I0JUg34FeTtqPYKADRQ4Md9KRDmQ6+kYTjHNgpKPbBc6bmATMKyOYEsvvJnaJfX/FcagFOv44yntwrrZqnMG9qd5r14gv6vB76ggj8tXb5xofAH4fmCJceBoRq43PAv8YWHEiwNuBoRl3kAW+OC8aV3GNzjdKgOvXMb5aJzRZITxijOgoiv4Bf0PQhEfL0/L5G19aD6ILtPuEqc3V5oq8YOfgKHET9UyYembg393S/19AE4bsJm+isP6j/LPQ5WdaSPiCVrCTiAjNsIWHAvrvbeM/4B/wD/j7gSaGC/Xv6HgxSWThH9GIWCteFh3EFjo6iR3igOiMncy3ipN09Ban6Ogj/kBHX/GfdPyT+JiOfuIyHf8s6sRnor/4Cx2F4iodt0lNamIgv3BF3C5NWssMkrb0isHSL/3iDhmQAVEkQzIkviLTZboYKlvL1uKr8jp5nRgm28q24k55vbxeDJc3yBvEXbKdbCdGyC/JL4m7ZURGRLHsIDuIr8kb5Y1ipOwkO4l7ZBfZRYyi9XSVuJdW4otFiVwil4j75FK5VIzmFbi4Xy6Xy8UYuUKuEA/w6lyM5TdriK/LVXKVGEfr9NXiQblGrhHj5Vq5VjxEa/R1YoJcL9eLb8gNcoOYSOv2jeJhuUluEpPkK/IV8U35G/kbUSpfla+KR+Rr8jVRJl+Xr4tvyTfkG2Ky/K38rfi2fFO+KcrlW/It8ah8W74tpsh35DviMblX7hVT5bvyXfG4fE++J6bJQ/KQ+I48TNdSFfKIPCKekB/ID8R0+aH8UDwpT8gTolJ+JD8S3w3cEbhDzAj8MGiKp4K/Cb5KXteF+i55plrV8P5lWkYO4//FgzuD/IU4lsgWTd82HRiXR7Lpi5rp4NW09P8sSUe8xCBIVF9DYjAkVl7DjiGJdoSKIMGr/SwHhLgjZWsSZYpSWpso85WU9ibKDE1pcXtHDlch4qspbNaovNKk2jUshc3JMnemsDlZZngKm5Nl7kphs0YSymolMyKln9ugNzQCXH2Ju1N6OgeS/I6eNpAqTtQV/F1Kqa8lSR1OKTUySepISql7kqyfihZmO/ZLx/pRKX3extEmHV33prC+uVRJCuubS92XwvrmUqNTWK/D58p+1UP3p7BehweUNiU1JoX1zaUeSGF9c6mxKaxvLvX1FNbzcxs8ynWCTLwLS4hxKaOiudyDKeOiudz4lJHRXO6hlLGR6UhqMbkJKfu9udw3UvZ8c7mJKfu+udzDKXs/MyYpHblJKXu2udw3U/Ztc7nSlL3bXO6RFPYZjn+VpIqDshT2pZL7Vgr7UslNTmFfKrlvN7PPfQqmQPDdJanxk6gh7efaL7SXtQ3ar7Qdfq//Ff8W/2/8Nf5X/Vv9r/lroSlXhAhyRZ7oQeua/nT+Gkrz4igaU+MJTxL4hi/XItvxHYeG+bjv8BnfS2rs3jgK+22Jlmk8+8og70cT+1lGroPkGmC1W3Yr01o+OGm0ojKohgV8jab9SPtXuqr9ifYT4fVv828XPn+dv04EKM/SVmiv8tektV2ivfaO9gfRyfyO+R2BnWLidmpTrRgUOh/6I51dgvjytBYH/FsmAfP1OGDeCLqKnq8t0pbG0hXaKm0teW6ztlXbru3S9mmHtKPaSe2Mdp64l7QrFDimnqa30jP19npHvauer/fS+7n5+kC9SB+uj9RH6+P0iXqZPkWv0Gfos2PyVfoCfbG+TK/WV+vr9I36Fr1W36HvduvR9+uH9WP6Kf2sfkG/rNdzatAVqxE0MowsI8fINfKMHkZvo78xyBiqzTdGGKOMMdpJY7wxyZhsTDWmG0ONmcacmJ7k1LXPTV37nNSYZyw0lhjLY/paSL+o34yVxhpjvbFJ227UGNuMna6/XH6L/nL9lOyfZL98QX/E+s+xN1afq2ePccA4ou1y/WQcN04b54yLRp3R4DE8Pk/Y08aT7Yl6Onu6ewo8ffX9nkJD8wzxDPMUe0o8Yz0TPKWecs80T6VnlmeuZ75nkWepZ4VnVYt+ceyKjbIG4CeBb8Cowd5bvhdJ9LvAjzJuPMbY2b17I2QeRO4WcLCTXb4AfDv464FfB8au+cZbkVsIzqvAD4CP/fjOM3fPAWOHqVA7c7FrWP4a+F7wsWdfPakn5kAD9mI3HAdf7ZfHs3u02uRc7PRXe8Ml2iJ+AYy1m9ppK7GfWj4CPrQ1wicNP2R89S3G9fCG2u8v/hW4JySx211ibpRfA/9PwOPAwf5xib3ANC+z/OOgPwTG2wcEfNIISxqwu/8qnleQS4HbQgYeEHiaQVsEnI5c6FHPImjwvPw56JmgrwL/FNgHPnapy6egDbvy+V8kwvAVXVsyxnMPdF3HNHaICzwb0Qg9ApEg8LxFI56L5HuEJA+vyjvBCYDGcxgSu+PFT8DHU5kStUj4lq5gCevvA6NebSFyXwatnuVUT31CRg4BxpObAk+B6IhbDU9dSNXXt4GDJy20m8HZC9wP8tizr/Yva++Bj2c11L5+DVZpXcDnXtBRE5/rOmPUlNNZQk84g/C5g786n6Y9573PO9b7kLfU+4i3zPst72Tvo/5L/suOjoy4VT5/E10jLc98wXLRFOU4Dv5vSi+8Zmn3DF9I14csvfivPDtyfavp3J785fPDlKq3eu4XF4jGmz35vZ4yg9/rKY7JHJlL/B2QOybzaEQfJl4PhiZt/NZP4vdmXSSh3hCqtDg65CDnjaB5YoccIzXYwLL7KT9XjhdbqN5cdyZUz9aoOUciEoQafXgeQqprZTxBIuFXiWeP1LM1ar3RiJFL1jFeB4zRJ04DH2qKdoHRLdTTKog9fDXeGV+NanQ8AT5iXmAsix8AI7bFK8Dq+Z57EqJUrSinOH3GeEVcJGTharYpXxO29pxGsy7+SZPm4+Z/s/c98FXVZv85ycm557aHe24Ra2VYKiIiVqwFsQIiImJliKxjWGtF/okFsfJCRUSGiMwxxhgCY44xf8jreBnD2mnHGFPGHDLHkLGKDJlDRIaIiIhYEaH8nnyTe3vvpdQWWgE/+5xPnvw5OUme5EnyJOfJkwcYd3u5vZgguhjHbKKFg6xVciVRxEX+Af8TGoFi00w1q6h+DZpqGvFq6XjyGjTd1pRCO7ODMJbcqi/QuIQenHzCGssw8WPfK/huTB30ozoYEBfv5Msam3btJahoxBJUHEdTsfm/Zt62ITuTZrrUWuv0VNtN8e7t6RkSLUnj5NOOSZaFZ5jZi2qsnHS/6dcoNKN7Tx6Z/EZLPR1aHho+9ebUAhn09CdT0IjpZ0C3d8On34I5NNuqZwCZwkbIoTEop6JRKaeiUSmnopEpJzH9hqacikannIoa5v9TTfm1Guf/hko1cf5vqHRVDRSYkb0kmmYSfzrK1V5AXO1m1oZv4TtYFt9JHG4Xp8QpYdeBz+0OPvd68Lk9wOeqfxW+80DwjmBh8M7gXcFBwWHB4cERwfuDY4Jjg+NQhtiammVqquQUMPqqShxphdmmFc6GMit+JJs4klRT4tp4vLqmqbmPoij3caJUT6WX1q0kEf5kZJQ/OX1lUX0pI6Ev6b5Wvx4xoAF6RP3yjdB1fgPQdf0xbks4tzqu1iJzfP1wGBidS08Vh/rmH5kNB0Vnw6+6BF9WlxWnuS7rnn9j1WXdS6DqclZ0Fj8bxnndZrOjHMLZUOZIO88FD3m2lFrNfkUxa+/TPfuNjFmdn76yZBK3nk3PKDLDze7q6SuN6r8DGqT/nsxMmt8gvbB+OUf6UkGD9KX65z3IrAMT1xKnMl7/ss4l0GvFIVgrFkap76stQzoL0JetqS+2hr7P9NNSCkWBA2P2FE4PHxShhtNRgsi+QYQaTkcZGqcV6stBNXwr1L0EjdcKdSuD3qOPSHTGcsM/Z+pPXjfqrWPYRnKfx39OqRXEpDeYUryb0rwnWIR0RyPlB0zaqvR1+OuX/FnyZ6wPeItb2HnqBCsMM3aicYxtG1uQ4THvY7+TCd9+yx5nT7SnkJlmz7Tn2vPthfZiMsvs5+0V9ip7jb2OzEZ7s/2WvcPebe8jc9A+LJl0pCebkkmT6bK1bCezZCcyXWUPmSv7yv72QdlfFshBcrgcRbHGkBkvJ8mpcrqcJeeRWSAXySUJ35XKcrmSzGq5lkJK5XpZQWYL+bbJnXKP3C8r5RGHO64TsifKMWSQptPMaS7nOc2dDLnWaZNYFnuuk0km28lxujk9nd72FKc3fZculzj9nAFOIZkhTpFTTDzeBGcy+R53ZjiznSedp+jdM85Sp8xZ7rzovOy8SmaDs8nZ6mx3djl7nV32MvgOOM3tfc4hp0ouCtiBJHuNXBkIEw49ZFenXyA10IJMq0DbQHvydQx0JtPdKQr0ku2cAYE+ZPIo5tRafYn1EuML5EfqJTAwMCzBN9I5FBhNZlxgYmAKyjItMDMwV5UlMB8lW0glWxxYVtu7hqGQwPOBFYFVZNYE1gU2BjYH3grsILM7sC+wMZ4m4mPWgybiqaC2dq+tpRukbQMHA4dd5jqup2jQbeqmuelumr3MbS0Hue3cLLcTma5uDzfX7ev2l/Pc/s5St8AdJHe6w91RstIdozCKpwJ3PGE7T+6hbye5U51NssKd7s5y51GbzLV3uAvcRe4St1TXvFvurnRXu2vRN0vt3e56MhVUZ60phy3uNncnYYV+RLH2kNmPvlnqDHArKeYRjZ+sCHIyrsIoGAo2sycGmwWbBzOCbRJxCGbKecHMYLZbQLn3DebIMWTSgt1ka6dfsGegMxnUC4uTENBaD7VWUQEpKWsgYBHiaPkB/OvXej21rkote2NBlolBF6OWCzJyO5A3sEYDaq2QjyJc6wfV8lHQdm5puZqLEEfrBYREjR1GTHxl9QaEvlI2Au5zEVPLLWQgHBoHLR/uiXBDuklrRNfSStZ38BaSWkavJ9LUkkLWWLyFRITRwQ7dmQLltyAvZBUjjtZRCokIUYj4f0aIlqyAlIXR3w6pJEtLi0GDppZWMlpXIdnFn8Jb1J6RhXgBENoctbSYeBrpQPJH6z01skmYHy3os9RyGkZPqtaQmoVvId0kIN1hQUu8kYX7IeIgBXEAENJolpZ864c4ZYijtV1Cnk3oeoDckQV60BJfWhrNaLQF1FIiRqqkAG7I5mlds1qeRMuqie54i1ol7lu5dStA16zW1mlDekTLqmmJKS25Z0O2SuxHuNa1Cf2a/ANT54dRt+WoW3XGeynia4kp0LzRGwr9r066knvioBCJt8e0ltyAyV2lA+k44jxUCCiNa929kNzTMoSW1k2rWw0SMlzr8R2EEC0jp2X/nkD4u0xT9VsRWTItqUy1SjkKyHqx36A8ulaBkdYizNGODNJi7HPA3qa9VGmBqQW5RA7ZRa0DWKC0Wt5G6+5Vp70jeoK15JgNytQSa7bGAhJotoU40M8qQQlGhzFo0gZ24tcIh+5PrdtY6PTRdlpHqdaKKqCPU0LiSOpzCwtRHi3FtwfwSkD0fRpDCC+Or2jsIrele9Y4cuszKmoNC73DZB6I8qz1k/USxFGODj5guOHuTMuNMDau3ilxlZJJZxzKlxtN6WR2yU4+9/HmJEbv05R/WkwtqlZZkPC+7ynXTk2p9msArGtKtymLnO8aF31D8ZL/ad7nApt+p5Tr8an2NtjkNXC6J8JmS6Ngs6WRsNHnfpphxong82B0BDjV/eVI66u/shbLphQj/2Uf/JL/sqf+pap9hVcPM66Nr3dPtIJFTJ/FKsR6fnpMSslUAqp1/nNaXTdB3YdQ9z7qPkx1/yBLQd1noe6vRFmz/Q/9D1kHtEPHkyyPPp0zEPc1zTgjSqQkKlRNTzsjSqPbK/WMa6+0M6i99MnV3Ghp9Gh98vU9BP1jVgNjdyql0rU+DL1k9hlUrsh8fWqjUmQearjUImdT9emE3ia9h06SF4y0gboDDKf1om3wUAO2wcmWS/27GU59oDlBi809g0rmQCNECzyqXeadQWXjoA41qlqGM5xwUul9FX+t1QnbdHAO6nxM/7jSqvMvT1IdnnmlVqeVFV+3mlzpbHJCHTf2yuOraZf0KI7W1xJDG/+km4PmlN6+KV9DHEUMhkoC8OuIo41/efo8zRqmzs9N/RpiKXCySPFu6yi/thjbaxopvw642oRfNbbW1xpXydrRoyQjFf+7HiuPry+2dhyu6nzf1xlbyTLpSaeyDaL4G7AzMvNrjK8alxTnqjTRtDcSiBNq3QOqL39bl3GyHcti3Siu0r+SY/bJTlwKXf+NVRpF4Uqf6pPkrpaEPFFpTl72pDHqMStadn5WldyGrGcmU3qQ51P6EYnPs6HsIqbkIkZa9Wwou019vyP1e6UVaAH5O9K6OP2sKb2AliMli7WI3J0Ji9pr/lRG7sZrgc4xWPCzEgfJutLTnqhH/atROvpGfwkVnYlY2HE4CPKdjVhImke70TzQCfvOiymkGxtDfPnZhofarVGp52O3Ji+BAzuZPOsqb9sYOddNxlSvF9sbbqytkXJN5DsbF/vGLUPd6kH9QVH/S2diL6Q/m3bKewONXWcZ0RLzs6C8kd0X/VeJswEJq/Uzr8QiprwCEuBneoltnN1IN3/IBM5wzDjDy3zm9Lu6jpdnSr+rW3nPpH5X1xo+c/pdXev4TOp3da1ltb+m/uM+ib2QgWx2jbPumTdiRPYGddn5f0v+lZRc70+qv+vzmdYONvcsKTuHXICShhPQlBP5d/xVnKP7by/76ktevZuuqZWfRbR6dvczLU2i5GNPRZpEfVO3c9vVMiGKH2sImZC65x2R7HicnQ7JjvrUUXq0pF+9fEbdyxkrZaF46q9aAqE+NVpdztMhK1GfOq2WeJjOTofEQ31qNfInfxY7nXIL9andtjFlPn3SB3UvcbwMgZrPT9df9frUcmyJT6ckQH3qOfZ//lx2Ov/n17XUSp9AJmZSxW+EjAbxIfE6xIMl0CJe7xs11BnBkzD9cGdwLm4N1ncGV98QPIvcfa151gL4F1lLzC3Aq621FL7eqrC2WNusndYeaz/5KymNI5xzl4d4M96cZ/A2PJNn8xzejffkvXk/PsCq5IVRo9JTRqVHhg/hRYgXY2oqGy/mJXwCn6zKpdxx5VJlipQnUpaayqHwUenSd4jzOJ+hysRnE8U8xZ/hS3kZxV/OX6Taf5Vv4Jv4Vr6d7+J7+YG4slBazJxyNmdMcY6T6zsT9NnTPBY9uajPIuuTtebMMU4YWxmAuBtBn+zkP0YcfSYY56QF9Pqbk6A478txRpbj7gh9mlmf8dWnePWJUgunV/UZa32Wl+N+Bn1CWp9stnH7gT59q8/dMpxm5jh3a+kTkPqUM86MCpw/FrhjiX8KuJFFT2Tqs5v6pKw+HWtO9OozxPrGDH2G9beA+vzx9xBnGdz67LKuN32WdBAgzl/qU6H6DCjHDQ/6DKgYDYgzrPocrTn9CSl/+0KE4xQ1Tn9G9J9ETgo+zKo1/HP+s+gtABnRGBMJSqKQOXwu/0nyoYR46dF43yVo85n8x3wW/2k0lur7SuNeO/x/qvkeBB0zmdJQJ4zViezuxih/L2P6GJMHW43WToQGLX1mfiGgg3LhRg1rh4JVOA9P5WhHI34v4NPkhGOQGoFOfN9PE6buKLCMETFudeJa2RzucvN+JeKHaP6exeaxBcZeZOwlxi6NeV9O9krjj9irY2z1Xt2LUI6bEdazbWTvjNqReKZejm0A1PeT4ITxMZzDrjoQUy/zqmlPn4bX/esY6tHcKDKruqcfw2njKpzS1iekj+mz/h1NLat7tHqDc1H1+ARRjhr1zyO3po0nIrRE9XuCuySortW59tEwljHnsWHQY/rlZjQbR608hXjomTTjzGcL2WIyy8i/mD1P4QvZCnq/CmYNhQ2DjBGrxroqtbp+jqKPV6FXHsUIVoXedBQ1VoVTUUeh46EKtXEUI89RjEhVOOd9FCfLjqJWq5axmm4wnBSdu2u7ncNiWSz2TsNJtcZXKb58Ul/9men7rzjrCemBWu/8OOE7hfuwExqrhjAvesOXNpF7vpQm3WJ605v8JRQ+AWYyi95KVLWpul1MK0C3wVHMPlWrq1tK021VBiAotgq3zRzdGtP6eSz2xkacqyfzCOrmR19SH5zGlBJzOkrJwZhbffD9icY/i7i0+p/71vnUXMon6ljKxK8n4+svu+el9q/nnNLXc0/p65+c0tc/rfPXzYhSVb+q/vrLv6McqL2Pz/tR5D3zJEuuv/7xKX09qx54t4vB+9FaKbr6O2Z4BM0nqD2NpsetGOJ1iVWvG5QsbyGN0XX/pm7xmpr5RY3oE1Eq7Z5mbHU3z1zjnm/sWPdCMosRrylGqGIamYpoVCohnxqZZuApwlMMaTjoWTEzchkgbtOK3vaqIHjCY7iv7BjuSTu2AKMTdIRUQatN1eiYmUXPNVkx41tGzPxSgNFHpf0Ya7gTgU8APssid9EWYnd2SKPmo+S4BzJhTuk2Zk7NUWc2/uvoE5+Nk5eibc0DQMMC/wWtYdQIEWRK70sIxkJfAmUYPT8uma4qnuxifMOMj7Ow7qHE7Smj0vysyW1IQx4edFRJ/lffyOmxwJHPj+yhWS8h9PAWln183MPTago9lFXHUCpn1XuNEkK4ffHQ8WX44uOaSvbF0zWFft6njqHH507xKotr+rqyoqbQT3bWMbTGnA4trLGcdo35p9YxlOrvyOwa2rvG8n/Rqcb2zq1jaONRwekNUTXzQU11cOTWGltscJ1DWzF1S9ekE8yy9eMYaXXNwzQmVBvltxIMN3Y/a7e1zzpo4GHOuMM93pSn8XTemrfjWbwT78p78Fzel/fnBXwQH85H8TEmfDyfxKfy6fR2Fp/HF/BFJs4SXkpxyvlKvpqv5et5hUltC9/Gd9KbPXw/xa/kRwQXrgiJZqK5yBBtRCY92SJHdBM9RW/RTwwQhWKI+SoW6nw11PkCiiJRLErMt8fB2jEVE8Rk8biYIWaLJzWOOqQGHDV2sXjFYlQ7Lqg3XYZomuqrpyjmMxo7sVSUieXiRfGyeFVsEJvEVrFd7BJ7xQFxiKeJKtu2k+ywnWq3sFvZbe32dke7s929BoyQY2Re4Vj3cK2Z7jO4wU3E3s1pdqR+gZA3EQLdZGY3riXC9Vu994L9p+PvZzV7gbjNlGP/z+ylzQHsgJhYN2tta3rfQu/PWbhBVu/zmdtAkY7A6o3jBtNj2DuMvYE17g7Xo4h5/B2fl+PtfQjHzaDWHxACLX6xd6wazYB6Zwll1juO4keAWlsccrc+RIjWXYga49Cvp/UScqTP7wCMvR/3Fbi11kV976m+YfRauMEPWtD0Z24evRQQtaH3LDnqX4AT5Dq1uxW0H0M4eE8BzZICNSy0nkfsR8benCrwrQgjRGuuRA2IZIRg39EuQwi+FdAvafQ5IkchzRimdSphxYpdxvqeGGRsGYy6FzTxZtDVbAtuBl3P9uA+z5XqZlBWrm/1JLu5lcGO4NlCz06202pDYXiqU7MyrWxWoe4MNbeMVqp7Punr6jRWU9xtFHcPpZ9jdYveE1poDbGKTCoZkR6l9S9qytY0oetFt4TuOUZnpNYdiB02rYtRawDV2iI1NetW0a2le4imS7OjOxQtoXd6nep24n+LaRVQudlDBh3YuIlXYCfEBg3ZJdUtam8wLdcwd7me2U9k1691g+L83/trFdRcDHadG+H+2khrtY/qqVF7GIv4L/li/iv+HC/jf6d5+HX+Bt/q7wPOGfRFBmvDMsm0YdnkVruNOeTqGa0T9Dw2pBp3jD5Gc64pW3+Teyr2R5X0S0SXZf3ohWpVaYElo7TB6v+RNf+NVH8i9d8+5Vd//CJ/I9dTeAW5dTz1V3KS+Q9YGfNPMsSbW6U8g+Ls5G3wXsWPGJMe/hWa/4UqHv5DRuwayqb+AfJCPkSVC/8WY8ulyhQpT6QsNZSDF5Fbpau+ozj4lsoU/dcZqYdYfMvV94RDbD2RP4au38K/w4Wg7regS1m5t8I9Gu5H4W4C96tw94Z7hHKzw3BPRPhlcL8E981wr4C7J9zj4Q4p97H2yn3sZYS/gHSm4G1ThJQjZAZCWiHkh3C3gbsM7q5w90HMXXAXwF0KOAxx0kxe1Xp3lyK8O8InmDgqfCPcg5HO03D3gfs2pFaBkFkI2QV3EdxxMzZ0I57KjB07Eq6mPNeaWXYJjYZrzRhmxkIK+bIZOzISJs7YlA5SiaZRPUtTSjv1TE2jX5FVTPkNoDcl1gRrcpQHxt8brYPbaNnWf4k1D6b/VOv/wPp++tKYeTvmv5n+28wxdmkuWmt/Nhys5kWrqmd7w/uBw9T/t7UuY3aXiV8e0USsdQ3rf8JG8/WL1dyE1gJsuGutvRd6e6GxN9KiWaxztEVrGylViq1hvnS05LejnOC09SqAnwOo9Wh3N/VZnjizBosaZGb9Lz3VlZ6eMPEXojwLQU8L60xPC4HRQtDTwsR5F/oAT3neNesxLQcC2QnrbcAv8NYzNalzV2c5e0OOsw5yRycsmdJkn3/S5ssx0ms2La1xFdyfxfSQgri+EbtG+lm9ZaBOYo0U5T8VbbdJ6CGZFIYnZo2UTXxnBfWSuDUSPdVpYI1EId0ofcOHkgsrJOolpVYJfRHlPTn+13Ks3cV34dZroZ/CrXcFtM78MML1GldTJ/7Ka93yDKtMS1O/lqHRetr1DQijEVNrRwefKwYA5uAt1j+W3hW4GuFYQWld8UKvqSB7JLQO/I8BobXWBh8qIF0isJpq9FbU7bjejE8r41YRzWmUyqAQ9aiYahWh5gH9HL/SjdDEfkMN1WmoVtxCITk0AkZGvMoTrnS/hfrC3ot4HRA8PMcfLb2rI+4HxA6J3i8SNwE+Xd1+/F6E6N2MX8F9bkwrYi/FrG4xHpg9Bz3jaLkzrEGE3uUYBPhHBSXWLDZurbBxt4SNHOUlcN/1lbRcTf0vpvdRe8T3v2wKwxPTcmrtV0GtEt//3Jg0dP9ziS89EtmdIBd6H/U90/7RliurpnexEVDvtY2N6Xl6t2hvTItuq+5JNotpv3XVPcO0X0l1+wlIx9n4pyn0PQa4QcJuVt179B6ZOCemV6H97HTAIzHt9xogbrHQN0jYq0wrtiU4APPCif9l169l1byzqV6mNgrQ7X/EtFxM+1OLq7GURykgR+0BYB+gmgKoNxIFdIv2XJWOSiWahqGAELU+r96dotYvVtxJZByPUgBkX8w9LPoODuwoWbjhwkhqYt9Xyxda2Nc03MlahGOX0UiA6V6oJUH13iRaTvMQRqoSdGZj7W72yJYD6p1IPbaj73LMAgLyoKI7oN6r0mO4pk69v4adNRs0qnfBErhdLXdRGz3Ec7vHP9E+Y+E2Gc3PacnUBssr09jRkdXwi3pHdl8j57Uvpq2nmry0BrVlrK7SFPXrV4qL3dsgprbdNtXb1sbNkqXR/pajHjVPUrw9ZqYjE7MmUPzLFpr9IuOtmSdj0oj0rxJKi7h/63FrhjWbzJNsifWU9Yy11Cqzlkf7m74zRnPW4NM13y20hLLmQv4UQ/fYZeK4TYdrusdNLfoOISNtjW/NnjGoU8+bAvOd5rHMHwc9P+pRVs+2mD312Cyw8rB1v8WOMt9lSnUYZS5HGcqRsoIHjx2IUoy+l0jnpe8fQs8XetaO/OMoB76rgG85ynDcqrDe/wZiV4UN95xsaif+LiKjqCUPV2sfmSRrRdBjcvCYwUNYxtCHxoxiG+8Zc/e9rLLo7iFjrPRRg0uKrfasBbN7XZ9HK4xb+tyewQZ8u2/PDFbynTyCxJUeO8aSaQ5OorGhJbuUVkYd2A3sNlbIRuGdxxx6fy719XbsCurT19L6JJ/dqf514W0Au5gXsstoXLmKVjA3stvZQFZs3rqsCTuPtaIR40rWicbwXqyA3cXuN2+DLMTS2EXsclr1XE1teBO7gw1ioyG3q2KoXWQl25LDctktLI9Gk3vY/7Bx7GE2mX0vGstXqzj2DXYxu4bdzPqyb7OhrIiNYQ+yiexR9ng0nmBhdj4bTJD36Z+bwTr2z/umustXp8FZCtVTGxobe7NbWX82jI1gY9l49l02Re0hUxwlG9OUXcAuYV3Y9eybRDXfYXezkayEPcQmsceU1Bdi2ewclk6cRFfwg98ifmI4u5c9wCawR9hU9gM2fWj22KGiG2AuYB5gIeDwoYNHlYjRgOMAJwJOAZw2dOh9o8VMwPmAiwGfB1wFuA5wk4K2DRgCTBs2asQ9divAdoDZgJ0BewD2HlZ8/312P8ABgIWAQwCLho8oHmwXA5YATgCcDPj48DGDh9ozAOcBLgRcClg+onhEib0KcA3gOsCNgJtHjL1/lP0W4A7A3YD7AA9S0QbbhxWULmAqYGvA7FHFD9wnuwP2AuwDmAeYP+r+oaPkQMBhgCMBRwOOA5x4393DRsgpgNMAZwLOBZxPyYyRCwEXAy4DfB5wxf0ql1WAawE3AG4G3DZawV2AewEPAB4CrBozdFSJYwMmAYYBUwFbjCH0nFaAbQHbA3YE7AzYfSxRhdMLsA9gHmA+4MCx9w0d7QwDLAYcDzgFcMbYsVlXOvMAFwAuAlwCWApYDrgScDXgWsD1BLOdCsAtgNsAdwLuIdjB2Q9YCXhEwQAHdEsI90AIMBUwHbANYPsHikcMDXQC7ArYAzAXUHGH6iTmN1iLergsdl4t0KbHpbEo6STcWi5VcUqpNP5dSeNYBxojr6Kx7moata6h0aQLjQPX0rh4HY1v19OIcAONnzfGfVmTi9OIm1oHW+2hKXhRrdCrBarTwheyVvVwWRiXTwyTa4GSRtmmND42Q+lP1mexy2uFOMHEtByJvm1SSxLo+j0fsEmtsFUtUJ3+bVcH22KX1Qpro0mL5pHaIPY62cW1QEEzVTprWQ+Xuc/whLC23Cx2Sa2wTS2QE9eRWQe7tjzuYCvYq8S372aHiFNPs9oSPz2VOOgV1qvWFmu3dYi7PI235Tk8l+fzzXy/SBLNRTvRWfQWBWKkmCCmi/liqVgp1omtYo84bCfZze12dme7t11gj7Qn2NPtFXK73O8wJ+xkOFlOd6efM8gZ7Ux2ZjkLnbLA4sDywFp3rvuMWx5sG8wJ5gbzaY0zPjgt+GRwSXBF8NXgluDu4KEkNyktqW1STlJuUn5SEQtYqvyuptbgCkO5yk9cS1KneL8/P8ZPH6a0Ib9V/T6lVYyf3jdtRv5gjL95wvs0vA9Qr2pBXFYmjVxdsftMZWna1NidjV1s7GeMXaHtczxj5yJtTqOi+fKcicZedNybdcY+EF++Zk0T/Gnx/vNmxvvP3xvvb9E7xk/10WJUfP1csCz+/QWvJrzfGf8+vSPee9Dh0Z7G9G7Ev/Ylfm4gcXTFONVEWKRP1nbL5sY2NdZyv7YzMo29XdsXmngXVmm7VZG2Lxpi7B3abr0xsd4uNilf3AfljH3Tz9gl8TVy8ex4irm4LMG/LN7fJpzgHxjvb1uY4F8d7780Nd5/WVqMn8p3WbOE91kJ/p5f4s9P8C+K92f2i/e339AI/hiKOc6/GX6bZsJUo/mFsG6/VdtXtDC2aa0rihH7AuIMcmk1kU9rnyJa/Yyn1c00Nos9yRbSirCMRrbVNLZtpNFtO41v+2mEYzTGhWmUyzDp9DG2ySdrpLav5MZeYOyD2s6ea+zD2u5gKK/DLG13dIzd3thPGbtS21cVGnu6sVdou1O+sVdr++pOxl5mbJNfjsE/Z7G2r+lq7E3a7jxG210MdXdJoNquufG13rVngr9fgr8kwf9UjJ/S79Y3/n23BQn+ZfH+W0rj/X0HxPtvTRhXbt0XP+7eWgl/Wg0jyiRar85k89hTbDGt+pezVWwt28A2s21sF9unS3vrGm33Szd2qba/1d3YphbzTCvmmZE7b4u2v21G+G8PM/ZKbfc3td1/lLENlfR/UdvfMePWd8Yb26Q3IMfY8419RNu3GWq/baqxn4mv9Xw7vpby9ezVrMaRtqZ60amY+Sd/hrF3avt2g93tpvQFhsYKDFZ3NDO2wfaOvdouNLVTaGr5ToPFnaYP3Wn60MASY6/X9l2mD95l5sdBreOxHZRAg4PWwZ8cN/P2Yf1ZIRvGTJkG7db24DJtDzE1P9S01FDTr4b1MraZYe6eoO3hBsfhhkLuyY3hN8hxz9b42eKenTFlpFVIUSjBPzsehxGpCf5WCf7eCf7iBH9lvH/khPj8Rj4TX76RpfHjwMgV8f3qOH95gr8sIb+Efj3y5YT818X77+2a4H855lyi1oreCyn1YbdYLwQ6U5ymdomSiyX+cYK6B92ew7jbw81jtpvv5rNz3QnuRJbqPuI+ys53H3MfYy3c77s/YBe4s9wFLMP9yD3ALk++NPkydmVyVnIW65i8N3kvu8pb473COnl/8f7CcpqkNEll1zRJa5JGK0y1OpDQ/TSTvWpxdRIksCxQRuVqYbWy2lnZVmerh9XbyrMKrCHWSGu0Nd6abE2zZllPEq+82Cq1llurICG3yXrL2mnttQ7Sl6uJh95IXPR2nC2otKq4w0M8lafzNrw9zmr05H14f17Ih/GRfAyfwKfw6Xw2a8EH8uG8mI/jk5SOED6XL+DP8GU4u/EyX8cr+Fa+g+/hB/hhnNUIizSRIdqKLPryiLCFJ5qJFqI1cenZxKf3IE49T+SLQaJIjBbjcaJippgnnhKLxTJRLl4Ua8R61oK4+EXExz9PnLw647BRbBHbxW6xX1SKKtuxQ3aqnW63tjPtjnZXu6fdx84j/n6IPTKwnAmqq2cDv4NdGlgB+7nA72GXBVaS/Sy5/gD72cCLsEsDL8F+LrAKdlngj4yTvZp8pRT7T7CfDbwMuzTwZ9jPBdbALgu8QrFLA2vJ9xzF/gvsZwOvwi4N/BX2c4F1sMsCf6PYzwXWk6+MYr8G+9nABtilgb/Dfi6wEXZZ4B8UuyxQgfIvC7xu8Ntk8HvD4LfZ4PdPir0ssMVg+abBbqvB7l8Gu7cMXv82eG0zeL1t8Npu8HoHeO0weL1r8Npp8PqPwWuXwes94LXb4PW+wWuPwesDg9deg9eHwGufwesjg9d+g9fHBq8DBq9PgNdBg9enpvUqDX6fGfwOGfw+R+sdNlh+YbA8YrA7arCrMngd03i5TOPlWhovl2u8XKHwcm2Nlys1Xq6j8XIDGi/X1Xi5QYWXm6TxcpM1Xq6n8XKbaLzckMbL9RVebljj5aZovNymGi/3HI2X20zj5Z6r8HJTNV7ueRovN023nnu+xs9trvFzv6Faz22hsXQvMFimGyxbGuwuRnkzDHYXGuxaGewuMti1Nti1MXhdYvBqa/C61ODVzuB1GfDKNHhdbvBqb/C6wuCVZfC6EnhlG7w6GLw6GryuMnh1MnhdDbxyDF7XGLw6G7y6mNbravC7Fq3XzeB3ncGvu8Hveo0fU+tDpaehLetBbmG15835RTRD9CKOvoDm8mLi56ewGRRrKo3KT7JFbBnxL6vZOraJuLrd7AC92cH2skqaWJKsZla61ZbG6a5WL6uf9zrNEze437Jne5uMa473Blx5FLbZuOZ4/yTXjYi3xbjmeG/CpeJtNa453r+i6W2PpvfvaHpvRdN7O5retmh670TT2xFN7wNy3eTeQGF7jWuO9yFcN1LYPuOa470bzXdnNN//RPPdFc33vWi+u6P5vh/Nd08034+i+e6P5vtxNN8DkXwV1+OtxoytuLUWxG0pbRo5+DOTS7N0PnFb6mS9ugHkYyVnIK+RXajtOLWeksnpA8n8PKb0qBcwdef4IKZOdsvoaf0JSFvG6IrhgBabKZri9PTtjMtrxE1w36HcTQYS7CxuRkg+3vaGuwBv74y+PYgUPm5yG4V0QZxPkc6BJoWIma/iqPQpToF6q9LXb/khlQ6vVHnxT1QK/DMqGVGq833ncX5MUapgIkmAe24Cfobv5R/qOGEetsICcezkxWGtC6At+BwGLucmnCb9XMlbII0k53Hn+6yJSsXpkzIXZ8izoeWhWR2/qD6zqrSeqPuX1K5J6kl8XdeSyuSnkxclPxPa4ueivDl1LG/sd/Gl7oxbi+pS6hOlYePOoK6QTk076VTiayD3hN9byf/L9M1uHWMwP1H82FPFVujNGE0ekS9vPnFO4eH1jH+PpkTxvnOBUP1YOC2dDOdCxq017G2xR7QkPvEy0Z44w05iipgqviemienED/5YzBU/ET8jrnAR8YW/Er8Wz4rnxG/Eb8XvxUviT+IVsU5sEP8Qm8Wb4t/iHfEfSmuv+JD4wwOyrX9MXiuvk9fLG2RP2UveLHvLvjJPDpAFcqAcIu+R98r75Vj5oHxYTpKT5RQ5VT4up8npcoacKWfJ2XKunCeflPPlAvmUXCifkUvkMlkmy+Xv5Er5B/lH+Wf5F/k3uVFWyE1yi/yXfFu+K3fLvXK/PCgPyS/kMUc4ASfZ8Z0U5xznPKe5k67xdlo5rZ02TlunnZPptHeynA7OVU6O08W5zrneucEpdAY5dztjk59PLk9e7nHP8ZK8kNfUS/Waey29i7w2XluvnZfpXeld5V3jdfW6ezd6N3u3eP28/l6+V+gN8oZ5o0LbQztDu0N7Q/tCB0IHQ5Whw6Eqn/u27/iun+SH/KZ+qt/Wz/Sz/I5+jt/V/z//1/5z/gv+7/w/+H/0/+z/xf+b/5r/9/CIcHF4dLgkPD48ITwzPDtleMrIlOKUMSklKeNTJqao3dK3idtvKS6hFrxcXCmuEo+Kx6gFvy9+IH5ELTgHLfgL8bT4ZY0t+FfxGrXgG9EWfF98QC34kfhYtpWZsqvsJrvLHmjB3IQWHC5HymI5Ro6TE+rZgsvjWvDv8h/ydflP04LvyQ/kR/IT+VkNLXi+c8EJWjDb6Ugt2Nnp5nR3eqAFhzljkn+T/ELybxNaMN1rFW3BLK+jl4MW7Onlen0SWvDt0Luh90IfhD4MfRz6JPRp6PPQUd/yhS/9gB/0m/gp/rn+Jf5l/hV+B/9qv4u/2F/ql/rP+8v9lf4q/2V/rb/OX+9vCBeF7wvfHx4bfjD8UPhH4SdS7k4ZkXJfyv+kjE15MOXhlEeYku39mbhQXCqyREfxifiheEL8VPxc/D/xv+L/xAvid+IP4o9oq/W0AttEa7B/0SrsXfEe9bW98lLxibxUXiZ+KPvIfrK/zJeFcpAcJovkKDlalsjxcqJcJBfLpbJUPk91/3t5mVwlX5Zr5Tq5QWwie7PcKv8t35H/kXvkPnlAVsrDssrhjuMkOU3Ee7KPc65o5XzDGeV0kv3JNdAZ4twj30le4dme63le2GvmpXktvAyvtdfe6+Bd7XXxrvNu8G7yvund6uV5A7wCb6A3xBvuFYd2hHaF9oT2hw6FjvjM9/yw38xP89v57f1sv5Pf2e/m/8p/1v+N/1v/9/5L/p/8V/y/hu8NjwmPC88Kz00pShmVMjplXMqElEkpSmfRz0D3mup/QLReTelfRuER+q6NphuGYlsSZSq6jNBkTfRYN0r80NBgnWiPqE7RXDW9HU9tV4gOtVLb38Tfxevin0Rtb4PaPhAfGGprV2dqWyHbyZfkn+Qr8q/yNfE62W/INw21vS8/lB/LT+Xn8qhjOdIJRqntQqK2e0FtF4LahhO1/a5Gasv2OnmdvW5eD6+X19vrm0Bt74T+E3o/9FHos9AXoWN+su/75/jn+Zf6l/tX+lf51/jX+kv8ZX6ZX+6v8F/0V/tr/FfDI8P/E34g/OPwnJR7Uu5NuT/lgZSHUr6b8uh/qe3kqI01Z0n+Qf9TzSn7lf5nTkuxx1e72kmKR9Z8M9XUDrGHSj+CKT2nTVg3WiOMpDXBGFoLTGCTaDXwOJtOKwGlB68J0eN2eZTGKItGKUnjVNBJ8oZTC77EkmgVMvA4jZNJlMLUqEbPRUamVN3BaEGPmTp1vpRZkK5Vu7tqh/h5pnWGKnnRFeJTxokzIq6fuKPPCU4TXxCc6UyjtcO1zniC1zkTCF7vTCR4g38+46EDPq38QwdFJb49hG8P49sj+PYH+PYhfPswvv0uvm2Ob1uob51JiPkI4GTARwGnAD4GOBXwewp6nyjofwC4V0Gzv6o0V6kzH5w5rGnyeiaJN6BaFHuq3U7LmuKGZXXcajfi6pV6C+iSFRT+unhb7dFSCId8o7rtuROlb0dzsvW3KT8h13YVFnERTTxCaVCItpF+CDq/Mlhr8Lk25fCsySMVstKtDbetVhvdqWx2tJQmn+TXyPUJ8bH/TpkXzXFeJMfQyzonbYs92H22iT5mkZlnOGvisvVaVjSl9aMrbhLfZEHZQXZkIZlDq9uwc6PzTdbM6et8m33DGeDcxi50bnfuYBclL0l+jrVJ/sJjrH2T22jl2NFv5bdhXf3r/OvY9f5G/w3Ww3/L38Nyw3bYZreFHw4/zP4/d+cBV8XRvu2d3T0N3AGDojGoiPW14AFrzBtbFNEY7MaoUUAERARELDHGKCqxYgfs2Dv2rkQRFTuigrH3oLH3Fv0/c58jorGkSF6/j/Pjfs65ts3OzD4zs7sz08p+vP146ZvcUbnHYqQ4psyEzoees4bQhc7fxfomloS5N163npFy9wJaaxbl5qn0L/Kx5a0bZmk9/E/PKxo6DXoCekq0P4UPsIZezNddiLQypXNlasVZzvZLa/j/zD4MuNYLkK7GFS88y4dy/q8PNcMIJJawu1C7U1xblhljLWffMNvZv2sPdtJ6aTt5tNLSRfoX7+KfltLo21HyauK9/OdjRv7vY0OmVucNhHwFdAN0N/Q09MxL53cVehtt7j3Wc61JcWOZI7ss7jb5UzkgZtOphrtOltj7Kiv2/vkR80i7pOOUrypKT+hf9Ou/J2XStxtSopRu/ZZMVLx9Uu2Di+f+bzj3U38pBhpLvpQ7K1MZW1lqSd/7UHldmUrdOlJb67cGuLNniX2v18T++wiHA+XzPdIRSv0b9L8SPdA3o4/Ii1+XJfF0veoHkg6ibBU6OpvnXpwtJk5lnbfw5UIvvOasa1K+boe5pCtSDmtF+dwD9Z4Xv8Kkdta4b5TNb/zzY1tqCJb7TsyuCDTMusTeesTG1mUW6igpmJvGBcuakKqWu22v3GuzvB1pmV+xGEbhfPPaYkYmk6hP2j2xe2D30O6R3WO73+3EW2AmUZvUd6JabROq17agGurPkrgvi1E6cSfaTyrPS/H/8NK8DC/Ly3FXXp6buRt35xV4RV6JV+ZVeFX+Ka/GP+P/5Z/z6rwGr8lr8dr8C16H1+UevB735PV5A/4lb8i/4l68EW/Mm/CmvBlvzlvwlrgHXlaMxiAPlgeTB5clT6kIN3HOP+GFuTMvwl14UV6MF+cGbuQ23Jbn4hq34/Y8N/+IO/A8PC935Pl4fv4xL8CdeEFeiJfgJcU9PlZGjI/GbrL79P2hbCfGHWRGqT9frw3RhmrDtOHaCC1aG6mN0kZrY7Sx2jhtvBajxWpx2gRtojZJm6xN0aZq07R4bbo2Q0vQlmhLteXaOi1RS9JmanO0BdpibZM2S3umLdJWaAu1ldoybbW2RlurrdI2aBu19dpmbYv2szZbu84VbZ62VZurHdCOate0HVqKtk3bru3Sdmv7tVTtpHZaO6Od1c5rmdol7TftinZDu6Xd1x5wxmXtmJbMN2oHtT3aXm0f36Tt1NK0Q9phLV3L0I5ov2jHtRPaKe2cdkG7qP2qXdauare1O9pd7Z72UHukPeUq13G99lh7ov3OJb5BE7Wf/pKJ8k1xqYRUksrP/1B5V4bKgXKUAuXf+ka5r9SBckVHKjcCyGONkkZTybmY6gxLUIrukFKkneTxd5On2Svtk/aTxz9AvuWgdIhK1bPka36VLkm/URnwQHooPZZ+ZzJTmZ4ZmYnZMo3ZsdzMgeVl+djH7BNWkBVmRVhRVpyVZP9hQ1kMi2MT2WQ2lcWzGWwWm8PmsQVsEUtgS9lytpKtZuvYBraJ/cy2sK1sG9vBdrLdbC/bzw6wgyydHWFH2Ql2ip1h5wwGrZ41f//TPPy268OSv1vLP1H+HiIPQf5uILlQXhY5WeTZF7ncSLle5G3+Su4WeTtbzrZeDWIEJ5W5sgpiLEzZQdLLeeUy1FIcLg+XxP1qGynyb+bzhZSvF1FuX2zN78sob6+kfL0KOXsd5ez1lLcTKedvpry9ha6F+bgaxHUw+pW8bsnpu615/d/P6eLNxEjK6aLvg4dUj3xLfYr/L8WbMlTONiLv24RKh2bUhm5BJfPXVB58QyVPGyqXv5U6URnRmepJXaiMDqUyoiu1sbtJEVJ3Kkl6Sr2k76i9/T2V5T9Qm/lHqR9dUUOkeGk6tSDWSYelM9I56QLVby5LV6T70iOq/TyVnjGF6ZiB2bBcjDN79hHLwxxZflaAObFCzJm5sGKsBCvFSrNhLJZNYJPYFDaNTWcz2Ww2l81nC9litoQtYyvYKraGrWcbWSLbzJJYMtvOUtgutoftY6ksjR1iGewXdoydZKfZWXbeYNREz3K9hFYPtTtF+eYkvXhWI540MiopnVBayNIG+kj8ay6eOuK+BO8gXadaw02eyH/mPnwz38J9s21D++Z1XtrHu7cRbd48WpT2Ex/Mh/Ch/Ccex6P5OB7DY/kwPpyP4OP5KD6Sj+Zj+FiUomUpvZ77lTPSA2sMLsK1v57dYc9kLrvJ7pKY17KcNlAbpPXWvtf6aD9ofbUftX5afy1SG8Bn8hl8Fp/DZ/O5fC2fyCfxyXwCX8ZX83g+ny/gi/kSvpQv5yv5PD6FT+XT+EI+nS/iCXwVX8PXcVH6l5M+pnMoi/ZGHWtOao6+i9nzzLpsob1M4RVpbwmzSOlYa8hXkdcSaZlCqXbeIEooT2m61l3rofXSemrfad0tPlrr8bKPFkuz+2jtuxc+mgfyTjyM9+b9eEfux/3pdwDvJPkRC+VdeTiFiMLFe5N3PkD+OUBK4D/yvryf8Oa0foDw5bRVV9o6nLagZa/4bovnNvLO9AnmwUzPe9CnJ+9p8eD8e/r8wH/I7sX5QPoM4oMsnpwH8SDhy3k3+kTQpzvv/iaPzvvwPtl9Ou9Pn0j6DKBPFI8Svp134V1e9u6SGDesGJVsoiyr+reuf1HSiXIu8A2e4PV+oD98gCgThR94USKmUQn4ep8gU85Q4RdM5Blss3yDA3mHvK/4h6LkIYpn+YgYq5eYTH5iKnmK+Lf4ig2veIud5C92k8fYSz5jv9VrpL/qN1Ab9Hr5Sr+1XPzWfLQgy+9n9/C7s2YZN0Mv3g94af15Ly/H6M8vts+6j4b5g1X5VyovF72WK/IlWmKp+9aRns/I0Ez66/PziL0ut+6pMp4PF8ja17tmssm+bQFs6/zKtmI5adbsEW9fy9c6Q6x4p128B98W6zWX3s+o/X99TrxFCJWPdRbZ/JhVUNxLbvdBhasdZuMTb377v9dw/f3ZcV+EzzL/gjfujIq3twM/uBC+mGGjgDVszDpmrI08PWufBWmf6VIJ+Yh8VjLL52n/n+kj9BFSDRylJo5SC0epjaM0yNq/yM8iH8+QmHVujfd39u8znJarTYzo54vZQN53OJ97r+exkh9XURDaHflz/HiWmUfM9E08Fyj0UkozjDaWtb48O1soC+Bts170PZjKufd9fb396JYwl5YUzBKa/w9hflNow+m7P4XXOydj9aVwPp9ZO0/WEd9HnhT3ju5i/4G4dmTKoe8/Z8b/4WjmvxDr797qdWn7fCvhG2ZYPeP7LuveZwqIq1X0Z/Ojb+1y4Gp9NQ1ETu71r+fkf+/o78oTIv7FvVCnbPlo6t8o5dZlqyc8n+Fd9A8s9of8+U/3np/2n5N7b4d6V5zErLNGvc/U+Gehe17Dyak62PsInz+FT4RN5LjgHMrN/yyUOsrrTpgfUvhC4RNDPshwqkhr//8nYlM8RfuQY5Pav7//AL8n+nO+aOOKO3Mqba9SG3e+ZR5JvDNSAPU2xdK6BbVsYW+bhPE+t0KThb51G3tRU6FtRBtabGWxyRabPSQU+srWHgaWmQDHkAeaijckxJsRG6UkKUXaJx2SjkqnpYvSFemW9EB6ylRmw+yZIxP9/UoxV1aRVWM1mQdryJqyVqwd80Ovvx6sD4tkg1k0G8cmsng2hy2SR2BulWhSCi+pCLMsWvKk1JonpRY9KbXqSallTzpetAHkGDmWNJZSRbSIJog4EO0ieRKlr6yOFzPG67tT+spGD9M3kkyp3BpjiLchbWNqS9rW9C3pt6Z2pO1M7Unbm7xJvSmlZJMPtc3FaIUdSDuYqB5g8jN1JO1o8if1NwWQBojxwMWYgqSdTFSzF/cLSDubgkmDTV1Iu5hCSENMoaShYkx6U5ipK2lXUzhpuKkbaTdTBGmEmIfB1N3Ug7QH5UnZ1JPyiWwZFRF3LmTbB5QnZcqZt0gxeiH9v+gNaqmntBApiXL1/eT8F/l0Kd51ymV7n2J1uFD5EmYJiKK07cuiKGVjXurRuY+ls5Ps4mv7b1aXPWQvueVLvTWjKVWnynPkBHm1nChvl/fJ6fJJ+aJ8Tb4nP1X0ClcclUJKCcVVqaxUVzwUL6Wl0k7xV0KUHkrfbD0zE5TVSqKyXdmnpCsnlYvKtZf6YZZQXdXKanXVQ/VSW6rtVH81RO2h9lWj1Gg1Rp2qzlET1NVqorpd3aemqyfVi+o19Z76VKfXcZ2jrpCuhM5VV1lXXeeh89K11LXT+etCdD10fXVRumhdjE74B/vs8Q5fweErysJXVEJKNEZKNIHfaIr0aIb0aA4f0g0+JAJp0wdp8wPSpi+lzW3pR0lRzXQO/yVbTa2pepCtozZQG5P1Upurrcm2ojPzI+urBqohZIPVcJVadXSmfdRIsv3ofIeTHaqOUmPIjlMnqvFkp6qz1AVk51EsrCS7XF2rJpLdqCapKWS3q3vUNLKpFDfHyR5VT6sXyZ5XL6s3yF5T76iPyD6gGFMlRSfrjDpONpfuI11+so46J50LWWeKx7JkS+vMuspkK+qq6WqSra6ro2tA1pNitznZprpWunZk2+p8dYFk/XXBOqqn6sIozvuQ7a3rp4siO1A3VDeKbLRunG4i2TjdVN0ssjN083QJZBfpluvWkl2t26gjT6jbrNuu20N2ly5Vl072kO6o7jTZk7rzustkM3XXdHfI3tI90D0l+0Qv642Sotfrc+k/Imuvd9Q7kS2gd9aXIFtMX1pPrW29q3izlGxVfXV9HbK19Z56L7IN9U31rci21LfV+5L11vvrg8kG6cP0PchG6Hvr+5Htqx+oH0p2sD5aP47sGH2cfirZyfoZ+nlk5+gX6ZeTXapfrd9Idr1+s3472WT9Ln0q2X36Q/qjZI/oT+rPkz2rz9RfI3tFf0v/gOw9/ROD6CkqGfQG0cvTxmBvED008xgKGESvykKGYgbRK7KUwdUgejS6G6oaRG/E/xpqGzzJehgaGpqSbWxoaWhLtrXB2+BP1s8QZAgjG2KIMPQm28vQ1zCQbKRhsCGa7HDDGEMc2RjDZMMMsvGGOYZFZBcYlqIX9ErDevRfTjQko+dximEfeg2nGY6gv+9xw1n01b1ouIJetjcM99BD9pFREn1bjarRRvRLNXJjHtGj1JjfWEj0AjW6GEuJfpzGskZ30QfTWNn4X2NtsjXpmmtItoGxsbEl2ebG1kZvsu2MfsYgsoHGEGME2XBjL2Nfsn2MkcbBZKOMw41jyI4yxhgnk51ojDfOITvLuMC4lGyCcaVxPdm1xkQjlbDGJGOKcR/ZPcY04xGy6cbjxrNkTxsvGq+QvWy8YbxH9o7xkUki+9SkmmwkxWQ0cVMesh+Z8psKkXUyuZhKkS1hKmtyJ2s2VTbR9W+qZqppouvfVMfUwETXv8nL1JxKOsXUiso0uv6pBAs0hYhy1jgcpe0laKYoc4lEg0SDjAQZCTISZBTIKJBRIKNBRoOMBhkDMgZkDMhYkLEgY0HGgYwDGQcyHmQ8yHiQGJAYkBiQWJBYkFiQOJA4kDiQCSATQCaATAKZBDIJJB4kHiQeZDrIdJDpIDNAZoDMAJkJMhNkJsgskFkgs0Bmg8wGmQ0yB2QOyByQuSBzQeaCzAOZBzIPZD7IfJD5IAtAFoAsAFkIshBkIcgikEUgi0AWgywGWQySAJIAkgCyBGQJyBKQpSBLQZaCLANZBrIMZDnIcpDlICtAVoCsAFkJshJkJcgqkFUgq0BWg6wGWQ2yBmQNyBqQtSBrQdaCrANZB7IOZD3IepD1IBtANoBsANkIshFkI8gmkE0gm0CSQJJAkkC2gmwF2QqSDJIMkgyyDWQbyDaQ7SDbQbaD7ADZAbIDJAUkBSQFZCfITpCdILtAdoHsAtkLshdkL8g+kH0g+0D2g+wH2Q+SCpIKkgpyAOQAyAGQNJA0kDSQgyAHQQ6CHAI5BHII5DDIYZDDIOkg6SDpIBkgGSAZIEdAjoAcAfkF5BeQX0COghwFOQpyDOQYyDGQ4yDHQY6DnAA5AXIC5CTISZCTIKdAToGcAjkNchrkNMgZkDMgZ0DOgpwFOQtyDuQcyDmQ8yDnQc6DXAC5AHIB5CLIRZCLIL+C/AoiNFOFP1ThD6GZov1iHC5UvgTNpHqiID1BhGaidTNcqHwJmilaOsbhQuVL0EzR6iHSGqQ1SBuQNiBtQNqCtAVpC/ItyLcg34K0A2kH0g6kPUh7kPYg3iDeIN4gPiA+ID4gviC+IL4gHUA6gHQA8QPxA/ED6QjSEaQjiD+IP4g/SABIAEgASCBIIEggSCeQTiCdQIJAgkCCQDqDdAbpDBIMEgwSDNIFpAtIF5AQkBCQEJBQkFCQUJAwkDCQMJCuIF1BuoKEg4SDhIN0A+kG0g0kAiQCJAIEucWE3ALNFK1IIj1AeoAg/5iQf6CZYsZ2aseZBIFm2sLT2sLTQjNt4Wlt4WmhmbbwtLbwtNBMW3haW3haaKYtPK0tPC000zYRJBEkEeRnkJ9BfgbZDLIZZDPIHZA7IHdA7oHcA7kH8gDkAYjQTNFGNg4XKl+CZorZwYhcA7kGch3kOsh1kBsgN0BugNwEuQlyE+QWyC2QWyC3QW6DCBWjZ4meWZWlalJ1qbbkITWQvKSmUkuptdRO8pX8Jcuc2LGSZHvX9q5ki3aduEsj2tpi7DoxspkYc1G8h1tdEqPMM4zyId56ECM9eUoM98sb/vO7J3R8mUKBOwu0R3fJEaF83i/sRY+yUdI4KU6aLMXjXlCCtByjocmSnlq3c6ilO49qIAZqtydIueSlVGfQ5BVUB7Cjdvx6KbdkeeopnifK9N+LtBfmBhe9zRj+o+hfvKUm3oMYTkuicXdZ/MdY74KL+4+TaclU9EZ70SNNwb0pqifQfyJKyDiUinHwx5NQHsYhzSehJIxDak9CGRiHdJ6E0i8OJV4cSrk4lGxxKM3iUILFwZdPQtkVh/IqDmVUHMqlOJRFcSh/4uDjJ6HkiUNpE4cSJg6lShyV84o8hSy1ceSpZM8iHCJ3TZIY3o75CPdxZHmd2AIzDYChFjEFNYepqC1MQQ1h6kt3aMSzFRVlk4g3/b3pWU9ZxDt3rfG80vLUv6X0vp6my/IiihfLEUZhblEnPMvJfgyjPEHcEcGdD4Y7HzLueSimb8g7qbjP4YL7HEVx36nYew7XGIpT8UTI8szmQwrZOEoPlTyG+DT/wMLmLpUgLWt9Bm15m9niuYTPspVefq6YfctAidqqkiv5u/xv3fbvnOPrjhcklaZYNNPHLyt/5+wRRQ8qHcWQ+Phbn1vm9DEL4Pp1eSmXPF9D/NprXa+x9Sps9Y/z0+v23jTrWmqdI/tvnu2KaJsjR3Cxxk/pV2Iye4yLX+f+4vpp1vVbWWOoqfVJ+j8L/5tClbNHScsqM56nRnPr21w5czY5fZzn59OW0lFn7WXV0vpsPWfOKOePlPbn/AKekEp4z60t3rYIyvJW7/Ptkj8e713h6v4vh6u79W0TF0lGr2FL/4evsSb6+1HNWehqyfIsNHvNaoHl2RfuEo3AnaHx2Jsrrj7R/8HfWta1stbwx1P4Y6ksMCFsNrTMZH1POestZdS63/62sXiWbSfPkGdaZ4NdJa+R18r75VTrjLCnqHZpOSvRLhAjgXlZQ/H3j2eQF8hLqAafJG+V06luaznPSOt5eufAeb7rDEXI9lvPs7X1PD3/wXm+eoYv9v+/P8/Z7zU9Z3+w6ZmWw+mZ9oGc5/z3mp7zP9j0PJzD6Xn4AznPpTl8nks/kPM8msPnefQDOc857/X6nPPBXp8Hczg9LfvPgzqfh7Vu9Y30d/pncdpi3FuObhnxqBB6+DFJVcdTrbAe1QjZ83tlEsM9C0exNu7QetjdwjcmbLYRFBKkPvTZhbC2/lfe3Pk78ZGLUteStkvkpZSylnQ9aifm5njR0+z/l/PxzTYaRm/rGFP/3tm8K65FyyD5Aw6h7wcfQkscJn3AIfT94ENoicOtH3AIff8QwiipH0Yu//dCyOSR0AlvDe3/NoTRH3wIR/2JEMookw/b2tmF2or7Jdlnoykm2fEUvpPv4rv5Hr6X7+P7eSo/wNP4QX6IH+bp0ptG5KYtpWqYZVuMTva6ESvfMGo4/4WnQHdCd0F3Q/dA90L3QfdDU6EHoGnQg9BD0MPQ9H8SJvsA+SH0EfQx9An0d+hT6DOhlOBCGVSG2kBtobmE6qOgP0nZR6MUY1GpdgUlVZmpnMM4hy+WTcMdrPx2zpJROSEpyjTllBJN/5dfJa+McGnZzpHWMljXemLdKtvvV7bZQDnARiotNZCC7ApJdspp5YakiHGxlN30/bYYRVK5qqyg72esyyu/Y/lL24uRC9+2ffblr4RLoV/uUlu7wlKeN4Sqvzi7bPu3rPm68P2JNa0h6Y8Yen2YRiPNikgOtOyMdVsxeuhipOGFbL9uv7wlbaOzK2IXZtfVLtyum+Ua5Bn8CD9qJ8qHF6OBvTpCixiHIQ+u6uX4jr1Z+qfYivnbLGOgWZ5Fi3r08zuo4sg2eAcuBu+9xUgv9x0Rz57x7oEkZqbK9cbr5G1tC9Gj5YjorwFtB+0ADYJ2hgZDu0BDoF2F0h6OoK+ECK0LhUvMuOGFeTS80bMxHG8eWMa4fVc7Q5ZH2Ipn/+OgE4RSqDIQqgyEKgOhykCoMhCqDIQqA6HKQKgyEKoMhCojq7fEH3rCsOVsLUtkyWwXS2Xp7Dg7i3mv7rBHdPnr5VzyR3J+uZBcTC4tmzH7VW3ZU/aSm8utZW/ZXw6Ww+Vecl95oDyU6uEx8mTy1PPkBMx6tVneLu8hX31EPimfly/LN+R78hPMfcWVPEoBxVkpoZRV3JWqSnWljtJAaay0VNoqvkqgEqJEKL0x59VwZYwSp0xVZikLlKXKamUj5rnapxxSjlJ+vqhcUW4pD5SnqqraqPaqo+qkuqilVFe1oqV/Ama8Qo8ENUgNs/RBUAer0eq4f6UUe56S0dCR0FHQ0dAx0LHZUns8NAYaC417kQvkSdB46HToDOhM6CzobOgc6FzoPOh86ALoQugi6GJoAnQJdCl0GXQ5dAV0JXQVdDV0DXQtdB10PXQDdCN0EzQJuhWaDN0G3Q7dAU2B7oTugu6F7oPuh6ZCD0DToAehh6CHoenQDOgR6C/Qo9Bj0OPQE9CT0FPQ09Az0LPQc9Dz0AvQi9BfhapIL313aE+hRo9s12traBtoW+i32a7j9lBvqA/UN9v17QftCPWHBkADoZ3+hA8IhYa98AemcGg3aAQUITf1gCL8lK+FIjVtkZq2SE1bpKYtUtM2EfozdPMrnkamKyBD9BWDXoNeh96A3oTegt4mFXVK5hPu40t+Wy+JP518Q/lEDVAD1U74zSTLXynxzM4vOCTA+t2xm+V7dfp3qRXeJaSs8xffhQeXda4X3rFzWeeGPhEhtWi/ZZ3/uMyzo2+4ZQ3JMuYosxyn4FRJwsiZ9FcwxhxZcIzeVDrKM+q+xgxyfGTBAYR+lBlzszWb9LoyXJEL6CSzj96mjJ6pLLKKzNT4ZuYm5rLZiNOMQv2crFPdNJJ8pW5SKBUIHaUI+q8uPuYi2Xam5vEKKxWbUKPq+Hwb7poUr/wXSk12axcfmb+5OVJNMkcqC+IVmcmyQwUKYuIsu7s7Z/MzZgQ40axlhZbpKFw9EUylhap3kFs0c3Mw5xY/jA42X/t0C+wUEhARGuJmb+YCGhwMTTv6dQkN8XMrZHYSxMYh71edOoSHdgv1j3D+IjQ8LDTcJ6ITbVHEXFgsVxzyv1jevFOXjuWaRfh0CXNu/EUtc6F8mltl86fmKm5VKlWt+Glr+lk1209z/+U5ErJcZhux3NZBqdXoC7eS5uKWX4VCvugUFtgx3LlOs7rOdZt5VatasUKdchWqeFQu5+FmruhW3FzUckJOrz2hZh3De3Tq0NEcyVyyRzDTSUoks5OI28iRjEmjP73ZoW7bBhPVpJUnejWbd3Nhm81lVm4Z9mPQl96ezabGbm1aqGqzDgNW38i8rpjX3zkd6Nt5++Kf5nc4VWLS52VjhwyyXfywxpWHto1tBoQkRuaxO7/+ka1vwMiP9Db9RixZvWHBwbGS6u++ddD8JreuhtuPGOzo2DnXwu5njm7d67bpbpnQNQprVHbNyU9cPN1DogZUWXM/fnhqoUXLZjTKV7/EhGKzbs07Vmdltc/mzql/qpTc+VRxm0Zp0eMDXGvNbl+//qnyO440q3xLCfhB3/izrSdT+y05Hj9/WL+RCwt/+dG507UjO3snfH98xJclWp77qv3s690Nn6+vvHWE451NTQtca956oxa68JsFXrk3f7lTpmYDmxnJTBQjOnNBitKCot9jHqcQ7dsZwbWnVD9VcJOr669JsRVH/YgsVLComt/s2C9P0YoPfmnqEWZztebjHo9XlFm6tdIKO3NzsUJh9Svzl+b68fXi60Z9ERgREVatfPkO4cGuXZ6nk2uH0C7lwzp3ErR8WHioX/cOEd3KZyWjSEUkImVKV1rF3EpvpOtSpzMwpjY0NzB7Pv9tlqP+az1Az549X3eAjuFv2XOE2UGEt7gqsqB1l4rxletREbkkxLtr8JrIhZ98nOd2/nw17qVWsLup9Yj48W7YIdeE5IaFPZwPJN9w/cEzX9j2XbE7/CZ/sqt9vVaH2z/2DTo4eU9QlXPbi7g+8uwWt3Pz/Rv1039rtKVgyRplhwWfWuns3fCHyJPOhtq3v15pCm02O6jt5SbPonWToh6MWzOg/BrvVDdf+6vBJpbaroB57srlWg37TR4+t5Y2mZq8O9+Xma0qFVzxtPD+iY+1pAIbbA5WC9531/+eLjBP5MSMxrdvjTI+GHFp7ie/tL93s80EB+Pl4z41i9+3cX8QvOxK7n4lypbJH/rN6EOjChza1unKzw61P+1wqXeYb4sSxS9G/D68QN7p5qSBSQ71+novebZ1olPGCnOknpEXu5TNiyVfGvKgd//Gl57BiyVnjzVb8mJ9c8RXlDKXsFz0hbMv9+vo3KxTQAjtVfgxZ3ezmxucWRVzVTc3dzN9Klqc2Yuf5ogcCZ91ufKG5e/0RoOHri221TByYr/v8j4p4f0kfHDZR3dmxg6O8Vgzc3f7IeWrVXAtNLrXoz7zC0eyVb13F9io7PL4bduE+4/VgrcG2TxzCZl+K+DzbSWp9Cl8Vx1Xq8OVc+vzDr/qMLHSyaphzUM/u7K4rslcf0viSPOEXLt77LzfbbxjzwPDNozbYRzkfLXQvEo3uyadjpC+HJp2fPRv6b2ejni02Hvw55vWFU7wjf1528BloxLSl5Q52PxxpaN7u465WOjZla6dd/9o7BFx2r6J56GbUopnw5mGShe+0X7vMznlYutzg+6mT7QrHD3n/MB8W9J3TSvIdvzuOddhTIXYIp7uD5KKzZCWJzbbNSDkP236X68a0u/2hisOtr8990b9KEb6WNxNceFusgrmhkaWdaUq2dzV7nTfgfu9P738LCCpbVrKhoVrtjrEmZuKxblV8kWz6pnrumlmW0vRon7VqHFTt4pmd/FT51DGvYLZ7OZepkNVc0XfSh19ylX81LdiuYruFaqWq1qhsns5v6qV3Px93N0rVfTv8JIL9Azxu9BYdzByQb4qVVxWdZm3q7s8/s0u8LUeKjSsG7wgZRfKx5SLKQOL/NteSDlzlXLmqnCBPtlcYAszVVayucC67zzAcy/4lkNEmHOJgDsw9kyVzdIrl7MSKVNr37Hwsa+TGqcUbTSjSa+Mqw9+37vp8OabDz9pebVZSqd6usPJu6+cfTKhzfj2uauW2qyr63B64neDN/ovPLbhN7lF0TWfF+1Vq0vCg5tS63EThjrtMY1PnehUxzx/tuOO9fXa3C1Tcdi0ka2qbPVyWuKyy37vkUj7+ZVuJLikjCw2p/+wUyWdzvsXHFLd9dnXyldbQgbEu/+2ckX5xi2/1S/LOzylYIc13XKdS+9dwq50TN257gOqx1T/un7PokOeLrPfMfSCMW+TbWVau7X5NChm3qzBnWNKhd5MTri8qW6+Pb5e/Vc1L1AvOm52l80hJbc/KFk45arzfNtlN/fZThx3NmhKpwHTK2d0cX466PCzrWtjK5uefp5nS1ye+Zuj9lyP3LKwRbEv8q/yHNQrKvVh2pQaH/+SZ8ivI6YFFhsc+Nn8Hf28SvxqLNKww++Tx+b9qsKqlt6NMhqsqxr9zPXEsvazvui8s9f+ZRs6jxwQ/FP4gsuzH087USD90yd+O7tUN17oM2DZ4o0z13+/P6blrN6tdn9UzzetyPUn/012s71fvrrf7Cqh3o1rrKkzqlG87bDEvq3u7Qj4yefY1LjklOG7Q+ud2ew67uqye0vNXa4E1Z93KaZHyiZj8tPP7iZ0q6Jf3nL/x4c23B236yenW/2CWKPVn/TvtuJgG5ca1VrlPzX4WkBy/bnljxcf9nm71CsV64wuuHF0rh6R1a8nHyk3XZWjPR9ePyHvV2ZQIWCgQuC6pRCw8XEMrAjf7/RqDbY93KmNaUyJIWNvlfVjHzsqlBvdPjbnewmasjIrZcMyFr9Z7IXfbBoaSs6Tsm4n/04dfCI6OtfqHhEYGt4p4jvh3M1VzBXNFdzcK1Uwi5qquxt+VjCLn/+7KvS7/Pu06cHLTh3zHFO6T2fXj89sOntu24QmRRsv3nciv1cxu2sH5h5ouDjC7Jz7N8Ph5uPz1h/3Se0xCXFtzSWOSp0zv990ZYjB7j5X424M2VN4d4ViP025dSfAqeyT738dXPDyr14zp28p2mzXiEd195tS2y1JXVpbnfFwTvDYgIxSxz2aLY1KvVDKw7XkoqhGLZrmOq+UfRw0apQ55Kfb35inPOqbHrsis0hs3wdpDreNa5p1abqy7qhpnlKDev65S/7Hf17s+YP6/g1mPBw4N3e9PKbIaQOvtuj1lE0s2Ng4SLI3e1xdc7Kox4bkcs2nLSnUq5Zbzz2TTn02YOx0H3lVQW3Zk/uTlrN9Ll82f/ZQtzXJ2fa5f19IMTLXbJflcXRmhUw2f/7a2qVw3wXtVJXyX5TZXm+ylgl5mSCSuX+cxTf3H2XuP6JfHr4o0rtmy5KxF4o7PCl9xqbZ+G/Oz5reYZZPjmfPSPvvFjtObxA/e3HDbq3uGBxcO5obWwqF+mYqh+K/iK8VVePP14uzFofTEYUrR4HQPFuB4Gn2MNfJViBU/St1YnEeX1j2+ifrwxTX9rFDt7ZV6lQ+cWnl4p7H9n3X5Cu2zDWia5suuRwW7kv8fuRa10MfzRjexXft1/JuL2eHxhNO9K559usNS1pNdDpTkEUt2tDr1rDUK5+xa2cTR9roUkZ4nr3RLO+JRgvHnP91RNDhflsujrulLz9IuTS6dDGXsMf3npzvNcFVu284G7Yxv9eU6M424ePXTv90ckC5bU34Zd+2NRzjhjnXOGso4P5wj1uDHm6flwm3Tbkc9vmzQTYOp5JsfKJvZKzN95vXsB+3VSrTbubPv238wfb/ijvzeKj2Po6PsWbPlkZhjBjbODOlqIZQk7nWKLvEMNYZEpmZkjFkKV10ZSxZpkKlbNN2Q4NBqCvkCt2yJSmMa1Sy1DP03Hiq53nu88fz6o/zep3fOa/fWb+f3/t8vt/XOcfsWJdDGHQSaK0i+bq78a0TlZPs7JPLfLvzV7wzU09/9MPJ+If7HF/lhqYHXzOy6npHZl1VpHhrcS7kaG0RioR4t6CVCSq0KbH7ulWPzJkjH8ajbg5fuhxucMem8TBMRuOo2E775MOuGHO5aiaz3NqvOd/sE5UMpebJA/hXZjIHIc15atB28zGdsaoZi4e6XT0oqpWGtoW6p+trR07R86zc1u0hNTGa4UJrJ49CWTm0Os39tyoC0UmMo143iAzZItbVvVMyIYunUMGVH/v3NSfDWvA1uRsTZHzAaL0yl5Q7L6AjN8tbcTdI+wW7TBF219LLC0klzIKMCEjv2QTZCDV91GURYoFb8iZWASeuFdr9Rtm2JXsSO/CezzckSSyqOaD5JfF1Mb0NqfVJstHNvcdaidEzp59ngjigENQie3ERoAlTAJqg918okEztXEYB/9c2ICbx/zIUowDgsyC1/o4gVxwBkocNQxRgYPQZGluXm0hgqfnDHQsN/C07wEvsAPPYwdNcydRcmPQGxPUe4lWatPWWu9O3nKH5ZkraQWOudlfvCBlCBLB3o9niys+2BTXJ9IhNGdZnCZU3G/3OJ4c0e5wkQfZJOJF+SD24LA97fsz/YGd/jkOlqC67rPeKTillTdmTDJfWQxDBMfzRVyh7DRn90RIRu0fM3bc9ehoQ/BEl/twHBO52d4bCDObugKHPNaKPAamoACel93jXL7PDz4UlfncnF2K1RiXuFchG3ktHc+aHdVylVawd4RcoYQMy229jD/ZMTJinxfYeqzwWr9RrXJHs8SrJNg4yzdB3eZG6Q690s3PjbeOPqMdMfnRFZdlZwxOduVTdtzaOaVCDTWwjok+0w93zUtfXw+IezNzljz/z3nOq3Z6VnJ5QXQsN3+SpCL/1UBNuuCnT6Ketj45XnC3dACu+gh/3UgkchGNzPROHNnk8hloa2zfcdDJR55/qoLjp/w4bDvWQ2oeJZM6CBquvgWmeT2vlmTVKXQcsR40YUmMwbLXind3H97yoY4dRBsJG1ftZmKxGTv0Gp6exZ8atsUBxyc/94275ZQvPyvFDdfSYYxPdE5ajWK1iWXhRcZQf9eUpb5JnpX7cE6fz7qxIOPzPCQIbnqKbsmubbd3gyd1JDWusGrsKzfXDz70nzpJUnXVlPQ6dyza23RzXV5647nmezUxGeTWmIDizc6A7MfkLOyd47Bz7Dv5W4PldX7L+Swc5sIC4sijIARQB8gaZg0z/lavfQHm14wnT2w5Gppr/KidoM/i6+D6yA5a0BXD9DLelDKptgXWBZTz2f0r68HTLUy1PrF9MiSew2ROFWsbcwVWYswfsAJtVmDP7e5j7D9sPB2Lylw5eVSCGDsSkAzFpXy4Sgh+IiQVM/todmE9h83+zWT4huCO8MwsgeIWRcaFHEP7hBGDXlw2AgS3KKNWNICuQL8gP5AUKBnmCQpeTygEgHIjMay39L8RrOcFM4E1L39VDqG78nhHzm44vzBzYT4YgHveE+6nliGWsHcSdzTLLiOoki6fW+XoidI1n2WEdhNiP90xeibbuYO29cpEb8BTHUjMopHv4xqVGncbYHegRP3u8E2K5gbvT7LR9e/li0LCxMEIr5yVaqbDr5sbIdKOhMZ+W3WgSBcaVjSpKDY89M/NAA4zRrj8lXXXpiqB4zoT/nD/iXIG2iXaQMxansiaA6JqZ8SJ2pjaFi9F5vrCjvcaAQ9xUOlKmOdH+jCtZlgWnZ1pLosWmRZK6VdgoxaGpRr02t7wbWCPRJtH6puulI5W9T+UT9+1xNkQd1oREV8xozj7X3a4akFnpkuRPDCm+Hc7eJShUxKcNN6aZyFrjxWqZ1m8HU6I3hMhH7Sk+OrJL2/ci28PeO569EbeVHt/fx52dVmBkaw7+Vkhvn/TAmQ67CZ9PMBaKFOoQqohQkbvn5XVz6o8mJYF7/ab3JeGTz331x+nvGO4ZPaBuBqbGhUsvXGNpIZ1FVWkHaTVW5BSa7IlUNmjqvHAhn0JRm7M4p1IyvxdGfZs3ywq6bUkfehNBgoy/3pZFVrT81M2E+Ue8LJtbOP1GjPo6YEfZAjAhYPVzf38EAZeG7sh1tLFlUZ3UGKS1KCiFYypaYTJ/+eEljzpGYo7TYUcbiz21Zi05R91EqRZBi+T8uhoCIbDF/oisBMXuNyRNoBygCVwD8/EBMed+NLi+nw5cqY0UxDQsDT7/DOI1/Ejx1YUX3lGstMSQksDqtfIAbKWjAJI3tA1wHyhiq2SszOqhlJ5oaEeIpk4/4LOqizjSEdhfoE2Fg6yXhRXGk9hS7QbPk9PSy4LkZdH58ZZ78eb8QWSGBlX93yp7Pzk0xC/MK9SfrPoVmwVofCCKCLLb2WGRe8iP4m/8x4KFhfA4zVkYM2nqyUkp8CtxOplyoG9dLdIaTT+FxuxKVLtV3lHf17SVg09I3PHLHoPRkPRu96y176JPhvVVIFoDoyMCr2uwItwyPkalnsR4H3CYL1Zx/8nReFtCU31AtJRk3pifJWOirRvTnmgWS+ecYLVy7BWhNen4QEcq+ikJx9WZ97uqcVF8/Vt2FkTokzuZ8Ej90PgJdJIYUfNseop+LJvE4QUWl9X2qNtxq+1sc5t6l93lrDu5ulODi/V2XsMjt3+Z3h5fXeuwiK5KA4R7Cp+9Z3gsdiI/efqD13cVuTia/Dk431Jy3z7bUKW+gWbEoIHhvMcT9ZV7JISkgeV5i9Yuh+bPP8yIf7/QtiomPQDF1SEptlIw5OPt/MsaQaTUcuIYidyGNNpsaAC4fhOR89KDb5MlKpPN6WcOQ+CINvfstNmvLNNSrGzbS0B4RTqRROTpL/KrH4wbADtnnk25gNpOa3YEijgjCuvr/dTqzCIdsjvSOQO5t/j7c9bryCrTLc/E10oxDGv3aatMppmffPgbvsjRTvpeM7M6cgvtiURoaV4s8Q5jVi4b3uTSrCIyNihCIzoUl/oOX4Al1uJCL/UqBCaGfOg6ValxI1TJaGQENvF0cF3+FP9s8DupP57IvbyODdqJbtiZYCXLPa4noNQvwmR0vRq6njld/SHZKAEZdTHHNDJ4LqjoeO9sQnbL7i16HztUJ0Hisgr397UfwQgfVsSP3FKIe1P+YeHAwuP1EiQ2BN80Mj5cNbe1fCjl1BVCg2gfct2V0PMg0D8An4W96g0KZW5kc3RyZWFtDQplbmRvYmoNCjcxIDAgb2JqDQpbIDBbIDc1MF0gIDNbIDI3OF0gIDE5WyA1NTYgNTU2XSAgMjVbIDU1NiA1NTZdICA0OVsgNzIyXSAgNTFbIDY2N10gIDY5WyA2MTFdICA3MVsgNjExIDU1Nl0gIDc2WyAyNzhdICA4MFsgODg5XSAgODJbIDYxMV0gIDg1WyAzODldICA4OFsgNjExIDU1Nl0gXSANCmVuZG9iag0KNzIgMCBvYmoNClsgMjc4XSANCmVuZG9iag0KNzMgMCBvYmoNCjw8L1R5cGUvTWV0YWRhdGEvU3VidHlwZS9YTUwvTGVuZ3RoIDMwNzY+Pg0Kc3RyZWFtDQo8P3hwYWNrZXQgYmVnaW49Iu+7vyIgaWQ9Ilc1TTBNcENlaGlIenJlU3pOVGN6a2M5ZCI/Pjx4OnhtcG1ldGEgeG1sbnM6eD0iYWRvYmU6bnM6bWV0YS8iIHg6eG1wdGs9IjMuMS03MDEiPgo8cmRmOlJERiB4bWxuczpyZGY9Imh0dHA6Ly93d3cudzMub3JnLzE5OTkvMDIvMjItcmRmLXN5bnRheC1ucyMiPgo8cmRmOkRlc2NyaXB0aW9uIHJkZjphYm91dD0iIiAgeG1sbnM6cGRmPSJodHRwOi8vbnMuYWRvYmUuY29tL3BkZi8xLjMvIj4KPHBkZjpQcm9kdWNlcj5NaWNyb3NvZnTCriBQdWJsaXNoZXIgMjAxNjwvcGRmOlByb2R1Y2VyPjwvcmRmOkRlc2NyaXB0aW9uPgo8cmRmOkRlc2NyaXB0aW9uIHJkZjphYm91dD0iIiAgeG1sbnM6ZGM9Imh0dHA6Ly9wdXJsLm9yZy9kYy9lbGVtZW50cy8xLjEvIj4KPGRjOmNyZWF0b3I+PHJkZjpTZXE+PHJkZjpsaT5Kb25hdGhvbiBTY2htaWR0PC9yZGY6bGk+PC9yZGY6U2VxPjwvZGM6Y3JlYXRvcj48L3JkZjpEZXNjcmlwdGlvbj4KPHJkZjpEZXNjcmlwdGlvbiByZGY6YWJvdXQ9IiIgIHhtbG5zOnhtcD0iaHR0cDovL25zLmFkb2JlLmNvbS94YXAvMS4wLyI+Cjx4bXA6Q3JlYXRvclRvb2w+TWljcm9zb2Z0wq4gUHVibGlzaGVyIDIwMTY8L3htcDpDcmVhdG9yVG9vbD48eG1wOkNyZWF0ZURhdGU+MjAxOC0wOC0wN1QwOTowMDo0NisxMDowMDwveG1wOkNyZWF0ZURhdGU+PHhtcDpNb2RpZnlEYXRlPjIwMTgtMDgtMDdUMDk6MDA6NDYrMTA6MDA8L3htcDpNb2RpZnlEYXRlPjwvcmRmOkRlc2NyaXB0aW9uPgo8cmRmOkRlc2NyaXB0aW9uIHJkZjphYm91dD0iIiAgeG1sbnM6eG1wTU09Imh0dHA6Ly9ucy5hZG9iZS5jb20veGFwLzEuMC9tbS8iPgo8eG1wTU06RG9jdW1lbnRJRD51dWlkOjY4OTMxNjUzLURFNUMtNEI2RS05NEJDLUVDQzJFMDk4RDgzQTwveG1wTU06RG9jdW1lbnRJRD48eG1wTU06SW5zdGFuY2VJRD51dWlkOjY4OTMxNjUzLURFNUMtNEI2RS05NEJDLUVDQzJFMDk4RDgzQTwveG1wTU06SW5zdGFuY2VJRD48L3JkZjpEZXNjcmlwdGlvbj4KICAgICAgICAgICAgICAgICAgICAgICAgICAgICAgICAgICAgICAgICAgICAgICAgICAgICAgICAgICAgICAgICAgICAgICAgICAgICAgICAgICAgICAgICAgICAgICAgICAgIAogICAgICAgICAgICAgICAgICAgICAgICAgICAgICAgICAgICAgICAgICAgICAgICAgICAgICAgICAgICAgICAgICAgICAgICAgICAgICAgICAgICAgICAgICAgICAgICAgICAgCiAgICAgICAgICAgICAgICAgICAgICAgICAgICAgICAgICAgICAgICAgICAgICAgICAgICAgICAgICAgICAgICAgICAgICAgICAgICAgICAgICAgICAgICAgICAgICAgICAgICAKICAgICAgICAgICAgICAgICAgICAgICAgICAgICAgICAgICAgICAgICAgICAgICAgICAgICAgICAgICAgICAgICAgICAgICAgICAgICAgICAgICAgICAgICAgICAgICAgICAgIAogICAgICAgICAgICAgICAgICAgICAgICAgICAgICAgICAgICAgICAgICAgICAgICAgICAgICAgICAgICAgICAgICAgICAgICAgICAgICAgICAgICAgICAgICAgICAgICAgICAgCiAgICAgICAgICAgICAgICAgICAgICAgICAgICAgICAgICAgICAgICAgICAgICAgICAgICAgICAgICAgICAgICAgICAgICAgICAgICAgICAgICAgICAgICAgICAgICAgICAgICAKICAgICAgICAgICAgICAgICAgICAgICAgICAgICAgICAgICAgICAgICAgICAgICAgICAgICAgICAgICAgICAgICAgICAgICAgICAgICAgICAgICAgICAgICAgICAgICAgICAgIAogICAgICAgICAgICAgICAgICAgICAgICAgICAgICAgICAgICAgICAgICAgICAgICAgICAgICAgICAgICAgICAgICAgICAgICAgICAgICAgICAgICAgICAgICAgICAgICAgICAgCiAgICAgICAgICAgICAgICAgICAgICAgICAgICAgICAgICAgICAgICAgICAgICAgICAgICAgICAgICAgICAgICAgICAgICAgICAgICAgICAgICAgICAgICAgICAgICAgICAgICAKICAgICAgICAgICAgICAgICAgICAgICAgICAgICAgICAgICAgICAgICAgICAgICAgICAgICAgICAgICAgICAgICAgICAgICAgICAgICAgICAgICAgICAgICAgICAgICAgICAgIAogICAgICAgICAgICAgICAgICAgICAgICAgICAgICAgICAgICAgICAgICAgICAgICAgICAgICAgICAgICAgICAgICAgICAgICAgICAgICAgICAgICAgICAgICAgICAgICAgICAgCiAgICAgICAgICAgICAgICAgICAgICAgICAgICAgICAgICAgICAgICAgICAgICAgICAgICAgICAgICAgICAgICAgICAgICAgICAgICAgICAgICAgICAgICAgICAgICAgICAgICAKICAgICAgICAgICAgICAgICAgICAgICAgICAgICAgICAgICAgICAgICAgICAgICAgICAgICAgICAgICAgICAgICAgICAgICAgICAgICAgICAgICAgICAgICAgICAgICAgICAgIAogICAgICAgICAgICAgICAgICAgICAgICAgICAgICAgICAgICAgICAgICAgICAgICAgICAgICAgICAgICAgICAgICAgICAgICAgICAgICAgICAgICAgICAgICAgICAgICAgICAgCiAgICAgICAgICAgICAgICAgICAgICAgICAgICAgICAgICAgICAgICAgICAgICAgICAgICAgICAgICAgICAgICAgICAgICAgICAgICAgICAgICAgICAgICAgICAgICAgICAgICAKICAgICAgICAgICAgICAgICAgICAgICAgICAgICAgICAgICAgICAgICAgICAgICAgICAgICAgICAgICAgICAgICAgICAgICAgICAgICAgICAgICAgICAgICAgICAgICAgICAgIAogICAgICAgICAgICAgICAgICAgICAgICAgICAgICAgICAgICAgICAgICAgICAgICAgICAgICAgICAgICAgICAgICAgICAgICAgICAgICAgICAgICAgICAgICAgICAgICAgICAgCiAgICAgICAgICAgICAgICAgICAgICAgICAgICAgICAgICAgICAgICAgICAgICAgICAgICAgICAgICAgICAgICAgICAgICAgICAgICAgICAgICAgICAgICAgICAgICAgICAgICAKICAgICAgICAgICAgICAgICAgICAgICAgICAgICAgICAgICAgICAgICAgICAgICAgICAgICAgICAgICAgICAgICAgICAgICAgICAgICAgICAgICAgICAgICAgICAgICAgICAgIAogICAgICAgICAgICAgICAgICAgICAgICAgICAgICAgICAgICAgICAgICAgICAgICAgICAgICAgICAgICAgICAgICAgICAgICAgICAgICAgICAgICAgICAgICAgICAgICAgICAgCjwvcmRmOlJERj48L3g6eG1wbWV0YT48P3hwYWNrZXQgZW5kPSJ3Ij8+DQplbmRzdHJlYW0NCmVuZG9iag0KNzQgMCBvYmoNCjw8L0Rpc3BsYXlEb2NUaXRsZSB0cnVlPj4NCmVuZG9iag0KNzUgMCBvYmoNCjw8L051bXNbIDA8PC9QKFBhZ2UgMSkgPj4gMTw8L1AoUGFnZSAyKSA+Pl0gPj4NCmVuZG9iag0KNzYgMCBvYmoNCjw8L1R5cGUvWFJlZi9TaXplIDc2L1dbIDEgNCAyXSAvUm9vdCAxIDAgUi9JbmZvIDM1IDAgUi9JRFs8NTMxNjkzNjg1Q0RFNkU0Qjk0QkNFQ0MyRTA5OEQ4M0E+PDUzMTY5MzY4NUNERTZFNEI5NEJDRUNDMkUwOThEODNBPl0gL0ZpbHRlci9GbGF0ZURlY29kZS9MZW5ndGggMjM1Pj4NCnN0cmVhbQ0KeJw1zz0vQ1Ecx/Fzzu293NtSl6qHF8CASDqoeAdiNjd2EYuticRusZhsnQwisfAKGIQ3oVGLGEg9X+f8vnWG/yf/5P90jPGvKKyPuTGBS+gL1xbJnGg0YVu0bsTWbcAen4r+IpzDnXjfAY22HxfwJD6PxNeh+M5hGe7Fz4z4zYD2ohNwZgk24EXYNeEG9EQEpTcR+3Od/+aCGYcJqMEkVGFQWfd9Sec/s+AgghIMQQIxlCGDYUhhFEagAjmMwZTfns7q+Gw/EK3swbNopmL1Sjysi+4BnIjH+UBcPhOVTdgV09fwaswfLT048Q0KZW5kc3RyZWFtDQplbmRvYmoNCnhyZWYNCjAgNzcNCjAwMDAwMDAwMzYgNjU1MzUgZg0KMDAwMDAwMDAxNyAwMDAwMCBuDQowMDAwMDAwMTg0IDAwMDAwIG4NCjAwMDAwMDAyNDcgMDAwMDAgbg0KMDAwMDAwMDYzNiAwMDAwMCBuDQowMDAwMDAxNTc0IDAwMDAwIG4NCjAwMDAwMTI4NTUgMDAwMDAgbg0KMDAwMDAxMjkwOCAwMDAwMCBuDQowMDAwMDI0NTIwIDAwMDAwIG4NCjAwMDAwMjUwMzYgMDAwMDAgbg0KMDAwMDEwNDM2MiAwMDAwMCBuDQowMDAwMTI4ODEyIDAwMDAwIG4NCjAwMDAxMjg5NDQgMDAwMDAgbg0KMDAwMDEyODk3NCAwMDAwMCBuDQowMDAwMTI5MTM0IDAwMDAwIG4NCjAwMDAxMjkyMDggMDAwMDAgbg0KMDAwMDEyOTQ1OSAwMDAwMCBuDQowMDAwMTI5NTEzIDAwMDAwIG4NCjAwMDAxMjk2ODIgMDAwMDAgbg0KMDAwMDEyOTkzMyAwMDAwMCBuDQowMDAwMTMwMDY1IDAwMDAwIG4NCjAwMDAxMzAwOTUgMDAwMDAgbg0KMDAwMDEzMDI1NSAwMDAwMCBuDQowMDAwMTMwMzI5IDAwMDAwIG4NCjAwMDAxMzA1NzAgMDAwMDAgbg0KMDAwMDEzMDczOSAwMDAwMCBuDQowMDAwMTMwOTgwIDAwMDAwIG4NCjAwMDAxMzExMTcgMDAwMDAgbg0KMDAwMDEzMTE0NyAwMDAwMCBuDQowMDAwMTMxMzEyIDAwMDAwIG4NCjAwMDAxMzEzODYgMDAwMDAgbg0KMDAwMDEzMTY0MiAwMDAwMCBuDQowMDAwMTMxODE2IDAwMDAwIG4NCjAwMDAxMzIwNzIgMDAwMDAgbg0KMDAwMDEzMjM0MSAwMDAwMCBuDQowMDAwMTMyNTIyIDAwMDAwIG4NCjAwMDAwMDAwMzcgNjU1MzUgZg0KMDAwMDAwMDAzOCA2NTUzNSBmDQowMDAwMDAwMDM5IDY1NTM1IGYNCjAwMDAwMDAwNDAgNjU1MzUgZg0KMDAwMDAwMDA0MSA2NTUzNSBmDQowMDAwMDAwMDQyIDY1NTM1IGYNCjAwMDAwMDAwNDMgNjU1MzUgZg0KMDAwMDAwMDA0NCA2NTUzNSBmDQowMDAwMDAwMDQ1IDY1NTM1IGYNCjAwMDAwMDAwNDYgNjU1MzUgZg0KMDAwMDAwMDA0NyA2NTUzNSBmDQowMDAwMDAwMDQ4IDY1NTM1IGYNCjAwMDAwMDAwNDkgNjU1MzUgZg0KMDAwMDAwMDA1MCA2NTUzNSBmDQowMDAwMDAwMDUxIDY1NTM1IGYNCjAwMDAwMDAwNTIgNjU1MzUgZg0KMDAwMDAwMDA1MyA2NTUzNSBmDQowMDAwMDAwMDU0IDY1NTM1IGYNCjAwMDAwMDAwNTUgNjU1MzUgZg0KMDAwMDAwMDA1NiA2NTUzNSBmDQowMDAwMDAwMDU3IDY1NTM1IGYNCjAwMDAwMDAwNTggNjU1MzUgZg0KMDAwMDAwMDA1OSA2NTUzNSBmDQowMDAwMDAwMDYwIDY1NTM1IGYNCjAwMDAwMDAwMDAgNjU1MzUgZg0KMDAwMDEzMzQwMiAwMDAwMCBuDQowMDAwMTMzNzU5IDAwMDAwIG4NCjAwMDAyMTA1NDkgMDAwMDAgbg0KMDAwMDIxMDY3MCAwMDAwMCBuDQowMDAwMjEwNjk3IDAwMDAwIG4NCjAwMDAyMTExMjkgMDAwMDAgbg0KMDAwMDI1NTA0OSAwMDAwMCBuDQowMDAwMjU1MzYyIDAwMDAwIG4NCjAwMDAyNTUzODkgMDAwMDAgbg0KMDAwMDI1NTc4MyAwMDAwMCBuDQowMDAwMzMwNjcwIDAwMDAwIG4NCjAwMDAzMzA4MzcgMDAwMDAgbg0KMDAwMDMzMDg2NCAwMDAwMCBuDQowMDAwMzM0MDIzIDAwMDAwIG4NCjAwMDAzMzQwNjggMDAwMDAgbg0KMDAwMDMzNDEzNCAwMDAwMCBuDQp0cmFpbGVyDQo8PC9TaXplIDc3L1Jvb3QgMSAwIFIvSW5mbyAzNSAwIFIvSURbPDUzMTY5MzY4NUNERTZFNEI5NEJDRUNDMkUwOThEODNBPjw1MzE2OTM2ODVDREU2RTRCOTRCQ0VDQzJFMDk4RDgzQT5dID4+DQpzdGFydHhyZWYNCjMzNDU3MA0KJSVFT0YNCnhyZWYNCjAgMA0KdHJhaWxlcg0KPDwvU2l6ZSA3Ny9Sb290IDEgMCBSL0luZm8gMzUgMCBSL0lEWzw1MzE2OTM2ODVDREU2RTRCOTRCQ0VDQzJFMDk4RDgzQT48NTMxNjkzNjg1Q0RFNkU0Qjk0QkNFQ0MyRTA5OEQ4M0E+XSAvUHJldiAzMzQ1NzAvWFJlZlN0bSAzMzQxMzQ+Pg0Kc3RhcnR4cmVmDQozMzYyNjgNCiUlRU9G" NAME="Certificate"/>
    <ReportOverlay ID="101" MODIFIEDON="2017-05-09 10:38:38.0" CREATEDON="2017-05-09 10:38:38.0" OVERLAY="JVBERi0xLjUNCiW1tbW1DQoxIDAgb2JqDQo8PC9UeXBlL0NhdGFsb2cvUGFnZXMgMiAwIFIvTGFuZyhlbi1BVSkgL1N0cnVjdFRyZWVSb290IDE1IDAgUi9NYXJrSW5mbzw8L01hcmtlZCB0cnVlPj4+Pg0KZW5kb2JqDQoyIDAgb2JqDQo8PC9UeXBlL1BhZ2VzL0NvdW50IDEvS2lkc1sgMyAwIFJdID4+DQplbmRvYmoNCjMgMCBvYmoNCjw8L1R5cGUvUGFnZS9QYXJlbnQgMiAwIFIvUmVzb3VyY2VzPDwvWE9iamVjdDw8L0ltYWdlNSA1IDAgUj4+L0V4dEdTdGF0ZTw8L0dTNiA2IDAgUi9HUzkgOSAwIFI+Pi9Gb250PDwvRjEgNyAwIFIvRjIgMTAgMCBSL0YzIDEyIDAgUj4+L1Byb2NTZXRbL1BERi9UZXh0L0ltYWdlQi9JbWFnZUMvSW1hZ2VJXSA+Pi9NZWRpYUJveFsgMCAwIDU5NC45NiA4NDIuMDRdIC9Db250ZW50cyA0IDAgUi9Hcm91cDw8L1R5cGUvR3JvdXAvUy9UcmFuc3BhcmVuY3kvQ1MvRGV2aWNlUkdCPj4vVGFicy9TL1N0cnVjdFBhcmVudHMgMD4+DQplbmRvYmoNCjQgMCBvYmoNCjw8L0ZpbHRlci9GbGF0ZURlY29kZS9MZW5ndGggOTUxPj4NCnN0cmVhbQ0KeJy1V9tu2zgQfRegf5hHqUAo8SaKQVFs0ly2BdpcLKAPaR9UW3bdJlZXUZH27ztD+SJZdtfreGGYEqkZnpnhcA4ZnVT1dJwPa3j5Mjqp63z4pRjBXZSV3z9F2a/vRXSdT6azvJ6Ws2jw43NNQ38X+aioXr2C07PXEF0OEpg8+t4/vqdSiPGXclAajBLMWhg++F705iGfFBrOSrjxvdMMRy44CAXZ2Pe408FuolhqwaSKSQEZqsXMaOm+VhNUuRxYB7Qavr30vbvganZb5qEMRnA1Do9UMMbuKPwE2VvfO88WeGIdT2nLdNrBgwk1blLoTSB7EyQJk239uyCr8ulsGupgFh7JYLI2x0JRa8nitKvZxsNI3qxQueiiGkGoScr4Qvc2Q++vgCDfl+6RUBOHCf7xxVDD/8WY9oTbjBFgmU265giWgNHJVk04f4dJsiXNTsu6Lh+2Z9pFWdbLTGtb7WC1ZlKpzcjSMAGcMwXcKGYMSM44h6rwvQ8vYLZdJlYtoaXbfZ+lorD1sW8Wjj8XQEhmFmEVtIKKGniL2ZXT2zA0wbfwKAkeqSlD2yQdDGp6VAW1BY7WLiMuUe2edocbn+F46cSGpPyFXn/hfBByHmTUnAzAkHjc5I5Lp3Un93VPxDHDGtF28H+JIJer/fUhPBKpi8dn/B+7mDyFXAdP2JqAYTTmu7ZygXEhHlHjuuNx+5NtvrCClEbY/XGw2PCEM5N2TGe0Hs6eA8KgNFcdmI1L0LwIRLBmgYMIetN26kmpnRNCK4aM0d5SJ6fvjyGhDJQuq2MKdYqhbnVj7FrXFYuu7jmxv1VSxUzznTb6M1y3hmm90154NsiOqy1TSVQwx9FMbFxtJ8V7UrvszRT96IT12hWg475NzwBBl23aQXFVTDalzDaFjWqcxjHbVFiQ1DXYNQc0RWtBrLkTYezvLyaEVZ08usjJm5+HDGqasFR0QJpK+rEJpwvux5D2rW4iapb04ahFLnlMYZDV4YO8E6fs739sqfa199H5AxGoq85Tqlb3S3Z5RD5143PatQ1R/1XOKDoVEfY6yVCIxpWjovknSyRjGpkN1X//cGFtU2s049LloCDNmuxSdtzR25EZMreOl3SGZ308LUgHNX6xrIFzIfq6QQS5367mwSKuekLklJB/nIdErG7bQ7eONaHemVQwnqwuE//5QLz7vYvD0/yygq9fweOxJA41JmWpAjRA40lCLAfufW8wx4bomlDfvX5zBvG2s7VReDlRc096NyI3z29AgNeJDQplbmRzdHJlYW0NCmVuZG9iag0KNSAwIG9iag0KPDwvVHlwZS9YT2JqZWN0L1N1YnR5cGUvSW1hZ2UvV2lkdGggMTMzL0hlaWdodCAyMjQvQ29sb3JTcGFjZS9EZXZpY2VSR0IvQml0c1BlckNvbXBvbmVudCA4L0ZpbHRlci9EQ1REZWNvZGUvSW50ZXJwb2xhdGUgdHJ1ZS9MZW5ndGggNTc4Nj4+DQpzdHJlYW0NCv/Y/+AAEEpGSUYAAQEBAGAAYAAA/9sAQwAIBgYHBgUIBwcHCQkICgwUDQwLCwwZEhMPFB0aHx4dGhwcICQuJyAiLCMcHCg3KSwwMTQ0NB8nOT04MjwuMzQy/9sAQwEJCQkMCwwYDQ0YMiEcITIyMjIyMjIyMjIyMjIyMjIyMjIyMjIyMjIyMjIyMjIyMjIyMjIyMjIyMjIyMjIyMjIy/8AAEQgA4ACFAwEiAAIRAQMRAf/EAB8AAAEFAQEBAQEBAAAAAAAAAAABAgMEBQYHCAkKC//EALUQAAIBAwMCBAMFBQQEAAABfQECAwAEEQUSITFBBhNRYQcicRQygZGhCCNCscEVUtHwJDNicoIJChYXGBkaJSYnKCkqNDU2Nzg5OkNERUZHSElKU1RVVldYWVpjZGVmZ2hpanN0dXZ3eHl6g4SFhoeIiYqSk5SVlpeYmZqio6Slpqeoqaqys7S1tre4ubrCw8TFxsfIycrS09TV1tfY2drh4uPk5ebn6Onq8fLz9PX29/j5+v/EAB8BAAMBAQEBAQEBAQEAAAAAAAABAgMEBQYHCAkKC//EALURAAIBAgQEAwQHBQQEAAECdwABAgMRBAUhMQYSQVEHYXETIjKBCBRCkaGxwQkjM1LwFWJy0QoWJDThJfEXGBkaJicoKSo1Njc4OTpDREVGR0hJSlNUVVZXWFlaY2RlZmdoaWpzdHV2d3h5eoKDhIWGh4iJipKTlJWWl5iZmqKjpKWmp6ipqrKztLW2t7i5usLDxMXGx8jJytLT1NXW19jZ2uLj5OXm5+jp6vLz9PX29/j5+v/aAAwDAQACEQMRAD8A9/ooooAKKK82+KfjttAs/wCyNNlxqVynzyKeYUPf/ePb06+lJuyubUKE69RU4bsd44+Klp4ekfT9KWO81FeHYnMcJ9DjqfYfj6V4xq3jHxBrUrPe6rcsrf8ALNHKIP8AgIwKxCSxJJJJ6k0lYOTZ9lhMuoYeOiu+7LtrrGpWMoktNQuoHH8UczKf0Nej+E/jHf2cyW3iAfa7YnH2hVAkT3IHDD9frXldFJSaNq+Do142nH/M+wrK9ttRs4ruzmSa3lXckiHIIqxXzj8N/HcvhjU1sryQtpNw+HBP+pY/xj29fb6V9GI6yIrowZWGQQcgit4yuj47HYOeFqcr1T2Y6iiiqOIKKKKACiiigAooooAKKKKAM/XNXt9C0W71K5P7q3jLEd2PYD3JwPxr5S1bU7nWdVudRu33z3Dl2PYegHsBwPpXrPxu8QECy0GJsZ/0ifB+oQfzP5V4zWNR62PrMkwqp0vbPeX5BRRRWZ7YUUUUAFe9/CPxjHf6G2j39wq3NlxE0jY3xduvden0xXglFVGVnc5Mbg44qnyS07M+yFkRxlWDA9wadXx7bX95ZPvtbqeBvWKQqf0rrNJ+KfirSmUG/wDtkQ/5Z3a78/8AAvvfrWiqI8GrkNWKvCSf4f5n0tRXmnhv4yaPqbJBqsTadO3G8ndEf+BdR+Ix716RFLHPEssTq8bDKspyCPUGrTT2PHrYerQly1I2H0UUUzEKKKKACkJwOaWsTxfqX9keEdUvQ2147dgh/wBojC/qRQVCLnJRXU+bfGOrnXPFupX4bdG8xWI/7C/Kv6AVhUUVzXufoVOCpwUFsgqzY6de6ncCCxtJrmY/wQxlj+lXvDXh+78Ta7b6ZaDDSHLyEZEaDqx/z1wK+nfD/h3TvDempZafAqKAN7kfNI3qx7mqjC55+YZlHCWileTPmHUvDGuaRF52oaVd28X/AD0eI7fz6Vk19jyRJNG0ciK6MMMrDII9DXgfxR8AJ4fmGr6XGV06ZtskQ6QuemP9k/oePSnKFtUc+AzhV5+zqKzex5pRRRWZ7YUV2PgXwbbeMxqNsb17W9gRZITtDIwyQcjr128g96y/EvhLVvCt4INSgwjH93OhzHJ9D/Q807O1zBYqk6ro395dDCrr/Bnj/U/CdysYZrnTif3lqzcD3T0P6GuQooTa2LrUYVoclRXR9daLrVjr2mQ6hp8wlglHB7qe4I7EVoV81fDfxjJ4Y19Ip5D/AGbdsEnUnhD2f8O/t+FfSgORmt4yuj4rH4N4Wry9HsLRRRVHCFed/Ge9+z+BxADzdXUcZHqBlv5qK9Erx7473BFvotsDwzyyEfQKB/M1M/hO7LYc+LgvP8tTxaiinxRtLKkaDLOwUD1JrnPuW7HvXwZ8PLYeHZNYlQeffMQhI5WNTj9Tk/gK9NqlpNhHpekWdhFjZbwpEPfAAq7mulKysfn+JrOtWlUfVhVHWNLt9a0e6066XMNxGUbjp6Ee4OD+FXqKZim07o+PtQsptN1G5sbhcTW8rROPcHFVq7/4waYLDx1JOq4S8hSbj15U/wDoOfxrgK5mrOx9/hqvtqMandHffB69+y+PoYs4F1BJF+m//wBlr3vW9EsvEGlTaffxCSGQde6nswPYivmfwLc/ZfHWiyZxm7SP/vo7f619U9q1p7HzedpwxMZx0dvyPkXXdJm0LW7zTJzmS2kKbsY3DsfxGD+NZ9dx8W5In+Id95WMqkSyEf3tg/piuHrJ6M+kwtR1KMJy3aQV9RfDzVX1jwNplzI26VY/Jck8koduT9QAfxr5dr6J+DQYeAlLZwbqQr9OP65q6e55eewTw6l1TPQaKKK2Pkwrw346yZ1rSY8j5bd2x35b/wCtXuVeD/HP/kZ9O/68/wD2dqifwnqZOv8Aa4/P8jy2relX9lpes2F9qDlbWC4SSTaMkhWBIA7k4qlJIsUbSOcKoyTXLX1495OXbhR91fQVnCN2fQZnjo4enyrWT/q56T4x+OfiPXppLfSJG0jT84UQn9849Wft9Fx9TXml1fXd9KZbu5muJCcl5ZCx/M1Xorc+LOk0Lx74o8OTK+m6zdIinPku5eM/VWyK+hPhx8arDxXLFpesJHYas3CEHEU59Fz91vY9ex7V8r0qsVYMpIIOQR2oA+lvjtbDzdFugOqyxsfptI/ma8draufiFP4t8I6dpWqEvqenynE56zRFcAk/3hjn14PrWLWE/iPs8nlfCRXa/wCZoaDIYfEWmSjql3E3X0cV9NeLPFlh4T0h7q6cNOwIgtwfmlb09h6ntXyzBM9vPHNGcSRsHU46EHIqxqeq32s3r3moXUlxO/V3P6D0HsKIysh43L1iqsJSfurcZqF9PqeoXF9cvvnnkMjn3J/lVaiioPSSUVZCgEkADJNfVXgvR20HwhpunyDEscW6QejsdzD8CSK8e+FHgmTWNUTW72IjT7R8xBhxLIOn4DqffA9a+gK2prqfMZ5i1OSox6b+oUUUVoeAFeF/HSPGv6XJg/Nasue3DH/GvdK8V+P4EEOj3pHCrMh+vyED+dTP4T0cqqKnioyltr+TPAtbu9zi2Q/KvLe5rHp0jtJIzscsTkmm04qysc2KxEsRVdSXUKKKKZzhRRRQBJDM0EqyIcMpyK62CZbiBJV6MPyrjq2tCuOXt2PX5l/rWdRXVz2clxTpVvZPaX5m3RRRWJ9cFTWjwx3kL3ERlgVwZIwcFlzyM9uKhooE1dWPr7ShZjSrX+zkRLMxKYFjGF2EZGPwq5Xmnwa8Q/2l4bk0qZ8z2DYXPUxtyPyOR9MV6XXSndXPgMTRlRqypy6BRRRTMArwj9pLVYk0/RtJABnkke4Y91UDaPzJP/fNe718ifG7WDq3xP1BA5aKyVLWP22jLf8AjzNQCdjzuiiigAqWK1uJ1ZoYJZAgyxRCcfXFdF4NsdMOt2d1r1u8+lrIPNiViCw9eOcD074xX2VpMOmxaXbjSYreOxKAxC3UBNp6YA4pJpms6FSnGM5Kyex8HdOtFfYfj74WaJ40sZZFgis9WAJiu41ALN6Pj7w/Udq+SNU0y60bVLnTb6Py7m2kMci9cEf0pmRTqa0mNvdRyj+FufpUNFBUZOMlJbo9h+HWiQ+IfFsdlcLutzbymTjsUKg/gWBrntU0+fSdVutPuRia3laNvfB6/Q1r/Cfx/oHhPUJ7nWhcrI9uII3iiDgcgknnP8I7Vo/EnXPDPiHV7fWdB1OGdrhNlxEVKOHXoSGAPI4/4DWLh7p9Th8zjUxfLf3Wl9+//AOMooorM9w6n4e+IP8AhHPGFncu+22mPkT88bGI5/A4P4V9QA5Ga+Nq+mvhr4h/4SHwdavI+66tv9HnyeSVHB/EYP1zWtN9D5vPcN8Ndej/AEOwooorU+cGuwSNmY4VQST6V8Ia1ftqmu6hqDklrq5kmOf9pif619q+M7w6f4I127U4aGwndT7hDj9a+HKACprSA3NzHEP4jyfQd6hrZ0GHMksx/hG0fjSk7K504Oh7evGn3NtVWNFRBhVGAK6bw34613wsPLsLkNbk5NvMN8efYdR+BFc1RXOm0fdTo06kOSaujv8AVfjB4m1K2aCJraxDDDPbIQ/4FicfhzXlWvwNKPtZJaTOJGPU57mtao7iITW8kZ/iUimpO92cdfL6Lw8qdOKV/wAzjqKUjBxSV0HxAUZoooAt22o3NsRtkJX+63Irds9Thu/lPyS/3T3+lcvSglSCDgjvUygmehhMyrYZ2vePZnaV6H8IPEP9k+K/7Pmfbb6ivl8ngSDlD+PI/EV5Xpeofak8qU/vVHB/vCtWGaS2njmicpJGwdGHUEcg1jrFn1TdPHYZ8uz/AAZ9jUVj+F9bj8Q+G7LU0xmaMeYo/hccMPzBoroPh5RcZOMt0Yfxbn+z/CvxA+QM24Tn/adV/rXxpX1/8bJBH8JNayM7vJX/AMjJXyBQSFdJoqbbDd/ecmubr1m28FS/8Ks0XxPYq8iusovEHJXErgOPbAAPpwfWomnY9TJ6kIYpc/XRepzdFFFYH2YUUUUAclep5d7Mo7OcfnVeruqjGpTfUfyFUq6Vsfn2Ijy1pRXRv8z0T4L6Xpmt+PG0zVrOG6tbizlUxyjPIwcg9QeDyK2Pip8Hn8JRPrWitJPpG4CWN+XtyffuucDPUZGc9ay/gVIE+K+nKc5eKdR/37Y/0r6vvrK31GwuLK7jEtvcRtHIh6MpGCKZifBFFXNVs/7O1i9sd277NO8OfXaxH9Kp0ASQStDMkinlTmuzto5L0xi2jeV5ACqopYn8BXEV9gfBdI3+FWiz+VGsjpKrMqgFtsrqM+vAFTKPMelgMxlhFJWumc58M28VeH9Ku7aXw7ezW0kiyRBysRUkYbhyDzhaK9ioppWVjnr4lVqjqSgrv1/zPP8A42RiT4Sa1k42+S3/AJGSvkCvs74qwG4+F3iBB2tS/T+6Q39K+MaZyhX118FWiu/hDpULorovnxup5B/evwR9DXyLX1B+ztqK3PgS8sSfntb1uM9FZVI/UNQBmeOfhLcWksmo+HYjNbNlntBy8f8Auf3h7dfrXlUkUkMjRyoySKcMrDBB9CK+x6zNR8O6Nq/OoaZaXLYwGliBYfQ9RWbpp7HuYTO6lKPJVXN59T5IrqfCvgLWfFU6GCBoLLPz3UqkKB/s/wB4/T8cV9BWvgfwxZSCSDQ7IOOjNEGI+mc1uhQi4UAADgCkqfc2r583G1GNn3Z8TeP9Nt9H8capptqzNDayCIMxyWIUAk/jmubrY8V6iNW8XaxqAOVuL2WRT/slyR+mKx61PnpScm5PdnpPwIUH4rWBIBKwzEe3yGvqXXtatPDuhXmrXrhYLWIyNzgseyj3JwB7mvlL4Oa7pfhvxpNq2r3S29tBYykEjJdiVAVR1JOT09PSn/E34p3njy5W1t42tdGgfdFAT80jf33xxn0HQZ79aBHBXt3Jf39xeTf62eVpXx6scn+dQUUUAA5OK+2Ph3pD6F8PtD0+RdskdqryLjoz/Ow/NjXzR8IfBEnjDxhDJPDu0uwZZrpmHDYPyp+JHPsDX19QAUUUUAZXiex/tPwprFiBk3FlNEOO7IR/WvhU8HFffx5BFfC/ifTDo3irVtNKkC2u5Ylz/dDEA/ligDJr2P8AZ315bDxheaPIwC6lBlM95I8kD/vkv+VeOVe0bVbnQ9as9UtG2z2syyp7kHOD7HoaAPvGisrw3r9n4n8P2esWLAw3MYbbnJRv4lPuDkfhWrQAVzXxB10eG/Amr6nvCypbskJ/6aN8q/qQfwrpa+cP2hPGcd9qNv4WspQ0Vm3nXZU8GUj5V/4CCSfdvagDw/qaKKKACiiigArpfBngjV/G+rLZabCREpBnuXH7uFfUn19B1Nc1X0L+zl4mRrbUfDMxUSI32u345YHCuPw+U/iaAPXvCfhXTvB2gQaTpqYROZJCPmlfuze5/TpW5RRQAUUUUAFfJ/x50ZtM+JM12FxFqMCXCntuA2MPzXP419YV47+0P4dOoeELXWokzLps2HIH/LKTAP5ME/M0AfMVFFFAHf8Awz+J174Cv2ilR7nSJ2zPbg8qf76Z7+3Q/kR9H6b8VPBOp2aXEfiGyg3dY7mQROp9CGx+lfGNFAH0t4/+O+mWFlNYeFZftl+42/a9v7qH3GfvN6dvr0r5tmmluZ5J55GklkYs7scliepJ7mo6KACiium+H3h4+KPHWlaWY98LzB5/Ty1+ZvzAx+NAHOzwS2txJBPG0csbFXRhgqR1BqOvYf2gfCo0rxVBrtumLfU0xJgcCZeD+a4P1Brx6gArd8HeIpfCvi3TtZizi3lBkUfxRnhx+Kk1hUUAffVtcRXdrFcwOJIZUDxuvRlIyCPwqWvKfgL4q/tvwSdKnk3XWlMIuepibJQ/h8y/8BFerUAFFFFABVLWNLt9b0a80y7Xdb3ULROO+CMZHuOtXaKAPhDXNHutA1y90m8XFxaymN/Q46EexGCPrWfX0P8AtA+BXuYY/FthFl4VEV8qjqn8L/h0Ptj0r54oAKKKKACiiigAr6L/AGdvCbW1he+J7mPD3P8Ao1rn+4D87D6sAP8AgJrxHwh4YvPF/iW00ezBBlbMsmMiKMfeY/Qfrgd6+1tK0y10bSbXTbKPy7a1iWKNfYDHPvQBzfxP8Lf8Jb4Ev7CNN13Ev2i29fMTJAH1GV/4FXxgeDivv+vj74w+Fj4Y8f3gij22d9/pcGOg3H5l/Bs8emKAOBooooA7v4ReKf8AhFvH9lLLJts7w/ZbjPQKxGD+DbT9M19iV8ADg5r7L+Fnin/hLPAVheSybryBfs1zzzvQDk/UYb8aAO0ooooAKKKKAI7i3iu7aW3njWSGVSjowyGUjBBHpXyV8VPhldeCdVa7so3l0O4YmGUAnySf+Wbn+R7/AFzX1zUF7ZWuo2ctnewRz28y7ZIpFDKw9CKAPgeivoDxh+zwzzSXfhS8RUOW+xXTHj2R/wCjfnXmlx8JPHdtN5b+HLljnGYmVwfxUkUAcVVnT9Pu9W1CCwsLd7i6ncJHEgyWNej6D8BvGWqyqb6CHSrfu9xIGbHsqknP1xXvvgb4aaF4Ft91nEbi/dcS3sw+dvZR0Uew/EmgCp8LvhzB4D0MmfZLq90AbqZeQvoi+w/U/hjvaKKACvLPjv4V/t3wO2pQR7rvSmMwwOTEcCQflhv+A16nUc8MVzBJBMgeKRSjow4YHgg0AfAlXdP0jUtVl8rTtPuruT+7BCzn9BX1/pPwo8EaNtMGgW0sg533WZjn/gZIH4Cuugt4bWFYbeGOKNfupGoUD8BQB8k6R8EfHOq7WbTUsY2/jvJQmPqoy36V7j8Kvhtqfw/F6bzV4bmO7Vd1vFEdqOvRgxPoSPujt6V6VRQAUUUUAf/ZDQplbmRzdHJlYW0NCmVuZG9iag0KNiAwIG9iag0KPDwvVHlwZS9FeHRHU3RhdGUvQk0vTm9ybWFsL2NhIDE+Pg0KZW5kb2JqDQo3IDAgb2JqDQo8PC9UeXBlL0ZvbnQvU3VidHlwZS9UcnVlVHlwZS9OYW1lL0YxL0Jhc2VGb250L0FyaWFsLUJvbGRNVC9FbmNvZGluZy9XaW5BbnNpRW5jb2RpbmcvRm9udERlc2NyaXB0b3IgOCAwIFIvRmlyc3RDaGFyIDMyL0xhc3RDaGFyIDExMS9XaWR0aHMgMjIgMCBSPj4NCmVuZG9iag0KOCAwIG9iag0KPDwvVHlwZS9Gb250RGVzY3JpcHRvci9Gb250TmFtZS9BcmlhbC1Cb2xkTVQvRmxhZ3MgMzIvSXRhbGljQW5nbGUgMC9Bc2NlbnQgOTA1L0Rlc2NlbnQgLTIxMC9DYXBIZWlnaHQgNzI4L0F2Z1dpZHRoIDQ3OS9NYXhXaWR0aCAyNjI4L0ZvbnRXZWlnaHQgNzAwL1hIZWlnaHQgMjUwL0xlYWRpbmcgMzMvU3RlbVYgNDcvRm9udEJCb3hbIC02MjggLTIxMCAyMDAwIDcyOF0gPj4NCmVuZG9iag0KOSAwIG9iag0KPDwvVHlwZS9FeHRHU3RhdGUvQk0vTm9ybWFsL0NBIDE+Pg0KZW5kb2JqDQoxMCAwIG9iag0KPDwvVHlwZS9Gb250L1N1YnR5cGUvVHJ1ZVR5cGUvTmFtZS9GMi9CYXNlRm9udC9BcmlhbE1UL0VuY29kaW5nL1dpbkFuc2lFbmNvZGluZy9Gb250RGVzY3JpcHRvciAxMSAwIFIvRmlyc3RDaGFyIDMyL0xhc3RDaGFyIDEyMS9XaWR0aHMgMjMgMCBSPj4NCmVuZG9iag0KMTEgMCBvYmoNCjw8L1R5cGUvRm9udERlc2NyaXB0b3IvRm9udE5hbWUvQXJpYWxNVC9GbGFncyAzMi9JdGFsaWNBbmdsZSAwL0FzY2VudCA5MDUvRGVzY2VudCAtMjEwL0NhcEhlaWdodCA3MjgvQXZnV2lkdGggNDQxL01heFdpZHRoIDI2NjUvRm9udFdlaWdodCA0MDAvWEhlaWdodCAyNTAvTGVhZGluZyAzMy9TdGVtViA0NC9Gb250QkJveFsgLTY2NSAtMjEwIDIwMDAgNzI4XSA+Pg0KZW5kb2JqDQoxMiAwIG9iag0KPDwvVHlwZS9Gb250L1N1YnR5cGUvVHJ1ZVR5cGUvTmFtZS9GMy9CYXNlRm9udC9BcmlhbC1JdGFsaWNNVC9FbmNvZGluZy9XaW5BbnNpRW5jb2RpbmcvRm9udERlc2NyaXB0b3IgMTMgMCBSL0ZpcnN0Q2hhciAzMi9MYXN0Q2hhciAxMTQvV2lkdGhzIDI0IDAgUj4+DQplbmRvYmoNCjEzIDAgb2JqDQo8PC9UeXBlL0ZvbnREZXNjcmlwdG9yL0ZvbnROYW1lL0FyaWFsLUl0YWxpY01UL0ZsYWdzIDMyL0l0YWxpY0FuZ2xlIC0xMi9Bc2NlbnQgOTA1L0Rlc2NlbnQgLTIwOC9DYXBIZWlnaHQgNzI4L0F2Z1dpZHRoIDQ0MS9NYXhXaWR0aCAxODc2L0ZvbnRXZWlnaHQgNDAwL1hIZWlnaHQgMjUwL0xlYWRpbmcgMzMvU3RlbVYgNDQvRm9udEJCb3hbIC01MTcgLTIwOCAxMzU5IDcyOF0gPj4NCmVuZG9iag0KMTQgMCBvYmoNCjw8L0F1dGhvcihKb3JkYW4gS2VubmVkeSkgL0NyZWF0b3Io/v8ATQBpAGMAcgBvAHMAbwBmAHQArgAgAFcAbwByAGQAIAAyADAAMQAzKSAvQ3JlYXRpb25EYXRlKEQ6MjAxNzA1MDkxMDM3MDMrMTAnMDAnKSAvTW9kRGF0ZShEOjIwMTcwNTA5MTAzNzAzKzEwJzAwJykgL1Byb2R1Y2VyKP7/AE0AaQBjAHIAbwBzAG8AZgB0AK4AIABXAG8AcgBkACAAMgAwADEAMykgPj4NCmVuZG9iag0KMjEgMCBvYmoNCjw8L1R5cGUvT2JqU3RtL04gNi9GaXJzdCAzOS9GaWx0ZXIvRmxhdGVEZWNvZGUvTGVuZ3RoIDI4Nz4+DQpzdHJlYW0NCnicbVHBbsIwDL0j8Q/+AzeMbkVCSNMAbUJUVVtph4lDaL22ok1QSCX4+8VtGT1wSfzs954dRyzAAxGAL0D4IDx3vYJYzEC8wXwWwMyDuastlxgxzYMYE4wwvZ0JE2vazG5qanD3A94BMCrghTmr1XTSS/y7RBr7TCW4f3yAQTFipIYo1tpirGvayzMPxl7OiVRX5Rk5wzZBbzOqhnS1O7qBGKy3zktpSxjysVH5A6SOetRXTCiz+EkyJ9PHrLnHX6quFCWl5Ak58a6cg7SVVgM2tvqVLujQtzano9YnXOusbdxMXeZSEtl+GXuZGT3CH6U7R3hdyVoXo0RSVzmNuH0fRyuMbHBbFa2h4a1h21zcj/Dv/W/3sevp5A+gqZvzDQplbmRzdHJlYW0NCmVuZG9iag0KMjIgMCBvYmoNClsgMjc4IDAgMCAwIDAgMCAwIDAgMCAwIDAgMCAwIDAgMCAwIDAgMCAwIDAgMCAwIDAgMCAwIDAgMCAwIDAgMCAwIDAgMCAwIDAgMCAwIDAgMCAwIDAgMCAwIDAgMCAwIDAgNzc4IDAgMCA3MjIgMCAwIDAgMCAwIDAgMCAwIDAgMCAwIDAgMCAwIDU1NiAwIDAgNjExIDAgMzMzIDAgMCAwIDAgMCAwIDAgNjExIDYxMV0gDQplbmRvYmoNCjIzIDAgb2JqDQpbIDI3OCAwIDAgMCAwIDAgMCAwIDMzMyAzMzMgMCAwIDAgMCAyNzggMCA1NTYgNTU2IDU1NiA1NTYgNTU2IDU1NiA1NTYgNTU2IDU1NiA1NTYgMjc4IDAgMCAwIDAgMCAxMDE1IDY2NyA2NjcgMCAwIDY2NyA2MTEgNzc4IDAgMCA1MDAgMCAwIDAgNzIyIDAgNjY3IDAgMCA2NjcgNjExIDAgMCA5NDQgMCAwIDAgMCAwIDAgMCAwIDAgNTU2IDU1NiA1MDAgNTU2IDU1NiAyNzggMCA1NTYgMjIyIDAgNTAwIDIyMiA4MzMgNTU2IDU1NiAwIDAgMzMzIDUwMCAyNzggNTU2IDAgNzIyIDUwMCA1MDBdIA0KZW5kb2JqDQoyNCAwIG9iag0KWyAyNzggMCAwIDAgMCAwIDAgMCAwIDAgMCAwIDAgMCAwIDAgNTU2IDU1NiAwIDAgMCAwIDU1NiA1NTYgMCAwIDAgMCAwIDAgMCAwIDAgMCAwIDAgMCAwIDAgMCAwIDAgMCAwIDAgMCA3MjIgNzc4IDAgMCA3MjIgMCA2MTEgMCAwIDAgMCAwIDAgMCAwIDAgMCAwIDAgNTU2IDAgMCAwIDAgMCA1NTYgMCAyMjIgMCAwIDAgMCA1NTYgNTU2IDAgMCAzMzNdIA0KZW5kb2JqDQoyNSAwIG9iag0KPDwvVHlwZS9YUmVmL1NpemUgMjUvV1sgMSA0IDJdIC9Sb290IDEgMCBSL0luZm8gMTQgMCBSL0lEWzw1NjQ3RTY4NDY0MUMxODRFQkE4RUU5MDlGQzQxQzgyRj48NTY0N0U2ODQ2NDFDMTg0RUJBOEVFOTA5RkM0MUM4MkY+XSAvRmlsdGVyL0ZsYXRlRGVjb2RlL0xlbmd0aCA5OT4+DQpzdHJlYW0NCnicY2AAgv//GYGkIAMDiKqFUFvBFOMHMMX6EUzJ2kKoIjAlJwGh/oMpeRMIdR1MKewCU4opYEopgIGBCWimKAMThGKGUCwQihFCQZWwAjUoQwxT2Q6mVOvAlNoKBgYAc/ENzQ0KZW5kc3RyZWFtDQplbmRvYmoNCnhyZWYNCjAgMjYNCjAwMDAwMDAwMTUgNjU1MzUgZg0KMDAwMDAwMDAxNyAwMDAwMCBuDQowMDAwMDAwMTI1IDAwMDAwIG4NCjAwMDAwMDAxODEgMDAwMDAgbg0KMDAwMDAwMDQ5NiAwMDAwMCBuDQowMDAwMDAxNTIxIDAwMDAwIG4NCjAwMDAwMDc0ODUgMDAwMDAgbg0KMDAwMDAwNzUzOCAwMDAwMCBuDQowMDAwMDA3NzA0IDAwMDAwIG4NCjAwMDAwMDc5MzUgMDAwMDAgbg0KMDAwMDAwNzk4OCAwMDAwMCBuDQowMDAwMDA4MTUxIDAwMDAwIG4NCjAwMDAwMDgzNzggMDAwMDAgbg0KMDAwMDAwODU0OCAwMDAwMCBuDQowMDAwMDA4Nzg0IDAwMDAwIG4NCjAwMDAwMDAwMTYgNjU1MzUgZg0KMDAwMDAwMDAxNyA2NTUzNSBmDQowMDAwMDAwMDE4IDY1NTM1IGYNCjAwMDAwMDAwMTkgNjU1MzUgZg0KMDAwMDAwMDAyMCA2NTUzNSBmDQowMDAwMDAwMDIxIDY1NTM1IGYNCjAwMDAwMDAwMDAgNjU1MzUgZg0KMDAwMDAwOTM5OSAwMDAwMCBuDQowMDAwMDA5NTk4IDAwMDAwIG4NCjAwMDAwMDk4OTYgMDAwMDAgbg0KMDAwMDAxMDExNSAwMDAwMCBuDQp0cmFpbGVyDQo8PC9TaXplIDI2L1Jvb3QgMSAwIFIvSW5mbyAxNCAwIFIvSURbPDU2NDdFNjg0NjQxQzE4NEVCQThFRTkwOUZDNDFDODJGPjw1NjQ3RTY4NDY0MUMxODRFQkE4RUU5MDlGQzQxQzgyRj5dID4+DQpzdGFydHhyZWYNCjEwNDE0DQolJUVPRg0KeHJlZg0KMCAwDQp0cmFpbGVyDQo8PC9TaXplIDI2L1Jvb3QgMSAwIFIvSW5mbyAxNCAwIFIvSURbPDU2NDdFNjg0NjQxQzE4NEVCQThFRTkwOUZDNDFDODJGPjw1NjQ3RTY4NDY0MUMxODRFQkE4RUU5MDlGQzQxQzgyRj5dIC9QcmV2IDEwNDE0L1hSZWZTdG0gMTAxMTU+Pg0Kc3RhcnR4cmVmDQoxMTA5MQ0KJSVFT0Y=" NAME="OROR Training"/>


    <!-- NODE -->
        <Node CREATEDON="2017-01-12 12:00:00.0" ISVOCABULARY="0" MODIFIEDON="2017-01-12 12:00:00.0" NAME="Observation checklist" NODETYPE="1" PARENTID="199"    ISWEBVISIBLE="0" WEIGHT="1"   ID="187"/>
        <Node CREATEDON="2017-01-12 12:00:00.0" ISVOCABULARY="0" MODIFIEDON="2017-01-12 12:00:00.0" NAME="Short answer" NODETYPE="1" PARENTID="199"    ISWEBVISIBLE="0" WEIGHT="2"   ID="188"/>
        <Node CREATEDON="2017-01-12 12:00:00.0" ISVOCABULARY="0" MODIFIEDON="2017-01-12 12:00:00.0" NAME="Multiple choice quiz" NODETYPE="1" PARENTID="199"    ISWEBVISIBLE="0" WEIGHT="3"   ID="189"/>
        <Node CREATEDON="2017-01-12 12:00:00.0" ISVOCABULARY="0" MODIFIEDON="2017-01-12 12:00:00.0" NAME="Portfolio" NODETYPE="1" PARENTID="199"    ISWEBVISIBLE="0" WEIGHT="4"   ID="190"/>
        <Node CREATEDON="2017-01-12 12:00:00.0" ISVOCABULARY="0" MODIFIEDON="2017-01-12 12:00:00.0" NAME="Workplace project" NODETYPE="1" PARENTID="199"    ISWEBVISIBLE="0" WEIGHT="5"   ID="191"/>
        <Node CREATEDON="2017-01-12 12:00:00.0" ISVOCABULARY="0" MODIFIEDON="2017-01-12 12:00:00.0" NAME="Simulation" NODETYPE="1" PARENTID="199"    ISWEBVISIBLE="0" WEIGHT="6"   ID="192"/>
        <Node CREATEDON="2017-01-12 12:00:00.0" ISVOCABULARY="0" MODIFIEDON="2017-01-12 12:00:00.0" NAME="Case study" NODETYPE="1" PARENTID="199"    ISWEBVISIBLE="0" WEIGHT="7"   ID="193"/>
        <Node CREATEDON="2017-01-12 12:00:00.0" ISVOCABULARY="0" MODIFIEDON="2017-01-12 12:00:00.0" NAME="Third party report" NODETYPE="1" PARENTID="199"    ISWEBVISIBLE="0" WEIGHT="8"   ID="194"/>
        <Node CREATEDON="2017-01-12 12:00:00.0" ISVOCABULARY="0" MODIFIEDON="2017-01-12 12:00:00.0" NAME="Journal" NODETYPE="1" PARENTID="199"    ISWEBVISIBLE="0" WEIGHT="9"   ID="195"/>
        <Node CREATEDON="2017-01-12 12:00:00.0" ISVOCABULARY="0" MODIFIEDON="2017-01-12 12:00:00.0" NAME="Log book" NODETYPE="1" PARENTID="199"    ISWEBVISIBLE="0" WEIGHT="10"   ID="196"/>
        <Node CREATEDON="2017-01-12 12:00:00.0" ISVOCABULARY="0" MODIFIEDON="2017-01-12 12:00:00.0" NAME="Class presentation" NODETYPE="1" PARENTID="199"    ISWEBVISIBLE="0" WEIGHT="11"   ID="197"/>
        <Node CREATEDON="2017-01-12 12:00:00.0" ISVOCABULARY="0" MODIFIEDON="2017-01-12 12:00:00.0" NAME="Class based activity" NODETYPE="1" PARENTID="199"    ISWEBVISIBLE="0" WEIGHT="12"   ID="198"/>
        <Node CREATEDON="2017-01-12 12:00:00.0" ISVOCABULARY="1" MODIFIEDON="2017-01-12 12:00:00.0" NAME="Assessment method" NODETYPE="1"     ISWEBVISIBLE="0" WEIGHT="1" SPECIALTYPE="5"  ID="199"/>
        <Node CREATEDON="2012-06-20 10:27:50.0" ISVOCABULARY="1" MODIFIEDON="2012-06-20 10:27:50.0" NAME="Home page" NODETYPE="2"  SHORTNAME="Home" CONTENTS="h3. Home page

This is the home page for your college web site. ish onCourse is able to synchronise not only your course and enrolment information with your web site, but also any other pages you wish to create. This content management system is managed completely from within ish onCourse."  ISWEBVISIBLE="1" WEIGHT="1" SPECIALTYPE="2"  ID="200"/>
        <Node CREATEDON="2012-06-20 10:27:50.0" ISVOCABULARY="1" MODIFIEDON="2012-06-20 10:27:50.0" NAME="Subjects" NODETYPE="1"     ISWEBVISIBLE="1" WEIGHT="1" SPECIALTYPE="1"  ID="201"/>
        <Node CREATEDON="2012-06-20 10:27:50.0" ISVOCABULARY="1" MODIFIEDON="2012-06-20 10:27:50.0" NAME="Mailing Lists" NODETYPE="1"     ISWEBVISIBLE="1" WEIGHT="1"   ID="202"/>
        <Node CREATEDON="2012-06-20 10:27:51.0" ISVOCABULARY="1" MODIFIEDON="2012-06-20 10:27:51.0" NAME="Payroll wage intervals" NODETYPE="1"     ISWEBVISIBLE="0" WEIGHT="1" SPECIALTYPE="4"  ID="206"/>
        <Node CREATEDON="2019-02-08 19:11:23.782000000" ISVOCABULARY="1" MODIFIEDON="2019-02-08 19:11:23.782000000" NAME="testTag for sites" NODETYPE="1"     ISWEBVISIBLE="0" WEIGHT="1"   ID="207"/>
        <Node CREATEDON="2019-02-08 19:11:23.793000000" ISVOCABULARY="0" MODIFIEDON="2019-02-08 19:11:23.793000000" NAME="1" NODETYPE="1" PARENTID="207"    ISWEBVISIBLE="0" WEIGHT="1"   ID="208"/>
        <Node CREATEDON="2019-02-08 19:11:23.795000000" ISVOCABULARY="0" MODIFIEDON="2019-02-08 19:11:23.795000000" NAME="2" NODETYPE="1" PARENTID="207"    ISWEBVISIBLE="0" WEIGHT="2"   ID="209"/>
        <Node CREATEDON="2019-02-08 19:11:23.796000000" ISVOCABULARY="0" MODIFIEDON="2019-02-08 19:11:23.796000000" NAME="3" NODETYPE="1" PARENTID="207"    ISWEBVISIBLE="0" WEIGHT="3"   ID="210"/>
        <Node CREATEDON="2019-02-08 19:12:03.540000000" ISVOCABULARY="1" MODIFIEDON="2019-02-08 19:12:03.540000000" NAME="testTag for rooms" NODETYPE="1"     ISWEBVISIBLE="0" WEIGHT="1"   ID="211"/>
        <Node CREATEDON="2019-02-08 19:12:03.541000000" ISVOCABULARY="0" MODIFIEDON="2019-02-08 19:12:03.541000000" NAME="1" NODETYPE="1" PARENTID="211"    ISWEBVISIBLE="0" WEIGHT="1"   ID="212"/>
        <Node CREATEDON="2019-02-08 19:12:03.542000000" ISVOCABULARY="0" MODIFIEDON="2019-02-08 19:12:03.542000000" NAME="2" NODETYPE="1" PARENTID="211"    ISWEBVISIBLE="0" WEIGHT="2"   ID="213"/>
        <Node CREATEDON="2019-02-20 01:12:13.127000000" ISVOCABULARY="1" MODIFIEDON="2019-02-20 01:12:13.127000000" NAME="testTag for documents" NODETYPE="1" ISWEBVISIBLE="0" WEIGHT="1" ID="214"/>
        <Node CREATEDON="2019-02-20 01:12:13.135000000" ISVOCABULARY="0" MODIFIEDON="2019-02-20 01:12:13.135000000" NAME="1" NODETYPE="1" PARENTID="214" ISWEBVISIBLE="0" WEIGHT="1"  ID="216"/>
        <Node CREATEDON="2019-02-20 01:12:13.136000000" ISVOCABULARY="0" MODIFIEDON="2019-02-20 01:12:13.136000000" NAME="2" NODETYPE="1" PARENTID="214" ISWEBVISIBLE="0" WEIGHT="2"  ID="215"/>
        <Node CREATEDON="2019-02-22 20:17:31.241000000" ISVOCABULARY="1" MODIFIEDON="2019-02-22 20:17:31.241000000" NAME="testTag for payslips" NODETYPE="1" ISWEBVISIBLE="0" WEIGHT="1" ID="217"/>
        <Node CREATEDON="2019-02-22 20:17:31.254000000" ISVOCABULARY="0" MODIFIEDON="2019-02-22 20:17:31.254000000" NAME="ps1" NODETYPE="1" PARENTID="217" ISWEBVISIBLE="0" WEIGHT="1" ID="218"/>
        <Node CREATEDON="2019-02-22 20:17:31.256000000" ISVOCABULARY="0" MODIFIEDON="2019-02-22 20:17:31.256000000" NAME="ps2" NODETYPE="1" PARENTID="217" ISWEBVISIBLE="0" WEIGHT="2" ID="219"/>
        <Node CREATEDON="2019-06-06 00:45:50.952000000" ISVOCABULARY="1" MODIFIEDON="2019-06-06 00:45:50.952000000" NAME="testTag for waitingList" NODETYPE="1" ISWEBVISIBLE="0" WEIGHT="1" ID="220"/>
        <Node CREATEDON="2019-06-06 00:45:50.958000000" ISVOCABULARY="0" MODIFIEDON="2019-06-06 00:47:01.381000000" NAME="waitingList 1" NODETYPE="1" PARENTID="220" ISWEBVISIBLE="0" WEIGHT="2" ID="221"/>
        <Node CREATEDON="2019-06-06 00:45:50.957000000" ISVOCABULARY="0" MODIFIEDON="2019-06-06 00:47:01.382000000" NAME="waitingList 2" NODETYPE="1" PARENTID="220" ISWEBVISIBLE="0" WEIGHT="1" ID="222"/>
        <Node CREATEDON="2019-06-11 19:25:31.414000000" ISVOCABULARY="1" MODIFIEDON="2019-06-11 19:25:31.414000000" NAME="testTag for applications" NODETYPE="1" ISWEBVISIBLE="0" WEIGHT="1" ID="223"/>
        <Node CREATEDON="2019-06-11 19:25:31.420000000" ISVOCABULARY="0" MODIFIEDON="2019-06-11 19:25:31.420000000" NAME="app2" NODETYPE="1" PARENTID="223" ISWEBVISIBLE="0" WEIGHT="1" ID="224"/>
        <Node CREATEDON="2019-06-11 19:25:31.422000000" ISVOCABULARY="0" MODIFIEDON="2019-06-11 19:25:31.422000000" NAME="app1" NODETYPE="1" PARENTID="223" ISWEBVISIBLE="0" WEIGHT="2" ID="225"/>
    <Node CREATEDON="2019-07-19 20:23:55.547000000" ISVOCABULARY="1" MODIFIEDON="2019-07-19 20:23:55.547000000" NAME="testTag for Courses" NODETYPE="1" ISWEBVISIBLE="0" WEIGHT="1" ID="226"/>
    <Node CREATEDON="2019-07-19 20:23:55.554000000" ISVOCABULARY="0" MODIFIEDON="2019-07-19 20:23:55.554000000" NAME="course1" NODETYPE="1" PARENTID="226" ISWEBVISIBLE="0" WEIGHT="1" ID="227"/>
    <Node CREATEDON="2019-07-19 20:23:55.555000000" ISVOCABULARY="0" MODIFIEDON="2019-07-19 20:23:55.555000000" NAME="course2" NODETYPE="1" PARENTID="226" ISWEBVISIBLE="0" WEIGHT="2" ID="228"/>
    <Node CREATEDON="2019-07-19 20:24:35.522000000" ISVOCABULARY="1" MODIFIEDON="2019-07-19 20:24:35.522000000" NAME="testTag for Classes" NODETYPE="1" ISWEBVISIBLE="0" WEIGHT="1" ID="229"/>
    <Node CREATEDON="2019-07-19 20:24:35.523000000" ISVOCABULARY="0" MODIFIEDON="2019-07-19 20:24:35.524000000" NAME="class2" NODETYPE="1" PARENTID="229" ISWEBVISIBLE="0" WEIGHT="2" ID="230"/>
    <Node CREATEDON="2019-07-19 20:24:35.523000000" ISVOCABULARY="0" MODIFIEDON="2019-07-19 20:24:35.523000000" NAME="class1" NODETYPE="1" PARENTID="229" ISWEBVISIBLE="0" WEIGHT="1" ID="231"/>
    <Node CREATEDON="2019-09-23 22:12:17.81000000" ISVOCABULARY="1" MODIFIEDON="2019-09-23 22:12:17.81000000" NAME="testTag for contacts" NODETYPE="1" ISWEBVISIBLE="0" WEIGHT="1" ID="232" COLOUR="f7941d"/>
    <Node CREATEDON="2019-09-23 22:12:17.86000000" ISVOCABULARY="0" MODIFIEDON="2019-09-23 22:13:30.56000000" NAME="contacts1" NODETYPE="1" PARENTID="232" ISWEBVISIBLE="0" WEIGHT="2" ID="233" COLOUR="002eff"/>
    <Node CREATEDON="2019-09-23 22:12:17.86000000" ISVOCABULARY="0" MODIFIEDON="2019-09-23 22:13:18.395000000" NAME="contacts2" NODETYPE="1" PARENTID="232" ISWEBVISIBLE="0" WEIGHT="1" ID="234" COLOUR="ff0000"/>

    <Node CREATEDON="2019-09-23 22:12:17.81000000" ISVOCABULARY="1" MODIFIEDON="2019-09-23 22:12:17.81000000" NAME="testTag for enrolments" NODETYPE="1" ISWEBVISIBLE="0" WEIGHT="1" ID="235" COLOUR="f7941d"/>
    <Node CREATEDON="2019-09-23 22:12:17.86000000" ISVOCABULARY="0" MODIFIEDON="2019-09-23 22:13:30.56000000" NAME="enrolments 1" NODETYPE="1" PARENTID="235" ISWEBVISIBLE="0" WEIGHT="2" ID="236" COLOUR="002eff"/>
    <Node CREATEDON="2019-09-23 22:12:17.86000000" ISVOCABULARY="0" MODIFIEDON="2019-09-23 22:13:18.395000000" NAME="enrolments 2" NODETYPE="1" PARENTID="235" ISWEBVISIBLE="0" WEIGHT="1" ID="237" COLOUR="ff0000"/>

    <Node CREATEDON="2019-09-23 22:12:17.81000000" ISVOCABULARY="1" MODIFIEDON="2019-09-23 22:12:17.81000000" NAME="testTag for leads" NODETYPE="1" ISWEBVISIBLE="0" WEIGHT="1" ID="238" COLOUR="f7941d"/>
    <Node CREATEDON="2019-09-23 22:12:17.86000000" ISVOCABULARY="0" MODIFIEDON="2019-09-23 22:13:30.56000000" NAME="leads 1" NODETYPE="1" PARENTID="238" ISWEBVISIBLE="0" WEIGHT="2" ID="239" COLOUR="002eff"/>



    <!-- NODEREQUIREMENT -->
        <NodeRequirement CREATEDON="2017-01-12 12:00:00.0" ENTITYIDENTIFIER="17" ISREQUIRED="0" MANYTERMSALLOWED="1" MODIFIEDON="2017-01-12 12:00:00.0" NODEID="199"  ID="199"/>
        <NodeRequirement CREATEDON="2019-02-13 02:58:48.894000000" ENTITYIDENTIFIER="10" ISREQUIRED="0" MANYTERMSALLOWED="1" MODIFIEDON="2019-02-13 02:58:48.894000000" NODEID="211"  ID="203"/>
        <NodeRequirement CREATEDON="2019-02-13 02:58:54.42000000" ENTITYIDENTIFIER="9" ISREQUIRED="0" MANYTERMSALLOWED="1" MODIFIEDON="2019-02-13 02:58:54.42000000" NODEID="207"  ID="204"/>
        <NodeRequirement CREATEDON="2012-06-20 10:27:50.0" ENTITYIDENTIFIER="1" ISREQUIRED="0" MANYTERMSALLOWED="1" MODIFIEDON="2012-06-20 10:27:50.0" NODEID="201"  ID="200"/>
        <NodeRequirement CREATEDON="2012-06-20 10:27:50.0" ENTITYIDENTIFIER="8" ISREQUIRED="0" MANYTERMSALLOWED="1" MODIFIEDON="2012-06-20 10:27:50.0" NODEID="202"  ID="201"/>
        <NodeRequirement CREATEDON="2012-06-20 10:27:51.0" ENTITYIDENTIFIER="4" ISREQUIRED="0" MANYTERMSALLOWED="0" MODIFIEDON="2012-06-20 10:27:51.0" NODEID="206"  ID="202"/>
        <NodeRequirement CREATEDON="2019-02-20 01:12:13.138000000" ENTITYIDENTIFIER="12" ISREQUIRED="0" MANYTERMSALLOWED="1" MODIFIEDON="2019-02-20 01:12:13.138000000" NODEID="214" ID="205"/>
        <NodeRequirement CREATEDON="2019-02-22 20:17:31.265000000" ENTITYIDENTIFIER="15" ISREQUIRED="0" MANYTERMSALLOWED="1" MODIFIEDON="2019-02-22 20:17:31.265000000" NODEID="217" ID="206"/>
        <NodeRequirement CREATEDON="2019-06-06 00:45:50.963000000" ENTITYIDENTIFIER="16" ISREQUIRED="0" MANYTERMSALLOWED="1" MODIFIEDON="2019-06-06 00:45:50.963000000" NODEID="220" ID="207"/>
        <NodeRequirement CREATEDON="2019-06-11 19:25:31.426000000" ENTITYIDENTIFIER="13" ISREQUIRED="0" MANYTERMSALLOWED="1" MODIFIEDON="2019-06-11 19:25:31.426000000" NODEID="223" ID="208"/>
    <NodeRequirement CREATEDON="2019-07-19 20:23:55.559000000" ENTITYIDENTIFIER="1" ISREQUIRED="0" MANYTERMSALLOWED="1" MODIFIEDON="2019-07-19 20:23:55.559000000" NODEID="226" ID="209"/>
    <NodeRequirement CREATEDON="2019-07-19 20:24:35.524000000" ENTITYIDENTIFIER="2" ISREQUIRED="0" MANYTERMSALLOWED="1" MODIFIEDON="2019-07-19 20:24:35.524000000" NODEID="229" ID="210"/>
    <NodeRequirement CREATEDON="2019-09-23 22:12:17.87000000" ENTITYIDENTIFIER="8" ISREQUIRED="0" MANYTERMSALLOWED="1" MODIFIEDON="2019-09-23 22:12:17.87000000" NODEID="232" ID="211"/>

    <NodeRequirement CREATEDON="2019-09-23 22:12:17.87000000" ENTITYIDENTIFIER="14" ISREQUIRED="0" MANYTERMSALLOWED="1" MODIFIEDON="2019-09-23 22:12:17.87000000" NODEID="235" ID="212"/>


    <!-- NODERELATION -->
    <NodeRelation CREATEDON="2019-06-06 00:47:01.361000000" ENTITYIDENTIFIER="16" ENTITYRECORDID="1000" MODIFIEDON="2019-06-06 00:47:01.361000000" NODEID="221" ID="1000"/>
    <NodeRelation CREATEDON="2019-06-06 00:47:01.362000000" ENTITYIDENTIFIER="16" ENTITYRECORDID="1000" MODIFIEDON="2019-06-06 00:47:01.362000000" NODEID="222" ID="1001"/>
    <NodeRelation CREATEDON="2019-09-20 19:16:28.21000000" ENTITYIDENTIFIER="2" ENTITYRECORDID="7" MODIFIEDON="2019-09-20 19:16:28.21000000" NODEID="231" ID="1002"/>
    <NodeRelation CREATEDON="2019-09-20 19:22:23.701000000" ENTITYIDENTIFIER="2" ENTITYRECORDID="8" MODIFIEDON="2019-09-20 19:22:23.701000000" NODEID="230" ID="1003"/>
    <NodeRelation CREATEDON="2019-09-23 22:12:45.289000000" ENTITYIDENTIFIER="8" ENTITYRECORDID="21" MODIFIEDON="2019-09-23 22:12:45.289000000" NODEID="233" ID="1004"/>
    <NodeRelation CREATEDON="2019-09-23 22:12:56.359000000" ENTITYIDENTIFIER="8" ENTITYRECORDID="22" MODIFIEDON="2019-09-23 22:12:56.359000000" NODEID="234" ID="1005"/>
    <NodeRelation CREATEDON="2019-09-23 22:13:08.2000000" ENTITYIDENTIFIER="8" ENTITYRECORDID="24" MODIFIEDON="2019-09-23 22:13:08.2000000" NODEID="233" ID="1006"/>
    <NodeRelation CREATEDON="2019-09-23 22:13:18.393000000" ENTITYIDENTIFIER="8" ENTITYRECORDID="25" MODIFIEDON="2019-09-23 22:13:18.393000000" NODEID="234" ID="1007"/>
    <NodeRelation CREATEDON="2019-09-23 22:13:30.49000000" ENTITYIDENTIFIER="8" ENTITYRECORDID="27" MODIFIEDON="2019-09-23 22:13:30.49000000" NODEID="233" ID="1008"/>
    <NodeRelation CREATEDON="2019-09-20 19:22:23.701000000" ENTITYIDENTIFIER="2" ENTITYRECORDID="1" MODIFIEDON="2019-09-20 19:22:23.701000000" NODEID="230" ID="1009"/>
    <NodeRelation CREATEDON="2019-09-20 19:22:23.701000000" ENTITYIDENTIFIER="14" ENTITYRECORDID="1" MODIFIEDON="2019-09-20 19:22:23.701000000" NODEID="236" ID="1010"/>



    <!-- DOCUMENT -->
        <Document NAME="defaultPrivateDocument" ISSHARED="1" WEBVISIBILITY="0" DESCRIPTION="Private description" CREATEDON="2019-02-15 00:40:58.1000000" MODIFIEDON="2019-02-15 00:40:58.1000000" ISREMOVED="0" ADDED="2019-02-15 00:40:12.639000000" ID="200"/>
        <Document NAME="defaultPublicDocument" ISSHARED="1" WEBVISIBILITY="1" DESCRIPTION="Public description" CREATEDON="2019-02-15 00:41:42.288000000" MODIFIEDON="2019-02-15 00:41:42.288000000" ISREMOVED="0" ADDED="2019-02-15 00:41:08.499000000" ID="201"/>
    <Document NAME="defaultPublicDocument2" ISSHARED="1" WEBVISIBILITY="1" DESCRIPTION="Public description" CREATEDON="2019-02-15 00:41:42.288000000" MODIFIEDON="2019-02-15 00:41:42.288000000" ISREMOVED="0" ADDED="2019-03-15 00:41:08.499000000" ID="302"/>


    <!-- DOCUMENTVERSION -->
        <DocumentVersion DOCUMENTID="200" FILENAME="defaultPrivateDocument.txt" BYTESIZE="22" HASH="a7d7fc4f391c3b5a5e89889c29c5fb12862d16" MIMETYPE="text/plain" TIMESTAMP="2019-02-15 00:40:12.639000000" CREATEDON="2019-02-15 00:40:58.2000000" MODIFIEDON="2019-02-15 00:40:58.2000000" CREATEDBYUSERID="1" ID="200"/>
        <DocumentVersion DOCUMENTID="201" FILENAME="defaultPublicDocument.txt" BYTESIZE="21" HASH="2be1ef37b7da4947d0c810f33c90bf3bb33cbc6" MIMETYPE="text/plain" TIMESTAMP="2019-02-15 00:41:08.499000000" CREATEDON="2019-02-15 00:41:42.288000000" MODIFIEDON="2019-02-15 00:41:42.288000000" CREATEDBYUSERID="1" ID="201"/>
    <DocumentVersion DOCUMENTID="302" FILENAME="defaultPublicDocument2.txt" BYTESIZE="21" HASH="2be1ef37b7da4947d0c810f33c90bf3bb33cbc6" MIMETYPE="text/plain" TIMESTAMP="2019-02-15 00:41:08.499000000" CREATEDON="2019-02-15 00:41:42.288000000" MODIFIEDON="2019-02-15 00:41:42.288000000" CREATEDBYUSERID="1" ID="202"/>


    <!-- BINARYDATA -->
        <BinaryData CONTENT="ZGVmYXVsdFByaXZhdGVEb2N1bWVudA==" CREATEDON="2019-02-15 00:40:58.4000000" MODIFIEDON="2019-02-15 00:40:58.4000000" DOCUMENTVERSIONID="200" ID="200"/>
        <BinaryData CONTENT="ZGVmYXVsdFB1YmxpY0RvY3VtZW50" CREATEDON="2019-02-15 00:41:42.288000000" MODIFIEDON="2019-02-15 00:41:42.288000000" DOCUMENTVERSIONID="201" ID="201"/>


    <!-- BINARYRELATION -->
    <BinaryRelation CREATEDON="2019-09-11 22:49:08.652000000" ENTITYRECORDID="1001" MODIFIEDON="2019-09-11 22:49:08.652000000" ENTITYIDENTIFIER="Assessment" DOCUMENTID="201" ID="1000"/>
    <BinaryRelation CREATEDON="2019-09-20 21:06:42.244000000" ENTITYRECORDID="21" MODIFIEDON="2019-09-20 21:06:42.244000000" ENTITYIDENTIFIER="Contact" DOCUMENTID="201" ID="1001"/>
    <BinaryRelation CREATEDON="2019-09-20 21:14:14.131000000" ENTITYRECORDID="22" MODIFIEDON="2019-09-20 21:14:14.131000000" ENTITYIDENTIFIER="Contact" DOCUMENTID="200" ID="1002"/>
    <BinaryRelation CREATEDON="2019-09-20 21:18:38.707000000" ENTITYRECORDID="24" MODIFIEDON="2019-09-20 21:18:38.707000000" ENTITYIDENTIFIER="Contact" DOCUMENTID="200" ID="1003"/>
    <BinaryRelation CREATEDON="2019-09-20 21:21:34.110000000" ENTITYRECORDID="27" MODIFIEDON="2019-09-20 21:21:34.110000000" ENTITYIDENTIFIER="Contact" DOCUMENTID="201" ID="1004"/>
    <BinaryRelation CREATEDON="2019-09-21 01:41:37.976000000" ENTITYRECORDID="1002" MODIFIEDON="2019-09-21 01:41:37.976000000" ENTITYIDENTIFIER="PriorLearning" DOCUMENTID="201" ID="1005"/>
    <BinaryRelation CREATEDON="2019-11-27 19:20:03.367000000" ENTITYRECORDID="1" MODIFIEDON="2019-11-27 19:20:03.367000000"  ENTITYIDENTIFIER="CourseClass" DOCUMENTID="200" ID="1006"/>




    <!-- PAYSLIP -->
        <Payslip PAYTYPE="1" CONTACTID="1" CREATEDON="2019-02-22 22:06:07.418000000" MODIFIEDON="2019-02-22 22:06:07.418000000" STATUS="1" ID="1000"/>
        <Payslip PAYTYPE="1" CONTACTID="5" CREATEDON="2019-03-01 01:34:32.108000000" NOTES="some public notes" MODIFIEDON="2019-03-05 01:34:40.998000000" STATUS="2" PRIVATENOTES="some private notes" ID="1001"/>
        <Payslip PAYTYPE="1" CONTACTID="5" CREATEDON="2019-03-01 01:36:01.427000000" NOTES="some public notes" MODIFIEDON="2019-03-05 01:36:13.608000000" STATUS="3" PRIVATENOTES="some private notes" ID="1002"/>
        <Payslip PAYTYPE="1" CONTACTID="5" CREATEDON="2019-03-01 01:37:24.632000000" NOTES="some public notes" MODIFIEDON="2019-03-05 01:37:31.619000000" STATUS="4" PRIVATENOTES="some private notes" ID="1003"/>
         <Payslip PAYTYPE="1" CONTACTID="5" CREATEDON="2019-03-02 01:34:32.108000000" NOTES="some public notes" MODIFIEDON="2019-03-05 01:34:40.998000000" STATUS="2" PRIVATENOTES="some private notes" ID="1004"/>
         <Payslip PAYTYPE="1" CONTACTID="5" CREATEDON="2019-03-02 01:36:01.427000000" NOTES="some public notes" MODIFIEDON="2019-03-05 01:36:13.608000000" STATUS="3" PRIVATENOTES="some private notes" ID="1005"/>
        <Payslip PAYTYPE="1" CONTACTID="5" CREATEDON="2019-03-02 01:37:24.632000000" NOTES="some public notes" MODIFIEDON="2019-03-05 01:37:31.619000000" STATUS="4" PRIVATENOTES="some private notes" ID="1006"/>


    <!-- PAYLINE -->
        <PayLine CLASSCOSTID="1" CREATEDON="2019-02-22 22:06:07.416000000" DESCRIPTION="Wage for tutor1" MODIFIEDON="2019-02-22 22:06:07.416000000" PAYSLIPID="1000" VALUE="10.00" DATEFOR="2017-05-03 00:54:31.0" BUDGETEDQUANTITY="1.0000" SESSIONID="4" TAXVALUE="0.00" QUANTITY="1.0000" ID="1001" BUDGETEDVALUE="10.00"/>
        <PayLine CLASSCOSTID="1" CREATEDON="2019-02-22 22:06:07.403000000" DESCRIPTION="Wage for tutor1" MODIFIEDON="2019-02-22 22:06:07.403000000" PAYSLIPID="1000" VALUE="10.00" DATEFOR="2017-05-07 00:54:31.0" BUDGETEDQUANTITY="1.0000" SESSIONID="8" TAXVALUE="0.00" QUANTITY="1.0000" ID="1002" BUDGETEDVALUE="10.00"/>
        <PayLine CLASSCOSTID="1" CREATEDON="2019-02-22 22:06:07.404000000" DESCRIPTION="Wage for tutor1" MODIFIEDON="2019-02-22 22:06:07.404000000" PAYSLIPID="1000" VALUE="10.00" DATEFOR="2017-05-09 00:54:31.0" BUDGETEDQUANTITY="1.0000" SESSIONID="10" TAXVALUE="0.00" QUANTITY="1.0000" ID="1003" BUDGETEDVALUE="10.00"/>
        <PayLine CLASSCOSTID="1" CREATEDON="2019-02-22 22:06:07.411000000" DESCRIPTION="Wage for tutor1" MODIFIEDON="2019-02-22 22:06:07.411000000" PAYSLIPID="1000" VALUE="10.00" DATEFOR="2017-05-06 00:54:31.0" BUDGETEDQUANTITY="1.0000" SESSIONID="3" TAXVALUE="0.00" QUANTITY="1.0000" ID="1004" BUDGETEDVALUE="10.00"/>
        <PayLine CLASSCOSTID="1" CREATEDON="2019-02-22 22:06:07.414000000" DESCRIPTION="Wage for tutor1" MODIFIEDON="2019-02-22 22:06:07.414000000" PAYSLIPID="1000" VALUE="10.00" DATEFOR="2017-05-10 00:54:31.0" BUDGETEDQUANTITY="1.0000" SESSIONID="5" TAXVALUE="0.00" QUANTITY="1.0000" ID="1005" BUDGETEDVALUE="10.00"/>
        <PayLine CLASSCOSTID="1" CREATEDON="2019-02-22 22:06:07.395000000" DESCRIPTION="Wage for tutor1" MODIFIEDON="2019-02-22 22:06:07.395000000" PAYSLIPID="1000" VALUE="10.00" DATEFOR="2017-05-01 00:54:31.0" BUDGETEDQUANTITY="1.0000" SESSIONID="1" TAXVALUE="0.00" QUANTITY="1.0000" ID="1006" BUDGETEDVALUE="10.00"/>
        <PayLine CLASSCOSTID="1" CREATEDON="2019-02-22 22:06:07.398000000" DESCRIPTION="Wage for tutor1" MODIFIEDON="2019-02-22 22:06:07.398000000" PAYSLIPID="1000" VALUE="10.00" DATEFOR="2017-05-08 00:54:31.0" BUDGETEDQUANTITY="1.0000" SESSIONID="7" TAXVALUE="0.00" QUANTITY="1.0000" ID="1007" BUDGETEDVALUE="10.00"/>
        <PayLine CLASSCOSTID="1" CREATEDON="2019-02-22 22:06:07.401000000" DESCRIPTION="Wage for tutor1" MODIFIEDON="2019-02-22 22:06:07.401000000" PAYSLIPID="1000" VALUE="10.00" DATEFOR="2017-05-04 00:54:31.0" BUDGETEDQUANTITY="1.0000" SESSIONID="6" TAXVALUE="0.00" QUANTITY="1.0000" ID="1008" BUDGETEDVALUE="10.00"/>
        <PayLine CLASSCOSTID="1" CREATEDON="2019-02-22 22:06:07.407000000" DESCRIPTION="Wage for tutor1" MODIFIEDON="2019-02-22 22:06:07.407000000" PAYSLIPID="1000" VALUE="10.00" DATEFOR="2017-05-02 00:54:31.0" BUDGETEDQUANTITY="1.0000" SESSIONID="9" TAXVALUE="0.00" QUANTITY="1.0000" ID="1009" BUDGETEDVALUE="10.00"/>
        <PayLine CLASSCOSTID="1" CREATEDON="2019-02-22 22:06:07.409000000" DESCRIPTION="Wage for tutor1" MODIFIEDON="2019-02-22 22:06:07.409000000" PAYSLIPID="1000" VALUE="10.00" DATEFOR="2017-05-05 00:54:31.0" BUDGETEDQUANTITY="1.0000" SESSIONID="2" TAXVALUE="0.00" QUANTITY="1.0000" ID="1010" BUDGETEDVALUE="10.00"/>
        <PayLine CREATEDON="2019-03-05 01:34:32.111000000" DESCRIPTION="payslip with status Completed" MODIFIEDON="2019-03-05 01:34:59.13000000" PAYSLIPID="1001" VALUE="30.00" TAXVALUE="0.00" QUANTITY="1.0000" ID="1111" DATEFOR="2019-03-05"/>
        <PayLine CREATEDON="2019-03-05 01:36:01.430000000" DESCRIPTION="payslip with status Approved" MODIFIEDON="2019-03-05 01:36:01.430000000" PAYSLIPID="1002" VALUE="40.00" TAXVALUE="0.00" QUANTITY="1.0000" ID="1112" DATEFOR="2019-03-05"/>
        <PayLine CREATEDON="2019-03-05 01:37:24.632000000" DESCRIPTION="payslip with status Paid/Exported" MODIFIEDON="2019-03-05 01:37:24.632000000" PAYSLIPID="1003" VALUE="50.00" TAXVALUE="0.00" QUANTITY="1.0000" ID="1113" DATEFOR="2019-03-05"/>
        <PayLine CREATEDON="2019-03-05 01:34:32.111000000" DESCRIPTION="payslip with status Completed" MODIFIEDON="2019-03-05 01:34:59.13000000" PAYSLIPID="1004" VALUE="30.00" TAXVALUE="0.00" QUANTITY="1.0000" ID="1114" DATEFOR="2019-03-05"/>
        <PayLine CREATEDON="2019-03-05 01:36:01.430000000" DESCRIPTION="payslip with status Approved" MODIFIEDON="2019-03-05 01:36:01.430000000" PAYSLIPID="1005" VALUE="40.00" TAXVALUE="0.00" QUANTITY="1.0000" ID="1115" DATEFOR="2019-03-05"/>
        <PayLine CREATEDON="2019-03-05 01:37:24.632000000" DESCRIPTION="payslip with status Paid/Exported" MODIFIEDON="2019-03-05 01:37:24.632000000" PAYSLIPID="1006" VALUE="50.00" TAXVALUE="0.00" QUANTITY="1.0000" ID="1116" DATEFOR="2019-03-05"/>


    <!-- CORPORATEPASS -->
        <CorporatePass CONTACTID="7" INVOICEEMAIL="co1@gmail.com" PASSWORD="password1" CREATEDON="2019-03-11 21:54:49.723000000" MODIFIEDON="2019-03-11 21:58:36.790000000" ID="1001"/>
        <CorporatePass CONTACTID="8" EXPIRYDATE="2030-04-01 20:47:39.0" INVOICEEMAIL="co2@gmail.com" PASSWORD="password2" CREATEDON="2019-03-12 20:48:01.993000000" MODIFIEDON="2019-03-12 20:51:11.626000000" ID="1002"/>


    <!-- CORPORATEPASS_DISCOUNT -->
        <CorporatePass_Discount CORPORATEPASSID="1001" DISCOUNTID="1002" CREATEDON="2019-03-11 21:58:36.787000000" MODIFIEDON="2019-03-11 21:58:36.787000000" ID="1001"/>


    <!-- CORPORATEPASS_COURSECLASS -->
        <CorporatePass_CourseClass CORPORATEPASSID="1001" COURSECLASSID="1" CREATEDON="2019-03-13 02:43:25.937000000" MODIFIEDON="2019-03-13 02:43:25.938000000" ID="1001"/>


    <!-- PRODUCT -->
    <Product SKU="prd1" CREATEDON="2019-03-12 20:49:29.563000000" INCOMEACCOUNTID="7" ISONSALE="1" ISWEBVISIBLE="1" MODIFIEDON="2019-03-12 20:49:29.563000000" NAME="product1" PRICEEXTAX="100.00" TAXID="1" TYPE="1" TAXADJUSTMENT="0.00" ID="1001"/>
    <Product SKU="VOU1" CREATEDON="2019-03-12 20:51:11.622000000" EXPIRYDAYS="365" EXPIRYTYPE="1" ISONSALE="1" ISWEBVISIBLE="0" LIABILITYACCOUNTID="5" MODIFIEDON="2019-03-12 20:51:11.622000000" NAME="voucherType1" PRICEEXTAX="50.00" TAXID="3" TYPE="3" TAXADJUSTMENT="0.00" MAXCOURSESREDEMPTION="1" ID="1002"/>
    <Product SKU="SKU01" CREATEDON="2019-03-14 00:34:28.873000000" DESCRIPTION="Membership description" EXPIRYTYPE="2" INCOMEACCOUNTID="7" ISONSALE="1" ISWEBVISIBLE="1" MODIFIEDON="2019-03-14 00:35:06.181000000" NAME="Membership#1" PRICEEXTAX="50.00" TAXID="1" TYPE="2" TAXADJUSTMENT="0.00" ID="1003"/>
    <Product SKU="prd2" CREATEDON="2019-03-12 20:49:29.563000000" INCOMEACCOUNTID="7" ISONSALE="1" ISWEBVISIBLE="1" MODIFIEDON="2019-03-12 20:49:29.563000000" NAME="product2" PRICEEXTAX="120.00" TAXID="1" TYPE="1" TAXADJUSTMENT="0.00" ID="1004"/>
    <Product SKU="VOU2" CREATEDON="2019-03-12 20:51:11.622000000" EXPIRYDAYS="365" EXPIRYTYPE="1" ISONSALE="1" ISWEBVISIBLE="0" LIABILITYACCOUNTID="5" MODIFIEDON="2019-03-12 20:51:11.622000000" NAME="voucherType2" PRICEEXTAX="70.00" TAXID="3" TYPE="3" TAXADJUSTMENT="0.00" MAXCOURSESREDEMPTION="1" ID="1005"/>
    <Product SKU="SKU02" CREATEDON="2019-03-14 00:34:28.873000000" DESCRIPTION="Membership description" EXPIRYTYPE="2" INCOMEACCOUNTID="7" ISONSALE="1" ISWEBVISIBLE="1" MODIFIEDON="2019-03-14 00:35:06.181000000" NAME="Membership#2" PRICEEXTAX="60.00" TAXID="1" TYPE="2" TAXADJUSTMENT="0.00" ID="1006"/>

    <Product SKU="MERGE1" CREATEDON="2019-03-14 00:34:28.873000000" DESCRIPTION="Membership for mergeA" EXPIRYTYPE="2" INCOMEACCOUNTID="7" ISONSALE="1" ISWEBVISIBLE="1" MODIFIEDON="2019-03-14 00:35:06.181000000" NAME="Membership for mergeA" PRICEEXTAX="60.00" TAXID="1" TYPE="2" TAXADJUSTMENT="0.00" ID="1007"/>
    <Product SKU="MERGE2" CREATEDON="2019-03-14 00:34:28.873000000" DESCRIPTION="Membership for mergeB" EXPIRYTYPE="2" INCOMEACCOUNTID="7" ISONSALE="1" ISWEBVISIBLE="1" MODIFIEDON="2019-03-14 00:35:06.181000000" NAME="Membership for mergeB" PRICEEXTAX="150.00" TAXID="1" TYPE="2" TAXADJUSTMENT="0.00" ID="1008"/>
    <Product SKU="GVEx" CREATEDON="2020-05-07 22:11:03.922000000" EXPIRYDAYS="365" EXPIRYTYPE="1" ISONSALE="1" ISWEBVISIBLE="1" LIABILITYACCOUNTID="5" MODIFIEDON="2020-05-07 23:38:51.337000000" NAME="Exclusive Gift Voucher" PRICEEXTAX="0.00" TAXID="3" TYPE="3" VALUE="1000.00" TAXADJUSTMENT="0.00" ID="1009"/>
    <Product SKU="LFV1" CREATEDON="2020-05-07 22:11:03.922000000" EXPIRYDAYS="365" EXPIRYTYPE="1" ISONSALE="1" ISWEBVISIBLE="1" LIABILITYACCOUNTID="5" MODIFIEDON="2020-05-07 23:38:51.337000000" NAME="Exclusive Lead Voucher" PRICEEXTAX="100.00" TAXID="3" TYPE="3" VALUE="100.00" TAXADJUSTMENT="0.00" ID="1010"/>


    <!-- CORPORATEPASS_PRODUCT -->
        <CorporatePass_Product CORPORATEPASSID="1002" PRODUCTID="1001" CREATEDON="2019-03-12 20:49:29.570000000" MODIFIEDON="2019-03-12 20:49:29.570000000" ID="1001"/>
        <CorporatePass_Product CORPORATEPASSID="1002" PRODUCTID="1002" CREATEDON="2019-03-12 20:51:11.624000000" MODIFIEDON="2019-03-12 20:51:11.624000000" ID="1002"/>
        <CorporatePass_Product CORPORATEPASSID="1002" PRODUCTID="1003" CREATEDON="2019-03-14 00:34:28.877000000" MODIFIEDON="2019-03-14 00:34:28.877000000" ID="1003"/>


    <!-- VOUCHERPRODUCT_COURSE -->
        <VoucherProduct_Course CREATEDON="2019-03-12 20:51:11.624000000" MODIFIEDON="2019-03-12 20:51:11.624000000" COURSEID="1" VOUCHERPRODUCTID="1002" ID="1000"/>
        <VoucherProduct_Course CREATEDON="2019-03-12 20:51:11.624000000" MODIFIEDON="2019-03-12 20:51:11.624000000" COURSEID="1" VOUCHERPRODUCTID="1005" ID="1001"/>


    <!-- DISCOUNT_MEMBERSHIP -->
        <Discount_Membership APPLYTOMEMBERONLY="1" CREATEDON="2019-03-14 00:34:28.876000000" DISCOUNTID="1002" MEMBERSHIPPRODUCTID="1003" MODIFIEDON="2019-03-14 00:34:28.876000000" ID="1001"/>
    <Discount_Membership APPLYTOMEMBERONLY="1" CREATEDON="2019-03-14 00:34:28.876000000" DISCOUNTID="1002" MEMBERSHIPPRODUCTID="1006" MODIFIEDON="2019-03-14 00:34:28.876000000" ID="1002"/>


    <!-- AUDIT -->
    <Audit  ID="1" CREATED="2019-06-03 19:33:54.412000000" SYSTEMUSERID="1" ENTITYID="1" ENTITYNAME="PaymentIn" ACTION="CREATE" message="Entity created: PaymentIn"/>
    <Audit  ID="2" CREATED="2019-06-03 19:33:54.413000000" SYSTEMUSERID="1" ENTITYID="1004" ENTITYNAME="Preference" ACTION="CREATE" message="Entity created: Transaction Detail"/>
    <Audit  ID="3" CREATED="2019-06-03 19:34:08.549000000" SYSTEMUSERID="1" ENTITYID="2" ENTITYNAME="Tax" ACTION="UPDATE"/>


    <!-- WAITINGLIST -->
        <WaitingList COURSEID="2" CREATEDON="2019-06-06 00:43:58.640000000" MODIFIEDON="2019-06-06 00:43:58.625000000" NOTES="Some notes 1" STUDENTID="3" STUDENTNOTES="not editable student notes" STUDENTCOUNT="1" ID="1000"/>
        <WaitingList COURSEID="2" CREATEDON="2019-06-06 00:47:01.356000000" MODIFIEDON="2019-06-06 00:46:10.826000000" NOTES="some notes 2" STUDENTID="2" STUDENTCOUNT="3" ID="1001"/>


    <!-- WAITINGLIST_SITE -->
        <WaitingList_Site SITEID="200" WAITINGLISTID="1000" ID="1000"/>
        <WaitingList_Site SITEID="201" WAITINGLISTID="1000" ID="1001"/>
        <WaitingList_Site SITEID="202" WAITINGLISTID="1001" ID="1002"/>


    <!-- APPLICATION -->
        <Application CREATEDON="2019-06-11 01:16:57.980000000" MODIFIEDON="2019-06-11 01:19:00.540000000" STUDENTID="3" COURSEID="3" SOURCE="O" STATUS="0" ENROLBY="2030-06-01 01:17:38.0" FEEOVERRIDE="33.00" REASON="Some reason" CONFIRMATIONSTATUS="3" CREATEDBYUSERID="1" ID="1000"/>

    <!-- NOTE -->
    <Note NOTE="Some notes" SYSTEMUSERID="1" CREATEDON="2019-06-11 01:18:09.71000000" MODIFIEDON="2019-06-11 01:18:09.71000000" ID="1000"/>
    <Note NOTE="some notes" SYSTEMUSERID="1" CREATEDON="2019-09-11 22:45:19.68000000" MODIFIEDON="2019-09-11 22:45:19.68000000" ID="1001"/>
    <Note NOTE="some notes" SYSTEMUSERID="1" CREATEDON="2019-09-11 22:48:27.866000000" MODIFIEDON="2019-09-11 22:48:27.866000000" ID="1002"/>
    <Note NOTE="Notes: This Course is for testing contacts merging" SYSTEMUSERID="1" CREATEDON="2018-09-20 01:16:37.811000000" MODIFIEDON="2018-09-20 01:16:37.811000000" ID="1003"/>

    <Note NOTE="Notes A" SYSTEMUSERID="1" CREATEDON="2019-09-20 19:16:28.50000000" MODIFIEDON="2019-09-20 19:16:28.50000000" ID="1004"/>
    <Note NOTE="Notes B" SYSTEMUSERID="1" CREATEDON="2019-09-20 19:22:23.701000000" MODIFIEDON="2019-09-20 19:22:23.701000000" ID="1005"/>
    <Note NOTE="N" SYSTEMUSERID="1" CREATEDON="2019-09-20 19:25:22.273000000" MODIFIEDON="2019-09-20 19:25:22.273000000" ID="1006"/>

    <Note NOTE="Note AA" SYSTEMUSERID="1" CREATEDON="2019-09-20 21:06:42.235000000" MODIFIEDON="2019-09-20 21:06:42.235000000" ID="1007"/>
    <Note NOTE="Note bbb-bbb-bbb" SYSTEMUSERID="1" CREATEDON="2019-09-20 21:14:14.131000000" MODIFIEDON="2019-09-20 21:14:14.131000000" ID="1008"/>
    <Note NOTE="tA" SYSTEMUSERID="1" CREATEDON="2019-09-20 21:18:38.711000000" MODIFIEDON="2019-09-20 21:18:38.711000000" ID="1009"/>
    <Note NOTE="tB" SYSTEMUSERID="1" CREATEDON="2019-09-20 21:19:41.550000000" MODIFIEDON="2019-09-20 21:19:41.550000000" ID="1010"/>
    <Note NOTE="Co1" SYSTEMUSERID="1" CREATEDON="2019-09-20 21:21:34.109000000" MODIFIEDON="2019-09-20 21:21:34.109000000" ID="1011"/>
    <Note NOTE="Co2" SYSTEMUSERID="1" CREATEDON="2019-09-20 21:23:28.664000000" MODIFIEDON="2019-09-20 21:23:28.664000000" ID="1012"/>
    <Note NOTE="Note bbb" SYSTEMUSERID="1" CREATEDON="2019-09-20 21:14:14.131000000" MODIFIEDON="2019-09-20 21:14:14.131000000" ID="1013"/>
    <Note NOTE="SOME NOTES" SYSTEMUSERID="1" CREATEDON="2019-11-27 19:20:03.383000000" MODIFIEDON="2019-11-27 19:20:03.383000000" ID="1014"/>




    <!-- NOTERELATION -->
    <NoteRelation NOTEID="1000" ENTITYRECORDID="1000" ENTITYIDENTIFIER="Application" CREATEDON="2019-06-11 01:18:09.71000000" MODIFIEDON="2019-06-11 01:18:09.71000000" ID="1000"/>
    <NoteRelation NOTEID="1001" ENTITYRECORDID="1000" ENTITYIDENTIFIER="Assessment" CREATEDON="2019-09-11 22:45:19.64000000" MODIFIEDON="2019-09-11 22:45:19.64000000" ID="1001"/>
    <NoteRelation NOTEID="1002" ENTITYRECORDID="1001" ENTITYIDENTIFIER="Assessment" CREATEDON="2019-09-11 22:48:27.866000000" MODIFIEDON="2019-09-11 22:48:27.866000000" ID="1002"/>
    <NoteRelation NOTEID="1003" ENTITYRECORDID="5" ENTITYIDENTIFIER="Course" CREATEDON="2018-09-20 01:16:37.811000000" MODIFIEDON="2018-09-20 01:16:37.811000000" ID="1003"/>

    <NoteRelation NOTEID="1004" ENTITYRECORDID="7" ENTITYIDENTIFIER="CourseClass" CREATEDON="2019-09-20 19:16:28.45000000" MODIFIEDON="2019-09-20 19:16:28.45000000" ID="1004"/>
    <NoteRelation NOTEID="1005" ENTITYRECORDID="8" ENTITYIDENTIFIER="CourseClass" CREATEDON="2019-09-20 19:22:23.701000000" MODIFIEDON="2019-09-20 19:22:23.701000000" ID="1005"/>
    <NoteRelation NOTEID="1006" ENTITYRECORDID="9" ENTITYIDENTIFIER="CourseClass" CREATEDON="2019-09-20 19:25:22.273000000" MODIFIEDON="2019-09-20 19:25:22.273000000" ID="1006"/>

    <NoteRelation NOTEID="1007" ENTITYRECORDID="21" ENTITYIDENTIFIER="Contact" CREATEDON="2019-09-20 21:06:42.230000000" MODIFIEDON="2019-09-20 21:06:42.230000000" ID="1007"/>
    <NoteRelation NOTEID="1008" ENTITYRECORDID="22" ENTITYIDENTIFIER="Contact" CREATEDON="2019-09-20 21:14:14.131000000" MODIFIEDON="2019-09-20 21:14:14.131000000" ID="1008"/>
    <NoteRelation NOTEID="1009" ENTITYRECORDID="24" ENTITYIDENTIFIER="Contact" CREATEDON="2019-09-20 21:18:38.711000000" MODIFIEDON="2019-09-20 21:18:38.711000000" ID="1009"/>
    <NoteRelation NOTEID="1010" ENTITYRECORDID="25" ENTITYIDENTIFIER="Contact" CREATEDON="2019-09-20 21:19:41.550000000" MODIFIEDON="2019-09-20 21:19:41.550000000" ID="1010"/>
    <NoteRelation NOTEID="1011" ENTITYRECORDID="27" ENTITYIDENTIFIER="Contact" CREATEDON="2019-09-20 21:21:34.109000000" MODIFIEDON="2019-09-20 21:21:34.109000000" ID="1011"/>
    <NoteRelation NOTEID="1012" ENTITYRECORDID="28" ENTITYIDENTIFIER="Contact" CREATEDON="2019-09-20 21:23:28.664000000" MODIFIEDON="2019-09-20 21:23:28.664000000" ID="1012"/>
    <NoteRelation NOTEID="1013" ENTITYRECORDID="22" ENTITYIDENTIFIER="Contact" CREATEDON="2019-09-20 21:14:14.131000000" MODIFIEDON="2019-09-20 21:14:14.131000000" ID="1013"/>

    <NoteRelation NOTEID="1014" ENTITYRECORDID="1" ENTITYIDENTIFIER="CourseClass" CREATEDON="2019-11-27 19:20:03.377000000" MODIFIEDON="2019-11-27 19:20:03.377000000" ID="1014"/>




    <!-- CERTIFICATE -->
    <Certificate CERTIFICATENUMBER="1" CREATEDON="2019-06-18 22:18:58.439000000" ISQUALIFICATION="1" MODIFIEDON="2019-06-18 22:18:58.439000000" QUALIFICATIONID="3" STUDENTID="3" PUBLICNOTES="public notes" PRIVATENOTES="private notes" AWARDEDON="2019-06-18" ID="1000" UNIQUECODE="cAxWbE3dFwT3"/>
    <Certificate CERTIFICATENUMBER="2" CREATEDON="2019-06-17 22:18:58.439000000" ISQUALIFICATION="0" MODIFIEDON="2018-06-18 22:18:58.439000000" PRINTEDON="2018-05-19" QUALIFICATIONID="3" STUDENTID="3" PUBLICNOTES="public notes 2" PRIVATENOTES="private notes 2" REVOKEDON="2018-05-20"  AWARDEDON="2018-05-18" ISSUEDON="2018-05-19"  ID="1001" UNIQUECODE="cAxWbE3dFwT4"/>
    <Certificate CERTIFICATENUMBER="3" CREATEDON="2019-06-17 22:18:58.439000000" ISQUALIFICATION="0" MODIFIEDON="2019-06-17 22:18:58.439000000" STUDENTID="3" PUBLICNOTES="public notes" PRIVATENOTES="private notes" AWARDEDON="2017-06-17" ID="1002" UNIQUECODE="cAxWbE3dFwT5"/>
    <Certificate CERTIFICATENUMBER="4" CREATEDON="2019-07-30 22:10:32.303000000" ISQUALIFICATION="0" MODIFIEDON="2019-07-30 22:10:32.303000000" QUALIFICATIONID="3" STUDENTID="4" PUBLICNOTES="some public notes" PRIVATENOTES="some private notes 500" AWARDEDON="2019-06-18" ISSUEDON="2029-06-18" ID="1003" UNIQUECODE="cxF4be72Qa7M" EXPIRYDATE="2025-06-18"/>
    <Certificate CERTIFICATENUMBER="5" CREATEDON="2019-06-17 22:18:58.439000000" ISQUALIFICATION="0" MODIFIEDON="2018-06-18 22:18:58.439000000" PRINTEDON="2018-05-19" QUALIFICATIONID="3" STUDENTID="3" PUBLICNOTES="public notes 2" PRIVATENOTES="private notes 2"  AWARDEDON="2018-05-18" ISSUEDON="2018-05-19"  ID="1004" UNIQUECODE="cBxWbE3dFwT4"/>

    <Certificate CERTIFICATENUMBER="6" CREATEDON="2019-09-21 01:11:36.744000000" ISQUALIFICATION="0" MODIFIEDON="2019-09-21 01:22:52.131000000" QUALIFICATIONID="3" STUDENTID="15" AWARDEDON="2019-09-21" ID="1005" UNIQUECODE="c7hc74r45X4f"/>
    <Certificate CERTIFICATENUMBER="7" CREATEDON="2019-09-21 01:12:05.379000000" ISQUALIFICATION="0" MODIFIEDON="2019-09-21 01:12:05.379000000" STUDENTID="16" AWARDEDON="2019-07-01" ID="1006" UNIQUECODE="cUZABTXrMTGw"/>



    <!-- CERTIFICATE_OUTCOME -->
    <Certificate_Outcome CERTIFICATEID="1000" CREATEDON="2019-06-18 22:18:58.452000000" MODIFIEDON="2019-06-18 22:18:58.452000000" OUTCOMEID="106" ID="1000"/>
    <Certificate_Outcome CERTIFICATEID="1001" CREATEDON="2019-06-18 22:18:58.452000000" MODIFIEDON="2019-06-18 22:18:58.452000000" OUTCOMEID="106" ID="1001"/>
    <Certificate_Outcome CERTIFICATEID="1002" CREATEDON="2019-06-18 22:18:58.452000000" MODIFIEDON="2019-06-18 22:18:58.452000000" OUTCOMEID="106" ID="1002"/>
    <Certificate_Outcome CERTIFICATEID="1003" CREATEDON="2019-07-30 22:10:32.358000000" MODIFIEDON="2019-07-30 22:10:32.358000000" OUTCOMEID="107" ID="1003"/>
    <Certificate_Outcome CERTIFICATEID="1004" CREATEDON="2019-07-30 22:10:32.358000000" MODIFIEDON="2019-07-30 22:10:32.358000000" OUTCOMEID="107" ID="1004"/>

    <Certificate_Outcome CERTIFICATEID="1005" CREATEDON="2019-09-21 01:11:36.775000000" MODIFIEDON="2019-09-21 01:11:36.775000000" OUTCOMEID="113" ID="1005"/>
    <Certificate_Outcome CERTIFICATEID="1006" CREATEDON="2019-09-21 01:12:05.382000000" MODIFIEDON="2019-09-21 01:12:05.382000000" OUTCOMEID="114" ID="1006"/>



    <!-- MODULE_COURSE -->
    <Module_Course COURSEID="4" CREATEDON="2019-06-18 22:16:33.98000000" MODIFIEDON="2019-06-18 22:16:33.98000000" MODULEID="3" ID="1000"/>
    <Module_Course COURSEID="5" CREATEDON="2018-09-20 01:29:32.501000000" MODIFIEDON="2018-09-20 01:29:32.501000000" MODULEID="3" ID="1001"/>
    <Module_Course COURSEID="6" CREATEDON="2018-09-20 01:29:32.501000000" MODIFIEDON="2018-09-20 01:29:32.501000000" MODULEID="3" ID="1002"/>


    <Session_Module SESSIONID="36" MODULEID="3" CREATEDON="2019-09-20 19:16:28.30000000" MODIFIEDON="2019-09-20 19:16:28.30000000" ID="1000"/>
    <Session_Module SESSIONID="37" MODULEID="3" CREATEDON="2019-09-20 19:16:28.28000000" MODIFIEDON="2019-09-20 19:16:28.29000000" ID="1001"/>
    <Session_Module SESSIONID="38" MODULEID="3" CREATEDON="2019-09-20 19:16:28.32000000" MODIFIEDON="2019-09-20 19:16:28.32000000" ID="1002"/>
    <Session_Module SESSIONID="39" MODULEID="3" CREATEDON="2019-09-20 19:22:23.700000000" MODIFIEDON="2019-09-20 19:22:23.700000000" ID="1003"/>
    <Session_Module SESSIONID="40" MODULEID="3" CREATEDON="2019-09-20 19:22:23.700000000" MODIFIEDON="2019-09-20 19:22:23.700000000" ID="1004"/>
    <Session_Module SESSIONID="41" MODULEID="3" CREATEDON="2019-09-20 19:22:23.700000000" MODIFIEDON="2019-09-20 19:22:23.700000000" ID="1005"/>
    <Session_Module SESSIONID="42" MODULEID="3" CREATEDON="2019-09-20 19:22:23.699000000" MODIFIEDON="2019-09-20 19:22:23.699000000" ID="1006"/>
    <Session_Module SESSIONID="51" MODULEID="3" CREATEDON="2020-04-30 02:41:10.262000000" MODIFIEDON="2020-04-30 02:41:10.262000000" ID="1007"/>
    <Session_Module SESSIONID="52" MODULEID="3" CREATEDON="2020-04-30 02:41:10.271000000" MODIFIEDON="2020-04-30 02:41:10.271000000" ID="1008"/>
    <Session_Module SESSIONID="53" MODULEID="3" CREATEDON="2020-04-30 02:41:10.258000000" MODIFIEDON="2020-04-30 02:41:10.258000000" ID="1009"/>
    <Session_Module SESSIONID="54" MODULEID="3" CREATEDON="2020-04-30 02:41:10.277000000" MODIFIEDON="2020-04-30 02:41:10.277000000" ID="1010"/>
    <Session_Module SESSIONID="55" MODULEID="3" CREATEDON="2020-04-30 02:41:10.282000000" MODIFIEDON="2020-04-30 02:41:10.282000000" ID="1011"/>


    <!-- SURVEY-->
    <Survey COMMENT="The tutor spent most of an enTire evening promoting his Italian mate's business" CREATEDON="2015-11-17 08:13:26.782000000" MODIFIEDON="2019-05-01 15:31:59.166000000" ENROLMENTID="106" COURSESCORE="5" TUTORSCORE="5" VENUESCORE="5" PUBLICCOMMENT="1" TESTIMONIAL="5 stars" FIELDCONFIGURATIONID="-2" ID="1000"/>
    <Survey COMMENT="I really enjoyed the class and I learned much more than I expected." CREATEDON="2015-11-17 08:14:07.782000000" MODIFIEDON="2015-11-17 08:14:07.166000000" ENROLMENTID="106" COURSESCORE="5" TUTORSCORE="5" VENUESCORE="5" PUBLICCOMMENT="1" TESTIMONIAL="5 stars" FIELDCONFIGURATIONID="-2" ID="1001"/>
    <Survey COMMENT="Lighting in the studio is not great. Could be improved in consultation with the tutor." CREATEDON="2015-11-23 10:13:25.782000000" MODIFIEDON="2018-04-23 15:09:30.166000000" ENROLMENTID="107" COURSESCORE="5" TUTORSCORE="5" VENUESCORE="5" PUBLICCOMMENT="0" FIELDCONFIGURATIONID="-2" ID="1002"/>
    <Survey CREATEDON="2016-01-18 09:52:36.782000000" MODIFIEDON="2018-04-23 15:09:23.166000000" ENROLMENTID="107" COURSESCORE="5" TUTORSCORE="5" VENUESCORE="5" PUBLICCOMMENT="1" TESTIMONIAL="5 stars" FIELDCONFIGURATIONID="-2" ID="1003"/>
    <Survey COMMENT="Course is nice schedule but Tutor need to be more friendly and informative." CREATEDON="2016-01-20 14:51:07.782000000" MODIFIEDON="2018-07-10 13:10:23.166000000" ENROLMENTID="107" COURSESCORE="5" TUTORSCORE="5" VENUESCORE="5" PUBLICCOMMENT="1" TESTIMONIAL="5 stars" NETPROMOTERSCORE="1" FIELDCONFIGURATIONID="-2" ID="1004"/>


    <!-- PRODUCTITEM-->
    <ProductItem CONTACTID="14" CREATEDON="2019-07-22 23:04:34.404000000" EXPIRYDATE="2029-01-01 00:00:00.0" INVOICELINEID="117" MODIFIEDON="2019-07-22 23:04:50.291000000" PRODUCTID="1003" TYPE="2" STATUS="0" CONFIRMATIONSTATUS="3" ID="1000"/>
    <ProductItem CONTACTID="14" CREATEDON="2019-07-22 23:05:21.33000000" EXPIRYDATE="2029-07-21 00:00:00.0" INVOICELINEID="118" MODIFIEDON="2019-07-22 23:05:21.943000000" PRODUCTID="1002" TYPE="3" CODE="2zMEaTEz" VALUE="50.00" REDEEMEDCOURSESCOUNT="0" STATUS="0" SOURCE="O" VALUEONPURCHASE="50.00" CONFIRMATIONSTATUS="2" ID="1001"/>
    <ProductItem CONTACTID="14" CREATEDON="2019-07-22 23:05:41.887000000" INVOICELINEID="119" MODIFIEDON="2029-07-22 23:05:49.122000000" PRODUCTID="1001" TYPE="1" STATUS="0" CONFIRMATIONSTATUS="3" ID="1002"/>

    <ProductItem CONTACTID="14" CREATEDON="2018-07-22 23:04:34.404000000" EXPIRYDATE="2019-01-01 00:00:00.0" INVOICELINEID="117" MODIFIEDON="2018-07-22 23:04:50.291000000" PRODUCTID="1003" TYPE="2" STATUS="0" CONFIRMATIONSTATUS="3" ID="1003"/>
    <ProductItem CONTACTID="14" CREATEDON="2018-07-22 23:05:21.33000000" EXPIRYDATE="2019-01-21 00:00:00.0" INVOICELINEID="118" MODIFIEDON="2018-07-22 23:05:21.943000000" PRODUCTID="1002" TYPE="3" CODE="2zMEaTEr" VALUE="50.00" REDEEMEDCOURSESCOUNT="0" STATUS="5" SOURCE="O" VALUEONPURCHASE="50.00" CONFIRMATIONSTATUS="2" ID="1004"/>

    <ProductItem CONTACTID="17" CREATEDON="2019-08-30 20:43:36.470000000" INVOICELINEID="126" MODIFIEDON="2019-08-30 20:43:56.856000000" PRODUCTID="1004" TYPE="1" STATUS="0" CONFIRMATIONSTATUS="3" ID="1005"/>
    <ProductItem CONTACTID="17" CREATEDON="2019-08-30 20:43:25.82000000" EXPIRYDATE="2020-01-01 00:00:00.0" INVOICELINEID="125" MODIFIEDON="2019-08-30 20:43:56.856000000" PRODUCTID="1006" TYPE="2" STATUS="0" CONFIRMATIONSTATUS="3" ID="1006"/>
    <ProductItem CREATEDON="2019-08-30 20:43:56.692000000" EXPIRYDATE="2120-08-29 00:00:00.0" INVOICELINEID="124" MODIFIEDON="2019-08-30 20:43:57.673000000" PRODUCTID="1005" TYPE="3" CODE="RdvHPxBW" VALUE="70.00" REDEEMEDCOURSESCOUNT="0" STATUS="0" SOURCE="O" VALUEONPURCHASE="70.00" CONFIRMATIONSTATUS="2" ID="1007"/>
    <ProductItem CONTACTID="18" CREATEDON="2019-08-30 20:44:28.804000000" INVOICELINEID="129" MODIFIEDON="2019-08-30 20:44:50.340000000" PRODUCTID="1004" TYPE="1" STATUS="0" CONFIRMATIONSTATUS="3" ID="1008"/>
    <ProductItem CONTACTID="18" CREATEDON="2019-08-30 20:44:21.593000000" EXPIRYDATE="2020-01-01 00:00:00.0" INVOICELINEID="128" MODIFIEDON="2019-08-30 20:44:50.340000000" PRODUCTID="1006" TYPE="2" STATUS="0" CONFIRMATIONSTATUS="3" ID="1009"/>
    <ProductItem CREATEDON="2019-08-30 20:44:50.226000000" EXPIRYDATE="2120-08-29 00:00:00.0" INVOICELINEID="127" MODIFIEDON="2019-08-30 20:44:51.43000000" PRODUCTID="1005" TYPE="3" CODE="n3zEmUkw" VALUE="70.00" REDEEMEDCOURSESCOUNT="0" STATUS="0" SOURCE="O" VALUEONPURCHASE="70.00" CONFIRMATIONSTATUS="2" ID="1010"/>

    <ProductItem CONTACTID="21" CREATEDON="2019-09-20 23:56:50.238000000" EXPIRYDATE="2020-01-01 00:00:00.0" INVOICELINEID="135" MODIFIEDON="2019-09-20 23:57:10.380000000" PRODUCTID="1007" TYPE="2" STATUS="0" CONFIRMATIONSTATUS="3" ID="1011"/>
    <ProductItem CONTACTID="22" CREATEDON="2019-09-20 23:58:37.47000000" EXPIRYDATE="2020-01-01 00:00:00.0" INVOICELINEID="137" MODIFIEDON="2019-09-20 23:58:46.8000000" PRODUCTID="1008" TYPE="2" STATUS="0" CONFIRMATIONSTATUS="3" ID="1012"/>
    <ProductItem CONTACTID="26" CREATEDON="2019-09-21 00:00:18.341000000" EXPIRYDATE="2020-01-01 00:00:00.0" INVOICELINEID="139" MODIFIEDON="2019-09-21 00:00:56.336000000" PRODUCTID="1008" TYPE="2" STATUS="0" CONFIRMATIONSTATUS="3" ID="1013"/>
    <ProductItem CONTACTID="26" CREATEDON="2019-09-21 00:00:46.759000000" EXPIRYDATE="2020-01-01 00:00:00.0" INVOICELINEID="140" MODIFIEDON="2019-09-21 00:00:56.336000000" PRODUCTID="1007" TYPE="2" STATUS="0" CONFIRMATIONSTATUS="3" ID="1014"/>
    <ProductItem CREATEDON="2019-08-30 20:44:50.226000000" EXPIRYDATE="2120-08-29 00:00:00.0" INVOICELINEID="148" MODIFIEDON="2019-08-30 20:44:51.43000000" PRODUCTID="1005" TYPE="3" CODE="g3zEmUdf" VALUE="170.00" REDEEMEDCOURSESCOUNT="0" STATUS="0" SOURCE="O" VALUEONPURCHASE="170.00" CONFIRMATIONSTATUS="2" ID="1015"/>
    <ProductItem CONTACTID="32" CREATEDON="2019-07-22 23:04:34.404000000" EXPIRYDATE="2129-01-01 00:00:00.0" INVOICELINEID="149" MODIFIEDON="2019-07-22 23:04:50.291000000" PRODUCTID="1003" TYPE="2" STATUS="0" CONFIRMATIONSTATUS="2" ID="1016"/>




    <!-- MESSAGE-->
    <Message CREATEDON="2019-08-07 19:30:13.855000000" EMAILBODY="some body 1" EMAILSUBJECT="Invoice 8 Payment Reminder" MODIFIEDON="2019-08-07 19:30:13.855000000" SMSTEXT="sms" POSTDESCRIPTION="post" CREATEDBYUSERID="1" EMAILFROM="sales@gmail.com" EMAILHTMLBODY="test@test1" ID="1000"/>
    <Message CREATEDON="2019-08-07 19:30:15.737000000" EMAILBODY="some body 2" EMAILSUBJECT="Invoice 10 Payment Reminder" MODIFIEDON="2019-08-07 19:30:15.737000000" SMSTEXT="sms" POSTDESCRIPTION="post" CREATEDBYUSERID="1" EMAILFROM="sales@gmail.com" EMAILHTMLBODY="test@test2" ID="1001"/>
    <Message CREATEDON="2019-08-07 19:30:16.523000000" EMAILBODY="some body 3" EMAILSUBJECT="Invoice 12 Payment Reminder" MODIFIEDON="2019-08-07 19:30:16.523000000" SMSTEXT="sms" POSTDESCRIPTION="post" CREATEDBYUSERID="1" EMAILFROM="sales@gmail.com" EMAILHTMLBODY="test@test3" ID="1002"/>
    <Message CREATEDON="2019-08-07 19:30:17.175000000" EMAILBODY="some body 4" EMAILSUBJECT="Invoice 13 Payment Reminder" MODIFIEDON="2019-08-07 19:30:17.176000000" SMSTEXT="sms" POSTDESCRIPTION="post" CREATEDBYUSERID="1" EMAILFROM="sales@gmail.com" EMAILHTMLBODY="test@test4" ID="1003"/>
    <Message CREATEDON="2019-08-07 19:30:17.844000000" EMAILBODY="some body 5" EMAILSUBJECT="Invoice 14 Payment Reminder" MODIFIEDON="2019-08-07 19:30:17.844000000" SMSTEXT="sms" POSTDESCRIPTION="post" CREATEDBYUSERID="1" EMAILFROM="sales@gmail.com" EMAILHTMLBODY="test@test5" ID="1004"/>
    <Message CREATEDON="2019-08-07 19:30:18.523000000" EMAILBODY="some body 6" EMAILSUBJECT="Invoice 15 Payment Reminder" MODIFIEDON="2019-08-07 19:30:18.523000000" SMSTEXT="sms" POSTDESCRIPTION="post" CREATEDBYUSERID="1" EMAILFROM="sales@gmail.com" EMAILHTMLBODY="test@test6" ID="1005"/>

    <Message CREATEDON="2019-09-20 21:23:52.410000000" EMAILBODY="a" EMAILSUBJECT="a" MODIFIEDON="2019-09-20 21:23:52.410000000" CREATEDBYUSERID="1" EMAILFROM="sales@gmail.com" ID="1006"/>
    <Message CREATEDON="2019-09-20 21:24:07.705000000" EMAILBODY="bbb" EMAILSUBJECT="b" MODIFIEDON="2019-09-20 21:24:07.705000000" CREATEDBYUSERID="1" EMAILFROM="sales@gmail.com" ID="1007"/>
    <Message CREATEDON="2019-09-20 21:24:54.336000000" EMAILBODY="tutorA" EMAILSUBJECT="ta" MODIFIEDON="2019-09-20 21:24:54.336000000" CREATEDBYUSERID="1" EMAILFROM="sales@gmail.com" ID="1008"/>
    <Message CREATEDON="2019-09-20 21:25:42.92000000" EMAILBODY="tutorB" EMAILSUBJECT="tB" MODIFIEDON="2019-09-20 21:25:42.92000000" CREATEDBYUSERID="1" EMAILFROM="sales@gmail.com" ID="1009"/>
    <Message CREATEDON="2019-09-20 21:26:03.96000000" EMAILBODY="tutorB 2" EMAILSUBJECT="tb2" MODIFIEDON="2019-09-20 21:26:03.96000000" CREATEDBYUSERID="1" EMAILFROM="sales@gmail.com" ID="1010"/>
    <Message CREATEDON="2019-09-20 21:26:28.105000000" EMAILBODY="company1" EMAILSUBJECT="co1" MODIFIEDON="2019-09-20 21:26:28.105000000" CREATEDBYUSERID="1" EMAILFROM="sales@gmail.com" ID="1011"/>
    <Message CREATEDON="2019-09-20 21:26:48.423000000" EMAILBODY="company2" EMAILSUBJECT="co2" MODIFIEDON="2019-09-20 21:26:48.423000000" CREATEDBYUSERID="1" EMAILFROM="sales@gmail.com" ID="1012"/>
    <Message CREATEDON="2019-09-20 21:27:41.803000000" EMAILBODY="student AAA" EMAILSUBJECT="a" MODIFIEDON="2019-09-20 21:27:41.803000000" CREATEDBYUSERID="1" EMAILFROM="sales@gmail.com" ID="1013"/>



    <!-- MESSAGE_PERSON-->
        <Message_Person ATTEMPTCOUNT="0" DESTINATIONADDRESS="stud5@gmail.com" MESSAGEID="1000" STATUS="1" TYPE="1" CREATEDON="2019-08-07 20:49:21.972000000" MODIFIEDON="2019-08-07 20:49:21.972000000" CONTACTID="11" ID="1000"/>
        <Message_Person ATTEMPTCOUNT="0" DESTINATIONADDRESS="stud6@gmail.com" MESSAGEID="1001" STATUS="1" TYPE="1" CREATEDON="2019-08-07 20:49:22.500000000" MODIFIEDON="2019-08-07 20:49:22.501000000" CONTACTID="12" ID="1001"/>
        <Message_Person ATTEMPTCOUNT="0" DESTINATIONADDRESS="stud2@gmail.com" MESSAGEID="1002" STATUS="1" TYPE="1" CREATEDON="2019-08-07 20:49:22.857000000" MODIFIEDON="2019-08-07 20:49:22.857000000" CONTACTID="3" ID="1002"/>
        <Message_Person ATTEMPTCOUNT="0" DESTINATIONADDRESS="stud7@gmail.com" MESSAGEID="1003" STATUS="1" TYPE="1" CREATEDON="2019-08-07 20:49:23.223000000" MODIFIEDON="2019-08-07 20:49:23.223000000" CONTACTID="13" ID="1003"/>
        <Message_Person ATTEMPTCOUNT="0" DESTINATIONADDRESS="stud7@gmail.com" MESSAGEID="1004" STATUS="1" TYPE="1" CREATEDON="2019-08-07 20:49:23.571000000" MODIFIEDON="2019-08-07 20:49:23.571000000" CONTACTID="13" ID="1004"/>
        <Message_Person ATTEMPTCOUNT="0" DESTINATIONADDRESS="stud7@gmail.com" MESSAGEID="1005" STATUS="1" TYPE="1" CREATEDON="2019-08-07 20:49:23.916000000" MODIFIEDON="2019-08-07 20:49:23.916000000" CONTACTID="13" ID="1005"/>
    <Message_Person ATTEMPTCOUNT="0" DESTINATIONADDRESS="444777888" MESSAGEID="1000" STATUS="1" TYPE="2" CREATEDON="2019-08-07 20:49:21.972000000" MODIFIEDON="2019-08-07 20:49:21.972000000" CONTACTID="11" ID="1006"/>
    <Message_Person ATTEMPTCOUNT="0" DESTINATIONADDRESS="444777888" MESSAGEID="1001" STATUS="1" TYPE="2" CREATEDON="2019-08-07 20:49:22.500000000" MODIFIEDON="2019-08-07 20:49:22.501000000" CONTACTID="12" ID="1007"/>
    <Message_Person ATTEMPTCOUNT="0" DESTINATIONADDRESS="444999666" MESSAGEID="1002" STATUS="1" TYPE="2" CREATEDON="2019-08-07 20:49:22.857000000" MODIFIEDON="2019-08-07 20:49:22.857000000" CONTACTID="3" ID="1008"/>
    <Message_Person ATTEMPTCOUNT="0" DESTINATIONADDRESS="444777888" MESSAGEID="1003" STATUS="1" TYPE="2" CREATEDON="2019-08-07 20:49:23.223000000" MODIFIEDON="2019-08-07 20:49:23.223000000" CONTACTID="13" ID="1009"/>
    <Message_Person ATTEMPTCOUNT="0" DESTINATIONADDRESS="444777888" MESSAGEID="1004" STATUS="1" TYPE="2" CREATEDON="2019-08-07 20:49:23.571000000" MODIFIEDON="2019-08-07 20:49:23.571000000" CONTACTID="13" ID="1010"/>
    <Message_Person ATTEMPTCOUNT="0" DESTINATIONADDRESS="444777888" MESSAGEID="1005" STATUS="1" TYPE="2" CREATEDON="2019-08-07 20:49:23.916000000" MODIFIEDON="2019-08-07 20:49:23.916000000" CONTACTID="13" ID="1011"/>
    <Message_Person ATTEMPTCOUNT="0" DESTINATIONADDRESS="address str." MESSAGEID="1000" STATUS="1" TYPE="3" CREATEDON="2019-08-07 20:49:21.972000000" MODIFIEDON="2019-08-07 20:49:21.972000000" CONTACTID="11" ID="1012"/>
    <Message_Person ATTEMPTCOUNT="0" DESTINATIONADDRESS="address str." MESSAGEID="1001" STATUS="1" TYPE="3" CREATEDON="2019-08-07 20:49:22.500000000" MODIFIEDON="2019-08-07 20:49:22.501000000" CONTACTID="12" ID="1013"/>
    <Message_Person ATTEMPTCOUNT="0" DESTINATIONADDRESS="address str." MESSAGEID="1002" STATUS="1" TYPE="3" CREATEDON="2019-08-07 20:49:22.857000000" MODIFIEDON="2019-08-07 20:49:22.857000000" CONTACTID="3" ID="1014"/>
    <Message_Person ATTEMPTCOUNT="0" DESTINATIONADDRESS="address str." MESSAGEID="1003" STATUS="1" TYPE="3" CREATEDON="2019-08-07 20:49:23.223000000" MODIFIEDON="2019-08-07 20:49:23.223000000" CONTACTID="13" ID="1015"/>
    <Message_Person ATTEMPTCOUNT="0" DESTINATIONADDRESS="address str." MESSAGEID="1004" STATUS="1" TYPE="3" CREATEDON="2019-08-07 20:49:23.571000000" MODIFIEDON="2019-08-07 20:49:23.571000000" CONTACTID="13" ID="1016"/>
    <Message_Person ATTEMPTCOUNT="0" DESTINATIONADDRESS="address str." MESSAGEID="1005" STATUS="1" TYPE="3" CREATEDON="2019-08-07 20:49:23.916000000" MODIFIEDON="2019-08-07 20:49:23.916000000" CONTACTID="13" ID="1017"/>

    <Message_Person ATTEMPTCOUNT="0" DESTINATIONADDRESS="merge1@gmail.com" MESSAGEID="1006" RESPONSE="Unknown SMTP host: mx.colo" STATUS="1" TYPE="1" CREATEDON="2019-09-20 21:23:52.427000000" MODIFIEDON="2019-09-20 21:24:46.259000000" CONTACTID="21" ID="1018"/>
    <Message_Person ATTEMPTCOUNT="0" DESTINATIONADDRESS="merge2@gmail.com" MESSAGEID="1007" RESPONSE="Unknown SMTP host: mx.colo" STATUS="1" TYPE="1" CREATEDON="2019-09-20 21:24:07.706000000" MODIFIEDON="2019-09-20 21:24:46.276000000" CONTACTID="22" ID="1019"/>
    <Message_Person ATTEMPTCOUNT="0" DESTINATIONADDRESS="merge4@gmail.com" MESSAGEID="1008" RESPONSE="Unknown SMTP host: mx.colo" STATUS="1" TYPE="1" CREATEDON="2019-09-20 21:24:54.338000000" MODIFIEDON="2019-09-20 21:25:45.63000000" CONTACTID="24" ID="1020"/>
    <Message_Person ATTEMPTCOUNT="0" DESTINATIONADDRESS="merge5@gmail.com" MESSAGEID="1009" RESPONSE="Unknown SMTP host: mx.colo" STATUS="1" TYPE="1" CREATEDON="2019-09-20 21:25:42.93000000" MODIFIEDON="2019-09-20 21:25:45.75000000" CONTACTID="25" ID="1021"/>
    <Message_Person ATTEMPTCOUNT="0" DESTINATIONADDRESS="merge5@gmail.com" MESSAGEID="1010" RESPONSE="Unknown SMTP host: mx.colo" STATUS="1" TYPE="1" CREATEDON="2019-09-20 21:26:03.98000000" MODIFIEDON="2019-09-20 21:26:45.102000000" CONTACTID="25" ID="1022"/>
    <Message_Person ATTEMPTCOUNT="0" DESTINATIONADDRESS="merge7@gmail.com" MESSAGEID="1011" RESPONSE="Unknown SMTP host: mx.colo" STATUS="1" TYPE="1" CREATEDON="2019-09-20 21:26:28.106000000" MODIFIEDON="2019-09-20 21:26:45.111000000" CONTACTID="27" ID="1023"/>
    <Message_Person ATTEMPTCOUNT="0" DESTINATIONADDRESS="merge8@gmail.com" MESSAGEID="1012" RESPONSE="Unknown SMTP host: mx.colo" STATUS="1" TYPE="1" CREATEDON="2019-09-20 21:26:48.424000000" MODIFIEDON="2019-09-20 21:27:45.108000000" CONTACTID="28" ID="1024"/>
    <Message_Person ATTEMPTCOUNT="0" DESTINATIONADDRESS="merge1@gmail.com" MESSAGEID="1013" RESPONSE="Unknown SMTP host: mx.colo" STATUS="1" TYPE="1" CREATEDON="2019-09-20 21:27:41.805000000" MODIFIEDON="2019-09-20 21:27:45.120000000" CONTACTID="21" ID="1025"/>




    <!-- ASSESSMENT-->
        <Assessment ID="1000" CREATEDON="2019-09-11 22:45:19.44000000" MODIFIEDON="2019-09-11 22:48:40.460000000" ACTIVE="1" CODE="code1" DESCRIPTION="some description" NAME="assessment 1" gradingTypeId="1"/>
        <Assessment ID="1001" CREATEDON="2019-09-11 22:48:27.866000000" MODIFIEDON="2019-09-11 22:49:08.653000000" ACTIVE="1" CODE="code2" DESCRIPTION="some description" NAME="assessment 2" gradingTypeId="1"/>


    <!-- ASSESSMENTCLASS-->
    <AssessmentClass ID="1000" CREATEDON="2019-11-26 23:31:59.257000000" MODIFIEDON="2019-11-26 23:31:59.257000000" ASSESSMENTID="1000" COURSECLASSID="1" DUEDATE="2019-11-10 23:31:01.0" RELEASEDATE="2019-10-01 23:30:56.0"/>


    <!-- ASSESSMENTCLASSTUTOR-->
    <AssessmentClassTutor ID="1000" CREATEDON="2019-11-26 23:31:59.264000000" MODIFIEDON="2019-11-26 23:31:59.264000000" ASSESSMENTCLASSID="1000" TUTORID="1"/>



    <!-- CUSTOMFIELDTYPE-->
        <CustomFieldType ISMANDATORY="1" CREATEDON="2019-09-20 20:50:36.84000000" DEFAULTVALUE="VALUE" MODIFIEDON="2019-09-20 20:50:36.84000000" NAME="contact field1" ID="1000" FIELDKEY="cf1" ENTITYIDENTIFIER="Contact" SORTORDER="1"/>
        <CustomFieldType ISMANDATORY="0" CREATEDON="2019-09-20 20:50:36.83000000" MODIFIEDON="2019-09-20 20:50:36.83000000" NAME="contact field2" ID="1001" FIELDKEY="cf2" ENTITYIDENTIFIER="Contact" SORTORDER="0"/>
        <CustomFieldType ISMANDATORY="0" CREATEDON="2019-09-20 20:50:36.83000000" MODIFIEDON="2019-09-20 20:50:36.83000000" NAME="VoucherCustomField1" ID="1002" FIELDKEY="vcf1" ENTITYIDENTIFIER="Voucher" SORTORDER="0"/>
        <CustomFieldType ISMANDATORY="0" CREATEDON="2019-09-20 20:50:36.83000000" MODIFIEDON="2019-09-20 20:50:36.83000000" NAME="MembershipCustomField1" ID="1003" FIELDKEY="mcf1" ENTITYIDENTIFIER="Membership" SORTORDER="0"/>


    <!-- CUSTOMFIELD-->
    <CustomField FOREIGNID="21" CREATEDON="2019-09-20 21:06:42.253000000" CUSTOMFIELDTYPEID="1000" MODIFIEDON="2019-09-20 21:06:42.253000000" VALUE="aa" ID="1001" ENTITYIDENTIFIER="Contact"/>
    <CustomField FOREIGNID="21" CREATEDON="2019-09-20 21:06:42.254000000" CUSTOMFIELDTYPEID="1001" MODIFIEDON="2019-09-20 21:06:42.254000000" VALUE="aa" ID="1002" ENTITYIDENTIFIER="Contact"/>
    <CustomField FOREIGNID="22" CREATEDON="2019-09-20 21:14:14.131000000" CUSTOMFIELDTYPEID="1001" MODIFIEDON="2019-09-20 21:14:14.131000000" VALUE="b" ID="1003" ENTITYIDENTIFIER="Contact"/>
    <CustomField FOREIGNID="22" CREATEDON="2019-09-20 21:14:14.132000000" CUSTOMFIELDTYPEID="1000" MODIFIEDON="2019-09-20 21:14:14.132000000" VALUE="bb" ID="1004" ENTITYIDENTIFIER="Contact"/>
    <CustomField FOREIGNID="24" CREATEDON="2019-09-20 21:18:38.707000000" CUSTOMFIELDTYPEID="1001" MODIFIEDON="2019-09-20 21:18:38.707000000" VALUE="tA" ID="1005" ENTITYIDENTIFIER="Contact"/>
    <CustomField FOREIGNID="24" CREATEDON="2019-09-20 21:18:38.706000000" CUSTOMFIELDTYPEID="1000" MODIFIEDON="2019-09-20 21:18:38.706000000" VALUE="tA" ID="1006" ENTITYIDENTIFIER="Contact"/>
    <CustomField FOREIGNID="25" CREATEDON="2019-09-20 21:19:41.550000000" CUSTOMFIELDTYPEID="1001" MODIFIEDON="2019-09-20 21:19:41.550000000" VALUE="tB" ID="1007" ENTITYIDENTIFIER="Contact"/>
    <CustomField FOREIGNID="25" CREATEDON="2019-09-20 21:19:41.551000000" CUSTOMFIELDTYPEID="1000" MODIFIEDON="2019-09-20 21:19:41.551000000" VALUE="tB" ID="1008" ENTITYIDENTIFIER="Contact"/>
    <CustomField FOREIGNID="27" CREATEDON="2019-09-20 21:21:34.109000000" CUSTOMFIELDTYPEID="1000" MODIFIEDON="2019-09-20 21:21:34.109000000" VALUE="Co1" ID="1009" ENTITYIDENTIFIER="Contact"/>
    <CustomField FOREIGNID="27" CREATEDON="2019-09-20 21:21:34.109000000" CUSTOMFIELDTYPEID="1001" MODIFIEDON="2019-09-20 21:21:34.109000000" VALUE="Co1" ID="1010" ENTITYIDENTIFIER="Contact"/>
    <CustomField FOREIGNID="28" CREATEDON="2019-09-20 21:23:28.664000000" CUSTOMFIELDTYPEID="1000" MODIFIEDON="2019-09-20 21:23:28.664000000" VALUE="Co2" ID="1011" ENTITYIDENTIFIER="Contact"/>
    <CustomField FOREIGNID="30" CREATEDON="2020-05-07 18:51:44.520000000" CUSTOMFIELDTYPEID="1000" MODIFIEDON="2020-05-07 18:51:44.520000000" VALUE="tst" ID="1012" ENTITYIDENTIFIER="Contact"/>
    <CustomField FOREIGNID="1015" CREATEDON="2020-05-07 18:51:44.520000000" CUSTOMFIELDTYPEID="1002" MODIFIEDON="2020-05-07 18:51:44.520000000" VALUE="ABCDEF" ID="1013" ENTITYIDENTIFIER="Voucher"/>
    <CustomField FOREIGNID="1016" CREATEDON="2020-05-07 18:51:44.520000000" CUSTOMFIELDTYPEID="1003" MODIFIEDON="2020-05-07 18:51:44.520000000" VALUE="12345" ID="1014" ENTITYIDENTIFIER="Membership"/>


    <!-- UNAVAILABLERULE-->
    <UnavailableRule CREATEDON="2019-09-20 21:14:14.120000000" MODIFIEDON="2019-09-20 21:14:14.120000000" STARTDATETIME="2019-09-20 21:09:03.999000000" ENDDATETIME="2019-10-01 23:59:59.0" RECURRENCEFREQUENCY="1" RECURRENCEINTERVAL="1" EXPLANATION="bbbbb-bb" ALLDAY="1" ID="1001"/>
    <UnavailableRule CREATEDON="2019-09-20 21:18:38.718000000" MODIFIEDON="2019-09-20 21:18:38.718000000" STARTDATETIME="2019-09-20 21:16:59.659000000" ENDDATETIME="2019-09-20 22:16:59.659000000" RECURRENCEFREQUENCY="3" RECURRENCEINTERVAL="1" EXPLANATION="tA" ALLDAY="0" ID="1002"/>
    <UnavailableRule CREATEDON="2019-09-20 21:23:28.663000000" MODIFIEDON="2019-09-20 21:23:28.663000000" STARTDATETIME="2019-09-20 21:22:48.163000000" ENDDATETIME="2019-09-20 00:00:00.0" UNTILDATETIME="2019-08-01 21:23:04.0" RECURRENCEFREQUENCY="2" RECURRENCEINTERVAL="1" EXPLANATION="Co2" ALLDAY="1" ID="1003"/>


    <!-- UNAVAILABLERULERELATION-->
    <UnavailableRuleRelation CREATEDON="2019-09-20 21:14:14.131000000" ENTITYIDENTIFIER="Contact" ENTITYRECORDID="22" MODIFIEDON="2019-09-20 21:14:14.131000000" UNAVAILABLERULEID="1001" ID="1001"/>
    <UnavailableRuleRelation CREATEDON="2019-09-20 21:18:38.718000000" ENTITYIDENTIFIER="Contact" ENTITYRECORDID="24" MODIFIEDON="2019-09-20 21:18:38.718000000" UNAVAILABLERULEID="1002" ID="1002"/>
    <UnavailableRuleRelation CREATEDON="2019-09-20 21:23:28.664000000" ENTITYIDENTIFIER="Contact" ENTITYRECORDID="28" MODIFIEDON="2019-09-20 21:23:28.664000000" UNAVAILABLERULEID="1003" ID="1003"/>


    <!-- EXPORTTEMPLATE-->
    <ExportTemplate CREATEDON="2019-10-05 00:28:56.654000000" ENTITY="Account" KEYCODE="tmpl1" MODIFIEDON="2019-10-05 00:33:26.381000000" NAME="Testing bindings 1" SCRIPT="records.each { Account account -&gt;
    csv &lt;&lt; [
            &quot;Account code&quot;       : account.accountCode,
            &quot;createdOn&quot;          : account.createdOn?.format(&quot;d-M-y HH:mm:ss&quot;),
            &quot;Account description&quot;: account.description,
            &quot;id&quot;                 : account.id,
            &quot;isEnabled&quot;          : account.isEnabled,
            &quot;modifiedOn&quot;         : account.modifiedOn?.format(&quot;d-M-y HH:mm:ss&quot;),
            &quot;Account type&quot;       : account.type.displayName,
            &quot;Tax&quot;                : account.tax?.taxCode,
    ]
}" ID="1000" OUTPUTTYPE="0" ENABLED="1"/>


    <ExportTemplate CREATEDON="2019-10-05 00:28:56.654000000" ENTITY="Account" KEYCODE="tmpl2" MODIFIEDON="2019-10-05 00:33:26.381000000" NAME="Testing bindings 2" SCRIPT="records.each { Account account -&gt;
    csv &lt;&lt; [
            &quot;Account code&quot;       : account.accountCode,
            &quot;createdOn&quot;          : account.createdOn?.format(&quot;d-M-y HH:mm:ss&quot;),
            &quot;Account description&quot;: account.description,
            &quot;id&quot;                 : account.id,
            &quot;isEnabled&quot;          : account.isEnabled,
            &quot;modifiedOn&quot;         : account.modifiedOn?.format(&quot;d-M-y HH:mm:ss&quot;),
            &quot;Account type&quot;       : account.type.displayName,
            &quot;Tax&quot;                : account.tax?.taxCode,
    ]
}" ID="1001" OUTPUTTYPE="0" ENABLED="1"/>


    <!-- AUTOMATIONBINDING-->
    <AutomationBinding ID="1001" CREATEDON="2019-10-05 00:33:26.380000000" MODIFIEDON="2019-10-05 00:33:26.380000000" ENTITYIDENTIFIER="ExportTemplate" ENTITYRECORDID="1000" NAME="varName2" LABLE="varLabel2" DATATYPE="1"/>
    <AutomationBinding ID="1002" CREATEDON="2019-10-05 00:33:26.375000000" MODIFIEDON="2019-10-05 00:33:26.375000000" ENTITYIDENTIFIER="ExportTemplate" ENTITYRECORDID="1000" NAME="textName" DATATYPE="0" VALUE="some textName"/>
    <AutomationBinding ID="1003" CREATEDON="2019-10-05 00:33:26.379000000" MODIFIEDON="2019-10-05 00:33:26.379000000" ENTITYIDENTIFIER="ExportTemplate" ENTITYRECORDID="1000" NAME="varName" LABLE="varLabel" DATATYPE="0"/>
    <AutomationBinding ID="1004" CREATEDON="2019-10-05 00:33:26.379000000" MODIFIEDON="2019-10-05 00:33:26.379000000" ENTITYIDENTIFIER="ExportTemplate" ENTITYRECORDID="1000" NAME="checkbox name" DATATYPE="3" VALUE="true"/>
    <AutomationBinding ID="1005" CREATEDON="2019-10-05 00:33:26.379000000" MODIFIEDON="2019-10-05 00:33:26.379000000" ENTITYIDENTIFIER="ExportTemplate" ENTITYRECORDID="1000" NAME="some DateTime name" DATATYPE="2" VALUE="2019-10-04T14:32:42.408Z"/>
    <AutomationBinding ID="1006" CREATEDON="2019-10-05 00:33:26.380000000" MODIFIEDON="2019-10-05 00:33:26.380000000" ENTITYIDENTIFIER="ExportTemplate" ENTITYRECORDID="1000" NAME="varName4" LABLE="varLabel4" DATATYPE="3"/>
    <AutomationBinding ID="1007" CREATEDON="2019-10-05 00:33:26.378000000" MODIFIEDON="2019-10-05 00:33:26.378000000" ENTITYIDENTIFIER="ExportTemplate" ENTITYRECORDID="1000" NAME="varDate" DATATYPE="1" VALUE="2019-10-01"/>
    <AutomationBinding ID="1008" CREATEDON="2019-10-05 00:33:26.380000000" MODIFIEDON="2019-10-05 00:33:26.380000000" ENTITYIDENTIFIER="ExportTemplate" ENTITYRECORDID="1000" NAME="varName3" LABLE="varLabel3" DATATYPE="2"/>

    <AutomationBinding ID="1009" CREATEDON="2019-10-05 00:33:26.380000000" MODIFIEDON="2019-10-05 00:33:26.380000000" ENTITYIDENTIFIER="ExportTemplate" ENTITYRECORDID="1001" NAME="varName2" LABLE="varLabel2" DATATYPE="1"/>
    <AutomationBinding ID="1010" CREATEDON="2019-10-05 00:33:26.375000000" MODIFIEDON="2019-10-05 00:33:26.375000000" ENTITYIDENTIFIER="ExportTemplate" ENTITYRECORDID="1001" NAME="textName" DATATYPE="0" VALUE="some textName"/>
    <AutomationBinding ID="1011" CREATEDON="2019-10-05 00:33:26.379000000" MODIFIEDON="2019-10-05 00:33:26.379000000" ENTITYIDENTIFIER="ExportTemplate" ENTITYRECORDID="1001" NAME="varName" LABLE="varLabel" DATATYPE="0"/>
    <AutomationBinding ID="1012" CREATEDON="2019-10-05 00:33:26.379000000" MODIFIEDON="2019-10-05 00:33:26.379000000" ENTITYIDENTIFIER="ExportTemplate" ENTITYRECORDID="1001" NAME="checkbox name" DATATYPE="3" VALUE="false"/>
    <AutomationBinding ID="1013" CREATEDON="2019-10-05 00:33:26.379000000" MODIFIEDON="2019-10-05 00:33:26.379000000" ENTITYIDENTIFIER="ExportTemplate" ENTITYRECORDID="1001" NAME="some DateTime name" DATATYPE="2" VALUE="2019-10-04T14:32:42.408Z"/>
    <AutomationBinding ID="1014" CREATEDON="2019-10-05 00:33:26.380000000" MODIFIEDON="2019-10-05 00:33:26.380000000" ENTITYIDENTIFIER="ExportTemplate" ENTITYRECORDID="1001" NAME="varName4" LABLE="varLabel4" DATATYPE="3"/>
    <AutomationBinding ID="1015" CREATEDON="2019-10-05 00:33:26.378000000" MODIFIEDON="2019-10-05 00:33:26.378000000" ENTITYIDENTIFIER="ExportTemplate" ENTITYRECORDID="1001" NAME="varDate" DATATYPE="1" VALUE="2019-10-01"/>
    <AutomationBinding ID="1016" CREATEDON="2019-10-05 00:33:26.380000000" MODIFIEDON="2019-10-05 00:33:26.380000000" ENTITYIDENTIFIER="ExportTemplate" ENTITYRECORDID="1001" NAME="varName3" LABLE="varLabel3" DATATYPE="2"/>

    <AutomationBinding ID="1017" CREATEDON="2019-10-28 19:08:27.789000000" MODIFIEDON="2019-10-28 19:08:27.789000000" ENTITYIDENTIFIER="Report" ENTITYRECORDID="97" NAME="testOptionName" LABLE="testOptionLabel" DATATYPE="0" VALUE="testOptionValue"/>

</dataset>
